    0     1.47314e+06     1.47314e+06               0  1
    1      1.1922e+06     1.19173e+06          47.298  7
    2          452429          394042          5838.7  9
    3          361419          358081         333.788  13
    4          343112          340407         270.523  15
    5          245899          233899         1200.01  17
    6          220854          203259         1759.47  21
    7          171062          155173          1588.9  23
    8         99475.1         77831.9         2164.32  27
    9         84455.3         72480.5         1197.48  31
   10           74926         65588.8         933.719  33
   11         69146.4         59427.7         971.872  35
   12         57489.5         46254.9         1123.46  37
   13           51672         38025.7         1364.63  39
   14         46214.9         35896.3         1031.86  41
   15         42543.2         32742.3         980.093  43
   16         40287.9         30289.2         999.873  45
   17         36621.4         24755.3         1186.61  47
   18           33458         23085.6         1037.24  49
   19         31830.7         22488.6         934.205  51
   20         30353.8           21332         902.184  53
   21         28587.8         19980.5         860.727  55
   22         27949.5         18524.9         942.463  57
   23         26553.8           18170         838.376  59
   24         25733.4         17585.7         814.774  61
   25         25068.5         17078.3         799.019  63
   26         23748.2         16225.4         752.281  65
   27         23440.1         16021.6         741.845  67
   28         21929.3         15497.2         643.212  69
   29         21557.8         15271.3         628.659  71
   30         20935.4         15014.6         592.085  73
   31         20233.9         14370.1         586.377  75
   32         19146.7         14136.1         501.057  77
   33         18184.5         13533.6         465.097  79
   34         17510.3         13018.6         449.164  81
   35         16316.9           12077         423.982  83
   36         15692.3         11705.5         398.685  87
   37         15048.2         11407.5         364.069  89
   38         14366.2         11008.8         335.738  91
   39         13689.2         10691.1         299.809  93
   40         13059.7         10238.3         282.141  95
   41         12620.2         9934.62         268.557  97
   42         12114.4         9597.89         251.648  99
   43         11731.4         9285.99         244.542  101
   44         11516.5         9138.47         237.807  103
   45         10968.6         8693.44         227.521  105
   46         10794.9         8366.18         242.877  107
   47         10434.6         8201.82         223.277  109
   48           10211         8018.35         219.266  111
   49         10025.2         7830.81         219.435  113
   50         9702.43         7505.31         219.712  115
   51         9503.41          7211.9         229.152  117
   52          9271.7         7136.78         213.491  119
   53         9093.43         7053.17         204.027  121
   54          8878.5          6921.9          195.66  123
   55         8715.57         6724.97         199.059  125
   56         8418.89         6553.58         186.531  127
   57         8262.48         6412.98         184.951  129
   58         8119.47         6268.97         185.051  131
   59         7913.23         6057.51         185.572  133
   60         7732.78         5831.01         190.177  135
   61         7575.09         5722.48          185.26  137
   62         7389.87         5576.85         181.302  139
   63         7283.54         5414.73         186.881  141
   64         7166.55         5321.39         184.516  143
   65         7080.27         5247.27           183.3  145
   66         7004.65         5176.43         182.822  147
   67         6891.77         5040.27          185.15  149
   68         6787.52         4968.07         181.946  151
   69         6698.18         4900.87         179.731  153
   70         6581.97         4802.56         177.941  155
   71         6569.19         4713.23         185.595  157
   72         6471.77         4694.45         177.732  159
   73         6442.28         4673.86         176.842  161
   74         6391.74         4628.68         176.306  163
   75         6338.49         4575.32         176.318  165
   76          6275.5         4529.58         174.593  167
   77         6220.27         4490.59         172.968  169
   78         6149.69         4432.63         171.707  171
   79         6106.04          4393.9         171.214  173
   80         6048.17         4366.77          168.14  175
   81         6006.59         4349.77         165.682  177
   82         5966.94            4334         163.294  179
   83         5932.11         4319.97         161.214  181
   84         5860.39         4284.44         157.595  183
   85          5832.6         4263.05         156.955  185
   86         5800.69         4240.92         155.977  187
   87         5769.42          4211.4         155.802  189
   88         5730.12         4186.68         154.344  191
   89         5701.51         4164.44         153.707  193
   90         5672.26         4142.71         152.955  195
   91         5645.01          4111.9         153.312  197
   92         5608.94         4094.44          151.45  199
   93         5588.92         4083.09         150.583  201
   94         5564.54         4071.25         149.329  203
   95         5534.68         4051.78          148.29  205
   96         5500.24         4030.38         146.986  207
   97         5476.68          4011.8         146.488  209
   98         5454.08         3991.52         146.257  211
   99         5435.45         3975.28         146.017  213
  100         5417.35         3962.47         145.488  215
  101         5395.47         3946.19         144.928  217
  102         5380.58          3931.8         144.878  219
  103         5361.65         3918.77         144.288  221
  104         5340.94         3897.22         144.373  223
  105         5322.44         3885.87         143.657  225
  106         5312.12         3880.59         143.153  227
  107         5290.68         3867.72         142.296  229
  108         5283.33         3850.59         143.274  231
  109         5263.81         3842.38         142.142  233
  110          5253.5         3831.62         142.188  235
  111         5242.87         3817.39         142.549  237
  112         5230.05         3796.61         143.344  239
  113         5215.41         3779.25         143.616  241
  114         5205.12         3773.85         143.127  243
  115         5186.62         3765.67         142.095  245
  116         5175.83         3752.88         142.295  247
  117         5156.69         3743.88          141.28  249
  118         5141.91         3732.54         140.937  251
  119         5132.86          3723.7         140.916  253
  120         5118.97          3708.1         141.087  255
  121         5109.86         3701.62         140.824  257
  122         5101.69         3698.26         140.343  259
  123         5094.13         3696.01         139.812  261
  124          5085.9         3693.52         139.238  263
  125         5076.34         3689.16         138.717  265
  126         5065.47         3683.44         138.204  267
  127         5057.83         3677.62         138.021  269
  128          5051.9         3673.07         137.883  271
  129         5047.32         3669.74         137.759  275
  130         5040.05         3663.93         137.613  277
  131         5033.49         3657.94         137.555  279
  132         5025.28         3650.16         137.512  281
  133         5023.74         3641.75         138.198  283
  134         5015.16         3639.35         137.582  285
  135         5011.74         3637.42         137.432  287
  136         5006.61         3633.32         137.329  289
  137         4998.49         3626.43         137.207  291
  138         4993.78         3619.21         137.456  295
  139         4988.83         3614.56         137.426  297
  140         4986.12         3612.68         137.344  299
  141         4982.37         3610.41         137.196  301
  142          4979.5          3611.6          136.79  303
  143         4974.23         3609.31         136.492  305
  144         4970.08         3608.45         136.163  307
  145         4966.98         3608.77         135.822  309
  146         4960.87         3609.17         135.169  311
  147         4956.52         3611.54         134.498  313
  148          4952.9         3608.69         134.421  315
  149         4949.78         3606.71         134.307  317
  150         4946.25         3604.53         134.172  319
  151          4943.1         3605.04         133.806  321
  152         4937.23         3600.44         133.679  323
  153         4934.89         3598.47         133.642  325
  154         4932.73         3597.09         133.564  327
  155         4929.14         3595.29         133.385  329
  156         4927.25         3595.02         133.224  331
  157         4922.76         3592.77         132.999  333
  158         4920.68         3591.81         132.887  335
  159            4918          3590.3          132.77  337
  160         4914.94         3589.32         132.562  339
  161         4911.26         3586.13         132.513  341
  162         4909.34         3584.39         132.495  343
  163         4907.08         3582.82         132.426  345
  164         4905.13         3582.09         132.303  347
  165         4902.34         3580.97         132.137  349
  166         4900.21         3580.59         131.962  351
  167         4898.48         3580.36         131.812  353
  168         4895.91         3581.65         131.427  355
  169         4893.08         3580.37         131.271  357
  170         4891.44         3579.44           131.2  359
  171         4888.96         3578.75          131.02  361
  172         4887.71         3577.43         131.028  363
  173         4885.31         3576.92         130.839  365
  174         4883.44         3576.16         130.728  367
  175         4882.16         3575.17         130.699  369
  176         4879.83         3573.83           130.6  371
  177         4877.62         3570.13         130.749  373
  178         4876.15         3569.11         130.703  375
  179         4873.87          3567.3         130.657  377
  180         4872.44         3566.14          130.63  379
  181         4870.61         3564.33         130.628  381
  182         4868.69         3562.13         130.656  383
  183         4867.41          3561.3         130.611  385
  184         4865.69         3559.88         130.581  387
  185         4863.82         3558.81         130.501  389
  186         4862.33         3558.12         130.421  391
  187          4860.6         3556.99         130.361  393
  188         4858.18         3555.75         130.243  395
  189         4856.84         3554.84           130.2  397
  190          4855.7         3553.79         130.191  399
  191         4854.19         3552.47         130.172  401
  192         4852.06         3550.26          130.18  403
  193         4850.24          3547.9         130.234  405
  194         4848.54         3545.69         130.285  407
  195         4847.44         3541.29         130.615  409
  196         4845.22         3540.85         130.436  411
  197         4844.12         3540.42         130.369  413
  198          4842.7         3539.07         130.363  415
  199         4840.41         3535.79         130.462  417
  200         4839.04         3531.45         130.759  419
  201         4837.14         3529.98         130.715  421
  202         4836.31         3528.95         130.735  423
  203         4835.11         3527.37         130.774  425
  204         4833.14          3522.5         131.065  427
  205         4830.94         3520.17         131.077  429
  206         4829.39         3518.55         131.084  431
  207         4827.51         3516.12         131.139  433
  208         4826.42         3513.89         131.253  435
  209         4824.77         3513.09         131.168  437
  210         4822.67         3510.99         131.169  439
  211         4821.12         3509.45         131.167  441
  212         4820.29         3501.44         131.885  443
  213         4816.36         3501.04         131.532  445
  214         4814.79         3499.56         131.523  447
  215          4813.2         3496.15         131.705  449
  216         4810.62         3491.03         131.959  451
  217          4808.7         3483.37         132.533  455
  218          4805.9          3476.9           132.9  457
  219         4803.99         3472.84         133.115  459
  220          4800.7         3464.28         133.643  461
  221         4798.36         3453.62         134.475  463
  222         4794.74         3449.48         134.526  465
  223         4790.78         3441.74         134.905  467
  224          4788.4         3436.04         135.236  469
  225         4785.74         3427.45         135.828  473
  226         4781.93         3418.28         136.365  475
  227         4779.13         3412.14         136.699  477
  228         4776.37         3406.57          136.98  479
  229         4773.85         3400.39         137.347  481
  230         4770.97         3398.89         137.207  483
  231          4765.8         3393.02         137.278  485
  232          4763.1         3390.36         137.273  487
  233         4760.69         3386.86         137.383  489
  234         4757.41         3381.56         137.585  491
  235         4755.64          3378.2         137.744  493
  236         4753.33            3375         137.832  495
  237         4749.62         3366.19         138.342  497
  238         4747.13         3360.91         138.622  499
  239         4745.62         3361.22          138.44  501
  240         4743.85         3360.36         138.349  503
  241         4742.14         3358.17         138.397  505
  242         4739.83         3354.27         138.556  507
  243         4736.77         3348.65         138.812  509
  244          4734.7         3340.99         139.371  511
  245         4732.15          3340.8         139.136  513
  246         4730.44          3341.2         138.925  515
  247         4728.66         3341.04         138.762  517
  248         4727.19         3342.04         138.515  519
  249         4723.79         3339.48         138.431  521
  250         4721.72         3337.04         138.468  523
  251          4719.7          3334.5          138.52  525
  252         4716.35         3330.54         138.582  527
  253          4714.6            3327         138.761  531
  254         4711.89          3324.4         138.749  533
  255         4710.22         3322.87         138.735  535
  256         4707.28         3320.89         138.639  537
  257         4704.32          3318.6         138.572  539
  258         4701.47         3317.14         138.433  541
  259         4698.69         3317.24         138.146  543
  260          4696.6          3316.7          137.99  545
  261         4693.55         3315.92         137.763  547
  262         4690.34         3314.17         137.617  549
  263         4687.44         3311.94          137.55  551
  264         4685.93         3310.33          137.56  553
  265         4683.79         3308.83         137.495  555
  266         4682.99         3305.35         137.764  557
  267         4679.58         3305.28          137.43  559
  268         4677.61         3304.73         137.288  561
  269         4675.61          3303.6         137.201  563
  270         4673.05         3301.92         137.112  565
  271         4670.95          3299.6         137.136  567
  272         4668.99         3298.95         137.005  569
  273         4667.46         3298.39         136.907  571
  274         4665.86         3298.21         136.765  573
  275         4663.58         3296.57         136.701  575
  276         4660.63         3296.28         136.434  577
  277         4658.81         3295.28         136.353  579
  278         4657.37         3294.15         136.322  581
  279         4655.77         3291.82         136.396  583
  280         4653.49         3290.57         136.292  585
  281         4651.74         3289.44          136.23  587
  282         4650.12         3288.73         136.139  589
  283         4644.17         3283.66         136.052  591
