    0      1.4731e+06      1.4731e+06               0  1
    1     1.19646e+06     1.19173e+06          47.298  7
    2          868883          727930         1409.53  11
    3          481564          479408         21.5613  13
    4          446883          444199         26.8373  15
    5          441699          436022         56.7748  19
    6          432160          428507         36.5325  21
    7          413061          410375         26.8614  23
    8          333976          302880         310.963  25
    9          301871          249376         524.946  27
   10          235011          211188         238.233  29
   11          201214          176676          245.38  31
   12          181621          157973         236.481  35
   13          168567          144515         240.518  37
   14          163339          139821         235.174  39
   15          157948          135997         219.511  41
   16          143575          123938         196.371  43
   17          132604          109070         235.341  45
   18          121647          102954         186.926  47
   19          115435           96426         190.088  49
   20          113467         93348.4         201.189  51
   21          110689         90487.9         202.008  53
   22          104533         83417.7         211.151  55
   23         97591.1         77383.2         202.078  57
   24         92307.9         73600.1         187.078  59
   25         89057.7         69990.9         190.668  61
   26           86682         67824.3         188.577  63
   27         83134.1         65229.1          179.05  65
   28         78156.5         59031.8         191.247  69
   29         74768.7           56414         183.547  71
   30         74097.5         56568.5          175.29  73
   31           73248         56359.9         168.881  75
   32         71245.1           54973          162.72  77
   33         69790.4         53261.8         165.285  79
   34         67429.6         52038.8         153.909  81
   35         65388.8           49783         156.057  83
   36         62230.3         46211.9         160.185  85
   37         61082.7           45076         160.067  89
   38         59223.6         44233.6           149.9  91
   39         56957.2         42964.3          139.93  93
   40           54992         41582.7         134.093  95
   41         53489.2         39118.9         143.704  97
   42         51160.9         37997.2         131.637  99
   43         49049.5           36742         123.075  101
   44         46125.8         34966.6         111.592  103
   45         44129.1         33832.9         102.962  105
   46         42322.8         32901.8         94.2094  107
   47         41242.2         32081.8         91.6041  109
   48         39587.2         30446.1         91.4107  111
   49         38718.9         29478.8         92.4016  115
   50         37802.9         28950.9         88.5207  117
   51         36650.1         28372.8         82.7733  119
   52         35403.3           27714         76.8936  121
   53         34577.7         27178.8         73.9888  123
   54         33453.8         27083.9         63.6992  125
   55         32982.7         27032.2         59.5049  127
   56         32668.3         26927.7         57.4059  129
   57         32169.1         26485.6         56.8341  131
   58         31499.6         26048.9         54.5069  133
   59           29580         24286.7         52.9333  135
   60         28642.4         23048.5         55.9393  137
   61         27931.1         22682.1         52.4898  139
   62         27662.6         22559.6         51.0303  141
   63         27168.1         22201.8         49.6635  143
   64         26432.2         21497.1         49.3513  145
   65         26203.9         19950.1         62.5381  147
   66         24725.4         19929.7         47.9574  149
   67         24201.9         19795.3         44.0654  151
   68         23759.4         19549.5         42.0995  153
   69         23587.1         18747.4         48.3967  155
   70         22503.8         18641.7         38.6214  157
   71         21496.7         18041.8         34.5487  159
   72         20642.6         17238.2         34.0442  161
   73         20050.1         16667.4         33.8269  163
   74           19677         16237.7         34.3931  167
   75         19217.4         15910.8         33.0657  169
   76         18763.6           15594         31.6963  171
   77         18621.6         15330.8         32.9076  173
   78         18350.1         15303.7         30.4643  175
   79         18270.4         15270.8         29.9955  177
   80         17973.7           15081         28.9264  179
   81         17801.3         14914.1         28.8717  183
   82         17580.3         14753.5         28.2677  185
   83         17318.1         14526.4          27.917  187
   84           17282         14382.3         28.9978  189
   85         17146.4         14364.4         27.8192  191
   86         17035.2         14297.1         27.3809  193
   87         16903.6         14185.6         27.1805  195
   88         16775.6         14054.7         27.2093  197
   89         16703.3         13981.4         27.2193  201
   90         16612.9         13904.5         27.0847  203
   91         16468.2         13737.1         27.3108  205
   92           16221         13425.1         27.9591  207
   93         15867.1         12954.4         29.1263  209
   94         15766.1         12818.6         29.4754  213
   95         15604.3         12704.7         28.9958  215
   96         15509.5         12661.6         28.4792  217
   97         15444.9         12617.7         28.2717  219
   98         15346.1         12547.9         27.9815  221
   99         15201.3         12498.2         27.0309  223
  100         15106.8         12418.8         26.8803  225
  101         14976.2         12280.7         26.9556  227
  102         14930.8         12229.3         27.0142  231
  103         14879.1         12189.2         26.8987  233
  104         14830.1         12149.4         26.8071  235
  105         14729.6         12061.2         26.6837  237
  106         14638.2         11948.5         26.8967  239
  107         14531.1         11878.2         26.5291  241
  108         14461.1         11848.4         26.1278  243
  109         14369.4         11783.4         25.8598  245
  110         14264.2         11711.8         25.5238  247
  111         14131.6         11603.8         25.2778  249
  112         13822.8         11206.7         26.1605  251
  113         13761.3         11135.5         26.2586  255
  114         13727.7         11116.1         26.1162  257
  115         13657.3         11040.9         26.1645  259
  116         13580.5         10955.9         26.2463  261
  117         13449.7         10782.5         26.6717  263
  118         13339.8         10582.5         27.5726  265
  119         13205.8           10524         26.8181  267
  120         13098.4         10445.5         26.5284  269
  121         13086.3         10359.7         27.2663  271
  122         13022.3         10368.4         26.5395  273
  123           12994         10354.5         26.3947  275
  124         12924.9         10292.2          26.327  277
  125         12827.6         10197.6         26.2994  279
  126         12742.1           10104         26.3817  281
  127         12688.3         10061.6          26.267  285
  128         12642.2         10039.2         26.0303  287
  129         12591.6         10000.4         25.9125  289
  130         12515.9         9931.32         25.8457  291
  131         12369.7         9801.18          25.685  293
  132         12312.2         9746.92         25.6533  297
  133         12232.2         9698.95         25.3322  299
  134         12198.5         9676.37         25.2209  301
  135         12155.3         9641.99         25.1335  303
  136         12091.8         9589.75         25.0208  305
  137         12045.2         9531.28         25.1392  309
  138         11967.6         9466.89         25.0069  311
  139         11914.6         9406.77         25.0778  313
  140         11881.2         9355.86         25.2531  315
  141         11854.2            9335         25.1917  317
  142         11828.7         9327.02          25.017  319
  143         11749.7         9272.15         24.7756  321
  144         11701.3         9223.88         24.7738  323
  145         11642.7         9150.73         24.9201  325
  146         11541.4         8991.75         25.4963  327
  147         11488.3         8863.84         26.2448  331
  148         11441.9         8793.38          26.485  333
  149           11420         8774.39         26.4558  335
  150         11389.2         8711.75         26.7746  337
  151         11342.8         8687.87         26.5498  339
  152           11265         8636.74         26.2829  341
  153         11223.8         8578.46         26.4533  343
  154         11170.5         8555.95         26.1459  345
  155         11143.7         8527.78         26.1591  347
  156         11102.6          8468.1          26.345  349
  157         11083.1         8428.43         26.5467  353
  158         11050.5         8392.09         26.5842  355
  159         10968.1         8294.41         26.7372  357
  160         10927.3         8211.16         27.1611  359
  161         10893.3         8189.29         27.0404  361
  162         10879.2         8182.24         26.9699  363
  163         10853.2         8148.48         27.0476  365
  164         10813.2         8102.92         27.1025  367
  165         10779.9         8046.71         27.3322  369
  166         10739.8         7957.56         27.8223  371
  167         10730.2         7933.21         27.9702  375
  168         10716.5         7915.55         28.0092  377
  169         10681.8         7876.38         28.0538  379
  170         10635.5         7829.07         28.0639  381
  171         10601.3         7785.48         28.1582  383
  172         10560.3         7772.15         27.8817  385
  173           10544         7776.48         27.6753  387
  174         10522.3         7787.92         27.3439  389
  175         10516.1         7782.79         27.3328  393
  176         10505.3         7785.68         27.1958  395
  177         10475.2         7776.66         26.9854  397
  178         10468.9          7756.7         27.1219  399
  179           10427         7727.71         26.9929  401
  180         10418.8         7711.57         27.0726  403
  181         10405.1         7682.04         27.2306  405
  182         10388.2         7636.29         27.5189  407
  183         10363.5         7619.08         27.4438  409
  184         10310.9         7573.44         27.3745  411
  185           10294         7537.86         27.5616  413
  186         10278.8         7538.87         27.3991  415
  187         10275.2         7539.55          27.356  417
  188         10266.6         7537.66         27.2894  419
  189         10253.2          7533.8         27.1937  421
  190         10234.2         7506.73         27.2745  423
  191         10230.1         7471.78          27.583  425
  192         10214.7         7472.05         27.4264  427
  193         10210.7         7465.54         27.4517  429
  194         10200.8         7442.41         27.5844  431
  195         10196.3         7412.16         27.8415  433
  196         10186.1         7409.45         27.7663  435
  197         10177.7         7400.98         27.7669  437
  198         10165.8         7383.23         27.8253  439
  199         10153.9         7351.43         28.0242  441
  200         10135.6         7330.22         28.0535  443
  201         10117.7         7305.61         28.1211  445
  202         10104.7         7282.73         28.2198  447
  203         10101.5         7259.65         28.4181  449
  204         10087.6         7263.88         28.2373  451
  205         10077.6         7262.37          28.152  453
  206         10059.1         7254.51         28.0454  455
  207         10036.5         7242.12         27.9435  457
  208         10028.4         7233.14          27.953  461
  209         10015.9         7224.08         27.9179  463
  210         10007.6          7212.3         27.9528  465
  211         9997.64         7193.91         28.0373  467
  212         9977.61         7151.67         28.2593  469
  213         9965.03         7113.71         28.5132  471
  214         9952.74         7085.66         28.6708  473
  215         9943.39            7099         28.4439  475
  216         9938.94            7101         28.3794  477
  217          9932.2         7099.36         28.3284  479
  218         9917.21         7087.56         28.2965  481
  219         9897.17         7045.35         28.5181  483
  220         9890.53         7045.23          28.453  487
  221         9875.72         7011.49         28.6424  489
  222         9861.42         6974.82         28.8661  491
  223         9840.07         6910.13         29.2994  493
  224         9827.98          6886.2         29.4178  495
  225         9816.92         6900.81         29.1611  497
  226         9812.88         6903.58          29.093  499
  227         9809.81         6905.59         29.0422  501
  228         9802.06         6894.47         29.0759  503
  229         9790.23         6885.71         29.0452  505
  230         9777.95          6870.7         29.0724  507
  231          9765.1         6841.19         29.2391  509
  232         9762.88         6824.63         29.3825  511
  233         9756.12         6830.62          29.255  513
  234         9752.54         6830.64         29.2191  515
  235         9741.06          6823.5         29.1755  517
  236         9730.31         6809.31           29.21  519
  237         9727.27         6805.12         29.2215  523
  238          9718.8         6787.88         29.3091  525
  239         9710.28         6766.19          29.441  527
  240          9705.5         6751.45         29.5406  531
  241         9696.27         6732.41         29.6386  533
  242         9685.93         6716.82         29.6911  535
  243         9674.96         6704.76          29.702  537
  244         9669.92         6704.16         29.6576  539
  245          9663.8         6707.79         29.5602  541
  246         9656.76         6712.75         29.4401  543
  247         9650.59          6714.6         29.3599  545
  248          9646.4         6713.49         29.3292  549
  249         9637.87         6710.37         29.2751  551
  250         9624.42         6696.07         29.2835  553
  251         9610.09         6668.98         29.4111  555
  252         9604.64         6653.22         29.5141  559
  253         9600.09         6645.11         29.5498  561
  254         9595.55         6636.66         29.5889  563
  255         9592.23         6631.02         29.6121  565
  256         9587.83         6627.43         29.6039  567
  257         9580.36         6623.78         29.5658  569
  258          9578.1         6622.59         29.5551  573
  259          9575.5         6623.51         29.5199  575
  260         9570.75         6623.56         29.4718  577
  261         9565.62         6625.69         29.3993  579
  262          9554.9         6621.93         29.3297  581
  263         9546.47         6615.14         29.3133  583
  264         9540.63         6606.14         29.3449  585
  265         9538.33         6603.09         29.3524  589
  266         9535.73         6600.88         29.3485  591
  267          9528.7         6594.18         29.3453  593
  268         9522.79         6587.95         29.3484  595
  269         9515.18         6576.75         29.3843  597
  270         9510.64         6572.42         29.3822  599
  271         9507.42         6572.85         29.3457  601
  272         9501.62         6573.67         29.2794  603
  273         9495.13         6571.62         29.2351  605
  274         9489.67         6571.26         29.1841  607
  275         9482.58          6573.8         29.0878  609
  276         9474.53          6573.4         29.0113  611
  277         9467.36         6571.76         28.9559  613
  278         9460.14         6568.85         28.9129  615
  279         9457.09          6565.7         28.9138  617
  280         9452.82         6563.78         28.8904  619
  281         9444.25         6560.42         28.8383  621
  282         9436.14          6556.4         28.7973  623
  283         9430.49         6554.66         28.7583  625
  284         9426.47         6553.25         28.7322  627
  285         9419.57         6549.03         28.7054  629
  286         9412.89         6544.67         28.6822  631
  287         9400.11         6534.61          28.655  633
  288         9393.01         6529.22         28.6379  637
  289         9387.26         6525.71         28.6156  639
  290         9384.39         6523.14         28.6124  641
  291          9381.3         6519.83         28.6147  643
  292          9376.8         6509.54         28.6726  645
  293          9366.3         6505.78         28.6052  647
  294         9357.57         6500.59         28.5699  649
  295         9352.66         6496.53         28.5613  651
  296         9347.41         6491.23         28.5618  653
  297         9338.55         6485.26         28.5329  655
  298         9324.31          6472.5         28.5181  657
  299         9320.28         6462.83         28.5745  659
  300         9313.41         6464.07         28.4934  661
  301          9309.7         6463.17         28.4653  663
  302         9303.65         6459.26         28.4439  665
  303         9291.97         6451.61         28.4036  667
  304         9281.91         6438.93         28.4297  669
  305         9270.01          6436.2         28.3381  671
  306         9255.73         6424.19         28.3153  673
  307         9252.44         6416.21         28.3623  675
  308         9248.52         6408.87         28.3965  677
  309         9244.72         6403.96         28.4075  679
  310          9238.2         6394.11         28.4409  681
  311         9236.28         6391.14         28.4514  685
  312         9234.34          6390.6         28.4374  687
  313         9232.12         6391.44         28.4068  689
  314         9227.44         6393.39         28.3405  691
  315         9225.75         6396.51         28.2924  693
  316         9214.31         6396.92         28.1739  695
  317         9206.07         6397.06         28.0901  697
  318         9199.62         6397.27         28.0235  699
  319         9196.25         6399.82         27.9643  701
  320         9189.55         6400.06         27.8949  703
  321         9185.36         6401.02         27.8434  705
  322         9183.33            6402         27.8132  707
  323         9178.89         6400.81         27.7808  709
  324          9173.4         6398.63         27.7477  713
  325          9164.5         6395.34         27.6915  715
  326         9161.24         6393.53         27.6771  717
  327          9158.2         6390.82         27.6738  719
  328         9156.81         6387.93         27.6889  721
  329         9154.29         6388.07         27.6621  723
  330         9150.98         6387.48          27.635  725
  331         9147.71         6386.18         27.6152  727
  332         9145.94         6382.98         27.6296  729
  333         9141.79          6381.7         27.6009  731
  334         9136.85         6377.93         27.5893  733
  335         9130.76         6371.43         27.5933  735
  336         9125.59         6362.42         27.6316  737
  337         9121.73         6358.41         27.6332  739
  338         9120.39         6359.61         27.6078  741
  339         9118.97         6360.84         27.5814  743
  340         9117.11          6361.9         27.5521  745
  341         9114.11         6364.64         27.4946  747
  342         9113.48         6365.76         27.4772  749
  343         9111.35         6364.56         27.4679  751
  344         9110.11         6363.34         27.4677  753
  345         9106.87         6360.43         27.4645  755
  346         9102.84         6356.81         27.4602  757
  347         9101.51          6355.6         27.4591  761
  348         9098.16         6353.66          27.445  763
  349         9094.93         6353.02         27.4191  765
  350         9090.26         6353.03         27.3723  767
  351         9089.55         6353.89         27.3566  769
  352         9085.35         6354.42         27.3093  771
  353          9084.4         6354.73         27.2966  773
  354         9083.31         6355.21          27.281  775
  355         9082.81          6355.4         27.2741  777
  356         9080.59         6355.33         27.2526  779
  357            9079         6354.65         27.2435  781
  358         9076.66         6353.07         27.2359  783
  359          9074.7         6351.14         27.2357  785
  360         9072.66         6348.98         27.2368  787
  361         9070.34         6347.44          27.229  789
  362         9063.04         6342.27         27.2077  791
  363         9055.77         6335.47          27.203  793
  364         9053.19         6333.57         27.1961  797
  365         9050.95         6333.27         27.1767  799
  366         9050.29         6333.59          27.167  801
  367         9049.46         6333.63         27.1583  803
  368         9047.24         6332.87         27.1438  805
  369         9045.11         6331.84         27.1327  807
  370         9041.84         6330.62         27.1121  809
  371         9039.82         6328.94         27.1088  811
  372         9038.58         6327.24         27.1134  813
  373         9036.81         6324.82         27.1198  815
  374         9033.82         6322.93         27.1089  817
  375          9026.1         6317.68         27.0842  819
  376          9023.3         6316.36         27.0694  821
  377         9021.57         6314.96         27.0661  823
  378         9020.13         6315.69         27.0445  825
  379         9017.68          6316.6         27.0109  827
  380         9014.98         6316.89         26.9809  829
  381         9012.69         6316.03         26.9666  831
  382         9010.01         6315.02         26.9499  833
  383         9007.95         6313.05         26.9491  835
  384         9006.95         6311.38         26.9557  837
  385         9005.85         6310.55          26.953  839
  386         9004.82         6309.96         26.9486  841
  387         9002.52         6308.92         26.9361  843
  388         8998.45         6308.04         26.9041  845
  389          8995.1         6309.48         26.8561  847
  390         8993.27         6310.82         26.8245  849
  391         8991.17         6310.19         26.8098  851
  392         8990.02         6309.92          26.801  853
  393         8987.59         6309.84         26.7775  855
  394         8984.18         6310.94         26.7324  857
  395          8981.7         6313.74         26.6797  859
  396         8979.37         6313.43         26.6594  861
  397         8977.13         6313.44          26.637  863
  398         8976.15         6316.04         26.6011  865
  399         8973.85         6315.66         26.5819  867
  400         8972.41         6315.92          26.565  869
  401         8968.58         6318.03         26.5055  871
  402         8964.94         6321.75         26.4319  873
  403         8962.89         6327.73         26.3516  875
  404         8960.63         6327.73          26.329  877
  405         8959.37          6327.2         26.3217  879
  406         8958.15         6327.13         26.3102  881
  407         8955.09         6327.88          26.272  883
  408         8953.91         6326.09         26.2782  885
  409            8952          6326.5         26.2551  887
  410          8951.5         6326.29         26.2521  889
  411         8950.41         6325.78         26.2463  891
  412         8948.33         6324.89         26.2344  893
  413         8945.85         6323.93         26.2192  895
  414         8944.79         6323.61         26.2119  899
  415         8943.07         6323.56         26.1952  901
  416         8941.64         6323.84          26.178  903
  417         8939.19         6324.72         26.1448  905
  418         8936.82         6326.01         26.1081  907
  419         8935.79          6326.7         26.0909  911
  420         8934.44          6327.3         26.0713  913
  421         8933.48         6327.51         26.0597  915
  422         8932.29         6328.33         26.0396  917
  423         8930.92         6329.05         26.0187  919
  424          8929.3         6329.63         25.9967  921
  425         8927.25         6330.33         25.9691  923
  426         8924.66         6330.81         25.9385  925
  427          8923.4          6333.9          25.895  927
  428         8917.35         6334.57         25.8278  929
  429          8914.9         6335.82         25.7908  931
  430         8913.79         6337.39          25.764  933
  431         8912.63          6338.5         25.7413  935
  432         8910.63         6339.41         25.7122  937
  433         8905.94         6342.08         25.6386  939
  434         8904.52         6343.08         25.6145  941
  435         8903.15            6344         25.5915  943
  436          8901.8         6344.11         25.5768  945
  437          8900.2         6344.62         25.5558  947
  438         8898.83         6344.75         25.5407  949
  439         8896.52         6345.77         25.5076  951
  440         8895.09          6347.5         25.4758  953
  441         8892.97         6349.72         25.4326  955
  442         8890.35         6353.14         25.3722  957
  443          8887.2         6356.88         25.3032  959
  444         8885.03         6358.54         25.2649  961
  445          8884.3          6359.1         25.2521  963
  446         8881.79         6359.15         25.2264  965
  447         8879.88         6358.94         25.2094  967
  448          8877.1         6358.94         25.1816  969
  449         8874.58         6359.33         25.1525  971
  450         8873.35         6359.82         25.1353  975
  451         8871.63         6360.27         25.1136  977
  452         8870.13         6360.55         25.0957  979
  453         8867.76         6361.05         25.0671  981
  454         8864.62         6361.98         25.0264  983
  455         8863.62         6361.71          25.019  987
  456         8862.03         6361.58         25.0046  989
  457         8861.34         6361.26         25.0008  991
  458         8860.62         6361.04         24.9958  993
  459         8858.72         6361.07         24.9766  995
  460         8855.63         6362.33          24.933  997
  461         8852.43         6364.83          24.876  999
  462         8849.93         6365.57         24.8436  1001
  463         8847.62         6366.21         24.8141  1003
  464         8846.31          6367.1         24.7921  1005
  465         8844.99         6367.75         24.7725  1007
  466         8843.67         6367.86         24.7581  1009
  467         8840.54         6368.51         24.7203  1011
  468         8839.77         6368.87         24.7091  1015
  469         8839.45         6368.64         24.7081  1017
  470         8838.33         6367.79         24.7054  1019
  471         8836.72         6366.64         24.7008  1021
  472         8836.38         6364.78          24.716  1023
  473         8833.39         6364.78         24.6861  1025
  474          8832.3         6364.73         24.6757  1027
  475         8830.57         6364.54         24.6603  1029
  476         8827.92         6364.68         24.6324  1031
  477         8827.04         6363.62         24.6342  1033
  478         8824.45         6363.41         24.6104  1035
  479         8823.36         6362.51         24.6085  1037
  480         8822.02         6360.78         24.6123  1039
  481         8819.94         6357.84         24.6209  1041
  482         8818.16         6353.81         24.6434  1043
  483         8815.88         6353.03         24.6285  1045
  484         8813.23          6351.4         24.6183  1047
  485         8810.19         6348.78         24.6141  1049
  486         8807.58         6345.21         24.6237  1051
  487         8805.45         6341.32         24.6413  1053
  488         8803.72         6340.92          24.628  1055
  489         8800.73         6338.75         24.6197  1057
  490         8799.84         6333.64         24.6619  1059
  491          8798.5         6334.31         24.6419  1061
  492         8798.36         6334.29         24.6407  1063
  493         8797.98         6333.69         24.6429  1065
  494         8797.21         6331.92         24.6529  1067
  495         8795.74         6328.02         24.6772  1069
  496         8793.47         6322.79         24.7068  1071
  497         8792.08         6319.37         24.7271  1075
  498          8790.8         6318.29         24.7251  1077
  499         8790.22         6318.27         24.7195  1079
  500         8789.62         6317.91         24.7171  1081
  501         8788.98         6316.81         24.7217  1083
  502         8787.38         6316.04         24.7135  1085
  503         8786.28         6314.95         24.7134  1087
  504         8785.38         6313.65         24.7173  1089
  505         8784.39         6311.88         24.7251  1091
  506         8782.85         6306.15         24.7669  1093
  507         8780.93         6303.07         24.7786  1095
  508         8779.76         6301.84         24.7792  1097
  509         8778.89         6299.19          24.797  1101
  510          8777.6         6296.25         24.8135  1103
  511         8776.65         6293.78         24.8287  1105
  512         8773.25         6282.81         24.9044  1107
  513         8772.35         6278.33         24.9402  1111
  514         8770.94         6273.94           24.97  1113
  515         8770.07         6272.16         24.9791  1115
  516          8769.4         6271.18         24.9822  1117
  517         8768.54         6270.45         24.9809  1119
  518         8767.16         6269.39         24.9777  1121
  519         8765.96         6268.47         24.9749  1123
  520         8765.66          6267.7         24.9796  1125
  521         8765.09         6267.87         24.9722  1127
  522         8764.87         6267.83         24.9704  1129
  523         8764.51         6267.69         24.9681  1131
  524         8763.99         6267.43         24.9656  1133
  525          8763.7         6266.98         24.9671  1137
  526         8763.07         6266.53         24.9653  1139
  527         8762.21         6265.56         24.9665  1141
  528         8761.37         6263.52         24.9785  1143
  529         8760.63         6262.49         24.9814  1145
  530         8760.33         6262.23          24.981  1147
  531         8759.97          6261.6         24.9838  1149
  532          8759.5         6260.51           24.99  1151
  533         8758.37         6257.05         25.0131  1153
  534         8756.53         6252.09         25.0444  1155
  535         8754.11         6245.22         25.0889  1157
  536         8753.48         6242.79         25.1069  1161
  537         8752.61         6240.89         25.1173  1163
  538         8752.11         6239.96         25.1215  1165
  539         8751.65         6239.15          25.125  1167
  540         8750.36         6237.84         25.1252  1169
  541         8749.68         6237.05         25.1263  1171
  542         8749.21         6236.51          25.127  1173
  543         8748.64         6235.28         25.1335  1175
  544         8747.42          6233.3         25.1412  1177
  545         8746.18         6223.16         25.2302  1179
  546         8742.53         6220.02         25.2251  1181
  547         8741.54         6218.17         25.2337  1183
  548         8740.78         6214.58          25.262  1185
  549         8740.33         6211.86         25.2847  1189
  550         8739.77         6210.65         25.2912  1191
  551         8737.84         6204.16         25.3368  1193
  552         8737.18         6203.04         25.3413  1197
  553         8736.92         6204.05         25.3286  1199
  554         8735.89         6203.71         25.3218  1201
  555         8734.97         6199.65         25.3532  1203
  556         8733.17         6196.49         25.3668  1205
  557         8732.67            6194         25.3867  1207
  558         8732.11         6189.24         25.4287  1209
  559         8730.78         6187.44         25.4335  1211
  560         8729.12         6184.79         25.4433  1213
  561         8727.55         6181.59         25.4596  1215
  562         8726.91          6179.3         25.4761  1217
  563         8726.09         6178.55         25.4754  1219
  564          8725.6         6178.27         25.4733  1221
  565         8724.63          6177.6         25.4702  1223
  566         8723.12         6176.55         25.4657  1225
  567         8721.85         6176.08         25.4576  1227
  568          8720.7         6176.04         25.4466  1229
  569         8720.11         6176.11           25.44  1231
  570         8719.52         6176.38         25.4314  1233
  571         8719.05         6176.75          25.423  1235
  572         8718.52         6176.76         25.4176  1237
  573         8718.06         6176.55         25.4151  1239
  574            8717          6175.9         25.4111  1241
  575         8716.21         6175.31          25.409  1243
  576         8715.61         6175.15         25.4046  1245
  577         8715.24         6175.19         25.4005  1247
  578         8714.82         6175.32          25.395  1249
  579          8714.1          6175.7          25.384  1251
  580         8713.12         6176.57         25.3655  1253
  581         8712.74         6177.63         25.3511  1255
  582          8712.2         6177.21         25.3499  1257
  583          8711.9         6176.91         25.3499  1259
  584          8711.4         6176.69         25.3471  1261
  585         8710.87         6176.76         25.3411  1263
  586         8710.73         6176.66         25.3407  1267
  587         8710.49         6176.85         25.3363  1269
  588         8710.31         6176.97         25.3333  1271
  589         8709.83         6177.25         25.3258  1273
  590         8709.28         6177.53         25.3175  1275
  591         8709.08         6177.85         25.3123  1277
  592         8708.47         6177.57          25.309  1279
  593          8708.2         6177.34         25.3086  1281
  594         8707.82         6177.09         25.3073  1283
  595         8707.32         6176.79         25.3054  1285
  596         8706.63         6176.56         25.3007  1287
  597         8705.97         6176.31         25.2967  1289
  598         8705.44         6176.08         25.2935  1291
  599          8705.3         6176.09          25.292  1295
  600         8705.12         6176.07         25.2906  1297
  601         8704.92         6175.98         25.2894  1299
  602         8704.59         6175.86         25.2873  1301
  603         8704.23         6175.69         25.2854  1303
  604         8704.11         6175.52         25.2859  1305
  605         8703.72          6175.4         25.2832  1307
  606          8703.6         6175.33         25.2827  1309
  607         8703.46         6175.21         25.2825  1311
  608         8703.36         6175.24         25.2812  1315
  609         8703.23         6175.22         25.2802  1317
  610         8702.88          6175.2         25.2768  1319
  611         8702.53         6175.27         25.2726  1321
  612         8702.27         6175.57         25.2669  1323
  613         8701.86         6176.04         25.2582  1325
  614         8701.34         6176.36         25.2498  1327
  615         8700.31          6176.9          25.234  1329
  616         8699.51         6178.19         25.2132  1331
  617         8698.42         6177.94         25.2047  1333
  618         8697.95         6177.76          25.202  1335
  619         8697.15         6178.09         25.1906  1337
  620         8697.04         6178.96         25.1808  1339
  621          8696.1         6178.38         25.1772  1341
  622         8695.78         6178.25         25.1753  1343
  623         8695.29         6178.19         25.1709  1345
  624         8694.59         6178.16         25.1643  1347
  625         8694.15          6178.3         25.1585  1349
  626         8693.19         6178.06         25.1513  1351
  627         8692.56         6177.74         25.1482  1353
  628         8691.83         6177.48         25.1435  1355
  629         8691.49         6177.42         25.1407  1357
  630         8691.24         6177.35         25.1389  1359
  631         8690.81         6177.19         25.1362  1361
  632          8690.2         6177.01         25.1318  1363
  633         8689.42         6176.84         25.1257  1365
  634         8689.29         6176.76         25.1253  1367
  635         8688.75         6176.71         25.1203  1369
  636         8688.49         6176.68         25.1181  1371
  637         8687.93         6176.69         25.1123  1373
  638         8687.41         6176.88         25.1052  1375
  639         8686.97         6177.23         25.0974  1377
  640         8686.45         6177.06         25.0938  1379
  641         8685.58         6176.68          25.089  1381
  642          8683.7            6176          25.077  1383
  643         8681.68         6175.48          25.062  1385
  644         8679.92         6174.59         25.0534  1387
  645         8678.06         6173.61         25.0445  1389
  646         8677.09         6172.69          25.044  1391
  647         8676.21         6168.74         25.0747  1393
  648         8674.46            6169         25.0546  1395
  649         8673.95         6169.22         25.0473  1397
  650         8672.43         6168.59         25.0384  1399
  651         8670.73         6165.93         25.0479  1401
  652         8669.95         6164.56         25.0539  1405
  653         8669.35         6163.51         25.0584  1407
  654         8668.17         6161.17           25.07  1409
  655         8666.58         6158.24         25.0834  1411
  656         8663.88         6153.11         25.1076  1413
  657         8660.61         6149.88         25.1074  1415
  658         8658.74         6147.96         25.1078  1419
  659         8656.68         6148.37         25.0831  1421
  660         8655.95          6148.5         25.0745  1423
  661         8654.26         6147.96          25.063  1425
  662         8652.52         6144.62          25.079  1427
  663         8650.39          6142.3         25.0808  1429
  664          8649.2         6140.14         25.0906  1431
  665         8648.35         6138.09         25.1025  1433
  666         8647.92         6134.79         25.1313  1435
  667         8646.33         6134.92          25.114  1437
  668          8644.2         6134.31         25.0989  1439
  669         8642.02         6133.11         25.0891  1441
  670          8641.3         6131.88         25.0942  1445
  671         8640.03         6130.91         25.0912  1447
  672         8638.99         6129.68         25.0931  1449
  673            8638         6127.95         25.1005  1451
  674         8637.63         6125.99         25.1164  1453
  675         8637.02          6125.9         25.1112  1455
  676         8636.86         6126.11         25.1075  1457
  677         8636.59         6126.29         25.1031  1459
  678         8636.37         6126.05         25.1032  1463
  679         8636.01         6125.91         25.1009  1465
  680         8635.23         6125.12         25.1012  1467
  681         8634.58         6123.58           25.11  1469
  682            8634         6121.91         25.1209  1471
  683         8633.65         6121.22         25.1243  1473
  684         8633.11         6119.35         25.1376  1475
  685          8632.6         6118.07         25.1453  1477
  686            8632         6116.93         25.1507  1479
  687         8630.78         6112.61         25.1817  1481
  688         8630.36         6110.43         25.1993  1483
  689         8629.75         6111.67         25.1808  1485
  690          8629.4         6111.72         25.1768  1487
  691          8627.9         6110.37         25.1753  1489
  692         8626.78         6107.53         25.1925  1491
  693         8626.59         6103.22         25.2337  1493
  694         8625.72         6103.46         25.2226  1495
  695         8625.54         6102.98         25.2256  1497
  696         8625.17         6101.08         25.2409  1499
  697         8625.12         6098.03          25.271  1501
  698         8624.53         6098.36         25.2618  1503
  699         8624.12         6098.01         25.2611  1505
  700         8623.44         6096.53         25.2691  1507
  701         8622.89         6094.57         25.2832  1509
  702         8622.68         6094.01         25.2867  1513
  703         8622.22         6092.34         25.2987  1515
  704         8621.64         6090.69         25.3095  1517
  705         8620.64          6087.5         25.3315  1519
  706         8620.35         6087.53         25.3281  1523
  707         8619.86         6087.15          25.327  1525
  708         8619.47         6087.38         25.3209  1527
  709         8619.14         6087.81         25.3134  1529
  710         8618.51         6087.91         25.3059  1531
  711         8617.45         6087.09         25.3036  1533
  712         8616.78         6085.64         25.3114  1535
  713         8616.19         6084.67         25.3153  1537
  714         8615.83         6083.37         25.3246  1539
  715         8615.37         6081.81         25.3356  1541
  716          8614.9         6080.16         25.3474  1543
  717         8614.34         6077.73         25.3661  1545
  718         8613.63         6076.13         25.3749  1547
  719         8613.29         6076.17         25.3712  1549
  720         8613.06         6076.31         25.3675  1551
  721         8612.82          6075.4         25.3742  1555
  722         8612.41         6074.64         25.3777  1557
  723         8611.35         6070.41         25.4094  1559
  724         8611.16         6068.91         25.4225  1563
  725         8610.96         6067.67         25.4329  1565
  726         8610.65         6065.97         25.4468  1567
  727         8610.25          6062.9         25.4735  1569
  728         8609.62          6060.2         25.4942  1571
  729          8608.7         6056.81         25.5189  1573
  730         8608.21         6054.14         25.5406  1575
  731         8607.71         6052.76         25.5495  1577
  732         8607.47         6053.46         25.5401  1579
  733         8606.82         6054.41         25.5241  1581
  734         8606.75         6054.09         25.5267  1583
  735         8606.13         6053.22         25.5292  1585
  736         8605.79         6051.66         25.5412  1587
  737         8605.09         6047.15         25.5794  1589
  738         8604.33         6042.97         25.6136  1591
  739         8603.81         6039.33         25.6448  1595
  740         8603.37         6038.67          25.647  1597
  741         8603.04         6039.34          25.637  1599
  742         8602.66         6039.19         25.6347  1601
  743         8602.27         6041.13         25.6113  1603
  744         8601.81          6042.4         25.5942  1605
  745         8601.43         6043.49         25.5795  1607
  746         8600.89         6041.83         25.5905  1609
  747         8600.59         6039.43         25.6115  1611
  748         8600.15         6035.23         25.6493  1613
  749            8600         6030.27         25.6973  1615
  750         8599.42            6031         25.6843  1617
  751         8598.85         6031.63         25.6722  1619
  752         8597.84         6031.92         25.6592  1621
  753         8596.73         6031.26         25.6547  1623
  754         8596.33         6030.85         25.6548  1627
  755         8595.47         6029.68         25.6579  1629
  756         8594.75         6028.03         25.6671  1631
  757            8594          6025.4          25.686  1633
  758         8593.77         6024.56         25.6921  1637
  759         8593.46         6023.94         25.6952  1639
  760         8593.12         6023.62          25.695  1641
  761         8592.69         6023.56         25.6913  1643
  762         8592.31         6023.22         25.6909  1645
  763         8591.64         6023.31         25.6834  1647
  764          8591.1         6023.34         25.6775  1649
  765         8590.78          6023.3         25.6747  1651
  766         8590.59         6023.32         25.6726  1655
  767         8590.27          6023.3         25.6696  1657
  768         8589.51         6023.28         25.6624  1659
  769         8588.68         6023.33         25.6535  1661
  770         8588.44         6023.27         25.6517  1663
  771         8587.73         6023.16         25.6457  1665
  772         8587.42         6023.06         25.6436  1667
  773         8587.03         6022.95         25.6408  1669
  774         8586.65         6023.02         25.6363  1673
  775         8585.87         6022.97          25.629  1675
  776         8584.65         6022.95          25.617  1677
  777          8583.4         6023.08         25.6033  1679
  778          8582.8         6022.88         25.5992  1681
  779          8582.4          6022.9          25.595  1683
  780         8582.15         6022.91         25.5923  1685
  781          8581.8         6022.97         25.5883  1687
  782         8581.23          6023.2         25.5803  1689
  783         8580.35         6023.32         25.5703  1691
  784         8578.91         6023.38         25.5553  1693
  785         8577.67         6023.55         25.5412  1695
  786         8577.26         6023.45         25.5381  1699
  787          8576.7         6023.44         25.5326  1701
  788         8575.74         6023.32         25.5243  1703
  789          8574.8         6023.04         25.5175  1705
  790         8574.06         6022.77         25.5128  1707
  791          8573.3         6022.51         25.5079  1709
  792         8572.53         6022.16         25.5037  1711
  793         8571.89         6022.01         25.4987  1713
  794         8570.95         6021.79         25.4916  1715
  795          8569.8          6021.7          25.481  1717
  796         8568.31         6021.31           25.47  1719
  797         8567.06         6020.71         25.4635  1721
  798         8566.24         6020.41         25.4582  1723
  799         8565.27         6020.25         25.4501  1725
  800         8563.76         6020.26          25.435  1727
  801         8562.52         6020.68         25.4184  1729
  802         8561.86         6021.02         25.4084  1731
  803         8561.45         6021.07         25.4038  1733
  804         8561.17         6021.18         25.3999  1735
  805         8560.62         6021.52          25.391  1737
  806         8559.93         6022.54         25.3739  1739
  807         8558.88         6023.29         25.3559  1741
  808         8557.75         6024.15         25.3361  1743
  809         8557.17         6024.75         25.3242  1745
  810         8556.81         6025.23         25.3158  1747
  811         8556.46         6025.23         25.3123  1749
  812         8556.12          6025.4         25.3072  1751
  813         8555.87         6025.56         25.3031  1753
  814         8555.44         6026.01         25.2942  1755
  815         8554.68         6026.62         25.2806  1757
  816         8553.46         6027.98         25.2548  1759
  817         8552.81         6029.94         25.2288  1761
  818         8552.36          6030.3         25.2206  1763
  819         8552.15         6030.18         25.2197  1765
  820         8551.76          6030.3         25.2145  1767
  821         8551.04         6031.08         25.1996  1769
  822         8550.01         6032.94         25.1707  1771
  823          8548.7         6036.44         25.1226  1773
  824         8547.96         6038.42         25.0954  1775
  825         8547.51         6038.36         25.0915  1777
  826         8547.23         6038.12         25.0911  1779
  827         8546.69         6038.59          25.081  1781
  828         8546.25         6040.11         25.0614  1785
  829         8545.56         6041.68         25.0388  1787
  830         8545.24         6042.84          25.024  1789
  831         8545.05          6043.6         25.0145  1791
  832         8544.93            6045         24.9993  1793
  833         8544.57         6045.06         24.9951  1795
  834         8544.24         6045.17         24.9907  1797
  835         8543.86         6045.35         24.9851  1799
  836         8543.46         6046.25          24.972  1801
  837         8542.72         6047.27         24.9545  1803
  838         8541.68         6049.04         24.9263  1805
  839         8541.08         6051.72         24.8936  1807
  840         8540.55         6051.91         24.8864  1809
  841         8540.42         6051.38         24.8904  1811
  842         8540.17         6051.16         24.8901  1813
  843         8539.71         6051.15         24.8856  1815
  844         8539.35            6052         24.8734  1819
  845         8538.67          6053.4         24.8527  1821
  846         8538.37         6054.37           24.84  1823
  847         8538.22         6055.09         24.8313  1825
  848         8538.05            6056         24.8205  1827
  849         8537.86         6056.11         24.8175  1829
  850         8537.61         6056.45         24.8116  1831
  851         8537.13         6056.95         24.8018  1833
  852         8536.52         6058.29         24.7823  1835
  853          8536.1         6059.33         24.7676  1837
  854         8535.75         6058.94         24.7681  1839
  855         8535.56         6058.91         24.7666  1841
  856         8535.35          6059.1         24.7624  1843
  857          8534.9         6059.55         24.7534  1845
  858         8534.41         6059.58         24.7483  1847
  859         8534.05         6059.62         24.7444  1849
  860         8533.88         6059.43         24.7445  1851
  861          8533.7         6059.24         24.7446  1853
  862         8533.53         6058.97         24.7455  1855
  863         8532.85         6058.92         24.7393  1857
  864         8532.28          6058.9         24.7338  1859
  865         8531.91         6058.95         24.7296  1861
  866         8531.51         6058.99         24.7252  1863
  867         8530.85         6059.01         24.7184  1865
  868         8529.23         6059.25         24.6998  1867
  869         8528.79         6059.16         24.6963  1871
  870         8528.29         6059.29           24.69  1873
  871         8527.91         6059.23         24.6868  1875
  872         8527.73          6058.9         24.6882  1877
  873         8526.98         6058.75         24.6823  1879
  874         8526.31         6058.34         24.6797  1881
  875         8525.54         6057.78         24.6776  1883
  876         8525.02         6056.76         24.6826  1885
  877         8524.45         6056.45         24.6799  1887
  878         8524.21         6056.38         24.6783  1889
  879         8523.26         6055.49         24.6777  1891
  880         8522.31         6054.41          24.679  1893
  881         8521.82         6053.39         24.6843  1895
  882         8521.61         6052.37         24.6924  1897
  883         8521.22          6052.4         24.6882  1899
  884          8520.7          6052.5         24.6819  1901
  885         8519.92         6052.53         24.6739  1903
  886         8519.12         6052.58         24.6654  1905
  887         8518.82         6052.67         24.6615  1909
  888         8518.33         6052.61         24.6572  1911
  889         8517.86         6052.31         24.6554  1913
  890         8517.07         6051.55         24.6552  1915
  891         8516.68         6050.13         24.6655  1917
  892         8515.78         6049.59         24.6619  1919
  893         8515.42          6049.4         24.6602  1921
  894          8515.1         6049.12         24.6598  1923
  895         8514.48         6048.66         24.6582  1925
  896         8513.81         6047.79         24.6602  1927
  897         8512.87         6046.95         24.6593  1929
  898         8512.45         6046.39         24.6606  1931
  899            8512         6045.56         24.6643  1933
  900         8511.46         6044.39         24.6707  1935
  901         8511.05         6043.71         24.6734  1939
  902         8510.18         6042.61         24.6758  1941
  903         8508.57         6039.59         24.6898  1943
  904         8508.19         6039.11         24.6907  1947
  905         8507.91         6039.07         24.6884  1949
  906         8507.34         6038.77         24.6857  1951
  907         8506.64         6038.21         24.6843  1953
  908          8505.3         6036.55         24.6875  1955
  909         8504.81         6035.53         24.6928  1959
  910         8503.52         6033.15         24.7037  1961
  911         8502.98         6032.03         24.7095  1963
  912         8502.44         6031.31         24.7113  1965
  913         8501.83         6030.19         24.7164  1967
  914         8500.87         6030.16          24.707  1969
  915         8499.99         6029.92         24.7007  1971
  916         8499.23         6029.33          24.699  1973
  917         8498.91         6028.82         24.7009  1977
  918         8498.37         6028.32         24.7005  1979
  919         8496.76         6026.55         24.7021  1981
  920         8496.23         6025.53          24.707  1985
  921         8495.44            6024         24.7145  1987
  922         8495.07         6023.16         24.7191  1989
  923         8494.43         6021.34         24.7309  1991
  924         8493.99         6019.79          24.742  1993
  925          8493.3         6020.02         24.7328  1995
  926         8492.57         6019.89         24.7268  1997
  927         8492.13         6019.51         24.7262  1999
  928         8491.67          6018.3         24.7338  2003
  929         8490.87         6017.24         24.7363  2005
  930          8489.3         6014.01         24.7529  2007
  931         8488.77         6011.68         24.7709  2009
  932         8488.43         6010.56         24.7787  2011
  933         8488.28         6010.92         24.7736  2013
  934         8487.98         6011.35         24.7664  2015
  935         8487.57         6011.25         24.7632  2017
  936         8486.95         6010.65          24.763  2019
  937         8486.03         6009.43          24.766  2021
  938         8484.96         6004.23         24.8073  2023
  939         8484.53         6001.46         24.8307  2025
  940         8483.99         6002.52         24.8146  2027
  941         8483.78         6002.27         24.8152  2029
  942         8483.03         6000.69         24.8234  2031
  943         8482.27         5998.15         24.8412  2033
  944         8481.81         5993.86         24.8795  2035
  945         8480.85         5993.39         24.8746  2037
  946         8480.36         5992.48         24.8787  2039
  947         8479.88         5990.89         24.8899  2041
  948         8479.73         5987.79         24.9194  2043
  949         8479.09          5988.4         24.9069  2045
  950         8478.53         5988.01         24.9052  2047
  951         8477.57         5986.05         24.9152  2049
  952         8476.79         5983.13         24.9366  2051
  953         8476.28          5981.3         24.9498  2055
  954         8475.57         5978.57           24.97  2057
  955         8474.65         5974.56         25.0009  2059
  956         8473.56          5969.4         25.0416  2061
  957          8472.9         5969.11         25.0379  2065
  958         8471.91          5969.3         25.0262  2067
  959         8471.16          5970.8         25.0036  2069
  960         8470.71         5970.95         24.9976  2071
  961         8469.82         5970.19         24.9962  2073
  962         8468.68         5966.11         25.0257  2075
  963         8466.74         5963.44          25.033  2077
  964         8466.29         5962.51         25.0377  2079
  965         8465.57         5959.63         25.0594  2081
  966         8464.98         5954.52         25.1047  2083
  967         8463.92         5953.65         25.1027  2085
  968         8461.81         5949.65         25.1216  2087
  969         8460.93          5945.8         25.1512  2089
  970         8460.19         5943.75         25.1643  2091
  971         8459.65         5943.79         25.1586  2093
  972         8458.39         5943.74         25.1465  2095
  973         8456.63         5943.16         25.1348  2097
  974         8453.61          5941.5         25.1211  2099
  975         8451.29         5940.93         25.1036  2101
  976         8449.85         5939.83         25.1001  2103
  977          8444.4         5933.83         25.1057  2105
  978         8438.43         5924.17         25.1426  2107
  979          8437.2         5918.73         25.1847  2109
  980         8435.18         5919.15         25.1603  2111
  981         8434.26         5918.95         25.1531  2113
  982          8431.1         5915.48         25.1562  2115
  983         8426.44         5909.56         25.1688  2117
  984         8425.13         5898.49         25.2665  2119
  985         8419.17         5899.54         25.1962  2121
  986         8416.29         5898.66         25.1763  2123
  987         8411.97         5894.98         25.1698  2125
  988         8410.93         5890.14         25.2079  2127
  989            8407         5889.86         25.1714  2129
  990         8404.03         5887.52         25.1652  2131
  991         8398.78         5881.18          25.176  2133
  992         8391.98         5871.67         25.2031  2135
  993         8389.57         5865.76         25.2382  2139
  994         8386.52         5861.49         25.2504  2141
  995         8384.89         5859.06         25.2584  2143
  996         8382.63         5855.51         25.2711  2145
  997         8378.59         5848.44         25.3015  2147
  998         8375.77         5848.61         25.2715  2149
  999         8371.25         5846.56         25.2468  2151
 1000         8369.51         5848.07         25.2145  2153
