    0      1.4731e+06      1.4731e+06               0  1
    1     1.19267e+06     1.19173e+06          47.298  7
    2          965498          402978           28126  9
    3          406151          387869         914.093  11
    4          382185          381025         58.0225  13
    5          372403          370940         73.1134  15
    6          314701          300428          713.66  17
    7          253226          212902         2016.21  19
    8          181911          154502         1370.45  21
    9          114038          101497         627.063  23
   10          106812         95947.7         543.193  25
   11         93680.4         81854.9         591.274  27
   12         79459.6         66563.3         644.819  29
   13         74908.9         63167.1          587.09  33
   14         71132.4         59765.5         568.348  35
   15         67157.7         54686.7         623.552  37
   16         60215.9         46459.4         687.825  39
   17         54197.4         39382.8         740.733  41
   18           50060         37030.9         651.453  43
   19         47559.7         36069.9         574.491  45
   20         45902.4         34619.3         564.152  47
   21           41955         30881.7         553.664  49
   22         41106.5         25909.6         759.843  51
   23         37452.2         25418.7         601.671  53
   24         35912.5         24322.4         579.504  55
   25         34819.5         23173.2         582.311  57
   26         33278.3         22316.7         548.078  59
   27         32032.1         21102.5         546.479  63
   28         30463.9         20675.9         489.403  65
   29         28939.2         19941.6         449.882  67
   30           27928         19336.5         429.576  69
   31         26771.1         18750.5         401.028  71
   32         25725.6         18025.6             385  73
   33         24751.9         17425.5         366.318  75
   34         23715.6         17119.3         329.814  77
   35         22865.2         16695.8          308.47  79
   36         22317.2         16340.5         298.837  81
   37         21472.8         15869.2         280.179  83
   38         20657.2         15697.2         248.002  85
   39         20031.1         15298.3         236.639  87
   40           18678         14333.9         217.206  89
   41         18318.1         14053.6         213.225  93
   42         17741.9         13720.8         201.055  95
   43         16944.5         13223.2         186.068  97
   44         16420.6         12816.6         180.201  99
   45         15756.4         12558.4           159.9  101
   46           15367         12309.6          152.87  103
   47         14765.6         11953.8         140.588  105
   48         14427.1         11701.4         136.289  109
   49         14013.3         11478.7         126.729  111
   50         13692.6         11204.8          124.39  113
   51           13320         10827.5          124.62  115
   52         12989.4         10645.8          117.18  117
   53         12788.5         10538.5         112.497  119
   54         12468.3           10301         108.365  121
   55         12197.2           10130         103.359  123
   56         11935.5            9895         102.026  125
   57         11709.1         9669.39         101.984  127
   58         11492.4         9379.53         105.644  129
   59         11207.2         9236.62         98.5292  131
   60         11011.8         9087.57         96.2109  133
   61         10805.6         8879.38         96.3091  135
   62           10578         8485.74         104.611  137
   63         10318.5         8255.78         103.135  139
   64         10192.9         8193.17         99.9859  141
   65         10033.9         8075.49          97.923  143
   66         9927.73         7893.87         101.693  145
   67         9738.23         7806.62         96.5802  147
   68         9588.15         7643.31         97.2421  149
   69         9446.98         7470.62         98.8179  151
   70         9372.91          7136.7          111.81  153
   71         9119.34          7073.3         102.302  155
   72         9048.47         7052.59         99.7941  157
   73         8958.19          6977.8         99.0195  159
   74         8804.93         6864.81         97.0057  161
   75         8699.57         6733.45         98.3061  165
   76         8586.17         6643.26         97.1452  167
   77         8463.38         6509.85         97.6762  169
   78         8377.86          6389.4         99.4232  171
   79         8283.48         6275.71         100.388  173
   80         8188.93         6182.02         100.345  175
   81          8121.5            6075         102.325  177
   82          8033.3          6043.1         99.5102  179
   83         7964.36         5993.29         98.5538  181
   84         7892.08         5926.18         98.2947  183
   85         7835.99         5767.56         103.422  185
   86         7705.13         5696.58         100.428  187
   87         7642.69         5621.36         101.067  189
   88         7596.54         5552.01         102.227  191
   89         7525.67         5476.12         102.477  193
   90         7476.94         5430.88         102.303  197
   91         7425.39          5414.9         100.524  199
   92         7372.61         5402.17         98.5218  201
   93         7299.59         5373.24         96.3176  203
   94         7288.85         5351.07         96.8887  205
   95         7193.07         5312.44         94.0312  207
   96          7157.6         5279.54         93.9031  209
   97         7110.69         5236.39         93.7149  211
   98         7058.76         5177.47         94.0646  213
   99         7009.36         5145.78          93.179  215
  100         6984.55         5128.89          92.783  217
  101         6950.55         5099.02         92.5767  219
  102         6923.14         5068.81         92.7164  221
  103         6887.63         5045.17         92.1233  223
  104         6851.47         5014.49         91.8488  225
  105         6818.71         4987.21         91.5753  227
  106         6790.07         4951.55         91.9261  229
  107         6758.75         4937.64         91.0555  231
  108         6736.56          4924.6         90.5977  233
  109         6715.09         4909.78         90.2657  235
  110         6700.28         4885.14          90.757  237
  111         6664.18         4869.63         89.7276  239
  112         6647.49          4854.4         89.6544  241
  113         6627.74         4835.15         89.6295  243
  114         6594.99         4801.93         89.6528  245
  115         6582.81         4772.85         90.4979  247
  116         6550.32         4766.49         89.1917  249
  117         6538.64         4763.96         88.7339  251
  118         6519.58         4757.27         88.1158  253
  119         6498.43         4740.88         87.8775  255
  120         6470.06         4725.63         87.2213  257
  121         6452.27         4707.94         87.2163  259
  122         6438.76         4694.22         87.2272  261
  123         6418.54         4671.97         87.3282  263
  124         6404.59         4657.59         87.3501  267
  125         6387.97         4644.68         87.1645  269
  126         6366.77         4628.14         86.9315  271
  127         6346.44         4608.42          86.901  273
  128         6326.79         4583.62         87.1586  275
  129         6305.76         4571.74         86.7012  277
  130         6292.81         4564.14         86.4336  279
  131         6280.97         4556.75         86.2108  281
  132         6269.03         4542.74         86.3144  285
  133         6253.46            4533         86.0228  287
  134         6242.29         4520.92         86.0681  289
  135         6228.89         4504.86         86.2019  291
  136         6215.59         4484.58         86.5504  293
  137         6203.42         4474.79         86.4316  295
  138          6188.6         4459.15         86.4728  297
  139         6178.88         4450.34         86.4269  299
  140         6171.68         4444.18          86.375  301
  141         6157.67         4426.42         86.5626  303
  142         6154.17         4410.83         87.1669  305
  143         6145.48         4411.11         86.7181  307
  144         6140.04         4405.87         86.7085  309
  145         6133.35         4394.88         86.9237  311
  146         6124.38         4380.35         87.2016  313
  147         6122.75          4378.3         87.2226  319
  148         6107.05         4350.84         87.8105  321
  149         6094.35         4332.13         88.1112  323
  150          6088.6         4309.54         88.9533  325
  151         6077.81         4317.67          88.007  327
  152         6074.78         4321.06         87.6861  329
  153         6067.15         4326.72         87.0212  331
  154         6062.62         4325.88          86.837  335
  155         6056.51         4323.33          86.659  337
  156         6049.35         4316.41         86.6469  339
  157          6045.1         4310.52          86.729  341
  158         6040.03         4306.19         86.6921  343
  159         6033.26         4303.28          86.499  345
  160         6027.54         4304.23         86.1656  347
  161         6021.29         4303.61         85.8838  349
  162         6015.77         4303.85          85.596  351
  163         6010.44            4303         85.3722  353
  164            6007         4303.09         85.1956  357
  165         6001.66         4300.61         85.0525  359
  166         5997.65         4297.17         85.0239  361
  167         5991.28         4292.39         84.9446  363
  168         5988.71         4285.34         85.1684  365
  169         5981.97         4285.83          84.807  367
  170         5978.03         4285.25         84.6387  369
  171         5974.13         4284.75         84.4691  371
  172         5970.19          4282.6         84.3792  373
  173         5965.37         4282.06         84.1658  375
  174         5963.44         4280.33         84.1551  377
  175          5960.9         4277.99         84.1457  379
  176         5957.05         4275.47         84.0794  381
  177          5955.5         4271.85         84.1826  383
  178         5949.87            4271         83.9435  385
  179         5947.74         4270.69         83.8524  387
  180         5945.42         4270.47         83.7475  389
  181         5941.47         4270.65          83.541  391
  182         5940.76         4269.43         83.5662  393
  183         5935.96          4269.7         83.3129  395
  184         5934.25         4268.79          83.273  397
  185         5931.06         4267.29         83.1886  399
  186         5927.79         4264.33         83.1728  401
  187         5923.62         4262.12         83.0748  403
  188         5920.39         4259.23         83.0577  405
  189         5917.98         4256.37         83.0809  407
  190         5916.69          4255.1         83.0794  409
  191         5914.62         4253.91         83.0352  411
  192         5912.62         4252.27         83.0175  413
  193         5910.62         4250.61         83.0008  415
  194         5906.48         4246.21         83.0134  417
  195         5903.74         4241.18          83.128  419
  196         5900.47         4240.46         83.0006  421
  197         5899.11         4240.21         82.9448  423
  198         5897.59         4239.87          82.886  425
  199         5895.15         4239.45         82.7849  427
  200         5891.63         4239.07         82.6283  429
  201          5889.2         4238.17         82.5514  431
  202         5887.53         4237.54         82.4999  433
  203         5884.65         4235.89         82.4378  435
  204         5882.66         4236.02         82.3318  439
  205          5880.3         4234.86         82.2719  441
  206         5878.33         4233.45         82.2439  443
  207         5876.25         4231.65         82.2303  445
  208         5875.79         4230.22         82.2783  447
  209         5872.95         4229.31         82.1821  449
  210         5871.88         4228.58          82.165  451
  211         5870.63          4227.8         82.1419  453
  212         5868.31         4226.31         82.1002  455
  213         5867.01         4225.24         82.0883  457
  214          5862.9         4222.73         82.0081  459
  215          5861.6         4221.72         81.9941  461
  216         5859.55         4220.48         81.9533  463
  217         5858.66         4218.99         81.9839  465
  218         5855.56         4218.67         81.8444  467
  219         5854.13         4218.47         81.7834  469
  220         5852.93          4218.6         81.7166  471
  221         5850.68         4219.37         81.5653  473
  222         5847.02         4221.88         81.2571  475
  223         5844.97         4223.97         81.0504  479
  224          5843.1         4224.57         80.9265  481
  225         5841.28         4225.41         80.7935  483
  226         5839.11         4226.07         80.6518  485
  227         5836.35         4227.07         80.4642  487
  228         5834.63         4226.93         80.3851  489
  229         5832.95         4225.79         80.3582  491
  230         5830.79          4224.5         80.3144  493
  231         5828.44         4222.58         80.2933  495
  232         5825.95         4220.61          80.267  497
  233         5823.25         4218.35          80.245  499
  234         5820.32         4216.09         80.2116  501
  235         5819.15         4215.49         80.1834  503
  236         5815.95         4214.08         80.0936  505
  237         5813.78         4211.86          80.096  507
  238         5812.24         4210.55         80.0841  509
  239         5810.07         4207.47         80.1298  511
  240         5808.86         4205.77         80.1545  513
  241         5806.82         4203.92          80.145  515
  242         5803.88         4201.96         80.0962  517
  243         5800.23         4202.08         79.9078  519
  244         5798.91         4203.21         79.7851  521
  245         5796.99         4205.08         79.5955  523
  246         5795.42         4208.11         79.3656  525
  247         5793.67          4206.5         79.3583  527
  248         5791.45         4204.47         79.3488  529
  249         5790.15         4204.05         79.3049  531
  250         5787.82         4202.37         79.2722  533
  251         5785.74         4200.33         79.2704  535
  252         5783.95         4199.11         79.2419  537
  253         5782.52         4197.74         79.2389  539
  254         5781.22         4197.12         79.2047  541
  255         5779.04         4195.96         79.1541  543
  256         5778.03         4195.82         79.1101  545
  257         5776.72         4195.33         79.0696  547
  258         5775.58         4194.87         79.0355  549
  259         5774.34         4194.59         78.9876  551
  260         5772.58         4194.39         78.9098  553
  261          5770.6         4193.41         78.8598  555
  262         5769.26          4192.6         78.8326  557
  263         5767.94         4191.87         78.8039  559
  264         5766.93         4190.87         78.8033  561
  265         5765.48         4189.69         78.7897  563
  266         5763.61         4186.07         78.8771  565
  267         5762.16         4184.77         78.8696  567
  268         5761.44         4184.44           78.85  569
  269         5760.26         4183.57         78.8344  571
  270         5759.02         4181.01         78.9007  573
  271         5757.34         4179.31         78.9014  575
  272         5754.89         4174.91         78.9988  577
  273         5753.53         4171.02         79.1253  579
  274         5752.67         4165.07         79.3795  581
  275         5750.88         4164.08         79.3401  583
  276         5750.13         4164.08         79.3025  585
  277         5749.07         4164.12         79.2473  587
  278         5747.13         4164.47         79.1329  589
  279         5745.03          4164.2         79.0414  593
  280         5741.61         4164.14         78.8737  595
  281         5738.42         4162.89         78.7767  597
  282         5736.43         4162.24         78.7096  599
  283         5734.62          4161.4          78.661  601
  284         5733.43         4161.17         78.6128  603
  285         5731.11         4161.08         78.5019  605
  286         5730.01         4162.53         78.3742  607
  287          5727.8         4161.24         78.3279  609
  288         5725.15         4159.14         78.3003  611
  289         5723.18         4157.42         78.2881  613
  290         5721.26         4153.45         78.3905  615
  291         5718.38         4150.53         78.3924  617
  292         5717.42         4149.68          78.387  619
  293          5716.3         4148.45         78.3926  621
  294         5714.27         4146.25         78.4013  623
  295         5713.32         4141.84         78.5742  625
  296          5709.8          4141.1         78.4349  627
  297         5708.07         4139.77          78.415  629
  298         5706.22         4137.79         78.4214  631
  299         5703.17         4133.97         78.4599  633
  300         5701.74         4129.58         78.6082  635
  301         5698.65         4128.42         78.5114  637
  302         5697.33         4127.99         78.4669  639
  303         5695.02         4127.04         78.3993  641
  304         5693.44         4125.75         78.3843  645
  305         5691.33         4124.97         78.3179  647
  306          5689.5         4123.81         78.2845  649
  307            5688         4122.73         78.2636  651
  308         5686.28         4121.96         78.2159  653
  309         5684.27         4121.34         78.1464  655
  310         5682.06          4121.3         78.0379  657
  311         5679.44         4120.64         77.9399  659
  312         5678.11         4120.08         77.9014  661
  313         5675.65         4118.83         77.8406  663
  314         5675.21         4119.66         77.7775  665
  315         5672.61         4117.95         77.7333  667
  316         5671.29         4116.36         77.7462  669
  317         5669.58         4114.12         77.7731  671
  318          5667.5          4110.9         77.8297  673
  319         5665.52         4107.56          77.898  675
  320         5664.26         4107.07         77.8591  677
  321         5662.49         4106.48         77.8008  679
  322         5661.04         4104.21         77.8416  681
  323         5658.98         4102.75         77.8118  683
  324         5655.76         4098.71         77.8523  685
  325          5653.7         4095.25         77.9223  687
  326         5653.29         4092.46         78.0415  689
  327         5650.03         4090.23         77.9904  691
  328         5648.22         4090.02         77.9099  693
  329         5646.25         4089.93         77.8162  695
  330         5643.31         4088.02         77.7643  697
  331         5641.65         4086.13         77.7762  699
  332         5639.64          4084.8         77.7419  701
  333         5638.59         4084.04         77.7272  703
  334         5636.76         4082.99         77.6885  705
  335         5635.45         4081.82         77.6813  709
  336         5633.57         4080.91         77.6328  711
  337         5631.87         4079.81         77.6032  713
  338         5630.64         4078.25         77.6196  715
  339         5629.27         4077.09          77.609  717
  340         5627.61         4075.87          77.587  719
  341         5625.52         4071.58          77.697  721
  342         5623.27         4071.12         77.6075  723
  343          5621.8         4069.76         77.6019  725
  344         5619.23         4066.53         77.6352  727
  345         5617.84         4063.22         77.7311  731
  346         5615.95         4060.42         77.7767  733
  347         5613.79         4056.27         77.8762  735
  348         5612.94         4053.18         77.9881  737
  349         5611.91         4052.95          77.948  739
  350         5610.74         4052.96         77.8891  741
  351         5609.42         4052.36         77.8531  743
  352         5606.63         4050.74         77.7943  745
  353         5605.03          4048.6         77.8217  749
  354         5603.11         4046.46         77.8325  751
  355         5600.94         4042.78          77.908  753
  356          5599.8         4039.83         77.9983  755
  357         5598.34          4037.8         78.0268  757
  358         5596.49         4035.07         78.0708  759
  359         5595.17         4033.18         78.0997  761
  360         5593.66         4031.07         78.1292  763
  361         5592.15         4029.58         78.1285  765
  362         5590.59         4027.05          78.177  767
  363         5589.01         4026.07         78.1471  769
  364         5587.83         4025.09         78.1373  771
  365         5585.71         4022.25          78.173  773
  366         5584.67         4021.44         78.1613  777
  367         5582.98         4018.85         78.2062  779
  368         5580.95         4015.34         78.2803  781
  369         5579.46         4013.12         78.3166  783
  370         5578.25         4010.63         78.3812  785
  371          5577.1         4010.87         78.3114  787
  372         5575.31         4010.63         78.2342  789
  373          5573.8            4009         78.2401  791
  374         5571.53         4003.98         78.3776  793
  375         5569.34         3999.23         78.5058  795
  376         5567.72         3994.03         78.6847  797
  377          5566.6         3990.84         78.7878  799
  378         5564.95         3987.22         78.8866  801
  379         5562.53         3979.45         79.1539  803
  380          5560.3         3975.66         79.2318  805
  381         5558.86         3975.09         79.1883  807
  382         5555.99         3969.83         79.3078  809
  383         5553.87         3966.29         79.3793  811
  384         5552.51         3964.33         79.4088  813
  385         5550.79         3959.87         79.5459  815
  386         5549.13         3955.84         79.6644  817
  387         5546.18         3948.86          79.866  819
  388          5543.3         3943.18         80.0063  821
  389         5539.98         3938.84         80.0572  823
  390         5537.73         3938.65         79.9542  825
  391         5535.22         3938.72          79.825  827
  392          5534.7         3935.69         79.9505  829
  393         5531.72         3935.85         79.7938  831
  394         5530.79         3934.68         79.8053  833
  395         5529.26         3932.46         79.8398  835
  396         5527.59         3928.87          79.936  837
  397         5525.17         3926.51         79.9331  839
  398         5523.13         3924.11         79.9509  841
  399         5521.33          3921.5         79.9913  843
  400         5520.61         3914.81         80.2897  845
  401         5517.68         3913.47         80.2105  847
  402         5516.21         3911.28         80.2465  849
  403          5514.8         3907.85         80.3478  851
  404         5512.62         3902.73         80.4943  853
  405         5511.18         3898.45         80.6362  857
  406         5509.54         3895.04         80.7249  859
  407         5508.27         3892.72         80.7773  861
  408         5506.36         3888.73         80.8814  863
  409         5505.76         3884.57         81.0595  865
  410         5503.45         3884.21         80.9619  867
  411         5502.32         3883.82         80.9254  869
  412         5501.29         3883.07          80.911  871
  413         5499.48          3881.1         80.9191  873
  414         5498.59         3877.55         81.0521  875
  415         5495.72         3875.04         81.0335  877
  416         5494.82         3874.05         81.0382  879
  417         5493.16         3871.54         81.0809  881
  418         5492.78         3866.49         81.3146  883
  419          5490.1         3866.14         81.1981  885
  420         5488.64         3864.71         81.1963  887
  421         5487.29         3862.41          81.244  889
  422         5485.32         3859.33         81.2994  891
  423         5483.72         3855.46         81.4132  895
  424         5481.48         3852.07         81.4701  897
  425         5480.15         3850.46         81.4844  899
  426         5478.17          3847.5         81.5337  901
  427         5476.88         3845.31         81.5784  905
  428         5474.91          3842.9         81.6005  907
  429         5472.29         3839.68         81.6306  909
  430         5470.51         3835.94         81.7285  911
  431         5468.67         3834.74         81.6963  913
  432         5466.85         3833.71          81.657  915
  433         5464.78         3831.39         81.6696  917
  434          5462.5         3830.53         81.5984  919
  435         5461.05         3829.16         81.5945  921
  436         5458.35         3825.75         81.6302  923
  437         5456.97         3823.39         81.6791  927
  438         5454.98          3820.5          81.724  929
  439         5451.76         3814.71         81.8523  931
  440         5450.32         3810.37         81.9979  933
  441         5448.46         3809.33         81.9566  935
  442         5446.71         3808.95         81.8882  937
  443         5444.62         3808.09         81.8265  939
  444         5441.91         3808.08         81.6916  941
  445         5439.23         3808.44         81.5391  943
  446         5437.39         3807.77          81.481  945
  447         5434.39         3807.92         81.3233  947
  448         5433.27         3807.68         81.2797  949
  449         5431.44         3807.34          81.205  951
  450         5429.34          3806.8          81.127  953
  451          5428.2         3806.79         81.0708  955
  452         5426.53          3806.2         81.0169  957
  453          5424.1          3806.3           80.89  959
  454         5422.71         3805.78         80.8463  961
  455         5419.97         3805.39         80.7293  963
  456          5418.5         3804.75         80.6877  967
  457         5417.11         3804.15         80.6479  969
  458         5414.83         3803.31         80.5761  971
  459         5413.69         3802.82         80.5432  973
  460         5412.17         3802.89         80.4637  975
  461          5409.9         3803.02         80.3438  977
  462         5408.83         3804.17         80.2329  979
  463         5406.93         3803.28         80.1822  981
  464         5405.12         3802.08         80.1522  983
  465         5403.81         3801.32         80.1242  985
  466         5401.53         3799.05         80.1243  987
  467         5400.51         3798.42         80.1046  991
  468         5399.62         3797.78          80.092  993
  469         5398.66         3797.19         80.0734  995
  470         5397.22         3796.36          80.043  997
  471         5395.97         3794.52         80.0724  999
  472         5393.82         3794.32         79.9748  1001
  473         5392.04         3793.75         79.9148  1003
  474         5390.93         3793.39          79.877  1005
  475          5388.9          3791.3         79.8798  1007
  476         5386.93         3791.54         79.7694  1009
  477         5385.88         3791.07         79.7407  1011
  478         5383.68         3789.88         79.6897  1013
  479         5382.53         3789.37         79.6578  1015
  480         5380.26         3787.69         79.6284  1017
  481         5378.31          3785.2         79.6555  1019
  482         5376.99         3783.22         79.6885  1021
  483          5375.8         3777.31         79.9246  1023
  484         5373.45         3776.15         79.8648  1025
  485         5372.41          3775.3         79.8555  1027
  486         5371.37         3773.99         79.8691  1029
  487          5369.1         3771.45         79.8823  1031
  488          5368.2         3769.71         79.9249  1033
  489         5364.87         3767.61          79.863  1035
  490         5363.67         3766.97          79.835  1037
  491         5361.82         3766.09         79.7864  1039
  492         5359.09         3763.81         79.7638  1041
  493         5357.46         3761.05         79.8208  1043
  494         5354.54         3759.65         79.7441  1045
  495         5353.24         3758.76         79.7237  1047
  496          5351.4         3757.11         79.7145  1049
  497         5350.03         3756.32         79.6855  1053
  498         5347.95         3754.47          79.674  1055
  499         5345.57         3751.79         79.6892  1057
  500         5343.54         3748.33         79.7607  1059
  501         5341.48         3745.86         79.7809  1061
  502         5339.73         3744.59         79.7569  1063
  503         5337.27         3741.14         79.8065  1065
  504         5334.98          3739.5         79.7739  1067
  505         5333.29          3737.7         79.7797  1069
  506         5330.63         3735.12         79.7755  1071
  507         5329.22         3733.02         79.8098  1075
  508         5328.04         3732.41         79.7811  1077
  509         5325.82         3731.24         79.7289  1079
  510         5324.92         3729.95         79.7486  1081
  511         5323.68         3729.58         79.7052  1083
  512         5321.75         3728.64         79.6559  1085
  513         5320.54         3728.04         79.6252  1087
  514         5317.98         3727.03         79.5476  1089
  515         5316.97         3726.35         79.5313  1091
  516         5315.24         3725.93         79.4657  1093
  517         5314.33         3725.55         79.4386  1095
  518         5312.69         3724.91         79.3889  1097
  519         5311.06         3722.89         79.4086  1099
  520         5308.94         3721.95         79.3493  1101
  521         5307.26          3720.1          79.358  1103
  522         5305.95         3718.43         79.3758  1105
  523          5305.1         3715.74          79.468  1107
  524         5303.48         3715.56         79.3961  1109
  525          5302.4         3715.37         79.3515  1111
  526         5301.28          3715.2         79.3039  1113
  527         5298.98         3714.68          79.215  1115
  528          5297.5         3714.17         79.1666  1119
  529          5295.2         3713.65         79.0774  1121
  530         5294.11         3713.23          79.044  1123
  531            5293         3713.24         78.9881  1125
  532         5292.07          3712.9         78.9586  1127
  533         5290.78         3712.72         78.9032  1129
  534         5289.01         3712.14         78.8437  1131
  535         5287.91         3711.55         78.8181  1133
  536         5287.06         3709.53         78.8769  1135
  537         5284.95          3709.1         78.7926  1137
  538         5284.28         3708.58          78.785  1139
  539         5283.27         3707.83         78.7718  1141
  540          5281.6         3706.09         78.7758  1143
  541         5279.55         3705.05         78.7251  1145
  542          5277.9         3703.65         78.7129  1147
  543          5276.3         3702.35         78.6973  1149
  544         5275.42         3702.13         78.6642  1151
  545         5274.68         3701.84         78.6421  1153
  546         5273.02         3700.87         78.6073  1155
  547         5272.25         3700.64         78.5807  1157
  548         5271.22         3699.74         78.5742  1159
  549         5269.66         3697.96         78.5852  1161
  550         5268.61         3695.48         78.6565  1163
  551         5267.83         3695.27         78.6277  1165
  552          5266.4         3694.54         78.5928  1167
  553         5265.42         3693.26          78.608  1169
  554         5264.22         3692.28         78.5969  1171
  555         5263.23         3691.16          78.603  1173
  556         5262.05         3690.08         78.5987  1175
  557         5260.99         3689.73         78.5629  1177
  558         5259.55         3689.35           78.51  1179
  559         5258.78         3688.48         78.5152  1183
  560         5257.68         3688.48         78.4601  1185
  561         5256.75         3688.02         78.4366  1187
  562          5255.6         3687.52         78.4042  1189
  563         5254.52         3686.47         78.4027  1191
  564          5253.6         3685.88         78.3861  1193
  565          5252.2         3684.47         78.3865  1195
  566         5251.13         3684.48         78.3322  1197
  567         5250.31          3684.1         78.3105  1199
  568         5248.68         3683.56         78.2561  1201
  569         5248.17         3681.08         78.3542  1203
  570         5246.53         3681.26         78.2637  1205
  571         5245.53         3680.59         78.2474  1207
  572          5244.8         3679.62         78.2592  1209
  573         5243.63          3678.3         78.2664  1211
  574         5242.78         3675.81         78.3486  1213
  575         5240.99          3675.1         78.2947  1215
  576          5240.3          3674.9         78.2696  1217
  577         5238.85         3674.33         78.2261  1219
  578         5237.93         3673.11         78.2414  1223
  579         5236.62         3672.36         78.2131  1225
  580         5235.44         3671.51         78.1969  1227
  581         5234.63         3671.01         78.1811  1229
  582         5233.58         3670.98         78.1297  1231
  583         5231.71         3671.45         78.0127  1233
  584         5230.59         3671.41         77.9588  1237
  585          5228.8         3671.91         77.8442  1239
  586         5227.24         3672.33         77.7454  1241
  587          5226.1         3672.56         77.6771  1243
  588         5224.85         3671.88         77.6481  1245
  589         5223.68         3671.06         77.6311  1247
  590         5222.58         3670.62         77.5982  1249
  591         5220.85         3670.48         77.5188  1251
  592         5218.36         3669.92          77.422  1253
  593         5217.15         3669.72         77.3715  1255
  594          5215.7          3670.3         77.2702  1257
  595         5214.79         3670.27         77.2259  1261
  596          5213.4          3670.9         77.1255  1263
  597         5211.09         3671.78         76.9658  1265
  598         5209.49         3672.75          76.837  1267
  599         5207.54         3672.57         76.7487  1269
  600          5205.3         3671.84         76.6732  1271
  601         5204.09         3669.86         76.7119  1273
  602         5201.59         3669.79         76.5901  1275
  603         5200.15         3669.31          76.542  1277
  604         5198.36         3668.47         76.4942  1279
  605         5195.86         3667.39         76.4234  1281
  606         5194.25         3666.04         76.4106  1283
  607         5192.46         3665.68         76.3393  1285
  608         5191.49         3665.67         76.2906  1287
  609         5190.24          3666.3          76.197  1289
  610         5189.45          3666.8         76.1326  1291
  611         5186.96         3667.02          75.997  1293
  612          5185.5         3666.76          75.937  1295
  613         5184.15         3666.35           75.89  1297
  614         5181.84         3665.13         75.8356  1299
  615         5180.88         3664.64          75.812  1301
  616         5177.84         3663.38          75.723  1303
  617         5176.81         3663.07         75.6872  1305
  618         5174.66         3662.78         75.5939  1307
  619         5173.14         3661.35         75.5894  1309
  620         5170.38         3661.21         75.4586  1311
  621         5169.06         3660.66         75.4198  1313
  622         5167.93         3660.11         75.3911  1315
  623          5166.1         3659.29         75.3404  1317
  624         5165.09         3659.36         75.2863  1321
  625         5163.41         3659.02          75.219  1323
  626         5161.23         3658.84         75.1194  1325
  627         5158.86         3658.58         75.0139  1327
  628         5156.72         3657.31         74.9708  1329
  629         5153.47         3656.14         74.8667  1331
  630         5151.68         3654.85         74.8412  1333
  631         5149.97         3653.49         74.8242  1335
  632         5147.51         3651.73         74.7887  1337
  633         5144.81         3649.27          74.777  1339
  634         5142.81         3648.17         74.7321  1341
  635         5139.91         3647.27         74.6317  1343
  636         5137.96         3645.67         74.6141  1345
  637         5135.92         3644.91         74.5509  1347
  638         5132.83         3642.28         74.5274  1349
  639         5131.78         3641.32          74.523  1351
  640         5130.33            3640         74.5166  1353
  641         5126.95         3635.66         74.5646  1355
  642         5125.05         3633.45           74.58  1357
  643         5121.69         3628.21         74.6736  1359
  644         5118.88         3624.42         74.7228  1361
  645          5116.1         3622.47         74.6815  1363
  646         5114.65          3623.2         74.5725  1365
  647         5112.51         3623.59         74.4459  1367
  648         5110.29         3625.87         74.2209  1369
  649          5107.2         3622.75         74.2222  1371
  650          5105.1         3619.12         74.2986  1373
  651         5103.02         3615.69         74.3664  1375
  652         5102.64         3610.35         74.6146  1377
  653         5098.97         3609.72         74.4622  1379
  654         5097.52          3609.1          74.421  1381
  655         5095.26         3607.07         74.4095  1383
  656         5092.53          3604.9         74.3814  1385
  657         5088.68         3599.99         74.4341  1387
  658         5085.05         3595.54         74.4755  1389
  659         5082.12         3589.81         74.6152  1391
  660         5079.08         3588.75         74.5169  1393
  661         5077.14          3588.7         74.4218  1395
  662         5071.55         3586.11         74.2719  1397
  663         5069.13         3582.15         74.3488  1399
  664         5065.03         3579.09         74.2968  1401
  665         5061.86         3573.74         74.4063  1403
  666         5058.57         3567.48         74.5545  1405
  667         5057.76         3554.33         75.1712  1407
  668         5051.55         3553.36         74.9095  1409
  669         5049.21         3552.54         74.8333  1411
  670         5045.63         3549.59         74.8022  1413
  671         5040.47         3544.32         74.8073  1415
  672         5035.46          3534.6          75.043  1417
  673         5030.55         3531.63         74.9457  1419
  674         5027.81         3529.72         74.9046  1421
  675         5025.02         3527.75         74.8633  1423
  676         5021.01         3519.63         75.0688  1425
  677         5015.37         3517.24         74.9064  1427
  678         5011.23         3513.25         74.8989  1429
  679         5008.11         3509.34          74.938  1431
  680         5004.06          3501.3          75.138  1433
  681         4999.41         3496.49         75.1459  1435
  682         4996.17         3493.64         75.1261  1437
  683         4991.05         3489.05         75.0997  1439
  684         4988.08         3485.42          75.133  1443
  685         4983.66         3481.46         75.1102  1445
  686         4976.63         3472.78         75.1926  1447
  687         4973.82         3467.64          75.309  1449
  688         4969.74         3464.87         75.2436  1451
  689         4966.48          3463.5         75.1489  1453
  690         4963.19         3461.64         75.0774  1455
  691          4957.9         3459.22          74.934  1457
  692         4956.49         3456.89         74.9798  1459
  693         4950.81         3455.31         74.7748  1461
  694         4948.19          3453.9         74.7146  1463
  695         4945.26         3452.16         74.6548  1465
  696         4940.79         3449.89          74.545  1467
  697         4938.26         3446.31         74.5975  1469
  698         4932.56         3444.99         74.3783  1471
  699         4930.36         3444.22          74.307  1473
  700         4926.95         3442.47         74.2238  1475
  701          4923.9          3438.5         74.2702  1477
  702          4918.5         3435.72         74.1391  1479
  703         4915.63         3432.45         74.1591  1481
  704         4913.37         3429.55         74.1911  1483
  705         4909.23         3425.05         74.2088  1485
  706         4906.44         3421.99         74.2224  1489
  707         4902.61         3419.11         74.1748  1491
  708         4899.62         3417.14         74.1238  1493
  709         4895.93         3413.16         74.1384  1495
  710         4893.16         3411.01         74.1072  1497
  711         4891.06         3410.03         74.0516  1499
  712         4888.29         3408.12         74.0086  1501
  713         4886.29         3406.47         73.9909  1503
  714         4883.26         3403.13         74.0063  1505
  715         4880.24         3399.53         74.0352  1507
  716         4877.16         3395.32         74.0924  1509
  717         4874.46         3393.27         74.0594  1511
  718         4872.12          3391.7         74.0211  1513
  719         4869.03         3390.61         73.9208  1515
  720         4866.63         3385.92         74.0356  1517
  721         4864.65         3385.43         73.9613  1519
  722         4861.95         3383.41         73.9269  1521
  723         4860.24         3381.88         73.9181  1523
  724          4857.6         3378.69         73.9454  1525
  725         4855.13         3378.07         73.8527  1527
  726          4852.9         3378.87         73.7017  1529
  727         4850.84         3379.95         73.5443  1531
  728         4848.52         3381.18         73.3672  1533
  729         4845.94         3380.98         73.2479  1535
  730         4843.68         3380.84         73.1419  1537
  731          4841.7          3379.7         73.0998  1539
  732         4839.89         3377.83          73.103  1541
  733         4837.37         3377.09         73.0139  1543
  734         4836.14         3376.46         72.9839  1545
  735         4833.61          3375.2         72.9205  1547
  736         4832.28         3374.45         72.8916  1551
  737         4830.87         3373.56         72.8655  1553
  738          4828.8         3371.76         72.8522  1555
  739         4827.62         3371.27          72.817  1557
  740         4825.83         3370.37         72.7733  1559
  741         4823.15         3369.94         72.6608  1561
  742         4821.79         3368.67         72.6562  1563
  743         4818.82         3367.93         72.5446  1565
  744         4817.78         3367.21         72.5286  1567
  745         4816.42         3365.84         72.5293  1569
  746         4815.32         3363.47         72.5925  1573
  747         4813.62         3361.31         72.6155  1575
  748          4812.2         3359.04         72.6581  1577
  749         4811.01         3356.27         72.7371  1579
  750         4809.81         3355.22         72.7297  1581
  751         4808.86         3355.04         72.6909  1583
  752         4806.71         3354.28         72.6213  1585
  753         4806.27         3354.43         72.5922  1587
  754         4804.22         3353.62         72.5298  1589
  755         4803.26         3352.95         72.5153  1591
  756         4801.97         3352.42         72.4778  1593
  757          4800.2          3351.4         72.4399  1595
  758         4797.87         3350.43          72.372  1597
  759         4796.16         3349.29         72.3433  1599
  760         4794.77         3347.64         72.3566  1601
  761         4793.98         3347.71         72.3132  1603
  762         4793.31         3347.34         72.2988  1605
  763         4791.76         3346.53         72.2615  1607
  764         4790.69         3346.05         72.2322  1609
  765         4788.96         3345.26         72.1848  1611
  766         4787.46          3344.2         72.1632  1613
  767         4786.35         3343.49         72.1431  1615
  768         4785.37          3343.3         72.1036  1617
  769         4784.42         3342.64         72.0886  1619
  770         4783.24          3342.8         72.0224  1621
  771         4782.14         3342.15         71.9996  1623
  772         4781.16         3342.16         71.9501  1625
  773         4780.08         3342.14          71.897  1627
  774         4779.18         3341.44         71.8868  1629
  775         4778.02         3340.42           71.88  1631
  776         4776.76         3338.83         71.8962  1633
  777         4776.11         3336.83         71.9636  1635
  778          4775.5         3336.62         71.9436  1637
  779         4774.27         3335.77         71.9248  1639
  780         4773.61         3335.42         71.9097  1641
  781         4772.54         3333.64         71.9453  1643
  782         4771.44         3333.11         71.9165  1645
  783         4770.57         3332.58         71.8996  1647
  784         4769.42         3331.43         71.8997  1649
  785         4768.59         3330.22         71.9181  1651
  786         4767.61         3328.99         71.9307  1653
  787         4766.83         3327.57         71.9633  1655
  788         4766.18         3326.17         72.0005  1657
  789         4765.94         3323.53         72.1202  1659
  790         4764.56         3322.73         72.0915  1661
  791         4764.14         3322.45         72.0844  1663
  792         4763.48         3321.68         72.0901  1665
  793         4762.45         3319.87          72.129  1667
  794         4761.77          3317.6         72.2081  1669
  795         4760.48         3316.16         72.2159  1671
  796         4759.99         3315.74         72.2123  1673
  797         4759.19         3314.79         72.2199  1675
  798         4758.69          3314.2         72.2247  1679
  799         4757.95         3313.31         72.2318  1681
  800         4757.23         3312.41         72.2408  1683
  801         4756.61         3311.62         72.2498  1685
  802         4755.98          3311.1         72.2441  1687
  803         4755.34         3311.22         72.2062  1689
  804          4754.4          3311.1         72.1654  1691
  805         4753.73         3312.21         72.0757  1693
  806         4752.94         3312.23         72.0352  1695
  807         4751.57         3312.81          71.938  1697
  808         4750.92         3312.49         71.9215  1699
  809         4750.26         3312.22         71.9022  1701
  810         4749.75         3312.18         71.8787  1703
  811         4749.13         3312.33           71.84  1705
  812         4748.22         3312.61         71.7802  1707
  813         4747.19         3312.78         71.7201  1709
  814          4746.4         3312.52         71.6941  1711
  815         4745.64         3311.77         71.6937  1713
  816         4745.19         3311.99         71.6601  1715
  817         4744.55         3311.27         71.6638  1717
  818         4743.03         3309.35          71.684  1719
  819         4742.43         3308.31         71.7062  1721
  820          4741.6          3307.9         71.6851  1723
  821          4740.6         3307.58         71.6513  1725
  822         4739.93         3307.39         71.6271  1727
  823          4739.5          3307.9         71.5801  1729
  824         4738.21         3307.49         71.5361  1731
  825         4737.67         3307.35         71.5164  1733
  826         4737.02         3307.54         71.4741  1735
  827         4736.32         3306.95         71.4686  1737
  828         4735.41         3307.25          71.408  1739
  829         4734.84         3307.16         71.3843  1741
  830         4734.27         3307.02         71.3624  1743
  831         4733.27         3306.54         71.3369  1745
  832            4733         3307.24         71.2878  1747
  833         4731.65         3306.48         71.2582  1749
  834          4731.1         3306.28         71.2409  1751
  835         4730.51         3306.46         71.2022  1753
  836         4729.36         3306.39         71.1489  1755
  837         4728.78         3307.98           71.04  1757
  838         4727.32         3306.67         71.0322  1759
  839         4726.85         3306.22         71.0318  1761
  840          4726.1         3305.53         71.0282  1763
  841         4725.42         3304.97         71.0224  1765
  842          4724.2         3304.01         71.0095  1767
  843         4723.31         3302.92         71.0194  1769
  844         4722.59         3301.91          71.034  1771
  845         4721.27         3299.87         71.0702  1773
  846         4720.51         3298.48         71.1016  1777
  847         4719.64         3297.58         71.1031  1779
  848         4718.95         3297.04         71.0955  1781
  849            4718         3296.43         71.0783  1783
  850          4717.3         3295.23         71.1035  1785
  851         4715.96         3295.12         71.0424  1787
  852         4714.91         3294.86         71.0029  1789
  853         4714.21         3294.65         70.9776  1791
  854         4712.57         3293.51          70.953  1793
  855         4711.71         3292.92         70.9395  1797
  856         4710.72         3291.92           70.94  1799
  857         4709.99         3291.12         70.9437  1801
  858         4708.86         3289.91         70.9471  1803
  859         4708.49         3287.52          71.048  1805
  860         4706.88         3287.49         70.9694  1807
  861         4706.02         3286.97         70.9522  1809
  862         4705.26         3286.13         70.9562  1811
  863         4703.94          3284.5         70.9724  1813
  864         4703.31         3280.03         71.1643  1815
  865         4701.12         3279.35         71.0884  1817
  866         4700.39         3278.93          71.073  1819
  867         4699.13          3277.7         71.0716  1821
  868         4698.58         3274.61         71.1987  1823
  869         4697.09         3274.76         71.1165  1825
  870         4696.38         3274.31         71.1032  1827
  871         4695.77         3273.52         71.1127  1829
  872         4694.67         3272.04         71.1312  1831
  873         4694.01         3270.25         71.1881  1835
  874         4692.97            3269         71.1987  1837
  875          4692.1         3267.73         71.2186  1839
  876         4691.18         3266.63         71.2275  1841
  877         4690.57         3264.61         71.2978  1843
  878         4689.55         3264.91         71.2323  1845
  879          4688.7         3265.12         71.1791  1847
  880         4688.05         3265.22         71.1416  1849
  881         4686.73         3264.75         71.0988  1851
  882         4686.33          3264.6         71.0867  1853
  883         4685.11         3263.86         71.0625  1855
  884         4684.75         3263.44         71.0656  1857
  885         4684.05         3262.85         71.0599  1859
  886         4683.09         3261.33         71.0882  1861
  887         4681.86         3260.72         71.0569  1863
  888         4680.77         3259.79         71.0491  1865
  889         4679.93          3258.7         71.0619  1867
  890         4679.22         3257.03         71.1095  1869
  891         4678.31         3256.72         71.0795  1871
  892         4677.41         3256.18         71.0614  1873
  893         4676.55         3255.98         71.0286  1875
  894         4675.44         3253.77         71.0831  1877
  895         4673.75         3254.28         70.9738  1879
  896         4673.03          3254.2         70.9413  1881
  897         4672.48            3254         70.9241  1883
  898         4671.58         3253.69         70.8944  1885
  899         4670.87         3253.43         70.8721  1889
  900         4669.76         3252.96         70.8401  1891
  901         4668.78         3252.42         70.8184  1893
  902         4667.86         3251.51         70.8177  1895
  903          4666.9         3251.14          70.788  1897
  904         4665.85         3250.36         70.7745  1899
  905         4664.61         3249.82         70.7394  1901
  906         4663.87          3249.6         70.7136  1903
  907         4663.05         3249.61         70.6724  1905
  908         4661.54          3250.4         70.5568  1907
  909         4660.54         3249.65         70.5447  1909
  910         4659.81         3249.39         70.5213  1911
  911         4658.63         3248.93         70.4851  1913
  912         4657.75         3248.74         70.4505  1915
  913         4656.67            3248         70.4336  1917
  914         4655.62         3247.29         70.4165  1919
  915         4654.48         3246.92         70.3781  1921
  916         4653.79         3246.54         70.3626  1923
  917         4653.15         3246.62         70.3264  1925
  918         4651.37         3247.21         70.2082  1927
  919         4650.52         3247.94         70.1292  1929
  920         4649.49         3247.65         70.0919  1931
  921         4647.94         3247.34         70.0296  1933
  922         4647.34         3247.21         70.0067  1935
  923         4646.44         3246.46          69.999  1937
  924         4644.56         3246.23         69.9167  1939
  925         4643.98         3245.81         69.9085  1941
  926          4642.6         3244.84         69.8879  1943
  927         4641.69         3243.55         69.9069  1947
  928         4640.44         3242.68          69.888  1949
  929         4639.08         3241.33         69.8875  1951
  930         4638.19         3240.69         69.8748  1953
  931          4637.2         3240.14         69.8528  1955
  932         4636.29         3240.15          69.807  1957
  933         4635.04         3240.14         69.7449  1959
  934          4633.9         3240.19         69.6852  1961
  935          4632.8         3239.59         69.6607  1963
  936         4631.45         3238.29         69.6581  1965
  937         4630.57         3237.65         69.6458  1967
  938         4629.39         3236.46         69.6463  1969
  939         4628.23         3235.35         69.6442  1971
  940         4627.79         3234.44         69.6672  1973
  941         4626.67          3234.3         69.6187  1975
  942         4625.93         3234.13         69.5898  1977
  943         4624.74         3233.73         69.5508  1979
  944         4622.94         3232.87         69.5035  1981
  945         4622.16         3232.52         69.4818  1985
  946         4620.41         3231.32         69.4543  1987
  947          4619.3         3230.58         69.4362  1989
  948            4618         3229.92         69.4036  1991
  949         4617.33         3229.54         69.3896  1993
  950         4616.48         3229.52         69.3481  1995
  951         4615.42         3229.18         69.3117  1997
  952         4614.68         3228.87          69.291  1999
  953         4614.12         3227.94         69.3093  2001
  954         4612.66          3227.3         69.2677  2003
  955         4611.88         3226.65         69.2616  2005
  956         4611.24         3226.03         69.2605  2007
  957         4610.02         3224.63         69.2691  2009
  958          4608.9         3223.09         69.2904  2011
  959         4607.99         3222.49         69.2751  2013
  960         4607.34         3222.02         69.2661  2015
  961         4606.58         3221.26         69.2659  2017
  962         4606.16         3219.97         69.3094  2019
  963         4604.73         3219.29         69.2724  2021
  964         4604.16         3218.75         69.2706  2023
  965         4603.61         3218.15         69.2727  2025
  966         4602.53         3217.36         69.2584  2027
  967         4601.88         3216.18          69.285  2031
  968         4601.04         3215.94         69.2548  2033
  969         4600.46          3215.6         69.2429  2035
  970         4599.55         3214.44         69.2557  2037
  971         4599.14         3213.67         69.2737  2039
  972         4598.35         3213.12         69.2618  2041
  973         4597.89         3212.58         69.2654  2043
  974          4597.4         3212.08         69.2659  2045
  975         4596.37         3210.85         69.2757  2047
  976            4596         3210.01         69.2994  2049
  977         4594.81         3209.28         69.2765  2051
  978         4594.44         3209.12         69.2663  2053
  979         4593.88         3208.67         69.2605  2055
  980         4593.46            3208         69.2729  2057
  981         4592.49         3207.07         69.2712  2059
  982            4592         3206.14          69.293  2061
  983          4591.6          3205.2         69.3197  2063
  984         4590.87         3203.75         69.3559  2065
  985         4590.31          3202.5         69.3908  2069
  986         4589.44         3201.09         69.4173  2071
  987         4588.74         3200.31         69.4217  2073
  988         4587.83         3198.98         69.4427  2075
  989         4587.03         3197.71         69.4661  2077
  990          4585.9         3196.26         69.4819  2079
  991         4585.04         3194.87         69.5085  2081
  992         4584.55         3194.26         69.5146  2083
  993         4583.56         3192.37         69.5596  2085
  994         4582.35         3190.97         69.5688  2087
  995         4581.45         3190.11         69.5667  2089
  996         4580.56         3188.98         69.5789  2091
  997         4579.95         3188.69          69.563  2093
  998          4579.3         3188.47         69.5415  2095
  999         4578.34         3187.97         69.5185  2097
 1000         4577.62         3188.04         69.4789  2099
