    0      1.4731e+06      1.4731e+06               0  1
    1     1.20119e+06     1.19173e+06          47.298  7
    2     1.04303e+06          452535         2952.45  9
    3          455807          449168         33.1961  11
    4          453150          447637         27.5653  13
    5          451793          446162         28.1569  15
    6          447303          441752         27.7545  17
    7          433876          427841         30.1738  19
    8          404490          383033         107.283  21
    9          376287          317311         294.876  23
   10          346417          289066         286.751  25
   11          311177          230091         405.429  27
   12          285898          213150         363.737  29
   13          231070          157231         369.196  31
   14          193503          144002         247.507  33
   15          172590          146794         128.981  35
   16          170437          145465         124.862  37
   17          166349          142853         117.476  39
   18          160993          139474         107.597  41
   19          157948          129744         141.022  43
   20          146623          125259         106.818  45
   21          144180          123227         104.767  47
   22          142560          119230         116.647  49
   23          139081          117261         109.101  51
   24          136832          114844         109.942  53
   25          131464          107768         118.478  55
   26          126413          101456         124.782  57
   27          124531         98925.5         128.026  61
   28          121504         96964.9         122.695  63
   29          119301           95504         118.987  65
   30          116098         93182.6         114.575  67
   31          111974           90098         109.382  69
   32          110744         89063.7         108.404  71
   33          108046           88711          96.675  73
   34          107092         88478.1         93.0709  75
   35          105449         87432.7         90.0835  77
   36          103200         85100.8         90.4974  79
   37          100369         80395.6         99.8667  81
   38         96973.4         77176.3         98.9855  83
   39         91565.1         71978.3         97.9341  85
   40         88253.7         67646.7         103.035  87
   41         86084.7         67959.3         90.6272  89
   42         85047.5         67824.2         86.1165  91
   43         82743.1           66770         79.8657  93
   44         79525.2         62237.1         86.4408  95
   45         75062.1         59278.6         78.9171  97
   46         69077.6         55066.7         70.0542  99
   47         68026.3         54150.4         69.3794  101
   48         66902.7         54028.7         64.3702  103
   49         65472.1           53676         58.9805  105
   50         64004.6         52905.5         55.4954  107
   51         63186.3         52292.4         54.4697  111
   52         62094.3         51527.2         52.8358  113
   53         60746.7         50464.3         51.4119  115
   54         60503.6         49429.9         55.3684  117
   55         58767.1         49370.3          46.984  119
   56         57625.7           49027         42.9936  121
   57         56608.4         48596.2         40.0612  123
   58         56210.3         48328.8         39.4071  127
   59         55582.1         48119.1         37.3151  129
   60         54473.6           47545         34.6433  131
   61         52947.7         46726.5         31.1064  133
   62         51619.2         45008.9         33.0512  135
   63         49879.2         43789.7         30.4473  137
   64         48756.8           42462          31.474  139
   65         46923.7         39983.3          34.702  141
   66         46579.8         39517.1         35.3134  145
   67         45847.3         38900.7         34.7334  147
   68         44557.9         38178.2         31.8986  149
   69         43824.4         37347.2         32.3858  153
   70         42439.1         36185.7         31.2667  155
   71         41236.1         34882.9         31.7663  157
   72         39959.1         32764.8         35.9717  159
   73         38847.1         32425.9         32.1057  161
   74         38336.8         32645.6         28.4557  163
   75         37757.8           32492         26.3294  165
   76           37060         32012.9         25.2353  167
   77           36245         31122.6         25.6116  169
   78         35080.8         29863.1         26.0885  171
   79         34462.6         29202.3         26.3014  175
   80         33858.8         28852.5         25.0317  177
   81         33240.1         28116.8         25.6166  179
   82           32379         27244.3         25.6736  181
   83         31321.8         26501.2          24.103  183
   84         30950.9         26033.4         24.5872  187
   85         29582.4         25182.2         22.0009  189
   86           29091         24815.8         21.3759  191
   87         27885.4         23303.1         22.9111  195
   88         26412.4         21834.4         22.8898  197
   89         26199.9         21838.6         21.8063  199
   90         25505.3         21510.8         19.9726  201
   91         24949.6         21069.6         19.3999  203
   92         24609.2         20737.2         19.3604  205
   93         24080.9         20167.8         19.5654  207
   94         23939.2         19999.3         19.6996  211
   95         23785.8         19911.4         19.3719  213
   96         23337.6         19674.1         18.3172  215
   97         23182.7         19551.1         18.1581  219
   98         22953.8         19488.7         17.3257  221
   99         22682.9         19306.3         16.8832  223
  100         22445.9         19147.2         16.4936  225
  101         22274.9         18983.5          16.457  227
  102         22117.4         18508.1         18.0468  229
  103         21754.8         18330.1         17.1238  231
  104         21456.1         18119.8         16.6818  233
  105         20918.8         17571.7         16.7356  235
  106         20820.4         17210.8         18.0477  237
  107         20557.8         17127.2         17.1528  239
  108         20474.2         17083.7         16.9526  241
  109         20346.5         16960.2         16.9314  243
  110           20080         16656.3         17.1185  245
  111         19774.6         16221.1         17.7673  247
  112         19691.4           16054         18.1874  251
  113         19508.8         15821.6         18.4358  253
  114         19370.8         15671.5         18.4962  255
  115           19159         15405.2         18.7693  257
  116         18929.8         15062.2         19.3381  259
  117         18820.3         14923.6         19.4835  263
  118         18720.5         14885.5         19.1751  265
  119         18643.2         14878.2         18.8249  267
  120         18547.6         14835.7         18.5595  269
  121         18379.2         14699.4         18.3988  271
  122         18131.4         14569.2         17.8111  273
  123         17870.5         14276.1          17.972  275
  124         17759.8         14052.5         18.5365  277
  125         17642.6         13813.9         19.1435  279
  126         17515.2         13689.4          19.129  281
  127         17226.9         13394.7         19.1614  283
  128         17162.2         13107.4          20.274  285
  129         17050.6           13217         19.1678  287
  130         17025.6         13236.8         18.9441  289
  131         16952.5         13234.4         18.5903  291
  132         16932.2         13058.1         19.3701  293
  133         16791.4           13015          18.882  295
  134         16688.6         12860.2         19.1418  297
  135         16579.9         12597.1         19.9142  299
  136         16524.3         12403.1          20.606  301
  137         16433.8           12332         20.5092  303
  138         16359.9         12304.3         20.2782  305
  139         16278.1         12255.4         20.1138  307
  140         16260.8         12124.6         20.6809  309
  141         16167.8         12152.1         20.0785  311
  142         16146.5         12149.1         19.9868  313
  143         16086.8         12118.2         19.8431  315
  144         15987.1         12043.7         19.7169  317
  145         15847.4         11887.4         19.8002  319
  146         15802.3         11821.4         19.9041  323
  147         15715.9           11721         19.9748  325
  148         15636.5         11622.6         20.0696  327
  149         15511.1         11453.2         20.2896  329
  150         15369.9         11275.3         20.4733  331
  151         15309.5         11201.7          20.539  335
  152         15251.5         11182.7         20.3438  337
  153         15214.7         11185.6         20.1456  339
  154         15177.7           11170         20.0384  341
  155         15123.1           11168         19.7755  343
  156         15065.2         11140.2         19.6249  345
  157         15025.4         11065.4         19.7997  347
  158         14990.9         11041.1         19.7489  349
  159         14950.6         10996.2         19.7718  351
  160         14874.3         10885.9         19.9416  353
  161           14789         10765.8          20.116  355
  162         14742.6         10699.7         20.2149  359
  163           14690         10674.6         20.0769  361
  164           14645         10664.2         19.9039  363
  165         14624.9         10643.8         19.9055  365
  166         14598.7         10660.6         19.6906  367
  167         14581.4         10661.7         19.5987  369
  168         14500.1         10656.1         19.2202  371
  169         14463.3         10585.8         19.3877  373
  170         14342.7         10563.2         18.8978  375
  171         14274.1         10493.1         18.9052  377
  172         14238.3         10422.9         19.0768  379
  173         14192.6         10368.7         19.1195  381
  174         14120.7         10312.7         19.0402  383
  175         14035.2         10267.4         18.8391  385
  176         14013.2         10273.2         18.6999  387
  177         13975.6         10277.3         18.4916  389
  178         13950.2         10294.8         18.2771  391
  179         13927.4         10313.7         18.0683  393
  180         13905.1         10334.2         17.8541  395
  181         13882.9         10334.3         17.7428  397
  182           13870         10318.1         17.7597  399
  183         13815.3         10240.5         17.8741  401
  184         13804.5         10175.3         18.1464  403
  185         13762.1         10167.6         17.9728  405
  186         13718.7         10148.3         17.8519  407
  187         13660.4           10106         17.7719  409
  188         13600.4         10041.8          17.793  411
  189         13531.5         9976.16         17.7768  413
  190         13483.5          9959.2         17.6217  415
  191         13417.2         9915.67         17.5076  417
  192         13408.8         9905.72         17.5152  421
  193           13400         9897.06         17.5146  423
  194         13377.7         9874.49         17.5162  425
  195         13329.7         9822.31          17.537  427
  196         13301.6         9745.57         17.7802  429
  197         13253.8         9732.43         17.6067  431
  198         13230.6         9728.97         17.5083  433
  199           13208         9717.93         17.4504  435
  200         13183.6         9676.15          17.537  439
  201         13137.7         9647.61         17.4507  441
  202         13076.4         9590.24         17.4309  443
  203           13065         9575.69         17.4465  447
  204         13055.9         9567.68         17.4409  449
  205         13035.8         9554.86         17.4047  451
  206         13021.5         9521.24         17.5011  453
  207         12984.6         9518.39         17.3312  455
  208         12954.1            9516         17.1905  457
  209         12925.8         9511.55         17.0711  459
  210         12917.8         9497.63         17.1009  463
  211         12900.1         9489.17         17.0545  465
  212         12855.1         9453.72         17.0068  467
  213         12830.9         9421.79         17.0453  471
  214         12798.6         9387.74         17.0542  473
  215         12784.6         9369.52         17.0754  475
  216         12775.2         9351.37         17.1193  477
  217           12767          9343.7         17.1167  479
  218         12759.8         9344.29         17.0775  481
  219         12738.3         9342.73          16.978  483
  220         12730.2         9341.81         16.9418  485
  221         12720.5         9336.51           16.92  487
  222         12697.5         9324.24         16.8664  489
  223         12670.7         9295.53         16.8757  493
  224         12618.5         9266.46         16.7602  495
  225         12586.4         9233.48         16.7647  497
  226         12575.7          9209.4         16.8317  499
  227           12560         9201.39         16.7933  501
  228         12542.5         9190.26          16.761  503
  229           12527         9180.12         16.7341  505
  230         12505.4         9149.74         16.7783  507
  231         12475.7         9128.54          16.736  509
  232         12454.7         9113.03         16.7081  511
  233           12438         9093.34         16.7231  513
  234         12436.1         9089.02         16.7352  515
  235         12428.1         9089.65         16.6924  517
  236         12421.6         9088.03         16.6677  519
  237         12409.7         9082.08         16.6379  521
  238         12400.1         9074.51         16.6278  523
  239         12395.2         9070.29         16.6244  527
  240         12382.8         9060.88         16.6096  529
  241         12369.5          9050.5          16.595  531
  242         12345.4         9030.42         16.5747  533
  243         12321.4            9013         16.5418  535
  244         12306.9         9000.47         16.5321  539
  245         12293.2         8994.42         16.4939  541
  246         12285.9         8991.17         16.4736  543
  247         12279.4         8984.44         16.4749  545
  248         12270.6         8978.11         16.4623  547
  249         12262.9         8971.43         16.4574  549
  250         12259.7          8966.6         16.4653  553
  251         12252.8         8958.17         16.4733  555
  252         12241.8         8944.64         16.4857  557
  253         12227.1         8915.92          16.556  561
  254           12212         8891.67         16.6019  563
  255         12209.2         8891.74          16.587  565
  256         12206.2         8891.22         16.5747  567
  257         12200.5          8888.6         16.5595  569
  258         12196.8          8865.2         16.6578  571
  259         12181.2          8866.1         16.5757  573
  260         12163.5         8852.87          16.553  575
  261         12152.2         8832.17         16.6001  577
  262         12138.5         8813.31          16.626  579
  263         12131.9         8755.47          16.882  581
  264           12097         8757.77         16.6964  583
  265         12088.6         8761.31         16.6364  585
  266         12085.1         8754.11         16.6549  589
  267         12077.5         8752.32         16.6261  591
  268           12067         8740.14         16.6345  593
  269         12054.1         8683.61         16.8524  595
  270         12034.3         8671.84         16.8122  597
  271         12029.8         8676.92         16.7643  599
  272         12021.6         8673.15         16.7423  601
  273         12012.5         8667.89         16.7229  603
  274           11993         8643.45         16.7478  605
  275         11987.1         8600.63         16.9321  607
  276         11966.5         8599.82         16.8334  609
  277         11960.2         8591.13         16.8453  611
  278         11954.5         8574.49            16.9  613
  279         11950.4         8563.41         16.9349  617
  280         11945.9         8558.52         16.9369  619
  281         11930.9         8543.45         16.9372  621
  282         11915.8         8526.11         16.9483  623
  283         11910.4         8521.19         16.9462  625
  284           11901         8522.48         16.8928  627
  285         11897.6         8526.97         16.8529  629
  286         11891.9         8534.32          16.788  631
  287         11885.3         8534.99         16.7515  633
  288         11872.5         8534.39         16.6905  635
  289         11856.8         8522.07         16.6735  637
  290         11851.4         8510.85         16.7027  639
  291         11848.1         8502.08           16.73  643
  292         11841.8         8491.86         16.7495  645
  293         11823.4         8463.78         16.7983  647
  294         11808.5          8435.3         16.8661  649
  295         11798.5         8411.05         16.9373  651
  296         11789.8         8417.49         16.8618  653
  297         11782.7         8421.62         16.8054  655
  298         11776.4         8420.11         16.7817  657
  299         11768.5         8404.96         16.8178  659
  300         11759.6          8397.5         16.8103  661
  301         11750.1         8379.49         16.8529  663
  302           11748         8360.05         16.9398  665
  303         11744.4         8359.93         16.9223  667
  304         11743.5         8360.08          16.917  669
  305         11740.8         8358.56         16.9111  671
  306         11736.4         8355.27         16.9059  673
  307           11730         8342.07         16.9396  675
  308         11726.7         8333.11          16.968  679
  309         11722.8         8323.97         16.9941  681
  310         11719.4         8314.47         17.0247  683
  311         11715.8         8302.37         17.0673  685
  312         11713.3         8297.95         17.0769  689
  313         11709.1         8291.41         17.0884  691
  314         11704.8         8289.05         17.0788  693
  315           11702         8290.69         17.0567  695
  316           11699         8293.03         17.0297  697
  317         11690.7         8298.54         16.9609  699
  318         11683.1         8293.48         16.9482  701
  319         11673.6         8286.62         16.9349  703
  320         11651.3         8255.28         16.9801  705
  321           11641         8235.15          17.029  707
  322         11637.2         8227.81         17.0471  711
  323         11627.5         8212.44         17.0751  713
  324         11618.9         8205.74         17.0657  715
  325         11616.4         8205.99         17.0522  717
  326         11610.9         8207.56         17.0166  719
  327         11608.7         8210.25         16.9923  721
  328         11605.4         8212.96         16.9624  723
  329         11600.8          8218.7         16.9103  725
  330         11597.8         8219.54         16.8915  729
  331         11592.7         8221.09         16.8581  731
  332         11580.8         8216.93         16.8194  733
  333         11576.9         8206.33         16.8528  735
  334         11570.9         8198.99         16.8595  737
  335         11568.6         8194.32         16.8713  739
  336           11564         8184.19          16.899  741
  337         11554.5          8167.8         16.9333  743
  338           11548         8152.96         16.9752  747
  339         11532.5         8131.11         17.0071  749
  340         11521.3         8116.39         17.0247  751
  341         11518.9         8114.87         17.0201  753
  342         11514.2         8119.28         16.9747  755
  343         11512.7         8122.17         16.9529  757
  344         11509.9          8126.4         16.9174  759
  345         11504.2         8129.24         16.8747  761
  346         11501.1         8132.88         16.8411  763
  347         11490.1         8125.04         16.8254  765
  348         11481.8         8111.39         16.8521  767
  349         11468.9         8081.48         16.9371  769
  350         11464.4         8068.29         16.9805  773
  351         11458.8         8059.37         16.9972  775
  352         11452.8         8052.19          17.003  777
  353           11446         8045.85         17.0005  779
  354         11432.8         8034.23         16.9929  781
  355           11428          8040.9         16.9356  785
  356           11420         8041.56         16.8924  787
  357         11415.3         8044.29         16.8553  789
  358         11411.9         8046.85         16.8253  791
  359         11403.7            8050         16.7687  793
  360         11399.2         8044.44         16.7736  795
  361         11385.9         8044.39         16.7074  797
  362         11380.8         8038.57         16.7113  799
  363         11377.6         8029.92         16.7386  801
  364         11373.2         8017.27         16.7794  803
  365         11368.2         7992.08         16.8804  805
  366         11360.2         7988.44         16.8588  807
  367         11354.6          7986.3         16.8414  809
  368         11351.4         7983.78         16.8381  811
  369         11348.3         7979.39         16.8446  815
  370         11341.8         7973.28         16.8426  817
  371         11320.6         7949.73         16.8543  819
  372         11301.9         7917.35         16.9228  821
  373         11288.9         7892.95         16.9799  823
  374         11280.7         7897.32          16.917  825
  375         11275.6         7896.81         16.8939  827
  376         11270.9         7892.78         16.8906  829
  377         11266.4         7869.52         16.9845  831
  378         11252.8         7865.79         16.9351  833
  379         11245.8         7856.56         16.9461  835
  380         11241.4         7843.36         16.9902  837
  381         11239.7         7837.28         17.0119  841
  382         11236.7         7830.34         17.0317  843
  383         11226.2         7805.18          17.105  845
  384         11220.8         7787.82         17.1647  847
  385         11218.7         7779.04         17.1982  849
  386         11215.8          7783.9         17.1597  851
  387           11213         7788.28         17.1235  853
  388           11209          7792.8         17.0809  855
  389         11201.4         7794.82         17.0327  857
  390         11196.9         7796.58         17.0015  861
  391         11185.5         7793.36         16.9606  863
  392         11176.7         7781.62         16.9752  865
  393         11171.1         7754.87         17.0813  867
  394         11164.8         7746.57         17.0912  869
  395         11162.9         7744.95         17.0898  871
  396         11159.5         7738.41         17.1054  873
  397         11155.6         7729.56           17.13  875
  398         11152.1         7712.83         17.1963  877
  399         11146.1         7709.86         17.1813  879
  400         11137.9         7700.41         17.1876  881
  401         11135.6         7696.77         17.1944  883
  402         11133.3         7689.39         17.2195  887
  403           11130         7686.67         17.2166  889
  404         11123.1         7680.11          17.215  891
  405         11117.7         7669.73           17.24  893
  406         11113.9         7665.08         17.2439  895
  407         11111.6         7664.16         17.2372  897
  408         11107.6         7661.41         17.2312  899
  409         11103.5         7653.73          17.249  901
  410         11099.2         7646.39          17.264  903
  411         11096.4         7638.33         17.2901  907
  412         11093.2         7630.54         17.3134  909
  413         11092.3         7630.78         17.3075  911
  414         11086.1          7628.7         17.2872  913
  415         11077.9         7620.35         17.2878  915
  416         11075.2          7617.2         17.2899  919
  417         11072.8          7611.2         17.3081  921
  418         11071.2         7605.51         17.3286  923
  419         11069.2         7598.32         17.3544  925
  420           11066         7591.32         17.3736  927
  421         11061.3         7586.78         17.3725  929
  422         11059.5         7583.94         17.3777  933
  423         11055.3         7584.87         17.3521  935
  424         11052.7         7584.86         17.3392  937
  425         11046.6         7586.84         17.2987  939
  426         11042.5         7582.21         17.3017  941
  427         11039.4         7580.38         17.2953  943
  428           11036         7577.01         17.2949  945
  429         11033.1         7574.23         17.2941  947
  430         11027.4         7569.92         17.2875  949
  431         11025.4          7569.1         17.2817  953
  432         11021.7         7567.47         17.2713  955
  433         11020.6         7567.89         17.2637  957
  434           11020         7567.74         17.2612  961
  435         11019.1          7568.1         17.2549  963
  436         11016.5         7568.23         17.2411  965
  437         11014.4         7567.58          17.234  967
  438         11011.8         7566.65         17.2256  969
  439           11010         7564.92         17.2255  971
  440           11009         7563.39         17.2282  973
  441         11007.2         7560.25         17.2348  975
  442         11004.7          7557.8         17.2343  977
  443         10997.2         7548.74         17.2422  979
  444         10995.2         7544.47         17.2536  983
  445         10993.1         7542.96         17.2509  985
  446         10989.3          7540.1         17.2461  987
  447         10986.6         7535.12         17.2575  991
  448         10982.1         7531.86         17.2514  993
  449         10980.1         7528.93         17.2558  995
  450           10979         7527.74         17.2565  997
  451         10978.2         7527.64          17.253  999
  452         10977.1          7527.3         17.2492  1001
  453         10975.5         7526.57         17.2446  1003
  454         10972.8         7521.31         17.2575  1005
  455         10968.4         7519.45         17.2446  1007
  456         10964.3         7515.72         17.2428  1009
  457         10961.4         7510.55         17.2543  1011
  458         10960.4         7509.04         17.2569  1015
  459         10958.7         7506.47         17.2611  1017
  460         10954.6         7501.14         17.2674  1019
  461         10952.5          7495.4         17.2853  1021
  462         10949.8         7495.61         17.2711  1023
  463         10948.9         7496.82         17.2605  1025
  464         10946.9         7497.74         17.2456  1027
  465         10945.8         7496.48         17.2465  1031
  466         10942.7         7495.88         17.2343  1033
  467         10939.5         7492.78         17.2336  1035
  468         10938.6         7490.96          17.238  1039
  469         10937.6          7488.5         17.2456  1041
  470         10936.8         7486.52         17.2512  1043
  471         10935.2         7483.74         17.2574  1045
  472         10932.4         7479.65         17.2636  1047
  473         10930.6          7477.1         17.2676  1051
  474         10929.3         7477.85          17.257  1053
  475         10928.4         7478.67         17.2485  1055
  476         10927.5         7479.63         17.2395  1057
  477         10926.5         7479.51          17.235  1059
  478         10924.4          7476.6         17.2389  1061
  479         10923.3         7474.96         17.2419  1065
  480         10922.8         7473.84         17.2448  1067
  481         10921.7          7471.1          17.253  1069
  482         10920.9         7467.41         17.2673  1071
  483         10919.6         7465.29         17.2714  1073
  484         10917.5         7462.99         17.2725  1075
  485         10915.6         7460.78         17.2742  1077
  486           10915         7460.09         17.2743  1081
  487         10914.6         7460.31         17.2712  1083
  488         10913.6         7460.81         17.2641  1085
  489         10912.7         7461.73         17.2549  1087
  490           10912         7460.85         17.2557  1089
  491         10909.8         7460.33         17.2473  1091
  492         10907.1         7457.72         17.2469  1093
  493         10905.8         7455.05         17.2538  1095
  494         10902.8         7451.42         17.2568  1097
  495         10900.1         7443.34         17.2838  1099
  496         10898.6         7444.77         17.2692  1101
  497         10898.3         7445.35         17.2649  1103
  498         10897.8         7445.81         17.2602  1105
  499         10896.9         7445.19         17.2584  1107
  500         10895.8         7443.24          17.263  1109
  501           10895         7441.74         17.2661  1111
  502         10894.2         7439.29         17.2745  1113
  503         10893.8         7438.01          17.279  1115
  504         10893.2         7437.35         17.2793  1117
  505         10891.9         7436.62         17.2765  1119
  506         10890.7         7436.89         17.2689  1121
  507         10890.1         7436.94         17.2659  1125
  508         10889.1         7437.97         17.2558  1127
  509         10888.1          7439.6         17.2426  1129
  510         10887.1         7441.49         17.2281  1131
  511         10886.5         7443.41         17.2155  1133
  512         10885.9         7442.35          17.218  1135
  513         10885.4          7441.2         17.2212  1137
  514         10885.2         7440.64         17.2227  1139
  515           10885         7440.38         17.2228  1141
  516         10884.8         7440.59         17.2209  1143
  517         10884.1         7441.56         17.2129  1145
  518         10883.4         7442.68         17.2036  1147
  519         10882.9         7443.36         17.1979  1151
  520         10882.2         7444.86         17.1865  1153
  521         10881.7         7445.52         17.1807  1155
  522         10880.7         7446.97         17.1685  1157
  523         10880.1         7449.71         17.1518  1159
  524         10879.5         7449.22         17.1514  1161
  525         10879.2         7448.54         17.1535  1163
  526         10878.6         7448.64         17.1498  1165
  527           10878         7449.98           17.14  1167
  528         10876.2         7451.53         17.1235  1169
  529         10875.7         7452.75         17.1147  1171
  530           10875         7454.39         17.1029  1173
  531         10874.6         7458.05         17.0829  1175
  532         10873.6         7457.37         17.0811  1177
  533         10872.5         7456.94          17.078  1179
  534         10871.3         7457.59         17.0688  1181
  535         10870.9          7457.6         17.0666  1185
  536         10870.5          7458.2         17.0613  1187
  537           10870         7458.82         17.0558  1189
  538         10869.4          7459.4         17.0499  1191
  539         10868.1         7460.51         17.0381  1193
  540         10867.8         7460.46         17.0369  1197
  541         10867.2         7460.65         17.0327  1199
  542         10866.8         7460.38          17.032  1201
  543         10866.5         7460.18         17.0316  1203
  544         10866.1         7459.96         17.0305  1205
  545         10865.4         7459.87         17.0278  1207
  546         10864.8         7460.43         17.0218  1209
  547         10864.1         7461.13         17.0147  1211
  548         10863.7         7462.28         17.0069  1213
  549         10863.2         7462.25         17.0047  1215
  550         10862.8         7462.36         17.0021  1217
  551           10862         7462.98         16.9951  1219
  552         10861.7         7463.57         16.9906  1223
  553         10860.9         7464.66         16.9815  1225
  554         10860.1         7465.71         16.9722  1227
  555         10859.3         7468.32         16.9548  1229
  556         10858.5         7468.72         16.9487  1231
  557         10858.2         7468.23         16.9497  1233
  558         10857.8         7467.81           16.95  1235
  559         10857.4         7467.78          16.948  1237
  560         10856.6          7467.9         16.9437  1239
  561         10854.5         7468.86         16.9284  1241
  562         10853.6         7469.87         16.9185  1245
  563         10852.9         7470.09         16.9141  1247
  564         10852.6         7470.26         16.9115  1249
  565         10852.1         7470.66         16.9073  1251
  566         10851.1         7471.54         16.8978  1253
  567         10850.4         7472.61         16.8892  1255
  568         10849.8         7473.06         16.8838  1257
  569         10849.4         7473.07         16.8818  1259
  570         10849.2         7473.11         16.8802  1261
  571         10848.6         7473.37         16.8764  1263
  572         10848.5         7474.07          16.872  1265
  573         10846.8         7474.62         16.8608  1267
  574           10846         7475.03         16.8546  1269
  575         10844.7         7475.97         16.8435  1271
  576         10843.9         7477.36         16.8325  1273
  577         10842.6         7477.78         16.8239  1275
  578         10840.9          7478.5         16.8122  1277
  579         10840.3         7479.01         16.8065  1279
  580         10839.9         7478.43         16.8074  1281
  581         10839.2          7478.5         16.8033  1283
  582         10838.8         7478.17         16.8033  1285
  583         10838.5         7477.65         16.8044  1287
  584         10837.7         7477.12          16.803  1289
  585         10836.3         7476.27         16.8001  1291
  586         10835.6         7476.19         16.7971  1293
  587         10835.2         7476.54         16.7932  1295
  588         10834.9         7476.88         16.7901  1297
  589         10834.5         7477.32         16.7861  1299
  590           10834         7477.98         16.7802  1301
  591         10833.1         7478.29         16.7739  1303
  592         10832.3         7478.32         16.7698  1305
  593         10831.9         7478.13         16.7689  1307
  594         10831.8         7477.74         16.7703  1309
  595         10831.3          7477.7         16.7678  1311
  596         10830.7         7477.56         16.7657  1313
  597         10829.8         7477.19         16.7629  1315
  598         10828.8         7476.78         16.7601  1317
  599         10828.4         7476.49         16.7597  1321
  600         10827.9         7476.39         16.7576  1323
  601         10827.5         7476.37         16.7557  1325
  602           10827         7476.36         16.7531  1327
  603           10826         7476.39         16.7482  1329
  604         10825.6         7476.74         16.7442  1331
  605         10824.7         7477.14         16.7376  1333
  606         10824.3         7477.05         16.7361  1335
  607         10823.9         7477.07         16.7339  1337
  608         10823.2         7477.25         16.7298  1339
  609           10822         7477.88         16.7206  1341
  610         10821.1         7479.21         16.7093  1343
  611           10820         7479.97         16.7002  1345
  612         10819.6         7479.74         16.6993  1347
  613         10819.3          7479.7         16.6982  1349
  614           10819         7479.67         16.6967  1351
  615         10818.3         7479.57         16.6936  1353
  616         10817.8         7479.82         16.6899  1357
  617         10817.1         7480.13         16.6846  1359
  618         10816.6         7480.61         16.6799  1361
  619         10816.3         7480.94          16.677  1363
  620           10816         7481.16         16.6744  1365
  621         10815.1         7481.01         16.6702  1367
  622           10814         7482.12         16.6593  1369
  623         10813.3          7481.7          16.658  1371
  624         10812.5         7480.86         16.6584  1373
  625         10812.3         7480.62         16.6584  1379
  626         10811.9         7480.39         16.6578  1381
  627         10811.2         7479.15         16.6602  1383
  628         10810.2         7479.09         16.6557  1385
  629           10810         7479.29         16.6535  1387
  630         10809.9          7479.3          16.653  1389
  631         10809.6         7479.08         16.6527  1391
  632         10809.5         7478.63         16.6544  1393
  633           10809         7478.32         16.6536  1395
  634         10808.4         7477.43         16.6551  1397
  635         10807.6         7475.66         16.6597  1399
  636         10806.9         7473.36         16.6676  1401
  637         10806.2         7471.51         16.6736  1403
  638         10805.8         7471.71         16.6706  1405
  639         10804.9         7471.66         16.6661  1407
  640         10804.1         7470.21         16.6694  1409
  641         10803.7         7470.04         16.6682  1411
  642         10803.5         7469.64         16.6691  1413
  643           10803         7467.61         16.6767  1415
  644         10802.7         7466.62         16.6803  1417
  645         10802.4         7467.08         16.6764  1419
  646         10801.8          7467.5         16.6716  1421
  647         10801.3         7467.48         16.6689  1423
  648         10800.8         7466.96         16.6691  1425
  649         10800.1         7466.81         16.6667  1427
  650         10799.6         7466.64         16.6649  1429
  651         10798.8         7466.15         16.6633  1431
  652           10798         7465.66         16.6615  1433
  653         10797.9         7465.05          16.664  1435
  654         10797.2         7465.39         16.6591  1437
  655         10796.9         7465.67         16.6561  1439
  656         10796.5         7466.08          16.652  1441
  657           10796         7466.34         16.6484  1443
  658         10795.7         7466.77         16.6445  1447
  659           10795         7467.09         16.6393  1449
  660         10794.3         7467.35         16.6347  1451
  661         10793.4         7468.06         16.6265  1453
  662         10792.9         7467.74         16.6257  1455
  663         10792.3         7467.73         16.6231  1457
  664         10791.5         7467.66         16.6192  1459
  665         10790.6         7467.65         16.6149  1461
  666         10789.1         7468.58         16.6028  1463
  667         10787.1         7468.97         16.5907  1465
  668         10785.6         7469.71         16.5797  1467
  669         10784.7         7470.79         16.5694  1469
  670         10784.4          7471.5         16.5643  1473
  671         10783.9         7471.93         16.5599  1475
  672         10783.3         7472.29          16.555  1477
  673         10782.3         7472.58         16.5488  1479
  674           10782         7472.36         16.5483  1481
  675         10780.9         7472.29         16.5428  1483
  676         10780.3         7471.81         16.5424  1485
  677         10779.7         7471.21         16.5423  1487
  678         10778.8          7470.4         16.5422  1491
  679         10777.2         7469.89         16.5364  1493
  680         10772.4         7469.17         16.5159  1495
  681         10770.8         7469.29         16.5074  1499
  682         10768.9         7469.51         16.4971  1501
  683         10768.2         7469.55          16.493  1503
  684         10767.7         7469.44         16.4913  1505
  685         10766.4         7469.19         16.4862  1507
  686         10765.5         7468.75         16.4836  1509
  687         10764.5         7467.94         16.4828  1511
  688           10763         7466.81          16.481  1513
  689         10761.3         7464.38         16.4848  1517
  690         10758.4         7462.41         16.4798  1519
  691         10755.5         7460.32         16.4758  1521
  692           10755         7458.73         16.4813  1523
  693         10752.7         7458.09          16.473  1525
  694         10752.3         7458.26         16.4701  1527
  695         10751.1         7458.28         16.4642  1529
  696         10749.8         7457.96          16.459  1531
  697         10748.1         7457.05         16.4553  1533
  698         10746.7         7455.46          16.456  1535
  699           10746         7450.28         16.4786  1537
  700         10743.4         7450.42          16.465  1539
  701         10742.8         7451.01         16.4587  1541
  702         10740.5         7450.65         16.4491  1543
  703         10739.3         7449.25         16.4503  1547
  704         10738.3          7448.2         16.4503  1549
  705         10737.5         7447.48         16.4501  1551
  706         10734.3         7444.08         16.4512  1553
  707         10731.1          7440.4         16.4537  1555
  708         10729.1         7436.44         16.4634  1557
  709         10726.7         7436.51         16.4508  1559
  710           10726         7436.75          16.446  1561
  711         10725.2         7436.69         16.4427  1563
  712           10723         7434.74         16.4411  1565
  713         10721.4         7434.55         16.4342  1569
  714         10719.4            7433          16.432  1571
  715         10717.9         7431.09         16.4341  1573
  716         10717.2         7429.69         16.4377  1577
  717         10716.3         7428.56         16.4389  1579
  718         10715.3         7427.81         16.4373  1581
  719         10711.4         7425.13         16.4315  1583
  720         10708.1         7422.73         16.4271  1585
  721         10707.4         7421.39         16.4301  1587
  722         10704.5         7422.56         16.4095  1589
  723         10703.8         7423.11         16.4033  1591
  724         10702.8         7423.82         16.3947  1593
  725         10700.6         7424.68         16.3798  1595
  726         10699.4          7424.8         16.3727  1599
  727         10696.6          7425.3         16.3566  1601
  728         10694.5         7424.48         16.3499  1603
  729         10693.3         7421.55         16.3586  1605
  730         10692.3         7420.83         16.3576  1607
  731         10691.9         7420.08         16.3592  1609
  732         10691.3         7418.94         16.3616  1611
  733         10689.8         7416.57         16.3661  1613
  734         10689.2         7412.97         16.3812  1615
  735         10687.2         7413.52         16.3686  1617
  736         10685.6         7413.36         16.3614  1619
  737         10684.4         7412.59         16.3591  1621
  738         10683.9         7411.35         16.3628  1625
  739         10683.2         7410.46         16.3636  1627
  740         10681.8         7408.24         16.3676  1629
  741         10680.4         7405.75         16.3731  1631
  742         10679.4         7403.36         16.3801  1633
  743         10677.9         7402.25         16.3782  1635
  744           10677         7401.83         16.3759  1637
  745         10676.2         7401.35         16.3744  1639
  746           10675         7399.65         16.3768  1641
  747         10673.1         7397.63         16.3775  1643
  748         10671.6         7395.72         16.3794  1645
  749         10671.2         7394.95         16.3812  1649
  750         10670.6         7393.79          16.384  1651
  751         10669.3         7391.59         16.3888  1653
  752         10665.7         7380.75         16.4249  1655
  753         10664.8          7378.7         16.4306  1659
  754           10664         7378.33         16.4286  1661
  755         10663.4         7377.64         16.4289  1663
  756         10662.8         7376.63         16.4307  1665
  757           10662         7368.66         16.4665  1667
  758         10658.9         7367.32          16.458  1669
  759         10657.3         7364.82         16.4624  1671
  760         10656.5         7362.27         16.4713  1673
  761         10656.1         7361.42         16.4734  1675
  762         10655.3         7360.58         16.4734  1677
  763         10654.4         7360.96         16.4674  1679
  764         10653.9         7361.69          16.461  1681
  765           10652         7363.46         16.4426  1683
  766         10651.5          7363.7          16.439  1685
  767         10650.3         7362.79         16.4375  1687
  768         10648.4         7361.53         16.4344  1689
  769         10646.9          7358.4         16.4423  1691
  770           10646         7355.06         16.4545  1693
  771         10645.7         7353.98         16.4588  1697
  772         10645.5         7353.17         16.4616  1699
  773         10645.1          7352.2         16.4646  1701
  774         10644.6         7350.88         16.4684  1703
  775         10643.9         7349.21         16.4736  1705
  776         10643.4         7347.67         16.4786  1707
  777           10643         7348.42         16.4727  1709
  778         10642.7         7348.87         16.4693  1711
  779         10642.6         7349.01          16.468  1713
  780         10642.3          7348.6         16.4687  1715
  781         10641.7         7346.86         16.4744  1717
  782         10641.7         7343.67         16.4899  1719
  783           10641         7343.69         16.4867  1721
  784         10640.9         7343.29         16.4879  1723
  785         10640.3         7341.59         16.4937  1725
  786         10639.8         7338.62         16.5059  1729
  787         10638.6          7334.3         16.5213  1731
  788           10637         7328.52         16.5426  1733
  789         10636.1         7323.69         16.5623  1735
  790         10635.7         7320.92          16.574  1737
  791         10635.3         7322.97         16.5617  1739
  792         10635.1         7323.96         16.5557  1741
  793         10634.6         7325.86         16.5437  1743
  794         10634.5         7326.13         16.5419  1745
  795         10633.6         7326.33         16.5364  1747
  796           10633         7324.93         16.5401  1749
  797           10632          7321.2         16.5541  1751
  798           10631         7316.42         16.5727  1753
  799         10630.3         7312.58         16.5886  1757
  800         10629.3         7309.85         16.5974  1759
  801         10628.6         7308.55            16.6  1761
  802           10628         7307.79         16.6009  1763
  803         10627.7         7308.97         16.5937  1765
  804           10627         7308.91         16.5905  1767
  805         10626.4         7309.17         16.5863  1769
  806         10625.8         7310.02         16.5788  1771
  807         10625.2          7310.4          16.574  1773
  808         10624.8          7310.6         16.5711  1777
  809         10624.1         7310.44         16.5681  1779
  810         10623.6         7309.78         16.5689  1781
  811         10622.9         7308.39         16.5724  1783
  812         10622.4         7306.23         16.5811  1785
  813         10621.4         7305.66         16.5787  1787
  814         10620.4         7304.81         16.5779  1789
  815         10619.6         7303.73         16.5794  1791
  816         10618.8         7302.59         16.5812  1793
  817         10618.3          7299.8         16.5924  1795
  818           10617         7299.51         16.5874  1797
  819         10616.4          7299.2          16.586  1799
  820         10615.8         7298.26         16.5877  1801
  821         10615.5         7297.19         16.5913  1805
  822         10614.9         7296.15         16.5939  1807
  823         10613.6         7292.81          16.604  1809
  824           10612         7287.62          16.622  1811
  825         10611.8         7279.94         16.6593  1813
  826         10609.7         7278.66          16.655  1815
  827         10609.1         7278.84         16.6515  1817
  828         10608.6         7278.18          16.652  1819
  829         10607.8         7277.21         16.6532  1821
  830         10606.7         7273.35         16.6668  1823
  831         10605.4          7271.8         16.6682  1825
  832           10604         7268.36         16.6784  1827
  833         10603.5         7265.68         16.6891  1829
  834         10602.9         7264.13         16.6939  1831
  835         10601.7         7260.94         16.7038  1833
  836         10600.2         7256.56          16.718  1835
  837         10598.7         7248.51         16.7508  1837
  838         10597.6         7247.79          16.749  1839
  839         10597.2         7249.04         16.7408  1841
  840         10596.8         7249.97         16.7339  1843
  841         10596.2         7248.74         16.7375  1845
  842         10595.1         7244.98         16.7505  1847
  843         10594.5         7244.63         16.7495  1851
  844         10593.7         7240.05         16.7684  1853
  845         10593.4         7237.88         16.7776  1855
  846           10593         7235.85         16.7856  1857
  847         10592.4         7235.85          16.783  1859
  848         10591.3         7236.99         16.7714  1861
  849         10590.8         7237.42         16.7671  1863
  850         10590.2         7237.61         16.7629  1865
  851           10589         7237.09         16.7594  1867
  852         10588.1         7235.77         16.7615  1869
  853         10587.3         7234.94         16.7618  1871
  854           10587         7234.24         16.7638  1873
  855         10586.5         7233.28         16.7661  1875
  856         10585.9         7232.26         16.7681  1877
  857         10585.3         7230.09         16.7759  1879
  858         10584.6         7230.06         16.7726  1881
  859         10584.3         7230.56         16.7689  1883
  860           10584         7230.85         16.7659  1885
  861         10583.6         7230.51         16.7654  1887
  862         10582.8         7229.43         16.7667  1889
  863         10581.4         7226.12         16.7766  1891
  864         10580.2          7223.7         16.7824  1893
  865         10579.7         7223.47          16.781  1895
  866         10579.2         7222.65          16.783  1897
  867         10578.7         7221.37         16.7865  1899
  868         10577.8         7219.72         16.7905  1901
  869         10577.2         7217.12         16.8002  1903
  870         10576.3         7216.39         16.7997  1905
  871         10576.1         7216.85         16.7961  1907
  872         10575.2         7216.98         16.7912  1909
  873         10574.6         7216.18         16.7922  1913
  874         10573.8         7215.18         16.7932  1915
  875         10572.2         7211.95         16.8015  1917
  876         10571.8         7210.65         16.8057  1921
  877         10571.5         7209.87          16.808  1923
  878         10571.1         7208.64         16.8121  1925
  879         10570.7         7207.36         16.8166  1927
  880         10570.2         7206.52         16.8182  1929
  881         10568.8         7203.96         16.8243  1931
  882         10568.6         7203.48         16.8257  1935
  883         10568.4         7203.19         16.8259  1937
  884           10568         7202.98         16.8252  1939
  885         10567.3         7202.65         16.8235  1941
  886           10567         7201.84         16.8256  1943
  887         10566.2          7201.9         16.8217  1945
  888         10565.8         7201.77         16.8201  1947
  889         10565.5         7201.48         16.8201  1949
  890         10565.2         7201.06          16.821  1953
  891         10564.8         7200.56         16.8211  1955
  892         10563.9         7199.37         16.8225  1957
  893         10563.4            7198          16.827  1959
  894         10562.9         7197.55         16.8265  1961
  895         10562.7         7197.67          16.825  1963
  896         10562.2         7197.51         16.8232  1965
  897         10561.7         7196.95         16.8236  1967
  898         10560.8         7196.22         16.8228  1969
  899         10559.5         7194.61         16.8245  1971
  900         10558.3         7192.25         16.8303  1973
  901           10558         7191.33         16.8333  1977
  902         10557.6         7190.67         16.8345  1979
  903           10557         7189.97         16.8352  1981
  904         10556.2         7189.04          16.836  1983
  905         10555.2         7187.33         16.8393  1985
  906         10554.8         7187.39         16.8369  1989
  907         10554.3          7187.5         16.8341  1991
  908         10554.1         7187.95         16.8305  1993
  909         10553.8         7188.21          16.828  1995
  910         10553.1         7188.37         16.8237  1997
  911         10552.7         7187.79         16.8244  1999
  912         10551.8         7187.45         16.8218  2001
  913         10551.4         7186.69         16.8237  2003
  914         10551.1         7185.62         16.8276  2005
  915         10550.7         7184.43         16.8312  2007
  916           10550         7183.56         16.8322  2009
  917         10549.4          7182.9         16.8323  2011
  918         10549.2         7182.94         16.8315  2013
  919         10549.1         7183.07         16.8301  2015
  920         10548.5         7183.93         16.8228  2017
  921           10548         7184.56         16.8172  2019
  922         10547.6         7184.68         16.8144  2021
  923         10546.8         7185.14         16.8081  2023
  924         10546.5         7185.34          16.806  2027
  925         10545.8         7185.31         16.8024  2031
  926         10545.1         7185.54         16.7978  2033
  927         10544.8         7185.31         16.7977  2037
  928         10544.8         7185.25         16.7977  2039
  929         10544.5         7184.97         16.7977  2041
  930         10544.2         7184.41         16.7989  2043
  931         10543.8         7184.26         16.7977  2045
  932         10542.4         7183.31         16.7956  2047
  933         10542.2         7182.95         16.7965  2051
  934           10542          7182.8         16.7962  2053
  935         10541.4         7182.19         16.7962  2055
  936         10540.6         7181.38         16.7963  2057
  937           10539         7179.26         16.7987  2059
  938         10538.9         7177.11         16.8088  2061
  939           10538         7177.85         16.8008  2063
  940         10537.7         7177.75         16.7997  2065
  941           10537         7176.78         16.8011  2067
  942         10536.9         7176.01         16.8042  2069
  943         10536.5         7175.77         16.8035  2071
  944         10536.2         7175.38          16.804  2073
  945         10535.6         7174.48         16.8057  2075
  946         10534.7         7172.78         16.8096  2077
  947         10534.3         7171.67         16.8134  2081
  948         10533.9         7170.87         16.8149  2083
  949         10533.6         7170.61         16.8149  2085
  950         10533.3         7170.32          16.815  2087
  951         10532.8         7169.51         16.8164  2089
  952         10532.3          7169.2         16.8156  2091
  953         10531.5         7168.77         16.8137  2093
  954         10531.1         7168.85         16.8111  2095
  955         10530.8         7169.01         16.8091  2097
  956         10530.4         7168.87         16.8079  2099
  957         10530.1         7168.35         16.8088  2101
  958         10529.8         7167.83         16.8099  2103
  959         10529.6         7167.14         16.8123  2105
  960         10529.5         7166.34         16.8157  2107
  961         10529.3         7165.93         16.8168  2109
  962           10529         7165.31         16.8183  2111
  963         10528.4         7164.41         16.8201  2113
  964         10527.6         7162.53         16.8255  2115
  965         10527.3         7162.31          16.825  2117
  966         10526.9         7162.56         16.8216  2119
  967         10526.7         7162.91         16.8191  2121
  968         10526.5         7163.26         16.8164  2123
  969         10526.2         7163.62         16.8127  2125
  970         10525.9         7164.43         16.8073  2127
  971         10525.2         7164.22         16.8051  2129
  972         10524.8         7163.72         16.8055  2131
  973         10523.9         7162.38         16.8078  2133
  974         10523.6         7161.41         16.8111  2135
  975         10523.1         7161.24         16.8091  2137
  976         10522.5         7161.26         16.8064  2139
  977         10521.9         7161.32         16.8029  2141
  978         10520.7         7161.49         16.7963  2143
  979         10520.3         7161.76         16.7925  2145
  980         10519.3         7161.65         16.7884  2147
  981         10518.9         7161.49         16.7869  2149
  982         10518.4         7161.35         16.7854  2151
  983         10517.8         7161.15          16.783  2153
  984         10517.2         7160.77         16.7823  2155
  985         10516.8         7160.55         16.7811  2157
  986         10515.9         7159.73         16.7806  2159
  987         10514.9         7158.55         16.7818  2161
  988         10514.5         7156.72         16.7891  2163
  989         10513.7         7156.44         16.7863  2165
  990         10513.4         7156.29         16.7855  2167
  991         10512.8         7155.63         16.7856  2169
  992         10512.1         7154.23         16.7893  2171
  993         10511.6         7153.06         16.7927  2173
  994         10511.2         7152.68         16.7924  2175
  995         10510.3         7151.77         16.7927  2177
  996         10509.1         7149.82         16.7962  2179
  997         10507.8         7146.28         16.8075  2181
  998         10507.2         7145.12         16.8104  2183
  999           10507         7145.75         16.8061  2185
 1000         10506.7         7145.94          16.804  2187
