    0      1.4731e+06      1.4731e+06               0  1
    1     1.19315e+06     1.19173e+06          47.298  7
    2          866541          704712         5394.28  11
    3          429403          428575          27.605  13
    4          405573          404244         44.2824  15
    5          392175          383378         293.238  19
    6          365047          360703         144.778  21
    7          282744          277274         182.339  23
    8          247723          229472         608.361  27
    9          197583          184082         450.033  29
   10          137534          124891         421.422  31
   11          125989          109304         556.154  35
   12          109432         96144.4         442.911  37
   13          100733         80773.2         665.329  39
   14         85191.2         69823.9         512.241  41
   15           81625         69128.6         416.548  45
   16         80088.7         67068.5         434.007  47
   17         75791.1         60999.1         493.064  49
   18         68926.7         56215.5         423.705  51
   19         61345.4         49542.3         393.435  53
   20         60798.2         45313.5         516.159  55
   21         57155.7         44974.7         406.035  57
   22         55987.1         44046.5          398.02  59
   23         53976.4         41624.2         411.741  61
   24         51140.1         38485.2         421.831  63
   25         49685.2         36039.2         454.866  67
   26         47223.2         34622.5         420.025  69
   27         44889.7         32419.2         415.682  71
   28         43587.3         31119.2         415.604  73
   29         42470.7         29861.5         420.306  75
   30           40920         29087.4         394.418  77
   31         38205.3         27060.3         371.498  79
   32         36262.6         25942.9         343.988  81
   33           35150         24502.8         354.905  83
   34         33196.2           23827         312.307  85
   35         31551.1         22588.7         298.747  87
   36         30524.6         21921.9         286.756  89
   37           29758         21155.3         286.759  93
   38         28433.5         20575.7         261.929  95
   39         26117.1         19155.2         232.065  97
   40         24702.5         18352.3         211.671  99
   41         23967.3         17962.6         200.157  101
   42         23054.6         17393.2         188.713  103
   43         22272.3         16830.8         181.384  105
   44         21543.8         16483.1         168.689  107
   45         21081.6         16369.7         157.063  109
   46         20369.5         16140.2         140.975  111
   47         19881.9         15773.7          136.94  113
   48         19405.2           15497         130.272  115
   49         18820.7           15138         122.758  117
   50         18176.3         14816.6         111.991  119
   51         17725.3         14440.7         109.487  121
   52           17404         14230.4         105.788  123
   53         17064.4         14015.4         101.635  125
   54         16390.1         13479.1         97.0313  127
   55           16052         13060.8         99.7078  131
   56         15584.1         12763.9         94.0059  133
   57         15289.7         12586.7         90.1024  135
   58         14953.7           12385         85.6251  137
   59         14666.2         12198.7          82.251  139
   60         14318.9           11992         77.5615  141
   61         13950.5         11652.4         76.6025  143
   62         13727.9         11395.8         77.7351  145
   63         13494.7         11235.2         75.3169  147
   64           13272         11063.6         73.6119  149
   65         13024.9         10838.5         72.8783  151
   66         12816.1         10756.2         68.6654  153
   67         12687.6         10643.6         68.1319  155
   68         12411.9           10340         69.0608  157
   69         12363.7         10229.6         71.1362  159
   70         12179.8         10189.7         66.3383  161
   71         12095.4           10118         65.9138  163
   72         11857.4          9868.2         66.3071  165
   73           11696         9622.49         69.1161  167
   74         11471.9         9393.75         69.2721  169
   75         11263.4         9137.28         70.8696  171
   76         11121.4         8892.11         74.3094  173
   77         11005.9         8790.89         73.8335  175
   78         10917.7         8744.02         72.4544  177
   79         10644.7         8517.04         70.9235  179
   80         10544.8         8326.36         73.9494  181
   81         10391.6         8228.56         72.1014  183
   82         10230.9         7991.71         74.6402  185
   83         10138.1         7822.67         77.1801  187
   84         10120.4         7559.76         85.3557  189
   85         9921.63         7541.18         79.3481  191
   86         9820.03         7500.69         77.3113  193
   87         9701.31            7418         76.1102  195
   88         9553.87         7340.49         73.7794  197
   89         9481.12         7276.87         73.4751  201
   90         9359.93         7246.93         70.4336  203
   91          9291.4         7212.22         69.3059  205
   92         9158.66         7125.33         67.7778  207
   93         9128.71         7055.11           69.12  209
   94         9013.09          7021.9         66.3731  211
   95         8958.23          6979.8         65.9474  213
   96          8902.4         6934.19         65.6072  215
   97         8817.89          6851.4         65.5496  217
   98         8713.68         6763.82         64.9951  219
   99          8636.6         6691.95         64.8216  221
  100         8549.69         6597.91         65.0593  223
  101         8499.11         6538.72         65.3462  225
  102          8452.4         6518.75         64.4548  227
  103         8377.63         6454.88         64.0914  229
  104         8344.08         6420.04         64.1346  231
  105         8299.71          6375.3         64.1469  233
  106         8229.85          6281.3         64.9517  235
  107         8185.13         6248.03         64.5702  237
  108         8152.71         6237.66         63.8348  239
  109         8100.86            6211         62.9954  241
  110         8060.45         6187.82          62.421  243
  111         8029.37         6119.48          63.663  245
  112         7966.29         6085.11          62.706  247
  113         7931.95         6040.54          63.047  249
  114         7900.99         5993.81         63.5728  251
  115          7866.1         5923.67         64.7479  253
  116         7804.23         5887.47          63.892  255
  117         7770.48         5865.29         63.5063  257
  118         7747.33         5850.68         63.2217  259
  119         7697.24         5813.28         62.7986  261
  120         7669.16         5788.34         62.6941  265
  121         7633.03         5765.63         62.2467  267
  122         7608.69         5747.25          62.048  269
  123         7582.01         5727.01         61.8335  271
  124         7566.19          5705.6         62.0194  273
  125         7535.66         5696.45         61.3072  275
  126         7515.79         5681.71         61.1358  277
  127         7500.77         5668.65         61.0707  279
  128         7465.16         5634.08         61.0359  281
  129         7456.54         5580.89         62.5215  283
  130         7406.98         5568.82         61.2721  285
  131         7396.16         5563.47         61.0897  287
  132          7376.3         5544.96         61.0446  289
  133         7369.04         5496.36         62.4227  291
  134         7334.27         5490.95         61.4441  293
  135         7319.52         5474.41         61.5037  295
  136         7306.21         5451.91           61.81  297
  137         7285.92         5423.26         62.0887  299
  138         7268.94         5393.94         62.4998  303
  139         7240.83         5368.38         62.4151  305
  140         7220.62         5355.02         62.1867  307
  141         7198.22         5340.29         61.9311  309
  142         7189.53          5320.8         62.2907  311
  143         7168.55         5317.42         61.7043  313
  144         7156.13         5308.66         61.5824  315
  145         7145.81         5299.48         61.5443  317
  146         7124.69         5280.02          61.489  319
  147         7118.91         5243.85         62.5022  321
  148         7084.36         5236.33         61.6009  323
  149         7076.57          5231.6         61.4988  325
  150         7063.59          5217.5         61.5366  327
  151         7046.54         5190.07         61.8823  329
  152         7028.42         5164.57         62.1283  331
  153         7017.96         5150.13         62.2613  333
  154         7007.98         5135.46         62.4173  335
  155         6997.66         5118.99         62.6223  337
  156         6982.31         5098.46         62.7953  339
  157         6962.29         5060.81         63.3827  341
  158         6955.02          5026.6         64.2806  343
  159         6942.77            5022         64.0257  345
  160         6935.13         5012.93         64.0733  347
  161         6924.33         4993.48         64.3616  349
  162         6916.42         4951.78         65.4878  351
  163         6900.22         4939.13         65.3698  353
  164          6891.4          4922.5         65.6301  355
  165         6884.13         4902.51         66.0541  357
  166         6874.33          4872.9         66.7143  359
  167         6861.78         4847.58         67.1399  361
  168          6853.9         4837.95         67.1982  363
  169          6845.9         4831.21         67.1563  365
  170         6837.53         4821.88         67.1884  367
  171         6828.04         4818.14         66.9969  369
  172         6818.74         4810.97         66.9259  371
  173         6813.76         4806.83         66.8979  373
  174         6805.72         4798.13         66.9198  375
  175         6798.47         4789.11         66.9788  377
  176         6792.83          4781.1         67.0577  379
  177         6788.81         4780.28         66.9511  381
  178         6783.15         4777.76         66.8464  383
  179         6779.14         4775.26          66.796  385
  180         6774.05         4770.35         66.7899  387
  181         6768.15         4762.24         66.8637  389
  182         6763.88          4754.5         66.9793  391
  183          6759.6         4752.19         66.9135  393
  184         6753.66         4749.69         66.7989  395
  185         6749.22         4749.41         66.6601  397
  186          6744.2         4748.27          66.531  399
  187         6737.82         4746.75         66.3689  401
  188         6730.07         4742.75         66.2437  403
  189         6726.92         4741.63         66.1762  405
  190         6723.81         4740.27         66.1179  407
  191          6719.2         4738.65         66.0185  409
  192         6715.78         4738.28         65.9168  411
  193         6711.95         4740.54         65.7139  413
  194          6707.4         4739.96         65.5816  415
  195         6703.61         4739.72         65.4629  417
  196         6700.72         4740.95         65.3257  419
  197         6696.51         4744.45         65.0687  421
  198         6692.64         4745.29         64.9116  423
  199         6688.73         4746.45         64.7428  425
  200         6686.32         4748.73         64.5861  427
  201         6683.83         4748.12         64.5236  429
  202         6677.54         4749.66         64.2626  431
  203         6675.94         4750.45         64.1829  433
  204         6672.96         4750.46         64.0834  435
  205         6669.01         4750.48         63.9508  437
  206          6666.3         4750.76         63.8512  439
  207         6660.78         4751.43         63.6449  441
  208         6657.11         4751.92         63.5064  445
  209         6654.19         4751.94         63.4082  447
  210         6651.51         4751.97          63.318  449
  211         6647.57         4752.95         63.1543  451
  212         6644.05         4754.94         62.9701  453
  213         6638.46         4753.47         62.8333  455
  214         6634.78         4752.24         62.7512  457
  215         6632.61          4751.7         62.6971  459
  216         6629.93         4750.99         62.6313  461
  217          6624.7          4749.2         62.5166  463
  218         6622.08         4747.15         62.4978  465
  219         6619.33         4745.36         62.4655  467
  220         6614.16         4742.31          62.395  469
  221         6611.85         4741.06         62.3595  473
  222         6608.55         4740.53         62.2672  475
  223         6606.76          4740.5         62.2088  477
  224         6603.41         4741.03         62.0794  479
  225         6600.94         4742.84         61.9366  481
  226         6596.87         4742.39         61.8161  483
  227         6592.53         4741.62         61.6971  485
  228         6590.48         4741.56         61.6305  487
  229         6586.97         4741.69         61.5094  489
  230         6583.74         4742.44         61.3767  491
  231         6582.43         4742.23         61.3399  493
  232            6580         4742.44         61.2521  495
  233         6577.37         4743.97         61.1134  497
  234         6573.73         4744.76         60.9657  499
  235         6569.98         4744.96         60.8339  501
  236         6567.42         4745.02         60.7464  503
  237         6564.83         4745.52         60.6436  505
  238         6562.92         4744.81         60.6038  507
  239         6559.77         4744.01         60.5253  509
  240         6558.45         4743.41         60.5014  513
  241         6556.86         4742.74         60.4706  515
  242         6552.38         4740.82         60.3854  517
  243         6550.95          4739.2         60.3917  521
  244         6549.62         4738.54         60.3694  523
  245         6546.84         4736.93         60.3304  525
  246          6544.8         4736.68         60.2708  527
  247         6543.06         4735.85         60.2403  529
  248         6540.51         4735.04         60.1823  531
  249         6538.86         4735.06         60.1266  533
  250            6535         4734.13         60.0291  535
  251         6531.78         4732.42         59.9786  537
  252         6528.64         4730.31         59.9441  539
  253         6526.08         4727.68         59.9467  541
  254         6524.49         4725.84         59.9553  543
  255         6521.68         4722.99         59.9563  545
  256         6518.59          4715.9         60.0896  547
  257         6515.34          4714.9         60.0145  549
  258         6513.65         4713.74         59.9971  551
  259         6512.15         4712.46         59.9898  553
  260          6509.5         4709.96         59.9847  555
  261         6506.76         4707.53         59.9745  557
  262         6504.52         4705.32         59.9733  559
  263          6502.5         4703.64         59.9618  561
  264         6499.44         4699.02         60.0142  563
  265         6495.73         4697.41         59.9441  565
  266         6492.66         4695.11         59.9184  567
  267         6491.06         4693.75         59.9104  569
  268         6488.83         4690.83         59.9335  571
  269         6485.59          4689.6         59.8663  573
  270          6483.7         4688.57         59.8375  575
  271         6481.29         4687.19         59.8034  577
  272         6480.46         4684.45          59.867  579
  273         6476.16         4683.42          59.758  581
  274         6474.12         4681.46         59.7554  583
  275         6472.31         4679.19         59.7705  585
  276         6469.77         4676.41         59.7785  587
  277         6467.32         4672.59         59.8243  589
  278         6465.09         4672.19         59.7634  591
  279         6463.66         4672.17         59.7161  593
  280         6461.21         4670.61         59.6866  595
  281         6458.85         4669.05         59.6598  597
  282         6455.69         4665.36         59.6776  599
  283         6452.91         4659.95          59.765  601
  284         6450.74         4655.18          59.852  603
  285         6448.76         4649.88         59.9628  607
  286         6446.54         4646.15         60.0129  609
  287         6444.76         4643.35         60.0471  611
  288         6442.82         4639.88         60.0979  613
  289         6440.89         4637.86         60.1012  615
  290         6438.68         4636.58         60.0699  617
  291         6435.79         4634.74          60.035  619
  292         6433.65         4633.59         60.0018  621
  293         6430.43         4629.78         60.0217  623
  294          6428.6         4625.89         60.0904  625
  295         6426.45          4624.1         60.0783  627
  296          6425.4         4623.44         60.0654  629
  297         6423.45         4622.41         60.0346  631
  298         6422.22         4620.94         60.0427  635
  299         6420.21         4620.07         60.0044  637
  300         6417.98         4618.75         59.9746  639
  301         6416.05         4616.76         59.9764  641
  302         6414.44         4616.38         59.9354  643
  303         6412.85          4615.9         59.8983  645
  304         6410.46         4615.63         59.8277  647
  305         6408.69         4616.46          59.741  649
  306         6405.94         4617.43         59.6172  651
  307         6403.08         4617.67         59.5136  653
  308         6400.85         4616.84         59.4672  655
  309         6399.59         4616.85         59.4245  657
  310         6397.95         4615.94         59.4003  659
  311         6393.82         4613.61         59.3403  661
  312         6392.09         4611.36         59.3576  663
  313         6390.18         4611.11         59.3026  665
  314         6388.73         4610.54         59.2731  667
  315         6387.09         4609.54         59.2516  669
  316         6385.05         4608.02         59.2342  671
  317         6382.14         4605.79         59.2119  673
  318         6380.12          4603.4          59.224  675
  319         6378.35         4601.33         59.2341  677
  320         6377.41         4599.34         59.2689  681
  321            6376         4598.37         59.2546  683
  322         6374.35         4597.15           59.24  685
  323         6372.73         4596.03         59.2231  687
  324         6370.89         4594.81         59.2025  689
  325          6368.8         4594.01         59.1598  691
  326         6365.41         4591.97         59.1146  693
  327         6364.01         4592.24         59.0589  695
  328         6362.22         4590.92         59.0434  697
  329         6360.36         4589.04         59.0439  699
  330         6359.06          4588.1         59.0319  701
  331         6358.11         4585.62          59.083  703
  332         6356.08         4585.44         59.0215  705
  333         6354.64         4584.42         59.0071  707
  334          6353.3         4582.96         59.0114  709
  335         6351.73          4581.4         59.0111  711
  336         6349.44         4579.25         59.0062  713
  337         6347.78         4577.52         59.0086  715
  338         6346.62         4576.81         58.9937  717
  339         6346.38         4574.74         59.0546  719
  340         6344.15         4575.34         58.9606  721
  341         6343.26         4575.25         58.9336  723
  342         6342.03         4574.89         58.9047  725
  343         6340.17         4574.31         58.8619  727
  344         6337.58         4572.35         58.8409  729
  345          6335.8         4571.09         58.8237  731
  346         6334.26         4569.53         58.8245  733
  347         6333.51         4569.18         58.8112  735
  348         6332.27         4568.44         58.7944  737
  349         6330.61         4567.01         58.7865  739
  350         6329.46          4566.3          58.772  741
  351         6328.82         4564.22         58.8199  743
  352         6326.43         4564.28         58.7383  745
  353         6325.45          4564.1         58.7119  747
  354         6324.54         4563.79         58.6917  749
  355         6322.62         4563.13         58.6499  751
  356         6322.19         4560.09         58.7366  753
  357         6318.56         4560.88         58.5895  755
  358         6317.93         4560.69         58.5745  757
  359         6316.77         4560.66          58.537  759
  360         6316.08         4560.47         58.5205  761
  361         6314.19         4560.83         58.4451  763
  362         6312.71         4561.07         58.3881  765
  363         6311.57         4561.36         58.3404  767
  364         6309.66         4561.63         58.2677  769
  365         6308.43         4561.14         58.2431  773
  366         6306.65          4561.4         58.1752  775
  367         6305.23         4561.14         58.1364  777
  368         6303.52         4560.65         58.0958  779
  369         6302.49         4559.15         58.1111  781
  370          6299.9         4558.67         58.0411  783
  371         6298.17         4557.73         58.0145  785
  372            6297         4557.18          57.994  787
  373         6294.63         4556.42         57.9405  789
  374         6294.12         4556.64          57.916  791
  375         6290.67         4556.37         57.8101  793
  376         6289.94         4556.35         57.7862  795
  377         6287.91         4556.96         57.6983  797
  378         6286.57         4557.48         57.6364  801
  379         6284.44         4558.42         57.5339  803
  380         6282.18         4558.52         57.4553  805
  381         6280.63         4558.62         57.4003  807
  382         6278.98         4557.41         57.3859  809
  383         6277.41         4556.01           57.38  811
  384         6274.74         4553.93         57.3604  813
  385         6272.22         4551.63          57.353  815
  386         6270.02          4550.7         57.3107  817
  387         6267.06         4549.44          57.254  819
  388         6265.93         4549.96          57.199  821
  389         6263.51         4549.44         57.1356  823
  390         6261.44         4549.16          57.076  825
  391         6259.81         4549.77         57.0012  827
  392         6256.78         4550.43         56.8782  829
  393         6255.46          4554.7         56.6922  831
  394         6251.35         4553.07         56.6094  833
  395         6250.22         4552.51         56.5904  835
  396         6248.29         4552.15         56.5382  837
  397         6245.81         4551.39         56.4806  839
  398         6242.51         4551.65         56.3623  841
  399         6240.21         4550.75         56.3154  843
  400         6238.52         4550.05         56.2824  845
  401         6236.87         4546.67           56.34  847
  402         6233.99          4546.8         56.2399  849
  403         6231.85         4546.04         56.1936  851
  404         6230.04         4544.96         56.1694  853
  405         6226.95         4541.35         56.1867  855
  406         6224.09         4539.23          56.162  857
  407         6222.72         4538.07         56.1548  859
  408         6221.29         4536.76         56.1509  861
  409         6219.59         4535.78         56.1268  863
  410         6216.98         4532.19         56.1594  865
  411          6214.4            4531         56.1135  867
  412         6212.64         4529.57         56.1023  869
  413         6211.55         4528.54         56.1002  871
  414         6209.94         4527.26         56.0893  873
  415         6208.46         4526.46         56.0667  875
  416         6207.15         4524.64         56.0837  877
  417         6205.61         4524.79         56.0275  879
  418         6204.47         4524.48         55.9997  881
  419         6202.52         4523.13         55.9797  883
  420         6201.51         4522.42         55.9698  887
  421         6199.99         4520.71         55.9758  889
  422         6198.61         4518.51         56.0035  891
  423         6197.74          4517.3         56.0145  893
  424         6196.89         4516.55         56.0113  895
  425         6195.85         4516.67         55.9727  897
  426         6194.52         4516.27         55.9418  899
  427         6192.76         4516.51         55.8751  901
  428         6191.68         4516.01         55.8556  903
  429         6190.49         4515.42         55.8357  905
  430         6189.78         4514.39         55.8464  909
  431         6188.82         4513.95         55.8289  911
  432         6187.37         4513.52         55.7953  913
  433         6186.56         4512.38         55.8061  915
  434         6185.65         4512.41         55.7745  917
  435         6184.55         4512.43         55.7374  919
  436         6183.68         4512.12         55.7187  921
  437         6182.89         4513.48         55.6469  923
  438            6182         4512.55         55.6482  925
  439         6181.46         4512.33         55.6378  927
  440         6180.19         4512.78         55.5803  929
  441         6179.52         4513.87         55.5217  931
  442         6178.47          4513.6         55.4956  933
  443          6177.5         4513.13         55.4789  935
  444         6176.67         4512.29         55.4792  937
  445         6175.95         4512.18         55.4591  939
  446         6175.04         4511.02         55.4672  941
  447         6173.96         4509.24         55.4906  943
  448         6173.05         4507.97         55.5027  945
  449         6172.25         4506.34         55.5303  947
  450         6171.34         4505.56         55.5258  949
  451         6170.26         4503.66         55.5536  951
  452         6169.54         4502.36         55.5729  953
  453         6168.93         4501.59         55.5778  955
  454         6167.87         4498.52         55.6451  957
  455         6167.06         4497.91         55.6384  959
  456         6166.63         4497.78         55.6285  961
  457         6165.69          4496.6         55.6366  963
  458         6165.15         4495.68         55.6492  965
  459         6164.29         4494.49           55.66  967
  460         6163.36         4492.27         55.7031  969
  461         6162.87         4491.07         55.7267  971
  462         6161.66         4487.79         55.7958  973
  463         6161.19         4485.72          55.849  975
  464         6160.19         4485.77         55.8137  977
  465          6159.8         4485.97         55.7943  979
  466         6159.06         4485.57         55.7828  981
  467          6158.5         4485.58         55.7642  985
  468         6157.77         4484.62         55.7716  987
  469         6157.13         4483.35         55.7928  989
  470         6156.42         4481.58          55.828  991
  471         6155.84         4478.85         55.8996  993
  472         6154.84         4478.66         55.8727  995
  473         6153.98         4478.18         55.8598  997
  474         6153.36         4477.72         55.8547  999
  475         6152.79         4476.42         55.8792  1003
  476         6151.93         4475.55         55.8793  1005
  477         6151.27         4474.46         55.8934  1007
  478         6150.74          4473.1         55.9214  1009
  479         6150.09         4471.26         55.9611  1011
  480         6149.32         4469.73         55.9865  1013
  481         6148.45         4467.29         56.0388  1015
  482         6147.97         4466.78         56.0398  1017
  483         6147.62         4466.75          56.029  1019
  484         6146.89         4466.74         56.0051  1021
  485         6146.21         4466.33         55.9962  1023
  486         6145.16         4465.47         55.9896  1025
  487         6144.16          4464.3         55.9952  1027
  488         6143.43         4462.85         56.0195  1029
  489         6142.96         4462.13         56.0276  1031
  490         6142.38         4460.89         56.0497  1033
  491         6141.74         4459.46         56.0759  1035
  492         6140.96         4457.68         56.1093  1037
  493          6140.6          4454.8         56.1931  1039
  494         6139.48         4454.19         56.1765  1041
  495         6138.94         4453.55         56.1797  1043
  496         6138.46         4452.42         56.2015  1045
  497         6137.43         4449.96          56.249  1047
  498          6137.2         4441.19         56.5339  1049
  499         6135.23         4441.33         56.4632  1051
  500         6134.88          4441.4         56.4493  1053
  501         6134.26         4439.91         56.4783  1055
  502         6133.74         4437.37         56.5456  1059
  503         6132.91         4435.01         56.5968  1061
  504         6131.61         4430.33         56.7094  1063
  505         6130.63         4425.25         56.8462  1065
  506         6129.62          4420.1         56.9839  1067
  507         6128.66         4418.34         57.0104  1069
  508         6127.19         4414.34         57.0949  1071
  509         6126.28         4412.41         57.1289  1073
  510         6125.51         4410.77         57.1583  1075
  511         6124.21         4405.23         57.2993  1077
  512         6123.71         4402.46         57.3749  1081
  513         6123.34         4401.87         57.3823  1083
  514         6122.28         4394.54         57.5913  1085
  515          6121.6         4391.48         57.6706  1087
  516         6121.21         4392.32         57.6296  1089
  517         6120.82         4391.73         57.6361  1091
  518         6119.79         4387.65          57.738  1093
  519         6118.95         4382.73          57.874  1095
  520         6118.14         4375.44         58.0899  1097
  521         6117.43         4373.18         58.1415  1099
  522          6116.6         4370.04         58.2188  1101
  523         6116.31         4367.86         58.2817  1103
  524         6115.92         4367.41         58.2836  1105
  525         6114.54         4366.15         58.2797  1107
  526         6113.57         4365.79         58.2593  1109
  527         6112.83         4364.13         58.2899  1111
  528          6111.5         4364.11         58.2462  1113
  529         6110.74         4363.93         58.2269  1115
  530         6109.96         4363.41         58.2183  1117
  531         6109.78         4362.49         58.2432  1119
  532         6108.29         4361.81         58.2163  1121
  533         6107.74         4360.96         58.2261  1123
  534         6107.21         4359.85         58.2453  1125
  535         6106.53         4358.36         58.2722  1127
  536         6105.42         4356.24         58.3059  1129
  537         6104.28         4354.18         58.3369  1131
  538         6104.07         4350.79         58.4426  1133
  539         6102.69         4351.03         58.3886  1135
  540         6102.26         4351.24         58.3674  1137
  541         6101.23         4350.68         58.3515  1139
  542         6099.75         4349.37         58.3458  1141
  543         6098.31         4346.12         58.4065  1143
  544         6096.98         4344.77         58.4071  1145
  545          6095.6         4342.39         58.4403  1147
  546         6094.46         4340.27         58.4731  1149
  547         6092.52         4335.34         58.5728  1151
  548         6090.92         4333.68         58.5746  1153
  549         6088.99         4332.39         58.5532  1155
  550         6087.41          4329.2          58.607  1157
  551         6085.48         4327.73         58.5914  1159
  552         6084.31         4326.32         58.5994  1161
  553         6082.59         4323.35         58.6412  1163
  554         6081.43         4320.59         58.6949  1167
  555         6079.81         4317.68         58.7376  1169
  556         6077.69         4312.51         58.8393  1171
  557         6076.31         4308.89         58.9141  1173
  558         6074.59         4304.18         59.0137  1175
  559         6072.72         4301.33         59.0464  1177
  560         6070.35         4293.49         59.2288  1179
  561         6067.08         4291.03         59.2018  1181
  562         6065.04         4289.06         59.1995  1183
  563         6061.19         4282.44         59.2919  1185
  564         6060.13         4271.66         59.6157  1187
  565         6056.07         4270.73         59.5114  1189
  566          6053.7         4268.18         59.5173  1191
  567         6051.28         4263.03         59.6082  1193
  568          6047.1          4255.4         59.7236  1195
  569         6043.88         4245.85          59.934  1199
  570         6038.77         4236.83         60.0648  1201
  571          6035.1         4232.71         60.0797  1203
  572          6030.9          4228.1         60.0933  1205
  573         6028.48         4217.86         60.3541  1207
  574         6023.35          4218.6         60.1585  1209
  575         6019.11         4216.64         60.0823  1211
  576         6015.38         4213.25          60.071  1213
  577         6007.65         4202.34         60.1771  1215
  578         6002.05         4188.18         60.4623  1217
  579         5994.03         4183.51         60.3509  1219
  580         5988.67         4178.17         60.3499  1221
  581         5982.34         4169.54         60.4269  1223
  582         5975.71         4153.47         60.7411  1227
  583         5968.11         4141.44         60.8887  1229
  584         5962.65         4132.87         60.9927  1231
  585         5957.84         4122.91         61.1642  1233
  586            5953         4116.49         61.2169  1235
  587         5946.98         4109.65         61.2443  1237
  588         5943.19         4096.86         61.5441  1239
  589         5937.25         4095.85           61.38  1241
  590         5931.58         4091.22         61.3456  1243
  591         5926.69         4085.87         61.3608  1245
  592         5923.98         4067.55         61.8812  1247
  593         5914.18         4066.84         61.5779  1249
  594         5910.46          4063.6         61.5621  1251
  595         5907.38         4058.34         61.6346  1253
  596         5902.83         4052.49         61.6781  1255
  597          5898.9         4044.45         61.8151  1259
  598         5893.54          4040.7         61.7615  1261
  599         5888.84         4037.51         61.7109  1263
  600         5884.03         4034.63         61.6465  1265
  601         5880.95         4032.62         61.6111  1267
  602         5876.73         4031.91         61.4943  1269
  603          5873.6         4031.47         61.4041  1271
  604         5871.24          4031.6         61.3213  1273
  605         5867.52         4029.89         61.2544  1275
  606         5861.87         4030.04         61.0609  1277
  607         5858.22         4028.33         60.9965  1279
  608         5855.51          4026.7         60.9606  1281
  609         5851.09         4024.59         60.8832  1283
  610         5846.02         4022.92         60.7701  1285
  611         5842.15         4021.34         60.6936  1287
  612         5837.34         4020.26         60.5696  1289
  613         5834.79         4015.38         60.6472  1291
  614            5831         4015.67         60.5107  1293
  615         5827.21         4015.03         60.4058  1295
  616         5824.99         4014.07         60.3638  1297
  617         5822.14         4013.45         60.2897  1301
  618         5817.99         4012.03         60.1987  1303
  619         5815.65         4011.17         60.1496  1305
  620          5812.5         4010.96         60.0512  1307
  621         5811.32         4010.66         60.0221  1309
  622         5808.25         4010.35         59.9299  1311
  623         5806.49         4009.97         59.8843  1313
  624          5804.5         4009.51          59.833  1315
  625         5801.39         4009.92         59.7157  1317
  626         5798.57         4008.52         59.6685  1319
  627         5796.42         4008.01         59.6139  1321
  628         5794.66         4007.74         59.5639  1323
  629         5792.77         4008.01         59.4919  1325
  630         5790.55         4009.17         59.3794  1327
  631         5787.82         4008.19         59.3211  1329
  632         5785.32         4007.63         59.2564  1331
  633         5783.16         4007.69         59.1824  1333
  634          5781.6         4008.56         59.1014  1337
  635         5779.07          4009.3         58.9924  1339
  636         5777.51         4009.32         58.9399  1341
  637         5775.65         4010.44         58.8403  1343
  638         5774.31         4009.96         58.8114  1345
  639         5773.16         4010.03          58.771  1347
  640         5771.55         4010.22         58.7111  1349
  641          5770.3         4010.17         58.6711  1351
  642         5767.94         4010.63         58.5771  1353
  643         5765.88         4009.58         58.5434  1355
  644         5764.43         4008.88         58.5185  1357
  645         5763.06         4008.16         58.4966  1359
  646         5761.53         4008.25         58.4428  1361
  647         5759.41         4006.79         58.4208  1363
  648         5757.16         4005.46           58.39  1365
  649         5755.37         4005.07         58.3435  1367
  650          5753.6         4003.65         58.3317  1369
  651         5751.86         4002.97         58.2965  1371
  652         5749.99         4003.22         58.2255  1373
  653         5748.08         4002.15         58.1976  1375
  654         5746.62         4001.59         58.1676  1377
  655         5745.08         4001.12          58.132  1379
  656         5744.29         4000.08         58.1402  1381
  657         5743.06          4000.7         58.0789  1383
  658         5741.93         4001.16         58.0256  1385
  659         5740.59          4001.4         57.9731  1387
  660         5738.42         4002.58         57.8613  1389
  661         5735.41          4000.9         57.8171  1391
  662         5732.49         3999.01         57.7826  1393
  663         5730.11         3997.62         57.7494  1395
  664         5729.06         3996.55         57.7505  1397
  665         5728.17         3995.85          57.744  1399
  666         5725.05         3994.26         57.6927  1401
  667            5724         3992.68         57.7106  1405
  668         5722.46         3992.12         57.6778  1407
  669         5719.77         3990.08         57.6562  1409
  670         5718.07          3987.2         57.6957  1411
  671         5716.62         3986.14         57.6825  1413
  672         5715.53         3985.72           57.66  1415
  673         5713.45         3984.82         57.6208  1417
  674         5711.82         3984.21         57.5872  1419
  675         5709.88         3982.97         57.5639  1421
  676         5706.66         3977.68         57.6326  1423
  677         5705.96         3975.12         57.6947  1425
  678         5703.96         3975.31         57.6219  1427
  679         5703.11         3974.34         57.6257  1429
  680         5701.36         3971.57         57.6598  1431
  681         5699.64         3967.69         57.7315  1433
  682         5697.76         3963.77         57.7995  1435
  683         5696.26         3962.95          57.777  1437
  684          5694.2         3962.35         57.7282  1439
  685         5693.02         3962.06         57.6985  1441
  686          5691.2         3961.73         57.6491  1443
  687         5688.77         3960.69         57.6028  1445
  688         5687.53         3960.22          57.577  1447
  689         5687.28         3958.31         57.6325  1449
  690         5684.95         3958.04         57.5635  1451
  691         5683.96            3957         57.5654  1453
  692         5682.57          3954.7         57.5954  1455
  693         5681.18         3952.42         57.6254  1457
  694         5679.67         3948.08         57.7194  1459
  695         5678.29         3947.45         57.6945  1461
  696          5676.9         3946.74         57.6718  1463
  697          5675.6         3945.14         57.6819  1465
  698          5673.9         3942.93         57.6991  1467
  699         5672.49         3940.81         57.7228  1469
  700         5670.96         3938.86         57.7368  1471
  701         5669.83         3937.07         57.7587  1473
  702         5668.71         3936.27         57.7481  1475
  703         5666.63         3932.89         57.7915  1477
  704         5665.59         3930.83         57.8251  1479
  705         5664.76          3930.8         57.7987  1481
  706         5663.74         3929.79         57.7982  1483
  707         5662.36         3927.86         57.8165  1485
  708         5660.51         3925.42         57.8362  1487
  709         5659.76         3920.28         57.9829  1489
  710         5657.87         3921.27         57.8866  1491
  711            5657         3921.46         57.8514  1493
  712         5655.67         3921.12         57.8185  1495
  713         5655.14         3919.91         57.8409  1497
  714         5652.79         3919.32         57.7822  1499
  715         5651.78         3918.17         57.7869  1501
  716         5650.56          3916.7         57.7951  1503
  717         5648.74         3913.76         57.8329  1505
  718         5647.04         3911.89         57.8384  1507
  719         5646.13         3911.71         57.8141  1509
  720         5645.11         3912.05         57.7687  1511
  721         5644.04         3911.42          57.754  1513
  722         5642.29          3911.2         57.7031  1515
  723         5639.16         3909.38         57.6594  1517
  724         5637.26         3908.22         57.6346  1519
  725          5635.7         3905.84         57.6622  1521
  726         5634.01         3906.29         57.5908  1523
  727         5633.03         3907.02         57.5337  1525
  728         5631.82         3908.15         57.4558  1527
  729         5630.62         3911.05         57.3192  1529
  730         5628.71         3910.59         57.2706  1531
  731         5627.19          3909.9          57.243  1533
  732         5625.68         3909.81         57.1956  1535
  733         5624.91         3909.28         57.1878  1537
  734         5621.92         3909.04         57.0961  1539
  735         5620.61         3908.61         57.0668  1541
  736         5619.14         3908.33         57.0269  1543
  737          5617.1         3908.21         56.9629  1545
  738         5614.67          3908.4         56.8756  1547
  739         5612.84         3908.03         56.8268  1549
  740         5609.88         3907.79         56.7363  1551
  741         5608.59         3908.09         56.6833  1553
  742         5606.48         3907.58           56.63  1555
  743          5604.8         3907.13         56.5889  1557
  744         5603.66         3907.14         56.5507  1559
  745         5601.68         3906.65         56.5009  1561
  746         5600.06          3907.2         56.4289  1563
  747         5599.18         3906.41         56.4258  1565
  748         5597.99         3905.58         56.4139  1567
  749         5596.63         3904.54          56.403  1569
  750         5594.79         3903.43         56.3787  1571
  751         5593.21         3902.17          56.368  1573
  752         5591.62         3900.47         56.3715  1575
  753         5590.47          3900.8         56.3223  1577
  754         5589.63         3900.79         56.2945  1579
  755         5587.24         3902.26         56.1659  1581
  756         5586.26         3902.14         56.1371  1585
  757         5585.27          3902.3         56.0989  1587
  758         5582.49         3902.45         56.0014  1589
  759         5581.82         3902.61         55.9737  1593
  760         5581.03         3902.49         55.9513  1595
  761         5578.82         3902.43         55.8798  1597
  762         5577.71         3901.74         55.8656  1599
  763         5575.83         3902.22         55.7871  1601
  764         5574.49         3902.27         55.7407  1603
  765         5573.37         3902.48         55.6962  1605
  766         5572.44         3903.11          55.644  1609
  767         5570.83         3903.64          55.573  1611
  768         5568.92         3904.43         55.4832  1613
  769         5567.53         3904.82         55.4237  1615
  770         5566.96         3906.06         55.3634  1617
  771         5565.63         3904.95         55.3562  1619
  772         5564.96         3904.02         55.3647  1621
  773         5564.04         3902.85         55.3728  1623
  774         5563.05          3901.3          55.392  1625
  775         5561.16         3900.12         55.3681  1627
  776         5559.61         3898.79         55.3608  1629
  777         5558.68         3897.96         55.3572  1631
  778         5556.72         3896.53         55.3399  1633
  779         5555.42         3895.31          55.337  1637
  780            5554         3894.86         55.3047  1639
  781          5553.2         3894.73         55.2823  1641
  782         5552.03         3894.76         55.2422  1643
  783         5551.45         3895.35         55.2034  1645
  784          5550.1         3895.18         55.1641  1647
  785         5548.98         3895.29         55.1229  1649
  786         5547.91         3895.91         55.0669  1651
  787         5546.13         3896.31         54.9941  1653
  788         5544.48         3897.52         54.8987  1655
  789         5543.43         3896.69         54.8912  1657
  790         5542.41         3895.85         54.8854  1659
  791         5541.33         3895.25         54.8695  1661
  792         5540.51         3894.63         54.8628  1663
  793         5538.56         3894.01         54.8185  1665
  794         5537.74         3893.52         54.8071  1667
  795         5536.71         3892.99         54.7907  1669
  796         5535.02         3891.22         54.7932  1671
  797         5533.11         3890.49          54.754  1673
  798         5531.77          3889.4         54.7457  1675
  799         5530.27         3888.31         54.7321  1677
  800         5529.35         3886.95         54.7465  1681
  801         5528.21          3886.3         54.7305  1683
  802         5526.48          3885.4         54.7027  1685
  803         5525.52         3884.26         54.7086  1687
  804         5524.22         3883.83         54.6796  1689
  805         5522.31         3883.11         54.6398  1691
  806          5520.8         3881.94         54.6286  1693
  807         5518.84         3881.31         54.5846  1695
  808         5517.22          3880.5         54.5575  1697
  809         5515.72         3879.41         54.5436  1699
  810         5515.43         3879.23         54.5398  1701
  811         5513.83         3878.66         54.5056  1703
  812         5513.28          3878.4         54.4958  1705
  813         5512.49         3878.17         54.4775  1707
  814         5511.26         3878.06         54.4399  1709
  815         5510.25         3877.84         54.4138  1713
  816         5508.54         3878.08         54.3488  1715
  817         5507.36         3877.96         54.3132  1717
  818         5505.88         3877.57         54.2769  1719
  819         5505.12         3877.66         54.2486  1723
  820         5504.15         3877.29         54.2287  1725
  821          5502.8         3876.64         54.2054  1727
  822         5501.87         3876.01         54.1954  1729
  823         5500.69         3875.54         54.1716  1731
  824         5499.16         3874.62         54.1511  1733
  825         5497.41         3873.34         54.1357  1735
  826         5496.91         3870.78         54.2044  1737
  827         5494.64         3870.52         54.1373  1739
  828         5493.84            3870         54.1283  1741
  829         5492.72         3869.12         54.1201  1743
  830          5491.4         3866.63         54.1587  1745
  831         5489.54         3865.24         54.1431  1747
  832          5488.1          3863.4         54.1569  1749
  833         5486.93         3861.52         54.1805  1751
  834          5485.6         3858.75         54.2282  1753
  835         5483.83         3856.41         54.2472  1755
  836         5482.54         3854.79         54.2581  1757
  837         5480.79         3852.53         54.2753  1759
  838          5479.7         3850.15         54.3184  1763
  839         5478.08         3848.44         54.3213  1765
  840         5476.49         3846.68         54.3268  1767
  841         5475.39         3845.86         54.3179  1769
  842         5474.21         3845.11         54.3032  1771
  843         5472.92         3845.21          54.257  1773
  844         5471.08         3844.76         54.2105  1775
  845         5469.99          3844.9         54.1696  1777
  846         5468.86         3844.11         54.1583  1779
  847         5467.11         3841.61         54.1832  1781
  848         5466.43         3840.19          54.208  1783
  849         5465.48         3839.48            54.2  1785
  850         5464.43         3838.14         54.2096  1787
  851         5463.62            3837         54.2207  1789
  852         5462.19         3834.53         54.2555  1791
  853         5460.69         3832.01         54.2895  1793
  854         5459.72          3831.8         54.2641  1795
  855         5458.52         3831.82         54.2234  1797
  856         5457.49         3831.63         54.1953  1799
  857         5455.92          3831.5         54.1473  1801
  858         5454.27          3830.9         54.1125  1803
  859         5453.43         3829.69         54.1246  1805
  860         5451.67         3829.47         54.0734  1807
  861         5450.73         3829.08         54.0549  1809
  862         5449.23         3828.24         54.0332  1811
  863         5447.22         3826.87         54.0117  1813
  864         5445.48         3824.93         54.0186  1815
  865         5444.31         3824.16         54.0052  1817
  866          5443.2         3823.69         53.9837  1819
  867         5442.23         3823.54         53.9564  1821
  868          5440.8         3823.25         53.9183  1823
  869         5439.35         3822.72         53.8875  1825
  870         5438.72         3822.04         53.8891  1827
  871         5437.69         3821.89         53.8602  1829
  872         5437.07         3821.71         53.8454  1831
  873         5436.14         3821.52         53.8208  1833
  874         5434.77         3821.58         53.7732  1835
  875         5433.27         3821.28         53.7331  1837
  876         5431.94         3820.57         53.7124  1839
  877         5430.25          3819.6         53.6884  1841
  878          5429.7         3818.99         53.6906  1843
  879         5428.61         3818.67         53.6645  1845
  880         5427.48         3818.05         53.6475  1847
  881         5426.68         3817.78           53.63  1849
  882         5425.04         3816.47         53.6187  1851
  883         5422.71         3815.46          53.575  1853
  884         5420.97         3814.19         53.5595  1855
  885         5419.26         3813.12          53.538  1857
  886         5418.97         3813.35         53.5207  1859
  887         5417.76         3813.08         53.4892  1861
  888          5416.9         3812.91         53.4662  1863
  889         5415.83         3813.01         53.4273  1865
  890         5414.18         3813.07         53.3704  1867
  891         5413.75         3811.99         53.3921  1869
  892         5410.18         3811.48         53.2899  1871
  893         5409.21         3810.54         53.2891  1873
  894         5407.86         3809.19         53.2888  1875
  895         5407.08          3808.3         53.2926  1879
  896         5405.97         3807.43         53.2848  1881
  897         5404.27         3806.07         53.2734  1883
  898         5403.03         3805.06         53.2659  1885
  899         5402.04         3805.15         53.2299  1887
  900         5400.87         3805.02          53.195  1889
  901         5399.39         3805.29         53.1365  1891
  902         5397.91         3805.56         53.0781  1893
  903         5396.35         3805.85         53.0167  1897
  904         5393.96         3805.54         52.9473  1899
  905          5392.1          3804.4         52.9231  1901
  906         5390.43         3802.76         52.9222  1903
  907         5390.24         3802.03         52.9406  1905
  908         5388.33          3801.6          52.891  1907
  909         5387.68         3801.36         52.8773  1909
  910         5386.68         3801.09         52.8529  1911
  911         5385.11         3800.43         52.8226  1913
  912         5384.39         3798.96         52.8475  1915
  913         5381.09          3797.6          52.783  1917
  914         5380.16         3796.97          52.773  1919
  915         5378.88         3796.16          52.757  1921
  916         5376.96         3795.14         52.7271  1923
  917          5374.6         3794.35          52.675  1925
  918          5372.8         3793.47         52.6445  1927
  919         5371.01         3793.43         52.5859  1929
  920         5369.85          3792.3         52.5849  1931
  921         5368.57         3791.73         52.5614  1933
  922         5366.53         3789.93         52.5534  1935
  923         5365.52         3788.87          52.555  1937
  924         5363.95         3787.35         52.5533  1939
  925         5362.01         3785.42         52.5527  1941
  926         5360.55         3784.44         52.5371  1943
  927         5359.63          3784.8         52.4943  1945
  928         5357.96         3785.69         52.4089  1947
  929         5356.68         3786.15         52.3511  1949
  930         5355.33         3786.53         52.2931  1951
  931          5354.2         3785.53         52.2892  1953
  932         5352.83            3784         52.2942  1955
  933         5351.48         3783.11         52.2791  1957
  934         5350.32          3782.8         52.2507  1959
  935         5347.29         3782.54         52.1584  1961
  936         5346.36         3782.21         52.1381  1965
  937          5345.2         3781.71         52.1162  1967
  938         5342.83         3779.89          52.098  1969
  939         5342.61          3778.8         52.1269  1971
  940         5340.85         3778.71         52.0713  1973
  941         5339.88          3778.5         52.0462  1975
  942         5338.35          3778.3         52.0017  1977
  943         5336.13         3777.67         51.9486  1979
  944          5334.9         3777.41         51.9163  1983
  945          5332.3         3776.14         51.8721  1985
  946         5330.58         3775.12         51.8486  1987
  947         5328.96         3774.21         51.8252  1989
  948         5327.33         3774.44         51.7631  1991
  949         5326.52         3774.44          51.736  1993
  950         5324.28         3774.56         51.6573  1995
  951         5322.79          3774.5         51.6099  1997
  952         5320.64         3774.43         51.5403  1999
  953            5319         3773.56         51.5145  2001
  954         5317.64         3773.24         51.4801  2003
  955         5317.12         3772.77         51.4784  2005
  956          5315.4         3772.63         51.4256  2007
  957         5314.05         3772.41          51.388  2009
  958         5312.47         3772.66         51.3271  2011
  959          5311.3         3772.09         51.3068  2013
  960         5309.65         3771.78         51.2625  2015
  961         5308.35          3770.6         51.2584  2017
  962            5307          3769.2         51.2599  2019
  963         5305.31         3764.92         51.3463  2021
  964         5302.95         3763.31         51.3213  2023
  965         5301.53         3761.94         51.3198  2025
  966         5300.45          3760.7          51.325  2027
  967         5299.33         3759.27         51.3355  2029
  968         5297.66         3758.44         51.3075  2031
  969         5296.54         3757.95         51.2863  2033
  970         5295.44          3757.6         51.2613  2035
  971         5293.78         3756.21         51.2524  2037
  972         5291.89         3755.21         51.2226  2039
  973         5290.94         3754.54         51.2131  2041
  974         5289.79         3753.51         51.2095  2043
  975         5288.43         3751.99         51.2148  2045
  976         5286.81         3750.09         51.2242  2047
  977         5285.59          3749.2         51.2128  2049
  978         5284.15         3748.19         51.1984  2051
  979         5283.39         3748.01         51.1795  2053
  980         5282.24         3747.21         51.1678  2055
  981         5280.65         3745.62         51.1674  2057
  982         5279.66         3744.69         51.1656  2059
  983         5278.62         3743.49          51.171  2063
  984         5276.99         3742.13          51.162  2065
  985         5276.04         3741.58         51.1487  2067
  986         5274.75         3740.82          51.131  2069
  987         5274.29         3740.59         51.1235  2071
  988         5273.16         3740.26         51.0967  2073
  989         5272.27         3739.64         51.0878  2075
  990         5271.36         3739.04         51.0774  2077
  991         5269.72         3737.58         51.0714  2079
  992         5268.54         3736.64         51.0633  2083
  993         5267.19         3735.29         51.0635  2085
  994         5266.28         3734.46         51.0608  2087
  995         5264.89         3733.08         51.0603  2089
  996         5263.95         3732.29         51.0554  2093
  997         5262.65         3731.35         51.0435  2095
  998         5261.19         3730.02         51.0391  2097
  999         5260.28         3729.06         51.0407  2099
 1000         5259.18         3728.18         51.0334  2101
