    0      1.4731e+06      1.4731e+06               0  1
    1     1.20592e+06     1.19173e+06          47.298  7
    2          660972          461413         665.195  9
    3          460288          449359         36.4282  11
    4          457032          448941         26.9686  13
    5          456156          448206         26.4991  15
    6          452265          445030         24.1172  17
    7          445107          439359          19.162  19
    8          439751          421188         61.8773  21
    9          421550          410682          36.226  23
   10          411773          397346         48.0899  25
   11          396238          365945         100.976  27
   12          390090          301707         294.609  29
   13          359129          299226         199.677  31
   14          306175          247929         194.154  33
   15          269411          180896         295.051  35
   16          247603          178444          230.53  37
   17          218659          176586         140.245  39
   18          208029          175958         106.903  41
   19          195918          165858         100.197  43
   20          186300          155233         103.558  45
   21          174352          144853         98.3293  47
   22          171401          143535         92.8883  51
   23          166441          142845         78.6552  53
   24          163944          142243         72.3358  55
   25          162612          141533         70.2637  57
   26          159708          139060         68.8267  59
   27          157714          134915         75.9979  61
   28          154330          133536         69.3123  63
   29          150710          131210         64.9994  65
   30          147425          129055         61.2332  67
   31          145410          127281         60.4308  69
   32          143360          126195         57.2168  71
   33          142059          124891         57.2259  73
   34          138964          120606         61.1928  75
   35          134564          113864         68.9986  77
   36          128774          105715         76.8617  79
   37          125577          101607         79.9028  83
   38          122342          100357         73.2864  85
   39          119128         98829.7         67.6614  87
   40          115020         95669.5         64.5016  89
   41          111124         90245.1         69.5974  91
   42          106776         84950.7         72.7499  93
   43          102657         82555.4         67.0069  95
   44          100447           80199         67.4925  97
   45         98477.5         76222.6         74.1828  99
   46         96751.5         75310.6         71.4697  101
   47         95841.7         75402.6         68.1304  103
   48         93564.6         74418.1         63.8218  105
   49           92425         74319.2         60.3528  107
   50         91371.8         73509.5         59.5411  109
   51         87403.4         69252.2         60.5041  111
   52         83073.6         64388.9         62.2823  113
   53         80215.4         61421.2         62.6476  115
   54         77988.5           60827         57.2051  117
   55         76941.9         60363.4         55.2617  119
   56         75688.1         59624.9          53.544  121
   57         73885.9         58618.2         50.8923  125
   58         71064.8         57573.3         44.9718  127
   59         68294.6         56632.8         38.8727  129
   60         67536.6         56317.8          37.396  131
   61         66859.8         56236.6         35.4108  133
   62         66549.6         56200.3         34.4975  135
   63           65644         55740.8         33.0107  137
   64         64421.9         54454.8         33.2235  139
   65         62985.8         52912.1         33.5789  141
   66         61257.1         51421.3         32.7862  143
   67         58942.9         46445.7         41.6573  145
   68         57544.6         46731.1         36.0451  147
   69         56367.3         47257.7         30.3653  149
   70         55828.9         47040.4         29.2951  151
   71         52889.3         44969.4         26.3997  153
   72         51514.6         43611.6         26.3436  155
   73         49458.5         40692.1         29.2212  159
   74         46803.4         38171.2         28.7739  161
   75         45852.5         37903.7         26.4959  163
   76         45166.3         37444.6          25.739  165
   77         43839.1         36359.4         24.9323  167
   78         42356.9         34519.2         26.1256  169
   79         41079.9           33504         25.2528  171
   80         40395.8         33577.9         22.7265  173
   81         39100.8         33304.6         19.3206  175
   82         38749.4           33058         18.9714  179
   83         38382.4         32774.4         18.6934  181
   84         37874.3         32337.7         18.4554  183
   85         36274.3         30888.2         17.9538  185
   86         35725.9         30317.1         18.0293  189
   87         34744.7         29660.7         16.9468  191
   88         33929.2         28857.9         16.9041  193
   89         33624.4         28313.2         17.7039  195
   90         33132.1         28031.1         17.0032  197
   91         32001.7         27357.4         15.4808  199
   92           31434         27029.4         14.6821  201
   93         31276.5           26920         14.5216  205
   94         31139.9         26849.9            14.3  207
   95         30996.1         26759.1         14.1234  209
   96         30795.2         26627.8         13.8914  211
   97         30717.5         26362.9         14.5155  213
   98         30397.9         26354.7         13.4773  215
   99           30267         26319.4         13.1587  217
  100         30119.2         26217.8         13.0047  219
  101         29910.7         25997.6         13.0437  221
  102         29515.5         25585.8         13.0987  223
  103         29187.9           25221         13.2231  225
  104         28920.3         24877.2          13.477  227
  105         28781.7         24863.4         13.0611  229
  106         28693.7         24854.1         12.7987  231
  107         28473.8         24599.5         12.9144  233
  108         28061.4         24243.2         12.7275  235
  109         27107.9         22626.6         14.9378  237
  110         26849.7         21775.6         16.9138  239
  111         26462.5         22010.4         14.8403  241
  112         26357.6         21996.6         14.5367  243
  113         26157.6         21622.4         15.1174  245
  114         25846.5         21379.4         14.8903  247
  115         25428.1         20975.7         14.8413  249
  116         24724.8         20051.5         15.5776  251
  117         24570.3         19901.9         15.5613  255
  118         24380.2         19815.6         15.2152  257
  119         24200.6         19717.5         14.9437  259
  120         24060.4         19722.5         14.4597  261
  121           23678         19801.9         12.9203  263
  122         23624.3           19877         12.4907  265
  123         23368.1         19783.4         11.9489  267
  124         23313.4           19728         11.9514  269
  125         23256.2         19636.9         12.0641  271
  126         23197.3         19466.5          12.436  273
  127         23032.9         19394.2          12.129  275
  128         22665.9         19106.5         11.8647  277
  129         22402.8         18811.4         11.9715  279
  130           22122         18512.7          12.031  281
  131           21953         18268.6         12.2812  285
  132         21605.6         17952.4         12.1773  287
  133         21366.1         17728.5         12.1254  289
  134         21208.7         17449.6         12.5305  291
  135         21111.8         17432.8          12.263  293
  136         21045.4         17459.9         11.9517  295
  137         20941.7         17464.4         11.5909  297
  138         20823.8         17407.2         11.3887  299
  139         20609.6           17177         11.4419  301
  140         20417.6         16699.6         12.3933  303
  141         20134.5           16543         11.9719  305
  142         20007.2         16423.1         11.9472  307
  143         19899.1           16250         12.1636  309
  144         19796.2         15980.2         12.7198  311
  145           19577         15861.1         12.3863  313
  146         19333.7         15634.1          12.332  315
  147         19145.5           15402         12.4783  317
  148         19082.7           15220         12.8757  319
  149         18938.8         15173.9         12.5497  321
  150         18868.5         15164.7         12.3458  323
  151         18729.8         15133.2         11.9889  325
  152         18613.9           15093         11.7363  327
  153         18543.1         15084.6         11.5283  329
  154         18506.2         15065.1         11.4703  331
  155         18444.9         15011.5         11.4445  333
  156         18366.1         14937.9         11.4275  335
  157         18174.3         14743.6         11.4356  337
  158         18141.4         14686.2         11.5172  341
  159         18051.8         14579.4         11.5746  343
  160         17992.4         14499.6         11.6426  345
  161         17912.3           14369         11.8111  347
  162         17803.8         14167.4         12.1212  349
  163           17748         13946.2         12.6728  351
  164         17576.3         13907.5         12.2293  353
  165         17499.2         13903.4         11.9862  355
  166         17458.2         13887.2         11.9033  357
  167         17358.8         13825.3         11.7783  359
  168         17189.4         13436.4         12.5102  361
  169         17082.5         13185.8         12.9891  363
  170         16969.6         13217.7         12.5063  365
  171         16917.6         13143.8         12.5792  367
  172         16853.6         13027.3         12.7541  369
  173         16715.2         12731.5         13.2789  371
  174         16531.5         12461.1         13.5679  373
  175         16378.8         12262.4         13.7212  375
  176         16288.7         12242.5         13.4872  377
  177         16263.6           12273         13.3021  379
  178         16203.7         12285.9         13.0593  381
  179         16107.1         12225.7          12.938  383
  180         16014.9           12105         13.0331  385
  181         15966.2           11983         13.2774  387
  182         15935.7         11943.9          13.306  389
  183         15922.1         11939.5         13.2753  391
  184         15866.7         11900.2         13.2217  393
  185         15832.6         11774.8         13.5258  395
  186         15759.1           11768         13.3036  397
  187         15693.8         11724.5         13.2308  399
  188         15655.1         11665.1         13.3001  401
  189         15644.7         11623.5         13.4039  403
  190         15615.9         11619.7         13.3207  405
  191         15597.5         11609.6         13.2928  407
  192         15553.6           11569         13.2818  409
  193         15496.3         11497.7         13.3287  411
  194         15491.3         11405.1         13.6207  413
  195         15433.7         11403.3         13.4347  415
  196           15416         11398.2         13.3926  417
  197         15388.6           11376         13.3755  419
  198         15345.5         11329.3         13.3874  421
  199         15307.3           11253         13.5144  423
  200           15270         11208.5         13.5384  425
  201         15250.3         11192.3         13.5266  427
  202         15221.3         11154.7         13.5552  429
  203         15213.4         11071.1         13.8077  431
  204         15185.9         11089.7         13.6541  433
  205         15177.5         11090.9         13.6221  435
  206         15133.3         11069.9         13.5447  437
  207         15080.6         11010.9         13.5656  439
  208         15044.5         10927.4         13.7238  441
  209         15010.2         10887.4         13.7426  443
  210         14999.6         10890.6         13.6969  445
  211         14988.6         10880.4         13.6938  447
  212         14972.1         10851.3         13.7358  449
  213         14964.2         10795.7         13.8949  451
  214         14942.8         10779.3         13.8784  453
  215           14935         10769.6         13.8847  455
  216         14917.2         10735.5         13.9389  457
  217           14898           10687         14.0367  459
  218         14882.5           10654         14.0951  461
  219         14870.8         10642.1         14.0954  463
  220         14837.9         10605.2          14.109  465
  221         14795.7         10544.4         14.1712  467
  222         14784.4           10532         14.1746  471
  223         14763.7           10520         14.1455  473
  224         14749.9         10522.6         14.0912  475
  225         14735.3         10530.2         14.0171  477
  226           14720         10541.3         13.9291  479
  227         14700.2         10547.5         13.8423  481
  228         14683.4         10540.2         13.8106  483
  229         14662.7         10521.5         13.8042  485
  230         14656.3         10514.3         13.8065  489
  231         14644.6         10501.8         13.8093  491
  232         14624.8         10482.6         13.8074  493
  233         14606.9         10463.8         13.8102  495
  234           14600         10448.7         13.8376  497
  235           14587           10454         13.7767  499
  236           14580         10457.7          13.741  501
  237         14570.8         10458.6         13.7071  503
  238         14560.6           10454         13.6887  507
  239           14542           10448         13.6468  509
  240         14495.5         10421.6         13.5799  511
  241         14430.4         10379.3         13.5035  513
  242         14403.2         10357.1         13.4871  517
  243         14372.8         10344.6         13.4275  519
  244         14361.1         10336.7         13.4147  521
  245         14354.5         10331.4         13.4103  523
  246         14342.4           10320         13.4081  525
  247         14334.3         10312.6         13.4055  529
  248         14313.2         10296.7         13.3882  531
  249         14284.1         10275.4         13.3624  533
  250         14272.8         10265.1         13.3591  535
  251         14260.1         10262.4         13.3257  537
  252         14236.4         10254.8         13.2719  539
  253           14215         10237.1         13.2599  541
  254         14191.9           10231         13.2028  543
  255         14163.9         10218.1         13.1527  545
  256         14145.2         10204.7          13.135  547
  257         14128.8         10201.2         13.0917  549
  258         14113.9         10191.9         13.0736  551
  259         14101.8         10184.8         13.0566  553
  260         14077.2         10169.4         13.0259  555
  261           14065         10161.5         13.0116  557
  262         14034.4         10162.9         12.9051  559
  263         14020.6         10164.2         12.8545  561
  264         14014.9         10164.6         12.8342  563
  265         14007.1         10163.5         12.8122  567
  266         13993.3         10163.1         12.7673  569
  267         13963.5         10161.2         12.6744  571
  268           13945         10160.9         12.6136  573
  269         13931.5         10155.5         12.5867  575
  270         13921.9         10150.2         12.5725  577
  271         13909.4         10138.7         12.5688  579
  272         13889.9         10135.9         12.5134  581
  273         13874.1         10135.2          12.463  583
  274         13854.3         10137.1         12.3907  585
  275         13848.5         10139.8         12.3624  587
  276           13836         10141.1         12.3162  589
  277         13827.5         10141.2         12.2879  591
  278         13814.1         10141.6         12.2419  593
  279           13798         10143.4         12.1819  595
  280         13792.6         10145.4         12.1574  597
  281         13787.3           10144         12.1443  599
  282         13784.3         10142.3           12.14  601
  283         13778.5         10138.8         12.1325  603
  284         13764.9         10129.9         12.1166  605
  285         13748.9           10120         12.0965  607
  286         13742.4           10113         12.0978  611
  287         13725.3         10103.7         12.0721  613
  288         13711.3         10095.1         12.0541  615
  289         13692.7         10081.1         12.0388  617
  290         13686.6         10067.3         12.0643  619
  291         13669.8         10063.3         12.0217  621
  292         13661.5         10060.4         12.0037  623
  293           13653         10055.1         11.9933  625
  294         13643.7         10048.1         11.9853  627
  295         13637.9         10034.7         12.0105  629
  296         13624.6         10033.5         11.9703  631
  297         13616.7           10031         11.9523  633
  298         13608.9         10025.2         11.9455  635
  299         13604.2         10017.3         11.9564  637
  300         13597.8         10013.2         11.9485  639
  301         13589.7         10006.7         11.9433  641
  302         13579.3         9996.32         11.9434  643
  303         13563.8         9976.51         11.9576  645
  304         13557.1         9965.43         11.9723  647
  305         13550.4         9965.06          11.951  649
  306         13546.2         9964.93         11.9376  651
  307         13541.5         9961.99         11.9316  653
  308         13527.9         9948.95         11.9299  655
  309         13519.8         9935.38         11.9482  659
  310         13509.6         9923.28         11.9546  661
  311           13503         9913.62         11.9645  663
  312           13497         9901.48         11.9852  665
  313         13493.9         9896.41         11.9916  669
  314         13490.1         9893.39          11.989  671
  315           13481          9883.9         11.9903  673
  316         13478.3         9877.45         12.0029  675
  317         13474.6         9877.89         11.9889  677
  318         13471.1         9878.28         11.9761  679
  319         13468.3         9878.29         11.9666  681
  320         13465.2         9863.86         12.0046  683
  321         13454.1         9863.96         11.9672  685
  322         13448.4         9858.06         11.9678  687
  323         13445.2         9851.49         11.9789  689
  324         13438.1         9843.62         11.9815  691
  325         13429.9         9818.89         12.0366  693
  326         13416.7         9807.47         12.0306  695
  327         13404.8         9798.77         12.0202  697
  328         13392.4         9772.78         12.0654  699
  329         13384.7         9771.21         12.0451  701
  330         13381.7         9771.32         12.0345  703
  331         13370.6         9764.41         12.0205  705
  332           13365          9743.2         12.0728  707
  333         13356.9         9736.99         12.0663  709
  334         13352.9         9729.12         12.0792  711
  335         13348.5         9716.27         12.1074  713
  336         13344.6          9704.2         12.1348  715
  337         13338.9         9693.97         12.1497  717
  338         13333.1         9690.91         12.1406  719
  339         13322.6         9688.49         12.1136  721
  340         13315.7          9679.5         12.1205  723
  341         13310.7         9689.54         12.0706  725
  342           13308         9693.27         12.0491  727
  343         13303.2         9694.11         12.0301  729
  344         13297.7         9682.61         12.0502  731
  345         13292.6         9673.73         12.0628  733
  346         13290.5         9669.63         12.0696  735
  347         13289.2         9665.17           12.08  737
  348         13287.5         9658.32         12.0972  739
  349         13284.7         9648.76         12.1198  741
  350         13280.6         9640.87         12.1326  743
  351           13273         9624.51         12.1615  745
  352         13267.3         9618.89         12.1612  747
  353         13261.5         9619.52           12.14  749
  354           13255         9626.38         12.0954  751
  355         13249.4         9627.08         12.0743  753
  356         13238.1         9619.64         12.0614  755
  357         13234.2         9613.07         12.0704  759
  358         13229.1          9602.2         12.0895  761
  359         13226.9          9596.2         12.1023  763
  360         13222.2         9581.19         12.1367  765
  361         13215.5         9565.29         12.1675  767
  362         13205.4         9551.74         12.1788  769
  363         13202.4         9517.88         12.2819  771
  364         13183.7         9525.87         12.1928  773
  365         13181.8         9531.08         12.1692  775
  366         13175.6         9529.53         12.1536  777
  367         13167.5         9528.35         12.1305  779
  368         13157.8         9515.95         12.1395  781
  369         13153.9         9489.04         12.2162  783
  370           13148         9492.85         12.1838  785
  371         13145.7         9488.95         12.1891  787
  372         13142.2         9480.02         12.2074  789
  373         13136.7         9463.87         12.2428  791
  374         13128.5         9447.02         12.2715  793
  375         13119.1         9435.83         12.2775  795
  376         13092.1          9399.4          12.309  797
  377         13085.8         9391.84         12.3131  801
  378         13078.2          9392.4          12.286  803
  379         13072.7         9391.83         12.2695  805
  380         13061.2         9389.65         12.2384  807
  381         13051.1         9386.17         12.2164  809
  382         13039.7         9381.41         12.1941  811
  383           13035         9377.43         12.1919  813
  384           13032         9374.85         12.1905  815
  385         13028.4         9372.33         12.1868  817
  386         13021.7         9369.46         12.1741  819
  387         13018.7         9370.32         12.1612  823
  388         13010.8         9369.64          12.137  825
  389         13006.9         9370.64         12.1207  827
  390         13003.5         9372.42         12.1035  829
  391         12999.7         9374.74         12.0833  831
  392         12994.4         9376.87         12.0584  833
  393         12988.3          9381.8         12.0216  835
  394         12983.3         9381.33         12.0066  837
  395         12980.9         9379.93         12.0034  839
  396         12978.3         9379.38         11.9963  841
  397         12974.8         9381.42         11.9778  843
  398         12972.3         9382.48          11.966  845
  399         12970.4         9383.59         11.9561  847
  400         12968.3         9383.76         11.9486  849
  401         12965.7         9382.51         11.9438  851
  402         12960.5         9380.96         11.9318  853
  403           12955         9377.59         11.9248  855
  404           12950            9373         11.9233  857
  405         12949.1         9371.53         11.9252  861
  406         12948.1         9370.89          11.924  863
  407         12947.2         9370.56         11.9223  865
  408         12946.1         9370.08         11.9202  867
  409         12944.1         9368.91         11.9172  869
  410         12942.6         9369.32         11.9108  871
  411         12940.8          9368.4         11.9079  873
  412         12939.9         9368.61         11.9044  875
  413           12939         9368.58         11.9015  877
  414         12937.5         9368.23         11.8975  879
  415         12934.5         9367.04         11.8915  881
  416         12933.2         9366.42         11.8893  885
  417         12930.3         9365.15         11.8839  887
  418         12928.1         9363.84         11.8808  889
  419         12926.5         9363.23         11.8777  891
  420         12924.9         9362.43         11.8748  893
  421         12921.5         9360.77         11.8692  895
  422         12918.6         9357.98         11.8687  897
  423         12915.3         9357.88          11.858  899
  424           12909         9355.71         11.8443  901
  425         12908.6         9354.68         11.8464  903
  426         12905.7          9353.8         11.8397  905
  427           12905         9353.26         11.8392  907
  428           12904         9352.49         11.8384  909
  429         12902.1         9351.27          11.836  911
  430         12898.9         9349.83         11.8301  913
  431         12896.2         9348.32         11.8264  915
  432         12895.5         9347.65         11.8261  919
  433         12894.6         9347.21         11.8246  921
  434         12893.6          9346.9         11.8223  923
  435           12893          9345.3         11.8256  925
  436         12891.5         9345.39         11.8205  927
  437         12890.6         9344.83         11.8192  929
  438         12889.7         9343.64         11.8203  931
  439         12889.1         9342.11         11.8234  935
  440         12888.1         9340.66         11.8248  937
  441         12884.7         9335.19         11.8315  939
  442         12880.9         9329.16         11.8391  941
  443         12877.7         9320.97         11.8559  943
  444         12873.5         9318.56         11.8498  945
  445         12871.7          9318.3         11.8446  947
  446         12870.6         9317.71          11.843  949
  447         12868.9         9316.47         11.8416  951
  448         12867.9         9311.64         11.8543  953
  449         12864.2         9311.56         11.8422  955
  450         12861.6         9309.94         11.8388  957
  451         12859.5         9306.99         11.8415  959
  452         12858.9          9302.7         11.8541  961
  453         12857.1         9302.71         11.8479  963
  454         12855.4         9301.72         11.8456  965
  455         12852.6         9298.78          11.846  967
  456         12848.8         9293.62         11.8505  969
  457         12848.4         9285.46         11.8766  971
  458         12845.3         9286.98         11.8612  973
  459         12844.5         9286.76          11.859  975
  460         12842.8         9284.95         11.8596  977
  461         12839.4         9279.69         11.8656  979
  462         12834.4         9269.22         11.8839  981
  463         12826.9         9254.97         11.9065  983
  464         12821.3         9228.55         11.9757  985
  465         12814.8         9231.23         11.9451  987
  466         12811.7         9230.61         11.9371  989
  467         12809.7         9224.93         11.9491  991
  468         12807.2         9220.96         11.9542  993
  469         12805.5         9218.05         11.9583  995
  470         12798.9         9202.73         11.9872  997
  471         12792.1         9180.91         12.0372  999
  472         12788.9         9167.06         12.0728  1001
  473         12786.2         9165.23           12.07  1003
  474         12784.7         9166.28         12.0614  1005
  475         12781.5         9165.22         12.0544  1007
  476         12776.6         9157.77         12.0628  1009
  477         12772.9         9152.54         12.0679  1011
  478         12769.6         9148.28         12.0712  1013
  479           12767         9144.21          12.076  1015
  480         12762.3         9134.68          12.092  1017
  481         12755.5         9116.11         12.1311  1019
  482         12750.9         9099.54         12.1712  1021
  483         12746.1         9093.34         12.1759  1023
  484         12742.6          9093.1          12.165  1025
  485         12732.6          9082.1         12.1682  1027
  486           12718         9041.26         12.2559  1029
  487         12711.5         9019.38          12.307  1033
  488         12708.3         9013.44         12.3162  1035
  489         12706.1         9005.53         12.3353  1037
  490         12703.8         8994.16         12.3655  1039
  491         12701.2         8978.66         12.4085  1041
  492         12696.1         8971.78         12.4144  1043
  493         12685.8         8958.44         12.4246  1045
  494         12676.8         8946.84         12.4333  1047
  495         12668.8         8938.91         12.4328  1049
  496         12664.4         8930.14         12.4474  1053
  497         12659.3         8927.74         12.4387  1055
  498         12652.6         8925.39         12.4241  1057
  499         12647.4         8918.05         12.4311  1059
  500         12641.1         8916.06         12.4167  1061
  501           12636         8911.57         12.4148  1063
  502         12629.5         8900.01         12.4315  1067
  503         12619.8         8883.83         12.4534  1069
  504         12610.9         8864.19         12.4889  1071
  505           12602         8829.86         12.5739  1073
  506         12596.8         8817.52         12.5977  1075
  507         12594.3         8822.83         12.5715  1077
  508         12590.2         8825.56         12.5489  1079
  509         12584.6         8819.41         12.5505  1081
  510         12578.9         8801.61         12.5908  1083
  511         12571.1            8788         12.6103  1085
  512         12558.2         8748.81         12.6979  1087
  513         12549.8         8712.64         12.7906  1089
  514         12547.2         8703.33         12.8129  1093
  515         12541.8         8684.06         12.8593  1095
  516         12535.6         8673.49         12.8738  1097
  517         12524.9         8659.84         12.8834  1099
  518         12520.6         8648.62         12.9065  1101
  519         12512.5          8659.6         12.8432  1103
  520         12509.8         8672.37         12.7914  1105
  521         12506.2         8680.02          12.754  1107
  522         12504.2         8680.73         12.7449  1111
  523         12498.6         8681.98         12.7221  1113
  524         12492.2         8668.76         12.7448  1115
  525         12489.7         8649.65            12.8  1117
  526         12486.5          8635.6         12.8364  1119
  527         12485.5         8630.65         12.8495  1121
  528         12482.7         8613.45         12.8976  1123
  529           12480         8588.84         12.9705  1125
  530         12476.4         8588.86         12.9585  1127
  531         12467.9          8584.1         12.9459  1129
  532         12465.5         8577.74         12.9593  1133
  533         12463.4         8573.27          12.967  1135
  534         12461.1         8567.17         12.9799  1137
  535         12456.7          8551.8         13.0165  1139
  536         12454.6         8531.56         13.0769  1141
  537         12451.3         8528.97         13.0745  1143
  538         12450.3         8529.53         13.0692  1145
  539         12449.3         8528.49         13.0692  1147
  540         12447.8         8520.88         13.0898  1149
  541         12445.1         8517.06         13.0935  1151
  542         12440.6         8505.98         13.1155  1153
  543         12435.5          8485.8         13.1657  1155
  544         12434.7         8468.67         13.2202  1157
  545         12432.1         8469.57         13.2085  1159
  546         12431.5         8470.92         13.2021  1161
  547         12430.5         8471.37         13.1972  1163
  548         12428.9          8470.2         13.1958  1165
  549         12428.1         8466.19         13.2065  1167
  550         12426.5         8464.39          13.207  1169
  551         12425.5         8461.34         13.2139  1171
  552         12423.8         8454.13         13.2323  1173
  553         12421.3         8440.53         13.2692  1175
  554         12420.5         8427.62         13.3095  1177
  555         12418.9         8428.79         13.3004  1179
  556         12418.4            8430         13.2946  1181
  557         12417.5         8431.18         13.2877  1183
  558         12415.2         8433.55         13.2721  1185
  559         12412.3         8433.81         13.2615  1187
  560         12408.1         8435.05         13.2436  1189
  561         12401.7         8434.58         13.2237  1191
  562           12396         8433.17         13.2096  1193
  563         12390.8         8430.39         13.2014  1195
  564         12389.9         8427.55         13.2077  1197
  565         12386.4         8427.31          13.197  1199
  566         12384.3         8426.63         13.1924  1201
  567         12380.7         8424.19         13.1883  1203
  568         12377.4         8421.26         13.1871  1205
  569         12375.9         8419.59         13.1878  1209
  570           12373         8417.13         13.1863  1211
  571         12369.6         8414.76         13.1829  1213
  572         12367.1          8412.1         13.1833  1215
  573         12364.4         8412.05         13.1746  1217
  574         12363.8         8412.62         13.1706  1219
  575         12363.1          8413.1         13.1667  1221
  576         12362.2         8412.92         13.1642  1223
  577         12360.4         8412.06         13.1611  1225
  578         12357.7          8410.3          13.158  1227
  579         12354.5         8407.29         13.1573  1229
  580         12353.8         8404.33         13.1647  1231
  581           12352          8403.8         13.1607  1233
  582         12351.7         8404.12         13.1586  1235
  583         12350.5         8404.17         13.1543  1237
  584         12350.2         8404.03         13.1539  1241
  585         12349.8         8403.46         13.1546  1243
  586         12349.5         8402.76         13.1558  1245
  587         12349.1         8400.08         13.1633  1247
  588           12348         8399.75         13.1607  1249
  589         12347.2         8399.27         13.1598  1251
  590         12346.4         8398.36         13.1601  1253
  591           12346          8397.2         13.1626  1257
  592         12345.2         8396.43         13.1626  1259
  593         12343.3         8394.25         13.1634  1261
  594         12341.9         8392.37         13.1651  1263
  595         12340.9         8391.22         13.1656  1265
  596         12340.1         8391.47         13.1621  1267
  597           12339         8391.88         13.1569  1269
  598         12338.2         8391.91         13.1544  1271
  599         12336.9         8391.81         13.1505  1273
  600         12336.1         8390.93         13.1507  1277
  601         12334.9          8390.1         13.1494  1279
  602         12334.3          8389.2         13.1502  1281
  603         12333.8         8388.47         13.1512  1283
  604           12333         8387.45         13.1518  1285
  605         12331.4         8385.15         13.1543  1287
  606         12329.5         8383.43         13.1536  1289
  607         12328.2         8382.64         13.1518  1291
  608         12327.6         8382.15         13.1515  1293
  609         12326.9         8381.89         13.1499  1295
  610         12326.2         8381.41         13.1492  1297
  611         12325.3         8380.27           13.15  1299
  612         12324.3         8378.95         13.1512  1301
  613         12323.5         8376.32         13.1571  1303
  614         12322.4         8376.21          13.154  1305
  615         12321.5         8375.88          13.152  1307
  616         12320.9         8374.48         13.1548  1309
  617         12320.3         8374.49         13.1526  1311
  618         12320.1         8374.39         13.1523  1313
  619         12319.6         8373.86         13.1526  1315
  620           12319            8373         13.1533  1317
  621         12318.2          8371.7         13.1548  1319
  622           12318         8370.62         13.1579  1321
  623         12317.4         8370.91         13.1548  1323
  624         12317.2         8371.04         13.1537  1325
  625         12316.5         8371.18         13.1511  1327
  626         12315.7         8371.13         13.1487  1329
  627         12315.2          8371.2         13.1467  1333
  628         12314.3         8370.99         13.1444  1335
  629         12313.2         8370.45         13.1424  1337
  630         12311.5         8369.46         13.1402  1339
  631           12311         8369.07         13.1399  1343
  632         12310.2         8368.52         13.1388  1345
  633         12309.7         8368.23         13.1382  1347
  634         12309.3         8368.03         13.1376  1349
  635         12308.9         8367.93         13.1366  1351
  636         12308.4         8368.01         13.1347  1353
  637         12308.2         8368.07         13.1336  1357
  638         12307.8          8368.2         13.1319  1359
  639         12307.2         8368.28         13.1299  1361
  640         12306.3         8368.33         13.1267  1363
  641         12305.2         8368.33         13.1229  1365
  642         12303.7         8368.19         13.1184  1367
  643           12303         8367.97         13.1166  1369
  644         12302.5         8368.01         13.1151  1371
  645         12302.3         8367.91         13.1145  1373
  646         12301.7         8367.77         13.1132  1375
  647         12301.3         8367.76         13.1118  1377
  648         12300.9         8367.72         13.1106  1379
  649         12300.5         8367.83         13.1089  1381
  650         12299.9         8368.11         13.1059  1383
  651         12299.6         8368.09          13.105  1385
  652         12299.1         8368.06         13.1036  1387
  653         12298.1         8367.64         13.1014  1389
  654         12296.9         8366.91         13.1001  1391
  655         12296.6         8365.77         13.1027  1393
  656         12295.3         8365.34         13.0998  1395
  657         12294.9         8365.11         13.0993  1397
  658         12294.2         8364.46         13.0992  1399
  659         12293.9          8363.4         13.1015  1401
  660         12293.3         8363.19         13.1004  1403
  661         12293.1         8363.07         13.0999  1405
  662         12292.5          8362.6         13.0996  1407
  663         12292.2          8361.7         13.1017  1409
  664         12291.8         8361.48         13.1011  1411
  665         12291.7         8361.37         13.1011  1413
  666         12291.5         8361.04         13.1015  1415
  667         12291.1         8360.32         13.1025  1417
  668         12290.2         8358.63         13.1053  1419
  669         12289.4         8356.84         13.1084  1421
  670         12289.1         8356.13         13.1099  1425
  671         12288.6         8355.39         13.1108  1427
  672         12288.5         8355.24         13.1107  1429
  673           12288         8354.63         13.1112  1431
  674         12287.5         8353.57          13.113  1433
  675         12287.2         8353.45         13.1125  1437
  676         12286.7         8353.08         13.1121  1439
  677         12286.3         8353.21         13.1104  1441
  678           12286         8353.45         13.1086  1443
  679         12285.6         8353.76         13.1063  1445
  680         12285.1         8353.84         13.1043  1447
  681         12284.6         8353.43         13.1039  1449
  682         12284.1         8352.58         13.1051  1451
  683         12283.9         8351.62         13.1077  1453
  684         12283.6         8351.39         13.1075  1455
  685         12283.5         8351.23         13.1075  1457
  686         12283.1         8350.59         13.1084  1459
  687         12282.6         8349.23         13.1113  1461
  688         12282.3         8348.08         13.1141  1465
  689         12281.9         8347.37          13.115  1467
  690         12281.2         8345.96         13.1174  1469
  691         12280.7          8344.5         13.1206  1471
  692         12280.5         8344.16         13.1213  1473
  693         12280.3         8344.43         13.1197  1475
  694         12280.2         8344.79         13.1179  1477
  695           12280         8345.17          13.116  1479
  696         12279.7         8345.39         13.1145  1481
  697         12279.4         8345.55         13.1127  1483
  698           12279         8345.16         13.1129  1485
  699         12278.7         8344.13         13.1151  1487
  700         12278.5         8343.42          13.117  1491
  701         12278.3         8342.76         13.1185  1493
  702         12277.9         8341.49         13.1215  1495
  703         12277.6         8340.19         13.1248  1497
  704         12277.3          8339.7         13.1255  1499
  705         12277.1         8339.74         13.1246  1501
  706           12277         8340.36         13.1221  1503
  707         12276.8         8340.45         13.1212  1505
  708         12276.6         8340.46         13.1205  1507
  709         12276.1         8340.55         13.1186  1509
  710         12275.7         8340.61         13.1169  1511
  711         12275.6         8340.68         13.1163  1515
  712         12275.2         8340.72         13.1151  1517
  713           12275         8340.68         13.1145  1519
  714         12274.4         8340.47         13.1133  1521
  715         12273.9         8340.17         13.1126  1523
  716         12273.8         8339.88         13.1131  1525
  717         12273.4         8339.85         13.1118  1527
  718         12273.3          8339.8         13.1117  1529
  719         12273.2         8339.71         13.1115  1531
  720           12273         8339.43         13.1118  1533
  721         12272.7         8339.34         13.1111  1535
  722         12272.4         8339.22         13.1105  1537
  723         12272.2         8339.08         13.1103  1539
  724         12272.1         8339.01         13.1102  1541
  725         12271.9         8338.99         13.1099  1543
  726         12271.7         8338.87         13.1095  1545
  727         12271.5         8338.72         13.1091  1547
  728         12271.1         8338.33         13.1093  1549
  729         12270.7         8337.94         13.1092  1551
  730         12270.2         8337.63         13.1087  1553
  731         12269.2         8336.43         13.1094  1555
  732           12269         8336.07         13.1097  1559
  733         12268.7         8335.99          13.109  1561
  734         12267.2         8333.42         13.1127  1563
  735         12266.3         8332.82         13.1114  1565
  736         12265.9         8332.98         13.1099  1567
  737         12265.8         8332.83         13.1098  1569
  738         12265.2         8332.08         13.1103  1571
  739         12264.8         8330.43         13.1144  1573
  740         12263.8         8329.77         13.1135  1575
  741         12263.2         8329.09         13.1138  1577
  742         12262.8         8328.34         13.1149  1579
  743         12262.7         8328.04         13.1154  1583
  744         12262.4         8327.66         13.1157  1585
  745         12261.3         8326.37         13.1163  1587
  746           12260         8324.16         13.1195  1589
  747           12259         8322.72          13.121  1591
  748         12258.5          8323.2         13.1175  1593
  749           12258          8323.4         13.1153  1595
  750         12257.6         8323.24         13.1144  1597
  751         12256.9         8322.26         13.1154  1599
  752         12255.8          8321.7         13.1136  1601
  753         12254.9         8320.59         13.1145  1603
  754         12254.5         8319.71         13.1159  1605
  755         12254.2         8319.11          13.117  1609
  756         12253.7         8318.41         13.1176  1611
  757         12252.5         8317.05         13.1181  1613
  758         12251.9          8315.6          13.121  1615
  759         12251.2         8315.64         13.1184  1617
  760           12251            8316         13.1166  1619
  761         12250.1         8316.17         13.1133  1621
  762         12249.8          8316.3         13.1117  1623
  763         12247.8          8315.3         13.1084  1625
  764         12246.8         8313.87         13.1099  1627
  765           12246         8311.92         13.1134  1629
  766         12245.6         8310.88         13.1158  1633
  767         12245.3         8310.64         13.1154  1635
  768         12244.4         8310.27         13.1139  1637
  769         12243.4         8309.69         13.1122  1639
  770         12241.4         8308.33         13.1102  1641
  771         12241.2         8309.25         13.1065  1643
  772         12239.8         8309.15         13.1021  1645
  773         12239.4         8309.44         13.0999  1647
  774         12238.6         8309.99         13.0954  1649
  775           12237         8309.91         13.0904  1651
  776         12236.4         8309.69         13.0891  1653
  777         12234.4         8308.67         13.0857  1655
  778         12233.6         8307.47         13.0871  1657
  779         12232.5         8304.82         13.0923  1659
  780         12232.1          8303.8         13.0942  1663
  781         12231.4         8303.14         13.0942  1665
  782         12229.1         8300.89         13.0941  1667
  783         12227.6         8298.94         13.0955  1669
  784         12226.9         8298.66         13.0942  1671
  785         12226.1         8299.03         13.0904  1673
  786         12225.3         8299.61         13.0858  1675
  787         12224.2         8300.24           13.08  1677
  788           12223         8298.77         13.0806  1679
  789         12220.5         8298.51         13.0733  1681
  790         12217.8         8295.73         13.0735  1683
  791           12216          8291.4          13.082  1685
  792         12215.1         8288.88         13.0874  1689
  793         12213.5         8285.89         13.0921  1691
  794         12210.5         8281.32         13.0974  1693
  795           12210         8278.94         13.1034  1695
  796         12208.5            8280         13.0951  1697
  797         12208.3         8280.37         13.0931  1699
  798         12207.8         8280.93         13.0896  1701
  799         12206.6         8281.58         13.0834  1703
  800         12205.6         8282.37         13.0773  1707
  801         12203.6         8282.59           13.07  1709
  802         12201.6         8281.22         13.0681  1711
  803           12201          8278.2         13.0761  1713
  804         12199.9         8277.64         13.0743  1715
  805         12199.6         8277.26         13.0744  1717
  806         12198.9         8276.29         13.0752  1719
  807         12197.8         8274.84         13.0764  1721
  808         12197.3         8274.12         13.0771  1725
  809         12196.2         8273.32         13.0764  1727
  810         12194.2         8272.14         13.0736  1729
  811         12193.4         8272.29         13.0703  1733
  812         12192.4         8272.71         13.0658  1735
  813           12192         8273.12         13.0631  1737
  814         12191.5         8273.61         13.0598  1739
  815         12190.7         8274.26         13.0547  1741
  816         12190.2         8274.94         13.0507  1743
  817         12189.2          8274.3         13.0495  1745
  818         12188.4         8273.51         13.0496  1747
  819         12187.7         8273.03         13.0487  1749
  820         12186.7         8272.49         13.0475  1751
  821         12185.4         8272.69         13.0424  1753
  822         12181.7         8273.73         13.0267  1755
  823         12177.8         8275.54         13.0075  1757
  824         12175.8         8277.93         12.9928  1759
  825         12175.3         8278.58          12.989  1761
  826         12174.6         8278.04         12.9885  1763
  827         12174.2         8277.83         12.9877  1765
  828         12172.2         8277.54         12.9822  1767
  829         12169.6          8277.9         12.9723  1769
  830         12166.4         8279.29         12.9569  1771
  831         12165.7         8279.65         12.9536  1775
  832         12164.1          8280.9          12.944  1777
  833         12163.3         8281.44         12.9395  1779
  834         12161.9         8282.57         12.9311  1781
  835         12161.4         8281.86         12.9319  1785
  836         12160.5         8281.68         12.9293  1787
  837         12159.4         8280.48         12.9298  1789
  838         12158.8         8279.42         12.9314  1791
  839         12158.3         8278.74         12.9318  1793
  840         12156.9         8274.54         12.9411  1795
  841         12151.8         8273.36         12.9281  1797
  842         12150.3         8273.61         12.9222  1799
  843         12148.9         8274.14         12.9159  1801
  844         12148.4         8274.09         12.9143  1805
  845         12147.4         8274.23         12.9105  1807
  846         12144.4         8273.67         12.9024  1809
  847         12143.5         8272.75         12.9024  1811
  848         12142.5         8272.14         12.9012  1813
  849         12141.8         8271.71         12.9004  1815
  850         12140.5         8270.99         12.8983  1817
  851         12138.6         8270.72         12.8928  1819
  852         12136.3         8270.65         12.8857  1821
  853         12133.1         8270.81         12.8742  1823
  854         12132.5         8270.95         12.8718  1827
  855         12131.6         8271.07         12.8686  1829
  856         12130.4         8271.28         12.8636  1831
  857         12128.2         8271.62         12.8554  1833
  858         12125.5         8272.62          12.843  1835
  859           12125          8272.9         12.8402  1837
  860         12122.6         8272.34         12.8343  1839
  861         12122.2         8272.27         12.8329  1841
  862         12121.5         8272.28         12.8308  1843
  863         12120.3         8272.53         12.8258  1845
  864         12118.2         8273.25         12.8164  1847
  865         12116.4         8274.29          12.807  1849
  866         12115.1         8274.11         12.8031  1851
  867         12113.7         8274.03         12.7989  1853
  868         12112.8         8274.33         12.7948  1855
  869         12111.7         8275.56         12.7872  1857
  870         12110.4         8275.86         12.7819  1859
  871         12108.5         8276.67         12.7727  1861
  872         12107.5          8278.1         12.7647  1863
  873         12107.1         8278.29         12.7626  1865
  874         12106.7         8278.39          12.761  1867
  875         12105.6         8278.89         12.7555  1869
  876         12103.8         8280.39         12.7447  1871
  877         12102.6         8282.17         12.7346  1875
  878         12100.8         8284.04         12.7225  1877
  879         12100.2         8284.53         12.7188  1879
  880         12099.8         8284.67          12.717  1881
  881         12099.1         8285.21          12.713  1883
  882         12098.6         8284.74          12.713  1887
  883         12097.8          8285.2         12.7086  1889
  884         12096.7         8285.81         12.7029  1891
  885           12096         8286.16         12.6995  1893
  886         12094.9         8287.57         12.6912  1895
  887         12093.4         8290.43         12.6764  1897
  888         12092.3          8292.3         12.6668  1899
  889         12091.7         8293.71         12.6599  1901
  890         12091.2         8293.74         12.6582  1903
  891         12090.3         8292.98         12.6578  1905
  892         12088.7         8292.31         12.6545  1907
  893         12086.3         8291.74         12.6486  1909
  894         12084.3         8291.88         12.6415  1911
  895         12082.3         8292.79         12.6317  1913
  896           12081            8294         12.6234  1915
  897         12079.8         8294.85         12.6165  1917
  898         12077.6         8295.86         12.6057  1919
  899         12076.2         8298.39         12.5927  1921
  900         12074.4         8298.77         12.5854  1923
  901         12073.9         8297.97         12.5863  1925
  902         12073.6         8297.79         12.5861  1927
  903         12072.2         8297.48         12.5825  1929
  904         12071.1         8297.82         12.5777  1931
  905         12069.5         8298.61         12.5698  1933
  906         12067.9          8300.8          12.557  1935
  907         12067.4         8302.69         12.5489  1937
  908         12066.9         8303.15         12.5458  1939
  909         12066.6         8303.02         12.5454  1941
  910         12065.7          8302.5          12.544  1943
  911         12064.3         8301.85         12.5414  1945
  912         12062.5         8301.04          12.538  1947
  913         12061.7         8301.33         12.5346  1951
  914         12060.4         8301.28         12.5305  1953
  915         12059.5         8301.62         12.5262  1955
  916         12058.1         8302.68          12.518  1957
  917         12057.9         8304.03         12.5129  1959
  918         12056.7         8304.32         12.5081  1961
  919         12056.5         8304.24         12.5077  1963
  920         12056.3         8304.24         12.5069  1965
  921           12056         8304.21         12.5058  1967
  922         12055.6         8304.34          12.504  1969
  923         12054.9          8304.4         12.5016  1971
  924         12053.4         8304.69         12.4957  1973
  925         12052.3         8305.25           12.49  1975
  926         12051.5         8305.81         12.4856  1977
  927         12050.5         8306.28         12.4806  1979
  928         12049.6         8306.38         12.4775  1981
  929         12048.5         8306.56         12.4731  1983
  930         12048.1         8306.74         12.4713  1987
  931         12047.6         8306.65         12.4699  1989
  932         12047.3         8306.58          12.469  1991
  933         12046.7         8306.54         12.4671  1993
  934         12045.6         8306.61         12.4632  1995
  935         12044.6         8306.87          12.459  1997
  936         12043.6            8307         12.4553  1999
  937         12043.2         8306.93         12.4542  2001
  938         12042.9         8306.81         12.4536  2003
  939         12042.5         8306.58         12.4531  2005
  940         12042.1         8306.43         12.4523  2009
  941         12041.5         8306.11         12.4512  2011
  942         12040.3         8305.52         12.4494  2013
  943         12039.5         8305.08         12.4481  2015
  944         12039.2         8304.56         12.4489  2017
  945         12038.6         8304.59         12.4468  2019
  946         12038.3         8304.54         12.4457  2021
  947         12037.8         8304.27         12.4451  2023
  948         12037.1         8303.66          12.445  2025
  949         12036.8         8303.26         12.4451  2029
  950         12035.9         8302.18         12.4459  2031
  951         12035.1         8301.02         12.4469  2033
  952         12034.2         8298.95         12.4508  2035
  953         12033.5         8298.06         12.4514  2037
  954         12033.1         8298.38         12.4491  2039
  955         12032.8         8298.44         12.4478  2041
  956         12032.5         8298.17         12.4476  2043
  957         12032.1         8296.17         12.4529  2045
  958         12031.1          8295.5         12.4521  2047
  959         12030.5         8294.32         12.4539  2049
  960         12030.1         8293.08         12.4568  2051
  961         12029.7         8291.91         12.4594  2053
  962           12029         8290.96         12.4601  2055
  963         12027.1         8288.56         12.4618  2057
  964         12025.6         8286.73         12.4628  2059
  965         12024.4         8285.35         12.4636  2061
  966         12023.1         8283.96         12.4637  2063
  967         12022.2         8283.43         12.4626  2065
  968         12021.1         8282.15         12.4632  2067
  969         12020.7         8281.47         12.4641  2071
  970         12020.4         8280.95         12.4649  2073
  971         12020.1         8280.29          12.466  2075
  972         12018.9         8277.56          12.471  2077
  973         12017.7         8274.53         12.4771  2079
  974         12017.2         8273.23         12.4798  2083
  975         12016.4         8271.91         12.4816  2085
  976           12016         8271.75          12.481  2087
  977         12015.8         8271.81         12.4798  2089
  978         12015.3         8271.63         12.4788  2091
  979         12014.6         8271.82         12.4759  2093
  980         12013.9         8271.17         12.4758  2095
  981           12013         8270.04         12.4767  2097
  982         12012.8         8268.59         12.4805  2099
  983         12012.2         8268.51         12.4788  2101
  984         12011.9         8268.41         12.4783  2103
  985         12011.2         8267.64         12.4786  2105
  986         12010.6         8266.52         12.4802  2109
  987         12009.6         8265.13         12.4816  2111
  988         12008.4         8263.28         12.4836  2113
  989         12007.7            8262         12.4857  2115
  990         12007.3         8261.56         12.4859  2117
  991         12007.1         8261.96         12.4837  2119
  992         12006.9         8262.23         12.4821  2121
  993         12006.4         8262.54         12.4797  2123
  994         12006.1         8262.62         12.4781  2125
  995         12005.5         8262.45         12.4767  2127
  996         12004.7         8261.51         12.4772  2129
  997         12003.8         8260.12          12.479  2131
  998           12003          8258.5         12.4818  2133
  999         12001.7         8257.63         12.4803  2135
 1000         12000.9         8257.34         12.4784  2137
