    0      1.4731e+06      1.4731e+06               0  1
    1     1.19362e+06     1.19173e+06          47.298  7
    2          912196          765701         3662.39  11
    3          456862          455690         29.2897  13
    4          421471          420069         35.0605  15
    5          410400          402478         198.047  19
    6          389737          385419         107.952  21
    7          327879          324318         89.0205  23
    8          258550          240238         457.796  27
    9          230945          216868         351.919  31
   10          188869          175835         325.847  33
   11          165591          141873         592.966  37
   12          137310          124239         326.773  41
   13          125599          112286         332.811  43
   14          111638         96804.8         370.818  45
   15          100415         83759.7         416.389  47
   16         92808.4         75934.4          421.85  49
   17         87553.5         73018.7         363.369  51
   18         83037.1         70016.4         325.517  53
   19         80593.7         68347.9         306.145  55
   20           77181         65238.6          298.56  57
   21         73696.2         60111.6         339.614  59
   22         68922.5         55942.5           324.5  61
   23         66072.2         52799.7         331.812  63
   24         63590.3         49480.8         352.737  65
   25         60132.5         46510.7         340.544  67
   26         54620.6         41563.4         326.429  69
   27         53417.2         40518.3         322.473  73
   28           51892         39717.1         304.372  75
   29         50662.7         38736.3         298.161  77
   30           47632         35034.2         314.946  79
   31         43295.8         30945.7         308.751  81
   32         40646.6         27721.1         323.138  85
   33         37801.1         25807.8         299.832  87
   34         36275.9         24584.5         292.285  89
   35         35125.9         23679.6         286.158  91
   36         33681.4         22965.5         267.897  93
   37         31526.6         21516.7         250.249  95
   38         29381.9         20348.5         225.835  97
   39         28786.7         20011.3         219.384  101
   40           27946         19787.2         203.969  103
   41         26941.3         19317.4         190.596  105
   42         25810.5           18861         173.737  107
   43         25250.3         18555.5         167.369  111
   44         24688.8         18403.4         157.136  113
   45         23956.1           17982         149.353  115
   46         23407.8         17667.4         143.511  117
   47         22843.2         17371.6          136.79  119
   48           22196         16969.2         130.671  121
   49         21597.7         16667.9         123.243  123
   50         21329.9           16531         119.971  127
   51         20857.4           16431         110.658  129
   52         20194.3         16243.9         98.7605  131
   53         19774.5         15930.5         96.0997  133
   54         19177.7         15722.9           86.37  135
   55         18642.6         15339.2         82.5853  137
   56         18318.2         15093.5         80.6175  139
   57           18068         14846.7          80.532  143
   58         17656.9         14599.6         76.4325  145
   59           17123         14192.4         73.2659  147
   60         16944.9         13872.3         76.8167  149
   61         16532.1         13706.7         70.6352  151
   62         16352.6         13548.7         70.0977  153
   63         16121.5         13354.1         69.1864  155
   64         15613.8         12917.8         67.4001  157
   65         15308.2         12639.8         66.7101  161
   66         14960.8         12370.2         64.7636  163
   67         14737.6         12178.7         63.9732  165
   68         14533.7         11938.8         64.8712  167
   69         14264.8         11817.2         61.1915  169
   70         14053.9           11638         60.3978  171
   71         13794.5         11411.7         59.5701  173
   72         13671.8         11275.9         59.8983  177
   73         13502.5         11161.9         58.5143  179
   74         13250.2         10948.9         57.5324  181
   75         13141.1         10846.8          57.358  183
   76         13003.1         10760.8         56.0563  185
   77         12843.9           10642         55.0466  187
   78         12666.7         10501.6         54.1259  189
   79         12532.7         10316.3          55.412  191
   80         12312.2         10187.7         53.1125  193
   81         12129.5         9997.34         53.3047  195
   82         11990.7         9835.75         53.8725  197
   83         11885.5          9646.7         55.9697  201
   84         11744.4         9509.84         55.8642  203
   85         11597.7         9333.19         56.6131  205
   86         11483.2         9182.61         57.5152  207
   87         11361.2         8992.62         59.2136  209
   88         11213.7         8883.39         58.2579  211
   89         11077.2          8758.6         57.9655  213
   90         10960.2         8647.24         57.8246  215
   91         10884.1         8456.31         60.6951  217
   92         10729.1         8406.33         58.0699  219
   93           10636         8315.91         58.0021  221
   94         10546.6          8209.6         58.4258  223
   95         10481.3          8105.3         59.3999  225
   96         10387.7         8049.67         58.4496  227
   97         10277.3         7952.45         58.1217  229
   98         10189.2         7867.06         58.0547  231
   99         10109.6         7792.21         57.9351  233
  100         10015.6          7719.8         57.3956  235
  101         9909.36          7630.5         56.9714  237
  102         9818.11         7560.05         56.4514  239
  103         9729.96         7495.72         55.8559  241
  104         9640.16         7374.48          56.642  243
  105         9562.19            7304         56.4547  245
  106         9516.55         7250.91         56.6408  247
  107          9467.1         7189.16         56.9484  249
  108         9398.44         7016.72         59.5428  251
  109          9309.4         6956.66         58.8185  253
  110         9237.35         6864.19         59.3289  255
  111         9209.08         6820.91         59.7043  257
  112         9140.76         6662.15         61.9653  259
  113         9032.88         6619.96         60.3231  261
  114         8971.13         6593.24         59.4473  263
  115         8900.11         6556.87         58.5809  265
  116         8874.17         6481.91         59.8064  267
  117          8782.4         6464.09         57.9578  269
  118         8732.85         6419.81          57.826  271
  119         8691.21         6372.77         57.9611  273
  120         8622.81         6301.88         58.0233  275
  121         8567.52            6190         59.4379  277
  122         8492.69         6180.71         57.7993  279
  123         8471.11         6180.27         57.2711  281
  124         8425.69            6169         56.4171  283
  125         8386.01         6150.38         55.8908  285
  126         8339.59         6124.78         55.3702  287
  127         8311.86         6092.71         55.4788  289
  128         8290.92         6073.37         55.4387  291
  129         8270.48         6044.91         55.6393  293
  130          8234.2         6036.82         54.9347  295
  131         8212.64         6030.99         54.5412  297
  132          8188.6         6026.03         54.0643  299
  133         8164.93         6026.95         53.4496  301
  134         8132.64         6009.38         53.0813  303
  135         8092.36         5978.47         52.8472  305
  136         8070.98         5963.69         52.6822  307
  137         8048.25         5946.63         52.5407  309
  138         8026.81         5928.78         52.4507  311
  139         8008.67         5902.49         52.6545  313
  140         7985.71         5895.89         52.2454  315
  141         7973.41         5885.73          52.192  317
  142         7942.36         5857.37         52.1246  319
  143         7931.77         5829.27         52.5626  321
  144         7903.47         5816.95          52.163  323
  145         7887.85         5798.81         52.2262  325
  146         7873.25         5777.33         52.3981  327
  147         7857.17         5752.39         52.6194  329
  148         7834.19         5732.64         52.5388  331
  149         7815.77         5723.51         52.3064  333
  150         7802.83         5725.26         51.9391  335
  151         7789.41         5726.23         51.5795  337
  152            7776         5726.93         51.2268  339
  153         7755.96         5725.46         50.7626  341
  154         7745.95         5729.92         50.4006  343
  155         7731.69         5721.02         50.2666  345
  156         7720.22         5709.22          50.275  347
  157         7707.76         5698.17         50.2397  349
  158         7697.28         5681.46         50.3954  351
  159         7679.44         5670.63         50.2202  353
  160         7665.83          5655.4         50.2606  355
  161         7655.71         5643.18         50.3132  357
  162         7645.65         5613.03         50.8155  359
  163         7625.37         5599.45         50.6479  361
  164         7607.27         5573.98         50.8322  363
  165         7596.48         5554.56         51.0478  365
  166         7581.73         5506.64         51.8771  367
  167         7560.81         5483.15         51.9416  369
  168         7553.73         5476.89         51.9212  371
  169         7546.42         5467.87         51.9637  373
  170         7530.96         5446.18         52.1195  375
  171         7527.66         5394.49         53.3292  377
  172         7497.49         5388.82         52.7167  379
  173         7485.54         5374.81         52.7683  381
  174         7476.25         5356.88         52.9841  383
  175         7460.03         5329.23         53.2701  385
  176         7452.23         5310.53         53.5425  389
  177         7439.69         5288.42         53.7818  391
  178         7433.52         5281.86         53.7915  393
  179         7421.21         5264.76         53.9112  395
  180         7411.41         5264.52         53.6722  397
  181         7406.19         5265.62         53.5141  399
  182         7398.29         5267.13         53.2791  401
  183         7390.57          5268.2         53.0592  403
  184         7380.64         5268.11         52.8134  405
  185         7372.03         5261.95          52.752  407
  186         7365.19         5253.24         52.7986  409
  187            7363         5247.39         52.8902  411
  188         7357.76         5245.44         52.8079  413
  189         7351.42         5240.31         52.7778  415
  190         7345.78         5234.66         52.7779  417
  191          7336.5         5223.87         52.8157  419
  192          7331.8         5215.28         52.9131  423
  193         7323.43         5203.35         53.0021  425
  194         7319.56         5197.86         53.0424  427
  195         7314.03         5189.32         53.1178  429
  196         7309.65         5183.62         53.1507  431
  197          7304.6         5181.45         53.0785  433
  198         7299.19         5178.34         53.0211  435
  199         7295.82         5176.66          52.979  437
  200         7291.24         5171.89         52.9837  439
  201         7286.22         5168.77         52.9364  441
  202         7280.75         5163.61         52.9283  443
  203         7276.42         5158.86         52.9389  445
  204         7270.83         5152.59          52.956  447
  205         7265.84         5146.77         52.9765  449
  206         7263.57         5141.12         53.0613  451
  207         7259.59         5141.52         52.9517  453
  208         7258.15         5141.31          52.921  455
  209         7254.12         5139.82         52.8575  457
  210         7249.42         5137.03         52.8099  459
  211         7245.06         5133.91         52.7786  461
  212         7241.44         5130.28          52.779  463
  213          7237.8          5124.3         52.8376  465
  214         7234.83         5119.55         52.8821  467
  215         7229.47          5111.8         52.9418  469
  216         7223.54         5100.87         53.0667  471
  217          7221.5         5094.24         53.1815  473
  218         7217.25         5096.37         53.0221  475
  219         7215.81          5097.4         52.9603  477
  220          7212.1         5097.39         52.8677  479
  221          7209.9         5096.12         52.8445  481
  222         7203.74         5092.96         52.7694  483
  223         7200.53         5087.95         52.8146  485
  224         7197.32         5081.19         52.9033  487
  225         7193.49         5071.86         53.0409  489
  226         7187.77         5065.82         53.0489  491
  227         7183.58         5062.64         53.0236  493
  228         7181.29          5062.9         52.9597  495
  229         7178.78         5066.12         52.8164  497
  230         7172.96         5066.47         52.6623  499
  231          7168.9         5067.23         52.5417  501
  232         7165.57         5069.62         52.3987  503
  233         7164.92         5073.58         52.2834  505
  234         7158.61         5072.91         52.1423  507
  235         7155.62         5071.91         52.0927  509
  236         7153.02         5072.09         52.0233  511
  237         7149.29         5071.54         51.9437  513
  238         7146.85         5070.57          51.907  517
  239         7142.34         5070.44         51.7975  519
  240         7140.36         5069.47         51.7724  521
  241         7136.79          5066.5         51.7573  523
  242         7136.31         5064.13         51.8044  525
  243         7133.15         5063.25         51.7477  527
  244         7131.42         5061.69         51.7432  529
  245         7128.85         5058.86           51.75  531
  246         7125.89         5055.57         51.7581  533
  247         7124.13          5053.6         51.7634  537
  248          7121.2         5050.36         51.7711  539
  249         7119.71         5049.36         51.7588  541
  250         7117.11         5049.21         51.6975  543
  251         7114.51         5051.63         51.5721  545
  252         7111.57         5052.27         51.4824  547
  253         7108.03         5054.54         51.3372  549
  254         7105.95         5056.82         51.2283  551
  255         7103.18         5061.21         51.0492  553
  256         7101.14         5062.01         50.9783  555
  257         7098.71         5063.28         50.8859  557
  258         7097.03         5066.53         50.7625  559
  259         7094.65         5066.23         50.7106  561
  260          7089.1         5067.69         50.5352  563
  261         7087.26         5069.37         50.4473  565
  262         7085.57         5071.55         50.3505  567
  263         7083.68         5071.34         50.3087  569
  264          7080.2         5070.21         50.2497  571
  265         7077.64          5070.5         50.1785  573
  266         7074.71          5069.7         50.1252  575
  267         7070.74         5068.71         50.0509  577
  268         7068.59         5067.87         50.0178  579
  269         7064.05         5069.42         49.8657  581
  270         7062.84          5069.3         49.8384  583
  271         7059.15         5071.31         49.6959  585
  272         7057.73         5076.85          49.522  587
  273         7054.03         5075.84         49.4548  589
  274         7052.27         5075.78         49.4122  591
  275         7050.26         5077.26          49.325  593
  276          7048.8         5078.86         49.2486  597
  277         7046.12          5081.4          49.118  599
  278         7042.33         5085.01         48.9331  601
  279         7038.79         5090.39           48.71  603
  280         7036.65         5093.63         48.5756  605
  281         7034.41         5092.17         48.5561  607
  282         7031.59         5090.03          48.539  609
  283         7029.59         5089.36         48.5058  611
  284         7027.89         5089.61         48.4568  615
  285         7025.49         5089.82         48.3919  617
  286         7023.33         5090.52         48.3202  619
  287         7020.94         5091.64         48.2324  621
  288         7018.88         5094.21         48.1168  623
  289         7015.78         5093.02         48.0691  625
  290         7012.59         5091.24         48.0337  627
  291         7010.63         5090.63         48.0001  629
  292         7008.75         5090.17         47.9645  633
  293         7005.74         5089.57         47.9043  635
  294         7002.41         5088.36         47.8513  637
  295          6999.9         5087.23         47.8166  639
  296         6998.32         5087.79         47.7634  641
  297         6995.16          5086.3         47.7215  643
  298         6992.38         5084.51         47.6968  645
  299         6989.57         5083.45         47.6531  647
  300         6987.54         5081.98         47.6392  649
  301         6983.04         5081.67         47.5342  651
  302         6980.79         5080.97         47.4954  653
  303         6979.44         5080.76         47.4671  655
  304         6976.09         5080.99         47.3773  657
  305            6973         5083.67         47.2333  659
  306         6968.81         5083.82         47.1247  661
  307         6967.79         5083.47          47.108  663
  308         6965.76         5083.49         47.0567  665
  309         6964.16         5085.33         46.9708  667
  310         6961.03         5083.77         46.9317  669
  311         6958.74         5082.47         46.9069  671
  312         6957.08          5081.7         46.8845  673
  313         6953.78         5078.16         46.8905  675
  314         6949.56         5075.17         46.8599  677
  315          6947.2         5072.83         46.8594  679
  316         6944.36         5068.42         46.8985  681
  317         6942.87         5065.78         46.9273  685
  318         6941.15         5063.36         46.9448  687
  319         6936.61          5054.4         47.0551  689
  320         6935.76         5049.68         47.1521  691
  321         6933.62         5048.93         47.1174  693
  322          6930.9         5046.31         47.1147  695
  323         6928.11         5042.71         47.1351  697
  324         6924.11         5035.78         47.2082  699
  325         6921.01         5027.75         47.3316  703
  326         6918.01          5022.3         47.3927  705
  327         6916.44         5020.21         47.4058  707
  328         6914.44         5017.64           47.42  709
  329         6911.46         5016.81         47.3662  711
  330          6907.9            5015         47.3226  713
  331         6906.03         5014.06         47.2991  717
  332         6902.74         5012.95         47.2448  719
  333         6901.29         5011.91         47.2344  721
  334         6897.56         5005.69         47.2966  723
  335         6894.75         5004.78         47.2494  725
  336         6893.28         5003.92          47.234  727
  337         6891.39         5001.85         47.2385  729
  338         6888.79         4998.08         47.2676  731
  339         6887.26         4994.46         47.3199  735
  340         6884.97         4990.76          47.355  737
  341         6882.27         4984.81         47.4366  739
  342         6880.43         4980.14         47.5071  741
  343          6878.2         4974.81         47.5848  743
  344         6875.88         4972.66         47.5804  745
  345         6871.65         4966.01         47.6409  747
  346         6869.84         4964.11         47.6432  751
  347         6868.43         4962.37         47.6514  753
  348         6865.84         4958.05         47.6946  755
  349         6865.45         4951.34         47.8526  757
  350         6862.63         4951.31          47.783  759
  351         6860.66          4948.8         47.7963  761
  352         6858.58         4943.91         47.8669  763
  353         6856.66         4938.23         47.9608  765
  354         6855.68         4930.39         48.1324  767
  355         6854.26         4932.09         48.0542  769
  356         6853.47          4933.2         48.0067  771
  357         6851.65         4934.06         47.9398  773
  358            6849         4937.22         47.7944  775
  359         6845.49         4936.89          47.715  777
  360         6842.97         4933.89         47.7271  779
  361         6841.27         4927.55          47.843  781
  362         6838.75         4926.67          47.802  783
  363         6837.86         4926.43         47.7856  785
  364         6835.83         4923.55         47.8071  787
  365         6833.78         4921.82         47.7991  789
  366         6833.34         4920.98         47.8089  791
  367         6831.94         4918.48         47.8365  793
  368         6830.16         4913.51         47.9164  795
  369         6827.62         4909.87         47.9439  797
  370          6826.1         4907.55          47.964  799
  371         6824.71         4905.44         47.9817  801
  372         6823.87         4903.21         48.0165  805
  373         6822.41         4902.07         48.0084  807
  374         6820.07         4900.88         47.9798  809
  375         6818.99         4901.23          47.944  811
  376          6817.7         4901.58         47.9029  813
  377         6816.51         4902.07         47.8609  815
  378         6814.42         4902.75         47.7918  817
  379         6813.63         4904.96         47.7167  819
  380         6811.77         4904.55         47.6806  821
  381         6810.81         4903.91         47.6725  823
  382         6809.36         4903.71         47.6414  825
  383         6808.45         4903.64         47.6202  829
  384         6807.08         4903.89         47.5795  831
  385         6804.85         4903.98         47.5215  833
  386         6803.54         4905.27         47.4567  835
  387         6802.55          4904.6         47.4487  837
  388         6801.74          4904.2         47.4386  839
  389          6799.9         4902.74         47.4289  841
  390         6798.42         4901.73         47.4173  843
  391         6796.92          4900.5         47.4104  845
  392          6794.4         4896.55         47.4463  847
  393         6793.82         4894.89         47.4731  849
  394         6792.54            4895         47.4385  851
  395         6791.69         4894.32         47.4342  853
  396         6790.06         4892.36         47.4426  855
  397         6788.69         4890.08         47.4653  857
  398         6787.74         4887.96         47.4945  861
  399         6785.81         4883.76         47.5513  863
  400         6784.02         4879.16         47.6215  865
  401         6782.17         4874.69          47.687  867
  402         6780.57         4870.94         47.7408  869
  403         6779.06         4871.87         47.6797  871
  404         6776.54         4874.34          47.555  873
  405         6774.75         4874.24         47.5128  875
  406         6772.21         4874.29         47.4479  877
  407         6769.48         4871.34         47.4535  879
  408         6768.68         4865.58         47.5773  881
  409         6766.75         4866.07          47.517  883
  410         6766.21         4865.73         47.5121  885
  411         6765.17         4865.03         47.5036  887
  412         6763.64         4863.56          47.502  889
  413         6761.49          4863.3         47.4547  891
  414         6759.01         4862.17          47.421  893
  415         6756.57         4858.54         47.4506  895
  416         6755.47         4857.18         47.4571  897
  417         6754.44         4856.97         47.4368  899
  418         6753.74          4856.3         47.4361  901
  419         6752.69         4855.18         47.4377  903
  420          6751.3         4853.73         47.4394  905
  421         6749.19         4851.28         47.4477  907
  422         6746.68         4848.09         47.4648  909
  423         6744.63         4844.85         47.4944  911
  424         6743.61         4841.38         47.5558  913
  425         6742.28         4840.79         47.5374  915
  426         6741.15         4839.85         47.5325  917
  427         6739.35         4838.25         47.5276  919
  428         6737.51         4837.06         47.5113  921
  429         6735.27         4835.29         47.4996  923
  430         6732.65         4832.91         47.4936  925
  431         6730.63         4829.58         47.5264  927
  432         6728.93         4829.23         47.4924  929
  433         6728.03         4829.48         47.4638  931
  434         6725.96         4828.57         47.4346  933
  435         6723.99         4828.28         47.3926  935
  436         6722.99         4826.68         47.4077  937
  437         6722.33            4825         47.4332  939
  438         6721.83         4824.27         47.4389  941
  439         6721.19         4824.13         47.4264  943
  440         6719.39          4825.2          47.355  945
  441         6718.08         4827.95         47.2534  947
  442         6716.88         4828.66         47.2055  949
  443         6715.23         4830.59         47.1162  951
  444         6713.97         4830.92         47.0763  953
  445         6712.11         4832.27         46.9959  955
  446         6711.62         4832.94         46.9671  957
  447         6710.48         4832.44         46.9509  959
  448         6709.83         4831.83         46.9499  961
  449         6708.83         4831.29         46.9387  963
  450         6707.73         4830.61         46.9279  965
  451         6706.39         4830.16         46.9056  967
  452         6705.69         4829.94         46.8938  969
  453         6704.66         4830.22          46.861  971
  454         6703.64         4829.61         46.8509  973
  455         6702.83         4829.03          46.845  975
  456         6701.97         4828.09         46.8471  977
  457         6701.04         4828.03         46.8252  979
  458         6700.71         4827.95         46.8191  981
  459         6699.14         4828.03         46.7777  983
  460         6698.49         4828.41         46.7521  987
  461         6698.12         4828.29         46.7457  989
  462         6697.49         4827.66         46.7458  991
  463          6697.3         4828.66          46.716  993
  464         6696.72         4828.31         46.7101  995
  465         6696.22         4828.36         46.6964  997
  466         6695.48         4829.03         46.6613  999
  467         6694.49         4830.07         46.6106  1001
  468          6693.7         4831.08         46.5656  1005
  469         6692.76         4832.05         46.5179  1007
  470         6692.31         4832.26         46.5012  1009
  471         6691.75          4832.3         46.4864  1011
  472         6691.17         4832.86         46.4578  1013
  473         6690.47         4832.35          46.453  1015
  474         6689.58         4831.69         46.4472  1017
  475         6689.18         4831.47         46.4428  1019
  476         6688.53         4830.76         46.4441  1021
  477         6687.66         4829.34         46.4582  1023
  478         6687.14         4828.02          46.478  1027
  479         6686.39          4826.5         46.4972  1029
  480         6685.96         4826.01         46.4987  1031
  481         6685.38         4824.21         46.5292  1033
  482         6684.62         4824.59         46.5008  1035
  483         6684.24          4824.8          46.486  1037
  484         6683.59            4825         46.4646  1039
  485         6683.05         4825.79         46.4314  1041
  486         6682.06         4825.63         46.4106  1043
  487         6680.96         4825.28         46.3919  1045
  488         6680.21         4825.47         46.3684  1047
  489         6680.01         4825.76         46.3561  1049
  490         6678.69         4826.27         46.3105  1051
  491         6677.99         4826.79         46.2802  1053
  492         6677.43         4827.62         46.2451  1055
  493         6676.69         4828.56         46.2034  1057
  494         6676.23         4831.51          46.118  1059
  495         6674.92         4830.82         46.1025  1061
  496         6674.64         4830.39         46.1063  1063
  497         6673.92         4830.25         46.0917  1065
  498         6673.24         4830.06         46.0793  1069
  499          6672.4          4830.2          46.055  1071
  500         6671.29         4830.11         46.0295  1073
  501         6670.62         4829.86          46.019  1075
  502         6669.47         4829.21         46.0065  1077
  503         6668.72         4828.38         46.0086  1079
  504          6667.7         4826.86          46.021  1081
  505         6667.59         4825.62         46.0491  1083
  506          6666.9         4825.65         46.0312  1085
  507         6666.55          4825.4         46.0286  1087
  508         6666.16         4824.91         46.0313  1089
  509         6665.72         4824.24         46.0371  1091
  510          6665.4         4823.33         46.0518  1093
  511         6664.67         4822.76         46.0479  1095
  512         6664.29          4822.5         46.0449  1097
  513         6663.79         4822.32         46.0368  1099
  514         6663.37         4822.52         46.0212  1101
  515          6662.9         4822.63         46.0069  1103
  516         6662.12         4823.26         45.9715  1105
  517         6661.88         4823.64         45.9559  1107
  518         6661.54         4824.03         45.9378  1109
  519         6661.28         4824.37         45.9227  1111
  520         6660.79         4825.25         45.8884  1113
  521          6660.2         4826.74         45.8365  1115
  522         6659.84          4828.4         45.7862  1117
  523         6659.39         4828.38         45.7753  1119
  524         6659.06         4828.22         45.7711  1121
  525         6658.73         4828.54         45.7549  1123
  526         6658.34          4828.7         45.7411  1125
  527         6657.83         4829.07          45.719  1127
  528         6657.45         4829.15         45.7076  1129
  529         6657.15         4829.05         45.7025  1131
  530         6656.88         4828.49         45.7097  1133
  531         6656.33         4827.89         45.7111  1135
  532         6655.95         4826.91         45.7261  1137
  533         6655.67         4825.96         45.7427  1139
  534         6655.25         4823.77          45.787  1141
  535         6654.62         4821.99         45.8157  1143
  536         6654.04         4819.99         45.8511  1145
  537          6653.7         4818.65         45.8765  1147
  538         6653.42            4817         45.9104  1149
  539         6653.07         4816.84         45.9059  1151
  540          6652.7         4816.45         45.9062  1153
  541         6652.38         4815.91         45.9117  1155
  542         6651.95         4814.07         45.9468  1157
  543         6651.35         4813.32         45.9507  1159
  544         6650.89         4812.33          45.964  1161
  545         6650.55         4811.27         45.9819  1163
  546         6650.27         4810.65         45.9906  1165
  547            6650         4810.57         45.9858  1167
  548         6649.48         4810.62         45.9714  1169
  549         6649.18         4810.48         45.9674  1171
  550         6648.87         4810.65         45.9556  1173
  551         6648.46         4810.65         45.9452  1175
  552          6648.2         4810.56         45.9411  1177
  553         6647.94         4810.41         45.9384  1179
  554         6647.81         4810.26         45.9389  1181
  555         6647.54         4810.04         45.9375  1183
  556         6647.12         4809.82         45.9326  1185
  557         6646.83         4809.66         45.9293  1189
  558         6646.44         4809.47         45.9241  1191
  559         6645.97         4809.03         45.9236  1193
  560         6645.54         4808.14         45.9351  1195
  561         6645.04         4806.77         45.9566  1197
  562         6644.62            4806         45.9655  1199
  563         6644.22          4805.1         45.9781  1201
  564          6643.8         4803.97         45.9959  1203
  565         6643.13          4801.9         46.0307  1205
  566          6642.6         4800.25         46.0589  1207
  567         6642.27         4798.58         46.0924  1209
  568         6641.96         4799.01         46.0737  1211
  569         6641.65         4799.22         46.0606  1213
  570         6641.28         4798.99         46.0572  1215
  571         6641.02         4797.55         46.0868  1217
  572         6640.57         4797.12         46.0861  1219
  573         6640.31         4796.26         46.1012  1221
  574         6640.04         4795.04         46.1249  1223
  575         6639.66         4794.01         46.1414  1225
  576         6639.11         4793.62         46.1373  1227
  577         6638.42         4794.25         46.1043  1229
  578         6638.05         4795.11         46.0736  1231
  579         6637.72         4796.83         46.0224  1233
  580         6637.33         4797.18         46.0038  1235
  581         6636.97         4797.33         45.9911  1237
  582         6636.71         4797.46         45.9815  1239
  583          6636.4         4797.69         45.9678  1241
  584         6636.07         4797.91          45.954  1243
  585          6635.7         4798.02         45.9419  1245
  586         6635.35         4798.15         45.9299  1247
  587         6634.93         4798.03         45.9226  1249
  588          6634.6         4797.72          45.922  1251
  589         6634.05         4797.45         45.9151  1253
  590         6633.82         4797.14          45.917  1255
  591         6633.62         4796.88         45.9186  1257
  592         6633.28         4796.46         45.9206  1259
  593         6632.81         4796.15         45.9163  1261
  594         6632.35         4795.87          45.912  1263
  595         6632.13         4796.05         45.9019  1265
  596          6631.9         4796.02         45.8971  1267
  597         6631.75         4796.14         45.8902  1269
  598         6631.53         4796.24         45.8822  1271
  599         6631.12         4796.57         45.8639  1273
  600         6630.83          4796.6         45.8558  1275
  601         6630.58         4796.47         45.8527  1277
  602         6630.25         4796.19         45.8516  1279
  603            6630          4796.2          45.845  1281
  604         6629.56          4796.3         45.8316  1283
  605         6629.21         4796.31         45.8224  1285
  606         6628.86         4796.25         45.8153  1287
  607         6628.61         4796.13         45.8119  1289
  608         6628.18         4795.79         45.8097  1291
  609         6627.93         4795.34         45.8149  1293
  610         6627.72         4794.85         45.8219  1295
  611         6627.48         4794.21         45.8316  1297
  612         6627.12         4793.62         45.8374  1299
  613         6626.82         4793.23         45.8396  1301
  614         6626.53         4792.78         45.8439  1303
  615         6626.33         4792.52         45.8452  1305
  616         6625.88         4792.09         45.8449  1307
  617         6625.59         4791.72         45.8467  1309
  618         6625.32         4791.39         45.8481  1311
  619         6625.21         4790.43         45.8695  1313
  620         6624.64         4790.32          45.858  1315
  621         6624.38         4790.04         45.8584  1317
  622         6624.19         4789.72         45.8618  1319
  623         6623.82          4789.6         45.8555  1321
  624         6623.41         4789.01           45.86  1323
  625         6622.45         4789.47         45.8245  1325
  626         6622.19         4789.53         45.8166  1327
  627         6621.68         4789.24          45.811  1329
  628         6621.45         4788.82         45.8158  1333
  629         6621.09         4788.11         45.8245  1335
  630         6620.63         4786.72          45.848  1337
  631         6620.27         4785.06         45.8802  1339
  632         6619.88         4783.05         45.9207  1341
  633         6619.51         4782.15          45.934  1343
  634         6618.83         4779.72         45.9777  1345
  635         6618.52         4777.17         46.0338  1347
  636         6618.15         4776.74         46.0354  1349
  637         6617.66            4775         46.0667  1351
  638         6617.37         4773.44         46.0983  1353
  639         6617.01         4769.77          46.181  1355
  640         6616.51         4768.42         46.2022  1357
  641         6615.92         4766.31         46.2401  1359
  642         6615.53         4764.46         46.2767  1361
  643         6615.18         4762.86          46.308  1363
  644          6614.8         4762.71         46.3024  1365
  645         6614.24          4762.8          46.286  1367
  646         6613.83         4762.25         46.2895  1369
  647         6613.29         4762.19         46.2774  1371
  648          6612.7          4761.6         46.2776  1373
  649         6612.17         4760.99         46.2793  1375
  650         6611.79         4761.01         46.2696  1377
  651         6611.43         4760.92         46.2629  1379
  652         6610.96         4760.84         46.2529  1381
  653         6610.38         4760.57         46.2452  1383
  654         6609.82         4759.96         46.2464  1385
  655         6609.22         4758.65         46.2643  1387
  656         6608.97         4757.69         46.2821  1389
  657          6608.6         4756.75         46.2963  1391
  658         6607.62         4752.99         46.3658  1393
  659          6607.5         4750.48         46.4254  1395
  660            6607         4750.35         46.4162  1397
  661         6606.64         4749.59         46.4263  1399
  662         6606.16         4747.85         46.4578  1401
  663          6605.5         4745.01         46.5123  1403
  664         6605.29         4743.76         46.5383  1407
  665         6604.82         4741.43         46.5847  1409
  666         6604.48         4740.34         46.6035  1411
  667         6603.96         4739.21         46.6188  1413
  668         6603.29         4738.47         46.6205  1415
  669          6602.7         4738.58         46.6028  1417
  670         6602.07         4738.81         46.5815  1419
  671          6601.8         4738.94         46.5714  1423
  672         6601.45         4738.97          46.562  1425
  673         6600.93         4738.73          46.555  1427
  674          6600.5         4738.43         46.5518  1429
  675         6600.08         4738.38         46.5425  1431
  676         6599.61          4738.1         46.5379  1433
  677         6599.03         4737.54         46.5371  1435
  678         6598.73          4737.3         46.5358  1437
  679         6598.33         4736.79         46.5385  1439
  680         6597.48         4735.27         46.5554  1441
  681          6597.2         4733.54         46.5915  1443
  682          6596.7          4733.2         46.5874  1445
  683         6596.43         4732.86         46.5893  1447
  684         6596.05         4731.93         46.6029  1449
  685         6595.67          4729.4         46.6567  1451
  686         6594.97          4727.9         46.6768  1453
  687         6594.52         4726.11         46.7103  1455
  688         6594.19         4724.29         46.7476  1457
  689         6593.66         4720.92         46.8185  1459
  690            6593         4718.23         46.8692  1461
  691         6592.63         4717.36         46.8817  1463
  692         6592.36         4716.84          46.888  1465
  693         6591.97          4715.8         46.9042  1467
  694         6591.44          4714.9         46.9135  1469
  695          6590.7         4713.27         46.9357  1471
  696         6590.01         4711.04         46.9745  1473
  697         6589.25         4708.93         47.0079  1475
  698         6588.62          4707.9         47.0179  1477
  699         6587.57          4704.9         47.0668  1479
  700         6586.87         4703.35          47.088  1481
  701         6586.45         4703.13         47.0831  1483
  702         6585.24         4700.42         47.1206  1485
  703          6584.7         4697.61         47.1772  1487
  704         6583.97         4694.42         47.2388  1489
  705         6583.03         4691.02         47.3002  1491
  706         6582.28          4687.6         47.3671  1495
  707         6581.12          4684.8          47.408  1497
  708          6580.5         4685.08         47.3854  1499
  709         6579.35         4682.72         47.4157  1501
  710         6578.05         4683.62         47.3607  1503
  711         6577.44         4682.85         47.3647  1505
  712         6576.28         4680.24         47.4008  1507
  713         6576.07         4676.09         47.4994  1509
  714         6574.64          4676.2          47.461  1511
  715          6573.6         4675.17         47.4607  1513
  716         6572.46         4673.01         47.4864  1515
  717         6571.17         4670.57          47.515  1517
  718         6568.96         4665.68          47.582  1519
  719         6566.91         4662.36         47.6136  1521
  720         6565.08         4658.26         47.6704  1523
  721          6563.7         4656.11         47.6898  1525
  722         6562.86         4655.57         47.6823  1527
  723         6559.62         4649.34         47.7571  1531
  724         6557.46         4642.01         47.8862  1533
  725         6556.32         4642.36         47.8488  1535
  726         6554.49         4641.12         47.8341  1537
  727         6551.74         4635.26         47.9121  1539
  728         6549.67         4628.39         48.0321  1541
  729         6548.17         4623.45          48.118  1543
  730         6546.96         4619.13         48.1956  1545
  731          6545.2          4613.8          48.285  1547
  732         6542.68         4606.65         48.4008  1549
  733         6539.41         4601.22         48.4547  1551
  734         6536.06         4598.69         48.4341  1553
  735         6534.54         4597.11         48.4358  1555
  736         6532.78         4596.19         48.4147  1557
  737         6527.84         4591.71         48.4033  1559
  738         6524.18         4585.68         48.4624  1561
  739          6520.6         4579.51         48.5272  1563
  740         6517.06         4575.83         48.5307  1565
  741         6512.84         4571.13         48.5427  1567
  742         6511.13            4567         48.6031  1569
  743         6508.82         4565.38          48.586  1571
  744         6503.94         4558.91         48.6257  1573
  745         6500.97         4553.72         48.6814  1575
  746         6500.29         4537.52         49.0691  1577
  747         6493.55         4536.75         48.9198  1579
  748         6491.61         4535.36         48.9063  1581
  749         6489.65         4532.92         48.9184  1583
  750         6486.66         4532.19         48.8618  1585
  751         6483.44         4526.41         48.9257  1589
  752         6479.35         4524.74         48.8653  1591
  753         6477.23         4522.26         48.8744  1593
  754         6474.59         4516.43         48.9541  1595
  755         6471.88         4510.02         49.0465  1597
  756         6468.97         4504.05         49.1231  1599
  757         6467.62         4489.96         49.4414  1601
  758         6463.63         4491.28         49.3086  1603
  759         6462.65         4491.49          49.279  1605
  760          6460.3         4489.53         49.2693  1607
  761         6458.03         4482.89         49.3786  1609
  762         6455.04         4479.23         49.3954  1611
  763         6450.86         4471.11         49.4937  1613
  764         6448.65         4466.57          49.552  1615
  765         6446.26         4462.78          49.587  1617
  766         6442.58         4458.97           49.59  1619
  767         6441.32         4455.24         49.6519  1621
  768         6438.69         4455.39         49.5824  1623
  769         6436.59         4455.04         49.5388  1625
  770         6434.32         4454.17         49.5038  1627
  771         6430.45         4452.06         49.4598  1629
  772         6428.54         4450.19         49.4586  1633
  773         6425.48         4449.19         49.4073  1635
  774          6423.7         4448.65         49.3761  1637
  775         6420.67         4447.83         49.3209  1639
  776          6417.7         4446.27         49.2857  1641
  777         6413.62         4444.75         49.2218  1643
  778         6410.26         4442.12         49.2035  1645
  779         6407.44         4439.03         49.2103  1647
  780         6405.59         4437.05         49.2137  1649
  781         6403.08         4435.47         49.1904  1651
  782         6400.13         4433.05         49.1771  1653
  783         6397.18         4430.62          49.164  1655
  784         6396.68         4423.82         49.3215  1657
  785         6390.94         4423.04         49.1974  1659
  786         6389.01         4421.08         49.1984  1661
  787         6387.09         4418.14         49.2239  1663
  788         6383.79         4414.54         49.2313  1665
  789         6379.59          4405.7         49.3472  1667
  790         6374.08         4404.09         49.2498  1669
  791         6371.78         4404.08         49.1925  1671
  792         6366.99         4403.95          49.076  1673
  793         6363.22         4401.67         49.0387  1677
  794         6358.99         4399.03          48.999  1679
  795         6353.51         4392.94         49.0142  1681
  796         6351.06         4389.47         49.0398  1683
  797          6347.7         4386.71         49.0248  1685
  798         6342.74         4383.58         48.9789  1687
  799         6340.38         4381.97         48.9601  1689
  800         6336.61         4381.87         48.8685  1691
  801         6333.75          4381.8         48.7988  1693
  802         6330.34         4381.96         48.7097  1695
  803         6325.66         4381.06         48.6151  1697
  804         6321.41         4380.91         48.5125  1699
  805         6318.86         4379.06         48.4951  1701
  806         6316.53         4377.52         48.4755  1703
  807          6314.4         4376.06         48.4583  1705
  808         6311.32         4375.13         48.4046  1707
  809         6307.96         4373.49         48.3619  1709
  810         6305.93         4371.22         48.3676  1711
  811         6302.93         4369.87         48.3266  1713
  812         6299.32         4366.95         48.3092  1715
  813         6295.89         4363.52         48.3091  1717
  814         6294.58          4356.3         48.4572  1719
  815         6289.19         4354.52         48.3669  1721
  816          6287.1         4352.47         48.3658  1723
  817         6285.47         4350.11          48.384  1725
  818         6282.75         4347.13         48.3906  1727
  819         6280.63         4343.16         48.4366  1729
  820         6277.44         4342.79         48.3661  1731
  821         6276.04         4342.96         48.3271  1733
  822         6273.42         4343.14         48.2569  1735
  823         6271.67         4342.09         48.2395  1739
  824          6268.9         4341.36         48.1886  1741
  825         6266.28         4339.14         48.1785  1743
  826         6264.75         4336.94         48.1952  1745
  827         6263.14         4335.47         48.1919  1747
  828         6261.34         4334.76         48.1645  1749
  829         6257.61         4333.81          48.095  1751
  830         6254.97         4335.27         47.9925  1753
  831         6252.39         4335.05         47.9335  1755
  832         6249.92         4335.75         47.8544  1757
  833         6247.48         4336.42         47.7766  1759
  834         6244.35         4337.58         47.6694  1761
  835          6242.3         4337.78          47.613  1763
  836         6240.11         4337.02         47.5773  1765
  837         6238.01         4336.32         47.5421  1767
  838         6234.92         4335.71         47.4804  1769
  839         6232.77         4335.52         47.4314  1771
  840          6229.6         4334.75         47.3714  1773
  841         6226.47         4334.24         47.3057  1775
  842         6224.12         4333.35         47.2691  1777
  843          6220.5         4331.04         47.2364  1779
  844         6216.19         4326.69         47.2374  1781
  845         6212.08         4320.66         47.2854  1783
  846          6209.1         4318.39         47.2675  1785
  847         6206.17         4315.85         47.2581  1787
  848         6203.04         4311.27         47.2944  1789
  849         6199.36         4308.84          47.263  1791
  850         6197.08         4307.42         47.2415  1793
  851         6192.01         4303.31         47.2176  1795
  852         6190.52         4298.33         47.3046  1797
  853         6185.45          4296.9         47.2136  1799
  854         6183.06         4294.38         47.2172  1801
  855         6180.18         4290.49         47.2423  1803
  856         6176.46         4283.51         47.3239  1805
  857         6171.71         4278.54         47.3292  1807
  858         6168.51         4276.26         47.3063  1809
  859          6165.2         4274.49         47.2675  1811
  860         6161.35         4271.36         47.2497  1813
  861         6156.32         4268.92          47.185  1815
  862         6152.66         4265.55         47.1777  1817
  863         6149.71         4261.83          47.197  1819
  864         6147.47         4261.14         47.1583  1821
  865         6145.43         4260.86         47.1143  1823
  866         6138.41         4260.48         46.9482  1825
  867         6136.03         4262.68         46.8337  1827
  868         6133.05         4260.99         46.8015  1829
  869         6128.66         4257.75         46.7728  1831
  870         6125.83         4256.28         46.7387  1833
  871         6122.94          4253.6         46.7335  1837
  872          6117.8         4250.56         46.6808  1839
  873         6113.07         4247.36         46.6429  1841
  874         6108.13         4243.59         46.6135  1843
  875         6107.03         4239.48         46.6886  1845
  876         6101.29         4238.03         46.5815  1847
  877         6098.51         4235.94         46.5643  1849
  878         6095.51         4233.37         46.5533  1851
  879          6090.9         4229.65         46.5314  1853
  880         6088.16         4226.09         46.5517  1857
  881         6082.42         4222.22         46.5051  1859
  882         6079.41         4220.99         46.4605  1861
  883         6074.81         4221.41          46.335  1863
  884         6073.83         4223.03         46.2701  1865
  885         6069.42         4223.14         46.1568  1867
  886         6066.93          4223.7         46.0808  1869
  887         6064.45         4225.66           45.97  1871
  888         6061.04         4226.68         45.8592  1873
  889         6056.71         4230.57         45.6535  1875
  890         6052.99         4227.85         45.6285  1877
  891         6048.22         4223.65         45.6143  1879
  892         6045.54         4221.06          45.612  1881
  893         6041.29         4219.98         45.5329  1883
  894         6038.43         4218.86         45.4892  1885
  895         6035.55         4218.04         45.4376  1887
  896         6030.77            4216         45.3694  1889
  897         6025.34         4214.15         45.2796  1891
  898         6021.98         4212.52         45.2367  1893
  899         6018.21         4211.46         45.1689  1895
  900         6015.38         4209.67         45.1426  1897
  901         6011.27         4208.62         45.0661  1899
  902         6006.27          4205.3         45.0242  1901
  903         6003.26         4202.44         45.0205  1903
  904         5999.43         4198.93         45.0125  1905
  905         5995.01         4193.76         45.0314  1907
  906         5992.61         4189.31         45.0824  1909
  907         5989.78         4187.57         45.0552  1911
  908          5987.6         4186.16         45.0358  1913
  909         5983.92         4183.45         45.0117  1915
  910         5981.65         4178.18         45.0868  1917
  911          5977.7         4177.07         45.0159  1919
  912         5975.28         4174.62         45.0165  1921
  913         5972.62         4171.63         45.0248  1923
  914         5968.26         4166.65         45.0403  1925
  915         5967.19         4159.73         45.1865  1927
  916         5962.14         4160.69         45.0362  1929
  917         5960.97         4160.77          45.005  1931
  918         5958.26         4160.83         44.9359  1933
  919         5954.96          4157.8         44.9292  1935
  920         5951.01         4158.04         44.8241  1937
  921         5947.91         4156.01         44.7974  1939
  922         5945.11         4153.29         44.7956  1941
  923         5942.77         4148.79         44.8496  1943
  924         5939.85         4147.34         44.8129  1945
  925         5937.09         4145.25         44.7962  1947
  926         5934.08         4142.99         44.7773  1949
  927         5929.34         4135.42         44.8481  1951
  928         5925.18         4131.75         44.8358  1953
  929            5923         4130.63         44.8094  1955
  930         5920.76         4129.07         44.7922  1957
  931         5918.16         4127.21         44.7735  1959
  932         5915.63            4124         44.7907  1963
  933         5911.61         4121.18         44.7607  1965
  934         5909.08         4118.93         44.7539  1967
  935         5905.91         4115.57         44.7586  1969
  936         5903.57         4112.46         44.7779  1971
  937         5900.16         4110.78         44.7347  1973
  938         5897.28         4109.32         44.6988  1975
  939         5894.65         4108.19         44.6613  1977
  940         5889.15         4104.05         44.6276  1979
  941         5885.25         4098.59         44.6663  1981
  942          5881.5         4097.92         44.5895  1983
  943         5879.65         4097.59         44.5516  1985
  944         5877.66         4097.26           44.51  1987
  945         5875.53         4096.23         44.4827  1991
  946         5872.65         4095.77         44.4218  1993
  947         5869.92          4094.3         44.3905  1995
  948         5867.23         4092.15          44.377  1997
  949            5864         4089.79         44.3551  1999
  950          5860.9         4087.97         44.3231  2001
  951         5858.51         4087.75         44.2691  2003
  952         5856.25         4087.14         44.2276  2005
  953         5853.12         4086.31         44.1703  2007
  954         5849.49         4085.24         44.1061  2009
  955         5847.45         4083.86         44.0897  2013
  956         5844.69         4083.02         44.0417  2015
  957         5842.76         4081.94         44.0205  2017
  958         5841.24         4081.32          43.998  2019
  959         5839.78         4080.51         43.9817  2021
  960         5837.75         4080.49         43.9315  2023
  961         5835.76         4079.38         43.9096  2025
  962         5834.15         4078.71          43.886  2027
  963         5830.31         4077.61         43.8177  2029
  964         5829.69         4078.03         43.7913  2031
  965         5827.72         4077.05         43.7668  2033
  966         5826.73         4076.45          43.757  2035
  967         5825.42         4076.09         43.7334  2037
  968         5823.58         4076.39         43.6798  2039
  969         5822.38         4077.03         43.6337  2041
  970         5820.69         4076.84         43.5963  2043
  971         5819.65         4076.83         43.5706  2045
  972         5818.17         4077.04         43.5282  2047
  973         5816.82         4078.14         43.4669  2049
  974         5814.25         4077.93          43.408  2051
  975         5813.23         4077.31         43.3978  2053
  976         5811.99         4077.19           43.37  2055
  977         5810.52         4077.06         43.3366  2057
  978          5808.8         4078.15         43.2664  2059
  979          5807.6          4078.7         43.2226  2061
  980         5806.13         4079.65         43.1618  2063
  981         5805.23         4081.31          43.098  2065
  982         5803.06         4081.57         43.0373  2067
  983         5801.62         4081.74          42.997  2069
  984         5800.48         4082.41         42.9516  2071
  985          5798.1         4083.67         42.8607  2073
  986         5795.81         4086.43         42.7345  2075
  987         5793.29         4088.54         42.6189  2077
  988         5791.84         4087.98         42.5966  2079
  989         5789.38         4089.05         42.5084  2081
  990         5787.95         4089.84         42.4528  2083
  991         5786.21         4089.43         42.4193  2085
  992         5783.62         4089.81         42.3451  2087
  993         5782.27         4090.58         42.2924  2089
  994         5780.58         4091.19         42.2348  2093
  995         5778.05         4093.03         42.1254  2095
  996         5776.87         4093.68         42.0799  2097
  997         5775.11         4095.21         41.9973  2099
  998         5773.56         4097.17         41.9098  2101
  999         5771.34         4098.16         41.8296  2103
 1000         5768.54         4099.37         41.7292  2105
