    0      1.4731e+06      1.4731e+06               0  1
    1     1.21065e+06     1.19173e+06          47.298  7
    2          545552          479855         164.245  9
    3          473926          450350         58.9395  11
    4          460509          450288         25.5537  13
    5          459250          449166         25.2093  15
    6          456747          447276         23.6773  17
    7          454299          445031         23.1716  21
    8          449149          442439          16.775  23
    9          436775          431662         12.7807  25
   10          431591          421365          25.564  29
   11          423408          407719         39.2225  31
   12          417774          398410         48.4109  33
   13          407897          383639         60.6448  35
   14          383108          353351         74.3934  37
   15          376497          297810         196.716  39
   16          308737          270206         96.3281  41
   17          260751          222395         95.8891  43
   18          240169          189807         125.905  45
   19          228332          169538         146.985  47
   20          214671          162965         129.266  49
   21          204888          165775         97.7824  51
   22          192602          160363          80.597  55
   23          185982          160080         64.7553  57
   24          182716          157598         62.7943  59
   25          175787          148675         67.7793  61
   26          173287          145290         69.9923  63
   27          170265          145232         62.5816  65
   28          169378          144667         61.7793  67
   29          168664          143831         62.0814  69
   30          166246          141220         62.5631  71
   31          160538          131322         73.0405  73
   32          153691          123207         76.2099  75
   33          146676          118841         69.5853  77
   34          143515          115354         70.4025  81
   35          138589          111629         67.3989  83
   36          133249          106742         66.2669  87
   37          125531         96083.1         73.6192  89
   38          122518           92288         75.5763  91
   39          119577         94391.7         62.9622  93
   40          119056         94532.6          61.309  95
   41          117025         94254.5         56.9263  97
   42          115266           92374         57.2289  99
   43          112374         89711.9         56.6554  101
   44          109822         87396.2         56.0634  103
   45          107292         84828.7         56.1586  105
   46          105811         82884.7          57.315  107
   47          104258           82910          53.371  109
   48          102511         82417.5         50.2329  111
   49           99477         80665.8          47.028  113
   50         98297.2           79118         47.9479  117
   51         95704.1         77228.9          46.188  119
   52           93017         74453.7         46.4084  121
   53         92253.9         73555.4         46.7463  125
   54         91525.6         73023.6         46.2549  127
   55         90564.3         71985.5         46.4469  129
   56         89272.3         71157.3         45.2875  131
   57           87315           69842         43.6825  133
   58         85376.2         67675.6         44.2515  137
   59         82254.3         65725.1          41.323  139
   60         80080.1         64255.5         39.5616  141
   61         77695.3         61946.6         39.3719  143
   62         76516.4         60870.4          39.115  145
   63         75119.1         61166.2         34.8825  147
   64         74123.6         61169.1         32.3863  149
   65         73300.3         60808.6         31.2293  151
   66         72938.1         59721.9         33.0405  153
   67         71847.7         59584.4         30.6581  155
   68         70551.7         58821.1         29.3266  157
   69         68595.2         57271.1         28.3104  159
   70         66476.1         55824.9         26.6279  161
   71         65842.2           55564         25.6953  165
   72         65059.9           55349         24.2772  167
   73         64657.9         55043.7         24.0356  169
   74         64304.7         54689.8         24.0373  171
   75         62627.8         52781.4         24.6158  173
   76         60331.1         49994.4         25.8417  175
   77         57114.6         45795.9         28.2967  177
   78         53916.2         42025.5         29.7267  179
   79         51355.9         42151.7         23.0103  181
   80         49072.4           41562          18.776  183
   81         48432.4         40265.6         20.4171  185
   82         47637.1         40212.2         18.5623  187
   83         47464.1         40128.5         18.3391  189
   84           46589         39364.4         18.0616  191
   85         45340.8         37980.9         18.3997  193
   86         43965.1         36214.1         19.3776  195
   87         43150.4         35310.2         19.6005  199
   88         42436.3         34916.6         18.7993  201
   89         41391.7         34028.7         18.4075  203
   90         40223.6         32632.6         18.9777  205
   91         39777.3         31956.3         19.5524  209
   92         39102.2         31301.6         19.5015  211
   93         38469.3         30788.2         19.2028  213
   94         37565.6         30166.5         18.4979  215
   95         36832.4         29291.2         18.8529  217
   96         35993.7         29372.8         16.5523  219
   97         35516.6         29428.2         15.2211  221
   98         35145.7         29348.4         14.4933  223
   99           34952         28831.7         15.3006  225
  100         34516.6         28642.6         14.6848  227
  101         33961.3         28053.1         14.7704  229
  102         33190.6         26855.2         15.8383  231
  103         32784.4         25790.5         17.4848  233
  104         32351.7         25337.3          17.536  235
  105         32110.3         25272.5         17.0946  237
  106         31511.2         24876.3         16.5872  239
  107         31164.5         24395.5         16.9224  243
  108         30863.9         24128.9         16.8374  245
  109         30643.3         23894.4         16.8722  247
  110         29770.7         22844.9         17.3145  249
  111         29032.4         22035.4         17.4924  251
  112         28881.9         21536.1         18.3645  253
  113         28412.9         21610.1         17.0071  255
  114         28329.9         21640.5         16.7235  257
  115         28195.1         21648.3          16.367  259
  116         27936.6         21623.6         15.7825  261
  117           27727         21566.9         15.4005  265
  118         27473.5         21428.2         15.1134  267
  119         27118.6         21036.1         15.2064  269
  120         27026.5         20597.8         16.0718  271
  121         26817.3         20528.9         15.7209  273
  122           26770         20507.3         15.6566  275
  123         26610.8           20359         15.6294  277
  124         26447.3         20036.3         16.0277  279
  125         26220.9         19825.9         15.9875  281
  126         25951.4         19542.2         16.0232  283
  127         25496.7         19014.2         16.2062  285
  128         25339.3           18811         16.3207  289
  129         25173.9         18721.2         16.1317  291
  130         25109.9           18697          16.032  293
  131         25041.5         18662.6         15.9472  295
  132         24886.1         18556.9         15.8231  297
  133           24645         18385.8          15.648  299
  134         24569.5         18178.7         15.9769  301
  135         24090.2           18126         14.9105  303
  136         23990.2           18140         14.6254  305
  137         23945.7         18142.7         14.5076  307
  138         23905.8         18138.3         14.4187  309
  139         23768.4         18097.8         14.1767  311
  140         23601.3         18029.4         13.9298  313
  141         23428.9         17947.6         13.7033  315
  142         23296.3         17807.7         13.7214  317
  143         23222.2         17746.8         13.6885  319
  144         23172.7           17739         13.5844  321
  145         22785.6         17584.9         13.0017  323
  146         22647.3         17484.6         12.9067  327
  147         22444.3         17380.5         12.6596  329
  148           22242         17283.5         12.3962  331
  149         22153.3         17260.1         12.2329  335
  150           22082         17250.2         12.0795  337
  151         22015.4         17228.7         11.9667  339
  152         21936.1           17188         11.8703  341
  153         21822.1         17134.8         11.7181  343
  154         21684.2         17034.9         11.6233  347
  155         21485.4         16921.3         11.4103  349
  156         21419.6         16875.9         11.3592  351
  157         21354.2         16828.3         11.3148  353
  158         21303.7         16813.8         11.2247  355
  159         21242.9         16815.4         11.0686  357
  160         21143.8           16800         10.8596  359
  161         21114.9         16785.5         10.8234  363
  162         21067.5         16761.5         10.7649  365
  163         20980.6         16679.2         10.7534  367
  164         20924.8         16549.7         10.9378  369
  165         20845.3         16520.9         10.8111  371
  166         20770.1           16436         10.8352  373
  167         20706.1         16351.4         10.8868  375
  168         20654.1         16082.5          11.429  377
  169         20447.7         16066.6         10.9526  379
  170         20233.9         15984.1         10.6246  381
  171           20020         15858.2         10.4044  383
  172           19858         15780.7         10.1933  385
  173         19786.6           15722         10.1615  389
  174         19725.2         15689.6         10.0892  391
  175         19667.7         15648.1          10.049  393
  176           19557         15552.7         10.0108  395
  177         19517.1         15505.8         10.0282  399
  178         19429.6         15443.1         9.96634  401
  179           19363         15393.6         9.92358  403
  180         19313.2         15343.7          9.9237  405
  181         19271.2         15279.9         9.97816  407
  182         19212.2           15231         9.95313  409
  183         19141.8         15166.8         9.93773  411
  184         19042.7         15063.9         9.94692  413
  185         19004.2         14999.6         10.0116  417
  186         18943.6         14947.8          9.9896  419
  187         18883.5         14904.4         9.94764  421
  188         18832.9         14797.6         10.0883  423
  189         18727.8         14755.1         9.93177  425
  190         18614.4         14664.1         9.87576  427
  191         18524.8         14558.6          9.9156  429
  192         18517.6         14447.3         10.1757  431
  193         18449.3         14450.6         9.99677  433
  194         18418.6         14442.6         9.93994  435
  195           18356         14398.7         9.89336  437
  196         18287.6         14316.1         9.92886  439
  197         18259.9         14191.2         10.1717  441
  198         18215.1         14196.6         10.0462  443
  199         18175.8         14166.6         10.0229  445
  200         18095.3         14060.4         10.0871  447
  201         18006.3         13906.9         10.2485  449
  202         17980.5         13847.5         10.3325  453
  203         17937.9         13780.2         10.3942  455
  204         17914.4         13750.6         10.4094  457
  205         17872.8         13691.3         10.4538  459
  206         17786.3         13551.3         10.5873  461
  207         17672.2         13368.4         10.7597  463
  208         17608.1         13258.3         10.8746  467
  209         17519.9         13194.3         10.8142  469
  210         17447.8           13174         10.6844  471
  211         17374.1         13164.7         10.5236  473
  212         17322.1         13193.3         10.3219  475
  213         17241.7         13208.3         10.0835  477
  214         17211.9         13192.1         10.0495  479
  215         17165.3         13161.6         10.0092  481
  216         17158.6         13132.9         10.0642  483
  217         17127.2         13135.3          9.9799  485
  218         17120.4         13136.3         9.96035  487
  219         17096.3         13138.8         9.89375  489
  220         17069.4         13146.3         9.80761  491
  221         17043.3         13149.8         9.73373  493
  222         17020.7         13153.8          9.6674  495
  223         17009.4         13140.8         9.67129  497
  224         16990.2           13113         9.69305  499
  225         16960.4         13068.1         9.73083  501
  226         16939.1         13031.2         9.76961  503
  227         16916.2         13019.9         9.74063  505
  228           16859         13006.4         9.63158  507
  229         16854.6           12988         9.66665  509
  230         16816.7         12998.9         9.54454  511
  231         16802.2         12994.1         9.52022  513
  232         16766.5         12968.5         9.49505  515
  233         16738.1         12934.9         9.50785  517
  234         16717.7         12893.9         9.55965  519
  235         16702.5         12888.8         9.53422  521
  236           16682         12873.5         9.52109  523
  237         16667.5         12851.4         9.54017  525
  238         16649.5           12838         9.52881  527
  239         16614.1         12806.4         9.51922  529
  240         16579.9         12769.8         9.52525  531
  241         16557.1         12734.8         9.55578  535
  242         16533.2           12715          9.5455  537
  243         16517.1         12704.3         9.53219  539
  244         16494.4         12686.1         9.52083  541
  245         16477.4         12637.8         9.59898  543
  246           16435         12622.2         9.53208  545
  247           16383         12575.3         9.51921  547
  248         16347.1         12518.8          9.5708  549
  249         16329.3         12476.6         9.63167  553
  250         16293.3           12424         9.67324  555
  251         16223.1         12322.5         9.75141  557
  252           16174         12249.6         9.81089  559
  253         16155.9           12202         9.88475  561
  254           16126         12220.4         9.76393  563
  255           16110         12222.5         9.71856  565
  256         16094.8         12221.8         9.68252  567
  257         16071.1         12208.2         9.65711  569
  258         16052.9         12182.2         9.67663  573
  259         16025.2           12144         9.70293  575
  260         15971.9         12038.6         9.83324  577
  261           15949         11937.7         10.0282  579
  262         15922.9           11933         9.97465  581
  263         15915.2         11934.5         9.95177  583
  264         15905.1         11928.8         9.94078  585
  265         15880.3         11891.7         9.97151  587
  266         15849.3         11800.4         10.1224  589
  267         15801.3           11764         10.0934  591
  268         15741.7         11688.2         10.1338  593
  269         15723.5         11644.2         10.1982  595
  270         15708.2         11612.6         10.2388  597
  271         15699.2           11613         10.2156  599
  272           15664         11594.9         10.1727  601
  273         15641.9         11546.9         10.2374  603
  274         15633.2         11536.5         10.2418  605
  275         15629.1         11532.4         10.2418  607
  276         15614.5           11504         10.2764  609
  277         15604.3         11467.4          10.342  611
  278         15587.8         11450.2         10.3442  613
  279         15553.2         11403.6          10.374  615
  280         15539.1         11383.5          10.389  617
  281         15530.4         11372.2         10.3957  621
  282         15516.3           11368         10.3707  623
  283         15490.3         11366.8         10.3087  625
  284         15480.4         11373.5         10.2671  627
  285         15474.6         11377.6         10.2423  629
  286         15471.5         11375.7         10.2396  631
  287         15467.2         11373.9         10.2333  633
  288         15462.4         11373.6         10.2219  635
  289         15455.6         11373.6         10.2048  637
  290           15446           11373         10.1826  639
  291           15442         11374.3         10.1693  643
  292         15438.4         11375.5         10.1573  645
  293         15436.6         11375.7         10.1522  647
  294         15432.8         11376.8           10.14  649
  295         15427.7         11375.4         10.1308  651
  296         15421.8           11371         10.1269  653
  297         15416.7         11364.6         10.1301  655
  298         15411.6         11360.7         10.1273  657
  299         15405.8         11356.8         10.1227  659
  300         15396.9         11350.2         10.1168  661
  301         15384.9         11346.3         10.0966  663
  302         15372.8         11345.2          10.069  665
  303         15365.9         11345.8         10.0502  669
  304         15361.5         11347.8         10.0343  671
  305         15360.2         11347.8          10.031  673
  306         15356.5         11347.7         10.0218  675
  307         15348.3         11347.8         10.0011  677
  308         15340.3         11348.3         9.97999  679
  309         15331.9         11350.3         9.95423  681
  310         15323.8         11349.5         9.93587  683
  311         15315.3         11348.7         9.91646  685
  312           15312           11352         9.89999  687
  313         15306.6           11351           9.889  689
  314         15302.1         11351.1         9.87733  691
  315         15295.2         11353.2         9.85512  693
  316         15289.8         11356.8         9.83262  695
  317         15286.5         11359.9         9.81638  697
  318         15284.1         11360.1         9.81011  699
  319         15279.9         11359.7         9.80059  701
  320         15275.1         11359.3         9.78946  703
  321         15266.3           11360         9.76566  705
  322         15263.4         11358.4         9.76249  709
  323           15261         11358.1         9.75727  711
  324         15257.6         11357.1         9.75125  713
  325         15252.5         11356.1         9.74097  715
  326         15244.5         11355.8         9.72169  717
  327         15241.4         11357.8         9.70909  719
  328         15229.7           11358         9.67929  721
  329         15225.3         11358.5         9.66714  723
  330         15218.8         11360.2         9.64639  725
  331         15214.3         11362.5         9.62961  727
  332         15209.2         11362.8         9.61591  729
  333         15198.5         11364.6         9.58471  731
  334         15186.7         11368.5          9.5453  733
  335         15176.5         11373.5         9.50752  735
  336         15171.6         11380.8         9.47702  737
  337         15166.7         11377.6         9.47267  739
  338         15158.4         11373.9         9.46141  741
  339         15141.4         11370.3         9.42793  743
  340         15126.3         11368.6         9.39436  745
  341         15121.6         11369.6         9.37997  749
  342         15114.4         11372.4         9.35508  751
  343         15109.1         11376.9         9.33065  753
  344         15100.3         11386.6         9.28421  755
  345         15083.9         11398.8         9.21292  757
  346         15075.7         11407.5         9.17044  761
  347         15061.6         11410.9         9.12655  763
  348         15052.8         11404.3         9.12138  765
  349         15048.3         11395.2          9.1326  769
  350           15041           11385         9.13991  771
  351         15033.6         11377.4         9.14037  773
  352         15018.5         11362.6         9.13968  775
  353         15014.5         11358.6         9.13987  779
  354         15006.9         11354.8         9.13028  781
  355         15001.1         11354.5         9.11657  783
  356         15000.1         11352.1         9.11992  785
  357         14994.2         11353.9         9.10087  787
  358         14990.3         11354.6         9.08932  789
  359         14984.2         11354.8         9.07346  791
  360         14981.3         11351.8         9.07392  793
  361           14975         11350.1         9.06247  795
  362           14970         11346.3         9.05932  797
  363         14961.4         11338.1         9.05808  799
  364         14948.9         11326.3         9.05636  801
  365         14935.8         11310.9         9.06232  803
  366         14920.5         11304.9         9.03895  805
  367         14895.7         11295.6         9.00018  807
  368           14866         11282.6         8.95842  809
  369         14847.2         11271.5         8.93933  813
  370         14824.8           11263         8.90448  815
  371         14816.9         11260.1         8.89203  817
  372         14803.5         11253.7         8.87457  819
  373         14793.1         11242.5         8.87634  821
  374         14784.9         11238.9         8.86504  823
  375           14778         11236.5         8.85366  825
  376         14769.1           11231         8.84535  827
  377         14752.8         11216.9         8.83982  829
  378         14709.8         11173.4         8.84107  831
  379         14699.7         11159.9         8.84955  835
  380         14678.7         11139.2         8.84873  837
  381         14671.2           11134         8.84281  839
  382         14661.5           11127         8.83632  841
  383         14658.5         11112.6         8.86479  843
  384         14645.3         11113.1         8.83058  845
  385         14635.4         11109.7         8.81441  847
  386           14623         11100.9         8.80525  849
  387         14612.7         11076.7         8.83999  851
  388         14601.7         11059.4         8.85581  853
  389         14594.8         11053.1         8.85428  855
  390         14577.1         11025.2         8.87991  857
  391         14570.8         11016.5         8.88576  861
  392         14566.3         11013.8         8.88106  863
  393         14553.6         10999.2         8.88612  865
  394         14550.9         10995.3         8.88906  869
  395         14546.4         10989.3         8.89284  871
  396         14527.8         10951.2         8.94148  873
  397         14519.6         10930.6         8.97258  875
  398         14513.4         10934.8         8.94638  877
  399           14510         10934.8         8.93803  879
  400         14504.5         10927.2         8.94346  881
  401         14501.1         10895.8          9.0133  883
  402         14483.1         10884.3         8.99695  885
  403         14472.7         10866.9         9.01469  887
  404         14457.4           10824         9.08341  889
  405         14454.6         10778.1          9.1913  891
  406         14442.7         10777.4         9.16347  893
  407         14432.8           10767         9.16459  895
  408         14416.8         10737.1         9.19934  897
  409         14395.2         10684.7          9.2764  899
  410         14390.2           10630         9.40063  901
  411         14377.7         10634.3         9.35847  903
  412         14374.8           10637          9.3444  905
  413         14371.8         10635.4         9.34079  907
  414         14365.4         10628.4         9.34273  909
  415         14357.6         10610.2         9.36837  911
  416         14352.6         10580.7         9.42961  913
  417         14342.3         10567.3         9.43759  915
  418         14335.1         10552.9         9.45555  917
  419         14328.7         10531.4         9.49341  919
  420         14323.7         10513.3         9.52613  921
  421         14315.5           10493         9.55607  923
  422         14301.9         10465.4         9.59132  925
  423         14282.9         10425.2         9.64446  927
  424         14278.1         10380.4         9.74411  929
  425         14261.4         10391.4          9.6748  931
  426         14256.6         10396.4         9.65054  933
  427         14250.3         10397.4         9.63224  935
  428         14241.1         10390.6         9.62631  937
  429         14234.5         10372.3         9.65535  941
  430           14225         10355.5         9.67374  943
  431         14208.1         10307.5         9.75156  945
  432         14203.6         10275.4          9.8204  947
  433         14196.7         10264.7         9.83005  949
  434         14193.3         10261.8         9.82872  951
  435         14188.1         10255.3         9.83198  953
  436         14178.7         10236.5         9.85566  955
  437         14176.5         10203.5         9.93241  957
  438         14163.1         10205.4         9.89436  959
  439         14158.9         10201.8         9.89278  961
  440           14155         10191.9         9.90778  963
  441         14151.2         10174.3         9.94218  965
  442         14145.7         10169.4         9.94057  967
  443         14127.8         10138.8         9.97254  969
  444         14114.5         10101.4         10.0328  971
  445         14106.8         10066.5         10.1008  973
  446           14101         10054.3         10.1166  975
  447         14095.4         10045.4         10.1249  977
  448         14085.2         10023.4         10.1547  979
  449         14079.9         9973.81         10.2653  981
  450         14070.8         9979.35         10.2286  983
  451           14068         9983.66         10.2108  985
  452         14060.3         9985.04         10.1881  987
  453         14054.9         9954.58         10.2507  989
  454         14047.6         9942.84          10.262  991
  455         14046.2          9934.4         10.2794  993
  456         14045.1         9925.76         10.2984  995
  457         14043.3         9912.04         10.3281  997
  458         14040.3         9891.34         10.3723  999
  459           14036         9887.02         10.3724  1001
  460         14021.8         9876.75         10.3626  1003
  461         14016.3         9880.52         10.3394  1005
  462         14011.3          9881.2         10.3251  1007
  463         14008.1         9883.97         10.3102  1009
  464         14003.1          9889.3         10.2844  1011
  465         13999.8         9892.87         10.2673  1013
  466         13996.6         9891.72         10.2622  1015
  467         13994.9         9888.86         10.2651  1017
  468         13991.4         9880.77         10.2766  1019
  469         13985.3         9865.71          10.299  1021
  470           13976         9840.21         10.3395  1023
  471         13973.1         9829.31         10.3594  1027
  472         13966.5          9814.6         10.3798  1029
  473         13960.8         9804.13         10.3916  1031
  474         13954.6         9791.89         10.4067  1033
  475         13948.6         9776.38         10.4305  1035
  476         13946.3         9770.68         10.4392  1037
  477         13942.9         9775.83         10.4176  1039
  478         13941.2         9779.39         10.4046  1041
  479         13938.3         9784.66         10.3842  1043
  480         13934.7         9785.29         10.3736  1045
  481         13929.2         9785.94         10.3581  1047
  482         13920.9         9774.93         10.3648  1049
  483         13906.5         9742.32         10.4104  1051
  484         13902.8         9729.92         10.4322  1055
  485         13896.3          9709.3         10.4674  1057
  486         13892.1         9700.27         10.4796  1059
  487         13888.2         9693.55         10.4866  1061
  488         13882.2         9681.33         10.5023  1063
  489         13878.9         9679.98         10.4973  1065
  490         13873.3         9689.81         10.4588  1067
  491           13871          9697.7         10.4332  1069
  492           13869         9704.16          10.412  1071
  493         13866.8         9705.71         10.4028  1075
  494         13862.1         9709.16         10.3824  1077
  495         13848.6         9701.67         10.3672  1079
  496         13845.4          9674.3         10.4276  1081
  497         13834.2         9664.78         10.4235  1083
  498         13831.3         9654.88          10.441  1085
  499           13828          9641.7         10.4657  1087
  500         13824.4         9624.15         10.5006  1089
  501         13818.1         9617.17         10.5022  1091
  502         13812.3         9617.63         10.4868  1093
  503           13806         9621.48         10.4613  1095
  504         13804.1         9624.57         10.4488  1099
  505         13801.8         9626.35         10.4386  1101
  506         13796.3          9629.6         10.4168  1103
  507         13791.6         9634.34         10.3931  1105
  508           13790         9636.11         10.3848  1109
  509         13787.5         9638.13         10.3735  1111
  510         13786.2         9637.51         10.3717  1113
  511         13784.3         9634.82         10.3736  1115
  512         13782.5          9632.8         10.3743  1117
  513         13780.2         9630.96         10.3731  1119
  514         13776.7         9629.31         10.3684  1121
  515         13774.3         9629.66         10.3615  1123
  516         13771.3         9631.64         10.3492  1125
  517           13767         9637.24         10.3244  1127
  518         13763.8          9645.3         10.2962  1131
  519         13761.5         9651.41         10.2751  1133
  520         13760.8         9651.97         10.2721  1135
  521         13759.4         9652.59         10.2671  1137
  522           13759          9653.1         10.2646  1139
  523         13757.8          9652.1         10.2642  1141
  524         13756.6         9650.77         10.2646  1143
  525         13755.3         9648.75         10.2663  1145
  526         13754.7         9647.07         10.2691  1147
  527         13753.4         9646.63         10.2669  1149
  528         13752.5         9646.66         10.2647  1151
  529         13751.5          9646.7         10.2621  1153
  530         13750.6         9646.57         10.2602  1155
  531         13749.8         9646.74         10.2578  1157
  532         13749.3         9646.65         10.2566  1159
  533           13748         9646.29         10.2543  1161
  534         13746.2         9645.83         10.2509  1163
  535         13744.2         9645.16         10.2476  1165
  536         13742.5         9644.81         10.2441  1167
  537         13741.7         9644.71         10.2424  1169
  538         13740.8         9644.58         10.2406  1171
  539         13740.2          9644.2         10.2399  1173
  540         13739.6         9644.28         10.2383  1175
  541         13739.4          9644.3         10.2377  1177
  542         13738.5         9644.31         10.2355  1179
  543         13737.1         9644.31         10.2319  1181
  544         13734.8         9644.45         10.2259  1183
  545         13733.9          9644.7         10.2231  1187
  546         13731.9         9645.03         10.2173  1189
  547         13730.1         9645.32         10.2119  1191
  548           13728         9645.83         10.2053  1193
  549         13726.8         9646.19         10.2016  1195
  550         13724.9         9646.09          10.197  1197
  551         13723.8         9645.82         10.1949  1199
  552         13722.5         9645.34          10.193  1201
  553         13720.9         9644.43         10.1912  1203
  554         13719.6         9643.64         10.1898  1205
  555         13718.2          9643.4          10.187  1207
  556         13716.4         9642.88         10.1838  1209
  557         13715.4          9642.2         10.1829  1211
  558         13714.6         9641.86         10.1819  1213
  559         13713.8         9641.48         10.1807  1215
  560         13712.2          9640.7         10.1786  1217
  561         13709.5          9638.8         10.1768  1219
  562         13708.5         9636.23         10.1806  1221
  563         13704.9         9636.05         10.1722  1223
  564         13703.8         9635.89         10.1697  1225
  565         13702.7         9635.61         10.1678  1227
  566         13700.5          9635.2         10.1632  1229
  567         13698.8         9633.64         10.1628  1231
  568         13692.6         9634.09         10.1462  1233
  569           13691         9634.05         10.1424  1235
  570         13689.9         9634.04         10.1398  1239
  571         13688.7         9634.23         10.1363  1241
  572           13688         9634.45         10.1339  1243
  573         13685.1         9636.05         10.1227  1245
  574         13684.4         9636.82          10.119  1249
  575         13683.9         9636.87         10.1176  1251
  576         13683.2         9636.99         10.1154  1253
  577         13682.2         9637.27         10.1123  1255
  578         13680.5         9638.14         10.1059  1257
  579           13678         9639.04         10.0974  1259
  580         13674.6          9640.7         10.0848  1261
  581         13673.8         9642.32         10.0788  1263
  582         13672.6         9641.99         10.0765  1265
  583         13671.3         9641.73          10.074  1267
  584         13669.8         9641.63         10.0704  1269
  585         13666.7         9642.01         10.0618  1271
  586         13665.5         9642.56         10.0574  1275
  587         13661.7         9643.87         10.0446  1277
  588         13656.7         9646.21         10.0263  1279
  589         13653.5         9650.13         10.0084  1281
  590         13649.9         9651.57         9.99577  1283
  591         13648.3         9651.32         9.99238  1285
  592         13646.2         9651.52         9.98666  1287
  593         13645.8         9653.05         9.98196  1289
  594         13641.9          9653.7          9.9705  1291
  595         13639.3         9655.74         9.95883  1293
  596         13636.3         9660.19         9.94021  1295
  597         13634.3         9663.37         9.92734  1297
  598         13633.9         9668.09         9.91447  1299
  599         13630.8         9668.44         9.90595  1301
  600         13629.1         9668.06         9.90273  1303
  601         13625.6         9669.35         9.89058  1305
  602         13624.3          9668.3            9.89  1307
  603         13623.7         9667.81         9.88973  1309
  604         13622.4         9666.96         9.88868  1311
  605         13621.4         9665.69         9.88915  1313
  606         13618.9         9662.25         9.89162  1315
  607         13616.6         9658.68          9.8947  1317
  608         13616.1         9658.05         9.89517  1321
  609           13615         9656.37         9.89645  1323
  610           13614         9655.32         9.89666  1325
  611         13612.5         9653.08         9.89854  1327
  612         13612.1         9652.54         9.89883  1331
  613         13611.3         9651.49         9.89958  1333
  614         13610.5         9650.02         9.90113  1335
  615         13609.4         9647.97         9.90356  1337
  616         13608.9         9645.76         9.90788  1339
  617           13608         9645.48         9.90641  1341
  618         13607.7         9645.53         9.90539  1343
  619         13607.4         9645.32         9.90517  1345
  620         13606.9         9644.71          9.9054  1347
  621         13606.5         9644.05         9.90604  1351
  622         13605.8         9643.22         9.90642  1353
  623         13604.6         9641.35         9.90808  1355
  624         13604.3         9640.08         9.91061  1357
  625         13603.8         9639.92         9.90973  1359
  626         13603.6         9639.99         9.90912  1361
  627         13603.3         9639.83         9.90869  1363
  628         13602.6         9639.05         9.90895  1365
  629         13602.3         9638.31         9.90996  1369
  630         13601.2         9636.36         9.91197  1371
  631         13599.5         9630.46         9.92255  1373
  632         13597.6         9626.72         9.92717  1375
  633         13596.8         9625.57         9.92804  1377
  634         13595.9          9621.7         9.93552  1379
  635         13594.3         9619.42          9.9371  1381
  636         13592.3         9614.98         9.94341  1383
  637         13590.6         9608.51         9.95524  1385
  638         13589.9         9604.78         9.96284  1389
  639         13588.7         9600.71         9.97001  1391
  640         13586.6         9594.06         9.98141  1393
  641         13584.8         9586.74         9.99515  1395
  642         13584.2         9584.86         9.99843  1399
  643         13583.7         9584.66         9.99756  1401
  644         13583.1          9584.9         9.99552  1403
  645         13582.3         9584.66         9.99421  1405
  646         13581.4         9584.45         9.99237  1407
  647         13580.3         9583.33         9.99254  1409
  648         13580.2         9581.36         9.99716  1411
  649         13579.2         9581.48         9.99441  1413
  650           13579         9581.35         9.99419  1415
  651         13578.1         9580.38         9.99431  1417
  652         13577.4         9578.69         9.99674  1419
  653         13576.7         9577.27         9.99857  1421
  654         13576.2         9576.84         9.99842  1423
  655         13575.4         9575.76         9.99921  1425
  656         13575.2         9575.04         10.0004  1429
  657         13574.9         9574.69         10.0005  1431
  658         13574.5         9574.06          10.001  1433
  659           13574         9572.96         10.0025  1435
  660         13573.9         9571.53         10.0059  1437
  661         13573.5          9571.9          10.004  1439
  662         13573.3         9571.87         10.0036  1441
  663           13573         9571.44         10.0038  1443
  664         13572.6         9570.21          10.006  1445
  665         13572.1          9569.2         10.0073  1447
  666         13571.7         9567.93         10.0094  1449
  667         13571.2         9566.17         10.0126  1451
  668         13570.6         9564.18         10.0161  1453
  669         13569.6         9561.63           10.02  1455
  670         13568.5         9558.98         10.0237  1457
  671         13567.9         9557.07         10.0271  1461
  672         13567.5         9556.85         10.0265  1463
  673         13567.1         9556.89         10.0255  1465
  674         13566.8         9555.16         10.0292  1467
  675         13566.2         9555.23         10.0273  1469
  676         13565.4         9553.96         10.0285  1471
  677         13564.5         9551.18         10.0334  1473
  678         13564.2         9548.75         10.0386  1477
  679         13563.7         9546.72         10.0425  1479
  680         13563.1         9543.85         10.0482  1481
  681         13562.5         9540.08         10.0559  1483
  682         13561.3         9534.46         10.0671  1485
  683         13560.5         9524.66         10.0897  1487
  684         13559.5         9526.66         10.0821  1489
  685         13559.1         9527.45         10.0791  1491
  686         13558.5         9526.65         10.0796  1493
  687         13557.6         9521.42         10.0905  1495
  688         13556.5            9518         10.0963  1497
  689         13552.9          9499.4         10.1338  1499
  690         13551.5         9480.69          10.177  1501
  691         13550.5         9478.53           10.18  1503
  692         13550.2         9478.35         10.1796  1505
  693         13549.6         9477.17         10.1811  1507
  694         13548.6         9472.24         10.1908  1509
  695         13547.6         9463.42         10.2104  1513
  696         13545.6         9453.54         10.2301  1515
  697         13543.6         9439.57         10.2602  1517
  698           13543         9431.18         10.2795  1519
  699         13542.2         9428.34         10.2846  1521
  700         13541.4         9427.16         10.2855  1523
  701           13540         9422.62         10.2934  1525
  702         13537.7         9414.49          10.308  1527
  703         13536.8          9408.8         10.3199  1531
  704         13535.4         9403.72         10.3292  1533
  705         13533.6          9393.9         10.3491  1535
  706         13532.2         9385.14         10.3677  1537
  707         13531.8         9367.83         10.4099  1539
  708         13529.8         9370.75         10.3977  1541
  709         13529.2         9371.46         10.3943  1543
  710         13528.6         9369.77          10.397  1545
  711         13528.5         9368.18         10.4008  1547
  712         13528.1         9368.37         10.3994  1549
  713         13527.9          9367.7         10.4005  1551
  714         13527.1         9363.98         10.4078  1553
  715         13525.7         9355.64         10.4252  1555
  716         13523.8         9341.68         10.4554  1557
  717         13523.5         9339.38         10.4603  1561
  718         13522.2         9328.84         10.4833  1563
  719         13521.4         9324.46         10.4922  1565
  720         13520.2          9318.8         10.5036  1567
  721         13518.6         9310.39         10.5205  1569
  722         13517.1         9311.71         10.5134  1571
  723           13515         9297.82         10.5431  1573
  724         13513.9         9299.22         10.5368  1575
  725         13513.4         9301.19         10.5306  1577
  726         13512.6         9301.07         10.5289  1579
  727         13511.8         9298.32         10.5337  1583
  728         13510.3         9293.03         10.5432  1585
  729         13508.9         9285.84         10.5575  1587
  730         13507.4         9276.25         10.5779  1589
  731           13506         9269.45         10.5913  1591
  732           13505         9269.89         10.5878  1593
  733           13503         9271.85         10.5778  1595
  734         13502.3         9271.06         10.5782  1599
  735         13501.1         9271.21         10.5748  1601
  736         13497.9         9269.85         10.5702  1603
  737         13495.6         9267.64         10.5698  1605
  738         13494.2         9265.96         10.5706  1607
  739         13492.9         9262.48          10.576  1609
  740         13492.4         9259.94         10.5811  1611
  741           13491         9260.18         10.5771  1613
  742         13489.1         9259.75         10.5734  1615
  743         13487.6         9258.76         10.5721  1617
  744         13487.2          9257.6         10.5739  1621
  745         13486.4         9256.42          10.575  1623
  746         13485.7         9255.14         10.5764  1625
  747         13484.4         9252.36         10.5801  1627
  748         13482.9         9248.54         10.5859  1629
  749           13482         9246.61         10.5885  1633
  750         13480.5         9244.03         10.5913  1635
  751         13479.5         9242.77         10.5919  1637
  752           13479         9242.46         10.5913  1639
  753         13478.1         9241.82         10.5907  1641
  754         13477.1         9241.14         10.5898  1643
  755         13475.9         9239.56         10.5909  1645
  756           13475         9237.76         10.5931  1647
  757         13474.2         9235.67         10.5964  1649
  758         13473.6         9234.35         10.5981  1651
  759         13472.6         9232.66         10.5998  1653
  760         13470.9            9230         10.6023  1655
  761         13469.6          9227.2         10.6061  1657
  762         13468.9         9227.87         10.6025  1659
  763         13468.2         9228.22            10.6  1661
  764         13467.4         9228.25         10.5979  1663
  765         13465.9         9227.13          10.597  1665
  766         13465.3         9224.98         10.6007  1669
  767           13463         9221.71         10.6033  1671
  768         13462.3          9219.7         10.6065  1673
  769         13461.8         9218.12         10.6093  1675
  770         13461.5         9217.98         10.6088  1677
  771         13460.4         9217.53         10.6072  1679
  772         13459.9         9214.67          10.613  1681
  773         13458.8         9214.71         10.6101  1683
  774         13456.7         9212.95         10.6094  1685
  775         13455.6         9209.99         10.6141  1687
  776         13454.7         9208.14         10.6165  1689
  777         13454.5         9207.61         10.6171  1691
  778         13454.1          9206.8         10.6181  1693
  779         13453.4         9205.47         10.6199  1695
  780         13452.6         9204.29         10.6207  1697
  781         13451.3         9203.42         10.6197  1699
  782         13450.9         9202.95           10.62  1703
  783         13449.9         9203.06         10.6172  1705
  784           13449         9202.77         10.6155  1707
  785         13446.9         9202.81         10.6103  1709
  786         13444.8         9202.42          10.606  1711
  787         13444.5         9202.31         10.6054  1715
  788         13444.1         9202.05         10.6052  1717
  789         13443.2         9201.53         10.6042  1719
  790         13442.4         9201.12         10.6033  1723
  791         13440.9         9200.34         10.6015  1725
  792         13440.1         9200.05         10.6001  1727
  793         13439.8         9199.95         10.5995  1731
  794         13439.3         9199.92         10.5985  1733
  795         13438.9         9199.87         10.5976  1735
  796         13438.5         9199.54         10.5974  1737
  797         13437.9         9199.45         10.5961  1739
  798         13437.7         9199.37         10.5958  1741
  799         13437.5         9199.25         10.5956  1747
  800         13437.3         9199.17         10.5953  1751
  801           13437            9199          10.595  1753
  802         13436.5          9198.8         10.5942  1755
  803         13436.1          9198.8         10.5932  1757
  804         13435.9         9198.82         10.5927  1761
  805         13435.7         9198.96         10.5919  1763
  806         13435.5         9199.25         10.5907  1765
  807         13435.3         9199.71         10.5889  1767
  808         13434.9         9200.45         10.5861  1769
  809         13434.4         9200.98         10.5835  1771
  810         13433.8         9202.67         10.5778  1773
  811         13433.4         9202.65         10.5768  1775
  812         13433.3         9202.42         10.5771  1777
  813         13433.1         9202.34         10.5769  1779
  814         13432.8         9202.37         10.5759  1781
  815         13432.3         9202.81         10.5738  1783
  816         13431.9         9203.25         10.5717  1787
  817         13431.2         9204.36         10.5671  1789
  818         13430.6         9205.88         10.5617  1791
  819         13430.1         9207.54         10.5563  1793
  820         13429.8         9208.13         10.5541  1797
  821         13429.6         9208.02         10.5539  1799
  822         13429.1         9207.44         10.5542  1801
  823           13429          9206.5         10.5563  1803
  824         13428.6         9206.47         10.5552  1805
  825         13428.2         9206.28         10.5549  1807
  826         13427.9         9205.89          10.555  1809
  827         13427.8         9205.25         10.5563  1811
  828         13427.5         9205.18         10.5559  1813
  829         13427.4         9205.07         10.5558  1815
  830         13427.2         9204.85         10.5559  1817
  831           13427         9204.51         10.5563  1819
  832         13426.9         9204.39         10.5562  1821
  833         13426.7         9204.39         10.5559  1823
  834         13426.5         9204.53          10.555  1825
  835         13426.3         9204.76         10.5538  1827
  836           13426         9205.32         10.5518  1829
  837         13425.9         9205.48          10.551  1831
  838         13425.8         9205.39         10.5511  1833
  839         13425.8         9205.32         10.5512  1835
  840         13425.7         9205.22         10.5511  1837
  841         13425.6         9205.17          10.551  1839
  842         13425.5         9205.15         10.5508  1841
  843         13425.3         9205.27         10.5501  1843
  844         13425.2         9205.59         10.5489  1845
  845           13425         9205.74         10.5481  1847
  846         13424.8         9205.85         10.5475  1849
  847         13424.7         9205.88          10.547  1851
  848         13424.6         9205.79          10.547  1855
  849         13424.4         9205.72         10.5467  1857
  850         13424.2         9205.39          10.547  1859
  851         13424.1         9205.27         10.5471  1861
  852           13424         9205.14         10.5471  1863
  853         13423.9         9205.09          10.547  1865
  854         13423.8          9205.1         10.5467  1867
  855         13423.6         9205.14         10.5462  1869
  856         13423.6         9205.21         10.5459  1873
  857         13423.5         9205.31         10.5454  1875
  858         13423.2         9205.53         10.5443  1877
  859         13422.8         9206.06          10.542  1879
  860         13422.5          9206.8         10.5393  1881
  861         13422.2         9206.71         10.5388  1883
  862           13422          9206.7         10.5383  1885
  863         13421.9         9206.76         10.5379  1887
  864         13421.8         9206.98         10.5369  1891
  865         13421.5         9207.17         10.5357  1893
  866         13421.2         9207.41         10.5346  1895
  867         13421.1         9207.61         10.5337  1897
  868           13421         9207.74         10.5331  1899
  869         13420.9          9207.7         10.5329  1901
  870         13420.5         9207.58         10.5323  1903
  871         13420.3         9207.51          10.532  1905
  872         13420.1         9207.47         10.5316  1907
  873         13419.8         9207.43          10.531  1909
  874         13419.2         9207.65         10.5289  1911
  875         13419.1         9207.62         10.5286  1915
  876           13419         9207.63         10.5284  1917
  877         13418.8         9207.71         10.5277  1919
  878         13418.5          9207.8         10.5268  1921
  879         13418.4         9208.02         10.5259  1925
  880         13418.2         9208.12         10.5252  1927
  881         13418.1          9208.2         10.5247  1929
  882           13418         9208.26         10.5243  1931
  883         13417.8         9208.35         10.5237  1933
  884         13417.6         9208.44         10.5228  1935
  885         13417.3         9208.36         10.5224  1937
  886           13417         9208.22         10.5219  1939
  887         13416.9         9207.78         10.5229  1941
  888         13416.6         9207.88         10.5218  1943
  889         13416.3         9207.87         10.5212  1945
  890         13415.8         9207.72         10.5202  1947
  891         13415.2         9207.43         10.5194  1949
  892         13415.1         9206.56         10.5213  1951
  893         13414.5         9206.67         10.5196  1953
  894         13414.3         9206.53         10.5194  1955
  895         13413.8         9206.06         10.5194  1957
  896         13412.9         9204.97         10.5198  1959
  897           13412         9203.44         10.5213  1961
  898         13411.8         9203.23         10.5213  1965
  899         13411.4         9202.49         10.5222  1967
  900         13411.2         9202.27         10.5224  1969
  901           13411         9201.86         10.5229  1971
  902         13410.6         9200.82         10.5244  1973
  903         13410.2         9199.85         10.5258  1979
  904           13410         9199.28         10.5267  1983
  905         13409.4         9197.81          10.529  1985
  906         13409.2         9197.47         10.5293  1987
  907         13408.8         9196.95         10.5297  1989
  908         13408.7         9197.14         10.5289  1993
  909         13408.5         9197.01         10.5287  1995
  910         13408.2         9196.42         10.5294  1997
  911         13407.9         9195.96         10.5299  1999
  912         13407.6         9195.24          10.531  2001
  913         13407.3         9193.98         10.5332  2003
  914         13406.9         9192.96         10.5349  2005
  915         13406.6         9192.31         10.5358  2007
  916         13406.2         9190.62          10.539  2009
  917         13406.1         9189.14         10.5425  2011
  918         13405.9         9189.32         10.5414  2013
  919         13405.8         9189.29         10.5413  2015
  920         13405.7         9189.11         10.5416  2017
  921         13405.7         9188.97         10.5417  2019
  922         13405.4         9188.81         10.5415  2021
  923           13405         9188.84         10.5405  2023
  924         13404.5         9189.22         10.5382  2025
  925         13404.1          9190.3         10.5345  2027
  926         13403.9         9190.45         10.5337  2031
  927         13403.8         9190.47         10.5334  2033
  928         13403.6         9190.56         10.5326  2035
  929         13403.4         9190.69         10.5318  2037
  930         13403.3         9190.86         10.5312  2039
  931         13403.2         9190.94         10.5307  2041
  932         13403.1         9191.16         10.5299  2043
  933           13403         9191.49         10.5289  2045
  934           13403         9191.92         10.5278  2047
  935         13402.9         9191.87         10.5276  2049
  936         13402.9         9191.84         10.5276  2051
  937         13402.7         9191.81         10.5273  2053
  938         13402.6         9191.85         10.5268  2055
  939         13402.5         9192.07          10.526  2057
  940         13402.3         9192.19         10.5253  2059
  941         13402.2         9192.32         10.5248  2061
  942         13402.1         9192.58         10.5239  2063
  943         13401.9         9193.23         10.5217  2065
  944         13401.7         9193.86         10.5197  2067
  945         13401.6         9194.07         10.5187  2069
  946         13401.5         9193.93          10.519  2071
  947         13401.4         9193.73         10.5192  2073
  948         13401.2         9193.57         10.5192  2075
  949         13401.2         9192.95         10.5206  2077
  950           13401         9193.14         10.5196  2079
  951         13400.8         9193.25         10.5188  2081
  952         13400.5         9193.25         10.5181  2083
  953         13400.2         9193.18         10.5176  2085
  954         13400.2         9193.27         10.5173  2087
  955         13399.9         9193.25         10.5167  2089
  956         13399.9         9193.27         10.5165  2091
  957         13399.7         9193.35          10.516  2093
  958         13399.5         9193.63         10.5146  2095
  959         13399.1         9194.06         10.5126  2097
  960         13398.9         9195.09         10.5096  2099
  961         13398.3         9195.03         10.5082  2101
  962         13397.9         9195.05         10.5071  2103
  963           13397         9195.45         10.5038  2105
  964         13396.1         9196.26         10.4997  2107
  965         13395.9         9196.42         10.4986  2111
  966         13395.3         9197.21         10.4952  2113
  967         13394.8         9197.86         10.4923  2115
  968         13393.9         9199.23         10.4867  2117
  969         13393.4         9200.11         10.4833  2119
  970         13392.9         9200.37         10.4814  2121
  971         13392.8         9199.95          10.482  2123
  972         13392.5         9199.31          10.483  2125
  973         13392.1         9198.68         10.4835  2127
  974           13392         9197.79         10.4855  2129
  975         13390.7         9197.96         10.4819  2131
  976         13389.9         9198.42         10.4788  2133
  977         13389.2          9198.9         10.4757  2135
  978         13388.9         9198.92         10.4749  2139
  979         13388.3          9198.8         10.4738  2141
  980         13386.8         9197.71         10.4726  2143
  981         13384.4          9195.2          10.473  2145
  982         13382.9         9190.16         10.4817  2147
  983         13380.4         9188.18         10.4806  2149
  984         13379.7         9187.86         10.4796  2151
  985         13378.8         9186.77         10.4801  2153
  986         13378.2         9185.19         10.4824  2157
  987         13376.7         9183.37         10.4833  2159
  988         13373.2         9178.35          10.487  2161
  989         13372.4         9172.53         10.4997  2163
  990           13370          9172.5         10.4937  2165
  991         13369.3         9172.45          10.492  2167
  992         13367.4         9169.62         10.4944  2169
  993         13364.8         9166.18         10.4965  2171
  994           13362         9162.67         10.4984  2173
  995         13359.1         9152.82         10.5158  2175
  996         13357.9         9151.09          10.517  2179
  997         13357.4         9152.09         10.5134  2181
  998         13355.8         9152.38         10.5086  2183
  999         13351.8         9148.65         10.5079  2185
 1000         13350.4         9139.83         10.5264  2187
