    0      1.4731e+06      1.4731e+06               0  1
    1     1.19196e+06     1.19173e+06          47.298  7
    2          389687          387296         478.294  9
    3          309577          283430         5229.43  11
    4          221228          187111         6823.44  13
    5          172401          151510         4178.21  17
    6          116175          109350         1364.86  19
    7           76456         67010.8         1889.03  21
    8           62236         54284.7         1590.26  23
    9         52269.5         43559.1         1742.07  25
   10         47002.5         38710.4         1658.44  27
   11         38929.8           26805         2424.97  29
   12         32235.3         23078.7         1831.31  31
   13         30166.3         21772.4         1678.77  33
   14         27687.2         19528.1         1631.83  35
   15         26073.8         18418.1         1531.13  37
   16         24097.4         16942.2         1431.03  39
   17         23240.2         15965.3         1454.97  41
   18         21540.8         15200.1         1268.15  43
   19         20883.9         14729.8         1230.83  45
   20         20044.6         14262.2         1156.47  47
   21         19336.5         13883.5          1090.6  49
   22         18596.1         13636.8         991.854  51
   23         18108.5         13239.8         973.736  53
   24         17215.2         12561.2         930.794  55
   25           17053         12333.6         943.865  57
   26         16219.7         11811.3         881.679  59
   27         15827.7           11541         857.345  61
   28         15315.5         11209.8         821.147  63
   29         14474.3         10636.4         767.572  65
   30         13925.7            9781          828.93  67
   31         12517.5         9256.39         652.215  69
   32         11920.8         8837.96          616.56  71
   33         11330.8         8368.33         592.486  73
   34         11053.6         8383.81         533.959  75
   35         10310.7         7595.54         543.035  77
   36         9893.56         7294.69         519.774  79
   37         9529.03         7013.08         503.189  81
   38         9032.43         6587.06         489.074  83
   39         8795.92         6380.84         483.015  87
   40         8517.51         6188.51           465.8  89
   41         8281.35         6011.54         453.963  91
   42         8084.71         5870.09         442.924  93
   43         7842.63          5721.6         424.206  95
   44         7637.58         5629.52         401.612  97
   45         7457.36          5553.8         380.713  99
   46         7309.22         5498.75         362.092  101
   47         7133.23          5415.4         343.567  103
   48         6926.58         5269.48          331.42  105
   49         6740.97         5090.67          330.06  107
   50         6593.75         4933.22         332.106  109
   51         6472.19         4835.95         327.248  111
   52         6352.15         4747.46         320.938  113
   53         6230.58         4607.03         324.711  115
   54         6142.59         4558.13         316.891  117
   55         6079.39         4518.25         312.228  119
   56         5996.62         4458.35         307.653  121
   57         5877.48         4384.43         298.611  123
   58         5808.18         4309.85         299.666  125
   59         5669.52         4224.58         288.988  127
   60         5593.78         4165.66         285.624  129
   61         5543.65         4117.17         285.297  131
   62         5522.49         4081.42         288.213  133
   63         5426.33         4013.85         282.496  135
   64         5387.95         3987.75         280.039  137
   65         5336.96         3953.49         276.693  139
   66         5257.32          3907.6         269.946  141
   67         5217.36         3857.47         271.978  143
   68         5096.02         3783.26         262.552  145
   69         5050.75         3754.29         259.293  147
   70         4993.75         3704.74         257.803  149
   71         4962.12         3678.98         256.629  153
   72         4925.07         3642.55         256.504  155
   73         4888.93         3608.13          256.16  157
   74         4861.16         3584.08         255.414  159
   75         4819.11         3548.22         254.178  161
   76         4769.79          3508.7         252.217  163
   77          4720.7         3474.82         249.177  165
   78         4684.69         3448.71         247.196  167
   79         4658.86         3428.82         246.008  169
   80         4629.25         3408.64         244.123  171
   81            4613            3393             244  173
   82         4590.61         3375.28         243.067  175
   83         4578.73         3364.41         242.863  177
   84         4564.33          3350.8         242.707  179
   85         4540.52         3329.15         242.273  181
   86         4523.45         3309.45         242.799  183
   87         4503.49         3300.79          240.54  185
   88         4484.15         3295.73         237.684  187
   89         4467.83         3291.95         235.176  189
   90         4452.36         3291.64         232.144  191
   91         4429.06          3278.2         230.171  193
   92         4417.81         3270.59         229.444  195
   93         4403.77          3262.7         228.214  197
   94         4386.62         3254.23         226.478  199
   95         4374.31         3248.87         225.087  201
   96         4365.51         3240.82         224.938  203
   97         4349.44         3227.68         224.352  205
   98         4335.93         3217.16         223.755  207
   99         4330.32         3208.19         224.425  209
  100         4315.86         3197.93         223.586  211
  101         4310.84          3194.6         223.248  213
  102         4302.76         3187.61          223.03  215
  103         4291.63         3177.89         222.749  217
  104         4283.97         3165.43         223.707  219
  105         4273.75         3157.02         223.347  221
  106         4263.48         3147.41         223.214  223
  107         4254.48         3137.13          223.47  225
  108         4252.64         3129.16         224.696  227
  109         4243.15         3124.29          223.77  229
  110         4239.97         3122.88         223.417  231
  111         4234.47         3119.56         222.981  233
  112         4226.41         3114.04         222.473  235
  113         4221.71         3110.56         222.232  237
  114         4212.97         3103.85         221.823  239
  115         4208.81         3101.06          221.55  241
  116         4204.01         3097.88         221.226  243
  117          4203.2         3097.41         221.157  245
  118            4195         3092.57         220.486  247
  119         4191.78         3090.89         220.178  249
  120         4187.44         3088.37         219.816  251
  121         4181.55         3084.18         219.474  253
  122         4174.98         3078.56         219.284  255
  123         4167.92         3072.01         219.181  257
  124         4164.15         3070.06         218.819  259
  125         4158.72         3067.01         218.342  261
  126         4152.69         3062.82         217.974  263
  127         4146.43         3057.67         217.751  265
  128         4142.58         3054.22         217.671  267
  129         4138.66          3050.6         217.611  269
  130         4135.45         3047.38         217.615  271
  131         4131.82         3044.22         217.521  273
  132         4128.61         3041.63         217.397  275
  133         4123.36         3036.56         217.359  277
  134         4120.55          3033.7          217.37  279
  135         4117.51         3032.19         217.064  281
  136         4114.05         3030.21         216.768  283
  137         4110.88         3027.58         216.661  285
  138         4109.64         3025.08         216.912  287
  139         4104.63         3020.87         216.751  289
  140         4102.76         3019.06         216.739  291
  141          4100.5         3016.21         216.857  293
  142         4097.17         3012.16         217.002  295
  143         4093.93         3005.03         217.779  297
  144         4091.35         3003.37         217.596  299
  145         4088.82         3001.64         217.438  301
  146         4086.14         2998.77         217.475  303
  147         4082.75          2993.7         217.809  305
  148         4079.71         2990.56         217.831  307
  149         4076.27         2986.69         217.916  309
  150         4074.27         2984.08         218.038  311
  151         4072.04         2982.22         217.964  313
  152         4070.32         2980.66         217.932  315
  153         4068.55         2980.08         217.694  317
  154          4065.3         2978.53         217.352  319
  155         4064.76         2978.08         217.337  321
  156         4061.34         2976.86         216.896  323
  157         4060.11         2976.91          216.64  325
  158         4058.32         2977.38         216.188  327
  159         4055.73         2978.07         215.531  329
  160         4053.35         2980.31         214.609  331
  161         4051.39          2978.6         214.559  333
  162         4049.99         2977.78         214.443  335
  163         4048.76         2977.95         214.162  337
  164         4047.14         2977.88         213.852  339
  165         4045.75         2977.29         213.692  341
  166         4044.03          2976.2         213.566  343
  167         4042.69         2975.51         213.436  345
  168          4040.9         2973.12         213.557  347
  169         4039.54         2971.37         213.634  349
  170         4037.99          2968.9         213.816  351
  171         4036.51         2966.79         213.946  353
  172         4034.69         2964.22         214.095  355
  173         4033.46         2960.45         214.602  357
  174         4031.93         2957.65         214.856  359
  175         4031.17         2957.02         214.831  361
  176         4029.96         2954.65         215.061  363
  177         4029.11         2951.81          215.46  365
  178         4027.68         2949.43         215.651  367
  179         4026.45         2946.59         215.972  369
  180         4025.53         2944.14         216.279  371
  181         4024.46            2941         216.692  373
  182         4023.02          2939.2         216.764  375
  183         4020.49         2937.41         216.616  377
  184         4019.85         2937.55         216.461  379
  185         4018.56         2936.71          216.37  381
  186         4016.93         2935.67         216.252  383
  187         4015.05         2934.28         216.153  385
  188          4013.9          2933.8         216.019  387
  189         4012.61         2932.46         216.029  389
  190         4011.42         2931.71         215.942  391
  191         4010.46          2931.2         215.853  393
  192         4009.39         2930.53         215.772  395
  193         4008.03         2929.96         215.613  397
  194         4006.64         2928.57         215.614  399
  195         4004.48         2926.45         215.606  401
  196         4003.65         2924.53         215.824  403
  197         4002.53         2924.01         215.703  405
  198         4001.58         2923.45         215.627  407
  199         4000.81         2922.62         215.638  409
  200         3998.65         2919.99         215.732  411
  201         3997.11         2914.97         216.429  413
  202         3995.06         2913.02         216.409  415
  203         3994.03         2911.68          216.47  417
  204         3993.15         2910.16         216.597  419
  205         3991.84         2904.77         217.416  421
  206         3990.07         2902.25         217.563  423
  207         3989.15         2900.52         217.726  425
  208         3988.25         2898.13         218.023  427
  209         3986.81         2893.81         218.601  429
  210         3986.04         2887.59         219.689  431
  211         3984.08         2885.99         219.617  433
  212         3983.16         2884.89         219.654  435
  213         3982.21         2883.05         219.832  437
  214         3980.44         2878.27         220.435  439
  215         3978.75         2871.88         221.373  441
  216         3977.56          2869.9         221.534  443
  217         3976.45         2867.72         221.746  445
  218         3975.47         2865.05         222.085  447
  219          3973.8         2860.31         222.698  449
  220         3972.34         2857.33         223.002  451
  221         3970.73         2854.91         223.163  453
  222         3968.97         2852.46         223.303  455
  223         3967.68         2849.15         223.705  457
  224         3966.32         2848.51         223.563  459
  225         3965.36         2847.53         223.567  461
  226         3964.07         2845.45         223.724  463
  227         3962.73         2841.47         224.253  465
  228         3961.56         2839.78         224.355  467
  229         3959.95         2836.92         224.606  469
  230         3958.75         2834.21         224.908  471
  231         3957.19         2830.99         225.239  473
  232         3955.87         2827.89         225.596  475
  233         3954.64         2825.93         225.742  477
  234         3953.79         2825.56         225.645  479
  235         3952.05         2823.42         225.725  481
  236         3950.51         2821.22         225.858  483
  237         3949.47         2820.05         225.884  485
  238         3947.97            2817         226.196  487
  239         3947.17         2814.83         226.469  489
  240         3946.23         2813.39         226.567  491
  241         3944.95         2811.61         226.667  493
  242         3944.13         2810.91         226.644  495
  243         3942.92         2809.64         226.656  497
  244         3941.91         2807.15         226.952  499
  245         3939.88         2806.33         226.711  501
  246         3939.33          2806.3         226.606  503
  247         3938.07         2805.69         226.475  505
  248         3937.24         2804.62         226.523  509
  249         3936.36         2803.34         226.603  511
  250         3935.27         2801.02         226.849  513
  251         3934.64         2799.44         227.038  515
  252         3933.85         2798.26         227.118  517
  253         3932.34         2796.02         227.266  519
  254          3931.3         2794.73         227.313  521
  255         3930.02         2793.21         227.363  523
  256         3928.65         2791.63         227.404  525
  257         3927.81         2791.07         227.348  527
  258         3926.93         2790.52         227.282  529
  259         3926.05         2790.23         227.164  531
  260         3924.71         2790.33         226.876  533
  261         3923.66         2790.45         226.642  535
  262         3921.98          2790.6         226.277  537
  263         3920.78         2791.97         225.761  539
  264         3919.25         2790.78         225.695  541
  265         3918.41         2790.06         225.669  543
  266         3917.26         2789.96         225.461  545
  267         3915.85         2788.99         225.373  547
  268         3914.31         2788.59         225.144  549
  269         3912.17         2787.23          224.99  551
  270         3910.49         2785.53         224.992  553
  271         3907.99         2781.33         225.333  555
  272         3905.27         2773.66         226.322  557
  273         3902.04         2768.33         226.743  559
  274         3899.63         2765.81         226.764  561
  275         3895.12         2757.55         227.515  563
  276         3891.87         2745.47          229.28  565
  277         3887.31         2742.62         228.938  567
  278         3884.91         2742.42         228.499  569
  279         3881.93         2738.74         228.638  571
  280         3878.44         2732.07         229.275  573
  281         3874.32         2728.02          229.26  575
  282         3870.33         2722.65         229.537  577
  283         3866.24          2717.2         229.808  579
  284         3863.24         2711.08         230.434  583
  285         3859.75         2707.09         230.533  585
  286         3856.99         2704.29         230.542  587
  287         3854.38         2702.46         230.383  589
  288         3851.49         2699.39         230.419  591
  289         3848.46         2698.02         230.088  593
  290         3844.67         2694.83          229.97  595
  291         3841.04          2690.3         230.147  597
  292         3837.99         2685.61         230.476  599
  293         3835.61         2681.58         230.804  601
  294          3834.2         2679.83         230.875  603
  295         3832.52         2676.97         231.111  605
  296         3830.84         2672.95         231.579  607
  297         3828.85         2670.99         231.573  609
  298         3827.05         2668.21         231.768  611
  299         3825.57         2665.39         232.036  613
  300         3823.22          2660.4         232.563  615
  301         3820.79         2656.28         232.902  617
  302         3819.34            2652         233.467  619
  303         3816.94         2651.91         233.007  621
  304         3815.53         2652.44         232.617  623
  305         3813.38         2653.43         231.991  625
  306         3812.22         2652.94         231.855  627
  307         3809.15         2651.78         231.475  629
  308         3807.63         2650.34         231.458  631
  309         3806.37         2648.72         231.529  633
  310         3804.62         2647.04         231.515  635
  311         3802.39         2644.88         231.502  637
  312         3799.73            2643         231.346  639
  313         3796.82         2641.88         230.988  641
  314         3793.99         2640.32         230.733  643
  315         3792.06         2639.98         230.415  645
  316         3789.37         2639.89         229.897  647
  317         3788.19         2640.63         229.513  649
  318         3786.48         2639.03         229.491  651
  319         3784.74         2637.24         229.501  653
  320         3783.92          2636.6         229.465  659
  321            3782         2635.28         229.343  661
  322         3779.37         2632.58         229.358  663
  323         3778.01         2632.12         229.177  665
  324         3775.34          2631.7         228.728  667
  325         3773.75         2631.15          228.52  669
  326         3772.35          2630.2         228.429  671
  327         3769.64         2628.73         228.182  673
  328         3768.61          2628.4         228.043  675
  329         3767.31         2627.78         227.905  677
  330          3765.6          2626.7         227.781  679
  331         3764.52         2626.99         227.507  681
  332         3763.63         2626.34         227.458  683
  333         3761.78         2625.54         227.248  685
  334         3760.53         2624.98          227.11  687
  335         3758.95         2624.99         226.792  689
  336         3757.94         2624.13         226.762  691
  337         3757.26         2623.54         226.744  693
  338         3756.18         2622.72         226.691  695
  339         3754.89         2621.48         226.684  697
  340         3753.05         2620.01         226.608  699
  341         3751.49         2617.99           226.7  701
  342         3750.14         2617.04         226.621  703
  343         3749.04         2616.15         226.578  705
  344         3747.87         2615.81         226.413  707
  345         3746.38          2615.3         226.215  709
  346         3744.67            2615         225.934  711
  347         3743.53          2614.1         225.886  715
  348         3741.83         2613.45         225.676  717
  349         3739.86         2612.98         225.376  719
  350         3738.43         2612.68         225.149  721
  351         3736.79         2611.68         225.021  723
  352         3734.78         2610.67         224.822  725
  353          3733.2         2609.71         224.699  727
  354         3731.81         2609.75         224.412  729
  355         3729.67         2607.56         224.421  731
  356         3728.34         2606.38         224.391  733
  357          3726.6         2604.82         224.356  735
  358         3724.91         2604.07         224.167  737
  359         3722.27         2600.14         224.426  739
  360         3721.03          2599.3         224.345  741
  361         3719.58          2597.9         224.336  743
  362         3717.79         2595.32         224.492  745
  363         3715.58         2592.45         224.625  747
  364         3713.37         2590.55         224.564  749
  365         3712.24         2588.12         224.825  751
  366         3710.35         2588.11         224.448  753
  367         3709.24         2587.64          224.32  755
  368         3707.36         2586.06          224.26  757
  369         3705.75         2584.06         224.338  759
  370         3703.87         2580.88           224.6  761
  371         3702.63         2578.49         224.827  763
  372         3700.76         2574.55         225.241  765
  373         3699.75          2572.1         225.531  769
  374          3698.1         2570.04         225.611  771
  375         3695.78         2567.24         225.707  773
  376            3694         2564.34         225.932  775
  377         3692.25         2562.55         225.939  777
  378         3690.47         2561.09         225.876  779
  379         3688.65         2559.67         225.796  781
  380            3687         2557.77         225.845  783
  381          3685.8         2556.96         225.768  785
  382         3684.35          2555.8         225.709  787
  383         3683.19         2554.98         225.643  789
  384         3681.75          2553.7         225.608  791
  385         3680.37         2552.12         225.649  793
  386         3679.56         2551.12         225.688  795
  387         3677.77         2547.95         225.965  797
  388         3676.17         2544.77         226.278  799
  389         3675.01         2544.45         226.113  801
  390         3673.54         2543.07         226.092  803
  391         3672.13         2540.81         226.264  805
  392         3671.52         2537.25         226.854  807
  393         3669.04          2534.3         226.949  809
  394         3668.35         2533.67         226.935  811
  395         3667.34         2532.15         227.037  813
  396         3666.58         2530.24         227.269  815
  397         3665.27         2528.32          227.39  817
  398         3664.02         2526.07          227.59  819
  399         3662.84          2523.4         227.888  821
  400         3660.57         2518.37         228.439  823
  401         3659.05         2513.06         229.198  827
  402         3657.61         2510.58         229.405  829
  403         3656.38          2509.3         229.415  831
  404         3654.62         2506.68         229.587  833
  405         3652.46         2503.54         229.784  835
  406         3651.06         2503.12         229.589  837
  407         3649.27         2501.91         229.472  839
  408         3647.86         2502.08         229.155  841
  409         3646.16         2502.04         228.823  843
  410         3644.14         2500.37         228.753  845
  411         3641.89         2498.47         228.683  847
  412         3640.62         2496.74         228.776  849
  413         3638.79         2493.82         228.994  851
  414         3637.63         2490.86         229.355  853
  415         3635.02         2488.19         229.365  855
  416         3633.08         2486.19         229.378  857
  417         3631.41         2484.03         229.476  859
  418         3628.39         2479.46         229.787  861
  419         3625.19         2472.82         230.474  863
  420         3622.21         2470.15         230.413  865
  421         3619.94         2468.05         230.378  867
  422         3617.71         2465.14         230.514  869
  423         3615.61         2459.65         231.192  871
  424         3612.01         2455.45         231.314  873
  425         3610.04         2453.67         231.275  875
  426          3607.5          2450.7          231.36  877
  427         3603.42          2446.2         231.443  879
  428         3600.46         2441.37         231.817  883
  429         3596.23         2436.66         231.915  885
  430         3593.27         2434.28         231.798  887
  431         3590.31         2432.65         231.532  889
  432         3587.25         2430.51         231.348  891
  433         3582.79         2429.37         230.683  893
  434         3577.83         2427.99          229.97  895
  435         3572.95         2424.82         229.625  897
  436         3569.39         2422.32         229.413  899
  437         3566.34         2420.93         229.082  901
  438         3563.41         2419.52         228.778  903
  439         3560.25         2418.11         228.427  905
  440         3556.52         2415.71         228.162  907
  441         3551.79         2411.04         228.149  909
  442         3549.05         2406.74         228.462  911
  443         3544.24         2401.67         228.513  913
  444         3541.81         2398.87         228.587  915
  445         3539.37          2395.7         228.733  917
  446         3537.89         2390.94          229.39  919
  447         3533.87         2387.39         229.297  921
  448         3531.44         2384.98         229.293  923
  449         3528.49         2379.98         229.702  925
  450         3525.17         2373.43         230.348  927
  451         3522.22         2364.75         231.493  929
  452         3520.53         2364.36         231.234  931
  453         3518.63         2363.58         231.009  933
  454          3516.5         2361.61         230.977  935
  455         3513.01         2356.86          231.23  937
  456         3509.09         2352.72         231.275  939
  457         3505.24         2349.73         231.102  941
  458         3501.72         2348.45         230.653  943
  459         3498.73         2348.36         230.073  945
  460         3496.25         2347.21         229.808  947
  461         3493.04         2344.21         229.767  949
  462         3490.55         2341.26         229.859  951
  463         3488.44         2337.02         230.283  953
  464         3486.81         2334.78         230.405  955
  465         3485.25         2333.05          230.44  957
  466         3482.33         2329.71         230.525  959
  467         3478.74         2324.77         230.793  961
  468          3476.9         2317.62         231.856  963
  469         3472.48         2314.58         231.581  965
  470         3470.85         2313.36         231.499  967
  471         3468.79         2310.66         231.627  969
  472         3467.31         2308.52         231.757  973
  473          3465.1         2305.35          231.95  975
  474         3463.03         2301.99         232.209  977
  475         3461.08         2298.92         232.432  979
  476         3459.05         2295.95         232.621  981
  477         3456.88         2294.06         232.563  983
  478         3454.66         2289.81          232.97  985
  479         3451.76         2288.66         232.621  987
  480         3449.81         2287.79         232.403  989
  481         3447.86         2286.57         232.258  991
  482          3446.8         2285.12         232.335  995
  483         3445.34         2283.53         232.363  997
  484         3443.57         2281.22          232.47  999
  485         3442.54         2279.32         232.643  1001
  486         3441.51         2278.15         232.672  1003
  487         3440.04         2277.01         232.605  1005
  488         3438.17         2275.33         232.568  1007
  489         3436.41         2274.41           232.4  1009
  490         3435.16         2273.96          232.24  1011
  491         3433.71         2273.32         232.078  1013
  492         3432.77         2272.89         231.975  1015
  493         3431.74         2272.33         231.881  1017
  494          3430.4         2271.26         231.829  1019
  495         3429.58         2271.39         231.637  1021
  496         3428.84         2270.67         231.635  1023
  497         3427.98         2270.05         231.586  1025
  498         3427.14         2270.11         231.406  1027
  499         3426.03         2270.11         231.183  1029
  500         3424.96         2270.16          230.96  1031
  501         3424.06         2270.55         230.701  1033
  502         3423.08         2269.84         230.649  1035
  503         3422.43         2269.31         230.624  1037
  504         3421.31         2268.55         230.552  1039
  505         3420.35         2268.12         230.445  1041
  506         3419.03         2267.47         230.314  1043
  507         3418.22         2267.05         230.232  1045
  508         3417.17         2266.52          230.13  1047
  509         3416.63         2265.85         230.155  1049
  510         3415.48         2265.18          230.06  1051
  511         3414.64         2264.59          230.01  1053
  512         3414.06         2264.16         229.979  1055
  513         3413.21         2263.54         229.934  1057
  514         3412.01         2262.77         229.848  1059
  515         3411.09         2262.36         229.745  1061
  516         3410.09         2261.74         229.671  1063
  517         3409.47         2261.66          229.56  1065
  518         3408.64         2260.85         229.557  1067
  519         3407.93         2260.11         229.565  1069
  520         3407.36         2259.55          229.56  1071
  521         3406.45         2258.58         229.574  1073
  522         3405.34         2257.73         229.522  1075
  523         3404.75         2257.42         229.466  1077
  524         3404.06         2256.93         229.426  1079
  525         3403.37         2255.75         229.524  1081
  526         3402.46          2254.5         229.591  1083
  527         3401.53         2252.92         229.722  1085
  528         3400.64         2251.31         229.866  1087
  529         3400.14         2250.31         229.967  1091
  530         3399.57         2249.71         229.972  1093
  531         3398.61         2248.83         229.957  1095
  532         3397.81         2247.81             230  1097
  533         3396.89         2246.65         230.047  1099
  534         3395.73         2245.23         230.099  1101
  535         3394.54         2242.39         230.429  1103
  536         3393.57         2241.57           230.4  1105
  537          3392.9         2240.95          230.39  1107
  538         3392.09         2239.09           230.6  1109
  539         3391.32         2237.43         230.778  1111
  540         3390.61         2235.78         230.967  1113
  541         3389.15         2232.22         231.386  1115
  542         3387.75         2227.64         232.022  1117
  543         3386.44         2224.91         232.306  1119
  544          3385.5          2223.1         232.479  1121
  545         3384.87         2222.08         232.558  1123
  546          3384.3          2221.4         232.581  1125
  547         3383.33         2220.32         232.602  1127
  548         3381.79         2218.19          232.72  1129
  549         3381.11         2216.62         232.896  1133
  550         3380.02         2214.98         233.007  1135
  551         3379.23         2213.95         233.056  1137
  552         3378.56         2213.18         233.076  1139
  553         3377.89         2212.87         233.005  1141
  554         3377.14         2212.62         232.904  1143
  555          3375.8         2212.07         232.747  1145
  556         3375.47         2211.22         232.851  1147
  557         3373.57         2209.87         232.742  1149
  558         3372.94         2209.17         232.755  1151
  559         3372.22         2207.98         232.847  1153
  560         3371.69         2206.98         232.942  1155
  561          3370.8         2205.79         233.002  1157
  562         3370.06         2204.88         233.036  1159
  563         3369.38         2204.17         233.042  1161
  564         3367.72         2202.69         233.005  1163
  565         3366.67         2201.58         233.019  1165
  566         3364.77         2199.87         232.979  1167
  567         3364.05         2200.11         232.789  1169
  568         3362.81         2200.06         232.549  1171
  569         3362.32         2201.49         232.166  1173
  570         3360.64         2199.72         232.184  1175
  571         3359.74         2198.67         232.214  1177
  572         3359.06         2197.96          232.22  1179
  573         3357.99         2197.31         232.135  1181
  574          3356.7         2195.99         232.142  1183
  575         3355.75         2195.58         232.033  1185
  576         3354.32         2194.99         231.866  1187
  577         3352.98         2193.43         231.909  1189
  578         3351.37         2191.91         231.892  1191
  579         3349.82         2189.26         232.112  1193
  580         3349.04         2187.52         232.304  1195
  581         3348.18         2186.32         232.373  1197
  582         3347.34         2185.14          232.44  1199
  583         3346.61         2184.08         232.507  1201
  584         3345.36         2181.28         232.817  1203
  585          3343.9         2179.22         232.935  1205
  586         3342.74         2177.74             233  1207
  587         3341.05          2174.7         233.271  1209
  588         3340.14         2172.79         233.469  1213
  589         3339.05          2170.8          233.65  1215
  590          3337.8         2167.98         233.964  1217
  591         3337.27         2166.94         234.067  1219
  592         3336.65         2166.87         233.955  1221
  593         3335.87         2166.99         233.777  1223
  594          3335.2         2166.67         233.705  1225
  595         3333.09         2164.64         233.691  1227
  596         3332.25         2163.71         233.709  1231
  597         3330.68          2161.1         233.915  1233
  598         3329.63         2159.09         234.108  1235
  599         3328.75         2156.74         234.401  1237
  600         3327.83         2155.59         234.448  1239
  601         3326.59         2154.45         234.427  1241
  602         3325.79         2152.27         234.704  1243
  603         3324.59         2151.52         234.612  1245
  604         3323.62         2150.51         234.621  1247
  605         3322.73         2149.01         234.744  1249
  606         3320.95         2145.82         235.026  1251
  607         3320.19         2143.63         235.313  1255
  608         3319.09         2141.65         235.489  1257
  609         3318.02         2140.06         235.594  1259
  610         3316.58         2137.69         235.779  1261
  611         3315.61         2136.26         235.871  1265
  612         3314.37         2134.56         235.961  1267
  613         3312.98         2132.92         236.012  1269
  614         3311.96         2131.92         236.006  1271
  615         3310.29         2129.66         236.126  1273
  616         3308.56         2127.53         236.206  1275
  617         3307.11          2124.9         236.441  1277
  618         3305.82         2123.69         236.427  1279
  619         3304.64         2122.52         236.425  1281
  620         3302.79         2119.91         236.575  1283
  621         3300.87         2115.88         236.998  1285
  622         3299.57         2113.97          237.12  1287
  623         3298.06         2110.76          237.46  1289
  624         3297.54         2108.24         237.859  1291
  625         3296.49         2107.77         237.743  1293
  626         3295.52         2106.84         237.735  1295
  627          3294.7         2105.52         237.836  1297
  628         3292.99         2103.17         237.962  1299
  629          3291.6         2099.75          238.37  1303
  630         3289.51         2096.43         238.616  1305
  631          3288.1         2094.13         238.794  1307
  632         3286.52         2090.33         239.237  1309
  633            3285         2086.87         239.627  1311
  634         3283.74            2084         239.947  1313
  635         3282.75         2082.98         239.955  1315
  636         3281.43         2081.26         240.035  1317
  637          3280.3         2078.51         240.357  1319
  638         3278.96         2076.63         240.466  1321
  639         3277.38         2073.37         240.801  1323
  640         3276.03         2070.27         241.153  1325
  641         3274.95         2066.71         241.648  1329
  642         3273.56         2062.79         242.155  1331
  643         3272.92            2062         242.185  1333
  644         3271.73         2060.39         242.269  1335
  645         3270.36          2058.4         242.392  1337
  646         3268.99         2056.83         242.432  1339
  647         3267.61         2054.87         242.547  1341
  648          3266.6         2053.18         242.683  1343
  649          3265.1         2050.31         242.956  1345
  650         3263.98         2047.97         243.201  1347
  651         3262.89         2047.07         243.165  1349
  652         3261.85          2046.2          243.13  1351
  653         3260.94         2044.82         243.223  1353
  654         3259.91         2043.09         243.365  1355
  655         3258.86         2041.33         243.507  1357
  656         3257.68         2039.28         243.679  1359
  657         3256.44         2036.69         243.949  1361
  658         3255.91         2033.06          244.57  1363
  659         3254.37          2031.9         244.495  1365
  660         3253.85         2031.65          244.44  1367
  661          3253.1         2030.49         244.522  1369
  662         3252.26         2029.28         244.597  1371
  663         3251.32         2027.86         244.691  1373
  664         3250.35         2026.33         244.806  1375
  665         3249.62         2025.55         244.815  1377
  666         3248.89         2023.84         245.011  1379
  667         3247.51         2023.28         244.846  1381
  668         3246.78         2023.41         244.675  1383
  669         3245.74         2023.49         244.449  1385
  670         3244.88         2023.77         244.221  1387
  671            3244         2022.82         244.236  1389
  672         3242.95         2021.52         244.287  1391
  673          3242.3         2021.02         244.256  1393
  674            3241         2019.54         244.292  1395
  675         3239.92         2019.16         244.152  1397
  676         3239.06         2018.79         244.054  1399
  677         3237.91         2018.63         243.855  1401
  678         3236.96         2018.37         243.718  1403
  679          3235.5         2018.48         243.404  1405
  680         3234.54         2018.55         243.199  1407
  681         3233.64         2018.19         243.091  1409
  682         3232.81         2018.16         242.929  1411
  683         3231.87         2018.25         242.725  1413
  684         3230.75         2019.33         242.284  1415
  685         3229.43          2018.9         242.106  1417
  686         3228.35         2018.68         241.933  1419
  687         3227.61         2018.99         241.725  1421
  688         3226.77         2019.32          241.49  1423
  689         3225.86         2019.54         241.263  1425
  690         3224.04         2020.41         240.726  1427
  691         3223.18         2020.97         240.441  1431
  692         3222.28         2020.82         240.293  1433
  693         3220.36         2020.46         239.978  1435
  694         3219.88          2021.4         239.695  1437
  695         3218.46         2019.92         239.708  1439
  696         3217.51         2019.04         239.695  1441
  697         3216.12         2018.24         239.576  1443
  698         3214.87          2018.2         239.334  1445
  699         3213.07         2017.19         239.178  1447
  700         3212.09         2016.82         239.054  1449
  701         3210.93         2016.45         238.897  1451
  702         3209.59         2016.23         238.672  1453
  703         3207.74         2014.86         238.575  1455
  704          3206.4         2014.23         238.434  1457
  705         3205.26         2013.92         238.268  1459
  706         3203.77         2013.96          237.96  1461
  707         3201.95         2013.11          237.77  1463
  708         3200.95         2012.73         237.643  1465
  709         3199.85         2012.46         237.478  1467
  710         3197.99         2012.34         237.131  1469
  711         3195.95         2011.95           236.8  1471
  712         3193.78         2011.15         236.526  1473
  713         3192.21         2010.76          236.29  1475
  714         3191.46         2011.07         236.077  1477
  715         3190.58         2010.62         235.991  1479
  716         3189.82         2010.29         235.906  1481
  717          3188.7         2010.07         235.726  1483
  718         3186.96         2010.08         235.375  1485
  719         3185.49         2009.91         235.115  1487
  720         3183.98         2009.23          234.95  1489
  721         3182.87         2008.83         234.809  1491
  722         3181.74         2008.52         234.644  1493
  723         3181.33         2009.73          234.32  1495
  724         3179.47         2007.93         234.307  1497
  725         3178.84         2007.54          234.26  1499
  726         3177.91         2007.37         234.109  1501
  727         3176.65         2007.05         233.921  1503
  728         3175.18         2006.73          233.69  1505
  729         3174.06         2006.42         233.528  1507
  730         3172.97         2006.18         233.358  1509
  731         3172.12         2006.07          233.21  1511
  732         3171.45         2005.71         233.147  1513
  733         3170.08         2005.38          232.94  1515
  734         3169.85         2006.33         232.704  1517
  735         3168.79         2005.19          232.72  1519
  736         3168.06         2004.73         232.666  1521
  737         3167.26         2004.43         232.565  1523
  738         3166.32         2003.95         232.474  1525
  739         3165.74         2003.68         232.412  1529
  740         3164.72         2002.92         232.359  1531
  741         3164.12          2002.7         232.284  1533
  742         3163.24         2002.36         232.176  1535
  743         3162.42         2002.56         231.973  1537
  744         3161.71         2002.31         231.879  1539
  745         3160.69          2001.9         231.757  1541
  746         3159.96         2001.63         231.666  1543
  747         3159.28         2001.19         231.618  1545
  748         3158.06         2000.33         231.545  1547
  749         3157.62         2000.08         231.507  1551
  750         3157.26         1999.77         231.497  1553
  751         3156.64          1999.5         231.428  1555
  752         3156.01         1999.39         231.323  1557
  753         3155.22          1999.5         231.144  1559
  754         3154.38         1999.17         231.042  1561
  755         3153.39         1998.92         230.894  1563
  756         3152.88         1998.57         230.861  1565
  757         3152.34         1998.16         230.836  1567
  758         3151.67         1997.76         230.782  1569
  759         3151.17         1997.39         230.757  1571
  760         3150.41         1997.26         230.631  1573
  761         3149.67         1997.03         230.529  1575
  762         3148.97         1996.74         230.446  1577
  763         3148.41         1996.87         230.308  1579
  764         3147.84         1996.74         230.219  1581
  765         3147.16         1996.47         230.138  1583
  766         3146.66         1996.68         229.996  1585
  767         3146.16         1996.34         229.964  1587
  768         3145.74         1996.08         229.933  1589
  769         3145.03         1996.07         229.793  1591
  770         3144.68          1996.2         229.696  1595
  771         3144.26         1996.35         229.583  1597
  772         3143.65         1996.67         229.396  1599
  773         3143.17         1997.63         229.108  1601
  774         3142.59         1997.52         229.015  1603
  775         3142.22         1997.41         228.961  1605
  776          3141.7         1997.55         228.831  1607
  777         3141.42         1997.78         228.728  1609
  778         3140.76          1997.7         228.613  1611
  779         3140.38         1997.68         228.541  1613
  780         3140.01         1997.56         228.489  1615
  781         3139.66         1997.53         228.427  1617
  782         3139.12         1996.89         228.448  1619
  783         3138.84         1996.44         228.481  1621
  784         3138.57         1996.01          228.51  1623
  785         3137.98         1995.22         228.552  1625
  786         3137.61         1994.88         228.545  1629
  787         3137.13         1994.28         228.569  1631
  788          3136.8         1994.01         228.558  1633
  789          3136.4         1993.68         228.546  1635
  790         3136.04         1993.34         228.539  1637
  791         3135.74         1993.21         228.507  1639
  792         3135.23         1992.94         228.459  1641
  793         3134.87         1992.88         228.398  1643
  794         3134.56         1992.83         228.346  1645
  795          3134.4         1993.32         228.216  1647
  796         3133.81         1993.03         228.157  1649
  797         3133.72         1992.97          228.15  1651
  798         3133.42         1992.97          228.09  1653
  799         3133.16         1993.32         227.966  1655
  800          3132.8          1993.3           227.9  1657
  801         3132.44         1993.38         227.811  1659
  802         3132.03         1993.57         227.693  1661
  803          3131.8         1993.96         227.567  1665
  804         3131.44          1994.1         227.468  1667
  805         3131.09         1994.25         227.368  1669
  806         3130.72         1994.48         227.248  1671
  807         3130.43         1994.57         227.171  1673
  808         3130.22         1994.39         227.165  1675
  809            3130         1994.34         227.134  1677
  810         3129.78         1994.39         227.078  1679
  811         3129.36         1995.23         226.827  1681
  812         3128.94         1995.55         226.677  1683
  813         3128.61         1995.84         226.556  1685
  814         3128.41         1996.48         226.386  1687
  815         3128.17         1996.49         226.336  1689
  816         3128.05         1996.36         226.337  1691
  817         3127.64         1996.18         226.292  1693
  818         3127.37         1996.57         226.159  1695
  819         3126.93         1996.49         226.088  1697
  820         3126.49         1996.71         225.956  1699
  821         3126.23         1996.94         225.857  1701
  822         3126.02         1997.19         225.766  1705
  823         3125.71         1997.25         225.691  1707
  824         3125.37         1997.24         225.626  1709
  825            3125         1997.25         225.551  1711
  826         3124.68         1997.42         225.451  1713
  827         3124.23         1997.22         225.401  1715
  828         3123.86         1997.14         225.343  1717
  829         3123.55         1997.01         225.308  1719
  830         3123.29         1997.09         225.241  1723
  831          3122.9         1996.79         225.222  1725
  832         3122.54         1996.42         225.224  1727
  833         3122.25         1996.32         225.186  1729
  834         3121.97         1996.15         225.165  1731
  835         3121.59         1996.15         225.089  1733
  836         3121.31         1996.31             225  1735
  837         3121.04         1996.46         224.916  1739
  838         3120.64         1996.62         224.803  1741
  839         3120.33         1996.67         224.732  1743
  840         3119.93         1996.46         224.694  1745
  841         3119.55         1996.32         224.645  1747
  842          3119.3         1996.05         224.649  1749
  843         3119.08          1995.7         224.676  1755
  844         3118.88         1995.52         224.671  1757
  845         3118.63         1995.43          224.64  1759
  846         3118.36         1995.41         224.589  1761
  847         3118.15         1995.46         224.538  1763
  848         3117.94         1995.47         224.494  1765
  849         3117.79         1995.52         224.454  1767
  850         3117.56         1995.34         224.444  1769
  851         3117.33          1995.1         224.444  1771
  852         3117.19         1994.94         224.449  1773
  853         3116.86         1994.84         224.405  1775
  854         3116.65         1994.46         224.439  1777
  855         3116.43         1994.49         224.388  1779
  856         3116.26         1994.61          224.33  1781
  857         3116.09         1994.73         224.271  1783
  858         3115.83         1995.06         224.155  1785
  859         3115.48         1995.01         224.094  1787
  860         3115.25         1994.93         224.063  1789
  861         3115.13         1994.94         224.038  1791
  862         3114.91         1995.13         223.956  1793
  863         3114.72         1995.27         223.892  1797
  864         3114.39          1995.7         223.739  1799
  865         3114.05         1996.13         223.583  1801
  866         3113.75         1996.64         223.422  1803
  867         3113.44         1996.78         223.332  1805
  868         3113.23         1996.59         223.327  1807
  869         3112.93          1996.4         223.306  1809
  870         3112.65         1996.51         223.228  1811
  871         3112.43         1996.57         223.173  1813
  872         3112.07         1996.86         223.042  1815
  873         3111.89            1997         222.978  1817
  874          3111.6         1996.85          222.95  1819
  875         3111.08         1996.55         222.907  1821
  876         3110.77         1996.25         222.905  1823
  877         3110.69         1996.11         222.917  1825
  878         3110.09         1995.52         222.915  1827
  879         3109.85          1995.3         222.909  1829
  880         3109.48         1994.97         222.901  1831
  881         3109.05         1994.56         222.897  1833
  882         3108.72         1994.16         222.911  1835
  883         3108.37         1993.91         222.891  1837
  884         3108.12         1993.81         222.862  1839
  885         3107.76         1993.59         222.836  1841
  886         3107.52         1993.49         222.807  1845
  887         3107.13         1993.11         222.804  1847
  888         3106.74         1992.64          222.82  1849
  889         3106.34         1992.17         222.834  1851
  890         3106.19         1991.71         222.897  1853
  891         3105.68         1991.48          222.84  1855
  892         3105.52         1991.57         222.789  1857
  893         3105.32         1991.74         222.715  1859
  894         3104.92         1992.02         222.581  1861
  895         3104.36         1992.78         222.315  1863
  896         3103.93         1992.99         222.188  1865
  897         3103.62         1992.56         222.213  1867
  898          3103.4         1992.25          222.23  1869
  899         3103.17         1992.04         222.227  1871
  900            3103          1991.6         222.279  1873
  901         3102.45         1991.24         222.242  1875
  902         3102.23         1991.15         222.216  1877
  903         3101.96            1991         222.192  1879
  904         3101.88         1991.09         222.159  1881
  905         3101.44         1990.68         222.153  1883
  906         3101.24          1990.5         222.149  1885
  907         3101.04         1990.29          222.15  1887
  908         3100.75         1989.95          222.16  1889
  909         3100.49         1989.51         222.196  1893
  910         3100.14         1989.01         222.226  1895
  911         3099.89         1988.73         222.231  1897
  912         3099.55         1988.28         222.255  1899
  913         3099.26         1987.89         222.273  1901
  914            3099         1987.79         222.242  1903
  915         3098.64         1987.57         222.214  1905
  916         3098.31          1987.4         222.181  1907
  917          3097.9         1986.88         222.204  1909
  918         3097.68         1986.48         222.239  1911
  919         3097.44         1986.31         222.226  1913
  920         3097.26         1986.15         222.222  1915
  921         3097.04          1985.9         222.229  1917
  922         3096.75         1985.51         222.246  1919
  923         3096.45         1985.17         222.256  1921
  924         3096.12         1984.86         222.252  1923
  925         3095.83         1984.62         222.242  1925
  926         3095.44         1984.28         222.232  1927
  927         3095.11         1984.29         222.164  1929
  928         3094.77         1984.22          222.11  1931
  929          3094.5          1984.3         222.041  1933
  930         3094.24         1984.36         221.977  1935
  931         3093.95         1984.18         221.956  1937
  932         3093.48         1983.98         221.898  1939
  933         3093.27         1983.86         221.883  1943
  934            3093         1983.75         221.849  1945
  935         3092.61         1983.76         221.769  1947
  936         3092.49         1983.77         221.744  1949
  937         3092.28         1983.72         221.711  1951
  938          3092.1         1983.76         221.669  1953
  939         3091.85          1983.8         221.609  1955
  940         3091.34         1983.89          221.49  1957
  941         3091.01         1983.69         221.463  1961
  942         3090.43         1983.45         221.395  1963
  943         3089.85         1983.07         221.356  1965
  944         3089.57         1982.79         221.356  1967
  945         3089.33         1982.65         221.336  1969
  946         3089.15         1982.61         221.309  1971
  947         3088.85         1982.71         221.229  1973
  948          3088.5         1982.79         221.142  1975
  949            3088         1982.86         221.029  1977
  950         3087.46            1983         220.892  1979
  951         3086.99         1982.68         220.861  1981
  952         3086.67          1982.3         220.873  1983
  953         3086.35         1982.21          220.83  1985
  954         3085.98          1981.8         220.836  1987
  955         3085.58         1981.44          220.83  1989
  956          3085.2         1981.17         220.805  1991
  957         3084.79         1980.66         220.825  1993
  958          3084.4         1980.53         220.774  1995
  959         3084.11         1980.43         220.737  1997
  960         3083.73         1980.36         220.674  1999
  961         3083.34         1980.54         220.559  2001
  962         3082.76         1980.29         220.493  2003
  963         3082.29         1980.25         220.408  2005
  964         3082.05         1980.29         220.353  2007
  965         3081.72         1980.24         220.296  2009
  966         3081.11         1980.19         220.185  2011
  967         3080.83         1980.15         220.136  2013
  968         3080.33         1979.92         220.082  2015
  969         3080.13         1979.86         220.053  2017
  970         3079.86          1979.8         220.011  2019
  971         3079.36         1979.95         219.882  2021
  972         3078.74         1979.69          219.81  2023
  973         3078.23         1979.26         219.793  2025
  974         3077.79         1978.95         219.767  2027
  975         3077.48         1978.58          219.78  2029
  976         3077.01            1978         219.802  2031
  977         3076.57          1977.5         219.814  2033
  978         3076.22         1976.74         219.896  2035
  979         3075.93         1976.58         219.869  2037
  980         3075.63         1976.47         219.833  2039
  981         3075.16         1976.09         219.815  2041
  982         3074.69         1975.78         219.782  2043
  983         3074.26         1975.33         219.786  2045
  984         3073.63         1974.64         219.796  2047
  985         3073.36         1974.35         219.803  2049
  986            3073         1974.04         219.792  2051
  987         3072.29         1973.66         219.726  2053
  988         3071.91         1973.43         219.697  2055
  989         3071.42         1973.17         219.651  2057
  990         3070.59         1972.62         219.594  2059
  991         3070.35         1972.21         219.627  2061
  992         3069.91          1971.8         219.622  2063
  993         3069.62         1971.43         219.637  2065
  994         3069.33         1970.99         219.668  2067
  995         3069.01         1970.39         219.724  2069
  996         3068.68         1970.04         219.729  2071
  997         3068.33         1969.65         219.735  2073
  998            3068         1969.26         219.747  2075
  999         3067.32         1968.42          219.78  2077
 1000         3066.63         1966.73          219.98  2079
