    0      1.4731e+06      1.4731e+06               0  1
    1     1.19409e+06     1.19173e+06          47.298  7
    2          923862          784092         2795.39  11
    3          470425          468953         29.4314  13
    4          430591          429041         30.9948  15
    5          420961          413645         146.315  19
    6          403453          399427         80.5311  21
    7          356942          353942         59.9916  23
    8          271591          250569         420.447  27
    9          238889          224880         280.174  31
   10          198816          185914         258.044  33
   11          167960          145116         456.876  37
   12          156873          144499         247.468  39
   13          138731          125890         256.828  41
   14          134127          122063         241.267  45
   15          128604          116793         236.208  47
   16         99570.6         86557.9         260.255  49
   17         96281.9         83778.7         250.064  53
   18           91507           78487         260.401  55
   19         84654.3         70055.5         291.976  57
   20         82468.4           67144         306.488  61
   21         79979.5         65211.7         295.356  63
   22         78599.1         64025.4         291.474  65
   23         73932.2         60130.4         276.036  67
   24         67980.2         53580.1         288.002  69
   25         63734.5         48592.4         302.843  71
   26         60647.2         47486.8         263.208  73
   27         59854.5         46957.3         257.946  75
   28         58102.3         45524.6         251.553  77
   29         56294.5         42857.7         268.735  81
   30         53641.3         40792.7         256.972  83
   31         47754.3         35215.4         250.778  85
   32         46713.9         34653.8         241.202  89
   33         46013.2         34115.7         237.951  91
   34         42261.5         30575.1         233.728  93
   35         38045.4         27983.8         201.231  95
   36         35750.5         26237.1         190.266  97
   37         33998.6         24645.4         187.064  99
   38         32436.7         23428.5         180.165  101
   39         29634.2         21156.1         169.562  103
   40         28722.5         20639.3         161.663  107
   41         27605.7           20132         149.475  109
   42         26398.4         19537.6         137.217  111
   43           25270         19121.8         122.964  113
   44         24441.9         18712.3         114.592  115
   45         23943.6         18287.9         113.113  117
   46         23658.4         17992.5         113.317  119
   47         23170.9         17893.8         105.542  121
   48         22637.1         17642.5         99.8932  123
   49         22157.6         17440.4         94.3458  125
   50         21626.2         17120.8         90.1074  127
   51         20991.7           16970         80.4333  129
   52         20270.3         16546.7         74.4734  131
   53         19784.1         16172.1          72.241  133
   54         19453.9         15975.5         69.5695  135
   55         19198.2         15823.9         67.4852  137
   56         18641.2           15410         64.6248  139
   57         18246.8         15182.5         61.2871  141
   58         17855.7         14933.6         58.4416  143
   59         17374.8         14491.2         57.6718  145
   60         17145.5         14302.7          56.856  149
   61           16976         14189.4         55.7328  151
   62         16724.9         13992.5         54.6475  153
   63         16449.2         13770.6         53.5712  155
   64         16153.6         13586.3         51.3461  157
   65         15835.1         13316.5         50.3711  159
   66         15661.2         13030.3         52.6188  161
   67         15399.5         12885.3         50.2843  163
   68         15010.7         12508.1         50.0524  165
   69         14757.2           12253         50.0848  167
   70           14622         12054.8         51.3436  171
   71         14402.8         11904.4         49.9677  173
   72         14094.6         11644.2         49.0081  175
   73         13840.2         11386.7         49.0714  177
   74         13754.3         11216.2         50.7623  179
   75         13583.5           11209         47.4905  181
   76         13491.8         11167.9         46.4781  183
   77         13360.1         11091.4          45.374  185
   78         13165.4         10912.9         45.0511  187
   79         12949.3         10731.6         44.3551  189
   80         12794.3         10562.4         44.6374  191
   81         12673.8         10416.4         45.1487  193
   82           12619         10311.7          46.146  195
   83         12526.6         10264.6         45.2391  197
   84         12333.4         10084.3         44.9826  199
   85         12190.2         9933.48         45.1337  201
   86         12079.7         9691.94         47.7546  203
   87         11905.8         9569.47         46.7273  205
   88         11791.4         9449.95         46.8296  207
   89           11682         9324.02          47.159  209
   90         11623.5         9194.85         48.5735  211
   91           11482         9148.79         46.6648  213
   92         11343.5         9038.99         46.0908  215
   93         11235.1         8936.51          45.972  217
   94         11114.5         8806.73         46.1562  219
   95         10967.5         8646.45         46.4201  221
   96         10882.9          8602.5         45.6083  223
   97         10813.5         8580.29         44.6636  225
   98         10753.9         8547.47         44.1284  227
   99         10676.6         8488.41         43.7633  229
  100         10571.3         8262.29         46.1795  231
  101           10530         8207.78         46.4449  233
  102         10492.5         8229.54         45.2586  235
  103         10471.9         8220.03         45.0369  237
  104         10383.9         8154.96         44.5786  239
  105         10306.9         8094.62         44.2464  241
  106           10271         8040.76         44.6045  245
  107         10183.8         7959.53         44.4851  247
  108         10089.2         7822.72         45.3302  249
  109         10003.9         7661.35         46.8515  251
  110         9926.85         7561.93         47.2984  253
  111          9881.4         7559.93         46.4293  255
  112         9820.66         7555.23         45.3085  257
  113         9784.56         7548.51         44.7211  261
  114         9735.47         7517.48         44.3597  263
  115         9552.67         7299.34         45.0666  265
  116          9504.5          7115.7         47.7759  267
  117         9412.27         7054.41         47.1572  269
  118          9373.5         7006.03         47.3493  271
  119          9342.1         6960.83         47.6255  273
  120         9285.64         6840.58         48.9011  275
  121         9215.38         6767.15         48.9645  277
  122         9166.92         6730.34         48.7315  279
  123         9137.63         6714.94         48.4538  281
  124         9096.01         6699.72         47.9259  283
  125         9031.79         6666.01         47.3157  285
  126         8987.27         6595.87         47.8281  287
  127         8919.85         6581.77         46.7618  289
  128         8903.04          6567.7         46.7069  291
  129         8868.42         6533.08         46.7067  293
  130         8848.57         6506.44         46.8426  297
  131         8816.74         6478.99         46.7551  299
  132         8786.27         6442.22         46.8809  301
  133         8766.76         6408.23         47.1705  303
  134          8743.6         6391.25         47.0471  305
  135          8723.3         6378.37         46.8986  307
  136         8689.29         6356.91         46.6476  309
  137         8672.35         6339.66         46.6538  313
  138         8644.54         6323.24          46.426  315
  139         8610.84         6297.39          46.269  317
  140         8594.36         6263.84         46.6104  319
  141         8563.65         6251.42         46.2445  321
  142         8540.18         6232.33         46.1569  323
  143         8524.69         6218.69           46.12  325
  144         8515.72         6183.03         46.6538  327
  145          8487.3         6176.91         46.2078  329
  146          8465.4         6157.63         46.1555  331
  147         8450.58          6138.1         46.2495  333
  148          8429.8         6113.21         46.3318  335
  149         8396.69          6089.2         46.1497  337
  150         8364.57         6068.89         45.9134  339
  151          8350.8         6054.36         45.9287  341
  152         8332.78          6052.2         45.6116  343
  153         8318.64         6048.97         45.3935  345
  154         8301.56         6040.34         45.2243  347
  155         8292.64          6026.4         45.3247  349
  156         8274.14         6020.83         45.0662  351
  157         8266.35         6012.58         45.0754  353
  158         8254.24          5999.9          45.087  355
  159         8243.02         5983.96         45.1813  357
  160         8224.01         5970.33         45.0735  359
  161         8189.24          5933.5         45.1147  361
  162         8178.33         5912.32         45.3202  363
  163         8166.35         5902.74         45.2722  365
  164         8155.13         5893.85         45.2255  367
  165         8142.56         5884.51          45.161  369
  166         8134.67         5871.75         45.2586  371
  167         8122.02         5866.64         45.1076  373
  168         8109.46         5854.12         45.1069  375
  169          8096.9         5840.24         45.1331  377
  170         8085.38         5806.45         45.5787  379
  171         8064.88         5792.59         45.4458  381
  172         8048.61          5768.1         45.6101  383
  173         8040.27         5750.01         45.8054  385
  174         8036.16         5730.82         46.1067  387
  175         8025.05         5726.33         45.9745  389
  176         8011.83          5715.3         45.9304  391
  177         7999.39         5702.92         45.9295  393
  178         7983.38         5684.36         45.9803  395
  179         7977.25         5674.42         46.0566  399
  180         7958.81         5646.52         46.2458  401
  181         7948.83         5631.74         46.3418  403
  182         7934.86         5613.45         46.4281  405
  183         7924.27         5594.14         46.6026  407
  184         7915.36         5593.78         46.4316  409
  185         7907.21         5592.02         46.3038  411
  186         7904.38         5583.43         46.4189  413
  187          7896.5         5579.32         46.3436  415
  188         7886.92         5565.22         46.4339  417
  189         7877.99         5545.86         46.6426  419
  190         7869.48         5529.29         46.8037  421
  191         7861.92         5509.68         47.0447  423
  192         7855.91         5511.43         46.8896  425
  193         7848.23         5515.71         46.6502  427
  194         7846.51         5511.91         46.6921  429
  195         7840.36         5516.19         46.4835  431
  196         7837.11         5515.46         46.4328  433
  197         7830.31          5509.9         46.4082  435
  198         7824.03         5502.94         46.4218  437
  199         7820.63         5493.08         46.5509  439
  200         7815.13         5492.91         46.4444  441
  201         7811.55         5491.92         46.3925  443
  202            7808         5489.71         46.3657  445
  203          7802.4         5486.54         46.3173  447
  204         7798.49         5483.11         46.3075  449
  205         7794.35         5480.88         46.2695  451
  206         7788.59         5475.06         46.2707  453
  207         7782.68         5469.32         46.2671  455
  208         7776.38         5463.43          46.259  457
  209         7772.36         5458.79         46.2713  461
  210         7767.22         5454.78         46.2488  463
  211         7761.62         5449.08         46.2509  465
  212         7756.69         5442.71         46.2796  467
  213         7753.24         5442.13         46.2221  469
  214         7750.31         5441.22         46.1818  471
  215         7745.43         5438.92         46.1302  473
  216         7739.41         5432.39         46.1404  475
  217         7732.72         5423.21           46.19  477
  218         7729.93         5417.15         46.2557  479
  219         7726.93         5412.84         46.2819  481
  220         7721.89            5406         46.3179  483
  221         7718.96          5403.1         46.3171  485
  222         7714.65          5400.2          46.289  487
  223         7708.85            5397          46.237  489
  224            7704         5395.92         46.1616  491
  225         7701.95         5394.07         46.1576  493
  226          7696.8         5393.87         46.0585  495
  227         7693.33         5392.58         46.0149  497
  228         7689.41         5391.71         45.9539  499
  229          7683.6         5390.15         45.8689  501
  230         7680.04         5389.21         45.8166  505
  231         7673.11         5386.19         45.7384  507
  232         7668.99         5382.93         45.7211  509
  233         7665.99         5378.22         45.7554  511
  234         7660.83         5377.15         45.6736  513
  235         7656.85         5375.46         45.6278  515
  236         7652.28         5372.64         45.5927  517
  237         7647.17         5367.03         45.6028  519
  238         7639.79          5359.7         45.6019  521
  239         7634.68         5354.84         45.5966  523
  240         7632.03         5354.18         45.5569  525
  241         7629.65         5354.96         45.4938  527
  242         7627.77         5355.14         45.4527  529
  243         7619.84         5358.32         45.2305  531
  244         7616.45         5361.47         45.0995  533
  245         7613.36         5358.69         45.0933  535
  246         7608.43         5353.95         45.0896  537
  247         7603.86         5349.33         45.0904  539
  248         7601.03         5346.84         45.0838  541
  249          7598.3         5346.55         45.0351  543
  250          7595.6         5346.68         44.9783  545
  251         7592.48         5347.68          44.896  547
  252         7589.64         5348.93         44.8141  549
  253          7585.8          5348.6         44.7441  551
  254          7581.6         5346.13         44.7096  553
  255         7577.24         5343.68         44.6713  555
  256         7573.17         5340.78         44.6479  557
  257         7567.08         5338.12         44.5792  559
  258         7561.62         5333.62           44.56  561
  259         7556.29         5329.48         44.5361  563
  260         7553.72         5327.46         44.5253  565
  261         7551.74          5327.7         44.4807  567
  262         7547.93         5327.53         44.4078  569
  263         7544.36         5327.82         44.3309  571
  264         7542.63         5327.68         44.2991  573
  265         7537.99         5325.96         44.2407  575
  266         7534.27         5322.65         44.2326  577
  267         7532.29         5320.83         44.2292  579
  268          7530.3         5319.48         44.2165  583
  269         7526.47         5318.26         44.1642  585
  270         7520.51         5319.07         44.0289  587
  271          7517.2         5321.02         43.9235  589
  272         7513.49         5324.59          43.778  591
  273         7509.72         5325.23         43.6898  593
  274         7506.91         5325.94         43.6194  597
  275         7503.36         5325.96          43.548  599
  276         7501.74         5325.39          43.527  601
  277         7497.87         5323.25         43.4924  603
  278         7494.99         5323.48         43.4302  605
  279         7492.84         5322.28         43.4111  607
  280         7487.98         5320.32         43.3531  609
  281         7484.94         5320.21         43.2946  611
  282         7480.95         5319.19         43.2352  613
  283         7474.12         5317.05         43.1414  615
  284         7473.02          5316.4         43.1324  617
  285         7469.83         5317.48          43.047  619
  286         7467.55         5318.59         42.9792  621
  287         7464.23         5320.75         42.8696  623
  288         7460.13         5323.74         42.7279  625
  289         7458.98         5329.29         42.5938  627
  290         7454.03         5326.09         42.5588  629
  291         7452.08         5323.79         42.5658  631
  292         7449.96         5322.74         42.5444  633
  293          7448.9         5321.84         42.5412  635
  294         7446.93         5321.47         42.5093  637
  295         7443.85         5319.73         42.4823  639
  296         7440.39         5317.61         42.4556  641
  297         7435.84         5314.86         42.4196  643
  298          7433.1         5309.88         42.4642  645
  299         7427.56         5308.65         42.3781  647
  300         7425.45         5308.26         42.3437  649
  301          7423.2         5308.22         42.2995  651
  302         7420.97         5308.25         42.2543  653
  303         7419.37         5307.05         42.2465  655
  304         7415.12         5303.34         42.2355  657
  305         7413.83         5302.33         42.2299  661
  306         7412.27          5301.6         42.2134  663
  307         7410.61         5300.63         42.1996  665
  308         7408.48          5298.9         42.1917  667
  309         7408.09         5297.69         42.2081  669
  310         7405.88         5297.83          42.161  671
  311         7404.96         5298.03         42.1384  673
  312         7403.44         5298.72         42.0944  675
  313         7400.59         5299.39         42.0239  677
  314          7398.7         5299.24         41.9892  681
  315          7394.9          5298.9         41.9199  683
  316         7392.12         5297.32         41.8961  685
  317         7390.93         5295.54         41.9079  687
  318          7388.7         5295.53         41.8634  689
  319         7387.05         5295.19         41.8372  691
  320         7384.56         5294.86         41.7941  693
  321         7380.79         5294.46         41.7265  695
  322         7379.13         5292.93         41.7239  699
  323         7375.28         5291.98         41.6661  701
  324         7371.83         5290.61         41.6245  703
  325         7371.29          5289.6         41.6338  705
  326         7368.72         5289.69         41.5807  707
  327          7367.7         5289.48         41.5643  709
  328         7365.88         5289.14         41.5347  711
  329         7363.15         5288.96         41.4838  713
  330         7362.14         5288.93         41.4643  717
  331         7358.89            5289         41.3978  719
  332         7355.44         5289.16         41.3256  721
  333         7353.68         5289.09         41.2918  723
  334         7351.91         5289.34         41.2514  725
  335         7350.62         5289.24         41.2277  727
  336         7348.91         5289.12         41.1957  729
  337         7346.59         5288.78         41.1563  731
  338         7344.94         5288.75         41.1239  733
  339         7343.63         5287.63         41.1202  735
  340         7341.81         5286.19         41.1124  737
  341         7340.57         5284.83         41.1148  739
  342         7338.44         5283.28         41.1033  741
  343         7336.65         5281.17         41.1096  743
  344         7334.75         5279.85         41.0981  745
  345         7333.84         5279.74         41.0819  747
  346         7332.61         5279.56          41.061  749
  347         7331.07         5277.36         41.0741  753
  348            7328         5275.96         41.0406  755
  349         7323.52         5271.92         41.0322  757
  350         7321.78         5268.51         41.0654  759
  351         7319.52         5266.73         41.0557  761
  352         7317.99         5264.29         41.0739  763
  353         7316.71         5262.11         41.0919  765
  354         7315.17         5257.44         41.1546  767
  355         7312.58         5256.07         41.1302  769
  356         7311.84         5256.32         41.1105  771
  357         7310.19         5256.33         41.0772  773
  358         7309.14         5255.95         41.0637  777
  359         7307.13         5254.89         41.0446  779
  360         7302.91         5250.42         41.0498  781
  361         7301.82         5246.05         41.1154  783
  362          7300.1         5245.04         41.1011  785
  363         7299.47         5244.83         41.0927  787
  364         7298.45         5244.16         41.0857  789
  365         7296.96         5243.01          41.079  791
  366         7294.67         5241.74         41.0586  793
  367         7292.04         5239.91         41.0425  795
  368         7289.79         5237.87         41.0383  797
  369         7287.66         5235.57         41.0417  799
  370         7285.89         5235.11         41.0157  801
  371         7283.82         5234.94         40.9777  803
  372         7283.15         5235.11         40.9608  805
  373         7282.32         5234.81           40.95  807
  374         7280.11         5233.49         40.9323  809
  375         7278.17         5232.41         40.9151  811
  376         7276.72         5231.34         40.9077  813
  377         7273.29         5230.36         40.8587  815
  378         7270.85         5228.83         40.8402  817
  379         7268.08         5226.88          40.824  819
  380         7266.99          5225.2         40.8356  821
  381         7265.34         5225.21         40.8025  823
  382          7264.8         5224.94         40.7973  825
  383         7263.73         5223.98          40.795  827
  384         7261.96         5222.25         40.7941  829
  385         7259.26         5219.68         40.7915  831
  386         7258.19         5217.65         40.8108  835
  387         7255.36         5214.68         40.8134  837
  388         7252.62            5211         40.8324  839
  389          7250.2          5206.7         40.8701  841
  390         7249.38         5207.12         40.8454  843
  391         7248.12         5207.51         40.8123  845
  392         7247.44         5208.13         40.7861  847
  393          7246.4         5209.14         40.7451  849
  394         7244.56         5210.06         40.6901  851
  395         7243.81         5211.28         40.6507  853
  396         7240.04         5210.96         40.5816  855
  397         7238.51         5208.85         40.5932  857
  398         7236.12         5204.34         40.6356  859
  399         7232.64         5200.57         40.6413  861
  400         7231.21         5194.08         40.7426  863
  401         7227.88         5196.58          40.626  865
  402         7227.22         5197.63         40.5918  867
  403          7225.3         5200.05          40.505  869
  404         7222.74         5199.07         40.4735  871
  405         7220.81         5195.79         40.5003  873
  406         7218.98         5191.71         40.5455  875
  407         7218.39         5190.24         40.5631  879
  408         7217.42         5188.77         40.5729  881
  409         7215.78         5187.02         40.5752  883
  410          7213.9         5185.18         40.5742  885
  411         7212.73            5185         40.5545  887
  412         7211.23         5185.16         40.5213  889
  413         7209.86         5185.26         40.4921  891
  414         7208.96         5185.19         40.4755  893
  415         7208.12         5184.01         40.4822  897
  416         7206.64          5183.6         40.4609  899
  417         7205.12         5182.25         40.4574  901
  418         7203.39         5179.76         40.4726  903
  419          7202.7         5177.03         40.5134  905
  420         7200.69         5176.06         40.4927  907
  421         7199.02         5174.53         40.4898  909
  422         7197.33         5172.89         40.4886  911
  423         7194.94         5171.16         40.4756  913
  424         7193.66         5169.67         40.4799  917
  425         7190.55         5167.92         40.4528  919
  426         7189.05         5167.23         40.4365  921
  427         7187.44         5166.79          40.413  923
  428         7186.07         5166.99         40.3816  925
  429         7185.17          5166.6         40.3716  927
  430         7183.67         5166.14         40.3507  929
  431         7183.11         5165.87         40.3447  933
  432         7182.18         5165.56         40.3325  935
  433         7178.44          5162.3         40.3227  937
  434         7177.28         5161.09          40.324  941
  435         7175.96         5159.14         40.3364  943
  436         7174.89         5156.72         40.3634  945
  437         7174.01         5155.74         40.3654  947
  438         7173.31         5155.18         40.3626  949
  439          7171.7          5153.1         40.3721  951
  440         7171.22         5152.87         40.3671  955
  441         7170.83         5152.44         40.3677  957
  442         7169.11         5149.96         40.3831  959
  443         7168.45         5149.02         40.3884  963
  444         7168.03         5149.12         40.3782  965
  445         7166.98         5149.61         40.3476  967
  446         7166.54         5150.25         40.3257  969
  447         7165.96         5149.74         40.3243  971
  448         7165.14         5148.56         40.3316  973
  449         7164.65         5147.36         40.3456  975
  450          7164.2         5146.98         40.3444  977
  451         7163.91         5146.96         40.3389  979
  452         7163.31         5147.06         40.3249  981
  453         7162.38          5147.5         40.2977  983
  454         7161.75         5147.38         40.2874  987
  455         7160.59         5148.08         40.2502  989
  456         7159.68          5148.1         40.2317  991
  457         7158.57         5148.22          40.207  993
  458         7158.38         5147.82          40.211  995
  459         7157.32         5147.92         40.1878  997
  460         7156.84         5147.76         40.1814  999
  461         7156.07         5147.46         40.1723  1001
  462         7154.73         5147.49         40.1448  1003
  463         7153.25         5147.42         40.1166  1005
  464          7152.3         5147.53         40.0955  1007
  465         7151.48         5147.91         40.0713  1009
  466         7151.19         5148.69         40.0501  1011
  467         7150.53         5148.22         40.0461  1013
  468         7149.61         5147.64         40.0394  1015
  469          7148.5          5147.3         40.0241  1017
  470         7147.73         5147.03         40.0142  1019
  471         7147.11         5147.15         39.9992  1021
  472         7146.62         5146.77         39.9969  1023
  473         7145.96         5146.03         39.9986  1025
  474          7145.3         5145.06         40.0048  1027
  475         7144.63         5144.11         40.0105  1029
  476         7143.77         5142.65         40.0225  1031
  477         7142.41         5139.22         40.0637  1033
  478         7141.72         5137.63         40.0817  1035
  479         7141.32         5138.14         40.0636  1037
  480         7140.81         5138.24         40.0513  1039
  481         7139.79         5138.17         40.0325  1041
  482         7139.36         5137.33         40.0406  1043
  483         7138.01          5136.4         40.0322  1045
  484         7137.56         5135.46          40.042  1047
  485         7137.05         5134.21         40.0567  1049
  486         7136.31         5131.49         40.0964  1051
  487         7135.22         5130.16         40.1012  1053
  488         7134.76         5129.77         40.0999  1055
  489         7134.42         5129.51         40.0982  1057
  490         7133.62         5128.06         40.1112  1059
  491         7132.42         5125.82         40.1319  1061
  492         7131.64         5123.73         40.1582  1063
  493         7131.14         5122.11         40.1806  1065
  494         7130.79         5121.57         40.1844  1067
  495         7130.34         5120.81         40.1906  1069
  496         7129.25         5117.58         40.2333  1071
  497         7129.12         5113.67          40.309  1073
  498         7128.24         5114.76         40.2696  1075
  499         7128.05         5114.68         40.2675  1077
  500         7127.72         5113.98         40.2748  1079
  501         7127.43         5112.49         40.2987  1081
  502         7126.95         5111.96         40.2997  1083
  503         7126.47         5110.85         40.3125  1085
  504         7126.19         5109.99         40.3241  1087
  505         7125.83         5108.39         40.3488  1089
  506         7125.19         5107.01         40.3636  1091
  507         7124.23         5104.71         40.3904  1093
  508         7124.01         5102.65         40.4271  1095
  509         7123.28         5102.75         40.4105  1097
  510         7122.97         5102.72         40.4049  1099
  511         7122.41         5102.31         40.4019  1101
  512         7121.59         5100.85         40.4149  1103
  513         7121.02         5099.55         40.4294  1107
  514         7120.49         5098.12         40.4473  1109
  515          7120.1         5096.76         40.4668  1111
  516         7119.56         5095.46          40.482  1113
  517         7118.66         5093.19         40.5094  1115
  518            7118         5092.38         40.5123  1117
  519         7117.42         5092.47         40.4991  1119
  520          7116.9         5092.68         40.4843  1121
  521         7116.48         5093.09         40.4678  1123
  522         7115.47         5093.16         40.4464  1125
  523         7114.55         5093.64         40.4183  1127
  524         7114.04         5092.83         40.4242  1129
  525         7113.48         5091.59         40.4378  1131
  526         7113.04         5090.84         40.4439  1133
  527         7112.42         5090.17          40.445  1135
  528         7111.64         5090.05         40.4318  1137
  529         7111.34         5090.14          40.424  1141
  530         7111.06         5090.46          40.412  1143
  531         7110.75         5090.76         40.3999  1145
  532         7110.21         5090.86         40.3871  1147
  533         7109.58         5090.84         40.3749  1149
  534         7108.89         5090.22         40.3734  1151
  535         7108.14         5089.04          40.382  1153
  536         7107.41         5087.31          40.402  1155
  537         7106.56          5086.4         40.4031  1157
  538         7106.12         5085.98         40.4028  1159
  539         7105.85          5085.8          40.401  1161
  540         7105.41         5085.39         40.4005  1163
  541         7104.81         5084.53         40.4056  1165
  542         7104.08          5083.5         40.4115  1167
  543         7103.41         5082.36          40.421  1169
  544         7103.14         5081.87         40.4254  1171
  545         7102.67         5081.72         40.4189  1173
  546         7101.64         5081.31         40.4066  1175
  547         7101.09          5081.2         40.3978  1177
  548         7100.03         5079.96         40.4015  1179
  549         7099.12         5079.41          40.394  1181
  550         7098.83         5079.33           40.39  1183
  551         7098.63         5079.21         40.3884  1185
  552         7098.31         5079.05         40.3851  1187
  553         7097.78         5078.69         40.3819  1189
  554         7097.16         5078.41          40.375  1191
  555         7096.39         5077.72         40.3735  1193
  556         7096.08         5076.99         40.3818  1195
  557          7095.4         5076.64         40.3752  1197
  558         7094.98         5076.21         40.3752  1199
  559         7094.53         5075.75         40.3755  1201
  560         7093.77         5074.86         40.3783  1203
  561         7093.08         5073.98          40.382  1207
  562         7092.43         5073.02         40.3882  1209
  563         7092.09         5072.45         40.3929  1211
  564         7092.03         5071.67         40.4073  1213
  565         7091.56         5071.63         40.3986  1215
  566         7091.32         5071.43         40.3976  1217
  567         7090.93         5070.98         40.3991  1219
  568          7090.5         5070.44         40.4011  1221
  569         7090.33         5068.62         40.4341  1223
  570         7089.29         5068.36         40.4185  1225
  571         7088.86         5067.88         40.4195  1227
  572         7088.44         5067.01         40.4285  1229
  573         7088.32         5066.58         40.4349  1231
  574         7088.09         5066.64         40.4291  1233
  575         7087.86         5066.62         40.4249  1235
  576         7087.35         5066.54         40.4161  1237
  577         7086.66         5066.55         40.4023  1239
  578         7085.31         5066.29         40.3804  1241
  579         7084.21          5066.2         40.3602  1245
  580         7082.98         5066.13          40.337  1247
  581         7082.41         5066.33         40.3215  1249
  582         7081.84         5066.81         40.3006  1251
  583         7080.91         5068.05         40.2572  1253
  584         7079.72         5069.05         40.2133  1255
  585          7078.9         5070.35         40.1711  1259
  586         7078.03         5071.12         40.1382  1261
  587         7077.44         5071.53          40.118  1263
  588         7076.36         5073.34         40.0604  1265
  589          7075.4         5074.29         40.0221  1267
  590         7074.88         5073.83          40.021  1269
  591         7073.97         5074.18         39.9957  1271
  592         7073.34         5075.44         39.9581  1273
  593         7072.39         5076.36         39.9207  1275
  594         7070.84         5078.18         39.8533  1277
  595         7069.77         5079.36         39.8082  1279
  596         7068.87         5081.23         39.7528  1281
  597          7067.5         5080.77         39.7345  1283
  598          7066.6         5079.68         39.7384  1285
  599         7065.35         5079.05         39.7261  1287
  600         7064.18          5078.6         39.7117  1289
  601         7063.59         5078.47         39.7025  1291
  602         7062.16         5078.27         39.6777  1293
  603         7061.39         5078.01         39.6677  1295
  604         7060.67         5077.94         39.6547  1297
  605         7059.95         5077.43         39.6505  1299
  606         7058.94         5076.53         39.6482  1301
  607         7056.83         5074.78         39.6409  1303
  608         7054.16         5072.87         39.6257  1305
  609         7052.69         5071.06         39.6326  1309
  610         7050.66         5069.78         39.6176  1311
  611         7049.16         5068.95         39.6043  1313
  612         7046.93         5067.83          39.582  1315
  613         7045.56         5067.71          39.557  1319
  614         7043.68         5066.91         39.5355  1321
  615         7041.44         5065.11         39.5267  1323
  616         7040.19         5063.76         39.5287  1325
  617         7038.09         5060.87         39.5444  1327
  618         7034.97          5055.5         39.5894  1329
  619         7032.67          5050.1         39.6514  1331
  620         7031.36          5048.3         39.6612  1333
  621         7027.42         5043.78         39.6727  1335
  622         7024.58         5039.69         39.6979  1337
  623         7022.25         5026.98         39.9054  1339
  624          7015.6         5025.63         39.7993  1341
  625         7012.13         5022.29         39.7968  1343
  626         7008.62         5016.41         39.8442  1345
  627         7006.01         5011.43         39.8917  1349
  628         7003.16         5008.71          39.889  1351
  629         6998.47         5005.75         39.8543  1353
  630         6996.39         5003.27         39.8624  1355
  631         6993.43         5002.51         39.8184  1357
  632         6989.29         5000.27         39.7804  1359
  633         6986.02         4997.57         39.7689  1361
  634         6983.56         4994.58         39.7796  1363
  635         6979.63         4991.52         39.7621  1365
  636         6975.13         4985.61         39.7905  1367
  637         6971.61         4980.17         39.8288  1369
  638         6969.71         4970.84         39.9775  1371
  639         6965.82         4969.03         39.9359  1373
  640         6961.93         4963.63         39.9661  1375
  641         6958.46         4955.42         40.0609  1377
  642         6955.59            4946         40.1918  1379
  643         6951.56         4937.17         40.2878  1381
  644          6947.6         4928.37         40.3847  1383
  645         6943.24         4915.98         40.5451  1385
  646         6940.72         4902.52          40.764  1387
  647         6936.78         4900.86         40.7184  1389
  648         6933.28         4896.79         40.7297  1391
  649         6930.81         4892.18         40.7725  1393
  650         6928.98          4883.2         40.9156  1395
  651         6925.04         4880.43         40.8921  1397
  652         6922.29          4876.1         40.9238  1399
  653         6920.36         4871.46          40.978  1401
  654         6918.84         4865.06         41.0757  1403
  655         6916.48         4861.73         41.0949  1405
  656         6914.15         4857.11         41.1408  1407
  657         6912.91         4853.98         41.1786  1409
  658         6912.03         4851.16         41.2175  1411
  659         6910.54         4850.22         41.2064  1413
  660         6909.02         4849.21         41.1961  1415
  661         6907.65         4848.47         41.1835  1417
  662         6906.27         4846.83         41.1887  1419
  663         6903.98         4845.68         41.1661  1421
  664         6901.54         4842.87         41.1733  1423
  665         6899.69          4840.1         41.1917  1425
  666         6898.44         4836.02         41.2485  1427
  667         6896.56         4834.17         41.2479  1429
  668         6894.63         4830.77         41.2771  1431
  669         6893.11         4827.59         41.3103  1433
  670         6891.28          4823.1         41.3635  1435
  671         6888.49         4817.89         41.4121  1437
  672         6885.89         4812.41         41.4696  1439
  673         6884.33         4806.31         41.5603  1441
  674         6882.92         4805.81         41.5423  1443
  675         6881.81         4805.06         41.5349  1445
  676         6880.31         4802.66          41.553  1447
  677          6878.9         4797.37         41.6307  1449
  678         6876.91         4794.29         41.6524  1451
  679         6875.57         4790.85         41.6943  1453
  680         6874.05         4785.65          41.768  1455
  681         6873.52         4780.82         41.8541  1457
  682         6871.76         4780.21          41.831  1459
  683         6870.37         4779.43         41.8189  1461
  684         6869.31         4778.92          41.808  1463
  685         6867.73         4777.92         41.7961  1465
  686         6866.04         4776.27         41.7955  1469
  687         6863.85         4774.31         41.7909  1471
  688         6862.86         4773.16          41.794  1473
  689         6861.25            4771         41.8052  1475
  690         6860.28         4769.26         41.8203  1479
  691         6859.04         4767.85         41.8237  1481
  692         6857.51          4765.7         41.8361  1483
  693         6856.07            4763         41.8614  1485
  694         6854.26         4759.12          41.903  1487
  695         6852.52         4756.63         41.9177  1489
  696         6850.27         4752.39         41.9577  1491
  697         6850.12         4749.74         42.0076  1493
  698         6848.58         4749.35         41.9845  1495
  699         6847.52         4747.98         41.9908  1497
  700         6846.08         4745.36         42.0145  1499
  701         6844.58         4742.81         42.0354  1501
  702         6843.43         4740.43         42.0601  1505
  703         6841.21         4737.26         42.0791  1507
  704         6838.55         4732.92         42.1126  1509
  705         6835.97         4727.49         42.1695  1511
  706         6834.88         4726.49          42.168  1513
  707         6833.38         4727.19         42.1237  1515
  708         6832.34         4728.07         42.0855  1517
  709         6831.06         4729.07         42.0398  1519
  710         6828.98         4729.07         41.9983  1521
  711         6826.55         4729.67         41.9377  1523
  712         6824.87         4727.52         41.9471  1525
  713         6823.06         4723.23         41.9966  1527
  714         6822.29         4721.99         42.0059  1531
  715         6821.46         4721.75         41.9941  1533
  716         6817.71         4721.98         41.9146  1535
  717         6816.42         4723.28         41.8628  1539
  718         6815.46         4723.38         41.8417  1541
  719         6812.41         4722.87         41.7909  1543
  720         6810.33         4721.71         41.7725  1545
  721         6807.98         4720.47         41.7502  1547
  722         6805.26         4718.47         41.7359  1549
  723         6803.24         4717.09         41.7229  1551
  724         6801.23         4716.01         41.7043  1553
  725         6798.05         4713.73         41.6865  1555
  726         6792.43         4707.82         41.6923  1557
  727          6790.2         4705.54         41.6931  1559
  728         6788.16         4705.16           41.66  1561
  729         6786.57         4705.39         41.6237  1563
  730         6783.14         4706.41         41.5346  1565
  731         6781.21         4708.37         41.4568  1567
  732         6778.17         4707.09         41.4216  1569
  733         6774.95         4704.67         41.4057  1571
  734         6772.13         4702.79         41.3869  1573
  735         6770.34         4699.94         41.4081  1575
  736         6766.91         4698.86         41.3611  1577
  737         6765.36         4698.01         41.3469  1579
  738         6764.12         4697.53         41.3317  1581
  739         6761.79         4696.81         41.2997  1583
  740         6757.97         4696.05         41.2384  1585
  741         6753.03         4694.39         41.1728  1587
  742         6750.75         4693.68         41.1414  1589
  743          6750.4         4693.62         41.1356  1591
  744         6746.59         4693.56         41.0606  1593
  745         6745.27         4693.71         41.0313  1595
  746         6743.14         4695.04          40.962  1597
  747         6741.78         4697.59         40.8837  1599
  748         6738.36         4698.27         40.8018  1601
  749         6735.32         4698.31         40.7402  1603
  750         6733.17         4698.16         40.7001  1605
  751         6728.73          4695.3         40.6686  1607
  752         6725.28         4692.87         40.6482  1611
  753         6722.26         4691.24         40.6205  1613
  754         6720.43         4689.81         40.6122  1615
  755         6717.27         4686.54         40.6145  1617
  756         6715.28         4683.19         40.6418  1621
  757         6711.94         4679.92         40.6404  1623
  758         6708.78         4676.59         40.6439  1625
  759         6707.23         4675.72         40.6303  1627
  760         6705.52         4675.28         40.6048  1629
  761         6701.52          4674.4         40.5424  1631
  762         6700.88         4673.28         40.5521  1633
  763         6696.98         4672.25         40.4946  1635
  764            6695         4670.61         40.4879  1637
  765         6692.39         4668.15         40.4849  1639
  766         6688.08         4664.55         40.4706  1641
  767         6686.02         4663.05         40.4595  1645
  768         6680.44         4658.42         40.4404  1647
  769         6677.32         4657.67         40.3928  1649
  770         6673.53         4659.58         40.2791  1651
  771         6671.68         4662.81         40.1775  1653
  772          6669.1         4662.48         40.1323  1655
  773         6665.53         4662.49         40.0609  1657
  774         6663.12         4663.65         39.9894  1659
  775         6661.94         4665.39         39.9309  1661
  776         6658.11         4665.12         39.8597  1663
  777         6656.04         4664.04         39.8402  1665
  778         6654.63         4663.13         39.8299  1667
  779          6651.6         4659.99         39.8323  1669
  780         6650.25          4653.8         39.9291  1671
  781         6644.76         4651.93         39.8565  1673
  782         6643.46         4650.88         39.8516  1675
  783         6640.81         4647.83         39.8596  1677
  784         6639.01         4644.61         39.8881  1681
  785         6635.86         4641.14         39.8942  1683
  786         6632.38          4636.7         39.9136  1685
  787         6630.31         4633.21          39.942  1687
  788         6628.47         4631.33         39.9427  1689
  789         6627.02         4631.82         39.9039  1691
  790         6624.24          4631.2         39.8609  1693
  791         6622.48            4633         39.7895  1695
  792         6620.74         4632.48         39.7652  1697
  793         6619.25         4631.79         39.7492  1699
  794         6615.23         4629.62         39.7122  1701
  795         6614.38         4629.13         39.7049  1703
  796         6610.87         4627.94         39.6586  1705
  797         6607.04         4627.99          39.581  1707
  798         6604.77         4626.56         39.5642  1709
  799          6602.8         4623.23         39.5915  1711
  800         6600.29         4618.67         39.6326  1713
  801         6597.78         4616.44         39.6267  1715
  802         6594.35          4610.7          39.673  1717
  803         6592.33         4609.09         39.6647  1719
  804         6591.06         4608.07         39.6599  1721
  805         6587.07         4603.66         39.6683  1723
  806         6586.49         4599.41         39.7416  1725
  807         6583.69         4598.81         39.6976  1727
  808         6580.84         4595.91         39.6985  1729
  809         6577.71         4590.88         39.7366  1731
  810         6574.14         4586.65         39.7498  1733
  811         6571.93         4584.16         39.7556  1737
  812          6567.1         4581.36         39.7147  1739
  813         6563.89         4581.78         39.6422  1741
  814         6559.83         4583.21         39.5324  1743
  815         6558.13         4584.16         39.4795  1747
  816         6556.08         4584.91         39.4234  1749
  817         6553.88          4584.8         39.3817  1751
  818         6552.52         4584.17          39.367  1753
  819         6549.82         4583.24         39.3316  1755
  820         6548.01          4581.4         39.3321  1757
  821          6546.4          4579.4         39.3401  1759
  822          6545.2         4577.62         39.3518  1761
  823         6543.15         4576.62         39.3306  1763
  824         6540.63         4575.28          39.307  1765
  825         6539.42         4575.14         39.2856  1767
  826         6539.01         4575.35         39.2731  1769
  827          6535.5         4575.69         39.1962  1771
  828         6533.76         4575.87         39.1579  1773
  829         6531.61         4577.04         39.0913  1775
  830         6528.82         4577.55         39.0255  1777
  831         6525.15         4578.63         38.9303  1779
  832         6522.79         4576.35         38.9289  1781
  833         6520.49         4573.01         38.9496  1783
  834         6517.86         4569.71         38.9629  1785
  835         6514.35         4564.84         38.9902  1787
  836         6511.94          4562.1         38.9967  1789
  837         6510.46         4559.03         39.0287  1791
  838         6508.12         4558.34         38.9955  1793
  839          6506.5         4557.05          38.989  1795
  840         6504.01         4554.37         38.9929  1797
  841         6501.06         4550.99         39.0013  1799
  842         6497.27            4546         39.0253  1801
  843         6493.42         4542.34         39.0215  1803
  844         6488.06         4536.92         39.0229  1805
  845         6484.59         4531.52         39.0613  1807
  846         6479.28         4528.34         39.0189  1809
  847         6474.62          4525.2         38.9884  1811
  848         6471.91         4523.68         38.9646  1813
  849         6469.27         4520.33         38.9787  1815
  850         6462.65            4519         38.8729  1817
  851         6459.62          4517.2         38.8483  1819
  852         6455.77         4514.87          38.818  1821
  853         6454.41         4508.47         38.9189  1823
  854         6446.59         4506.66         38.7985  1825
  855          6441.4         4501.53         38.7974  1827
  856         6437.51         4495.37         38.8427  1829
  857         6431.79         4487.42         38.8873  1831
  858         6428.09         4479.32         38.9754  1835
  859         6422.16         4472.54         38.9922  1837
  860         6419.84         4470.39          38.989  1839
  861         6414.56         4464.94         38.9925  1841
  862         6412.53         4462.72         38.9962  1845
  863         6409.35         4460.85           38.97  1847
  864         6405.12         4457.63         38.9497  1849
  865         6403.04         4456.95         38.9218  1851
  866         6401.06         4456.16         38.8979  1853
  867         6397.99         4455.44         38.8511  1855
  868         6395.38         4454.49         38.8178  1857
  869         6389.65         4452.37         38.7456  1859
  870         6386.38         4449.87         38.7302  1861
  871         6383.12         4448.56         38.6911  1863
  872         6380.25         4447.27         38.6596  1865
  873         6378.28          4446.8         38.6295  1867
  874         6375.54          4444.3         38.6249  1869
  875         6371.63         4443.55         38.5615  1871
  876         6369.72         4442.26         38.5492  1873
  877         6367.95         4440.72         38.5447  1875
  878         6366.52         4438.83         38.5537  1879
  879         6364.25         4436.64         38.5522  1881
  880          6361.9         4433.51         38.5678  1883
  881         6360.42         4431.62          38.576  1885
  882         6358.86         4429.69         38.5834  1887
  883         6357.46          4429.5         38.5593  1889
  884          6354.7         4429.43         38.5053  1891
  885         6353.97         4429.38         38.4918  1893
  886         6352.03         4429.09         38.4589  1895
  887         6350.38         4428.08          38.446  1897
  888          6348.6         4427.17         38.4286  1899
  889         6345.81         4425.52         38.4058  1901
  890         6343.67         4425.51         38.3632  1903
  891         6342.26         4424.94         38.3463  1905
  892         6340.97         4424.99         38.3196  1907
  893         6339.79         4424.91         38.2976  1909
  894         6338.24         4424.14          38.282  1911
  895         6333.75         4421.78         38.2394  1913
  896         6331.48         4419.98         38.2301  1915
  897         6328.75         4418.39         38.2071  1917
  898         6324.52         4415.35         38.1834  1919
  899         6323.48         4413.85         38.1926  1921
  900         6322.28         4413.92         38.1673  1923
  901         6320.45         4413.79         38.1331  1925
  902         6318.97         4413.81         38.1032  1927
  903         6315.99         4413.23         38.0552  1929
  904         6314.16         4413.05         38.0223  1933
  905         6312.28         4412.31         37.9996  1935
  906         6310.82         4411.49         37.9864  1937
  907         6308.91            4411         37.9583  1939
  908         6307.46         4410.41          37.941  1943
  909         6305.31         4410.81         37.8901  1945
  910         6303.14         4411.78         37.8271  1947
  911         6301.79         4412.87         37.7784  1949
  912         6300.16         4413.63         37.7306  1951
  913         6297.55          4414.4          37.663  1953
  914         6295.67         4414.58          37.622  1955
  915         6293.45         4415.36         37.5617  1957
  916          6292.1         4414.67         37.5485  1959
  917         6289.85         4413.95          37.518  1961
  918         6288.59         4413.54         37.5011  1965
  919         6286.49         4413.49           37.46  1967
  920         6284.06         4413.32         37.4147  1969
  921         6282.11         4413.26         37.3771  1971
  922         6280.84         4413.97         37.3375  1973
  923         6278.49         4413.71         37.2957  1975
  924         6276.79         4413.39          37.268  1977
  925         6274.69         4413.63         37.2211  1979
  926         6271.65         4414.27         37.1477  1981
  927         6267.75         4415.02         37.0546  1983
  928          6265.4         4414.37         37.0205  1985
  929         6263.61         4413.64         36.9993  1987
  930         6261.08         4412.33         36.9751  1989
  931         6258.21         4411.67         36.9309  1991
  932         6255.62         4410.41         36.9042  1993
  933         6252.54         4409.31         36.8647  1995
  934          6250.3         4408.79         36.8301  1997
  935         6246.89         4408.19         36.7742  1999
  936          6242.5         4407.31         36.7038  2001
  937         6240.78         4406.84         36.6789  2005
  938          6238.8         4406.93         36.6375  2007
  939         6234.67         4408.46         36.5243  2009
  940         6233.23         4411.48         36.4351  2011
  941         6230.24         4410.33         36.3983  2013
  942         6228.35         4410.09         36.3651  2015
  943         6226.51         4410.99         36.3104  2017
  944         6222.96         4413.53         36.1887  2019
  945         6218.86         4417.91         36.0189  2021
  946         6215.88         4417.98         35.9578  2023
  947         6212.69         4417.32         35.9073  2025
  948         6210.04         4417.03         35.8601  2027
  949         6206.91         4416.94         35.7994  2029
  950         6204.13         4415.72         35.7683  2031
  951         6201.94         4414.92         35.7406  2033
  952         6200.13         4415.36         35.6954  2035
  953          6197.4         4416.12         35.6257  2037
  954         6195.41         4417.14         35.5654  2041
  955         6192.98         4418.27          35.494  2043
  956         6191.16         4418.67         35.4499  2045
  957         6187.67         4420.15         35.3504  2047
  958          6185.9         4421.15          35.295  2051
  959         6183.61         4421.83         35.2356  2053
  960         6181.24         4422.27         35.1795  2055
  961         6179.34         4422.61         35.1345  2057
  962         6176.73         4423.82         35.0583  2059
  963         6173.94          4423.3         35.0128  2061
  964         6171.03          4422.5         34.9708  2063
  965         6168.93         4421.99         34.9387  2065
  966         6166.17          4421.2         34.8994  2067
  967         6162.32         4419.43         34.8578  2069
  968         6159.54         4418.97         34.8113  2071
  969         6157.64          4417.9         34.7948  2073
  970         6153.86         4416.42         34.7487  2075
  971         6151.03         4416.87          34.683  2077
  972         6148.38         4416.14         34.6448  2079
  973         6146.03          4415.1         34.6187  2081
  974         6143.44         4414.53         34.5783  2083
  975         6139.76         4414.74         34.5003  2085
  976         6135.88         4415.74         34.4029  2087
  977         6133.88         4418.81         34.3014  2089
  978         6130.29         4417.95         34.2469  2091
  979         6128.05         4416.47         34.2316  2093
  980         6123.65         4414.47         34.1835  2095
  981         6119.34         4412.95         34.1279  2097
  982         6116.39         4412.67         34.0745  2099
  983            6114         4411.37         34.0526  2101
  984         6112.19         4410.38         34.0362  2103
  985         6110.02         4409.34         34.0136  2105
  986         6107.35         4408.57         33.9756  2107
  987         6104.79         4407.04          33.955  2109
  988         6101.96         4405.06         33.9379  2111
  989         6100.09         4403.07         33.9402  2113
  990         6097.63          4402.5         33.9024  2115
  991         6095.76         4401.66          33.882  2117
  992         6094.23          4401.1         33.8625  2119
  993         6092.36         4400.19         33.8434  2121
  994         6089.73         4399.88          33.797  2123
  995         6088.22         4399.54         33.7736  2125
  996         6086.88         4399.67         33.7442  2127
  997         6085.11         4400.34         33.6954  2129
  998         6083.07         4401.53         33.6307  2131
  999         6081.56         4401.44         33.6023  2133
 1000         6078.91         4402.01         33.5379  2135
