    0      1.4731e+06      1.4731e+06               0  1
    1     1.21538e+06     1.19173e+06          47.298  7
    2          524838          504333         41.0103  9
    3          489285          452696         73.1775  11
    4          463237          450710          25.054  13
    5          460760          449109          23.303  15
    6          459198          447949         22.4968  17
    7          453541          444848         17.3852  19
    8          443672          437206         12.9324  21
    9          440580          432947         15.2672  25
   10          436569          427710         17.7188  27
   11          432879          421207         23.3432  29
   12          431283          417442         27.6833  31
   13          427235          415812         22.8459  33
   14          414318          405121         18.3938  35
   15          394746          381104         27.2843  37
   16          372094          337920          68.348  39
   17          360494          309527         101.934  43
   18          344173          288503          111.34  45
   19          328110          272397         111.425  47
   20          313279          258601         109.356  49
   21          285842          240263         91.1567  51
   22          280708          241953         77.5103  55
   23          264351          238697         51.3078  57
   24          259004          237132         43.7441  59
   25          257761          237402         40.7186  61
   26          253755          235992         35.5253  63
   27          245124          228131         33.9873  65
   28          235767          216036         39.4632  67
   29          228892          202799         52.1855  69
   30          224993          198720          52.545  71
   31          222569          198675         47.7886  73
   32          219238          198730          41.017  75
   33          211566          186743         49.6461  77
   34          197450          174653         45.5948  79
   35          180062          150447         59.2298  81
   36          176823          136811         80.0225  83
   37          170525          134180         72.6909  85
   38          168610          133471         70.2764  87
   39          164638          131125         67.0258  89
   40          159903          127616         64.5745  91
   41          154923          124276         61.2946  93
   42          150822          123006         55.6327  95
   43          149606          116996         65.2205  97
   44          143481          118775          49.411  99
   45          142783          119173         47.2187  101
   46          142064          118979         46.1696  103
   47          138525          116866         43.3179  105
   48          134389          113043         42.6936  107
   49          130456          106258         48.3965  109
   50          126232          101376         49.7127  111
   51          124343          101234         46.2188  113
   52          122423          100067         44.7114  115
   53          120358         97372.9         45.9705  117
   54          119434           96003          46.862  121
   55          118544         94845.5         47.3978  123
   56          117138         93132.2         48.0122  125
   57          114346         89925.5           48.84  127
   58          110276         85846.3         48.8594  129
   59          108852         84650.4          48.403  133
   60          106412         83378.3         46.0682  135
   61          104994         83053.6         43.8818  137
   62          103916           82599         42.6342  139
   63          102278         82564.8         39.4273  141
   64          100348         82271.1          36.153  143
   65         98468.7         80960.6         35.0163  145
   66         96845.8         79715.7         34.2602  147
   67         94441.4         76847.8         35.1874  149
   68         92016.7           73658         36.7173  151
   69         91494.9         70721.2         41.5475  153
   70         88719.1         70549.7         36.3389  155
   71         87726.5         70124.3         35.2043  157
   72         86641.7           68960         35.3635  159
   73         85476.1         66501.1         37.9501  161
   74         84048.2         65659.2          36.778  163
   75         82888.7         65090.1         35.5972  165
   76         81748.2         63585.2          36.326  167
   77         80805.9         63285.3         35.0412  169
   78         80317.8           63218         34.1996  171
   79         77209.9         62027.1         30.3656  173
   80         73318.1           59646         27.3443  175
   81           71468         57390.3         28.1555  177
   82         69624.8         57312.9         24.6239  179
   83         69080.9         57380.6         23.4006  181
   84         68425.8         57206.7         22.4382  183
   85         67003.3         56198.3         21.6102  185
   86         65012.8         55035.8         19.9539  187
   87         62707.5         53157.5            19.1  189
   88         60516.3         50160.7         20.7113  191
   89         59902.5         48825.1         22.1547  193
   90         59138.3         49113.4         20.0498  195
   91         58384.7         48975.4         18.8186  197
   92         57228.5         48218.1         18.0209  199
   93         55591.5         46680.8         17.8213  201
   94         54574.6         45491.8         18.1656  205
   95         52173.5         43260.6         17.8257  207
   96         49810.8         40934.7         17.7522  209
   97         47961.6         38549.1          18.825  211
   98         47126.3         37878.9         18.4949  215
   99         46602.7         37963.4         17.2786  217
  100         45867.3         37888.3         15.9581  219
  101         45215.7         37753.1         14.9253  221
  102         44283.3         37136.3         14.2941  223
  103         43522.1         35919.9         15.2044  227
  104         41440.2         34038.5         14.8036  229
  105         40819.3         33423.4         14.7918  231
  106         40163.2           32806         14.7146  233
  107           39557         32098.3         14.9174  235
  108         38937.3         31772.4         14.3299  237
  109         38598.4         31674.4          13.848  239
  110         37663.2         31163.5         12.9993  241
  111         37457.4         30881.4         13.1521  245
  112         37131.8         30601.9         13.0598  247
  113         36420.8         29965.4         12.9108  249
  114         36211.1         28174.4         16.0733  251
  115         34789.7         27961.3         13.6569  253
  116         34509.9         27844.9           13.33  255
  117         34266.6         27473.7         13.5857  257
  118         34093.5         27192.1         13.8028  261
  119         33729.9         26812.5         13.8349  263
  120         32134.9         25088.9         14.0921  265
  121         31742.9         24652.3         14.1813  269
  122           31361         24324.2         14.0736  271
  123           31065         24170.3         13.7893  273
  124           30963         23822.7         14.2806  275
  125         30331.7         23821.4         13.0205  277
  126         29982.4         23813.5         12.3378  279
  127           29646         23759.1         11.7738  281
  128         29519.9         23673.6         11.6925  285
  129         29293.5         23603.4           11.38  287
  130         28924.8         23454.2         10.9413  289
  131         28730.2         23348.1         10.7642  291
  132           28594         23249.3         10.6895  293
  133         28462.3         23194.8         10.5349  295
  134         28277.2         23075.3         10.4038  297
  135         28170.2         22987.1         10.3661  299
  136           27969         22821.6         10.2948  301
  137         27816.6         22646.5         10.3403  305
  138         27465.4         22425.1         10.0805  307
  139         27171.1         22241.6         9.85909  309
  140         27035.9         22153.4         9.76494  311
  141         26873.3         22095.6         9.55529  313
  142         26756.9           22074         9.36589  315
  143         26650.5           22020         9.26114  317
  144           26584         21956.3         9.25538  319
  145         26519.3         21945.3         9.14802  321
  146         26359.5         21849.4         9.02038  323
  147         26175.9         21673.8          9.0043  325
  148         26145.4         21313.7         9.66337  327
  149         25875.6         21291.5          9.1682  329
  150         25718.9           21198         9.04186  331
  151         25547.8         21007.4         9.08093  333
  152         25379.2         20826.7           9.105  335
  153         25220.2         20557.1         9.32623  337
  154         25066.9         20551.9         9.03003  339
  155         24924.9         20536.3         8.77735  341
  156         24853.6         20426.7         8.85377  343
  157         24766.4         20411.7          8.7094  345
  158           24708         20376.6         8.66281  347
  159         24576.3         20260.2          8.6323  349
  160         24311.5         19996.7         8.62952  351
  161         23949.1           19591         8.71631  353
  162         23868.5         19465.8          8.8054  357
  163         23632.6         19231.9         8.80132  359
  164         23495.9         19114.1         8.76365  361
  165         23359.3         18975.5         8.76762  363
  166         23149.9         18695.4         8.90905  365
  167         22940.5         18428.8         9.02358  367
  168         22756.9         18068.8          9.3761  369
  169         22627.5         18139.6         8.97577  371
  170         22511.7         18173.1         8.67716  373
  171         22381.3         18080.1         8.60236  375
  172         22241.2         17908.2         8.66592  377
  173         22066.9         17618.7         8.89639  379
  174         21723.1         16901.9         9.64253  381
  175         21553.9         16650.2         9.80755  383
  176         21422.7         16686.4         9.47258  385
  177         21307.1         16707.9         9.19848  387
  178         21131.2           16648         8.96631  389
  179         21075.6         16479.4         9.19227  391
  180         20850.9         16439.2         8.82334  393
  181         20777.2           16373         8.80853  395
  182         20734.7         16305.2         8.85901  397
  183         20643.1         16176.1         8.93402  399
  184         20473.5         15960.1         9.02697  401
  185         20239.1         15735.9         9.00635  403
  186         20156.7         15604.9         9.10367  407
  187         19927.2         15397.4         9.05974  409
  188         19727.6         15207.7         9.03969  411
  189         19586.1         14842.7         9.48679  413
  190         19462.6         14922.9         9.07941  415
  191         19447.5         14939.5         9.01584  417
  192         19376.6         14961.9         8.82954  419
  193         19326.5         14819.2         9.01462  421
  194         19184.4         14757.6         8.85351  423
  195         19080.2         14591.7         8.97698  425
  196         19018.4         14420.4         9.19592  427
  197         18978.7         14302.6         9.35226  431
  198         18913.7         14212.2         9.40301  433
  199         18751.5           14015         9.47297  435
  200         18625.1         13867.5         9.51518  437
  201         18590.7           13821          9.5393  439
  202         18514.6         13824.1         9.38096  441
  203         18483.3         13856.6         9.25345  443
  204         18428.6         13907.2         9.04286  445
  205         18341.7         13897.1         8.88917  447
  206         18284.2         13819.3         8.92988  449
  207         18150.7         13707.4         8.88665  451
  208         18083.3         13578.8          9.0091  453
  209         18051.8         13286.9         9.52977  455
  210         17967.7         13253.8         9.42781  457
  211         17953.3         13265.9         9.37476  459
  212         17907.3           13254         9.30658  461
  213         17837.2         13222.9         9.22874  463
  214         17795.3           13142         9.30677  467
  215         17728.9         13065.2         9.32756  469
  216         17696.5         12995.8         9.40135  471
  217         17670.9         12921.9         9.49803  473
  218           17657         12840.3         9.63328  475
  219         17618.8           12825         9.58752  477
  220         17578.9         12807.4         9.54309  479
  221         17516.3         12779.1         9.47449  481
  222         17450.7         12737.9         9.42566  483
  223           17400         12713.5         9.37303  485
  224         17361.6         12722.3         9.27869  487
  225         17296.9         12758.3         9.07721  489
  226         17283.2         12767.1         9.03223  493
  227         17275.8         12771.6         9.00845  495
  228         17260.8         12775.2         8.97105  497
  229         17236.7         12775.4         8.92267  499
  230         17210.2         12778.5         8.86342  501
  231         17198.4         12754.5         8.88771  503
  232         17183.7           12743         8.88144  505
  233         17175.4         12724.6         8.90159  507
  234           17166         12701.7         8.92864  509
  235         17150.5         12663.7         8.97368  511
  236         17132.4         12650.4         8.96396  513
  237         17118.3         12647.9         8.94076  515
  238         17102.1         12640.3         8.92353  517
  239         17091.4         12645.5         8.89184  519
  240         17083.1         12648.9         8.86842  521
  241         17064.9         12655.7         8.81832  523
  242         17056.3         12669.3         8.77412  525
  243         17045.3           12664         8.76257  527
  244         17037.5         12656.9         8.76114  529
  245         17016.2         12637.7         8.75697  531
  246           16996         12613.1         8.76575  533
  247         16980.1         12599.5         8.76131  535
  248         16968.5         12603.3         8.73037  537
  249         16955.6         12608.6         8.69402  539
  250           16942         12613.4         8.65704  541
  251         16926.3         12615.6         8.62145  543
  252         16914.2         12616.7         8.59499  545
  253         16906.6         12609.5         8.59421  547
  254         16883.1         12580.4         8.60534  549
  255         16841.9         12531.4         8.62101  551
  256         16814.3         12472.9         8.68283  553
  257           16793         12462.6         8.66071  555
  258         16787.8         12468.9         8.63782  557
  259         16780.8         12471.3         8.61895  559
  260         16770.6         12466.2         8.60871  561
  261         16761.7         12452.2         8.61893  563
  262         16745.7         12440.2         8.61106  565
  263         16714.2         12405.1         8.61816  567
  264         16689.6         12369.1         8.64109  569
  265         16683.2         12316.3         8.73376  571
  266         16640.5         12309.2         8.66251  573
  267         16617.1         12296.2         8.64177  575
  268         16591.6         12269.5         8.64421  577
  269         16574.1         12239.8         8.66842  579
  270           16557         12217.3         8.67951  581
  271         16540.1         12203.4         8.67335  583
  272         16486.4         12154.4           8.664  585
  273         16443.2         12102.4         8.68159  587
  274         16422.9         12079.8         8.68637  589
  275         16405.6         12089.3         8.63247  591
  276         16397.8         12094.3         8.60692  593
  277           16385         12090.7         8.58861  595
  278         16359.7         12074.5         8.57028  597
  279         16335.3           12056         8.55878  599
  280         16317.2         12033.7         8.56699  601
  281         16311.2         12022.8         8.57689  605
  282         16304.4         12015.8          8.5771  607
  283         16291.8         12004.6         8.57439  609
  284         16274.1         11989.2         8.56962  611
  285         16269.6         11986.5         8.56616  615
  286         16253.9         11974.8         8.55821  617
  287         16249.5         11965.5         8.56792  619
  288         16224.2           11964         8.52043  621
  289         16212.2         11964.9          8.4946  623
  290         16203.3         11965.9         8.47487  625
  291           16187         11963.3         8.44736  627
  292         16163.8         11959.6         8.40836  629
  293         16154.5         11954.5          8.3999  631
  294         16147.8         11947.3         8.40092  633
  295         16143.7         11939.5         8.40847  635
  296         16137.3         11935.9         8.40281  637
  297           16122         11926.9         8.39022  639
  298         16098.2         11911.4         8.37352  641
  299         16079.2         11892.4         8.37342  643
  300         16064.1         11887.3         8.35352  645
  301         16057.9         11887.1         8.34161  647
  302         16052.1         11885.5          8.3331  649
  303         16044.5         11880.7         8.32759  651
  304         16034.4         11860.7         8.34732  653
  305           16020         11853.8         8.33237  655
  306         16012.4         11847.7         8.32935  657
  307         15997.7         11829.5         8.33635  659
  308         15985.5         11803.9         8.36315  661
  309         15973.2         11789.9         8.36651  663
  310         15964.1         11782.9         8.36257  665
  311         15946.2         11766.2         8.35984  667
  312         15939.6         11752.8         8.37377  671
  313         15932.1         11747.1         8.37001  673
  314         15924.6           11744         8.36124  675
  315         15912.1         11733.6         8.35698  677
  316         15902.1         11718.5         8.36729  681
  317         15884.2         11699.4          8.3697  683
  318         15866.2         11675.9         8.38059  685
  319         15860.2         11652.9         8.41469  687
  320         15848.2         11650.8          8.3949  689
  321         15839.9         11648.6         8.38255  691
  322           15829         11642.1         8.37375  693
  323         15808.5         11614.4         8.38818  695
  324         15789.2         11553.7         8.47091  697
  325         15756.4         11540.5         8.43162  699
  326         15737.2         11526.4         8.42165  701
  327         15729.4         11503.8         8.45114  703
  328           15719         11497.8         8.44231  705
  329         15712.7         11493.5         8.43834  707
  330         15691.5         11472.3         8.43834  709
  331         15669.4         11444.8         8.44912  711
  332         15656.6         11426.7         8.45968  713
  333           15647         11418.7         8.45657  715
  334         15642.5         11420.7         8.44357  717
  335         15637.4         11421.3          8.4321  719
  336           15626         11417.4         8.41727  721
  337         15609.7         11408.2         8.40291  723
  338         15603.1         11407.3         8.39167  727
  339         15592.2           11404         8.37651  729
  340         15584.7         11403.1         8.36319  731
  341         15576.5         11403.6         8.34575  733
  342         15575.5         11403.8         8.34336  735
  343         15568.4         11404.8         8.32728  737
  344         15565.6         11404.8         8.32155  739
  345         15561.4         11404.9           8.313  741
  346           15556         11404.6         8.30277  743
  347         15555.1         11403.2         8.30377  745
  348           15546         11403.3         8.28549  747
  349         15543.8         11402.9         8.28188  749
  350           15541         11402.3         8.27731  751
  351         15536.8         11402.1         8.26933  753
  352         15530.4         11402.8         8.25517  755
  353         15527.3         11403.9         8.24681  759
  354         15523.5         11405.4         8.23628  761
  355         15521.3         11405.8         8.23091  763
  356           15519         11407.3         8.22339  765
  357         15517.3         11405.5         8.22354  767
  358         15516.2         11404.9         8.22255  769
  359         15512.8         11402.8         8.22002  771
  360         15508.6         11402.1           8.213  773
  361         15502.4         11401.3         8.20207  775
  362         15500.2         11401.6         8.19718  779
  363         15498.4         11402.8          8.1913  781
  364         15496.9         11404.9         8.18398  783
  365         15494.2         11406.4         8.17559  785
  366         15489.7         11407.2         8.16485  787
  367         15487.2           11404         8.16626  789
  368         15485.3         11400.2         8.17028  791
  369         15480.7         11395.6         8.17034  793
  370         15479.6         11395.3         8.16866  795
  371         15472.2         11390.2         8.16393  797
  372         15468.1           11387         8.16231  801
  373         15463.8         11386.6         8.15443  803
  374         15460.7         11388.2         8.14488  805
  375         15459.2         11390.3         8.13761  807
  376         15457.7         11391.9         8.13155  809
  377         15456.2         11391.2         8.13003  811
  378         15453.1         11388.2         8.12982  813
  379         15451.7         11386.5         8.13034  815
  380           15450         11384.9         8.13013  817
  381         15441.5         11376.1         8.13077  819
  382         15433.9         11364.5         8.13881  821
  383         15425.1         11358.5         8.13319  823
  384         15420.5         11355.8         8.12958  825
  385           15417         11352.6         8.12871  827
  386         15409.8         11345.1         8.12932  829
  387           15405         11328.6          8.1528  831
  388           15393         11323.5         8.13908  833
  389         15388.3         11320.8         8.13504  835
  390           15385         11315.8         8.13846  837
  391         15380.8         11308.1         8.14543  839
  392         15376.4         11303.4         8.14589  841
  393         15367.2         11287.8         8.15874  843
  394         15363.9           11286         8.15569  847
  395         15362.2         11287.9         8.14867  849
  396           15355         11286.2          8.1376  851
  397         15345.7         11281.9         8.12755  853
  398         15340.6         11271.1         8.13908  855
  399         15338.5         11259.4         8.15822  857
  400         15336.7         11261.1         8.15129  859
  401         15335.9         11261.6         8.14869  861
  402         15333.4         11260.9         8.14494  863
  403         15329.8         11256.4         8.14666  865
  404           15328         11253.9         8.14813  869
  405         15325.2         11248.5          8.1534  871
  406         15322.4         11241.8         8.16133  873
  407         15320.5         11236.5         8.16794  877
  408           15317         11231.1         8.17192  879
  409         15313.3         11227.3         8.17207  881
  410         15308.4         11223.8         8.16928  883
  411         15306.9           11223          8.1677  887
  412         15304.7         11223.9         8.16157  889
  413         15301.4         11225.9           8.151  891
  414         15299.5         11225.2         8.14848  895
  415         15296.6           11225         8.14313  897
  416         15291.9         11221.2         8.14132  899
  417         15290.6         11212.4          8.1564  901
  418         15286.2         11211.3         8.14994  903
  419         15284.4         11208.7         8.15147  905
  420         15282.3         11204.1         8.15637  907
  421         15280.5         11195.7         8.16957  909
  422           15277         11194.2         8.16571  911
  423         15269.5         11187.1         8.16482  913
  424         15264.4         11180.1         8.16865  915
  425         15258.4         11173.5         8.16979  917
  426         15255.5         11169.2          8.1726  921
  427         15251.3         11166.4         8.16977  923
  428         15248.1         11165.3         8.16552  925
  429         15246.8         11162.9         8.16774  927
  430         15243.2         11164.4         8.15755  929
  431         15241.7         11165.1         8.15322  931
  432         15237.5         11166.2         8.14268  933
  433         15233.3         11165.1         8.13631  935
  434         15226.6         11163.1         8.12703  937
  435         15222.2         11159.3         8.12597  939
  436           15221         11155.1         8.13186  941
  437         15217.2         11154.2         8.12596  943
  438         15215.8         11154.1         8.12351  945
  439         15210.7         11152.9         8.11569  947
  440         15206.2         11151.7         8.10895  949
  441         15204.4         11149.6         8.10949  951
  442           15201         11149.7         8.10266  953
  443         15198.7         11149.2         8.09895  955
  444         15194.3         11147.6         8.09335  957
  445         15187.9         11145.1         8.08554  959
  446         15185.9         11142.9         8.08599  961
  447         15182.3         11142.7         8.07928  963
  448         15181.3         11142.4         8.07798  965
  449         15179.7         11141.4         8.07657  967
  450         15176.2           11139         8.07433  969
  451         15172.6           11136         8.07306  971
  452         15171.7         11135.2         8.07303  975
  453         15169.8         11133.9         8.07193  977
  454         15168.9         11133.3         8.07112  979
  455         15167.4         11132.2         8.07059  981
  456         15166.5         11130.7         8.07175  983
  457         15164.7           11130         8.06936  985
  458         15163.2         11129.2           8.068  987
  459         15161.5         11128.1         8.06671  989
  460         15158.9         11126.3         8.06533  991
  461         15156.1         11124.1         8.06394  993
  462         15153.7         11122.6         8.06214  995
  463         15150.1         11119.4         8.06145  997
  464         15148.7         11117.2           8.063  1001
  465         15147.8         11116.4         8.06282  1003
  466         15146.5         11114.9         8.06311  1005
  467         15143.3         11110.5         8.06558  1007
  468         15140.2         11103.4         8.07361  1009
  469         15136.6         11097.5         8.07832  1011
  470         15134.7           11097         8.07531  1013
  471           15134         11095.4         8.07722  1015
  472         15132.6         11095.5         8.07413  1017
  473         15131.5         11094.6         8.07374  1019
  474         15128.1           11090          8.0763  1021
  475         15124.9         11083.9         8.08197  1023
  476         15123.5         11075.6          8.0958  1025
  477         15118.6         11072.5         8.09228  1027
  478         15115.9           11070         8.09176  1029
  479         15113.7           11067         8.09336  1031
  480         15112.4         11063.7         8.09738  1033
  481         15111.1         11062.6         8.09707  1035
  482         15110.2         11061.7         8.09708  1037
  483         15108.4         11059.2         8.09839  1039
  484         15105.9           11055         8.10176  1041
  485         15103.2           11049          8.1085  1043
  486         15101.2         11041.7         8.11903  1045
  487         15099.5         11042.6         8.11374  1047
  488         15097.8           11042         8.11151  1049
  489         15095.4         11037.1         8.11651  1051
  490         15093.1         11030.7         8.12474  1053
  491         15090.9           11025         8.13185  1055
  492         15086.7         11010.7         8.15192  1057
  493         15085.3         10999.1         8.17246  1059
  494         15083.1         11002.5         8.16121  1061
  495         15081.2         11003.6         8.15515  1063
  496         15076.9         11002.5         8.14887  1065
  497         15071.8         10994.5         8.15464  1067
  498         15070.2         10988.8         8.16272  1071
  499         15066.5         10977.7         8.17754  1073
  500         15063.9         10967.4         8.19295  1075
  501         15062.6         10956.6         8.21185  1077
  502         15059.1         10953.2         8.21187  1079
  503         15056.6         10951.9         8.20959  1081
  504         15053.6         10950.1         8.20691  1083
  505         15049.8         10946.6          8.2064  1085
  506         15047.4           10941         8.21287  1087
  507         15041.7         10940.1          8.2033  1089
  508         15035.7         10937.4         8.19661  1091
  509         15028.8         10931.7         8.19433  1093
  510         15026.2         10926.9         8.19876  1095
  511         15022.8         10926.6         8.19244  1097
  512         15020.3         10926.1         8.18845  1099
  513         15016.7         10924.7         8.18401  1101
  514         15009.9         10921.7         8.17629  1103
  515         15008.1         10920.1         8.17603  1105
  516         15004.9         10919.8         8.17034  1107
  517         15004.3         10919.6         8.16937  1109
  518         15003.5         10919.3         8.16839  1111
  519         15001.1           10918         8.16636  1113
  520         14997.4         10915.3         8.16405  1115
  521         14992.6         10911.9         8.16143  1117
  522           14991         10909.9         8.16219  1121
  523         14987.8         10907.7         8.16013  1123
  524         14985.6         10906.1         8.15904  1125
  525         14981.3           10902         8.15857  1127
  526         14980.8         10900.1         8.16141  1129
  527         14976.2         10898.2          8.1561  1131
  528         14974.6         10897.6         8.15399  1133
  529         14973.3         10896.7         8.15312  1135
  530         14971.4         10895.1         8.15258  1137
  531         14968.6         10891.1         8.15505  1139
  532         14966.7         10887.8         8.15773  1141
  533         14965.5         10888.1          8.1548  1143
  534         14964.6         10887.6         8.15399  1145
  535         14963.6         10886.5         8.15433  1147
  536         14961.2         10882.4         8.15742  1149
  537         14958.3         10875.7         8.16527  1151
  538         14953.8         10868.9         8.16979  1153
  539         14950.4         10863.6         8.17361  1155
  540         14948.5         10858.8          8.1793  1157
  541         14948.3         10854.9         8.18671  1159
  542         14946.5         10856.4          8.1802  1161
  543         14945.3         10856.3         8.17789  1163
  544         14942.7         10854.8         8.17582  1165
  545         14940.3         10851.7         8.17711  1167
  546         14938.5         10845.6         8.18564  1169
  547         14931.7         10841.5         8.18031  1171
  548         14925.9         10836.2         8.17951  1173
  549           14920         10828.3         8.18345  1175
  550         14915.6         10821.4         8.18831  1177
  551         14913.5         10816.8         8.19352  1181
  552           14910           10812         8.19604  1183
  553           14907         10807.7         8.19865  1185
  554         14903.9           10802         8.20377  1187
  555         14900.5         10794.1         8.21279  1189
  556         14895.7         10787.1         8.21718  1191
  557         14893.1         10785.9         8.21448  1193
  558           14890           10784         8.21213  1195
  559         14889.5           10780         8.21891  1197
  560         14887.4         10781.5          8.2119  1199
  561         14886.7         10781.2         8.21097  1201
  562         14883.9         10778.3         8.21115  1203
  563         14879.2         10771.6          8.2152  1205
  564         14870.6         10756.2          8.2287  1207
  565         14865.8         10737.6         8.25639  1209
  566         14856.4         10728.8         8.25519  1211
  567         14852.1         10725.3         8.25354  1213
  568         14848.3         10720.7         8.25521  1215
  569         14842.8         10711.2          8.2632  1217
  570         14840.1         10705.7         8.26868  1219
  571         14836.9         10702.8         8.26803  1221
  572         14835.1         10703.4         8.26332  1223
  573         14832.3         10704.4         8.25578  1225
  574           14829         10702.7         8.25257  1227
  575         14826.7         10703.8         8.24587  1229
  576         14824.8         10701.5         8.24663  1231
  577         14821.3         10694.6         8.25341  1233
  578         14815.9         10682.4         8.26709  1235
  579         14806.4         10654.2         8.30442  1237
  580           14802         10636.5           8.331  1241
  581         14797.3         10626.7         8.34127  1243
  582         14793.9         10619.8         8.34819  1245
  583         14791.7         10613.1          8.3572  1247
  584         14786.9         10605.8         8.36217  1249
  585         14781.1         10591.3         8.37942  1251
  586         14776.2         10585.8         8.38079  1253
  587         14770.9         10581.8         8.37833  1255
  588         14769.2         10562.1         8.41427  1257
  589         14763.2         10566.6         8.39308  1259
  590         14758.5         10561.5         8.39396  1261
  591         14748.1         10534.5         8.42709  1263
  592         14741.1         10500.5         8.48123  1265
  593           14738           10480         8.51591  1269
  594         14735.9         10473.5          8.5249  1271
  595           14734         10468.1         8.53175  1273
  596         14731.7         10459.7         8.54394  1275
  597         14729.2           10457         8.54439  1279
  598         14723.9         10448.9         8.54999  1281
  599         14715.1         10442.4         8.54532  1283
  600         14709.7         10443.2         8.53313  1285
  601         14705.7         10446.7         8.51809  1287
  602         14700.3           10447         8.50657  1289
  603         14697.1         10430.4         8.53339  1291
  604         14690.6           10425         8.53121  1293
  605           14678         10396.3         8.56336  1295
  606         14664.9         10345.2         8.63942  1297
  607         14652.5         10292.2         8.72055  1299
  608         14646.5         10251.7         8.78966  1303
  609         14638.7         10226.9         8.82356  1305
  610         14634.7         10223.3         8.82271  1307
  611         14630.1         10216.8         8.82657  1309
  612         14624.2         10224.1         8.80033  1311
  613         14617.9         10223.4         8.78901  1313
  614         14612.1         10214.6         8.79489  1315
  615         14607.5         10204.9         8.80502  1317
  616         14606.3           10198         8.81662  1319
  617         14604.7         10185.8          8.8377  1321
  618         14603.4         10175.7         8.85535  1325
  619         14600.9         10164.2         8.87352  1327
  620         14595.9         10141.9         8.90794  1329
  621         14594.1         10121.7         8.94483  1331
  622         14591.3         10126.9         8.92872  1333
  623         14590.2         10132.4         8.91555  1335
  624         14587.9         10136.9         8.90216  1337
  625         14585.9         10139.3         8.89319  1341
  626         14582.5         10137.9         8.88931  1343
  627         14577.6         10129.4         8.89634  1345
  628         14575.8         10121.8         8.90797  1347
  629         14573.4         10115.6         8.91561  1349
  630         14571.9         10114.9         8.91399  1351
  631         14569.6         10113.8         8.91167  1353
  632         14569.1         10113.1         8.91186  1357
  633         14568.7         10113.7            8.91  1359
  634         14565.9         10114.5         8.90292  1361
  635         14563.7         10115.2         8.89689  1363
  636         14562.3         10112.8         8.89893  1365
  637         14560.6         10110.2         8.90099  1367
  638         14557.6         10098.2          8.9189  1369
  639         14557.3         10096.6         8.92124  1373
  640         14556.9         10095.6         8.92255  1375
  641         14554.6         10090.1         8.92893  1377
  642         14552.7         10086.6         8.93221  1379
  643         14552.4         10084.2         8.93633  1381
  644         14550.6         10086.3         8.92847  1383
  645         14549.4         10088.9         8.92106  1385
  646           14548         10090.5           8.915  1387
  647         14545.4         10088.7         8.91331  1389
  648         14543.3           10085          8.9165  1391
  649         14541.2         10081.8         8.91883  1393
  650         14539.4         10075.8          8.9273  1395
  651         14538.5         10072.7         8.93156  1397
  652         14537.3         10067.4         8.93976  1399
  653         14536.4         10068.4         8.93598  1401
  654         14535.4         10069.8         8.93134  1403
  655         14534.9         10070.8         8.92822  1405
  656         14534.2         10070.2          8.9279  1407
  657         14532.7         10067.6         8.93025  1409
  658         14530.9         10062.7          8.9363  1411
  659         14530.4           10061         8.93864  1415
  660         14529.4         10057.4         8.94398  1417
  661         14528.6         10054.4         8.94836  1419
  662         14527.4         10050.1         8.95465  1421
  663         14525.5         10043.1          8.9648  1423
  664         14524.3         10040.9         8.96697  1427
  665         14522.6         10036.8         8.97149  1429
  666         14521.7         10035.6         8.97219  1431
  667         14521.2         10036.2         8.97018  1433
  668         14520.1         10035.7         8.96896  1435
  669         14519.1           10031         8.97617  1437
  670         14516.4         10027.7         8.97725  1439
  671           14515         10023.9         8.98216  1441
  672         14513.5         10016.8         8.99352  1443
  673         14512.9         10013.3          8.9992  1447
  674           14512         10011.3         9.00136  1449
  675         14508.6         10003.5         9.01019  1451
  676         14506.8         9996.74         9.02004  1453
  677         14506.1         9997.22          9.0177  1455
  678         14505.7         9998.81          9.0137  1457
  679         14505.4         10000.2         9.01051  1459
  680           14505         10001.2         9.00765  1461
  681           14504         10001.6         9.00486  1463
  682           14503         10000.6         9.00486  1465
  683         14502.2         9998.14         9.00808  1467
  684         14501.6         9994.21         9.01486  1469
  685         14501.4         9992.06         9.01864  1471
  686         14500.8         9989.17         9.02326  1473
  687         14499.8         9985.64         9.02834  1475
  688         14499.4         9982.64         9.03347  1477
  689         14498.7         9985.24          9.0269  1479
  690         14498.5         9986.73         9.02359  1481
  691         14498.2         9988.33         9.01979  1483
  692         14497.5         9991.22         9.01263  1485
  693         14496.6         9992.65         9.00785  1487
  694         14495.6         9992.57         9.00611  1489
  695         14495.4         9990.64          9.0095  1491
  696           14495         9990.13          9.0097  1493
  697         14494.9         9989.81         9.01013  1495
  698         14494.5         9988.59         9.01187  1497
  699         14494.1         9987.67          9.0129  1499
  700         14493.5         9986.69         9.01366  1501
  701         14492.9         9987.26         9.01127  1503
  702         14492.2         9989.07          9.0062  1505
  703         14491.8         9990.44         9.00279  1509
  704         14491.6         9991.63         8.99986  1511
  705         14491.3         9992.13         8.99829  1513
  706         14490.3         9993.35         8.99395  1515
  707         14489.6          9994.6         8.98992  1517
  708         14488.7         9993.63         8.99015  1519
  709         14488.3         9992.31         8.99193  1521
  710         14488.1         9991.51         8.99312  1523
  711         14487.9         9991.23         8.99327  1525
  712         14487.1         9990.85         8.99242  1527
  713         14486.2         9990.88         8.99072  1529
  714         14485.7          9991.8         8.98779  1531
  715         14485.1         9991.97          8.9863  1533
  716         14484.8          9992.2         8.98515  1535
  717         14484.2         9992.76         8.98285  1537
  718         14483.9         9993.08         8.98168  1541
  719         14483.5         9993.27         8.98051  1543
  720         14482.6         9993.62         8.97788  1545
  721         14482.2         9993.89         8.97658  1549
  722         14481.7          9993.9         8.97562  1551
  723         14481.3          9993.8         8.97502  1553
  724         14480.7         9993.69         8.97401  1555
  725         14480.4         9993.57         8.97362  1557
  726         14479.6         9993.58         8.97207  1559
  727         14479.2         9993.58         8.97129  1561
  728           14479         9993.57          8.9709  1563
  729         14478.9         9993.59         8.97071  1567
  730         14478.9         9993.58         8.97054  1569
  731         14478.6         9993.59         8.97002  1571
  732         14478.2         9993.65         8.96909  1573
  733         14477.8         9993.79         8.96794  1575
  734         14477.3            9994         8.96656  1577
  735           14477            9994           8.966  1579
  736         14476.6         9993.92         8.96534  1581
  737         14476.5         9993.92         8.96507  1585
  738         14476.3         9993.85         8.96488  1587
  739         14475.8         9993.65         8.96437  1589
  740           14475         9993.28         8.96343  1591
  741         14474.6         9993.09         8.96304  1595
  742         14473.8         9992.85          8.9619  1597
  743         14473.1         9992.69         8.96083  1599
  744         14472.7         9992.49         8.96051  1601
  745         14472.1         9992.45         8.95932  1603
  746         14471.5         9992.33         8.95834  1605
  747         14470.8          9992.1         8.95731  1607
  748         14469.8          9991.7         8.95616  1609
  749         14468.6         9991.28         8.95462  1611
  750         14467.4         9991.19         8.95241  1613
  751         14466.7         9991.12          8.9512  1617
  752         14466.1         9991.11         8.94988  1619
  753           14465         9991.08         8.94786  1623
  754         14463.5         9990.99         8.94508  1625
  755         14463.1         9990.92          8.9443  1627
  756         14462.8         9990.81         8.94395  1629
  757         14461.7         9990.29         8.94281  1631
  758         14461.1         9989.63         8.94291  1633
  759         14460.3         9989.55         8.94149  1635
  760         14459.9         9989.57         8.94058  1637
  761         14459.3         9989.61         8.93938  1639
  762         14458.9          9989.4         8.93897  1641
  763         14458.6         9989.16         8.93888  1643
  764         14455.6         9985.87         8.93951  1645
