    0      1.4731e+06      1.4731e+06               0  1
    1     1.19457e+06     1.19173e+06          47.298  7
    2          921233          783496         2295.62  11
    3          477168          475529         27.3231  13
    4          436367          434626          29.015  15
    5          427964          421159         113.415  19
    6          412769          408948         63.6777  21
    7          375606          372836         46.1735  23
    8          313668          252043         1027.07  25
    9          278731          221568         952.708  27
   10          205143          193230         198.548  29
   11          169562          157356         203.437  31
   12          154204          135957         304.128  33
   13          146021          132680         222.349  35
   14          141193          128574         210.318  37
   15          132905          119846         217.636  39
   16          110083         95239.7         247.385  41
   17          105908         90445.2         257.711  45
   18          100489         85405.3         251.387  47
   19         97428.9         80275.4         285.892  49
   20         93848.1         79816.3         233.863  51
   21         92488.3         78721.7         229.444  53
   22         84101.2         70801.5         221.661  55
   23         80679.7           68281         206.644  59
   24         78868.6           66869         199.993  61
   25         77449.6         65234.6         203.584  63
   26         75539.2         62506.4         217.213  65
   27         72448.1         59266.2         219.699  67
   28         68770.7         54321.8         240.814  69
   29           65867         51005.9         247.685  71
   30         63536.3         48926.1         243.504  73
   31         61143.7         46858.9         238.081  75
   32         59057.3         42677.7         272.993  77
   33           54334           40499         230.584  79
   34         50345.7         36679.1         227.777  81
   35         47915.6           33980          232.26  83
   36         46940.5           32667         237.891  87
   37         45042.8           31159         231.397  89
   38         42090.7         28926.5         219.403  91
   39         39434.3         27359.2         201.251  93
   40         38588.9         27020.9         192.801  97
   41         37855.7           26797         184.311  99
   42           36504           26164         172.332  101
   43         35065.9         25600.9          157.75  103
   44         33120.1         24677.5         140.709  105
   45         30664.3         23186.7         124.627  107
   46         29576.8         22567.2         116.827  111
   47         28918.6           21849         117.827  113
   48         28033.9         20779.8         120.901  115
   49         27704.4         19517.2         136.454  117
   50         26027.1           19295         112.201  119
   51         24879.9         18928.5         99.1897  121
   52         24314.4         18823.4         91.5167  123
   53         23988.8         18476.4         91.8731  127
   54         23425.5         18296.6         85.4808  129
   55         22198.7         17678.1         75.3429  131
   56         22094.7         17322.8         79.5325  133
   57         21631.3         17255.8         72.9254  135
   58         21449.4         17117.2         72.2044  137
   59         21071.5         16810.8          71.013  139
   60         20608.1         16485.2         68.7153  141
   61         20493.8         16142.6          72.521  143
   62         19941.3         16081.8         64.3255  145
   63         19537.8         15864.3         61.2248  147
   64         19092.5         15582.5         58.5007  149
   65           18688         15242.2         57.4301  151
   66         18137.2         14843.2         54.9001  153
   67         17731.3         14500.3          53.851  155
   68         17443.3         14177.1         54.4358  157
   69         17173.1         14150.8         50.3719  159
   70         17082.8         14097.4         49.7571  161
   71         16932.5         13968.2         49.4044  163
   72         16640.6           13726         48.5767  165
   73         16512.3         13622.1         48.1699  169
   74         16320.4           13524         46.6075  171
   75         16092.3         13349.4         45.7143  173
   76         15800.3           13090          45.171  175
   77         15678.8         12810.8         47.7989  177
   78           15333         12736.3         43.2788  179
   79         15218.9           12664         42.5813  181
   80         15040.2         12528.6         41.8603  183
   81         14921.8         12374.3         42.4582  187
   82           14730         12222.2         41.7979  189
   83         14498.2         11943.4         42.5804  191
   84         14383.1         11758.2         43.7475  193
   85         14259.8         11655.7         43.4012  195
   86         14159.9         11614.6         42.4207  197
   87         13995.7           11432         42.7284  199
   88         13787.2         11325.9         41.0217  201
   89         13551.6           11109         40.7094  203
   90         13356.8         10761.4         43.2571  205
   91         13267.7         10563.9         45.0633  207
   92         13164.7         10572.8         43.1989  209
   93         13068.4         10516.6         42.5292  211
   94         12934.4         10411.7         42.0453  213
   95           12891         10104.4         46.4435  215
   96         12695.8         10083.3         43.5409  217
   97         12606.6         9960.56         44.0999  219
   98         12523.2         9769.04         45.9021  221
   99         12378.2         9635.61         45.7105  223
  100         12231.6         9455.48         46.2694  227
  101         12030.7         9443.22         43.1239  229
  102         11951.2         9431.05         42.0027  231
  103         11864.2         9329.15         42.2503  233
  104         11714.4         9267.93          40.774  235
  105         11665.9         9208.39         40.9581  237
  106         11570.6         9082.94         41.4614  239
  107         11515.6         9010.47         41.7523  243
  108         11443.4         8950.88         41.5418  245
  109           11221         8725.34         41.5942  247
  110         11170.9         8660.28          41.844  251
  111         11120.3         8631.11         41.4862  253
  112         11047.7         8574.55          41.219  255
  113         10982.6         8444.93         42.2938  257
  114         10836.2         8380.86          40.922  259
  115         10793.3          8343.2         40.8356  261
  116         10707.1         8261.21         40.7649  263
  117           10657         8177.56         41.3248  267
  118         10535.1         8052.02         41.3848  269
  119         10413.6         7904.45          41.819  271
  120         10350.8         7791.66         42.6529  273
  121         10286.1         7771.81          41.905  275
  122         10249.1         7772.79         41.2714  277
  123         10144.9          7720.6         40.4053  279
  124         10083.9          7682.1         40.0295  281
  125         9999.78         7606.78         39.8833  283
  126          9926.4         7489.76         40.6107  285
  127         9879.69          7415.5         41.0699  287
  128         9846.12          7328.7         41.9571  289
  129         9797.36            7317         41.3393  291
  130         9742.02         7294.89         40.7855  293
  131          9690.7         7261.93         40.4795  295
  132         9661.02         7258.52         40.0417  297
  133         9637.18         7244.22         39.8827  299
  134         9593.07         7208.09         39.7497  301
  135         9545.51         7175.21         39.5049  303
  136         9519.05         7151.79         39.4544  307
  137         9481.15         7137.24         39.0652  309
  138         9450.96         7117.69         38.8877  311
  139         9401.06         7081.68         38.6564  313
  140         9346.15         7032.73          38.557  315
  141         9333.51         6984.36         39.1526  317
  142         9274.33         6977.74         38.2766  319
  143         9260.36         6971.99         38.1396  321
  144         9240.13         6962.64         37.9582  323
  145         9223.83         6946.44         37.9565  325
  146         9202.81          6932.4         37.8402  327
  147         9164.18         6888.19         37.9332  329
  148         9144.29         6855.95         38.1391  331
  149         9132.87         6838.31         38.2428  333
  150         9122.54         6830.45         38.2015  335
  151         9099.73         6813.68         38.1008  337
  152         9071.75         6794.16         37.9598  339
  153         9054.88            6779         37.9314  343
  154         9022.92         6765.67          37.621  345
  155         8998.59         6747.76         37.5138  347
  156         8962.86         6712.67         37.5031  349
  157         8943.91         6682.44         37.6912  351
  158         8922.21         6672.28         37.4988  353
  159         8912.42         6667.83         37.4098  355
  160         8893.77         6657.92         37.2643  357
  161         8885.38         6643.32         37.3676  361
  162         8868.74         6629.86         37.3146  363
  163         8821.55         6574.76         37.4465  365
  164         8809.27         6551.95          37.622  369
  165         8791.89         6531.14         37.6792  371
  166          8774.6          6503.9          37.845  373
  167         8753.16         6478.15         37.9168  375
  168         8734.94         6457.18         37.9626  377
  169         8730.81         6436.75         38.2342  379
  170         8713.05          6439.1         37.8992  381
  171         8706.08         6435.68           37.84  383
  172         8690.39         6420.75         37.8274  385
  173         8673.06         6397.02         37.9341  387
  174         8654.03         6366.14         38.1315  389
  175         8637.38         6340.39         38.2831  391
  176         8611.06         6273.05         38.9668  393
  177         8606.82         6264.55         39.0377  397
  178         8600.11          6256.5         39.0601  399
  179         8556.13         6182.99         39.5523  401
  180         8549.62         6169.54          39.668  405
  181         8538.63         6158.26         39.6728  407
  182         8521.82         6140.27         39.6925  409
  183         8496.21          6103.7         39.8751  411
  184         8484.09         6084.44         39.9942  413
  185         8473.02         6084.49         39.8088  415
  186         8462.97         6079.49         39.7247  417
  187         8453.55         6068.88         39.7445  419
  188         8448.23         6035.87          40.206  421
  189          8427.7         6027.09         40.0102  423
  190         8418.33         6013.06         40.0879  425
  191         8411.09         5995.16         40.2655  427
  192         8400.96          5966.7         40.5712  429
  193         8385.07         5942.52         40.7091  431
  194         8370.35         5919.49         40.8478  433
  195         8364.09         5912.97         40.8521  435
  196         8354.77         5902.08         40.8783  437
  197         8344.34         5896.38         40.7992  439
  198         8334.54         5887.41         40.7855  441
  199         8327.46         5886.69         40.6795  443
  200         8323.77         5884.61         40.6527  445
  201          8315.5         5876.38          40.652  447
  202         8310.08         5868.95         40.6855  451
  203         8301.71         5860.75         40.6826  453
  204         8293.23         5848.54         40.7449  455
  205         8287.18         5837.49         40.8282  457
  206         8283.67         5825.66         40.9668  459
  207         8277.27         5826.68         40.8432  461
  208         8272.35         5826.66         40.7614  463
  209         8267.27         5827.15         40.6687  465
  210         8263.57         5824.07         40.6584  469
  211         8256.62         5821.96         40.5777  471
  212         8243.54         5809.52          40.567  473
  213         8236.93         5796.87         40.6676  475
  214         8234.34         5787.67         40.7777  477
  215         8231.54         5789.66         40.6978  479
  216         8229.77         5789.81          40.666  481
  217         8226.87          5788.7         40.6361  483
  218          8221.9         5785.37          40.609  485
  219         8219.36         5781.63         40.6288  489
  220         8211.89         5774.89         40.6168  491
  221         8201.83         5760.48         40.6892  493
  222         8197.34         5736.72         41.0104  495
  223         8187.96          5735.1          40.881  497
  224         8185.38         5733.86         40.8585  499
  225         8182.97         5731.51         40.8577  501
  226         8180.64         5726.21         40.9072  505
  227         8176.34         5721.63         40.9118  507
  228         8168.84         5711.11         40.9621  509
  229         8165.77         5702.57         41.0533  511
  230         8161.73         5698.34         41.0566  513
  231         8159.44         5696.26          41.053  515
  232         8155.01         5690.19         41.0802  517
  233         8149.41         5683.33         41.1013  519
  234         8147.04         5668.72         41.3052  521
  235         8138.52         5667.26         41.1876  523
  236         8133.26         5662.02         41.1873  525
  237         8129.25         5654.93         41.2386  527
  238          8125.4         5645.02         41.3396  529
  239         8119.06         5635.38         41.3946  531
  240          8110.1         5618.89         41.5201  533
  241         8105.59         5608.83         41.6126  535
  242          8103.3         5605.75         41.6259  537
  243         8101.27         5607.18         41.5681  539
  244         8098.08          5608.7         41.4897  541
  245         8094.41         5609.18         41.4204  543
  246         8090.88         5606.38         41.4083  545
  247         8083.43         5604.36         41.3179  547
  248         8077.07         5595.93         41.3523  549
  249         8071.14         5583.67         41.4577  551
  250         8069.08         5572.03         41.6175  553
  251         8064.04         5570.76         41.5547  555
  252         8060.62         5569.86         41.5126  557
  253         8056.54         5568.75         41.4631  559
  254         8052.26         5569.21         41.3843  561
  255         8047.89         5571.06         41.2805  563
  256         8042.43         5571.09         41.1891  565
  257         8031.48         5570.91         41.0095  567
  258          8028.6         5571.93         40.9445  571
  259            8025         5572.57         40.8739  573
  260         8022.05         5572.36         40.8282  575
  261         8017.97         5572.94         40.7506  577
  262         8014.81         5572.26         40.7091  583
  263         8011.88         5570.32         40.6926  585
  264         8008.99         5568.36          40.677  589
  265         8005.13         5566.91         40.6369  591
  266         8000.15          5565.2         40.5826  593
  267         7994.94         5561.19         40.5626  595
  268         7989.32         5560.91         40.4736  597
  269         7987.56         5560.74         40.4471  599
  270          7985.4         5560.62         40.4129  601
  271         7983.28         5559.08         40.4033  605
  272         7978.96         5558.69         40.3377  607
  273         7973.09         5556.79         40.2716  609
  274         7969.91          5555.8         40.2351  611
  275         7966.89         5554.07         40.2137  613
  276         7964.74         5553.09         40.1942  615
  277         7960.59         5553.28         40.1217  617
  278         7956.19         5553.81         40.0397  619
  279         7952.33         5553.15         39.9864  621
  280         7942.63         5553.37          39.821  623
  281         7940.17         5554.42         39.7625  627
  282         7936.36         5554.11         39.7042  629
  283         7928.63         5552.28         39.6058  631
  284         7924.46         5552.19         39.5377  633
  285         7920.61         5553.06         39.4591  635
  286          7917.7          5552.6         39.4183  637
  287         7910.88         5552.98         39.2982  639
  288         7907.28         5557.85         39.1572  641
  289         7902.75         5557.16         39.0932  643
  290         7896.51         5558.89         38.9604  645
  291         7894.15         5561.34         38.8803  647
  292         7892.04         5564.58         38.7909  651
  293         7888.41         5567.09         38.6887  653
  294         7882.32         5570.82          38.525  655
  295         7877.89         5573.91         38.3997  657
  296         7875.29         5576.66         38.3105  659
  297         7872.23         5574.67         38.2926  661
  298         7868.27         5570.62         38.2943  663
  299         7864.89         5567.72         38.2862  665
  300         7862.66         5566.58          38.268  669
  301         7858.68         5566.07         38.2102  671
  302         7855.27          5567.8         38.1245  673
  303         7852.06          5572.4         37.9943  675
  304         7850.49         5578.66         37.8637  677
  305         7847.38         5578.52         37.8143  679
  306         7843.97         5578.38         37.7599  681
  307         7841.02         5579.81         37.6868  683
  308         7836.89         5582.28         37.5768  685
  309         7834.73         5592.03         37.3783  687
  310         7829.95         5589.11         37.3472  689
  311         7828.26         5588.41         37.3309  691
  312         7825.53         5591.51         37.2337  693
  313         7822.43         5593.93         37.1417  695
  314         7818.79         5596.31         37.0414  697
  315         7813.36         5599.41         36.8991  699
  316         7811.24         5601.32         36.8319  703
  317         7810.05         5600.83         36.8204  705
  318         7808.61         5600.56         36.8009  707
  319         7807.07         5600.07         36.7832  709
  320         7802.25         5600.25         36.6999  711
  321         7799.52         5600.53         36.6497  715
  322         7795.74         5600.75         36.5831  717
  323         7792.17         5600.88         36.5215  719
  324         7790.61         5601.79         36.4803  721
  325          7788.5         5601.03         36.4578  723
  326          7785.5         5599.64          36.431  725
  327         7783.84         5599.53         36.4052  727
  328         7782.53         5599.58         36.3826  729
  329         7780.72         5599.21         36.3586  731
  330         7778.47          5598.2         36.3378  733
  331         7775.93         5597.89         36.3006  735
  332         7774.02         5598.42         36.2601  737
  333         7771.39         5598.35         36.2173  739
  334         7767.91         5597.23          36.178  741
  335         7764.23         5596.82         36.1234  743
  336         7763.16         5597.92         36.0874  745
  337         7760.95          5597.5         36.0576  747
  338         7760.05         5597.11         36.0489  749
  339          7758.6         5596.71         36.0314  751
  340         7756.64         5596.74         35.9983  753
  341         7755.37         5598.59         35.9463  755
  342         7752.22         5597.47         35.9126  757
  343         7749.99         5596.15         35.8975  759
  344         7747.49          5595.6         35.8648  761
  345         7746.52         5595.78         35.8457  763
  346         7744.58         5595.47         35.8185  765
  347          7742.8          5594.5          35.805  767
  348         7740.52         5593.03         35.7915  769
  349         7737.77         5591.04         35.7788  771
  350         7736.04         5590.21         35.7639  773
  351         7734.41         5588.54         35.7646  775
  352         7731.67         5584.61         35.7843  777
  353         7729.07         5580.91         35.8025  779
  354          7727.3         5578.25         35.8174  781
  355         7725.26         5576.96          35.805  783
  356         7723.35         5576.02         35.7888  785
  357         7720.08         5574.45         35.7604  787
  358         7715.34         5570.42         35.7486  789
  359         7711.86         5565.96         35.7651  793
  360         7709.12         5562.72         35.7733  795
  361         7708.05         5561.18         35.7812  797
  362         7707.32         5556.33         35.8497  799
  363            7704         5555.28          35.812  801
  364         7702.07         5553.51         35.8094  803
  365         7700.15         5551.03         35.8187  805
  366          7698.1         5548.34         35.8294  807
  367         7694.64          5543.5         35.8522  809
  368         7691.93          5540.9         35.8505  811
  369         7689.46         5539.19         35.8379  813
  370         7688.45         5538.59         35.8311  817
  371         7687.16         5538.09         35.8179  819
  372         7683.69          5535.3         35.8064  821
  373         7680.86         5532.41         35.8074  823
  374         7680.25         5529.82         35.8404  825
  375          7677.8         5529.82         35.7997  827
  376         7676.85         5529.48         35.7895  829
  377         7675.55         5528.83         35.7786  831
  378         7674.83            5527         35.7972  833
  379         7672.51         5526.76         35.7626  835
  380         7670.87         5525.35         35.7587  837
  381         7668.98         5522.66          35.772  839
  382         7667.06         5519.93         35.7854  841
  383         7665.74         5516.76         35.8163  845
  384         7663.11            5513         35.8353  847
  385         7661.02         5510.05         35.8495  849
  386         7659.77         5506.09         35.8946  851
  387         7657.81         5506.39         35.8571  853
  388         7656.92         5506.78         35.8357  855
  389         7654.75         5506.63          35.802  857
  390          7653.7         5505.57         35.8021  861
  391         7651.84         5504.81         35.7839  863
  392         7649.84         5503.29         35.7758  865
  393         7647.41         5501.01         35.7734  867
  394         7644.03         5497.85         35.7698  869
  395         7641.18         5494.99         35.7697  871
  396         7638.75         5492.66         35.7681  873
  397         7638.28         5491.86         35.7736  875
  398         7637.02          5491.6          35.757  877
  399         7636.06         5490.92         35.7523  879
  400         7634.14         5489.25         35.7482  881
  401         7632.32          5487.5         35.7469  883
  402         7631.52         5486.36         35.7527  887
  403         7629.66         5484.11         35.7593  889
  404         7627.55         5480.82         35.7788  891
  405         7624.73         5475.87         35.8143  893
  406         7623.63         5474.18         35.8241  897
  407         7622.48         5473.81         35.8112  899
  408         7620.85         5473.36         35.7914  901
  409         7619.11         5472.68         35.7739  903
  410            7617         5471.17         35.7638  905
  411         7614.79         5469.36         35.7571  907
  412         7614.23         5468.52          35.762  909
  413         7612.96         5468.16         35.7467  911
  414          7612.5         5467.88         35.7436  913
  415         7610.98         5467.03         35.7326  915
  416         7609.36         5465.99         35.7228  917
  417         7608.95         5465.32         35.7271  919
  418         7605.96         5463.81         35.7026  921
  419         7604.25         5461.89         35.7059  923
  420         7600.96         5456.94         35.7336  925
  421         7599.93         5454.79         35.7522  929
  422         7598.71         5453.27         35.7574  931
  423         7597.56         5451.79         35.7628  933
  424         7596.23          5450.1         35.7689  935
  425          7594.2         5447.15         35.7843  937
  426         7593.37         5446.51          35.781  939
  427         7592.05         5446.75         35.7551  941
  428         7591.36         5447.23         35.7355  943
  429         7590.63         5447.64         35.7165  945
  430         7589.98         5448.24         35.6955  947
  431         7589.36         5448.32         35.6839  949
  432         7588.53         5448.06         35.6745  951
  433         7587.12         5447.49         35.6605  953
  434         7586.19         5446.65         35.6589  955
  435         7584.19         5446.27         35.6321  957
  436         7583.21         5445.44         35.6294  959
  437         7581.54         5443.91         35.6272  961
  438         7580.16         5442.74         35.6238  963
  439         7578.96         5441.78         35.6197  965
  440          7578.2         5441.03         35.6194  967
  441         7576.71         5439.49         35.6203  969
  442         7575.81         5437.93         35.6314  971
  443         7574.83         5437.92          35.615  973
  444         7574.35         5437.74         35.6101  975
  445         7573.11         5436.99          35.602  977
  446         7571.31         5436.03          35.588  979
  447         7570.07         5434.56         35.5918  981
  448         7568.14         5433.72         35.5738  983
  449         7566.68         5432.24          35.574  985
  450         7565.49         5430.93          35.576  987
  451          7564.9         5429.49         35.5901  989
  452         7564.04         5429.43         35.5769  991
  453         7563.13         5429.14         35.5665  993
  454         7561.96         5428.77         35.5532  995
  455         7560.62         5428.71         35.5318  997
  456         7559.95         5428.71         35.5207  999
  457          7558.6         5428.34         35.5042  1001
  458         7557.45         5427.62         35.4971  1003
  459         7555.66         5426.93         35.4788  1005
  460         7554.61         5426.25         35.4727  1007
  461         7553.42         5425.37         35.4675  1009
  462         7552.06         5423.41         35.4776  1011
  463         7550.22         5420.46         35.4959  1013
  464         7547.88         5416.18         35.5284  1015
  465         7546.98         5413.77         35.5535  1017
  466         7546.46          5414.1         35.5393  1019
  467         7545.97         5414.19         35.5296  1021
  468         7545.14         5413.32         35.5303  1023
  469         7544.26         5412.48         35.5297  1025
  470         7543.44         5411.54         35.5316  1027
  471         7542.75         5410.33         35.5403  1029
  472         7541.45         5406.88          35.576  1031
  473         7541.03          5406.2         35.5806  1035
  474         7540.64         5406.08         35.5759  1037
  475         7539.53          5405.9         35.5604  1039
  476         7538.46         5405.45         35.5501  1041
  477         7537.24         5405.66         35.5264  1043
  478         7536.02         5404.98         35.5173  1045
  479         7535.18         5403.87         35.5218  1049
  480            7534         5403.37         35.5106  1051
  481         7533.28         5402.66         35.5104  1053
  482         7530.89            5398         35.5482  1055
  483         7529.93         5395.92         35.5668  1057
  484         7529.05         5396.17          35.548  1059
  485         7528.58         5395.72         35.5477  1061
  486         7527.93          5394.7          35.554  1063
  487         7526.84         5391.96         35.5813  1065
  488         7526.08         5388.21         35.6312  1067
  489         7525.01          5387.3         35.6286  1069
  490         7524.51         5386.68         35.6306  1071
  491          7523.8         5385.15         35.6442  1073
  492         7522.71         5383.05          35.661  1075
  493         7521.44          5380.8         35.6773  1077
  494         7519.51          5375.6         35.7317  1079
  495         7518.93         5374.49         35.7407  1083
  496          7518.6         5374.79         35.7302  1085
  497         7517.48         5373.25         35.7373  1087
  498         7515.99         5371.89          35.735  1089
  499         7515.21         5369.85         35.7561  1093
  500         7513.65         5366.52         35.7855  1095
  501         7513.05         5364.82         35.8039  1097
  502         7512.23         5362.31          35.832  1099
  503         7511.73         5360.85         35.8479  1103
  504         7511.05         5360.27         35.8464  1105
  505         7510.03         5359.59         35.8407  1107
  506         7509.53         5359.97         35.8259  1109
  507          7508.8         5359.79         35.8169  1111
  508         7508.17         5359.57         35.8101  1113
  509         7507.41         5359.52         35.7983  1115
  510         7506.67         5359.46         35.7868  1119
  511         7505.42         5359.33         35.7681  1121
  512         7503.29         5358.45         35.7474  1123
  513         7502.59         5357.76         35.7472  1125
  514         7501.97         5357.67         35.7383  1127
  515         7501.76         5357.66         35.7352  1129
  516         7501.07         5357.66         35.7235  1131
  517         7500.55          5357.9         35.7107  1135
  518         7499.65            5358         35.6941  1137
  519          7498.2         5357.73         35.6745  1139
  520         7497.88         5357.69         35.6699  1141
  521         7496.86         5356.96         35.6651  1143
  522          7496.4         5356.35         35.6675  1145
  523         7495.65         5355.33          35.672  1147
  524         7495.17         5354.67         35.6749  1151
  525         7494.28         5353.71         35.6762  1153
  526          7493.1         5352.46         35.6774  1155
  527         7492.46         5351.75         35.6785  1157
  528         7491.94         5351.53         35.6734  1159
  529         7491.54         5351.65         35.6648  1161
  530         7490.58         5351.86         35.6455  1163
  531         7489.97         5352.22         35.6291  1165
  532         7489.22         5352.09         35.6188  1167
  533         7488.24         5351.08         35.6193  1169
  534          7487.6         5349.94         35.6277  1173
  535         7487.07         5349.15          35.632  1175
  536          7486.9         5349.13         35.6296  1177
  537         7485.53         5349.72         35.5967  1179
  538         7485.07          5349.7         35.5894  1183
  539         7484.54         5349.87         35.5779  1185
  540         7483.63         5350.22         35.5567  1187
  541         7483.49         5350.25         35.5541  1189
  542         7483.04         5350.01         35.5504  1191
  543         7482.74          5349.6         35.5522  1193
  544          7482.4         5348.93         35.5577  1195
  545         7482.19          5348.7         35.5583  1199
  546         7481.84         5348.33         35.5585  1201
  547         7481.17         5347.72         35.5575  1203
  548         7480.63         5347.44         35.5531  1205
  549         7480.46         5347.22          35.554  1207
  550         7479.77         5347.37           35.54  1209
  551         7479.46          5347.4         35.5342  1211
  552         7479.08         5347.41         35.5279  1213
  553         7478.58         5347.43         35.5192  1215
  554         7478.18         5347.37         35.5134  1219
  555          7477.7         5347.25         35.5076  1221
  556         7477.07         5346.98         35.5014  1223
  557         7476.65         5346.91         35.4958  1225
  558         7476.26         5346.92          35.489  1227
  559         7475.82         5346.87         35.4825  1229
  560         7475.19         5347.01         35.4696  1231
  561         7474.49         5346.89           35.46  1233
  562         7473.98          5346.7         35.4546  1235
  563         7473.19         5346.85         35.4389  1237
  564         7472.96         5347.09         35.4312  1241
  565         7472.59         5347.45          35.419  1243
  566         7472.07         5347.98         35.4015  1245
  567         7471.38         5349.06          35.372  1247
  568         7471.03         5349.69         35.3556  1251
  569         7470.52         5350.39         35.3355  1253
  570         7469.91         5351.12         35.3133  1255
  571          7469.4         5351.63         35.2961  1257
  572         7468.53         5352.29         35.2708  1259
  573         7467.99         5352.87          35.252  1261
  574         7467.32          5352.9         35.2403  1263
  575         7467.12         5352.73         35.2397  1265
  576         7466.92         5352.67         35.2375  1267
  577         7466.58         5352.78           35.23  1269
  578         7465.72         5353.35         35.2061  1271
  579         7465.19         5353.88         35.1885  1275
  580         7464.19         5354.76         35.1571  1277
  581         7463.61         5355.36         35.1375  1279
  582         7463.19         5355.79         35.1233  1281
  583         7462.87         5355.62         35.1208  1283
  584         7462.42         5355.56         35.1143  1285
  585         7462.25         5355.74         35.1085  1287
  586         7462.04         5355.95         35.1015  1289
  587          7461.6         5356.58         35.0837  1291
  588         7461.19         5357.36         35.0637  1293
  589         7460.75         5358.73         35.0337  1295
  590         7460.29         5359.55         35.0123  1297
  591         7460.05         5359.65         35.0067  1299
  592         7459.77          5359.8         34.9994  1301
  593         7459.64         5360.46         34.9864  1303
  594         7459.42         5360.15         34.9878  1305
  595          7459.3         5359.96          34.989  1307
  596         7459.04          5359.6         34.9906  1309
  597         7458.67         5359.34         34.9888  1311
  598         7458.57         5359.67         34.9818  1313
  599         7458.11         5359.71         34.9732  1315
  600         7457.96          5359.9         34.9676  1317
  601         7457.82         5360.26         34.9593  1319
  602         7457.58         5360.62         34.9494  1321
  603         7457.51         5361.96         34.9259  1323
  604         7456.82         5361.51         34.9218  1325
  605         7456.52         5361.16         34.9226  1327
  606         7456.05         5360.91         34.9191  1329
  607         7455.87         5360.57         34.9215  1331
  608         7455.56         5360.56         34.9166  1333
  609         7455.21         5360.42         34.9133  1335
  610         7454.89         5360.28           34.91  1337
  611          7454.6         5360.16         34.9073  1339
  612         7454.41         5359.94         34.9079  1341
  613         7454.16         5359.85         34.9052  1343
  614         7453.78         5359.58         34.9032  1345
  615         7453.23         5359.16         34.9011  1347
  616          7452.9         5358.99         34.8985  1349
  617         7452.59         5359.01         34.8931  1351
  618         7452.35         5359.02         34.8888  1353
  619         7451.74         5359.32         34.8737  1355
  620         7451.18          5360.2         34.8496  1357
  621         7451.02         5360.59         34.8405  1359
  622         7450.87         5360.68         34.8366  1361
  623         7450.67         5360.96         34.8285  1363
  624          7450.4         5361.33         34.8177  1365
  625         7450.02         5361.93         34.8016  1367
  626         7449.76         5361.95         34.7968  1369
  627         7449.61         5361.74         34.7977  1371
  628         7449.34         5361.13         34.8035  1373
  629         7449.03         5360.54         34.8082  1375
  630          7448.6         5359.34          34.821  1377
  631         7448.08         5358.77         34.8218  1379
  632          7447.5         5358.56         34.8157  1381
  633         7447.38         5358.45         34.8156  1383
  634         7447.01         5358.56         34.8074  1385
  635         7446.65         5358.73         34.7987  1387
  636         7446.15          5359.1         34.7842  1389
  637         7445.65         5359.31         34.7724  1391
  638         7445.51         5359.16         34.7725  1395
  639         7445.23         5358.95         34.7714  1397
  640         7444.97         5358.38         34.7767  1399
  641         7444.66         5357.22         34.7907  1401
  642         7444.46         5356.27         34.8033  1403
  643         7444.29          5356.3         34.7998  1405
  644         7443.99         5356.15         34.7972  1407
  645         7443.72         5355.86         34.7977  1409
  646         7443.47         5355.34         34.8022  1411
  647         7442.99         5355.35         34.7941  1413
  648          7442.6         5355.26         34.7889  1415
  649         7442.17         5355.03         34.7856  1417
  650         7441.76          5354.6         34.7859  1419
  651         7441.23         5354.27         34.7826  1421
  652         7441.01         5354.16         34.7809  1423
  653         7440.84         5354.11         34.7789  1425
  654         7440.62         5353.97         34.7774  1427
  655         7440.19         5353.87         34.7719  1429
  656         7439.34         5353.37         34.7661  1431
  657         7438.86         5352.92         34.7657  1433
  658          7438.7         5352.66         34.7674  1437
  659         7438.44         5352.34         34.7684  1439
  660         7438.09         5351.75         34.7723  1441
  661         7437.69          5350.9         34.7797  1443
  662         7437.52         5350.32         34.7866  1447
  663         7437.24         5349.75         34.7916  1449
  664         7436.93         5348.89         34.8006  1451
  665         7436.64         5347.77         34.8145  1453
  666         7436.35         5346.98         34.8228  1455
  667         7436.03         5346.32         34.8285  1457
  668         7435.85         5345.26         34.8432  1459
  669         7435.56         5345.08         34.8412  1461
  670         7435.21         5344.45         34.8459  1463
  671         7434.81          5343.3         34.8585  1465
  672         7434.47         5341.04         34.8905  1467
  673         7433.93         5339.41         34.9087  1469
  674         7433.35         5336.99         34.9394  1471
  675         7433.04         5335.24         34.9633  1473
  676         7432.91          5334.6         34.9719  1477
  677         7432.72         5334.26         34.9743  1479
  678         7432.12         5333.51         34.9769  1481
  679         7431.69         5332.78         34.9818  1483
  680         7431.35            5333         34.9725  1485
  681         7431.13         5333.12         34.9667  1487
  682         7430.89         5333.33         34.9593  1489
  683         7430.72         5333.34         34.9563  1491
  684         7430.48         5333.02         34.9577  1493
  685         7429.78          5331.1         34.9779  1495
  686         7429.31         5329.49         34.9972  1497
  687         7428.99         5329.54         34.9908  1499
  688         7428.55         5328.99         34.9926  1501
  689         7428.03         5327.69         35.0057  1503
  690         7427.54          5325.3         35.0373  1505
  691         7427.08         5324.22         35.0477  1507
  692         7426.48         5321.62         35.0809  1509
  693         7426.25         5320.03         35.1038  1511
  694         7426.02         5319.46         35.1094  1513
  695         7425.65         5318.73         35.1154  1515
  696         7425.21         5318.04         35.1196  1517
  697         7425.11         5315.93         35.1531  1519
  698         7424.59         5316.41         35.1363  1521
  699         7424.46         5316.34         35.1353  1523
  700         7424.22         5315.84         35.1397  1525
  701         7423.85         5314.72         35.1522  1527
  702         7423.59         5311.32         35.2045  1529
  703         7423.03         5309.95         35.2179  1531
  704         7422.68         5308.17         35.2419  1533
  705         7422.35          5305.5         35.2807  1535
  706         7422.03         5303.15         35.3146  1537
  707          7421.7         5301.66         35.3339  1539
  708         7421.39         5301.11          35.338  1541
  709         7420.97         5300.64         35.3388  1543
  710          7420.8         5300.04         35.3461  1547
  711         7420.62         5300.46         35.3359  1549
  712         7420.51         5300.77          35.329  1551
  713         7420.32         5301.33         35.3165  1553
  714         7420.11          5301.4         35.3118  1555
  715         7419.82         5300.72         35.3183  1557
  716         7419.57         5299.83          35.329  1561
  717         7419.24         5297.94          35.355  1563
  718         7419.09         5297.19          35.365  1565
  719         7418.57         5294.46         35.4019  1567
  720         7417.99         5291.03         35.4493  1569
  721         7417.34         5286.92          35.507  1571
  722         7416.92         5286.87         35.5008  1573
  723         7416.65         5287.12         35.4923  1575
  724          7416.4          5286.8         35.4933  1577
  725         7415.98         5285.77         35.5035  1579
  726         7415.47         5283.38         35.5348  1581
  727         7415.31         5279.72         35.5931  1583
  728         7414.88         5280.12         35.5793  1585
  729         7414.74         5280.05         35.5782  1587
  730         7414.42         5279.16         35.5876  1589
  731         7414.01         5276.45          35.626  1591
  732         7413.52         5274.07         35.6575  1593
  733         7413.18         5271.91         35.6879  1595
  734         7412.93         5268.84         35.7349  1597
  735         7412.81         5268.27         35.7424  1601
  736          7412.7         5268.41         35.7381  1603
  737         7412.11         5267.68         35.7405  1605
  738         7411.82         5267.27         35.7426  1607
  739         7411.58         5266.14         35.7575  1609
  740         7410.89         5260.56         35.8389  1611
  741         7410.47         5258.41         35.8677  1613
  742         7409.77         5255.46         35.9052  1615
  743         7408.75         5252.78         35.9328  1617
  744         7408.22         5252.63         35.9265  1619
  745         7407.73            5254         35.8956  1621
  746         7407.44          5255.9          35.859  1623
  747         7407.08         5256.55         35.8422  1625
  748         7406.49         5257.93         35.8094  1627
  749         7406.22         5257.41         35.8136  1631
  750         7405.76         5256.74          35.817  1633
  751         7405.28         5254.27         35.8501  1635
  752         7405.04         5252.15         35.8817  1637
  753         7404.75         5251.12         35.8938  1639
  754         7404.28         5249.56         35.9119  1641
  755            7404         5249.06         35.9157  1643
  756         7403.61         5248.92         35.9114  1645
  757         7403.38         5248.64         35.9124  1647
  758         7402.87         5248.97         35.8983  1649
  759         7402.66         5249.09         35.8929  1651
  760         7402.35         5249.19         35.8861  1653
  761         7402.29         5249.42         35.8811  1655
  762         7401.76         5249.32          35.874  1657
  763          7401.5         5249.13         35.8729  1659
  764         7401.25         5248.94         35.8718  1661
  765         7400.99          5248.8         35.8698  1663
  766          7400.5         5248.55         35.8658  1665
  767         7400.15         5248.47         35.8614  1667
  768         7399.88         5248.66         35.8535  1669
  769         7399.62         5248.78         35.8472  1671
  770         7399.42         5248.84          35.843  1673
  771          7398.5         5249.48         35.8169  1675
  772         7398.17         5250.06         35.8017  1679
  773         7397.79         5250.45         35.7889  1681
  774         7397.42         5250.63         35.7798  1683
  775         7397.12         5250.67         35.7743  1685
  776         7396.97         5250.69         35.7715  1687
  777         7396.68         5250.49         35.7699  1689
  778         7396.48         5250.27         35.7702  1691
  779         7396.26          5250.1         35.7693  1693
  780         7396.05         5249.91         35.7689  1695
  781         7395.63          5249.9         35.7622  1697
  782         7395.03         5249.89         35.7523  1699
  783         7394.43         5249.99         35.7407  1701
  784         7393.87         5250.34         35.7255  1703
  785         7393.56         5251.29         35.7044  1705
  786         7392.96         5251.06         35.6984  1707
  787         7392.51         5251.31         35.6866  1709
  788         7392.07          5252.4         35.6612  1711
  789         7391.78         5253.32          35.641  1713
  790         7391.56         5253.53         35.6338  1715
  791         7390.91         5254.42         35.6082  1717
  792          7390.4         5255.65         35.5793  1719
  793         7390.22         5256.56          35.561  1721
  794         7389.97         5256.28         35.5614  1723
  795         7389.72         5256.27         35.5575  1725
  796         7389.28          5256.9         35.5396  1727
  797         7388.84         5258.18          35.511  1729
  798         7388.34         5260.33         35.4668  1731
  799         7387.71         5262.54         35.4195  1733
  800         7387.11         5263.14         35.3994  1735
  801          7386.1         5267.74         35.3061  1737
  802         7385.89         5265.71         35.3363  1739
  803         7385.01         5264.72         35.3382  1741
  804         7384.74         5264.77         35.3329  1743
  805         7383.85         5264.72         35.3188  1745
  806         7383.49         5264.78         35.3117  1747
  807         7383.06          5265.7         35.2893  1749
  808            7382          5265.2         35.2799  1751
  809         7381.51         5265.06         35.2741  1753
  810         7380.92         5265.56          35.256  1755
  811         7380.28         5265.82         35.2409  1757
  812          7379.9         5265.76         35.2358  1759
  813         7378.96         5265.66         35.2216  1761
  814         7378.47         5265.82         35.2108  1763
  815         7378.01          5265.8         35.2035  1765
  816         7377.65         5265.68         35.1996  1767
  817         7377.08         5265.64         35.1907  1769
  818         7376.34         5265.99         35.1725  1771
  819         7375.68         5266.75         35.1488  1773
  820         7374.85         5266.86         35.1332  1775
  821         7373.35         5266.95         35.1066  1777
  822         7371.96         5267.13         35.0805  1779
  823         7371.17         5267.03          35.069  1781
  824         7369.52         5266.23         35.0549  1783
  825         7368.49          5265.2         35.0549  1785
  826         7367.65         5264.59          35.051  1787
  827         7366.56         5263.98         35.0429  1789
  828         7365.16         5262.86         35.0384  1791
  829          7363.5            5261         35.0417  1793
  830         7361.62         5258.24         35.0563  1795
  831         7360.75         5256.68         35.0679  1797
  832          7360.2         5255.07         35.0854  1799
  833          7359.4          5254.8         35.0768  1801
  834          7358.3          5253.9         35.0733  1803
  835          7357.7         5253.01         35.0781  1805
  836         7357.06         5251.03         35.1005  1807
  837         7355.78         5249.97         35.0969  1809
  838         7354.47         5247.83         35.1108  1811
  839         7353.16         5244.66         35.1417  1813
  840         7352.26         5237.56          35.245  1815
  841         7350.65         5236.06         35.2432  1817
  842         7350.12         5236.19         35.2323  1819
  843         7349.58         5235.78         35.2298  1821
  844         7348.79         5236.54         35.2042  1823
  845         7347.42         5235.89         35.1921  1825
  846         7345.93         5233.64         35.2049  1827
  847         7345.51         5226.63         35.3147  1829
  848         7343.39         5225.93         35.2911  1831
  849         7343.01         5225.77         35.2872  1833
  850         7341.57         5224.13         35.2907  1835
  851         7341.27         5222.15         35.3187  1837
  852          7339.7         5221.66         35.3006  1839
  853         7338.88         5220.42         35.3077  1841
  854         7337.34         5216.93         35.3401  1843
  855          7335.7         5212.61         35.3848  1845
  856         7335.02         5204.03         35.5165  1847
  857         7332.63          5204.6         35.4672  1849
  858         7331.84         5203.46         35.4731  1851
  859         7330.61         5199.73         35.5147  1853
  860         7329.36         5194.66         35.5782  1855
  861         7327.68         5188.21         35.6579  1857
  862         7326.25          5179.3         35.7825  1859
  863         7324.54         5178.51         35.7673  1861
  864         7323.44          5181.1         35.7056  1863
  865         7321.64         5177.21         35.7404  1865
  866         7318.79         5175.54         35.7207  1867
  867         7314.99         5168.29         35.7784  1869
  868         7312.88         5161.14         35.8622  1871
  869         7312.24         5146.26         36.0996  1873
  870         7307.49         5145.88         36.0269  1875
  871         7304.73          5146.1         35.9772  1877
  872         7299.74         5144.62         35.9188  1879
  873         7293.23         5140.48         35.8791  1881
  874         7290.45         5138.03         35.8736  1885
  875         7283.02         5129.83         35.8864  1887
  876         7279.11         5123.71         35.9234  1889
  877         7276.49         5115.99         36.0083  1891
  878         7273.07         5114.86         35.9702  1893
  879         7271.06         5112.93         35.9689  1895
  880         7267.27         5107.83         35.9906  1897
  881         7262.55         5100.32         36.0372  1899
  882         7259.53         5092.38         36.1191  1903
  883         7255.14         5084.35         36.1798  1905
  884          7251.1         5074.61         36.2747  1907
  885          7247.5         5066.62          36.348  1909
  886         7244.54          5064.8          36.329  1911
  887         7242.05         5065.04         36.2835  1913
  888         7238.44         5063.31         36.2522  1915
  889         7234.25         5060.93         36.2219  1917
  890         7230.03         5051.97          36.301  1919
  891         7224.79         5044.82         36.3328  1921
  892         7221.14         5037.12         36.4003  1923
  893         7217.46         5028.05         36.4901  1925
  894         7213.71         5019.34         36.5728  1927
  895         7210.52         5016.75         36.5627  1929
  896         7207.71         5012.33         36.5896  1931
  897         7201.78         5001.08         36.6782  1933
  898         7198.13         4986.08         36.8675  1935
  899         7194.37         4982.32         36.8674  1937
  900         7193.14         4980.93         36.8703  1939
  901         7189.23          4974.5         36.9121  1941
  902         7187.39         4969.66         36.9622  1945
  903         7184.75         4967.08         36.9612  1947
  904          7181.8         4964.32          36.958  1949
  905         7179.34         4962.07         36.9544  1951
  906          7175.9         4958.58         36.9554  1953
  907         7171.32         4951.63         36.9948  1955
  908         7167.69         4945.19         37.0416  1957
  909         7165.52         4943.53         37.0333  1959
  910         7162.87         4941.16         37.0286  1961
  911         7160.69         4936.62         37.0679  1963
  912         7157.32         4934.13         37.0532  1965
  913         7154.01         4929.29         37.0786  1967
  914         7150.96         4923.92         37.1173  1969
  915         7150.17         4911.44         37.3121  1971
  916         7144.51         4911.56         37.2157  1973
  917         7142.77         4910.98         37.1965  1975
  918         7140.17         4908.64         37.1922  1977
  919         7136.52         4904.21          37.205  1979
  920         7131.12         4899.11         37.2002  1981
  921         7126.25         4892.62         37.2272  1983
  922         7124.08         4886.39         37.2949  1985
  923         7121.01         4884.15         37.2809  1987
  924         7118.62         4882.45         37.2695  1989
  925         7115.38          4879.7         37.2614  1991
  926         7110.15         4874.99         37.2526  1993
  927         7107.87         4866.72         37.3526  1995
  928          7098.2         4863.02         37.2531  1997
  929          7094.7         4860.15         37.2425  1999
  930         7090.14         4855.55         37.2431  2001
  931         7087.42         4851.73         37.2615  2005
  932            7084         4848.67         37.2556  2007
  933         7079.17         4842.98         37.2699  2009
  934         7075.13         4837.15         37.2997  2011
  935         7073.42         4833.02           37.34  2013
  936         7069.69         4832.72         37.2829  2015
  937         7067.82         4832.32         37.2583  2017
  938         7065.11         4831.54         37.2263  2019
  939         7060.55         4828.28         37.2045  2021
  940         7056.34         4824.64         37.1949  2023
  941          7053.2         4820.68         37.2086  2025
  942         7050.66         4815.53         37.2522  2027
  943         7048.62         4810.82         37.2966  2029
  944         7046.02         4806.77         37.3209  2031
  945         7043.51         4805.16         37.3059  2033
  946         7038.61         4802.18         37.2737  2035
  947         7034.05         4800.46         37.2265  2037
  948         7030.41         4798.15         37.2043  2039
  949         7022.03         4791.11          37.182  2041
  950         7019.81         4788.44         37.1896  2045
  951         7016.65         4785.43          37.187  2047
  952         7009.91         4779.06         37.1809  2049
  953         7007.26          4776.7          37.176  2053
  954         7003.43         4775.66         37.1296  2055
  955         6998.28         4775.06         37.0537  2057
  956         6997.29         4776.06         37.0205  2059
  957         6992.29          4775.6         36.9447  2061
  958         6990.82         4774.94         36.9313  2063
  959            6988          4774.1         36.8982  2065
  960         6982.75         4772.34         36.8401  2067
  961         6978.35         4770.12         36.8039  2071
  962         6970.75         4767.95         36.7133  2073
  963         6966.18         4765.61         36.6761  2075
  964         6962.15         4763.76         36.6399  2077
  965         6960.15         4762.91         36.6208  2079
  966         6956.19         4762.58         36.5603  2081
  967         6951.85         4761.86         36.4998  2083
  968         6948.48         4761.86         36.4438  2085
  969         6942.97         4759.64         36.3888  2087
  970         6938.62         4758.54         36.3346  2089
  971         6935.26            4756         36.3211  2091
  972          6931.8         4752.49         36.3218  2093
  973         6928.09         4749.54         36.3091  2095
  974         6925.04         4745.15         36.3315  2097
  975         6920.69         4743.92         36.2795  2099
  976         6918.68          4742.6          36.268  2101
  977         6916.27          4740.8         36.2577  2103
  978         6911.88         4737.33         36.2424  2105
  979         6908.32         4735.92         36.2068  2107
  980         6905.65         4734.43         36.1871  2109
  981         6900.39         4731.41         36.1497  2111
  982          6899.4         4728.44         36.1827  2113
  983         6895.16         4728.36         36.1134  2115
  984         6893.62          4727.7         36.0988  2117
  985         6891.55         4726.84         36.0784  2119
  986         6888.14         4725.62          36.042  2121
  987         6885.46         4724.72         36.0123  2125
  988         6880.95         4724.36         35.9432  2127
  989         6877.94         4723.69         35.9042  2129
  990         6874.29         4723.54         35.8459  2131
  991         6872.41         4723.58         35.8139  2135
  992         6870.24         4724.19         35.7676  2137
  993         6867.66         4725.63         35.7005  2139
  994         6866.09         4726.96         35.6522  2141
  995         6863.64         4728.74         35.5817  2143
  996         6859.54         4731.53         35.4668  2145
  997         6857.93         4733.17         35.4126  2149
  998         6855.41          4734.4         35.3502  2151
  999          6853.1         4735.36         35.2956  2153
 1000         6850.72         4737.23         35.2247  2155
