    0      1.4731e+06      1.4731e+06               0  1
    1     1.19527e+06     1.19173e+06          47.298  7
    2          905730          767447         1843.77  11
    3          481309          479473         24.4805  13
    4          441822          439749         27.6416  15
    5          434884          428659         82.9926  19
    6          422324          418676         48.6333  21
    7          394391          391756         35.1394  23
    8          309183          262701          619.76  25
    9          282581          234882         635.985  27
   10          214099          198399         209.329  29
   11          174641          159293         204.638  31
   12          162932          145588         231.249  35
   13          154414          138868         207.284  37
   14          149214          133864         204.673  39
   15          141944          125275          222.26  41
   16          128451          109546         252.075  43
   17          123633         89405.3         456.362  45
   18          106726         87275.5         259.336  47
   19          102116         85879.9         216.478  49
   20          100713         84389.8          217.64  51
   21         99371.9         83072.3         217.327  53
   22           94849         78428.4         218.942  55
   23           88717         73239.9         206.361  57
   24         83548.6         65947.4         234.683  59
   25         78887.7         60171.9         249.544  61
   26         76138.7         57104.8         253.785  63
   27         73881.5         56130.9         236.674  65
   28         67665.2         51111.5         220.716  67
   29         64673.8         48262.6         218.815  71
   30         62863.2         46730.6         215.102  73
   31         61826.2         45955.1         211.616  75
   32         60255.4         44330.3         212.334  77
   33         58076.6         43124.5         199.361  79
   34         54861.5           40319         193.901  81
   35         54094.4         38537.1          207.43  83
   36         52849.3         38333.7         193.541  85
   37         52022.2         37967.6         187.395  87
   38         50854.8         37404.6         179.337  89
   39         48187.6         36000.2         162.498  91
   40           46905         34755.4         161.995  95
   41         42844.9         32610.5         136.458  97
   42         38645.2         29361.5         123.783  99
   43         36338.6         26545.5         130.575  103
   44         33140.9         24398.9         116.561  105
   45           32012         23511.1         113.345  107
   46         31207.3         22930.3         110.361  109
   47         30342.9         22457.7         105.135  111
   48         29545.4         21988.6         100.757  113
   49         28624.5         21688.1         92.4849  115
   50         27529.6           21318         82.8222  117
   51         27197.3         21072.4         81.6655  119
   52         26708.8         20911.9         77.2925  121
   53         26192.7         20489.3         76.0455  123
   54         25639.1         19984.4         75.3963  125
   55         25184.4         19482.8         76.0222  127
   56         24474.5         19288.1         69.1511  129
   57         23832.1         18906.3         65.6778  131
   58         23286.5         18647.3         61.8559  133
   59         23237.7         18318.5         65.5887  135
   60         22762.9         18342.3         58.9414  137
   61         22570.7         18248.3         57.6325  139
   62         22142.8         18005.8         55.1606  141
   63         21775.9         17864.7         52.1493  143
   64         21484.7         17822.2         48.8334  145
   65         21221.2         17649.2         47.6259  147
   66         20703.3           17122         47.7508  149
   67         20114.3         16622.2         46.5605  151
   68           19864         16105.8           50.11  153
   69           19328           16026         44.0272  155
   70         19166.8         15942.4         42.9919  157
   71         18784.1         15646.7         41.8319  159
   72         18377.8         15285.9         41.2255  161
   73           18168         15144.4         40.3138  163
   74         17999.7         15037.6         39.4934  165
   75         17814.5         14856.3         39.4419  167
   76         17490.8         14541.8         39.3203  169
   77         16995.9         14155.9         37.8659  171
   78         16837.3         13997.8         37.8595  173
   79         16608.1         13940.1         35.5731  175
   80         16512.9         13885.1          35.038  177
   81         16298.1           13725         34.3074  179
   82         15987.7         13508.7         33.0532  181
   83         15842.9         13384.1         32.7839  185
   84         15572.6         13215.3         31.4304  187
   85         15361.3         12977.1         31.7891  189
   86         15177.5         12669.4         33.4403  191
   87         15068.8           12572         33.2908  195
   88         14968.3         12520.5         32.6372  197
   89           14797         12396.3         32.0094  199
   90         14711.8         12335.5         31.6844  201
   91         14573.1         12228.4         31.2627  203
   92         14388.3         12010.5         31.7045  205
   93           14115         11652.3         32.8353  207
   94         14034.1         11361.9         35.6287  209
   95         13818.2         11296.5         33.6229  211
   96         13652.9         11158.3         33.2623  213
   97         13517.2           10992         33.6698  215
   98         13406.4         10817.4         34.5196  217
   99         13324.9         10774.7         34.0029  219
  100         13279.4         10744.5         33.7982  221
  101         13161.9         10636.5         33.6718  223
  102           13027           10532         33.2667  225
  103           12955         10445.9         33.4546  229
  104         12828.4         10393.7         32.4629  231
  105         12745.4         10339.2         32.0826  233
  106         12648.6           10270         31.7142  235
  107         12546.1         10188.4         31.4358  237
  108         12416.6         10068.8         31.3031  239
  109         12303.1         9983.26         30.9307  241
  110         12215.6         9922.28         30.5771  243
  111         12175.7          9873.5         30.6964  247
  112         12116.5         9834.83         30.4218  249
  113         11966.7         9687.18          30.393  251
  114         11914.6         9562.22         31.3645  253
  115         11832.9          9521.1         30.8239  255
  116         11804.2         9504.99         30.6563  257
  117         11745.2          9453.4         30.5568  259
  118         11650.5         9392.35         30.1085  261
  119         11585.7         9256.05         31.0621  263
  120         11490.6         9218.89         30.2897  265
  121         11410.3         9135.98         30.3246  267
  122         11382.7         9096.99         30.4755  269
  123         11343.9         8928.98         32.1987  271
  124         11237.7         8903.44         31.1238  273
  125         11159.6            8846         30.8483  275
  126         11095.1         8770.58         30.9938  277
  127           11077         8709.31         31.5688  279
  128         11032.7         8699.42         31.1108  281
  129         10988.7         8660.94         31.0366  283
  130         10921.9         8581.31         31.2072  285
  131         10845.2         8484.73         31.4729  287
  132         10812.1         8418.73         31.9122  291
  133         10744.5         8332.75         32.1569  293
  134         10673.2         8215.68         32.7671  295
  135         10604.1         8056.63         33.9662  297
  136         10594.6         8033.42         34.1496  299
  137         10550.4         8039.44         33.4797  301
  138         10533.7         8045.13         33.1814  303
  139         10501.9         8046.35         32.7411  305
  140         10450.8         8021.65          32.388  307
  141         10422.4         7976.06         32.6183  309
  142         10324.9         7930.57         31.9244  311
  143         10289.2         7871.73         32.2324  313
  144         10222.8         7711.61         33.4825  315
  145         10172.5         7585.35         34.4956  317
  146         10112.6         7475.13         35.1668  319
  147         10069.7         7452.05         34.9017  321
  148           10013          7416.8         34.6156  323
  149         9993.17          7397.8          34.605  327
  150         9981.64         7417.09         34.1941  329
  151         9946.07         7406.39         33.8624  331
  152         9900.08         7413.28         33.1573  333
  153         9868.62         7368.96         33.3287  335
  154         9849.02         7292.63         34.0851  337
  155         9825.02         7256.54         34.2463  339
  156         9804.28         7235.17         34.2548  341
  157         9748.14         7180.29         34.2381  343
  158         9733.82         7178.44         34.0718  347
  159         9715.74         7163.56         34.0291  349
  160         9696.03         7140.35         34.0757  351
  161         9661.31         7093.56         34.2367  353
  162          9645.9         7076.56         34.2579  357
  163          9621.4         7060.95         34.1392  359
  164          9603.8         7065.35         33.8459  361
  165         9591.12         7078.32          33.504  363
  166         9576.05         7097.75          33.044  365
  167         9559.52         7096.73         32.8372  367
  168         9536.55         7087.35          32.656  369
  169         9525.28         7085.01         32.5369  371
  170         9519.29         7078.03         32.5502  373
  171         9506.65         7057.95         32.6492  375
  172         9495.37         7036.05         32.7909  377
  173         9490.48         7007.17         33.1108  379
  174         9472.81         7004.24         32.9143  381
  175         9459.45         6997.84         32.8215  383
  176         9443.21         6985.37         32.7713  385
  177         9425.95          6971.4         32.7273  387
  178            9419         6957.74         32.8169  389
  179         9410.07          6957.4         32.7023  391
  180         9404.19         6954.59         32.6614  393
  181         9392.08         6947.79         32.5905  395
  182         9375.15         6936.93         32.5096  397
  183          9366.6         6929.04         32.5009  401
  184         9349.71            6916         32.4496  403
  185         9329.88         6888.82         32.5474  405
  186         9308.06         6845.09         32.8396  407
  187         9299.57         6828.37         32.9494  411
  188         9291.52         6820.26           32.95  413
  189         9284.56         6816.52         32.9073  415
  190         9279.53         6814.62         32.8655  417
  191         9271.62         6809.06         32.8342  419
  192         9255.23         6785.56          32.929  423
  193         9224.43          6761.5          32.839  425
  194          9209.2         6744.21         32.8665  427
  195         9195.71         6724.87         32.9446  429
  196         9183.31         6716.79         32.8869  431
  197         9168.21          6701.6          32.888  433
  198          9152.4         6682.31         32.9345  435
  199         9145.18          6664.2         33.0797  439
  200          9134.7         6651.02         33.1157  441
  201         9124.85         6632.11         33.2366  443
  202         9117.49         6610.48         33.4267  445
  203         9112.21         6599.13         33.5078  447
  204         9108.58         6598.25          33.471  449
  205         9100.51          6595.6         33.3989  451
  206         9095.86         6587.11         33.4499  453
  207         9087.67         6582.31         33.4048  455
  208            9062          6550.7          33.484  457
  209         9043.25            6515         33.7099  459
  210         9032.94         6487.46         33.9398  463
  211         9015.27         6454.83         34.1392  465
  212          9002.4         6431.18         34.2829  467
  213         8994.44         6420.64         34.3174  469
  214         8990.67         6417.78         34.3053  471
  215         8985.47         6421.83          34.182  473
  216         8976.14         6425.93         34.0029  475
  217         8964.07         6429.63         33.7926  477
  218         8946.11          6420.9         33.6695  479
  219         8934.59         6414.57         33.6002  483
  220         8921.55         6393.51         33.7072  485
  221         8904.19         6349.61          34.061  487
  222         8898.73            6332          34.223  491
  223         8889.83         6310.24         34.3945  493
  224         8875.49         6283.66         34.5576  495
  225         8869.26         6268.07         34.6826  497
  226         8862.08         6271.96         34.5349  499
  227         8859.37         6275.98         34.4451  501
  228         8849.03         6286.13          34.172  503
  229          8844.5         6289.57         34.0657  507
  230         8837.65         6288.23         33.9922  509
  231         8824.96         6266.78         34.1091  511
  232         8821.34         6248.93         34.2988  513
  233         8813.47         6239.28         34.3225  515
  234         8810.09          6231.2         34.3851  517
  235         8805.16         6219.97         34.4692  519
  236         8802.49         6196.16          34.751  521
  237         8791.08         6192.71         34.6449  523
  238         8783.47         6186.58         34.6253  525
  239         8775.45         6176.51         34.6525  527
  240          8769.9         6164.53         34.7382  529
  241         8761.72         6148.42         34.8441  531
  242         8754.96         6135.92         34.9205  533
  243         8745.02         6110.64          35.125  535
  244         8742.55         6106.71         35.1445  539
  245         8741.18         6108.48         35.1026  541
  246         8736.02         6105.86         35.0687  543
  247         8729.11         6101.56         35.0339  545
  248         8722.26         6087.93         35.1244  547
  249         8717.16         6074.58         35.2344  549
  250         8714.09         6059.62         35.3929  551
  251         8710.82         6054.99          35.411  553
  252         8706.62         6050.25         35.4183  555
  253         8696.79          6036.4         35.4719  557
  254         8693.52         6017.17         35.6846  559
  255         8687.49         6017.53         35.5994  561
  256         8684.78          6014.9         35.5984  563
  257         8681.99         6009.21         35.6371  565
  258         8676.92         5996.54         35.7384  567
  259          8672.4         5987.58         35.7976  569
  260         8669.21         5981.03         35.8423  573
  261         8665.99          5980.2         35.8106  575
  262         8663.37         5981.26         35.7614  577
  263         8660.34         5982.82         35.7002  579
  264         8658.71         5988.14         35.6076  581
  265         8654.06         5988.99         35.5343  583
  266         8651.19         5989.33         35.4915  585
  267         8648.12         5991.45         35.4222  587
  268         8644.62         5993.77         35.3447  589
  269         8640.73         5998.43         35.2307  591
  270         8637.31         5998.84         35.1797  593
  271         8632.13         5998.99         35.1085  595
  272         8630.81          6000.5         35.0708  599
  273         8628.75         5999.28         35.0596  601
  274         8625.64          5997.3         35.0446  603
  275         8622.58         5996.68          35.012  607
  276         8617.44         5996.13         34.9508  609
  277         8614.22         5997.56         34.8889  611
  278         8612.91         6000.24         34.8356  613
  279         8611.47         6000.77         34.8093  615
  280         8610.59         6000.85         34.7964  617
  281         8608.92         6001.29         34.7683  619
  282         8605.61         6002.98         34.7018  621
  283          8603.9         6004.22         34.6623  625
  284         8600.59         6005.41         34.6023  627
  285         8592.73          6007.8         34.4657  629
  286         8590.38         6007.98         34.4319  633
  287         8586.98         6008.33          34.382  635
  288          8584.6         6008.99         34.3415  637
  289         8582.25         6009.57         34.3024  639
  290         8580.06         6011.99          34.241  641
  291         8577.79         6012.52         34.2036  643
  292         8576.12         6012.08         34.1872  645
  293          8573.2         6012.73         34.1396  647
  294         8572.36         6015.64         34.0896  649
  295         8567.74         6016.31         34.0191  651
  296         8564.39         6016.99         33.9653  653
  297         8558.78         6020.67         33.8415  655
  298         8554.95         6027.14         33.7041  657
  299         8551.31         6035.62         33.5426  659
  300          8548.4         6034.11         33.5239  661
  301         8543.15         6035.24         33.4388  663
  302         8540.07         6044.28         33.2772  665
  303         8538.27         6046.54         33.2231  667
  304         8537.13         6047.52         33.1949  669
  305          8533.9         6051.77         33.0951  671
  306         8529.86         6059.94         32.9322  673
  307         8527.57         6068.96         32.7815  675
  308          8524.3          6072.3         32.6933  677
  309         8523.17         6070.16         32.7068  679
  310         8521.23         6068.18         32.7073  681
  311         8518.42         6068.95         32.6596  683
  312          8516.1         6073.37         32.5698  685
  313         8514.17         6078.42         32.4767  687
  314         8512.64          6084.5         32.3753  689
  315         8511.71         6092.25         32.2594  691
  316         8510.72         6093.27         32.2327  693
  317         8509.39         6093.25         32.2152  695
  318         8505.88         6093.45         32.1658  697
  319         8504.51         6100.38         32.0549  699
  320         8501.22         6099.21         32.0268  701
  321         8499.63         6098.64         32.0132  703
  322         8498.09         6099.59           31.98  705
  323         8497.17         6103.23         31.9192  707
  324          8495.2         6105.56         31.8619  709
  325         8493.99         6107.84         31.8154  711
  326          8492.2         6113.05          31.722  713
  327         8491.36         6116.75         31.6614  717
  328         8490.25         6120.88         31.5917  719
  329         8489.48         6122.34         31.5618  721
  330         8487.85         6124.38          31.513  723
  331         8485.38          6128.5         31.4251  725
  332         8484.13         6128.51         31.4082  729
  333         8481.92         6129.49         31.3657  731
  334         8480.52         6128.42         31.3614  733
  335         8479.41         6126.39         31.3736  735
  336          8477.6         6123.53         31.3876  737
  337         8476.25         6120.47         31.4104  741
  338         8473.89         6118.25         31.4086  743
  339         8471.77         6116.56         31.4028  745
  340         8470.49         6116.38         31.3881  747
  341         8469.37         6116.01         31.3781  749
  342         8467.73         6116.38         31.3514  751
  343          8465.2         6115.86         31.3245  753
  344         8463.43         6115.35         31.3078  755
  345         8461.37         6115.27         31.2814  757
  346         8457.84         6115.01         31.2377  759
  347         8452.14         6113.36         31.1836  761
  348         8448.01         6112.19         31.1442  763
  349         8446.55         6111.04         31.1402  767
  350         8444.04         6110.67         31.1115  769
  351         8440.65         6109.52         31.0817  771
  352         8438.42         6108.05         31.0715  773
  353         8435.35         6107.72         31.0351  775
  354          8433.4          6106.7         31.0227  777
  355         8430.61         6105.67         30.9991  779
  356         8428.52          6104.8         30.9828  783
  357         8423.47         6104.12         30.9246  785
  358         8412.25         6102.24         30.8001  787
  359         8408.82         6102.42          30.752  791
  360         8403.86         6102.25         30.6882  793
  361         8400.68         6102.58         30.6414  795
  362         8397.86          6104.3         30.5808  797
  363         8395.18         6103.82         30.5515  799
  364          8390.8         6104.06         30.4899  801
  365         8388.85         6104.19          30.462  803
  366          8386.3         6105.18         30.4149  805
  367         8380.99         6105.73         30.3368  807
  368         8376.45         6105.25         30.2827  809
  369         8372.97         6104.21         30.2502  811
  370         8370.13          6101.9          30.243  813
  371         8366.23         6098.97         30.2301  815
  372         8359.59         6094.88         30.1962  817
  373         8352.05         6089.94         30.1615  819
  374         8347.45         6086.65          30.144  821
  375         8344.27         6085.47         30.1172  823
  376         8342.78         6084.76          30.107  825
  377         8340.45         6082.92         30.1004  827
  378         8335.49         6078.23         30.0968  829
  379         8330.74         6074.44          30.084  831
  380         8327.43         6070.71         30.0895  833
  381          8324.1         6065.07         30.1204  835
  382         8322.31         6061.97         30.1379  839
  383          8319.7         6059.82         30.1318  841
  384         8311.21         6050.08         30.1483  843
  385          8309.5         6049.43         30.1343  847
  386          8308.4         6049.56         30.1179  849
  387         8304.37         6051.06         30.0441  851
  388         8299.31          6046.9          30.032  853
  389         8292.96         6041.05         30.0254  855
  390         8282.67         6024.72          30.106  859
  391          8269.9         6006.74         30.1754  861
  392         8267.98         6005.16          30.171  863
  393         8258.13         5991.08         30.2274  865
  394         8255.72         5978.67         30.3607  867
  395         8251.96         5973.36         30.3813  869
  396         8250.36         5969.49         30.4117  871
  397         8248.54         5963.72         30.4643  873
  398         8245.03         5952.33         30.5693  875
  399         8242.81         5946.91          30.612  879
  400         8238.33         5939.71         30.6483  881
  401         8232.34         5936.85         30.6066  883
  402          8230.1         5940.62         30.5264  885
  403         8227.71         5944.26         30.4459  887
  404         8225.64         5947.49         30.3754  889
  405         8222.35         5949.71         30.3018  891
  406         8220.03         5951.73          30.244  893
  407         8216.53         5948.82         30.2361  895
  408         8214.94         5944.63         30.2708  897
  409         8212.79         5936.47         30.3509  899
  410         8211.68         5928.16         30.4469  901
  411         8208.99          5926.8         30.4292  903
  412         8204.02         5920.89         30.4418  905
  413          8199.1         5912.44         30.4888  907
  414         8194.54         5902.81         30.5564  909
  415         8192.17         5896.86         30.6042  913
  416         8189.03         5890.99         30.6406  915
  417         8184.74         5882.35         30.6985  917
  418         8179.09         5867.64         30.8193  919
  419         8177.29         5867.95         30.7912  923
  420          8175.2         5867.23         30.7729  925
  421          8174.3         5868.48         30.7442  927
  422         8173.66         5869.46         30.7226  929
  423         8171.15         5868.93         30.6962  931
  424         8169.83         5866.49         30.7113  935
  425         8167.47         5863.22         30.7232  937
  426         8165.89         5858.42         30.7663  939
  427         8164.48         5851.24         30.8431  941
  428         8163.38         5841.21         30.9622  943
  429         8161.51          5837.8         30.9827  945
  430         8159.89         5835.03         30.9982  947
  431         8158.51         5833.51              31  949
  432         8156.95         5832.64         30.9908  951
  433         8154.95         5833.46         30.9531  953
  434          8152.8         5835.49         30.8975  955
  435         8151.29         5838.03         30.8435  959
  436         8149.24         5841.84         30.7652  961
  437         8148.05          5842.2         30.7447  963
  438         8144.79         5843.41          30.685  965
  439         8141.91         5841.64         30.6703  967
  440         8140.62         5839.25         30.6849  969
  441            8139         5836.05         30.7061  971
  442         8138.08         5835.02         30.7074  975
  443         8136.84         5834.43         30.6988  977
  444         8132.46         5833.35         30.6548  979
  445         8131.98         5833.38         30.6479  983
  446         8131.39         5834.22          30.629  985
  447         8130.23         5835.08          30.602  987
  448         8128.98         5836.25         30.5697  991
  449         8127.28         5837.13         30.5353  993
  450          8126.4         5837.05         30.5247  995
  451         8125.61         5836.35         30.5236  997
  452         8124.44          5836.1         30.5113  999
  453         8122.96         5835.13         30.5044  1001
  454         8120.54         5833.54         30.4933  1003
  455          8118.4         5832.05         30.4847  1005
  456         8115.54         5831.12          30.459  1007
  457         8114.01         5830.38         30.4484  1009
  458         8112.77         5830.54         30.4296  1011
  459         8112.47         5830.44          30.427  1015
  460            8112          5830.4         30.4214  1017
  461         8110.27          5829.9         30.4049  1019
  462         8109.57         5829.45         30.4017  1021
  463         8108.98          5829.1         30.3984  1023
  464         8108.38         5828.49         30.3985  1025
  465         8107.51         5827.53         30.3998  1027
  466         8106.01         5826.63         30.3919  1029
  467         8103.76         5824.99         30.3836  1031
  468         8102.93         5824.13          30.384  1035
  469         8101.72         5823.62         30.3747  1037
  470         8101.18         5823.29         30.3719  1039
  471         8100.29         5822.69          30.368  1041
  472         8099.03          5821.3         30.3698  1043
  473         8097.14          5818.1         30.3873  1045
  474         8095.84         5814.61         30.4164  1047
  475         8094.72         5813.39         30.4178  1049
  476         8093.84         5811.87         30.4263  1051
  477         8092.75         5808.43         30.4576  1053
  478         8091.24         5805.11         30.4818  1055
  479         8089.41         5800.49         30.5189  1057
  480         8088.46         5797.25         30.5496  1061
  481         8087.58         5795.31         30.5636  1063
  482         8087.02          5794.4         30.5683  1065
  483         8085.39         5790.73         30.5956  1067
  484         8083.87          5786.1         30.6369  1069
  485         8082.43         5783.15         30.6572  1071
  486         8081.19         5779.71         30.6864  1073
  487          8080.5         5778.11         30.6985  1075
  488         8079.36         5775.69         30.7157  1077
  489         8077.88         5767.98         30.7987  1079
  490         8076.01         5765.68         30.8044  1081
  491         8074.89         5763.13         30.8235  1083
  492         8073.85         5760.17         30.8491  1085
  493          8071.6         5750.82         30.9437  1087
  494            8069         5744.89         30.9881  1089
  495         8065.84         5733.78         31.0941  1091
  496         8064.72         5732.12         31.1013  1095
  497         8064.25          5733.5         31.0767  1097
  498         8062.27         5733.75         31.0469  1099
  499         8061.09         5731.48         31.0615  1103
  500         8059.69         5727.18         31.1001  1105
  501         8058.56          5722.2         31.1515  1107
  502         8057.33         5715.14         31.2291  1109
  503         8055.76         5710.75         31.2668  1111
  504         8054.24         5711.72         31.2336  1113
  505         8052.77         5716.82          31.146  1115
  506         8051.81         5719.21         31.1013  1117
  507         8051.14         5718.26         31.1051  1119
  508         8047.41         5713.63         31.1171  1121
  509         8046.75         5713.49         31.1101  1123
  510          8044.8         5713.95          31.078  1125
  511          8044.2         5714.58         31.0616  1127
  512         8043.51         5715.51           31.04  1129
  513          8042.1          5715.3         31.0239  1131
  514         8039.74         5715.11         30.9951  1133
  515         8038.14         5713.08         31.0008  1135
  516         8036.88         5710.71         31.0157  1137
  517          8035.9         5708.69         31.0296  1141
  518         8034.05         5705.53         31.0469  1143
  519         8031.19         5700.76         31.0724  1145
  520         8030.27         5697.21         31.1075  1147
  521          8028.6         5697.09         31.0868  1149
  522          8028.1         5697.38         31.0763  1151
  523         8026.73         5696.46         31.0702  1153
  524         8025.27         5695.06         31.0695  1155
  525         8023.67         5692.29         31.0851  1157
  526         8022.21         5689.09         31.1083  1159
  527         8020.91         5684.33         31.1544  1163
  528         8019.69         5680.06          31.195  1165
  529         8019.24         5679.16         31.2011  1167
  530         8016.97         5673.52          31.246  1169
  531         8015.02         5666.87         31.3087  1171
  532          8014.5         5666.88         31.3016  1175
  533         8013.95         5667.24         31.2894  1177
  534         8012.98         5669.26         31.2496  1179
  535         8011.85         5670.22         31.2218  1181
  536         8009.19         5672.46         31.1565  1183
  537         8007.93          5673.1         31.1311  1185
  538         8005.82         5671.48         31.1245  1187
  539         8004.95         5669.72         31.1364  1189
  540         8004.29         5668.24         31.1474  1191
  541         8003.06         5665.75         31.1642  1193
  542         8002.05         5663.38         31.1822  1197
  543         8000.27          5661.3         31.1863  1199
  544         7997.02          5657.1         31.1989  1201
  545         7996.22         5656.49         31.1963  1205
  546         7995.33         5656.58         31.1833  1207
  547         7994.39         5656.92         31.1664  1209
  548         7993.36         5657.59         31.1437  1211
  549         7991.91         5658.08         31.1178  1213
  550         7991.08         5657.91          31.109  1217
  551         7989.69         5657.89         31.0906  1219
  552          7988.8         5657.03         31.0903  1221
  553         7987.31            5655         31.0975  1223
  554         7986.59         5653.77         31.1042  1227
  555         7985.52         5652.39         31.1084  1229
  556         7984.46          5651.1         31.1114  1231
  557         7983.96          5650.7         31.1102  1233
  558         7983.28         5650.75         31.1003  1235
  559         7982.71          5651.1         31.0882  1237
  560         7982.04         5652.11         31.0657  1239
  561         7981.72         5652.67         31.0539  1243
  562          7981.1         5653.43         31.0356  1245
  563         7979.45         5655.15         30.9907  1247
  564         7978.88         5655.75          30.975  1251
  565         7977.95         5656.02         30.9591  1253
  566         7977.45         5655.76         30.9558  1255
  567         7977.12         5655.26         30.9581  1257
  568         7976.86         5654.99         30.9582  1259
  569         7976.46         5654.73         30.9563  1261
  570         7976.06         5654.91         30.9487  1263
  571         7975.44         5655.44         30.9334  1265
  572         7974.44         5656.67         30.9035  1267
  573         7973.77         5658.66         30.8681  1269
  574         7973.07         5658.25         30.8642  1271
  575         7972.83         5658.19         30.8619  1273
  576         7972.56         5658.21          30.858  1275
  577         7972.23         5659.06         30.8423  1277
  578         7971.62         5658.71         30.8388  1279
  579         7970.99         5658.45         30.8339  1281
  580          7970.5         5658.71         30.8239  1283
  581         7970.15         5659.13         30.8136  1285
  582          7969.7         5659.24         30.8062  1287
  583         7968.93         5659.43         30.7933  1289
  584         7968.27         5660.01         30.7768  1291
  585         7967.79         5660.72         30.7608  1293
  586         7967.09         5661.01         30.7477  1295
  587         7966.57         5660.67         30.7453  1297
  588         7965.87         5660.44          30.739  1299
  589          7964.9         5659.88         30.7336  1301
  590         7964.66         5659.35         30.7374  1303
  591         7963.46         5659.18         30.7236  1305
  592         7963.36         5659.15         30.7228  1307
  593          7963.2         5659.21         30.7198  1309
  594         7962.99         5659.43         30.7141  1311
  595          7962.7         5659.49         30.7096  1313
  596         7962.14         5659.86          30.697  1315
  597         7961.93         5660.08         30.6913  1317
  598          7961.6          5660.9         30.6761  1319
  599         7961.17         5661.03         30.6686  1321
  600          7960.6         5661.15         30.6593  1323
  601         7959.83         5662.13          30.636  1325
  602         7959.42         5662.61         30.6241  1327
  603         7959.03         5662.56         30.6197  1329
  604         7958.28         5662.72         30.6075  1331
  605         7957.76         5663.48         30.5905  1333
  606         7957.53         5664.08         30.5794  1335
  607         7957.36         5664.35         30.5735  1337
  608         7957.18         5664.51         30.5689  1339
  609         7956.79         5665.03         30.5568  1341
  610         7956.23         5666.39         30.5312  1343
  611         7955.98         5666.69         30.5238  1347
  612         7955.57         5667.22         30.5113  1349
  613         7955.28         5667.17         30.5081  1351
  614         7954.96         5667.16         30.5039  1353
  615         7954.31         5667.25         30.4942  1355
  616         7953.76         5667.86         30.4787  1357
  617         7953.22         5667.93         30.4705  1359
  618         7952.92         5668.03         30.4653  1361
  619          7952.7         5668.25         30.4593  1363
  620         7952.36         5668.48         30.4517  1365
  621          7951.8         5668.47         30.4445  1367
  622         7950.57         5667.99         30.4344  1369
  623         7949.87         5667.74         30.4285  1371
  624         7949.57         5667.24         30.4311  1373
  625         7949.22         5667.07         30.4287  1375
  626          7948.9          5666.8         30.4281  1377
  627         7948.51         5666.53         30.4264  1379
  628         7947.95         5666.26         30.4225  1381
  629         7947.22          5666.2         30.4136  1383
  630         7946.66         5665.94         30.4097  1385
  631         7946.05         5665.56         30.4066  1387
  632         7945.87         5665.15         30.4096  1389
  633         7945.34         5665.01         30.4044  1391
  634         7944.99         5664.67         30.4042  1393
  635         7944.56         5664.23         30.4044  1395
  636          7944.2            5664         30.4027  1397
  637         7943.84         5663.81         30.4004  1399
  638         7943.48         5663.63          30.398  1401
  639         7942.59         5663.17         30.3923  1403
  640         7942.39         5662.97         30.3923  1407
  641         7942.19            5663         30.3893  1409
  642         7942.06            5663         30.3874  1411
  643         7941.63         5662.92         30.3828  1413
  644         7941.08          5662.8         30.3771  1415
  645         7940.81         5662.36         30.3793  1419
  646         7940.18          5662.1         30.3744  1421
  647          7939.7         5661.63         30.3743  1423
  648         7939.35         5661.08          30.377  1425
  649         7939.05         5660.22         30.3845  1427
  650         7938.65         5659.87         30.3837  1429
  651         7938.26         5659.44         30.3843  1431
  652         7937.94         5659.07         30.3849  1433
  653         7937.72         5658.82         30.3853  1437
  654         7937.35         5658.59         30.3835  1439
  655         7936.93          5658.4         30.3804  1441
  656         7936.52         5658.11         30.3789  1443
  657         7936.02         5657.88         30.3753  1445
  658         7935.54         5657.42          30.375  1447
  659         7934.76         5656.32         30.3791  1449
  660         7934.62         5656.12         30.3801  1453
  661         7934.46         5655.93         30.3805  1455
  662         7934.01         5655.37         30.3818  1457
  663         7933.64         5654.71         30.3857  1459
  664         7933.32         5654.68         30.3819  1461
  665         7933.16         5654.78         30.3785  1463
  666         7932.87         5654.93         30.3725  1465
  667          7932.5         5655.06         30.3659  1467
  668            7932         5654.87         30.3617  1469
  669          7931.7         5654.34         30.3648  1473
  670         7930.88         5653.56         30.3643  1475
  671         7930.69         5653.23         30.3661  1477
  672          7930.3          5652.3         30.3733  1479
  673         7930.15         5651.51         30.3818  1481
  674          7929.8         5651.32         30.3798  1483
  675          7929.5         5650.97         30.3804  1485
  676          7929.2         5650.56         30.3817  1487
  677         7928.71         5649.89         30.3843  1489
  678         7928.34         5649.09           30.39  1493
  679         7927.47         5647.69         30.3971  1495
  680         7926.91          5646.6         30.4041  1497
  681         7926.83          5645.9         30.4124  1499
  682         7926.44         5645.99          30.406  1501
  683         7926.33         5646.09         30.4031  1503
  684         7926.08         5646.16         30.3988  1505
  685         7925.73         5646.23         30.3933  1507
  686         7925.49         5646.06         30.3923  1511
  687         7925.04         5645.83         30.3894  1513
  688         7923.95         5644.49         30.3929  1515
  689         7923.22          5642.8         30.4056  1517
  690         7922.61         5641.24         30.4183  1519
  691         7922.22         5641.24         30.4131  1521
  692         7921.75         5641.18         30.4076  1523
  693         7921.43         5641.15         30.4038  1525
  694         7921.09         5640.84         30.4033  1527
  695         7920.62         5640.33         30.4039  1529
  696         7919.68         5638.15         30.4205  1531
  697         7919.48         5637.27         30.4294  1533
  698         7919.01          5637.6         30.4188  1535
  699         7918.81         5637.52         30.4172  1537
  700         7918.15         5637.08         30.4143  1539
  701         7917.82         5636.35         30.4196  1541
  702         7916.92         5636.04         30.4116  1543
  703         7916.09         5635.09         30.4134  1545
  704          7915.3         5633.71         30.4212  1547
  705         7914.98         5632.58         30.4319  1549
  706         7914.38         5632.42         30.4262  1551
  707         7913.62          5632.2          30.419  1553
  708         7912.59         5631.97         30.4082  1555
  709         7911.38          5631.8         30.3944  1557
  710         7910.53         5631.64         30.3853  1559
  711         7909.81         5630.95         30.3848  1561
  712         7908.38          5628.8         30.3943  1563
  713         7907.89         5626.52         30.4183  1565
  714         7907.11         5626.76         30.4046  1567
  715         7906.91         5626.83          30.401  1569
  716         7906.42         5626.49         30.3991  1571
  717         7906.18          5625.8         30.4051  1573
  718         7905.25         5625.08         30.4022  1575
  719         7904.74         5624.01         30.4097  1577
  720         7904.17         5622.36         30.4242  1579
  721         7903.83         5620.98          30.438  1583
  722         7903.26         5619.92         30.4444  1585
  723         7902.06         5617.72          30.458  1587
  724         7900.57         5614.92         30.4753  1589
  725         7898.73         5611.92         30.4909  1591
  726         7897.75         5609.91         30.5046  1595
  727         7896.87         5609.38         30.4999  1597
  728         7896.13         5609.44         30.4892  1599
  729         7895.79         5609.16         30.4884  1601
  730         7895.34          5609.9         30.4726  1603
  731         7895.03         5610.02         30.4669  1605
  732         7894.43         5610.26         30.4556  1607
  733         7894.13         5609.53         30.4613  1609
  734         7893.62         5608.95         30.4623  1611
  735         7893.07         5607.44         30.4751  1613
  736          7892.6         5605.67         30.4924  1615
  737         7892.32         5603.63         30.5158  1617
  738         7891.92         5603.49         30.5124  1619
  739         7891.46         5603.44         30.5069  1621
  740         7891.13         5603.56         30.5009  1623
  741         7890.93         5603.84         30.4945  1625
  742         7890.69         5604.04         30.4887  1627
  743         7890.29         5604.34         30.4792  1629
  744         7889.55         5605.13         30.4589  1631
  745         7888.87         5606.39         30.4331  1633
  746         7888.39         5606.81          30.421  1635
  747          7888.1         5606.62         30.4197  1637
  748         7887.81         5606.27         30.4205  1639
  749          7887.1         5606.17         30.4123  1641
  750         7886.89         5606.02         30.4117  1645
  751         7886.43         5606.48         30.3993  1647
  752         7886.25         5606.72         30.3937  1649
  753         7886.02         5607.18         30.3846  1651
  754         7885.74         5607.43         30.3775  1653
  755         7885.23         5607.91         30.3643  1655
  756         7885.16         5608.42         30.3566  1657
  757         7884.66         5608.18         30.3532  1659
  758         7884.52         5607.99         30.3537  1661
  759         7884.31         5607.77         30.3538  1663
  760         7884.15         5607.79         30.3514  1665
  761         7883.67         5607.64         30.3471  1667
  762         7883.21         5607.53         30.3424  1669
  763          7882.9         5607.63         30.3369  1671
  764         7882.61          5607.6         30.3335  1673
  765         7882.09         5607.58         30.3268  1675
  766         7881.27         5607.23         30.3205  1677
  767         7880.81         5606.89         30.3189  1679
  768         7880.45         5606.67          30.317  1681
  769         7880.26          5606.6         30.3155  1683
  770         7879.88         5606.45         30.3124  1685
  771         7879.48          5606.4         30.3077  1687
  772         7878.96         5606.32         30.3019  1689
  773         7878.52         5606.37         30.2954  1693
  774         7878.04         5606.54         30.2866  1695
  775          7877.9         5606.49         30.2854  1697
  776         7877.63         5606.48          30.282  1699
  777         7877.25         5606.53         30.2763  1701
  778         7876.77         5606.67         30.2679  1703
  779         7876.43         5606.88         30.2607  1705
  780         7876.31         5606.88         30.2591  1707
  781         7876.07         5606.83         30.2565  1709
  782          7875.8         5606.68          30.255  1713
  783         7875.18         5606.52         30.2488  1715
  784         7874.43         5606.28          30.242  1717
  785         7874.28         5606.18         30.2413  1719
  786         7873.85         5606.15          30.236  1721
  787         7873.67         5606.13         30.2338  1723
  788         7873.38         5606.14         30.2298  1725
  789         7872.88         5606.17         30.2227  1727
  790         7872.31         5606.54         30.2103  1729
  791         7871.85         5606.37         30.2064  1731
  792          7871.2         5606.57         30.1951  1733
  793         7870.92         5606.55         30.1915  1735
  794         7870.71         5606.48         30.1897  1737
  795         7870.14         5606.55         30.1812  1739
  796         7869.53            5607         30.1671  1741
  797         7869.34         5607.22         30.1616  1745
  798         7868.92         5607.87         30.1473  1747
  799         7868.36         5608.27         30.1345  1749
  800         7867.82         5609.49         30.1111  1751
  801         7867.01         5609.28          30.103  1753
  802         7866.87         5609.33         30.1005  1755
  803         7866.69         5609.48         30.0961  1757
  804          7866.2         5610.06         30.0819  1759
  805         7865.71         5610.93         30.0637  1763
  806         7864.73         5612.12         30.0347  1765
  807         7863.68         5613.28         30.0052  1767
  808         7863.39          5613.4         29.9998  1771
  809         7863.07         5613.36         29.9961  1773
  810          7862.8            5613         29.9973  1775
  811         7862.49         5612.38         30.0014  1777
  812         7862.29         5612.21         30.0011  1781
  813         7861.94         5611.75         30.0025  1783
  814         7861.23         5611.04         30.0026  1785
  815         7860.39         5610.58         29.9974  1787
  816         7859.44          5610.2         29.9899  1789
  817         7858.56         5610.34         29.9763  1791
  818         7857.87         5610.72         29.9619  1793
  819         7857.78         5610.91         29.9583  1795
  820         7857.27         5610.65         29.9549  1797
  821         7856.77         5610.14         29.9551  1799
  822         7856.15          5609.5         29.9554  1801
  823          7855.6          5609.1         29.9533  1803
  824         7855.21         5608.94         29.9502  1805
  825         7854.85         5608.84         29.9468  1807
  826         7853.83         5608.42         29.9388  1809
  827         7852.76         5607.83         29.9324  1811
  828         7852.15         5607.13         29.9336  1813
  829         7851.63         5606.65          29.933  1815
  830          7851.4         5606.47         29.9323  1817
  831         7850.05         5605.07         29.9331  1819
  832          7849.4         5604.16         29.9365  1823
  833         7848.92          5603.2         29.9429  1825
  834         7848.65          5602.9         29.9433  1827
  835         7847.78          5601.4         29.9517  1829
  836         7847.19         5600.63         29.9542  1831
  837         7846.93         5600.64         29.9505  1833
  838          7846.8         5600.66         29.9485  1835
  839         7846.15         5600.77         29.9384  1837
  840         7845.54         5600.86         29.9291  1839
  841         7845.16         5601.03         29.9218  1843
  842         7844.57         5600.95         29.9149  1845
  843         7843.89         5600.51         29.9117  1847
  844         7842.88         5599.76         29.9083  1849
  845         7842.58          5598.7         29.9184  1851
  846         7841.35         5598.65         29.9028  1853
  847         7840.84         5598.52         29.8976  1855
  848         7840.34         5598.28         29.8941  1857
  849         7840.26         5597.85         29.8989  1859
  850         7839.69         5597.74         29.8927  1861
  851         7839.41         5597.44          29.893  1863
  852         7838.87         5596.62         29.8967  1865
  853          7838.4          5595.9         29.9001  1867
  854         7838.21         5595.47         29.9033  1871
  855         7837.93         5595.17         29.9035  1873
  856          7837.6         5594.88         29.9029  1875
  857            7837          5594.4         29.9012  1877
  858         7836.49         5594.32         29.8955  1879
  859         7835.93         5594.42         29.8867  1881
  860         7835.61          5594.5         29.8814  1883
  861         7835.24         5594.59         29.8753  1885
  862         7834.87         5594.62           29.87  1887
  863         7834.42         5594.28         29.8685  1889
  864         7833.87         5593.49         29.8717  1891
  865         7832.86         5590.42         29.8993  1893
  866         7832.48         5589.92         29.9008  1897
  867         7832.33         5590.16         29.8955  1899
  868         7832.16         5590.25         29.8921  1907
  869          7831.8         5589.62         29.8957  1911
  870         7830.87         5589.49         29.8852  1913
  871         7829.74         5588.58         29.8823  1915
  872         7829.12         5587.19         29.8924  1919
  873          7828.3         5585.46         29.9046  1921
  874         7828.02          5584.8         29.9095  1923
  875         7827.79         5584.06         29.9164  1927
  876         7827.44         5583.66          29.917  1929
  877         7826.86            5583         29.9182  1931
  878         7825.92         5582.65         29.9104  1933
  879         7824.95         5582.13         29.9043  1935
  880         7824.31         5581.03         29.9104  1937
  881         7823.13         5580.32         29.9041  1939
  882         7822.62         5579.61         29.9068  1941
  883         7821.09         5576.99         29.9213  1943
  884         7820.57         5575.53         29.9339  1947
  885         7819.72         5573.86         29.9448  1949
  886         7819.11         5572.41          29.956  1951
  887         7818.09         5569.06         29.9872  1953
  888          7817.7         5568.44         29.9901  1957
  889         7816.98         5567.63         29.9913  1959
  890         7816.05         5567.52         29.9804  1961
  891         7815.51         5567.87         29.9685  1963
  892          7814.9         5568.07         29.9577  1965
  893         7814.21         5569.08          29.935  1967
  894         7812.26         5568.65         29.9147  1969
  895          7811.9         5568.03         29.9182  1971
  896         7811.07         5567.35         29.9162  1973
  897         7810.43         5567.54         29.9051  1975
  898         7809.95         5567.57         29.8984  1977
  899          7809.4         5567.78         29.8882  1979
  900          7808.8         5567.98         29.8776  1981
  901         7807.42         5569.12          29.844  1983
  902         7806.25         5569.61         29.8218  1985
  903         7805.23         5569.68         29.8074  1987
  904         7804.71          5569.7         29.8002  1991
  905         7804.08         5569.72         29.7914  1993
  906         7803.69         5569.75         29.7859  1995
  907         7801.96         5570.39         29.7542  1997
  908         7800.91         5571.46         29.7259  1999
  909         7799.65          5572.1         29.7007  2001
  910         7798.66         5572.03         29.6884  2003
  911         7797.82         5571.64         29.6824  2005
  912         7797.06         5570.93         29.6817  2009
  913         7795.52         5570.09         29.6724  2011
  914         7792.71         5568.61         29.6547  2013
  915          7791.4         5567.88         29.6469  2015
  916          7789.5         5567.87         29.6217  2017
  917         7788.45         5567.41         29.6139  2019
  918         7786.59         5566.48         29.6014  2021
  919         7785.85         5565.81         29.6005  2025
  920         7783.79         5565.01         29.5837  2027
  921         7780.23         5563.82         29.5522  2029
  922         7778.33         5563.29         29.5339  2033
  923         7775.92         5562.28         29.5152  2035
  924         7774.27         5560.84         29.5124  2037
  925         7772.57         5559.11         29.5128  2039
  926         7770.89         5558.03         29.5048  2041
  927         7766.24         5554.39         29.4914  2043
  928         7764.25         5553.07         29.4824  2047
  929         7762.77         5551.87         29.4787  2049
  930         7760.92         5549.63         29.4838  2051
  931         7760.06         5548.28         29.4905  2053
  932         7758.35         5547.93         29.4722  2055
  933         7756.62         5547.56         29.4542  2057
  934         7755.14         5547.82          29.431  2059
  935         7753.51         5548.33         29.4025  2061
  936         7751.02         5549.15         29.3582  2063
  937         7748.49         5547.97         29.3402  2065
  938         7744.59          5545.1         29.3265  2067
  939         7743.46         5541.94         29.3537  2069
  940         7740.09         5540.75         29.3246  2071
  941         7738.58         5539.22         29.3248  2073
  942         7735.05          5535.2         29.3314  2075
  943         7733.37         5532.11         29.3501  2079
  944         7730.56         5529.16          29.352  2081
  945         7726.65         5523.81         29.3712  2083
  946         7723.28          5517.4         29.4118  2085
  947         7719.99         5512.92         29.4276  2087
  948         7717.44         5512.35         29.4012  2089
  949         7712.42         5508.85          29.381  2091
  950         7706.99         5505.55         29.3525  2093
  951         7699.48         5493.31         29.4156  2095
  952         7691.92         5476.86         29.5342  2097
  953         7689.89            5468         29.6252  2099
  954         7683.88         5471.51         29.4982  2101
  955         7680.77         5469.28         29.4865  2103
  956         7676.81         5467.72         29.4545  2105
  957         7675.06         5466.15         29.4521  2107
  958         7669.98         5464.33         29.4088  2109
  959         7662.84         5457.66         29.4024  2111
  960         7654.43         5447.97         29.4194  2113
  961         7650.29         5437.32         29.5063  2115
  962         7645.92         5433.54         29.4984  2117
  963         7644.21         5433.74         29.4729  2119
  964         7638.81         5432.04         29.4236  2121
  965         7630.61         5429.49         29.3482  2123
  966         7627.37         5427.29         29.3345  2127
  967         7622.22         5424.45         29.3037  2129
  968         7617.36         5418.14         29.3229  2131
  969          7611.8         5408.72         29.3744  2133
  970         7608.33         5399.71         29.4484  2135
  971         7601.56         5394.35         29.4296  2137
  972         7596.48         5389.81         29.4222  2139
  973         7592.29         5385.69         29.4214  2141
  974         7586.78         5378.01         29.4503  2143
  975         7578.76         5369.31         29.4593  2145
  976         7570.97         5357.23         29.5166  2147
  977          7565.3          5345.2         29.6013  2149
  978         7561.04         5338.68         29.6314  2151
  979         7557.79         5339.53         29.5767  2153
  980         7552.87         5336.43         29.5525  2155
  981         7548.17         5335.08         29.5078  2157
  982         7542.22         5323.82         29.5787  2159
  983         7537.62         5312.51         29.6681  2161
  984         7533.85         5311.28         29.6342  2163
  985         7531.96         5310.13         29.6244  2165
  986         7528.48         5309.08         29.5921  2167
  987          7524.1         5306.79         29.5642  2169
  988          7519.5         5304.49         29.5335  2171
  989         7514.91         5298.67         29.5498  2173
  990         7511.37         5292.85         29.5803  2175
  991         7507.83         5289.64         29.5758  2177
  992         7502.85         5285.38         29.5662  2179
  993         7496.83         5281.99         29.5312  2181
  994         7494.74         5279.44         29.5373  2183
  995         7487.57         5280.58         29.4265  2185
  996         7484.03         5280.27         29.3834  2187
  997         7479.01         5278.72         29.3373  2189
  998         7474.49          5272.2         29.3639  2191
  999         7468.53         5268.04         29.3398  2193
 1000         7465.22         5263.55         29.3556  2195
