    0         2698.27         2698.27               0  1
    1         2620.57         2544.08         7.64932  7
    2          1746.8          1605.1         14.1707  13
    3         1394.66         1112.78         28.1888  17
    4         903.145         673.485          22.966  19
    5         885.146         650.914         23.4231  21
    6          830.24          603.92          22.632  23
    7         807.758         594.766         21.2991  27
    8         722.705         575.924         14.6781  29
    9         642.355         560.223         8.21325  31
   10         624.613         555.166         6.94475  35
   11         612.751         551.603         6.11477  37
   12         604.167         549.557           5.461  39
   13         591.307         549.219         4.20881  41
   14         570.032         535.093         3.49389  43
   15         551.125         512.799         3.83252  45
   16         548.739         508.126         4.06133  49
   17         543.705         500.334         4.33714  51
   18         540.439         496.429         4.40096  53
   19         535.431         490.807         4.46242  55
   20         528.445         483.203         4.52422  57
   21         524.786         479.662         4.51242  61
   22         519.136         476.274         4.28622  63
   23         516.556          474.51         4.20462  65
   24         514.772         473.331         4.14407  67
   25         512.107         470.831         4.12752  69
   26         509.732         470.252         3.94798  71
   27         505.903         468.271         3.76325  73
   28         502.462         465.208         3.72542  75
   29         498.851         461.076         3.77752  77
   30         494.144         452.868         4.12761  79
   31         487.032         433.437         5.35949  81
   32         480.133         421.879         5.82543  83
   33         474.715         415.779         5.89354  85
   34         469.833         406.666         6.31667  87
   35         469.003          404.75         6.42535  91
   36         467.732         403.309         6.44232  93
   37         465.628          401.29          6.4338  95
   38         461.448         396.812         6.46364  97
   39         459.255         394.141         6.51142  101
   40         455.716         391.647         6.40693  103
   41         453.203         391.415         6.17877  105
   42         452.495         391.915         6.05805  107
   43         451.659         392.285         5.93738  109
   44         451.156         392.412         5.87437  111
   45         450.301         392.168         5.81333  113
   46         449.157         391.238         5.79195  115
   47         448.058         389.713         5.83441  117
   48         447.234         388.777         5.84573  119
   49         444.575         383.916         6.06595  121
   50         441.799         377.113         6.46861  123
   51         440.987         374.529         6.64583  127
   52         439.851         370.363         6.94884  129
   53         439.395          369.17          7.0225  131
   54         438.499          367.02         7.14784  133
   55         437.033         362.818         7.42155  135
   56         436.447         357.771          7.8676  137
   57         434.474         357.348         7.71261  139
   58         433.868         358.278           7.559  141
   59         433.592         358.748         7.48436  143
   60          433.23         359.412         7.38178  145
   61         432.858         360.241         7.26166  147
   62          432.17         360.238         7.19316  149
   63         431.504         359.427         7.20767  151
   64          430.76         357.673         7.30876  153
   65         430.307         354.293         7.60144  155
   66         429.932         352.754         7.71782  157
   67         429.694         352.945         7.67491  159
   68         429.535         352.788         7.67475  161
   69         429.311         352.195         7.71159  163
   70         428.825         350.335         7.84906  165
   71         428.599         349.009         7.95895  169
   72         428.284         347.429          8.0855  171
   73         428.091         345.926          8.2165  173
   74         427.923         344.915         8.30082  175
   75         427.658          342.38         8.52778  177
   76         427.569         341.923         8.56457  181
   77         427.413         341.448         8.59653  183
   78         427.229         341.784         8.54449  185
   79         426.982         342.587         8.43943  187
   80         426.681         343.393         8.32883  189
   81         426.307         345.383         8.09246  191
   82         426.011         344.859         8.11513  193
   83         425.961          344.41         8.15515  195
   84         425.806         343.368         8.24382  197
   85         425.668         342.448         8.32196  199
   86         425.463         342.546          8.2917  201
   87         425.303         342.784         8.25184  203
   88         425.165         343.098         8.20671  205
   89         424.968         343.799         8.11684  207
   90         424.784         344.166         8.06184  209
   91         424.617         344.533         8.00838  211
   92         424.451         344.965         7.94859  213
   93         424.324         345.382         7.89424  217
   94         424.262         345.476         7.87863  219
   95         424.247         345.374         7.88732  221
   96          424.23          345.19         7.90401  223
   97         424.206         344.771         7.94349  225
   98         424.186         344.632         7.95537  229
   99         424.138         344.371          7.9767  231
  100         424.072         344.116         7.99563  233
  101         423.966         343.948         8.00178  235
  102         423.703         343.635         8.00677  237
  103          423.53         343.582         7.99476  241
  104           423.3         343.679         7.96217  243
  105           423.1          343.93         7.91703  245
  106         422.936         344.257         7.86787  247
  107         422.762         344.713         7.80494  249
  108         422.639         344.775         7.78642  251
  109         422.472         344.787         7.76848  253
  110          422.35         344.837         7.75132  255
  111         422.328          344.83         7.74978  259
  112         422.316         344.795         7.75214  261
  113         422.299         344.738         7.75601  263
  114         422.267         344.619         7.76474  265
  115         422.221         344.343         7.78772  267
  116         422.165         344.136         7.80295  269
  117         422.128         344.129         7.79993  271
  118          422.06         344.127         7.79332  273
  119         421.974         344.038         7.79354  275
  120         421.892         343.874         7.80183  279
  121         421.809         343.769         7.80393  281
  122         421.747         343.688         7.80586  283
  123         421.604         343.465         7.81387  285
  124         421.224         342.795         7.84291  287
  125         420.515         341.406         7.91093  289
  126         420.066         338.942         8.11243  291
  127         419.231         338.693         8.05378  293
  128         418.944         338.577         8.03668  295
  129         418.741         338.344         8.03974  297
  130         418.376         337.867         8.05089  299
  131         417.583         336.514         8.10689  301
  132         417.101         334.487         8.26146  303
  133         416.138         333.748         8.23907  305
  134         415.731          333.59         8.21412  307
  135         415.424          333.36         8.20636  309
  136         414.871         332.866         8.20056  311
  137         413.998         331.609         8.23888  313
  138         413.565         330.978         8.25873  317
  139         413.231         330.795         8.24355  319
  140         413.073         330.696         8.23765  321
  141         412.959          330.59          8.2369  323
  142         412.383         329.982         8.24014  325
  143         411.731         329.125         8.26063  327
  144         411.409          328.48         8.29285  331
  145         411.088         328.234         8.28534  333
  146         411.002         328.211         8.27911  335
  147         410.967         328.204         8.27629  337
  148         410.833         328.108         8.27246  339
  149         410.613         327.857         8.27565  341
  150         410.435         327.398         8.30375  343
  151         410.248         327.156         8.30913  345
  152         410.178         327.183         8.29949  347
  153         410.147         327.164          8.2983  349
  154         410.103         327.106         8.29969  351
  155         409.968         326.857         8.31105  353
  156         409.772         326.373          8.3399  355
  157         409.643         325.964         8.36787  359
  158           409.5         325.669          8.3831  361
  159         409.443         325.577         8.38664  363
  160         409.416         325.552         8.38632  365
  161         409.335         325.435         8.39001  367
  162         409.171         325.128         8.40424  369
  163         408.931         324.524         8.44071  371
  164         408.762         323.899         8.48629  373
  165         408.675         324.034         8.46408  375
  166         408.651         324.055         8.45956  377
  167         408.619         324.013          8.4606  379
  168         408.505          323.85         8.46547  381
  169         408.315         323.534         8.47806  383
  170         408.175         323.229         8.49456  387
  171         408.025         322.995         8.50305  389
  172         407.976         322.929         8.50469  391
  173         407.965         322.924         8.50413  393
  174         407.935         322.878         8.50566  395
  175         407.864         322.725         8.51388  397
  176         407.787         322.439         8.53481  399
  177         407.727         322.177         8.55503  401
  178         407.697         322.214         8.54827  403
  179         407.685          322.23         8.54557  405
  180         407.674         322.231         8.54429  407
  181         407.638         322.185         8.54529  409
  182         407.611         322.049         8.55619  411
  183         407.596         321.798         8.57982  413
  184         407.559         321.804         8.57548  415
  185         407.549         321.797         8.57524  417
  186         407.542         321.768          8.5774  419
  187         407.526         321.661         8.58658  421
  188         407.513         321.417         8.60951  423
  189         407.487         321.345         8.61414  425
  190          407.47         321.357          8.6113  427
  191         407.442         321.337         8.61045  429
  192         407.392         321.286         8.61065  431
  193         407.365         321.094         8.62705  433
  194         407.309         321.074         8.62357  435
  195         407.303         321.061         8.62421  437
  196         407.294         321.025         8.62688  439
  197         407.276         320.944         8.63322  441
  198         407.247         320.745         8.65023  443
  199         407.223         320.662         8.65611  445
  200         407.209         320.657         8.65521  447
  201          407.19          320.64           8.655  449
  202         407.161         320.595         8.65657  451
  203          407.14         320.521         8.66196  455
  204          407.12         320.483         8.66369  457
  205         407.113         320.462          8.6651  459
  206         407.106         320.436         8.66692  461
  207         407.087         320.353          8.6734  463
  208         407.061         320.212         8.68488  465
  209         407.041         320.122         8.69185  467
  210         407.019         320.136         8.68831  469
  211         407.005         320.158         8.68469  471
  212         406.986         320.178          8.6808  473
  213         406.954         320.231          8.6723  475
  214         406.933         320.257         8.66761  477
  215         406.924          320.24         8.66839  479
  216         406.918          320.23         8.66875  481
  217         406.899         320.212         8.66873  483
  218         406.849          320.17         8.66791  485
  219         406.803         320.129         8.66741  487
  220         406.766         320.126         8.66405  489
  221         406.757         320.134         8.66237  491
  222         406.752         320.139         8.66129  493
  223         406.741         320.146         8.65945  495
  224         406.719         320.176         8.65429  497
  225         406.698         320.224         8.64741  499
  226         406.678         320.242         8.64353  501
  227         406.667         320.248         8.64195  503
  228          406.66         320.253         8.64074  505
  229         406.647         320.253         8.63936  507
  230         406.636         320.256         8.63804  511
  231         406.627         320.255         8.63719  513
  232         406.622         320.255         8.63679  515
  233         406.617         320.255         8.63616  517
  234         406.605         320.262          8.6343  519
  235         406.587         320.279         8.63077  521
  236         406.584           320.3         8.62841  523
  237         406.569         320.296         8.62737  525
  238         406.566         320.296         8.62698  527
  239         406.562         320.299         8.62636  529
  240         406.551         320.308         8.62427  531
  241         406.529         320.324         8.62045  533
  242         406.512         320.349         8.61637  535
  243         406.503         320.344         8.61598  537
  244         406.501         320.343         8.61577  539
  245         406.498         320.345         8.61528  541
  246         406.491         320.356         8.61352  543
  247          406.48         320.384         8.60957  545
  248         406.459         320.427         8.60316  547
  249         406.441          320.46         8.59804  549
  250         406.435          320.49         8.59444  551
  251         406.431         320.493         8.59388  553
  252         406.421         320.504         8.59175  555
  253         406.404         320.543         8.58604  557
  254         406.372         320.627         8.57448  559
  255          406.37         320.784         8.55856  561
  256         406.324         320.752         8.55717  563
  257         406.314         320.747          8.5567  565
  258         406.305         320.753         8.55522  567
  259         406.288         320.772         8.55152  569
  260         406.245         320.839         8.54057  571
  261         406.175         320.967         8.52079  573
  262          406.14         321.067         8.50732  577
  263          406.09          321.12         8.49701  579
  264         406.066         321.139         8.49266  581
  265         406.055         321.148         8.49071  583
  266         406.002         321.201         8.48016  585
  267         405.932         321.279         8.46533  587
  268         405.886         321.336         8.45493  591
  269         405.845         321.368         8.44767  593
  270         405.827         321.383         8.44441  595
  271         405.819         321.384         8.44358  597
  272         405.774         321.391          8.4383  599
  273         405.723         321.415         8.43077  601
  274         405.716         321.436         8.42794  603
  275         405.673         321.429          8.4244  605
  276         405.667         321.426         8.42411  607
  277         405.659         321.421         8.42383  609
  278         405.643         321.409         8.42339  611
  279         405.617         321.386         8.42316  613
  280         405.604         321.379         8.42256  617
  281         405.585         321.369          8.4216  619
  282         405.575         321.363         8.42112  621
  283         405.567         321.362         8.42047  623
  284         405.533         321.359         8.41738  625
  285         405.486         321.355         8.41312  627
  286         405.437         321.358         8.40793  629
  287         405.413         321.361         8.40518  631
  288         405.394         321.363         8.40307  633
  289         405.366         321.365         8.40004  635
  290         405.341         321.365         8.39755  639
  291         405.314         321.365         8.39484  641
  292         405.297         321.365          8.3932  643
  293         405.272         321.364         8.39075  645
  294         405.211         321.361         8.38496  647
  295         405.155         321.354         8.38012  649
  296         405.107         321.353         8.37538  651
  297         405.099         321.353         8.37459  653
  298         405.097         321.352          8.3745  655
  299         405.096          321.35         8.37459  657
  300         405.093          321.35         8.37432  661
  301         405.089         321.344          8.3745  663
  302         405.087         321.341         8.37462  665
  303         405.064         321.339         8.37247  667
  304         405.001         321.332         8.36694  669
  305         404.994         321.334         8.36602  673
  306         404.989         321.333         8.36564  675
  307         404.984         321.333         8.36516  677
  308         404.978         321.334         8.36434  679
  309         404.961         321.337          8.3624  681
  310         404.958          321.34          8.3618  685
  311         404.952         321.346         8.36058  687
  312         404.949          321.35          8.3599  689
  313         404.948         321.351         8.35963  691
  314         404.946         321.351         8.35947  693
  315         404.942         321.349         8.35931  695
  316         404.939         321.348         8.35908  697
  317         404.931          321.35         8.35811  699
  318         404.928         321.347         8.35809  701
  319         404.926         321.349         8.35771  703
  320         404.926         321.354         8.35721  705
  321         404.922         321.359         8.35633  707
  322         404.922         321.368         8.35532  709
  323         404.921         321.372         8.35497  713
  324         404.921         321.373         8.35479  717
  325         404.916         321.372         8.35444  719
  326         404.916         321.373          8.3543  721
