    0         2698.27         2698.27               0  1
    1         2690.22         2681.68       0.0854394  7
    2          2293.9          2237.5        0.564043  15
    3         2202.15         2056.77         1.45378  19
    4         1868.44         1386.13         4.82313  21
    5         1781.96          1319.6         4.62356  23
    6         1105.83         667.757         4.38075  25
    7         1058.97         670.372         3.88597  29
    8         1027.16         719.006         3.08153  31
    9         1004.89          730.22          2.7467  33
   10         880.004         715.213         1.64791  35
   11         840.354         709.432         1.30922  39
   12         810.242         674.394         1.35848  41
   13         797.566         643.011         1.54555  43
   14         794.156         639.531         1.54625  47
   15         776.727         632.329         1.44398  51
   16         748.547          621.15         1.27397  53
   17         742.601         622.154         1.20447  57
   18          740.11         623.646         1.16464  59
   19         738.296          625.79         1.12506  61
   20         735.514         627.856         1.07658  63
   21         728.802         628.694         1.00108  65
   22         723.255         626.322        0.969328  67
   23         716.671         621.699        0.949716  69
   24         713.979         617.624        0.963555  71
   25         710.948         612.122        0.988259  73
   26         708.982          609.73        0.992523  75
   27         706.863         609.736        0.971266  77
   28         695.816         608.557        0.872592  79
   29         692.337         604.548        0.877885  81
   30         689.858         605.244         0.84614  83
   31         689.294         604.796        0.844983  85
   32         688.012         603.109        0.849025  87
   33         685.697         599.816        0.858817  89
   34         681.421          593.56        0.878607  91
   35         678.671         584.474        0.941977  93
   36         673.178         582.823        0.903542  95
   37         670.654         582.258        0.883962  97
   38         668.581          581.48        0.871016  99
   39         666.205          580.88        0.853252  101
   40          665.55         581.953        0.835965  103
   41         664.375         581.652        0.827227  105
   42         663.611         581.485        0.821263  107
   43         662.449         581.425        0.810236  109
   44         659.897          581.53        0.783672  111
   45          657.73         581.778        0.759515  113
   46         656.861          581.69        0.751704  117
   47         655.908         581.731        0.741778  119
   48         655.471         581.569        0.739016  121
   49         654.747         581.179        0.735678  123
   50         653.196         580.118        0.730785  125
   51         651.776         578.829        0.729472  127
   52         651.356         578.242        0.731135  131
   53         650.867         577.781        0.730855  133
   54         650.635         577.609        0.730267  135
   55         650.356         577.282        0.730732  137
   56         649.467         575.945        0.735219  139
   57          647.95         573.254        0.746963  141
   58         645.852         568.859        0.769936  143
   59         645.455         567.661        0.777932  147
   60         644.137         564.937        0.791996  149
   61         643.611         564.354         0.79257  151
   62          643.27          564.06        0.792093  153
   63         642.329         562.827        0.795017  155
   64           640.5         559.998        0.805011  157
   65         637.756         554.984        0.827719  159
   66          637.09         553.087        0.840032  163
   67         634.967         549.176        0.857913  165
   68         633.886         547.712        0.861742  167
   69         633.132         546.819        0.863131  169
   70         631.497          544.41        0.870871  171
   71         628.301         539.144        0.891564  173
   72         624.487         532.918        0.915688  175
   73         623.615         530.926        0.926888  179
   74         621.824         528.747        0.930771  181
   75         621.247          528.78         0.92467  183
   76         620.825          528.83         0.91995  185
   77         619.548         528.489        0.910592  187
   78         617.755         527.595        0.901597  189
   79         616.688         527.138        0.895501  193
   80          614.87         526.208        0.886617  195
   81          613.97         525.725        0.882444  197
   82         613.075         525.153        0.879222  199
   83         612.072         524.264        0.878085  201
   84         611.706         524.096        0.876098  205
   85         611.155         523.833        0.873227  207
   86          610.78         523.785        0.869949  209
   87          610.52         523.758         0.86762  211
   88         609.887          523.44        0.864469  213
   89         609.235         522.924        0.863117  217
   90         608.117         522.108        0.860093  219
   91         607.001         520.942        0.860586  221
   92         606.208         519.805         0.86403  223
   93         605.822         518.544        0.872786  225
   94         605.321         518.592        0.867291  227
   95         605.048         518.449        0.865986  229
   96         604.804         518.173        0.866317  231
   97         604.545         517.868        0.866769  233
   98         604.375         517.636        0.867387  237
   99         604.199         517.566        0.866337  239
  100         603.828         517.413        0.864146  241
  101         603.261         517.161        0.861004  243
  102         602.436         516.645        0.857912  245
  103         602.172         516.499        0.856733  249
  104         601.934         516.455        0.854795  251
  105         601.741          516.45        0.852907  253
  106         601.606         516.391        0.852145  255
  107         601.449         516.361         0.85088  257
  108         601.334         516.313        0.850215  259
  109         601.211         516.295         0.84916  261
  110         601.062         516.228        0.848342  263
  111         600.827         516.035        0.847917  265
  112         600.565         515.689        0.848754  267
  113         600.474         515.481        0.849922  271
  114         600.138         515.087        0.850511  273
  115         599.395         513.957        0.854389  275
  116         599.178         513.625        0.855534  279
  117         598.895         513.264        0.856306  281
  118         598.715         513.099        0.856162  283
  119         598.573         513.106        0.854664  285
  120          598.41         513.128        0.852817  287
  121         598.149         513.279          0.8487  289
  122         597.978         513.223        0.847548  293
  123         597.736         513.234        0.845027  295
  124         597.406          513.05        0.843564  297
  125         597.223         512.567        0.846553  299
  126         596.949         512.419        0.845302  301
  127          596.57         511.849        0.847211  303
  128          596.38         511.376        0.850035  305
  129         596.244         511.051        0.851929  307
  130          595.92         510.674         0.85246  309
  131         595.297         510.085        0.852123  311
  132         594.466         509.498         0.84968  313
  133         593.901         508.809        0.850924  315
  134         592.823         508.929        0.838941  317
  135         592.576         509.026        0.835498  319
  136         592.377         509.116        0.832606  321
  137         592.132         509.221        0.829109  323
  138         591.781         509.238        0.825439  325
  139         591.313          509.15        0.821629  327
  140         590.699         509.131        0.815679  329
  141         590.007         509.178        0.808287  331
  142          589.88         509.094        0.807862  333
  143         589.751         509.045        0.807062  335
  144         589.352         508.898        0.804534  337
  145          588.87         508.729        0.801408  339
  146         587.947         508.406        0.795415  341
  147         587.343         508.143        0.791996  345
  148         586.858         508.075        0.787833  347
  149         586.696         508.078        0.786178  349
  150         586.603         508.074        0.785293  351
  151         586.404         508.018        0.783859  353
  152         586.279         507.953        0.783263  355
  153         586.097         507.923        0.781742  357
  154         585.858          507.82        0.780375  359
  155         585.502         507.582        0.779198  361
  156         585.289         507.306        0.779825  363
  157         585.135         507.086        0.780495  365
  158         585.021         507.095        0.779263  367
  159          584.84         507.034        0.778057  369
  160         584.287         506.687        0.775999  371
  161         583.372         505.871        0.775005  373
  162          582.82         504.865        0.779558  375
  163         582.237         504.455        0.777815  377
  164         582.067         504.528        0.775399  379
  165         581.867         504.454        0.774127  381
  166         581.551         504.154        0.773977  383
  167         581.416         503.436        0.779802  385
  168         580.996         503.264        0.777319  387
  169         580.864         503.141        0.777233  389
  170         580.628         502.795         0.77833  391
  171          580.38         502.329        0.780512  393
  172         580.134         502.105        0.780285  395
  173         579.906         502.049        0.778575  397
  174         579.317         501.942        0.773757  399
  175         578.501         501.859        0.766422  401
  176         578.275         501.873         0.76402  405
  177         577.925         501.925        0.759993  407
  178          577.81         501.936        0.758746  409
  179         577.698         501.944        0.757548  411
  180         577.452         501.975        0.754771  413
  181         577.141         502.041        0.750993  415
  182         576.876         502.147        0.747289  417
  183         576.729         502.104        0.746248  419
  184         576.595         502.044        0.745514  421
  185         576.502          501.99        0.745116  423
  186         576.461         501.958        0.745026  425
  187         576.365         501.984        0.743809  427
  188         576.221         502.026         0.74194  429
  189         576.088         502.064        0.740241  431
  190          576.01         502.104         0.73906  433
  191         575.912          502.09        0.738217  435
  192          575.78         502.056        0.737244  437
  193         575.522         502.019        0.735029  439
  194         575.234         502.037        0.731962  441
  195         575.051         502.166        0.728847  443
  196         574.817         502.146        0.726713  445
  197         574.523         502.127        0.723953  447
  198         574.256         502.156        0.720993  449
  199         574.125          502.18        0.719445  451
  200         574.042          502.19        0.718512  453
  201         573.927         502.199         0.71728  455
  202         573.635         502.245        0.713898  457
  203         573.117         502.488        0.706292  459
  204         572.999         502.569        0.704294  463
  205         572.713         502.871        0.698425  465
  206         572.577         502.946        0.696315  467
  207         572.469         502.918        0.695506  469
  208         572.258         502.856        0.694026  471
  209         571.855         502.723        0.691321  473
  210         571.461         502.474        0.689874  475
  211         571.319         502.159        0.691606  477
  212             571         502.228        0.687719  479
  213         570.868         502.199        0.686695  481
  214         570.556         502.024        0.685319  483
  215         570.284         501.709        0.685753  485
  216         570.081         501.449        0.686326  487
  217         570.004         501.421        0.685824  489
  218         569.907         501.316         0.68591  491
  219          569.78         501.088        0.686926  493
  220         569.729         500.794        0.689352  495
  221         569.559         500.787        0.687723  497
  222         569.352         500.709        0.686431  499
  223         568.979         500.462        0.685162  501
  224         568.592          500.15         0.68442  503
  225         568.483         500.041        0.684424  507
  226         568.322         499.926        0.683959  509
  227         568.199          499.85        0.683487  511
  228         567.935         499.686        0.682492  513
  229          567.61         499.529        0.680816  515
  230         567.378         499.434        0.679439  519
  231         567.153         499.453        0.677003  521
  232         566.871         499.544        0.673267  523
  233         566.638         499.646        0.669923  525
  234         566.422         499.799        0.666231  527
  235         566.153         499.882        0.662711  529
  236         565.697         499.993         0.65704  531
  237         565.052         500.019        0.650329  533
  238          563.28         500.025         0.63254  535
  239         562.654          500.46        0.621932  537
  240         561.339         500.394        0.609449  539
  241         560.952          500.47        0.604828  541
  242         560.735         500.651        0.600838  543
  243         560.623         501.026        0.595968  545
  244         560.405         500.972        0.594326  547
  245         560.278         500.987        0.592907  549
  246         560.151          501.08        0.590704  551
  247         560.109         501.146        0.589631  555
  248         560.056         501.194         0.58862  557
  249         559.971         501.277        0.586936  559
  250         559.837         501.426        0.584109  561
  251         559.584          501.79        0.577944  563
  252         559.486         501.966        0.575204  567
  253         559.363         502.081        0.572815  569
  254         559.284         502.081        0.572039  571
  255         559.233         502.055        0.571782  573
  256          559.14         501.956        0.571838  575
  257         559.042         501.848         0.57194  577
  258         558.969         501.842        0.571265  579
  259          558.83         501.842        0.569884  581
  260           558.8         501.819        0.569807  585
  261         558.783         501.836        0.569478  587
  262         558.772         501.859         0.56913  589
  263          558.75         501.898        0.568522  591
  264         558.734         501.935        0.567989  593
  265         558.706         501.914        0.567917  595
  266         558.639         501.843        0.567954  597
  267         558.585         501.764        0.568202  599
  268         558.576         501.697        0.568785  601
  269         558.541         501.702        0.568387  603
  270         558.525          501.71        0.568146  605
  271         558.501         501.718        0.567829  607
  272         558.437         501.734        0.567037  609
  273         558.325         501.757        0.565678  611
  274         558.196         501.803        0.563923  613
  275         558.122         501.849         0.56273  617
  276         558.051          501.87        0.561812  619
  277         558.007         501.871        0.561361  621
  278         557.955         501.881        0.560738  623
  279         557.854         501.937        0.559173  625
  280         557.835         501.936         0.55899  629
  281         557.793         501.965        0.558278  631
  282         557.768         501.972        0.557963  633
  283         557.745         501.972        0.557725  635
  284         557.708         501.977        0.557308  637
  285         557.684         501.983        0.557011  639
  286         557.655         501.992        0.556633  641
  287         557.632         502.006        0.556262  643
  288         557.618         502.018        0.555999  645
  289         557.599         502.048         0.55551  647
  290          557.58         502.088        0.554925  649
  291         557.552         502.139         0.55413  651
  292          557.51         502.215        0.552946  653
  293         557.432         502.395        0.550378  655
  294         557.402         502.494         0.54908  659
  295         557.348         502.621        0.547272  661
  296         557.303         502.724        0.545786  663
  297         557.248         502.868        0.543799  665
  298         557.238         503.066        0.541725  667
  299         557.191         503.011        0.541796  669
  300         557.183         502.968        0.542148  671
  301         557.174         502.959        0.542149  673
  302         557.158         502.937        0.542213  675
  303         557.137         502.975        0.541621  677
  304         557.089         503.076        0.540128  679
  305         556.974         503.464        0.535097  681
  306         556.948         503.628        0.533204  685
  307         556.918         503.738        0.531798  687
  308         556.904         503.787        0.531175  689
  309         556.895         503.817        0.530774  691
  310         556.866         503.924         0.52942  693
  311         556.835         503.958        0.528762  695
  312         556.793         504.032        0.527607  697
  313         556.762         504.011        0.527508  699
  314         556.734         503.959        0.527743  701
  315         556.694         503.953        0.527405  703
  316         556.651         503.957        0.526944  705
  317         556.578         504.089        0.524885  707
  318         556.439         504.487        0.519519  709
  319         556.262         505.213        0.510493  711
  320         556.172          505.92         0.50252  713
  321         556.136         505.819         0.50317  715
  322         556.125         505.767        0.503578  717
  323         556.113         505.777        0.503358  719
  324         556.051          505.85        0.502013  721
  325          555.96         505.899        0.500604  723
  326         555.841         506.022        0.498194  725
  327         555.685         506.249        0.494357  727
  328         555.558         506.506        0.490523  729
  329         555.491         506.635        0.488564  731
  330         555.469           506.6        0.488695  733
  331         555.402         506.583        0.488191  735
  332         555.321         506.592        0.487292  737
  333         555.209         506.884        0.483254  739
  334         555.022         506.952        0.480695  741
  335         554.812         507.235         0.47577  743
  336         554.628         507.677        0.469517  745
  337         554.567         507.839        0.467281  749
  338         554.482         508.052        0.464306  751
  339          554.42          508.14        0.462793  753
  340         554.347         508.165        0.461823  755
  341         554.259         508.207        0.460516  757
  342         554.244         508.108        0.461363  761
  343         554.233          507.92        0.463132  763
  344         554.232         507.814        0.464173  765
  345         554.217         507.792        0.464253  767
  346         554.186         507.778         0.46408  769
  347          554.14         507.786        0.463544  771
  348           554.1         507.861        0.462383  773
  349         554.062         508.003        0.460591  775
  350         554.038         508.025        0.460131  777
  351         554.015         508.081        0.459342  779
  352         553.985         508.182        0.458032  781
  353         553.944         508.403        0.455411  783
  354         553.915         508.444        0.454703  785
  355         553.901         508.469        0.454316  787
  356         553.875         508.532        0.453433  789
  357         553.844          508.61        0.452337  791
  358         553.817         508.679        0.451384  793
  359         553.797         508.689        0.451081  795
  360         553.757         508.681        0.450757  797
  361         553.704         508.666        0.450374  799
  362         553.658         508.666        0.449929  801
  363          553.62         508.611        0.450089  803
  364         553.615          508.61        0.450055  805
  365         553.608         508.598        0.450099  807
  366         553.588         508.538        0.450494  809
  367         553.567          508.48        0.450866  811
  368         553.544         508.425        0.451194  813
  369         553.528         508.354        0.451739  815
  370         553.514         508.355        0.451597  817
  371           553.5         508.348        0.451522  819
  372         553.481         508.329        0.451521  821
  373         553.475         508.278        0.451968  823
  374         553.447         508.269         0.45178  825
  375         553.427         508.243        0.451846  827
  376         553.382          508.15        0.452314  829
  377         553.324          507.98        0.453437  831
  378         553.301         507.868         0.45433  835
  379         553.273         507.762        0.455113  837
  380         553.256         507.713         0.45543  839
  381         553.238         507.656        0.455816  841
  382         553.192         507.487        0.457043  843
  383         553.109          507.12        0.459886  845
  384         553.042         506.666         0.46376  847
  385          552.99         506.286        0.467044  849
  386         552.953         506.419        0.465334  851
  387         552.936         506.471        0.464653  853
  388         552.914         506.494        0.464191  855
  389         552.871         506.451        0.464192  857
  390         552.857         506.373        0.464842  861
  391         552.832         506.186         0.46646  863
  392         552.813         505.882        0.469315  865
  393         552.804         505.366        0.474385  867
  394         552.788         504.966        0.478226  869
  395         552.759         504.775        0.479849  871
  396         552.748         504.709        0.480387  875
  397         552.727         504.733        0.479941  877
  398         552.699         504.701        0.479977  879
  399         552.648         504.808        0.478402  881
  400         552.619         504.846        0.477734  883
  401         552.604         504.798        0.478065  885
  402           552.6         504.742        0.478577  887
  403         552.594          504.49        0.481041  889
  404         552.584         504.076        0.485081  891
  405          552.58         503.453        0.491274  893
  406         552.574         502.924          0.4965  895
  407         552.571         502.792        0.497791  897
  408         552.551         502.894        0.496568  899
  409         552.538         502.957         0.49581  901
  410         552.483         503.166        0.493169  903
  411         552.432         503.288         0.49144  905
  412         552.378         503.316        0.490625  907
  413         552.355         503.072        0.492837  909
  414         552.354         502.983        0.493709  913
  415         552.354         502.925        0.494288  921
  416         552.354          502.82        0.495337  925
  417         552.354         502.725        0.496286  929
  418         552.351         502.601        0.497501  933
  419          552.35         502.454        0.498956  937
  420         552.346         502.315        0.500309  941
  421         552.343         502.168        0.501746  945
  422          552.34          502.05        0.502904  949
  423         552.337         501.926        0.504107  953
  424         552.333         501.828        0.505049  957
  425         552.329         501.723        0.506063  961
  426         552.327          501.66        0.506666  965
  427         552.325         501.605        0.507205  969
  428         552.323          501.56        0.507629  973
  429         552.321         501.512        0.508088  977
  430         552.315         501.449        0.508653  981
  431          552.31         501.321        0.509893  983
  432         552.306          501.29        0.510157  987
  433         552.285         501.231        0.510539  989
  434         552.259         501.119        0.511394  991
  435         552.176          501.18        0.509958  993
  436         552.122         501.299         0.50823  995
  437         552.092         501.466        0.506261  997
  438         552.066         501.469        0.505967  999
  439          552.06         501.445        0.506145  1001
  440         552.019         501.335        0.506842  1003
  441         552.012         501.334        0.506781  1005
  442         551.993          501.34        0.506531  1007
  443         551.984         501.364        0.506203  1009
  444          551.98          501.38        0.505995  1011
  445         551.976         501.393        0.505837  1013
  446         551.966         501.433        0.505327  1015
  447         551.952         501.494        0.504576  1017
  448         551.946         501.523        0.504238  1021
  449         551.938         501.594        0.503442  1023
  450         551.934         501.606        0.503287  1025
  451         551.931         501.602         0.50329  1027
  452         551.928         501.599          0.5033  1029
  453         551.927         501.602        0.503255  1033
  454         551.924         501.601         0.50323  1037
  455         551.923         501.604        0.503185  1041
  456         551.921         501.608         0.50313  1045
  457         551.919         501.614        0.503049  1049
  458         551.918         501.633        0.502854  1051
  459         551.916         501.645        0.502706  1053
  460         551.903         501.671        0.502322  1055
  461         551.889          501.72         0.50169  1057
  462         551.877         501.725        0.501517  1059
  463         551.874         501.719        0.501553  1061
  464         551.869         501.721        0.501476  1063
  465         551.858         501.751         0.50107  1065
  466         551.849         501.774        0.500751  1067
  467         551.841         501.822        0.500183  1069
  468         551.834         501.885         0.49949  1071
  469          551.83         501.924        0.499058  1075
  470         551.823         501.972        0.498509  1077
  471         551.807         502.085        0.497219  1079
  472         551.785         502.264        0.495209  1081
  473         551.768         502.553        0.492149  1083
  474         551.747         502.605        0.491424  1085
  475         551.739         502.566        0.491733  1087
  476         551.734         502.549        0.491848  1089
  477         551.727         502.548        0.491791  1091
  478         551.715         502.596        0.491185  1093
  479          551.69         502.732        0.489582  1095
  480         551.682         503.068        0.486145  1097
  481          551.65         503.078        0.485721  1099
  482         551.646         503.083        0.485629  1101
  483         551.642         503.105        0.485377  1103
  484         551.638         503.178        0.484601  1105
  485          551.63         503.268        0.483627  1107
  486         551.616         503.498        0.481179  1109
  487          551.61         503.601        0.480092  1113
  488         551.603          503.73        0.478729  1115
  489         551.597         503.776        0.478206  1117
  490         551.588         503.829        0.477585  1119
  491         551.579         503.832        0.477462  1121
  492          551.57         503.795        0.477747  1123
  493         551.567         503.784        0.477834  1127
  494         551.565         503.773        0.477915  1129
  495         551.562         503.767        0.477953  1131
  496         551.557         503.765        0.477921  1133
  497         551.549         503.772        0.477769  1135
  498         551.548         503.814        0.477331  1137
  499          551.54         503.825        0.477144  1139
  500         551.538         503.845        0.476927  1141
