    0         2698.27         2698.27               0  1
    1         2697.46          2696.6     0.000864968  7
    2         2654.92         2649.52      0.00539839  15
    3         2637.72         2611.81        0.025914  19
    4         2567.07         2441.28         0.12579  21
    5         2426.18          2272.1        0.154081  25
    6         2247.86         1919.61        0.328254  29
    7         2073.19         1646.11        0.427074  31
    8         2005.94         1648.82        0.357117  35
    9         1808.59         1534.46        0.274129  37
   10          1667.3         1217.17        0.450126  39
   11         1625.76         1067.43        0.558336  41
   12            1571         1127.36        0.443631  43
   13         1563.78         1118.75        0.445025  45
   14         1543.33         1075.63        0.467703  47
   15         1512.41         1020.02         0.49239  49
   16         1483.47         896.402        0.587068  51
   17          1430.6         879.252        0.551344  53
   18         1396.43         872.527        0.523902  55
   19         1357.08         807.217        0.549867  57
   20         1341.83         820.809        0.521025  59
   21         1336.63         822.515         0.51411  61
   22         1331.42         822.977        0.508438  63
   23         1303.06         822.061        0.481002  65
   24         1279.51         822.999        0.456512  67
   25         1253.27         823.796        0.429474  69
   26         1237.41         824.319        0.413093  71
   27         1234.86          824.65        0.410206  73
   28         1232.43         824.767         0.40766  75
   29         1225.79         824.936        0.400853  77
   30         1218.97          825.13        0.393842  79
   31         1210.84         825.181         0.38566  81
   32         1206.95         825.713        0.381237  83
   33         1205.37         825.706        0.379663  85
   34          1204.3         825.641        0.378656  87
   35            1202         825.593        0.376405  89
   36         1198.86         825.472        0.373385  91
   37         1196.22         825.825        0.370394  93
   38         1193.73         825.911        0.367822  95
   39         1190.88         826.052         0.36483  97
   40         1188.38          826.24        0.362145  99
   41         1185.48         826.473        0.359003  101
   42         1179.51         826.708        0.352798  103
   43         1171.95          826.73        0.345222  105
   44         1164.94         826.684        0.338258  107
   45         1158.61         826.626        0.331983  109
   46         1156.97         826.484        0.330484  111
   47         1155.52         826.215        0.329309  113
   48         1153.77         826.031        0.327743  115
   49         1150.89         825.642        0.325243  117
   50         1146.17         825.478        0.320689  119
   51         1141.49         825.151        0.316342  123
   52         1135.66         825.393        0.310266  125
   53          1134.8         825.441        0.309361  127
   54         1133.54         825.584        0.307952  129
   55         1131.94         825.432        0.306506  131
   56         1125.88         824.755        0.301128  133
   57         1119.36         823.423        0.295936  135
   58         1115.21         822.634        0.292579  137
   59          1113.4         822.556         0.29084  139
   60         1112.35         822.432        0.289913  141
   61         1111.12         821.836        0.289282  143
   62         1108.79         821.698        0.287096  145
   63         1098.82         820.537         0.27828  147
   64         1094.27         819.635        0.274634  149
   65          1093.3         819.336        0.273964  153
   66         1092.01         819.053        0.272956  155
   67            1091         818.831        0.272171  157
   68         1088.93         818.376        0.270556  159
   69         1087.09         817.374        0.269713  161
   70         1083.76         817.118        0.266638  163
   71         1080.22         816.615        0.263604  165
   72         1078.06         815.996        0.262064  167
   73         1077.31         815.577        0.261737  171
   74         1075.73         815.048        0.260684  173
   75         1072.06         813.916        0.258141  175
   76         1065.12         810.781        0.254344  177
   77         1062.96          809.91         0.25305  181
   78         1060.52         809.009        0.251513  183
   79          1059.2         808.722        0.250479  185
   80         1058.52         808.418        0.250099  187
   81          1057.8         808.526        0.249274  189
   82         1053.67         808.698        0.244969  191
   83         1052.14         808.476        0.243666  193
   84         1050.68         808.182          0.2425  195
   85         1048.61         807.181        0.241427  197
   86         1044.05         804.587        0.239461  199
   87         1034.21         797.925        0.236282  201
   88         1025.58         790.514        0.235066  203
   89         1024.12         788.897        0.235218  207
   90         1020.32          785.77        0.234554  209
   91         1019.28         785.615        0.233669  211
   92          1018.5         785.412        0.233089  213
   93         1016.97         784.399         0.23257  215
   94         1016.04         784.465        0.231576  219
   95         1014.33         784.058        0.230276  221
   96         1012.31         784.331        0.227978  223
   97         1010.73         784.854        0.225877  225
   98         1009.95         785.307        0.224643  229
   99         1009.19         785.658        0.223532  231
  100         1008.36         785.745        0.222613  233
  101         1007.41         785.678        0.221736  235
  102         1005.41         785.177        0.220235  237
  103         1003.07         783.998        0.219071  239
  104          1000.5          782.91        0.217588  241
  105         995.485         779.692        0.215793  243
  106          993.57         777.151         0.21642  245
  107         991.121         774.363        0.216758  247
  108         988.149         773.178        0.214971  249
  109         982.304         768.065        0.214239  251
  110         981.229         768.114        0.213116  255
  111         980.698         769.505        0.211193  257
  112         979.842         769.645        0.210197  259
  113         974.958          767.72        0.207237  263
  114         964.602         763.162        0.201441  265
  115          956.41         754.323        0.202088  267
  116         953.463         742.575        0.210887  269
  117         950.434         740.171        0.210262  271
  118         949.792         741.643         0.20815  273
  119         948.607         742.074        0.206533  275
  120         946.234          741.83        0.204404  277
  121          943.11         738.517        0.204593  279
  122         938.671         732.642        0.206029  281
  123         934.065         724.431        0.209634  283
  124           931.8         715.787        0.216013  285
  125         930.257         712.772        0.217484  287
  126         929.586         714.445        0.215141  289
  127         927.892         716.057        0.211836  291
  128         925.409          717.28         0.20813  293
  129         923.026         713.831        0.209195  295
  130         917.651         711.604        0.206047  297
  131         907.639         700.746        0.206893  299
  132         903.589         692.229         0.21136  301
  133         899.965         685.913        0.214053  303
  134         892.801         682.758        0.210043  305
  135          881.72         680.153        0.201567  307
  136         875.726         680.162        0.195564  309
  137         873.504          682.48        0.191025  311
  138         870.416         683.794        0.186622  313
  139          868.65         684.294        0.184356  315
  140           863.5         686.555        0.176945  317
  141         862.563         687.535        0.175027  321
  142         861.669         688.289        0.173379  323
  143         861.354         688.527        0.172826  325
  144          860.77          688.91         0.17186  327
  145         859.853         689.651        0.170202  329
  146         858.518         690.554        0.167964  331
  147         858.237         692.074        0.166163  333
  148         856.769         691.524        0.165245  335
  149         856.269         691.137        0.165132  337
  150         854.674         690.045        0.164629  339
  151         852.834         688.775        0.164059  341
  152         852.303         688.482        0.163821  345
  153         851.386         688.162        0.163224  347
  154         850.864         688.275        0.162589  349
  155         850.285         688.582        0.161703  351
  156         849.509         689.172        0.160336  353
  157         848.676         690.084        0.158591  355
  158         848.091         690.107        0.157984  357
  159          847.39          690.16         0.15723  359
  160         847.225         690.224        0.157001  363
  161         847.113         690.264        0.156849  365
  162         846.928         690.216        0.156712  367
  163         846.542          690.02        0.156522  369
  164         845.767         689.619        0.156148  371
  165         845.005         688.693        0.156312  373
  166         844.371         688.343        0.156028  375
  167         844.008         688.436        0.155572  377
  168         843.712         688.407        0.155305  379
  169          843.11         688.375        0.154735  381
  170         842.105         688.053        0.154052  385
  171         839.949         687.783        0.152166  387
  172         836.251         686.849        0.149402  389
  173         833.902         685.927        0.147975  391
  174         832.722         685.662        0.147059  393
  175         831.798         685.376        0.146422  395
  176         830.996         684.796          0.1462  397
  177         829.626         684.581        0.145045  399
  178         826.012         683.577        0.142434  401
  179         824.447         682.935        0.141512  403
  180         824.299         682.786        0.141512  407
  181         823.846         682.529        0.141317  409
  182         823.542         682.346        0.141196  411
  183         822.822         681.882         0.14094  413
  184         821.494         680.946        0.140548  415
  185         819.405         679.458        0.139947  417
  186         818.676         678.628        0.140048  421
  187         816.831         677.604        0.139226  423
  188         815.697         677.154        0.138542  425
  189         814.667         676.829        0.137838  427
  190         813.404         676.154         0.13725  429
  191         813.087         676.403        0.136684  431
  192         811.873         676.641        0.135232  433
  193         811.372         676.891        0.134481  435
  194         810.832           677.2        0.133633  437
  195         809.963         677.009        0.132954  439
  196         808.446         676.798        0.131647  441
  197         805.417         675.345        0.130073  443
  198         802.442         672.855        0.129587  445
  199         801.174         669.334        0.131841  447
  200         799.413         669.081        0.130332  449
  201          798.95         669.107        0.129843  451
  202         798.537         668.828        0.129709  453
  203         797.922         668.061        0.129861  455
  204         796.824         667.634         0.12919  457
  205         793.524         665.292        0.128232  459
  206         791.018         662.594        0.128424  461
  207         790.279         661.308        0.128971  465
  208         789.199         659.935        0.129264  467
  209          788.76         659.785        0.128974  469
  210         787.887          659.67        0.128217  471
  211         787.092         659.217        0.127875  473
  212         786.575         659.999        0.126576  475
  213         786.091         660.193        0.125898  477
  214         785.685         660.603        0.125082  479
  215         785.278          660.79        0.124488  481
  216         783.891         660.732         0.12316  483
  217         783.039         659.756        0.123283  485
  218         781.606         659.246        0.122359  487
  219         780.298          657.84        0.122458  489
  220         779.341         655.898        0.123443  491
  221         778.865          654.92        0.123945  495
  222         778.102         653.996        0.124106  497
  223         776.299         652.142        0.124157  499
  224         774.181         650.097        0.124085  501
  225         773.074         649.072        0.124003  505
  226         771.593          648.34        0.123253  507
  227         771.151         648.856        0.122295  509
  228         770.738          649.61        0.121128  511
  229         770.328         650.448         0.11988  513
  230         769.744         650.652        0.119092  515
  231         768.398         650.408        0.117991  517
  232         766.746         649.625        0.117121  519
  233         765.731         648.276        0.117455  521
  234         764.811         647.331        0.117481  523
  235         764.422         647.183        0.117239  525
  236         763.428          645.96        0.117468  527
  237         762.982         644.851         0.11813  531
  238         762.436         643.551        0.118885  533
  239         761.993         642.477        0.119516  535
  240         761.227         640.853        0.120374  537
  241         760.072         639.879        0.120192  539
  242         757.125         637.703        0.119422  541
  243          755.23          636.59        0.118639  543
  244          754.59         636.095        0.118495  545
  245         753.728         636.761        0.116967  547
  246         753.483         637.233         0.11625  549
  247         753.056          637.99        0.115066  551
  248         752.671          638.07        0.114601  555
  249         752.042         638.361        0.113682  557
  250         750.753         637.931        0.112822  559
  251         749.044         636.245          0.1128  561
  252         748.528         633.534        0.114994  563
  253         747.598         633.521        0.114076  565
  254         747.409          633.36        0.114048  567
  255         747.157         632.976        0.114181  569
  256         746.665         632.356        0.114309  571
  257         746.215          631.78        0.114435  575
  258         745.486           631.5        0.113986  577
  259         742.952         630.469        0.112482  579
  260         742.732         630.216        0.112516  581
  261          741.27         630.346        0.110923  583
  262         740.986         630.556         0.11043  585
  263         740.576         630.838        0.109738  587
  264         739.722         631.168        0.108554  589
  265         739.213         631.155        0.108057  593
  266         737.586         631.308        0.106278  595
  267         735.331          630.72        0.104611  597
  268         734.053         629.748        0.104305  599
  269         733.332         629.472         0.10386  601
  270         733.071         629.163        0.103908  603
  271         732.826         628.902        0.103924  605
  272         732.078         628.368         0.10371  607
  273         731.066         627.642        0.103424  611
  274         728.847         626.574        0.102273  613
  275         727.076          625.72        0.101357  615
  276         726.091         625.667        0.100424  617
  277         725.572         625.928       0.0996438  619
  278         725.073          626.22       0.0988534  621
  279         724.239         626.545       0.0976936  623
  280          722.37         626.479       0.0958911  625
  281         719.335         626.201       0.0931341  627
  282         715.757         624.911       0.0908454  629
  283         713.404         622.289       0.0911147  631
  284         712.191         621.654       0.0905372  633
  285         711.684         621.859       0.0898252  635
  286           711.4         621.832       0.0895674  637
  287         709.841         621.376       0.0884652  639
  288         707.757         620.246       0.0875112  641
  289         705.808         618.101       0.0877069  643
  290         703.059         617.269       0.0857902  645
  291         701.707         616.651       0.0850564  647
  292           701.1         616.221       0.0848787  649
  293         700.544         615.835       0.0847095  653
  294         699.404         615.483       0.0839211  655
  295         695.039         614.413       0.0806262  657
  296         691.223         613.038       0.0781855  659
  297         687.991         612.311       0.0756797  661
  298         686.676         612.715       0.0739612  663
  299         686.016         612.913       0.0731034  665
  300         685.308         612.952       0.0723561  667
  301         683.746         612.747       0.0709989  669
  302         682.332          612.37       0.0699623  671
  303         681.714         611.763       0.0699511  673
  304         681.181         611.784       0.0693977  675
  305         681.104         611.747       0.0693566  677
  306          680.83         611.603       0.0692273  679
  307         680.327         611.073       0.0692544  681
  308         679.654          610.78       0.0688734  683
  309         678.944         610.429       0.0685149  685
  310         678.764         610.085       0.0686786  687
  311         678.475         610.133       0.0683415  689
  312         678.417          610.17       0.0682466  691
  313         678.112         610.249       0.0678637  693
  314         677.651         610.324       0.0673274  695
  315         677.447          610.24       0.0672072  699
  316         677.096         610.165       0.0669301  701
  317         676.799         609.947        0.066852  703
  318          676.65          609.77       0.0668799  705
  319         676.478         609.664       0.0668141  707
  320         676.077         609.437         0.06664  709
  321         675.805         609.291       0.0665135  711
  322         675.453          609.24       0.0662128  713
  323         675.053         609.289       0.0657638  715
  324         674.887         609.395       0.0654924  717
  325         674.746         609.456       0.0652895  719
  326         674.607         609.448       0.0651591  721
  327         674.212         609.377       0.0648347  723
  328         674.132         609.339       0.0647936  727
  329         674.076         609.315       0.0647612  729
  330         673.965         609.254       0.0647117  731
  331         673.703          609.09       0.0646132  733
  332         673.415         608.787       0.0646278  735
  333         673.168         608.582       0.0645855  737
  334         673.012         608.582       0.0644292  739
  335         672.943         608.583       0.0643591  741
  336         672.916         608.557       0.0643586  743
  337         672.743         608.471       0.0642728  747
  338         672.481          608.23        0.064251  749
  339         672.373         608.147       0.0642251  753
  340         672.333         608.151       0.0641816  755
  341         672.295         608.141       0.0641538  757
  342         672.224         608.107       0.0641178  759
  343         672.155         607.954       0.0642015  761
  344          671.98         607.875       0.0641042  763
  345         671.802         607.724       0.0640775  765
  346         671.576         607.439        0.064137  767
  347         671.452         607.176       0.0642764  769
  348         671.389          607.03       0.0643588  771
  349         671.355         607.098       0.0642567  773
  350         671.315         607.156       0.0641587  775
  351         671.233         607.232       0.0640016  777
  352         671.176         607.264       0.0639122  779
  353         671.124         607.229       0.0638949  781
  354         671.091         607.143       0.0639475  783
  355         671.058         607.037       0.0640213  785
  356          670.96         606.777        0.064183  787
  357         670.818         606.503       0.0643152  789
  358         670.658         606.325       0.0643328  791
  359         670.529         606.208       0.0643213  793
  360           670.5         606.222       0.0642783  797
  361         670.481          606.29       0.0641906  799
  362         670.448         606.373       0.0640748  801
  363         670.387         606.469       0.0639183  803
  364         670.283         606.498       0.0637849  805
  365         670.118         606.468       0.0636497  807
  366         669.805         606.125       0.0636802  809
  367         669.698         605.803       0.0638949  811
  368         669.658         605.673       0.0639854  815
  369         669.622         605.575       0.0640471  817
  370         669.561          605.44       0.0641213  819
  371         669.485         605.279        0.064206  821
  372         669.445         605.229       0.0642161  825
  373         669.386         605.238       0.0641476  827
  374         669.288          605.43        0.063858  829
  375         669.265           605.5       0.0637643  833
  376          669.24         605.597       0.0636428  835
  377         669.193         605.659       0.0635347  837
  378         669.125         605.707       0.0634176  839
  379         668.929         605.788       0.0631409  841
  380         668.837          605.46       0.0633766  843
  381         668.638         605.328       0.0633104  845
  382         668.552         605.099        0.063453  847
  383         668.504         604.892       0.0636125  849
  384         668.436         604.505        0.063931  851
  385         668.297         604.279       0.0640178  853
  386         667.904         603.747       0.0641565  855
  387         667.436         603.208        0.064228  857
  388         667.316         603.135       0.0641815  861
  389         667.128         603.092       0.0640367  863
  390         667.032          603.19       0.0638424  865
  391          666.91         603.374       0.0635353  867
  392         666.767         603.651       0.0631158  869
  393         666.641         603.918       0.0627231  871
  394         666.576          603.87       0.0627059  873
  395         666.519         603.793       0.0627254  875
  396         666.472         603.744        0.062728  877
  397         666.404          603.66       0.0627446  879
  398         666.137         603.008       0.0631283  881
  399         665.961         602.557       0.0634048  885
  400         665.649          602.14       0.0635085  887
  401           665.3         600.393       0.0649069  889
  402         664.898         600.499       0.0643988  891
  403         664.798         600.719       0.0640783  893
  404         664.641         600.848       0.0637922  895
  405         664.226         600.945       0.0632806  897
  406          663.85         600.707       0.0631432  899
  407         663.567         600.178       0.0633891  901
  408          663.42         600.018        0.063402  903
  409         663.384          599.91       0.0634742  905
  410         663.361         599.757       0.0636038  907
  411         663.299         599.415       0.0638831  909
  412         663.262         599.097       0.0641646  911
  413         663.165         599.039       0.0641261  913
  414         662.943         599.013       0.0639304  915
  415          662.58         598.984        0.063596  917
  416         662.266         599.115       0.0631503  919
  417         662.171         599.132       0.0630395  923
  418          662.02         599.249       0.0627713  925
  419         661.909         599.346       0.0625632  927
  420         661.743         599.505       0.0622373  929
  421         661.427         599.833       0.0615933  931
  422         661.314         599.835       0.0614786  935
  423         661.058          599.98       0.0610776  937
  424         660.939         599.898       0.0610414  939
  425         660.898         599.736       0.0611622  941
  426         660.874         599.591       0.0612828  943
  427         660.839          599.53       0.0613092  945
  428         660.734         599.438       0.0612954  947
  429         660.619         599.388       0.0612315  949
  430         660.536         599.389       0.0611472  953
  431         660.369         599.458       0.0609108  955
  432         660.199         599.701        0.060498  957
  433         660.131          599.84       0.0602914  961
  434          660.09         599.932       0.0601582  963
  435         660.069         599.975       0.0600944  965
  436         660.043         599.978       0.0600655  967
  437         659.967         599.967       0.0599997  969
  438          659.92         599.872       0.0600474  973
  439         659.813         599.761       0.0600522  975
  440         659.739         599.556       0.0601836  977
  441           659.6         599.427       0.0601731  979
  442         659.561         599.397       0.0601638  981
  443         659.465         599.263       0.0602026  983
  444         659.352         599.158       0.0601939  985
  445         659.225         599.212       0.0600127  987
  446         659.154         599.406       0.0597476  989
  447         659.096         599.407       0.0596893  991
  448         659.052         599.375       0.0596766  993
  449         659.039         599.371       0.0596678  995
  450         658.909         599.338       0.0595714  997
  451         658.787         599.312       0.0594748  999
  452         658.717         599.317       0.0594009  1003
  453         658.585         599.326       0.0592597  1005
  454         658.506         599.351       0.0591549  1007
  455         658.422         599.397       0.0590254  1009
  456         658.349         599.454       0.0588948  1011
  457         658.309         599.495       0.0588137  1013
  458          658.29          599.48       0.0588107  1015
  459          658.28         599.469        0.058811  1017
  460         658.264         599.466       0.0587979  1019
  461         658.232         599.462       0.0587696  1021
  462         658.186         599.419       0.0587667  1023
  463         658.116         599.433       0.0586829  1025
  464         658.049         599.449       0.0585997  1027
  465         657.978         599.478       0.0585001  1029
  466         657.942         599.497       0.0584452  1031
  467         657.885         599.519       0.0583661  1033
  468         657.793         599.542       0.0582505  1035
  469         657.722         599.553       0.0581686  1037
  470         657.641         599.546       0.0580952  1039
  471         657.625         599.532       0.0580931  1041
  472         657.604          599.52       0.0580837  1043
  473         657.551         599.505       0.0580463  1045
  474         657.489         599.514       0.0579746  1047
  475         657.424         599.532       0.0578919  1049
  476          657.39         599.552       0.0578379  1051
  477         657.365         599.564       0.0578005  1053
  478         657.328         599.568       0.0577595  1055
  479         657.199         599.564       0.0576347  1057
  480         657.069         599.559       0.0575104  1059
  481         657.015          599.54       0.0574751  1061
  482         656.964         599.513       0.0574506  1063
  483         656.953         599.475       0.0574785  1065
  484         656.874         599.484       0.0573902  1067
  485         656.714         599.501        0.057213  1069
  486         656.536         599.525       0.0570109  1071
  487         656.359         599.563       0.0567962  1073
  488         656.266          599.59       0.0566756  1077
  489         656.125         599.622       0.0565033  1079
  490         656.001         599.641         0.05636  1081
  491         655.809         599.679       0.0561295  1083
  492         655.616         599.721       0.0558942  1085
  493         655.535         599.729       0.0558051  1089
  494         655.474         599.722       0.0557518  1091
  495         655.418         599.703       0.0557159  1093
  496         655.398          599.69       0.0557088  1095
  497         655.351         599.685       0.0556667  1097
  498          655.32         599.681       0.0556392  1099
  499          655.24         599.674       0.0555655  1101
  500         655.103         599.679       0.0554233  1103
