    0         2698.27         2698.27               0  1
    1         2658.66         2618.09         2.02815  7
    2         2157.08         2092.73         3.21736  13
    3          1806.1          1513.4          14.635  17
    4         1111.42         766.453         17.2483  19
    5         1084.17         734.324         17.4925  21
    6         1004.52         665.304         16.9606  23
    7          844.44         601.636         12.1402  25
    8         787.638         598.447         9.45954  29
    9         720.147         594.632         6.27576  31
   10         694.341         594.662         4.98398  33
   11         686.282         600.405         4.29383  35
   12         679.608         599.436         4.00859  37
   13         670.352         598.301         3.60254  39
   14          661.33          598.56         3.13849  41
   15         656.426         596.282         3.00719  43
   16         650.874         595.893         2.74902  45
   17         648.741         594.869         2.69363  47
   18         643.692         591.022         2.63351  49
   19         632.788         581.764         2.55118  51
   20         606.878         558.154         2.43624  53
   21         598.295         547.108         2.55939  57
   22         581.402         533.392         2.40049  59
   23         574.988         527.351         2.38188  61
   24         572.461         524.908         2.37766  63
   25         569.999         521.602         2.41982  65
   26         568.793          518.08         2.53563  67
   27         561.352         515.706         2.28234  69
   28         555.965         512.945         2.15101  71
   29         549.727         508.209         2.07591  73
   30         545.879         503.429         2.12249  75
   31         541.736         495.198         2.32693  77
   32         537.608         490.919         2.33442  79
   33         534.618         487.491         2.35637  81
   34         532.161         482.618         2.47717  83
   35         531.094         480.337         2.53783  87
   36         529.534         477.622         2.59563  89
   37         527.803         474.959         2.64222  91
   38         523.923         468.785         2.75688  93
   39         519.778         458.544         3.06171  95
   40         518.837         451.627         3.36054  97
   41         515.635         454.259         3.06877  99
   42         514.661         454.758         2.99513  101
   43         513.744         454.343         2.97005  103
   44         512.091          452.19         2.99504  105
   45          509.77         448.992         3.03888  107
   46         507.131         443.962         3.15846  109
   47         500.467         424.965         3.77509  111
   48         498.482         418.057         4.02122  115
   49         496.622         410.807         4.29077  117
   50          495.92         409.288         4.33157  119
   51         495.061         409.542         4.27596  121
   52         493.853          410.04         4.19064  123
   53         491.376         412.097         3.96394  125
   54         490.177          411.66         3.92585  129
   55         488.988         411.911         3.85386  131
   56         488.031         411.744         3.81434  133
   57         487.436         410.282         3.85767  135
   58         486.813         408.678         3.90678  137
   59         485.927         403.942         4.09922  139
   60         485.641         398.469          4.3586  141
   61         485.561         395.601         4.49799  143
   62         485.247         396.232         4.45075  145
   63         484.924         396.774         4.40748  147
   64          484.56         397.116         4.37217  149
   65           484.4         396.909         4.37454  153
   66         484.156         396.216         4.39704  155
   67         483.988         394.983         4.45024  157
   68         483.782         392.258         4.57618  159
   69         483.648         390.958          4.6345  163
   70         483.425         388.847         4.72893  165
   71         483.288         388.362         4.74629  169
   72         483.071         388.034         4.75183  171
   73         482.849         388.182         4.73335  173
   74         482.463         389.047         4.67084  175
   75         482.045         389.619         4.62134  177
   76         481.391         390.683         4.53536  179
   77          480.99         391.581         4.47042  181
   78         480.779         391.352         4.47137  183
   79          480.68         391.013         4.48334  185
   80         480.537         390.819         4.48587  187
   81         480.202         390.313         4.49447  189
   82         479.998          389.98         4.50089  191
   83         479.257         390.117         4.45704  193
   84         478.118         390.623         4.37474  195
   85         477.148         391.465         4.28415  197
   86         476.855          391.91         4.24725  201
   87         476.541         392.366         4.20872  203
   88         476.422         392.484         4.19689  205
   89         476.256           392.6         4.18277  207
   90         475.904         392.895         4.15046  209
   91         475.292         393.569         4.08619  211
   92         475.135         393.764         4.06856  215
   93         474.786         394.132         4.03267  217
   94         474.646         394.179         4.02335  219
   95         474.593         394.107         4.02431  221
   96         474.447         393.937         4.02552  223
   97         474.167         393.595          4.0286  225
   98         473.975         393.226         4.03747  227
   99         473.694         393.073         4.03108  229
  100         473.601         393.094         4.02536  231
  101         473.507         393.107         4.01999  233
  102          473.31         393.117         4.00966  235
  103         472.843          393.08         3.98814  237
  104         472.572         392.978         3.97971  239
  105         472.186         392.942         3.96217  241
  106         472.086         392.896         3.95953  243
  107         472.047          392.86          3.9593  245
  108         471.972         392.789         3.95916  247
  109         471.761         392.576         3.95925  249
  110         471.347         392.132         3.96076  251
  111         470.903         391.454         3.97246  253
  112         470.489         391.111         3.96892  255
  113         470.359          391.13         3.96144  257
  114         470.302         391.144         3.95791  259
  115         470.215         391.113         3.95509  261
  116         469.864         390.916         3.94741  263
  117         469.287         390.513         3.93871  265
  118         468.691         389.721         3.94849  267
  119         468.078         389.492         3.92934  269
  120         467.924         389.478         3.92227  271
  121         467.836         389.423         3.92067  273
  122         467.729         389.337         3.91961  275
  123         467.338         388.954         3.91923  277
  124         466.726         388.293         3.92162  279
  125         466.378         387.239         3.95692  281
  126         465.753         387.138         3.93076  283
  127         465.647         387.159         3.92442  285
  128         465.591          387.12         3.92355  287
  129         465.524         387.055         3.92345  289
  130         465.259         386.742         3.92584  291
  131         464.833         386.194         3.93196  293
  132         464.375         385.245          3.9565  295
  133         463.952         384.847         3.95522  297
  134         463.854         384.906         3.94742  299
  135         463.808         384.912          3.9448  301
  136         463.759          384.88         3.94397  303
  137         463.588         384.668         3.94598  305
  138         463.384         384.301         3.95416  307
  139         463.316         384.128         3.95941  311
  140         463.191         383.836         3.96772  313
  141         463.132          383.69          3.9721  315
  142         463.075         383.549         3.97627  317
  143         462.931         383.124         3.99036  319
  144         462.678           382.3         4.01885  321
  145         462.534         381.698         4.04178  325
  146         462.298         380.958         4.06697  327
  147         462.192         380.782          4.0705  329
  148         462.144         380.765         4.06896  331
  149         462.066         380.682         4.06918  333
  150          461.89         380.372          4.0759  335
  151         461.726         379.907         4.09094  337
  152         461.648          379.39         4.11287  339
  153         461.539         379.536         4.10018  341
  154         461.491         379.559         4.09662  343
  155         461.402         379.499         4.09512  345
  156         461.223         379.201         4.10109  347
  157         461.146         378.922          4.1112  351
  158         461.044         378.564         4.12397  353
  159         460.999         378.336         4.13312  355
  160         460.977         378.223         4.13772  357
  161          460.94         377.948          4.1496  359
  162         460.893         377.374         4.17591  361
  163         460.878         376.886         4.19957  363
  164         460.797         377.046         4.18759  365
  165         460.709         377.169         4.17704  367
  166         460.649          377.16         4.17446  369
  167         460.623         377.002         4.18107  371
  168         460.592         376.964          4.1814  373
  169         460.559         376.836         4.18618  375
  170          460.51         376.557         4.19767  377
  171           460.4         375.549         4.24256  379
  172         460.362         375.196         4.25828  383
  173         460.317          374.23         4.30432  385
  174          460.31         373.964         4.31728  387
  175         460.265         374.058         4.31034  389
  176         460.236         374.072         4.30819  391
  177         460.156          373.96         4.30982  393
  178          460.06         373.596         4.32319  395
  179         460.043         372.893          4.3575  397
  180         459.962          372.68          4.3641  399
  181         459.944         372.609         4.36674  401
  182         459.934         372.501         4.37167  403
  183         459.918         372.268          4.3825  405
  184         459.886         371.558          4.4164  407
  185         459.866         371.236         4.43154  411
  186         459.853         370.084         4.48841  413
  187         459.836         369.995         4.49208  417
  188         459.804         370.071         4.48663  419
  189         459.766         370.153         4.48067  421
  190          459.68         370.295         4.46929  423
  191         459.535         370.301         4.46171  425
  192         459.464         370.269         4.45975  429
  193         459.411         370.161          4.4625  431
  194         459.391         370.074         4.46583  433
  195          459.38         370.028         4.46756  435
  196         459.327         369.839          4.4744  437
  197         459.235         369.515         4.48598  439
  198         459.149         369.032         4.50583  441
  199         459.053         368.901         4.50758  443
  200         459.028         368.935         4.50461  445
  201         459.014         368.961         4.50267  447
  202         458.995          368.99         4.50023  449
  203         458.925         369.073         4.49262  451
  204         458.821         369.196         4.48127  453
  205         458.767         369.265          4.4751  457
  206         458.697         369.328         4.46843  459
  207         458.667         369.349         4.46587  461
  208         458.655          369.35         4.46528  463
  209         458.616         369.357         4.46291  465
  210         458.544         369.385         4.45799  467
  211         458.473          369.44         4.45164  469
  212         458.412         369.476         4.44678  471
  213           458.4         369.475         4.44622  473
  214         458.393         369.481         4.44558  475
  215         458.384         369.491         4.44463  477
  216         458.359         369.534         4.44123  479
  217         458.345         369.613         4.43659  481
  218          458.31         369.639         4.43359  483
  219          458.29         369.661         4.43146  485
  220          458.28         369.676          4.4302  487
  221         458.241         369.747         4.42469  489
  222         458.182         369.865         4.41585  491
  223         458.112         370.088          4.4012  493
  224         458.069         370.092         4.39883  495
  225         458.047         370.087         4.39798  497
  226          458.02         370.095         4.39627  499
  227         457.952         370.129         4.39116  501
  228         457.935          370.15         4.38926  505
  229         457.907         370.167           4.387  507
  230          457.89         370.184         4.38533  509
  231         457.879           370.2         4.38395  511
  232         457.838         370.263         4.37875  513
  233         457.788         370.369         4.37095  515
  234         457.761          370.44         4.36607  519
  235         457.739         370.471          4.3634  521
  236          457.73         370.474         4.36281  523
  237         457.728         370.473         4.36274  525
  238         457.715         370.484         4.36151  527
  239         457.712          370.53          4.3591  529
  240         457.697         370.542         4.35778  531
  241         457.688         370.546          4.3571  533
  242         457.675         370.562         4.35566  535
  243         457.649           370.6         4.35242  537
  244          457.59         370.712         4.34391  539
  245         457.551         370.902         4.33244  541
  246         457.504          370.92         4.32916  543
  247         457.495         370.918         4.32887  545
  248          457.49         370.932         4.32793  547
  249         457.483         370.947         4.32684  549
  250         457.459         371.012         4.32234  551
  251         457.412         371.137         4.31374  553
  252         457.361         371.376         4.29926  555
  253         457.308         371.493         4.29073  557
  254         457.288         371.472         4.29079  559
  255         457.279         371.462         4.29088  561
  256         457.269         371.461         4.29038  563
  257         457.228         371.481         4.28736  565
  258         457.175         371.535         4.28202  567
  259         457.137         371.595         4.27713  571
  260         457.106         371.639         4.27335  573
  261         457.091         371.668         4.27117  575
  262         457.079         371.697         4.26909  577
  263         457.032         371.815         4.26082  579
  264         456.963         372.015         4.24744  581
  265         456.916         372.209         4.23533  585
  266         456.867         372.327         4.22699  587
  267         456.849         372.345         4.22521  589
  268         456.842         372.339         4.22518  591
  269          456.82         372.336         4.22424  593
  270         456.775         372.354         4.22107  595
  271         456.707         372.394         4.21566  597
  272         456.672          372.44         4.21159  601
  273         456.631         372.465          4.2083  603
  274         456.614         372.472         4.20711  605
  275         456.607         372.474         4.20666  607
  276         456.566          372.49         4.20384  609
  277         456.507         372.516         4.19955  611
  278         456.435          372.57         4.19329  613
  279         456.392         372.609         4.18918  615
  280         456.367         372.594         4.18861  617
  281         456.359         372.587         4.18861  619
  282         456.351         372.582         4.18844  621
  283         456.323         372.564         4.18794  623
  284         456.288          372.55          4.1869  625
  285         456.271         372.546         4.18624  629
  286         456.247         372.546         4.18504  631
  287         456.239         372.549          4.1845  633
  288         456.229         372.551         4.18387  635
  289         456.207         372.558         4.18245  637
  290         456.177          372.57         4.18034  639
  291          456.16         372.579         4.17902  643
  292         456.139         372.589         4.17751  645
  293         456.127         372.591          4.1768  647
  294         456.113         372.591         4.17608  649
  295         456.076         372.593         4.17417  651
  296         456.022         372.599         4.17115  653
  297         455.997         372.602         4.16973  657
  298          455.97         372.606         4.16817  659
  299         455.957         372.606         4.16752  661
  300          455.95         372.606          4.1672  663
  301          455.92         372.608         4.16562  665
  302         455.893          372.61         4.16417  667
  303         455.871         372.614         4.16286  669
  304          455.86         372.616         4.16224  671
  305         455.853         372.616         4.16185  673
  306         455.836         372.618         4.16086  675
  307         455.809         372.622         4.15935  677
  308           455.8         372.624          4.1588  681
  309          455.79         372.625         4.15827  683
  310         455.787         372.624         4.15813  685
  311         455.784         372.623         4.15804  687
  312         455.774         372.619         4.15776  689
  313         455.763         372.614         4.15741  691
  314         455.754          372.61          4.1572  693
  315         455.748          372.61          4.1569  695
  316         455.745         372.611         4.15668  697
  317         455.739         372.611         4.15639  699
  318         455.719          372.61         4.15548  701
  319         455.701         372.609         4.15462  703
  320         455.679         372.605         4.15369  705
  321         455.672         372.604          4.1534  707
  322         455.667         372.603         4.15323  709
  323         455.659         372.601         4.15289  711
  324         455.632         372.594         4.15188  713
  325         455.584         372.584         4.15002  715
  326         455.551         372.578         4.14868  719
  327          455.51         372.575         4.14679  721
  328         455.497         372.576         4.14604  723
  329         455.493         372.577         4.14579  725
  330         455.481          372.58         4.14509  727
  331         455.457         372.586         4.14354  729
  332         455.422         372.597         4.14127  731
  333         455.403         372.608         4.13977  735
  334         455.389         372.609           4.139  737
  335         455.383         372.609         4.13872  739
  336          455.38          372.61         4.13853  741
  337         455.359         372.614         4.13728  743
  338         455.334         372.621         4.13566  745
  339         455.319          372.63         4.13445  749
  340           455.3         372.636         4.13321  751
  341         455.291         372.639         4.13263  753
  342         455.289         372.641          4.1324  755
  343         455.278         372.647         4.13154  757
  344         455.256         372.663         4.12968  759
  345         455.238         372.688         4.12749  761
  346          455.22         372.693         4.12635  763
  347         455.215         372.691         4.12617  765
  348         455.213         372.687         4.12632  767
  349         455.209         372.688         4.12601  769
  350         455.188         372.692         4.12482  771
  351         455.162         372.709         4.12266  773
  352         455.149         372.719         4.12152  777
  353         455.143         372.721         4.12114  779
  354          455.14          372.72         4.12099  781
  355         455.137         372.718         4.12093  783
  356         455.128         372.717         4.12053  785
  357         455.119         372.712         4.12033  787
  358         455.109         372.712         4.11984  789
  359         455.104         372.711         4.11966  791
  360         455.101          372.71         4.11952  793
  361         455.095         372.708         4.11934  795
  362         455.085         372.703          4.1191  797
  363         455.082         372.701         4.11902  801
  364         455.077         372.699         4.11888  803
  365         455.076         372.699         4.11885  805
  366         455.075         372.698         4.11884  807
  367         455.072         372.696         4.11878  809
  368         455.067         372.692         4.11872  811
  369         455.064          372.69         4.11868  815
  370         455.059         372.686         4.11866  817
  371         455.057         372.685         4.11861  821
  372         455.056         372.685         4.11856  823
  373         455.055         372.685         4.11851  825
  374         455.053         372.684         4.11842  827
  375         455.052         372.684         4.11836  829
  376         455.051         372.685         4.11832  833
  377          455.05         372.685         4.11829  837
  378          455.05         372.685         4.11827  841
  379          455.05         372.685         4.11826  845
