    0         2698.27         2698.27               0  1
    1         2548.44         2410.12         27.6644  7
    2         2120.44         1969.88         30.1117  11
    3         1479.84         1070.25         81.9184  15
    4         769.597         614.813         30.9569  17
    5         753.842         610.948         28.5787  19
    6         742.559         602.481         28.0156  21
    7         707.745         576.757         26.1976  23
    8         652.963         542.464         22.0999  25
    9          618.47         510.882         21.5176  27
   10         568.844         503.437         13.0814  29
   11         555.295         503.128         10.4335  31
   12         551.404         502.469         9.78717  33
   13         547.399          500.89         9.30178  35
   14         535.826         496.388         7.88767  37
   15         527.939         485.448         8.49826  39
   16         511.717         477.431         6.85705  41
   17         498.266         458.511         7.95095  43
   18          489.44         440.927         9.70259  45
   19         485.222         431.284         10.7876  49
   20         479.801         423.361         11.2881  51
   21         475.582          421.27         10.8624  53
   22         467.954         418.569         9.87697  55
   23         462.247         415.987         9.25202  57
   24         457.374         414.545         8.56565  59
   25         453.123         412.812         8.06235  61
   26         449.143         410.451         7.73842  63
   27         444.552         405.315         7.84747  65
   28          438.06         397.073         8.19732  67
   29         423.749         370.275         10.6946  69
   30         420.264         362.197         11.6133  73
   31         417.447         354.901         12.5094  75
   32         415.681         352.338         12.6686  77
   33         412.491         349.334         12.6314  79
   34          409.38          342.47         13.3819  81
   35         405.466         339.768         13.1397  83
   36         401.983         341.098         12.1771  85
   37         400.853         341.454         11.8798  87
   38          400.01         341.331          11.736  89
   39         399.092         339.649         11.8886  91
   40         397.083         337.471         11.9225  93
   41         393.154         327.262         13.1786  95
   42          393.02         320.641         14.4758  97
   43         391.725         320.108         14.3233  99
   44         391.463         319.903          14.312  101
   45         391.185         319.505          14.336  103
   46         390.705         319.159         14.3091  105
   47          390.36         319.047         14.2626  109
   48         389.843          318.98         14.1726  111
   49         389.004          318.75          14.051  113
   50         387.956         318.515         13.8882  115
   51         387.384           318.4         13.7968  117
   52         386.658          318.59         13.6136  119
   53         386.593         318.632         13.5922  121
   54         386.475          318.72         13.5509  123
   55         386.299         319.007         13.4584  125
   56         385.863         319.002         13.3721  127
   57         385.424         319.023         13.2802  129
   58         385.144          318.91         13.2468  131
   59         384.735         318.505         13.2461  133
   60         384.374         317.851         13.3045  137
   61         383.877         317.021         13.3711  139
   62         383.424         315.737         13.5375  141
   63         383.378         315.263          13.623  143
   64         383.077         315.457          13.524  145
   65         382.925         315.622         13.4607  147
   66          382.87         315.735         13.4268  149
   67          382.82         315.681         13.4279  153
   68         382.551         315.122         13.4857  155
   69         382.458         313.428          13.806  157
   70         381.997         312.557         13.8879  159
   71         381.604         312.276         13.8655  161
   72         381.325         311.879         13.8892  163
   73         381.123         311.284         13.9678  165
   74         380.835         310.749         14.0173  167
   75          379.91         309.685         14.0451  169
   76         379.051         307.825         14.2452  171
   77         378.521         307.494         14.2053  175
   78         378.171         307.693         14.0957  177
   79         378.021         307.844         14.0354  179
   80          377.79         307.988         13.9603  181
   81         377.464         307.976         13.8977  183
   82         376.805         307.348         13.8914  185
   83          375.84         305.993         13.9694  187
   84         375.478         304.271         14.2414  189
   85          375.03         304.188         14.1684  191
   86         374.975         304.275           14.14  193
   87         374.829         304.322         14.1015  195
   88         374.596         304.126          14.094  197
   89         374.443          303.39         14.2107  199
   90         374.119         303.093         14.2052  201
   91         373.946         302.619         14.2655  203
   92          373.75         301.779         14.3942  205
   93         373.573         300.022         14.7102  207
   94         373.209         299.418         14.7582  209
   95         372.982         299.183         14.7597  211
   96         372.731         298.723         14.8016  213
   97         372.187         297.798         14.8778  215
   98         371.819         297.031         14.9576  219
   99         371.326         295.949         15.0753  221
  100         371.253         295.577         15.1351  223
  101          371.06         295.529         15.1063  225
  102         370.661         295.311           15.07  227
  103         370.057         294.583         15.0947  229
  104         369.458         293.377         15.2161  231
  105         369.324         292.217         15.4215  233
  106         368.866         292.545         15.2642  235
  107          368.76         292.601         15.2319  237
  108         368.646         292.503         15.2287  239
  109          368.34          292.03          15.262  241
  110         367.999         291.287         15.3424  243
  111          367.86         290.031         15.5658  245
  112         367.555         290.046         15.5019  247
  113         367.469         290.074         15.4789  249
  114         367.411         290.033         15.4756  251
  115          367.29          289.77         15.5039  253
  116         367.287         288.997         15.6581  255
  117          367.28         288.384         15.7793  257
  118          367.12         288.363         15.7513  259
  119         367.066         288.272         15.7588  261
  120          367.02         288.105         15.7831  263
  121         366.986         287.946         15.8079  267
  122         366.951         287.762         15.8378  271
  123         366.935         287.612         15.8646  275
  124         366.923         287.482         15.8883  279
  125         366.919         287.352         15.9134  283
  126         366.909         287.201         15.9415  287
  127         366.895         287.074         15.9643  291
  128         366.875         286.935          15.988  295
  129         366.855         286.776         16.0158  299
  130         366.825          286.65         16.0351  303
  131         366.804         286.481         16.0647  307
  132         366.766         286.342         16.0846  311
  133         366.722          286.23         16.0984  315
  134         366.655         286.075          16.116  319
  135         366.545          285.96         16.1169  323
  136         366.374         285.702         16.1343  325
  137         366.233         285.594         16.1277  327
  138         365.624         285.827         15.9593  329
  139         364.949         286.571         15.6756  331
  140         364.914         286.626         15.6576  335
  141         364.911         286.623         15.6576  339
  142          364.91         286.612         15.6596  347
