    0         2698.27         2698.27               0  1
    1         2682.24         2665.38        0.337215  7
    2         2465.48         2441.33        0.482982  13
    3         2219.43          1987.8         4.63267  17
    4         1513.33         1030.56         9.65534  19
    5         1467.65         993.982          9.4734  21
    6         1259.87         839.961         8.39818  23
    7         953.573         668.389         5.70367  25
    8          936.17         658.476         5.55388  29
    9         853.171         637.235         4.31872  31
   10         829.509             637         3.85018  33
   11         802.932         634.788         3.36288  35
   12          755.26         625.805          2.5891  37
   13         733.652         619.701         2.27901  41
   14         706.544         616.098         1.80891  43
   15         701.718         615.587         1.72263  45
   16         699.993         615.349         1.69289  47
   17         697.152         614.278         1.65747  49
   18         690.262         610.807         1.58908  51
   19         687.696         609.615         1.56162  55
   20         680.777         606.145         1.49263  57
   21         673.188         601.858          1.4266  59
   22         664.702         595.435         1.38534  61
   23         658.199         589.713          1.3697  63
   24         652.075         588.223         1.27704  65
   25         644.124         582.823         1.22603  67
   26         641.559         582.227         1.18663  69
   27         639.012         580.393         1.17238  71
   28         635.509         577.904          1.1521  73
   29         629.321         571.401         1.15839  75
   30         626.315         565.569         1.21493  79
   31         624.042         562.344         1.23395  81
   32         622.819         560.768         1.24101  83
   33         620.228         557.088          1.2628  85
   34         617.716             552         1.31432  87
   35         614.515         550.802         1.27426  89
   36         610.831         549.186         1.23289  91
   37         608.749         548.353         1.20792  93
   38         607.909         544.349         1.27121  95
   39         604.833          545.01         1.19646  97
   40         601.845         544.074         1.15543  99
   41          596.46         539.488         1.13942  101
   42         592.977         531.369         1.23216  103
   43          591.06         524.926         1.32268  105
   44         589.289         525.525         1.27529  107
   45         587.174         523.541         1.27266  109
   46         585.181         517.805         1.34752  111
   47         584.513         513.706         1.41613  113
   48         583.767         513.605         1.40324  115
   49         582.735         512.318         1.40835  117
   50         581.463         509.642         1.43643  119
   51          579.68         505.201         1.48957  121
   52         578.806          502.36         1.52891  125
   53          577.88         500.607         1.54545  127
   54         576.351         497.891          1.5692  129
   55         574.785          493.69         1.62191  131
   56          574.06         492.831         1.62459  135
   57         572.853         492.645         1.60418  137
   58         571.833         493.481         1.56703  139
   59         570.983         494.689         1.52587  141
   60         569.699         495.715         1.47968  143
   61         567.853         497.605         1.40497  145
   62         567.151         496.849         1.40605  147
   63         566.044          495.84         1.40409  149
   64         565.587         494.305         1.42564  151
   65         564.777         491.791         1.45972  153
   66         563.759         486.166         1.55186  155
   67         563.153         484.054         1.58198  159
   68         562.313         483.151         1.58324  161
   69         561.089         481.738         1.58701  163
   70         560.716          481.94         1.57551  167
   71         560.489         482.325         1.56328  169
   72         560.034         481.184         1.57699  173
   73          558.35         481.158         1.54383  175
   74         557.583         478.316         1.58534  179
   75         556.034         473.144         1.65781  181
   76         555.522         468.048         1.74947  183
   77         554.942         465.226         1.79432  185
   78         554.558         464.516         1.80084  187
   79         553.983         463.586         1.80793  189
   80         553.716         462.573         1.82287  193
   81         553.193         462.237         1.81912  195
   82         551.303         460.294         1.82018  197
   83         550.995         459.655          1.8268  201
   84         550.703         459.233         1.82939  203
   85         550.591         458.092         1.84997  205
   86         550.359         457.555         1.85609  207
   87         550.028         456.046         1.87965  209
   88         549.727         453.264         1.92926  211
   89          549.56         451.166         1.96787  213
   90         549.322         451.347         1.95951  215
   91         549.108         451.344         1.95528  217
   92         548.954          451.08         1.95749  219
   93          548.78         450.676         1.96207  221
   94         548.329          449.49         1.97677  223
   95         547.845         447.115         2.01459  225
   96         547.511         445.459         2.04105  227
   97         547.359         445.505         2.03708  229
   98         547.316         445.636         2.03361  231
   99          547.23         445.604         2.03252  233
  100         547.117         445.587         2.03061  235
  101         546.684         445.571         2.02226  237
  102         546.095         445.654         2.00882  239
  103         545.728         445.923          1.9961  241
  104         545.227         446.057          1.9834  243
  105           545.1         446.105         1.97991  245
  106         544.982         446.191         1.97581  247
  107         544.781         446.362         1.96838  249
  108         544.152         446.988         1.94327  251
  109         543.222          448.07         1.90304  253
  110         542.938         448.588         1.88701  257
  111         542.197         449.501          1.8539  259
  112         541.949         449.792         1.84313  261
  113          541.89         449.811         1.84157  263
  114          541.77         449.913         1.83715  265
  115         541.452         450.287         1.82331  267
  116         540.914         451.106         1.79616  269
  117         540.753         452.641         1.76223  271
  118         540.084         452.843         1.74481  273
  119         539.938         452.894         1.74088  275
  120         539.842         453.039         1.73606  277
  121         539.709         453.268         1.72881  279
  122         539.264         454.182         1.70164  281
  123         538.601         455.731         1.65741  283
  124         538.278         456.903          1.6275  287
  125         537.725         458.064         1.59322  289
  126         537.577         458.269         1.58616  291
  127          537.55         458.209         1.58682  293
  128         537.501         458.167         1.58669  295
  129         537.352         458.146         1.58411  297
  130         537.111         458.227         1.57769  299
  131         536.956         458.402         1.57109  303
  132         536.715         458.595         1.56239  305
  133         536.617         458.712         1.55811  307
  134         536.571         458.789         1.55564  309
  135         536.477          458.97         1.55014  311
  136          536.24         459.504         1.53473  313
  137         535.895         460.391         1.51008  315
  138         535.764         460.863         1.49801  319
  139         535.509         461.521         1.47975  321
  140         535.421         461.673         1.47495  323
  141         535.391         461.662         1.47457  325
  142         535.317         461.659         1.47317  327
  143         535.152         461.759         1.46787  329
  144         534.874         461.995         1.45759  331
  145         534.733         462.179         1.45108  335
  146         534.584         462.306         1.44557  337
  147         534.532         462.342         1.44381  339
  148         534.514         462.348         1.44333  341
  149         534.416         462.402         1.44029  343
  150         534.233         462.528         1.43409  345
  151         533.913         462.797         1.42231  347
  152         533.782         462.973         1.41618  351
  153         533.571         463.122         1.40897  353
  154         533.488         463.177          1.4062  355
  155         533.457         463.183          1.4055  357
  156         533.357          463.21         1.40294  359
  157         533.143         463.284         1.39718  361
  158          532.76         463.447         1.38625  363
  159         532.577         463.594         1.37965  367
  160         532.265         463.727         1.37077  369
  161         532.147         463.764         1.36766  371
  162         532.105         463.763         1.36685  373
  163         532.009         463.763         1.36491  375
  164          531.76         463.782         1.35956  377
  165         531.323         463.834         1.34978  379
  166         531.134         463.962         1.34346  381
  167         530.671         463.994         1.33354  383
  168         530.564         463.989         1.33149  385
  169         530.503         463.983         1.33041  387
  170         530.421         463.965         1.32912  389
  171          530.13           463.9          1.3246  391
  172         529.635         463.785         1.31701  393
  173          529.02         463.617         1.30805  395
  174         528.645          463.47         1.30349  397
  175         528.475         463.511         1.29928  399
  176          528.44         463.503         1.29874  401
  177         528.387         463.473         1.29828  403
  178          528.19         463.335          1.2971  405
  179         527.838         463.059         1.29559  407
  180         527.449         462.531         1.29837  409
  181         527.038          462.26         1.29556  411
  182         526.876         462.251          1.2925  413
  183         526.733         462.191         1.29084  415
  184         526.531         462.071         1.28919  417
  185         526.085         461.709         1.28753  419
  186          525.91         461.491         1.28838  423
  187         525.757         461.399         1.28716  425
  188         525.641         461.279         1.28723  427
  189         525.439         461.032         1.28815  429
  190         525.005         460.401         1.29207  431
  191         524.861         459.739         1.30244  433
  192          524.52         459.571         1.29897  435
  193         524.403          459.56         1.29687  437
  194         524.294         459.516         1.29555  439
  195         524.078         459.391         1.29374  441
  196         523.831         459.083         1.29497  443
  197         523.767         458.978         1.29579  447
  198         523.679         458.831         1.29697  449
  199         523.631         458.753         1.29756  451
  200         523.578         458.657         1.29842  453
  201         523.407         458.297         1.30221  455
  202         523.132          457.64         1.30984  457
  203         522.862         456.693         1.32337  459
  204         522.778         455.741         1.34073  461
  205         522.575         456.121         1.32907  463
  206         522.531         456.195         1.32672  465
  207         522.468         456.206         1.32523  467
  208          522.32         456.051         1.32537  469
  209         522.133         455.545         1.33176  471
  210         522.089         455.313          1.3355  475
  211         521.979         454.664         1.34631  477
  212         521.935         454.256         1.35357  479
  213         521.899          453.89         1.36018  481
  214         521.859         453.302         1.37113  483
  215         521.809         453.008         1.37603  487
  216         521.722         452.373         1.38699  489
  217         521.635         452.133         1.39005  491
  218         521.504         452.148         1.38712  493
  219           521.4         452.289         1.38222  495
  220         521.313         452.683          1.3726  497
  221         521.281         452.723         1.37116  499
  222         521.243         452.674         1.37137  501
  223         521.202         452.519         1.37366  503
  224         521.164         451.935         1.38458  505
  225         521.155         450.957         1.40395  507
  226         521.126         450.308         1.41636  509
  227         521.119         450.182         1.41872  513
  228         521.114         450.063         1.42102  517
  229         521.108         449.961         1.42296  521
  230         521.103         449.874         1.42458  525
  231         521.097         449.782         1.42631  529
  232         521.082         449.678         1.42806  533
  233         521.061         449.469         1.43185  535
  234         521.035         449.358         1.43354  537
  235         520.962         449.383         1.43157  539
  236         520.782         449.702          1.4216  541
  237          520.74         449.811         1.41858  545
  238         520.708         449.918         1.41581  547
  239          520.67         450.038         1.41265  549
  240         520.627         450.171         1.40911  551
  241         520.577         450.252          1.4065  553
  242         520.507         450.181         1.40653  555
  243         520.466         450.055         1.40822  559
  244         520.454         449.826         1.41255  561
  245         520.453         449.779         1.41347  565
  246         520.452         449.566         1.41772  567
  247          520.45         449.517         1.41868  571
  248         520.442         449.335         1.42216  573
  249         520.437         449.307         1.42259  577
  250         520.416         449.282         1.42267  579
  251         520.392         449.159         1.42467  581
  252         520.348         449.125         1.42445  583
  253          520.31         449.017         1.42587  585
  254         520.306         448.873         1.42867  587
  255         520.304          448.84         1.42928  591
  256         520.299         448.788         1.43021  593
  257         520.285         448.677         1.43218  595
  258         520.264         448.474          1.4358  597
  259         520.252         448.383         1.43737  601
  260         520.231         448.237         1.43987  603
  261          520.21         448.202         1.44017  605
  262         520.185         448.217         1.43936  607
  263         520.164         448.264           1.438  609
  264         520.137         448.336         1.43604  611
  265         520.118         448.375         1.43486  613
  266         520.096         448.385         1.43423  615
  267         520.067         448.325         1.43483  619
  268         520.017         448.185         1.43663  621
  269         520.005         447.973         1.44063  623
  270         519.999         447.901         1.44195  627
  271         519.996         447.741         1.44509  629
  272         519.991         447.705         1.44573  633
  273         519.978         447.671         1.44614  635
  274         519.959         447.614         1.44691  637
  275         519.923         447.653         1.44539  639
  276         519.898         447.713         1.44369  641
  277         519.874         447.762         1.44224  643
  278         519.844         447.816         1.44057  645
  279         519.826         447.805         1.44041  647
  280         519.765         447.747         1.44036  649
  281         519.709         447.679          1.4406  651
  282         519.694         447.632         1.44123  653
  283         519.667         447.652         1.44031  655
  284         519.654         447.661         1.43987  657
  285         519.627         447.679         1.43896  659
  286         519.564         447.714           1.437  661
  287         519.503         447.746         1.43513  663
  288         519.458         447.765         1.43387  665
  289         519.449          447.76         1.43378  667
  290         519.443         447.759         1.43367  669
  291         519.428         447.764          1.4333  671
  292          519.39         447.785          1.4321  673
  293         519.365          447.81         1.43109  677
  294         519.322         447.847         1.42951  679
  295          519.26         447.917         1.42687  681
  296         519.193         448.009         1.42368  683
  297         519.093         448.161         1.41864  685
  298         519.039         448.295         1.41489  687
  299         518.992         448.303         1.41379  689
  300         518.985         448.283         1.41404  691
  301          518.97         448.269         1.41402  693
  302         518.939         448.276         1.41327  695
  303         518.886         448.319         1.41133  697
  304         518.811         448.395         1.40833  699
  305         518.683         448.562         1.40243  701
  306         518.503         448.878         1.39249  703
  307          518.47         448.965         1.39009  707
  308          518.43         449.013         1.38834  709
  309         518.416         449.026         1.38781  711
  310         518.392         449.052         1.38681  713
  311         518.348         449.116         1.38465  715
  312          518.32         449.153         1.38333  719
  313           518.3         449.158         1.38283  721
  314         518.282         449.146         1.38273  723
  315         518.273         449.136         1.38274  725
  316         518.271         449.131         1.38279  729
  317          518.27         449.119         1.38303  731
  318          518.27         449.116         1.38307  735
  319         518.269         449.109         1.38319  739
  320         518.268         449.103         1.38328  743
  321         518.267           449.1         1.38333  747
  322         518.266         449.097         1.38338  751
  323         518.264         449.095         1.38339  755
  324         518.263         449.094         1.38338  759
  325         518.262         449.094         1.38335  763
  326         518.259         449.096         1.38326  767
  327         518.257         449.106         1.38303  769
  328         518.251         449.114         1.38275  771
  329         518.241         449.125         1.38232  773
  330         518.224         449.165         1.38118  775
  331         518.215          449.17          1.3809  777
  332         518.212         449.162           1.381  779
  333          518.21         449.162         1.38096  781
  334         518.194         449.169         1.38051  783
  335         518.178         449.191         1.37976  785
  336         518.164         449.228         1.37872  787
  337         518.152         449.242          1.3782  789
  338         518.146         449.253         1.37786  791
  339         518.138          449.27         1.37736  793
  340         518.114         449.329          1.3757  795
  341         518.092         449.426         1.37332  797
  342          518.06         449.472         1.37175  799
  343         518.022         449.543         1.36957  801
  344         517.982         449.629         1.36707  803
  345         517.896         449.864         1.36065  805
  346         517.865         449.976         1.35779  809
  347         517.816         450.079         1.35476  811
  348         517.791         450.123         1.35336  813
  349          517.78         450.124         1.35313  815
  350         517.758         450.131         1.35255  817
  351         517.747         450.118         1.35257  821
  352          517.73         450.115         1.35228  823
  353         517.712         450.106         1.35213  825
  354         517.702         450.094         1.35216  827
  355         517.698         450.087         1.35222  829
  356         517.695          450.09         1.35209  831
  357         517.694         450.094           1.352  833
  358         517.691         450.098         1.35186  835
  359         517.685         450.106          1.3516  837
  360         517.672         450.136         1.35071  839
  361         517.662         450.152          1.3502  841
  362         517.653         450.151         1.35004  843
  363         517.629         450.162         1.34935  845
  364         517.596         450.195         1.34801  847
  365         517.565         450.254         1.34621  849
  366          517.55         450.265          1.3457  851
  367         517.543         450.277         1.34532  853
  368         517.525         450.312         1.34427  855
  369         517.492         450.387         1.34211  857
  370         517.454         450.499          1.3391  859
  371         517.435         450.509         1.33853  861
  372         517.399         450.546         1.33706  863
  373         517.356         450.625         1.33461  865
  374         517.328         450.696         1.33263  867
  375         517.317         450.715         1.33204  869
  376         517.311         450.721          1.3318  871
  377         517.292         450.754         1.33076  873
  378         517.244         450.858         1.32773  875
  379          517.18         451.042         1.32275  877
  380         517.145         451.193         1.31903  881
  381          517.12         451.202         1.31836  883
  382          517.11         451.217         1.31786  885
  383         517.103         451.222         1.31763  887
  384         517.076         451.277         1.31598  889
  385         517.041         451.388         1.31305  891
  386         517.013         451.447         1.31132  893
  387             517         451.456         1.31088  895
  388         516.986         451.469         1.31034  897
  389         516.964         451.496         1.30936  899
  390           516.9         451.592         1.30616  901
  391         516.871         451.658         1.30424  905
  392         516.826         451.733         1.30187  907
  393         516.809         451.755         1.30107  909
  394         516.799         451.759         1.30081  911
  395         516.781         451.775         1.30013  913
  396         516.737         451.828         1.29818  915
  397         516.677         451.927           1.295  917
  398         516.658         451.974         1.29368  921
  399          516.62         452.048         1.29143  923
  400         516.605         452.069         1.29073  925
  401           516.6         452.066         1.29067  927
  402         516.584         452.075         1.29018  929
  403         516.552         452.116         1.28872  931
  404         516.511         452.206         1.28611  933
  405         516.495         452.258         1.28473  937
  406         516.474         452.319         1.28308  939
  407         516.466         452.336         1.28261  941
  408         516.461         452.341         1.28241  943
  409         516.444         452.389         1.28111  945
  410         516.425         452.485         1.27881  947
  411         516.419         452.524          1.2779  951
  412         516.408         452.624         1.27567  953
  413         516.405         452.667         1.27476  955
  414           516.4         452.681         1.27437  957
  415          516.39         452.718         1.27345  959
  416         516.377         452.801         1.27151  961
  417         516.374         452.821         1.27105  965
  418         516.367         452.882         1.26971  967
  419         516.363         452.893         1.26941  969
  420         516.356         452.888         1.26935  971
  421         516.342         452.881         1.26923  973
  422         516.318         452.862         1.26913  975
  423         516.312         452.853         1.26918  979
  424         516.298         452.836         1.26923  981
  425         516.291         452.828         1.26927  983
  426         516.286         452.821          1.2693  985
  427         516.277         452.806          1.2694  987
  428          516.27         452.787         1.26965  989
  429         516.262         452.783         1.26957  991
  430          516.26         452.787         1.26946  993
  431         516.259          452.79         1.26937  995
  432         516.257         452.795         1.26923  997
  433         516.257         452.797          1.2692  999
  434         516.254         452.795         1.26917  1001
  435         516.253         452.792         1.26921  1003
  436          516.25         452.783         1.26935  1005
  437         516.247         452.764         1.26966  1007
  438         516.245         452.738         1.27014  1009
  439         516.243         452.721         1.27044  1011
  440          516.24         452.723         1.27035  1013
  441         516.238         452.724         1.27028  1015
  442         516.236         452.722         1.27027  1017
  443         516.232         452.708         1.27048  1019
  444         516.231         452.702         1.27057  1023
  445         516.229         452.695         1.27069  1025
  446         516.229         452.692         1.27074  1029
  447         516.229         452.689          1.2708  1033
  448         516.229         452.684         1.27089  1037
  449         516.228         452.677         1.27102  1041
  450         516.228          452.67         1.27116  1045
  451         516.228         452.659         1.27138  1049
  452         516.227         452.645         1.27165  1053
  453         516.227         452.632         1.27189  1057
  454         516.226         452.623         1.27206  1061
  455         516.226         452.615         1.27223  1065
  456         516.226         452.607         1.27239  1069
  457         516.226         452.601          1.2725  1077
  458         516.226         452.595         1.27263  1085
  459         516.226         452.585         1.27282  1089
  460         516.226         452.579         1.27295  1097
