    0         2698.27         2698.27               0  1
    1         2696.66         2694.93       0.0034551  7
    2         2612.23         2601.41       0.0216347  15
    3         2582.15          2536.1       0.0921166  19
    4         2451.34         2231.04        0.440591  21
    5         2206.16         1951.72        0.508875  25
    6         1884.65         1405.41        0.958474  29
    7         1747.12         1243.88         1.00649  31
    8         1731.47         1251.84        0.959272  33
    9         1654.27         1247.42        0.813715  35
   10         1518.36          1179.6        0.677521  37
   11         1359.04         1030.34          0.6574  39
   12         1326.27         986.363        0.679808  43
   13         1267.96         918.723        0.698483  45
   14         1251.79         895.442          0.7127  47
   15         1240.97         876.257        0.729426  49
   16         1217.52         830.404        0.774241  51
   17         1204.18         816.584        0.775191  55
   18         1183.98         803.578        0.760812  57
   19         1156.24         802.843        0.706792  59
   20         1136.82         810.945        0.651745  61
   21         1127.42         834.461        0.585922  63
   22         1118.64         846.605        0.544078  65
   23         1110.46         847.427        0.526066  67
   24         1098.84         843.464        0.510746  69
   25         1080.26         829.494        0.501538  71
   26          1064.5         778.431        0.572137  73
   27         1036.73          766.19        0.541077  75
   28         1015.72         741.372        0.548688  77
   29         1004.11          714.16        0.579905  79
   30          1002.5         711.206        0.582579  83
   31         1000.34         707.169        0.586351  85
   32         997.398          704.06        0.586676  87
   33         992.904         700.798        0.584212  89
   34         985.485         696.303        0.578363  91
   35         983.728         698.623        0.570209  95
   36          979.94         700.627        0.558628  97
   37         977.835         705.581        0.544508  99
   38         976.929         709.245        0.535369  101
   39         975.802         712.052        0.527501  103
   40         973.142         714.183         0.51792  105
   41         972.021         715.702        0.512638  109
   42         969.072         714.008        0.510129  111
   43         962.451         709.031         0.50684  113
   44          953.25         701.679        0.503141  115
   45          942.75         693.739        0.498022  117
   46         939.898         691.684        0.496428  121
   47         936.902         689.932        0.493939  123
   48         936.239         690.148        0.492182  125
   49         934.835           691.5        0.486669  127
   50         932.914         693.676        0.478477  129
   51         931.855         695.956          0.4718  133
   52         930.794         697.196        0.467197  135
   53         929.694         697.831        0.463725  137
   54         928.517         698.269        0.460495  139
   55         926.507         697.818        0.457378  141
   56         921.922         693.719        0.456406  143
   57          919.79         691.649        0.456281  147
   58         918.549         690.539         0.45602  149
   59         916.636         687.826        0.457619  151
   60         914.415          684.31        0.460208  153
   61         911.296         683.306        0.455981  155
   62         900.584         676.273        0.448621  157
   63         900.062         674.108        0.451907  159
   64         898.631         673.901         0.44946  161
   65         897.863         673.764        0.448198  163
   66         896.354         673.395        0.445918  165
   67         893.603         672.994        0.441218  167
   68         890.573         671.678         0.43779  169
   69         889.102         670.794        0.436616  173
   70         887.492         669.915        0.435154  175
   71         885.365         668.473        0.433785  177
   72          880.76         664.792        0.431937  179
   73         873.085         657.624        0.430921  181
   74          869.85         654.325         0.43105  185
   75         864.631         649.606         0.43005  187
   76         863.295         649.883        0.426824  189
   77         862.713         650.384        0.424658  191
   78         861.995         650.468        0.423055  193
   79         861.655         651.838        0.419633  195
   80         859.295         650.651         0.41729  197
   81         857.402         649.347        0.416109  199
   82         854.989         647.354         0.41527  201
   83         853.072         644.859        0.416425  203
   84         852.336         640.701        0.423268  205
   85         849.791         639.834        0.419913  207
   86         848.402         638.714        0.419378  209
   87         847.328         637.028        0.420599  211
   88         845.601          633.06        0.425082  213
   89         845.374         628.778        0.433193  215
   90         843.696         629.982        0.427427  217
   91         842.663         629.894        0.425536  219
   92         838.505         627.571        0.421868  221
   93         834.036         622.966        0.422141  223
   94          831.26         615.866        0.430788  225
   95         829.056         610.846        0.436419  227
   96         827.501         612.658        0.429688  229
   97         826.717         613.044        0.427347  231
   98         825.662         612.661        0.426002  233
   99         825.332         610.765        0.429135  235
  100         824.295         610.083        0.428424  237
  101         823.873         608.943         0.42986  239
  102         823.329         606.705        0.433248  241
  103         822.496         603.827        0.437338  243
  104         821.663         600.782        0.441762  245
  105          820.56         600.216        0.440689  247
  106         816.086         598.644        0.434884  249
  107         813.556         594.456        0.438199  251
  108         810.756          597.39        0.426733  253
  109         809.974         599.099        0.421751  255
  110         808.268          600.46        0.415616  257
  111         804.188         602.922        0.402531  259
  112           800.1         602.105        0.395989  261
  113          796.08         598.721        0.394718  263
  114         793.043         593.506        0.399075  265
  115         791.081         590.365        0.401433  267
  116         790.385         590.576        0.399619  269
  117          785.95         590.751        0.390397  271
  118         782.886         588.384        0.389004  273
  119         781.726         588.485        0.386482  277
  120         780.045         587.297        0.385497  279
  121         778.989         586.545        0.384887  281
  122         778.173         586.321        0.383703  283
  123         776.169         586.801        0.378736  285
  124         774.738          588.86        0.371757  289
  125          773.42          590.65         0.36554  291
  126         772.868         591.852        0.362032  293
  127         772.619         592.261        0.360717  295
  128         772.094         592.397        0.359395  299
  129         771.284         592.369         0.35783  301
  130         769.424         591.316        0.356215  303
  131         767.387         589.102        0.356568  305
  132           765.6          587.06        0.357078  307
  133         764.602         586.984        0.355236  309
  134         763.533         586.632          0.3538  311
  135         762.919         586.156        0.353527  313
  136         762.059         586.011        0.352097  315
  137         758.075          585.02         0.34611  317
  138         754.303         583.593         0.34142  319
  139         751.021          582.04        0.337962  321
  140         750.486         581.711        0.337549  325
  141         749.581         581.323        0.336516  327
  142          749.14         581.272        0.335737  329
  143         748.235         581.135          0.3342  331
  144         746.431         580.802        0.331258  333
  145         744.458         580.478         0.32796  335
  146         743.951         580.504        0.326893  339
  147         742.874         580.474          0.3248  341
  148          742.32         580.572        0.323495  343
  149         741.364         580.815        0.321096  345
  150         739.824         581.336        0.316976  347
  151         738.451         581.984        0.312935  349
  152         737.477         582.628        0.309699  351
  153         736.812         582.358        0.308908  353
  154         736.532         582.251         0.30856  355
  155         735.777         582.069        0.307415  357
  156         735.126         581.985        0.306281  359
  157             733          582.07         0.30186  361
  158         730.439          582.47        0.295939  363
  159         727.963         583.179        0.289569  365
  160         726.562          583.69        0.285745  367
  161         724.784         584.088        0.281391  369
  162          723.25         584.234        0.278032  371
  163         720.991         584.392        0.273199  373
  164         719.069         584.684         0.26877  375
  165         717.938         584.612        0.266654  377
  166         717.576          584.59        0.265972  379
  167         717.067         584.554        0.265026  381
  168         716.325         584.522        0.263606  383
  169         714.301         584.509        0.259585  385
  170         712.301          584.66        0.255282  387
  171         711.726         584.751         0.25395  391
  172          711.24         584.851        0.252778  393
  173         711.005         584.907        0.252196  395
  174         710.756         584.952        0.251608  397
  175         710.039         585.106        0.249866  399
  176         708.691         585.452        0.246478  401
  177         706.586         586.087        0.240999  403
  178         706.146         586.292        0.239708  407
  179         704.559         586.816        0.235486  409
  180         703.914         586.979         0.23387  411
  181         703.537         587.013        0.233048  413
  182         702.645         587.138        0.231014  415
  183         700.636         587.494        0.226283  417
  184         697.264         588.229        0.218069  419
  185         695.741         588.788        0.213907  423
  186         692.748         589.546        0.206403  425
  187         691.805         589.706        0.204197  427
  188         691.497         589.683        0.203626  429
  189         690.893         589.696        0.202394  431
  190          689.33          589.84        0.198979  433
  191         687.016         590.143        0.193744  435
  192         686.253          590.34        0.191827  439
  193         684.305         590.702        0.187207  441
  194         683.521         590.845        0.185352  443
  195         683.136         590.879        0.184515  445
  196         682.306         590.986         0.18264  447
  197         680.355         591.321        0.178067  449
  198         677.429         591.923        0.171012  451
  199         676.629         592.194         0.16887  455
  200         674.297         592.753        0.163088  457
  201         673.484         592.885        0.161198  459
  202         673.197         592.866        0.160663  461
  203         672.557         592.859        0.159396  463
  204         671.089         592.905        0.156369  465
  205          668.87         593.029         0.15168  467
  206          668.29         593.103        0.150373  471
  207          666.55         593.269        0.146562  473
  208         665.938         593.316        0.145244  475
  209         665.736         593.299        0.144874  477
  210         665.315         593.262        0.144106  479
  211         664.306          593.18        0.142253  481
  212          662.75         593.058        0.139385  483
  213         662.199         592.991        0.138415  487
  214         660.888         592.922        0.135932  489
  215         660.406         592.901        0.135009  491
  216         660.205         592.875        0.134661  493
  217         659.794         592.805        0.133976  495
  218         658.859         592.636        0.132446  497
  219         657.647         592.409        0.130475  499
  220         657.464         592.355        0.130219  503
  221         656.691         592.222        0.128937  505
  222         656.433           592.2        0.128465  507
  223         656.286         592.179        0.128213  509
  224         655.932         592.106        0.127653  511
  225         655.232         591.944        0.126576  513
  226         654.343         591.719        0.125247  515
  227         654.178         591.651        0.125054  519
  228         653.681         591.536        0.124291  521
  229         653.527         591.518        0.124019  523
  230         653.417         591.498        0.123839  525
  231         653.108         591.419        0.123378  527
  232         652.507         591.251        0.122512  529
  233         651.643         590.986        0.121314  531
  234         651.495         590.916        0.121159  535
  235         650.911         590.746        0.120331  537
  236         650.706          590.71         0.11999  539
  237         650.599         590.687        0.119825  541
  238         650.333         590.604        0.119456  543
  239         649.765         590.407        0.118717  545
  240         648.921         590.084        0.117674  547
  241          648.72         589.957        0.117526  551
  242         648.099         589.732        0.116734  553
  243          647.88         589.675         0.11641  555
  244         647.786          589.65        0.116272  557
  245         647.558         589.561        0.115995  559
  246         647.061         589.336         0.11545  561
  247         646.313         588.961        0.114704  563
  248         646.135         588.816        0.114638  567
  249         645.563         588.532        0.114062  569
  250         645.362         588.467        0.113788  571
  251         645.296         588.453        0.113685  573
  252         645.153         588.392        0.113521  575
  253         644.837         588.225        0.113224  577
  254         644.396          587.95        0.112893  579
  255         644.307         587.858        0.112898  583
  256         644.007         587.659        0.112696  585
  257         643.898         587.613         0.11257  587
  258         643.846         587.596          0.1125  589
  259         643.723         587.533         0.11238  591
  260         643.457         587.378        0.112159  593
  261          643.07         587.128        0.111885  595
  262         642.983         587.037        0.111893  599
  263         642.685         586.844        0.111681  601
  264         642.559         586.789        0.111539  603
  265         642.485         586.761        0.111448  605
  266         642.319         586.677        0.111284  607
  267         641.954         586.472        0.110964  609
  268          641.41         586.148        0.110526  611
  269         641.277         586.018        0.110519  615
  270         640.834         585.762        0.110143  617
  271         640.643         585.682        0.109921  619
  272         640.533         585.641        0.109783  621
  273         640.288         585.523         0.10953  623
  274         639.763         585.242        0.109042  625
  275          639.03         584.829          0.1084  627
  276         638.917         584.725        0.108386  631
  277         638.395         584.432        0.107925  633
  278         638.214         584.378        0.107672  635
  279          638.14         584.363        0.107554  637
  280         637.968         584.295        0.107346  639
  281         637.604         584.122        0.106964  641
  282         637.087         583.832        0.106511  643
  283          636.99          583.74        0.106501  647
  284         636.618         583.518        0.106201  649
  285         636.481         583.462        0.106038  651
  286         636.423         583.442        0.105962  653
  287         636.295         583.371        0.105848  655
  288         636.032         583.195        0.105675  657
  289         635.706          582.94        0.105532  659
  290         635.645         582.864        0.105561  663
  291         635.458         582.712        0.105492  665
  292         635.386         582.677        0.105417  667
  293         635.319         582.645        0.105348  669
  294         635.149         582.531        0.105235  671
  295         634.832          582.29        0.105084  673
  296          634.43         581.954        0.104953  675
  297         634.363         581.869        0.104989  679
  298         634.145         581.691        0.104907  681
  299         634.078         581.672        0.104812  683
  300         634.033          581.66        0.104745  685
  301         633.903         581.595        0.104615  687
  302         633.655         581.443        0.104425  689
  303         633.286         581.163        0.104246  691
  304         633.217         581.084        0.104266  695
  305         632.953         580.871        0.104164  697
  306         632.857         580.827         0.10406  699
  307         632.829          580.82        0.104019  701
  308         632.767         580.783        0.103968  703
  309         632.628         580.676        0.103904  705
  310         632.422         580.482        0.103881  707
  311          632.36         580.388        0.103945  711
  312         632.201         580.221        0.103959  713
  313         632.139         580.178        0.103923  715
  314         632.112         580.166        0.103891  717
  315         632.055         580.126        0.103859  719
  316         631.926         580.011        0.103828  721
  317         631.743         579.831        0.103824  723
  318         631.706         579.774        0.103865  727
  319         631.571         579.632        0.103877  729
  320         631.518         579.601        0.103834  731
  321         631.492         579.594        0.103796  733
  322         631.434         579.565        0.103738  735
  323         631.301         579.488        0.103627  737
  324         631.105         579.365         0.10348  739
  325         631.051         579.309        0.103485  743
  326         630.892         579.214        0.103356  745
  327         630.829         579.187        0.103285  747
  328         630.799         579.178        0.103241  749
  329          630.73         579.149        0.103163  751
  330         630.584         579.076        0.103016  753
  331         630.396          578.98        0.102832  755
  332         630.366         578.957        0.102817  759
  333         630.248         578.901        0.102693  761
  334         630.204          578.89        0.102628  763
  335         630.169         578.881        0.102576  765
  336          630.08          578.85         0.10246  767
  337         629.901         578.786         0.10223  769
  338         629.655           578.7        0.101911  771
  339         629.609         578.676        0.101865  775
  340         629.446          578.63        0.101631  777
  341         629.391         578.621        0.101541  779
  342         629.363         578.616        0.101494  781
  343         629.285         578.594        0.101381  783
  344         629.125         578.548        0.101154  785
  345         628.882         578.478        0.100807  787
  346         628.825         578.456        0.100739  791
  347         628.636         578.415        0.100441  793
  348         628.562         578.406        0.100313  795
  349         628.534         578.401        0.100267  797
  350         628.474         578.385        0.100178  799
  351         628.342         578.346       0.0999911  801
  352         628.164         578.295       0.0997375  803
  353         628.128         578.281       0.0996952  807
  354         628.007         578.253       0.0995089  809
  355          627.96         578.245       0.0994317  811
  356         627.929         578.237       0.0993834  813
  357         627.851         578.215       0.0992723  815
  358         627.685         578.168        0.099034  817
  359         627.431         578.105       0.0986526  819
  360         627.368         578.086       0.0985631  823
  361         627.159         578.056       0.0982047  825
  362         627.078         578.052       0.0980524  827
  363         627.046         578.049       0.0979951  829
  364         626.979         578.039       0.0978812  831
  365         626.829         578.015        0.097627  833
  366         626.614         577.989       0.0972504  835
  367         626.569         577.983       0.0971712  839
  368         626.402         577.977       0.0968492  841
  369         626.333         577.976       0.0967126  843
  370         626.298         577.974       0.0966479  845
  371         626.225         577.969       0.0965117  847
  372         626.071         577.965       0.0962119  849
  373         625.879         577.975       0.0958067  851
  374         625.847         577.981       0.0957319  855
  375         625.733         578.002       0.0954622  857
  376         625.691         578.006       0.0953716  859
  377         625.659         578.005       0.0953092  861
  378         625.575         578.004       0.0951412  863
  379         625.406         578.007       0.0947981  865
  380         625.154          578.02        0.094268  867
  381          625.11         578.026       0.0941681  871
  382         624.922         578.048       0.0937476  873
  383         624.852         578.052       0.0936001  875
  384          624.83         578.051       0.0935586  877
  385         624.783          578.05       0.0934662  879
  386          624.68          578.05       0.0932598  881
  387          624.54         578.059       0.0929616  883
  388         624.513         578.062       0.0929006  887
  389         624.413         578.076       0.0926735  889
  390         624.371          578.08       0.0925825  891
  391         624.347         578.079       0.0925346  893
  392         624.293         578.078       0.0924303  895
  393         624.178         578.075       0.0922068  897
  394         624.022         578.072          0.0919  899
  395         623.993         578.072       0.0918424  903
  396         623.887         578.072       0.0916295  905
  397         623.845          578.07       0.0915511  907
  398         623.818         578.065       0.0915044  909
  399         623.749         578.054       0.0913897  911
  400         623.603         578.029       0.0911485  913
  401         623.376         577.989       0.0907741  915
  402         623.319         577.976       0.0906865  919
  403         623.131         577.947       0.0903678  921
  404         623.061         577.942       0.0902383  923
  405         623.037          577.94       0.0901948  925
  406         622.991         577.933        0.090116  927
  407         622.883         577.913       0.0899402  929
  408         622.729         577.878       0.0897011  931
  409         622.696         577.867       0.0896579  935
  410         622.575         577.838       0.0894745  937
  411         622.521         577.827       0.0893885  939
  412         622.488         577.821       0.0893354  941
  413         622.416         577.803       0.0892256  943
  414         622.259         577.763        0.088992  945
  415          622.05          577.71       0.0886797  947
  416         622.011         577.695        0.088631  951
  417         621.869         577.665       0.0884082  953
  418         621.813         577.659       0.0883077  955
  419          621.77         577.656       0.0882277  957
  420         621.658         577.643       0.0880309  959
  421         621.437         577.614       0.0876453  961
  422         621.127         577.573       0.0871076  963
  423         621.086         577.565       0.0870424  967
  424         620.876         577.538       0.0866746  969
  425         620.806         577.533       0.0865449  971
  426         620.778         577.532       0.0864927  973
  427         620.708         577.525       0.0863662  975
  428         620.558          577.51       0.0860959  977
  429         620.329         577.488       0.0856811  979
  430         620.269         577.481       0.0855756  983
  431         620.086         577.471       0.0852299  985
  432         620.014         577.469       0.0850884  987
  433         619.982         577.468       0.0850278  989
  434         619.909         577.462       0.0848935  991
  435         619.732         577.447       0.0845695  993
  436         619.434         577.426       0.0840143  995
  437         619.348         577.412        0.083873  997
  438         618.974         577.411       0.0831242  999
  439           618.9          577.41       0.0829808  1001
  440         618.864         577.407       0.0829148  1003
  441         618.816         577.402       0.0828281  1005
  442          618.66         577.387       0.0825464  1007
  443         618.427         577.368       0.0821188  1009
  444         618.309         577.342       0.0819334  1011
  445         618.048         577.341       0.0814122  1013
  446         617.978          577.34       0.0812766  1015
  447         617.924         577.333       0.0811832  1017
  448         617.823         577.314       0.0810164  1019
  449         617.544         577.257        0.080573  1021
  450         617.151         577.169       0.0799638  1023
  451         617.064         577.143        0.079843  1027
  452         616.749         577.072       0.0793539  1029
  453         616.627          577.05       0.0791544  1031
  454         616.584         577.042       0.0790836  1033
  455         616.499         577.019       0.0789591  1035
  456         616.309         576.961       0.0786967  1037
  457          616.07         576.881        0.078378  1039
  458         616.017         576.854       0.0783274  1043
  459         615.871         576.808       0.0781252  1045
  460         615.813         576.796       0.0780343  1047
  461         615.758         576.783       0.0779492  1049
  462         615.626         576.742       0.0777673  1051
  463         615.418         576.668       0.0774992  1053
  464         615.217         576.599       0.0772369  1055
  465         615.035         576.535       0.0769986  1057
  466         614.962         576.564       0.0767969  1059
  467         614.915         576.578       0.0766729  1061
  468         614.842         576.567       0.0765494  1063
  469         614.718         576.532       0.0763726  1065
  470         614.512         576.421       0.0761808  1067
  471         614.401         576.336       0.0761306  1071
  472         614.209         576.194       0.0760304  1073
  473         614.125         576.145       0.0759603  1075
  474         614.039         576.059         0.07596  1077
  475         613.947          576.08       0.0757337  1079
  476         613.898          576.11       0.0755767  1081
  477         613.881         576.146       0.0754698  1083
  478         613.854         576.137       0.0754343  1085
  479         613.845          576.13       0.0754305  1087
  480         613.813         576.111       0.0754043  1089
  481         613.746         576.072       0.0753472  1091
  482         613.634         576.022       0.0752244  1093
  483         613.579         575.982       0.0751953  1097
  484         613.474         575.945       0.0750572  1099
  485         613.415         575.926       0.0749769  1101
  486         613.368          575.91       0.0749148  1103
  487         613.276         575.873       0.0748055  1105
  488         613.232         575.849       0.0747658  1109
  489         613.158         575.832       0.0746529  1111
  490         613.115         575.826       0.0745782  1113
  491         613.082         575.826       0.0745125  1115
  492         613.046         575.823       0.0744469  1117
  493         613.008         575.826       0.0743633  1119
  494         612.979         575.823       0.0743116  1121
  495         612.946         575.823        0.074246  1123
  496         612.927         575.819        0.074215  1125
  497         612.892         575.809        0.074166  1127
  498         612.803         575.775       0.0740569  1129
  499         612.752         575.725       0.0740549  1131
  500          612.63         575.699       0.0738625  1133
