    0          679573         2698.27          654621         222.531               0               0  1
    1          511995         2600.64          501714         25.6499         2.96811         252.819  7
    2          208423         2474.01          140850         31.4356         9.41819         3088.33  9
    3          133043         2321.31          102335         30.3242        0.676749         1267.03  11
    4          110975         2294.93          100139         29.7582         1.92978         276.328  13
    5          102808         2266.92         92216.9         29.5974         1.90873         266.291  15
    6         73647.6          2103.5         54560.5         29.5705         1.82602         699.502  17
    7         55679.4         1988.19         36160.2         28.9046         1.30461         730.726  19
    8         45804.7         1850.31         25049.8         27.6396         2.84367         804.187  23
    9         37087.3         1777.01         20991.4          27.035         1.73056         579.036  25
   10         35028.2         1785.27         19796.3         26.7971          1.6964          536.65  27
   11           32312          1664.5           17920         25.9713          2.4708         504.049  29
   12         30596.3         1643.88         17520.5         25.7662         1.77376         440.988  31
   13         29412.6         1603.37           16759         25.5678         1.79341         422.878  33
   14           25964         1437.55         14040.2         24.9164         2.03733          397.69  35
   15           22796            1240           11882         24.1815         2.56125          360.23  37
   16         22032.3         1175.68         11477.4         23.7345         3.13745          347.15  41
   17         20244.2         1063.52         10914.8          23.332         3.10865         293.528  43
   18         19092.1         994.685         10247.8         23.0161         3.21117         274.193  45
   19         17541.3         896.932         9051.62         22.5591         3.40621         263.437  47
   20           15999         785.867         8255.67         21.9881         3.51065         234.423  49
   21         15681.4         715.578         7733.96         21.5058         6.98996         247.074  51
   22         13767.9         736.995         7260.51         21.5344         3.11322         177.734  53
   23         13077.2         739.524         6887.02         21.4841         2.76891         162.345  55
   24         12391.5         722.337         6516.56         21.3314         2.73112         148.243  57
   25         11402.5         672.947         5737.91         20.9568         2.68017         142.119  59
   26         11009.5         635.503         5625.38         20.6377         3.34687         130.897  61
   27           10493         641.815         5256.77         20.6618         2.35017         124.061  63
   28         10210.3         634.611         5015.74         20.5717         2.37809         122.762  65
   29         9748.14          615.16         4647.04          20.314         2.38827         120.339  67
   30         9543.08         596.944          4413.2         19.9867         2.71724         123.996  69
   31         9168.36         596.122         4297.79         19.9291         2.16936         111.907  71
   32         8893.35         592.492         4094.59         19.8379         2.19316         108.931  73
   33          8645.8         587.569         3900.95          19.681         2.09032         107.369  75
   34         8405.94         582.841         3600.86         19.4256         2.65005         111.334  77
   35         8128.12          582.33         3477.46         19.3081         2.07713         104.799  79
   36         8026.63         581.436         3431.64         19.2562          2.0587         102.338  81
   37         7923.86         580.305         3374.96         19.1646         2.03631          100.57  83
   38         7776.63         577.716         3265.11         18.9326         2.22209         99.8052  85
   39         7650.67         576.477         3208.57         18.8763         2.05259         96.8474  87
   40         7572.98          575.17         3152.29         18.8455         2.02234         96.0255  89
   41         7481.04          572.52         3095.03         18.7707         2.01879         94.8021  91
   42         7450.45         566.548         3049.91         18.5905         2.00566         96.7412  93
   43         7332.94           566.1         3018.47         18.5738         1.97538         92.5746  95
   44         7302.57         565.466         3001.07          18.552         1.96745         92.0741  97
   45         7256.75         562.666         2977.94         18.4709          1.9666         91.4861  99
   46         7229.09          557.28         2944.18         18.3364         2.04787         92.6511  101
   47         7176.03         555.338         2928.57         18.2896         1.97908          91.179  103
   48         7150.76         553.522         2909.61         18.2545         1.96488         91.1439  105
   49         7126.23         550.803          2891.9         18.2023         1.96684         91.1982  107
   50         7081.02          545.73         2864.59         18.1038         2.00041         91.0158  109
   51         7055.56         541.082         2852.18         18.0159         1.99394         91.0414  113
   52         7027.43         538.281         2847.65         17.9598         1.97535         90.3003  115
   53         7000.97         535.479         2843.35          17.902         1.97767         89.6193  117
   54         6971.17         530.895         2839.56         17.8041         1.99251         89.0231  119
   55         6949.66         525.574         2834.99         17.6843         2.13058         88.9029  121
   56         6925.86         524.994         2823.91         17.6719         2.02622         88.4623  123
   57         6907.51           523.5         2808.04         17.6377         2.02239         88.5872  125
   58         6892.88         521.424         2795.89         17.5883         2.04017         88.7963  127
   59          6876.9         514.587         2764.63         17.4158         2.21384         90.5919  129
   60         6846.62         512.417         2755.21          17.356         2.12742         90.0419  131
   61         6835.74         511.401         2749.09         17.3279         2.11324         90.0098  133
   62         6823.51         509.232         2742.15         17.2658         2.14186         90.1356  135
   63         6803.97         505.759          2733.7         17.1607         2.20579         90.2165  137
   64         6799.36         498.177         2725.81         16.9134         2.41446         91.7871  139
   65         6770.58         498.771         2719.16         16.9333         2.29524         90.6708  141
   66         6763.07         498.662         2715.03          16.932         2.29029         90.5189  143
   67         6750.62           497.1         2708.55         16.8784         2.31777         90.5388  145
   68         6738.37         493.372         2698.75         16.7481         2.43989         91.1316  147
   69         6723.87         491.046         2693.09          16.663         2.45068         91.2211  149
   70         6715.84         489.532         2687.53         16.6081         2.47254         91.4259  151
   71         6707.14         487.503         2682.43         16.5331         2.52379         91.6714  153
   72          6699.1         483.893         2679.77         16.3972         2.65597         92.1298  155
   73         6688.75         482.558          2678.3          16.347         2.66257         91.9964  157
   74         6680.83         481.332         2677.12         16.3024         2.68752         91.9196  159
   75         6672.38         479.574         2675.86         16.2373         2.73719         91.9237  161
   76         6665.78         474.616         2668.45         16.0568         3.07952         92.7721  163
   77         6650.86          473.67          2664.6         16.0177          2.9476         92.5931  165
   78         6642.99          472.36         2657.39         15.9677         2.96588         92.8579  167
   79         6636.68         470.468         2649.77         15.8968         3.03918         93.2994  169
   80         6624.92         467.464         2635.79         15.7837         3.18478         93.9805  171
   81         6617.73         464.343         2623.28         15.6701         3.33208         94.8227  175
   82         6606.67         461.727         2612.87         15.5604         3.39373         95.4076  177
   83         6598.68         460.122         2607.01          15.496         3.46319         95.6338  179
   84         6588.25         457.317         2602.17         15.3784         3.60006         95.9465  181
   85         6580.58          455.07         2600.17         15.2825         3.74906         96.1055  183
   86         6571.88         454.769         2598.23         15.2716         3.74051         95.8458  185
   87         6559.48         453.365         2594.37         15.2077         3.81737         95.7318  187
   88         6552.24         452.079         2591.23         15.1477          3.8925         95.8154  189
   89         6543.62         448.252         2581.81         14.9519         4.22011         96.6982  191
   90          6533.5         447.671         2575.14         14.9236         4.21998         96.6964  193
   91         6529.58         447.499          2571.3         14.9167         4.22553           96.73  195
   92         6524.55         446.741         2567.17         14.8752         4.28297          96.873  197
   93         6521.42         444.697         2563.11          14.758         4.51958          97.371  199
   94         6512.59         444.319         2560.54         14.7365         4.49835         97.2059  201
   95         6508.05         443.594         2558.13         14.6924          4.5555         97.2985  203
   96         6504.44         442.639         2556.43         14.6334          4.6501          97.452  205
   97         6498.71         441.201          2552.1         14.5449         4.82261         97.7236  207
   98         6495.41         439.409         2549.72         14.4309         4.98947         98.1703  209
   99          6492.4         439.679         2548.71         14.4571         4.93662         97.9779  211
  100         6489.78          439.69          2547.5         14.4663         4.91545         97.8826  213
  101          6485.8           439.2         2545.61          14.448          4.9344         97.8747  215
  102          6482.8         437.514         2542.79         14.3642          5.1088          98.195  217
  103         6477.59         436.986         2540.63         14.3388         5.10313         98.2017  219
  104         6475.49         436.464         2538.75         14.3098         5.14918         98.3154  221
  105         6473.82         435.811         2537.06         14.2746         5.21127         98.4629  223
  106         6471.03         434.807         2534.24         14.2252         5.30136          98.672  225
  107         6469.03         433.148         2531.03         14.1448         5.43253         99.0862  227
  108         6466.77         433.141         2530.06         14.1522         5.41066         99.0065  229
  109         6464.84         433.029         2529.12         14.1556         5.39817         98.9584  231
  110         6462.29         432.394         2527.53         14.1347         5.42054         99.0245  233
  111          6461.1          430.86         2525.51         14.0764         5.54381         99.3107  235
  112         6457.75          430.65          2524.1         14.0668         5.52038         99.2954  237
  113         6456.58         430.347         2522.97         14.0527          5.5442          99.356  239
  114         6455.12         429.711         2521.62         14.0243         5.59196         99.4766  241
  115         6453.26         428.575         2518.89         13.9745         5.69582         99.7211  243
  116         6451.05          427.66         2517.39         13.9346         5.74021         99.8865  245
  117         6449.76         427.228         2516.35         13.9181         5.76294         99.9556  247
  118         6448.34         426.658         2515.41         13.8952          5.7983         100.039  249
  119         6447.23         425.851         2514.66         13.8608          5.8677         100.164  251
  120         6445.84         425.709         2514.77         13.8557         5.86387         100.126  253
  121         6444.24         425.321          2515.3         13.8389         5.88899         100.097  255
  122         6442.94         424.864         2516.09         13.8189         5.92086         100.084  257
  123         6442.18         423.303         2519.79         13.7492         6.10217         100.106  259
  124         6439.28         423.232         2519.54         13.7459         6.04741         100.049  261
  125         6438.53         423.132         2519.51         13.7431         6.05076         100.028  263
  126         6437.55         422.761         2520.42         13.7273         6.08053         100.001  265
  127         6436.26          422.17         2521.87         13.7023         6.13562         99.9639  267
  128         6434.88         421.459         2523.97         13.6704         6.18517         99.9349  269
  129         6431.63         421.124         2522.09         13.6563         6.20842         99.9305  271
