    0          879850         2698.27          654621         222.531               0               0  1
    1          534966         2592.73          501649         25.5821         2.98445         254.141  7
    2          233602         2419.49          139982         30.9446          9.1845         3003.61  9
    3          158871         2241.17          100916          29.537        0.712381         1308.08  11
    4          135621         2216.76         98953.7         28.9171         1.92211         274.744  13
    5          127054         2182.73         90980.7         28.6537         1.90024         259.964  15
    6         95926.1         1977.51         51590.1         28.0513         1.84278         713.518  17
    7         77236.2         1836.91         33951.2         26.9719          1.4049         722.409  19
    8         66350.9         1676.83         23543.9         25.3976         2.87569         783.749  23
    9         57386.7         1595.17         20251.3         24.6118         1.90295          544.52  25
   10         55141.8          1600.4         18925.2         24.4123         1.88613         508.309  27
   11         51051.7         1452.99         17179.2         23.1011         2.65135         463.272  29
   12         48792.4         1410.03         16844.7         22.6173         2.18754         393.832  31
   13         46939.9         1350.62         16108.1         22.1186         2.35953         365.768  33
   14         41802.9          1155.1         13664.2         20.5053         3.16414         320.757  35
   15         37878.5          971.29         11288.4          18.757         4.97469         338.119  37
   16           34759         872.668         11640.6         17.2559         6.11905         243.374  39
   17         33072.3         885.726         10487.6         17.3068         5.71295         213.896  41
   18         31544.4         882.924         9210.21         17.1705         5.74926         208.291  43
   19         29481.1         860.809          7963.7         16.5794         6.40886         197.452  45
   20         27998.1         843.173         7422.47         15.6146         7.34431         198.549  49
   21         26154.7         845.542         7182.16         14.7475         8.51498         160.463  51
   22         24268.5         883.845         6376.69         13.6425           10.44         157.834  53
   23           23280         935.453          5800.5         12.8477         12.1322         172.686  55
   24         22164.3         940.424         5346.63         12.6727         12.2154          148.01  57
   25         21058.1         964.566         4773.58         12.3061         13.0317         137.662  59
   26         20004.2         1004.46         4395.02         11.7871         14.3364         126.546  61
   27         19556.2         1034.92         4201.29         11.4349         15.4206         128.835  65
   28         18831.3         1076.79         4059.34         11.0216          16.727         116.952  67
   29         18204.8         1125.06         3770.55         10.5841         18.4536         117.797  69
   30         17905.6         1152.74         3547.77          10.273         19.7839          126.82  71
   31         17543.7          1156.6         3439.87         10.1432          20.212         119.991  73
   32         17192.9         1155.04         3291.23         9.98587         20.7429         117.293  75
   33         16841.2          1166.5         3178.95         9.66424         22.0873         119.487  77
   34         16754.4         1190.64         3243.86         9.05053         25.4782          137.99  79
   35         16318.8         1192.35         3108.65         9.03408         25.1422         124.043  81
   36         16191.9         1196.04         3027.13         8.97255         25.4673         124.339  83
   37         16007.7         1204.85         2972.52          8.7474         26.7229         127.425  85
   38         15830.1         1215.04         2938.85          8.3162         29.5028         138.495  87
   39         15593.8         1218.93         2954.28         8.05078         31.0527         137.439  89
   40         15423.6         1217.72         2936.52         7.82101         32.6098         139.805  91
   41         15275.2          1214.4         2919.24         7.58728         34.3268         143.385  93
   42         15155.6         1206.61         2895.92         7.11744         38.4156         158.368  95
   43         14947.4          1201.2          2896.3         7.01679         39.0038         152.652  97
   44         14856.5         1196.92         2866.35         6.97689         39.2615         151.557  99
   45           14745         1188.64         2849.69          6.8457         40.3268         152.723  101
   46         14596.9         1172.71         2860.02         6.59103         42.7021         155.953  103
   47         14457.4          1155.1         2900.58         6.30056         45.4452          159.61  105
   48         14369.5         1150.13         2868.97         6.23556         46.1495         159.594  107
   49         14269.7         1139.48         2855.59         6.09832         47.6042         161.209  109
   50         14212.6         1128.33         2872.14          5.9535         49.2439         163.689  111
   51         14145.9         1122.07         2867.06         5.88321         50.0781         163.601  113
   52           14032         1104.62         2874.22         5.67617          52.707         166.145  115
   53         14001.3         1093.26         2884.78         5.54308         54.6349         169.374  117
   54         13950.9         1091.35          2870.3         5.53081         54.7749         168.147  119
   55         13891.1         1084.83         2857.94         5.46618         55.6598         168.449  121
   56         13866.1         1080.05         2857.76         5.42175         56.3177         169.011  123
   57         13827.4         1066.61         2851.47          5.3043         58.3828         171.868  125
   58         13788.3         1059.49         2858.35         5.25431         58.9693         171.836  127
   59         13774.1         1060.01         2847.79         5.27302          58.663             171  129
   60         13749.5         1057.86         2840.63         5.27627         58.4922         170.247  131
   61         13728.1         1053.24         2845.19         5.27084         58.5106         169.429  133
   62         13702.9          1047.2         2843.04         5.25188         58.6981         169.339  135
   63         13681.4         1039.98         2835.97         5.22592         59.1914         169.786  137
