    0     2.88262e+06         2698.27          654621         222.531               0               0  1
    1          760414         2516.78          503809          24.888         3.08478         257.342  7
    2          444633         1962.13          127327         26.5971         11.0389         2457.58  9
    3          356796         1654.04         85444.5         22.5211         9.12864          2215.2  11
    4          308363         1647.19           84119         21.4928         9.44612         373.984  13
    5          285594         1588.39         74257.6         20.4254         10.6471          264.05  15
    6          215424         1372.07         33123.9         15.9325          20.262         1059.91  17
    7          168638         1381.62           23676         12.2167         32.5612         1038.09  19
    8          146894         2075.08         23859.5          7.7151         89.4547         2100.96  21
    9         99723.6         2217.48         21581.8         6.36285         76.2204          538.57  23
   10         91640.7         2143.06         15701.8         6.22946         74.3185         500.741  25
   11         73316.5         2898.39         13258.3         4.15046         110.914         671.849  27
   12         60450.6         3326.38         14098.2         3.19978         134.817         416.593  29
   13         55744.8         3301.01         12663.4         2.97119         135.595         367.834  31
   14         48385.9         3185.87         10549.8         2.57299         147.827         298.187  33
   15         47717.7         3100.01         8438.02         2.47313         163.605         408.812  35
   16         44752.4         3049.93         7880.47         2.50907         155.982         280.579  37
   17         43629.1         3028.59          7303.5         2.45773         161.052         274.936  39
   18         42785.5         2995.76         6837.38         2.38823         169.893         283.606  41
   19         42130.7         2933.31         6490.14         2.29205         182.562          306.78  43
   20         41189.4          2865.2         6199.92         2.19638         195.589         312.433  45
   21         40169.5         2752.46         5754.72         2.06577         213.902         336.331  47
   22         39809.9         2649.24         5729.32         1.96769         229.418         358.304  49
   23         39341.6         2631.32         5688.02         1.95199          226.25          348.87  51
   24         39166.3         2620.62          5705.5         1.95129         222.583         343.781  53
   25         38897.9         2571.28         5736.29         1.93313         221.391         341.558  55
   26         38656.1         2454.97         5706.39         1.89399         228.109         349.634  57
   27         38307.9         2358.53         5670.63         1.86798         229.949         350.001  59
   28         38114.6         2310.31         5468.54         1.85228         235.587         355.057  61
   29         38013.2         2233.01         5214.18         1.83675         244.546         365.382  63
