    0     5.10793e+06         2698.27          654621         222.531               0               0  1
    1     1.00224e+06         2445.44          511982         24.1477         3.05054         240.015  7
    2          611738         1696.11          107432         22.6683         25.3595         2436.78  9
    3          495484         1790.06         69823.5         15.9506         44.9806         5197.95  11
    4          374162         1703.81         68377.7         14.5309         37.8602         635.211  13
    5          329660         1721.99         57748.9         13.1703         41.0201          298.07  15
    6          204948         2191.19         22125.9         7.69331         73.6578         1264.58  17
    7          145693         3047.63         18359.3         5.28655         109.507         818.247  19
    8          114784         4418.12         11024.9         3.82977         195.378         941.904  21
    9           91285         4538.74          9103.9         3.18132         175.119          525.68  23
   10         84803.5         4254.21         9018.11         2.99355         167.137         415.868  25
   11         76933.1         4019.69         11133.5         2.53109         177.594         380.312  27
   12         72591.5         3870.26         13379.1         2.19397         198.133         375.008  29
   13           69508         3946.87         13621.7         1.95562         241.029         400.325  33
   14         65134.7         3816.47         12868.4          1.7678         256.154         398.538  35
   15         62164.8         3747.37         10102.9         1.71593         273.994         425.804  37
   16           60632         3652.38         8099.06         1.70831         292.921         442.797  39
   17         59104.7         3586.61         7707.99          1.6862          282.72         421.581  41
   18         58154.1         3509.37         7295.38         1.66993         278.381         419.151  43
   19         57215.2         3371.39         7179.61         1.62917         282.749         421.293  45
   20         56653.9         3258.01         7274.05         1.58963         289.746         426.716  49
   21         55868.4         3074.47         7638.52         1.53483         299.147          423.79  51
   22         55350.7         2991.68         7752.38          1.4961         305.715         428.516  53
   23           55273         2876.44         8120.57         1.45609         317.877         439.834  55
   24         55088.8         2866.93         7889.32         1.46374         314.736         438.149  57
   25         54977.7         2868.77         7617.09         1.47517         312.302          437.12  59
   26         54795.2         2797.42         6951.69         1.50069          311.83         439.779  61
