    0     7.33324e+06         2698.27          654621         222.531               0               0  1
    1     1.23665e+06          2392.6          524502         23.5177         2.89782         208.376  7
    2          759075         2089.69         89017.6         20.1001         64.6108         3183.67  9
    3          430290         2617.36         68000.1         11.3124          78.049         937.041  13
    4          374768         2642.48         54895.5         9.98691         79.2406         801.894  15
    5          219383         3091.18         36746.8         4.86091         130.629         1555.28  17
    6          152102         4011.39         24188.6         3.61576          160.51         610.966  19
    7          129393         5029.55         12445.5         3.21936         206.561         560.321  21
    8          112159         4843.64         12689.7         2.73856           205.4         418.032  23
    9          104223         4668.58         13034.9         2.43851         217.533         450.671  25
   10         95428.3         4406.56         14493.1          2.0405         243.368         522.314  27
   11         87665.1         3921.23         16812.8         1.71408         298.004          477.44  29
   12         83232.3         3826.56         15427.9          1.6111         309.416         472.825  33
   13         81108.1         3752.37         13771.9         1.60914         304.322         461.157  35
   14           78472         3660.85         11084.9         1.60319         310.042          471.48  37
   15           76507         3573.68         8817.43         1.58767         330.168         494.126  39
   16         74150.9         3576.11         8446.98         1.53037         331.393          479.44  41
   17         72747.3          3583.3         8693.73         1.47186         332.731         482.992  43
   18         71636.9         3551.82         9521.19         1.39845         344.872          485.65  45
   19         70778.1         3492.12         9918.23         1.35807         346.646         484.628  49
   20         70406.5         3454.31         9969.93         1.35128         343.055         479.137  51
   21         70185.8         3348.43         9990.94          1.3498         340.553         477.065  53
