    0     9.55854e+06         2698.27          654621         222.531               0               0  1
    1     1.46582e+06         2356.99          538857         23.0273         2.69376         172.966  7
    2          996058         4164.41         76111.3         20.1377          148.79         5364.86  9
    3          454631          5024.7         56444.5         9.25722          146.76         996.884  13
    4          373434         3701.96         45735.6         7.60425          112.91         878.395  15
    5          266009         3247.14         54950.3         4.75467         129.908         751.329  17
    6          223741         3771.75         44378.9         3.71201         207.551         1147.97  21
    7          164323         4710.68         33476.2         2.80684         202.903         490.226  23
    8          142276         5131.25         22547.2         2.51797         249.497         444.434  25
    9          127138         5239.35         16347.4         2.26642         268.666         476.058  27
   10          110795         4786.03         16644.7         1.79487         325.659          552.81  29
   11          101843         4482.86         16492.2         1.54914         356.213         588.899  33
   12         97494.2         4162.38           17217         1.46449         347.787         528.975  35
   13           94985         3939.12           16641         1.43225         339.138         516.602  37
   14         92640.7         3750.83           13824         1.42917         352.515          542.43  39
   15         89550.2         3744.02         11787.4         1.41836         352.587         511.636  41
   16         87409.3          3823.1           11184         1.38075         353.244         505.364  43
   17         86261.1         3846.93           10733         1.35624         361.032         510.558  45
   18         85577.6         3773.95         10997.1          1.3293          369.16         512.558  47
   19         84635.2         3684.14         11276.4         1.30598         365.788         505.975  49
