    0          768585         2698.27          654621         222.531               0               0  1
    1          522214         2597.12          501679         25.6198          2.9755         253.427  7
    2          219716         2449.57          140473         31.2158         9.30384         3049.95  9
    3          144681         2285.21          101707         29.9714        0.672824         1284.44  11
    4          122114         2259.66         99618.5         29.3805         1.90967         275.349  13
    5          113796         2228.88         91678.2         29.1727         1.88474          263.23  15
    6         83822.1         2046.16         53199.6         28.8874         1.78946         704.845  17
    7         65609.3         1918.85         35142.4         28.0303         1.28173         725.362  19
    8         55329.4         1769.53         24299.2         26.6229         2.79637         794.665  23
    9         46575.3         1692.89         20645.5         25.9363         1.68319         561.755  25
   10         44470.8         1700.09         19429.7         25.7236         1.65867           522.3  27
   11         41268.5         1566.27         17602.7           24.69         2.35981         485.368  29
   12           39361         1537.25           17208         24.3902         1.75255         419.279  31
   13         37930.9         1488.55         16417.2         24.0775         1.79929         397.523  33
   14         33925.9         1308.56         13709.3         23.0506         2.11462         367.026  35
   15         30220.8          1109.5         11502.1         21.8933         2.75868         330.369  37
   16           29001         1036.37           11132         21.2071         3.16565         308.287  41
   17         27198.2         958.217         10680.8         20.6927         3.28978         257.349  43
   18         26027.1          912.35         10013.8         20.3072         3.44393         243.922  45
   19         24451.3         850.435         8889.07         19.7221         3.71519         238.823  47
   20         22536.9         776.881         8012.39         18.8092         4.04824         213.106  49
   21         21478.8         755.263         7444.66         18.3304         4.59811         201.084  53
   22         20077.1         750.667         6965.38         18.0978         3.99503         161.612  55
   23         18852.4         749.591         6401.46         17.8768         3.70722         134.441  57
   24         18009.5         737.832         5983.85         17.4945         4.03902         122.991  59
   25         16945.5         726.953         5505.41         16.8147         4.18588         111.106  61
   26         16284.6         726.335         4976.87         16.5643         4.30305         110.662  63
   27         15786.7         726.766         4707.16         16.3766         4.47275         103.749  65
   28         15489.7          727.75         4540.81         16.2096         4.55248         101.262  67
   29         14829.3         740.561         4241.89          15.468         5.18993         100.453  69
   30         14531.6         749.059         4108.55         15.1565           5.522         99.2646  73
   31         14294.6         750.685         3930.98         15.0901          5.6035         97.7901  75
   32         13772.1         766.881         3507.67         14.6467         6.33085         102.376  77
   33         13557.6             785         3424.35         14.2533         6.87202         104.207  79
   34         13334.6          785.24         3304.95         14.2097         6.88867          100.09  81
   35           13124         795.178         3211.11         13.9796         7.25036          99.145  83
   36           12975         814.583         3137.47         13.5688         8.06298         103.865  85
   37           12802         824.212         3106.64         13.3337         8.41625           101.8  87
   38         12660.9         833.178         3054.33         13.0921         8.86187         102.504  89
   39         12540.8         839.769         3006.63         12.8683         9.32238          103.69  91
   40         12376.2         847.559         2936.98         12.5199          10.134         106.452  93
   41           12248          847.94         2905.87         12.2846         10.6164         106.979  95
   42           12147          846.33         2883.25         12.1968         10.8046         105.147  97
   43         12082.4         844.274         2871.64         12.1187         10.9548           104.4  99
   44         11997.1         841.644         2877.18         11.9003         11.4398         104.967  101
   45         11905.2         838.073          2883.8         11.6118         12.1466         106.725  103
   46         11825.4         836.236         2850.32         11.4481         12.5767         108.161  105
   47         11739.8         832.326         2814.47         11.1635          13.375          112.19  107
   48         11680.7         828.695         2796.68         10.9799          13.906         114.361  109
   49           11622         825.783         2774.15         10.8726           14.22         115.068  111
   50         11503.5         812.824         2773.72         10.3496         15.8865         121.219  113
   51         11432.6         805.811         2788.55         9.99449         17.1559         124.892  115
   52         11373.4         806.617         2752.08         10.0661         16.8632         122.218  117
   53         11303.3         803.744         2728.61          9.9536         17.2513         122.457  119
   54         11240.8         798.413         2727.63         9.69626         18.2388         125.091  121
   55         11159.6         791.234         2716.36         9.32741         19.9079         129.509  123
   56           11080         784.556          2727.4         8.90628         21.7763         133.968  125
   57         11025.9         783.317         2706.15         8.89526         21.8086         132.631  127
   58         10948.4         779.977         2691.46         8.84169         21.9807         130.823  129
   59         10899.8         776.092         2693.85         8.69229         22.8318         131.352  131
   60           10833         773.003         2689.78         8.55475         23.4209         131.219  133
   61         10762.7          769.14         2679.99         8.32193         24.7349         132.893  135
   62         10749.7         767.898         2677.55          8.2578         25.1547         133.611  139
   63         10728.3          766.97         2672.33          8.1949         25.5206         134.059  141
   64         10691.6         764.623         2664.44          8.0606          26.416         135.198  143
   65         10674.2         762.266          2669.1         7.95428         27.1115         136.173  145
   66         10650.7         762.265         2657.62         7.97925         26.9194          135.14  147
   67         10630.3         761.636          2650.5         7.98706         26.8472         134.384  149
   68         10608.9         760.414         2649.75          7.9674         26.9517         133.799  151
   69         10588.9         755.969         2659.78         7.84769         27.8301         134.637  153
   70         10549.3         754.451          2663.6         7.80858         28.0826         133.266  155
   71         10537.2         753.727          2660.4         7.77851         28.3259         133.366  157
   72           10524         752.264         2660.26          7.7239         28.7743         133.704  159
   73         10504.8         750.145         2655.82         7.65869         29.3862         134.089  161
   74         10502.1         745.574         2660.09          7.5304         30.8492         135.714  163
   75         10476.8         746.096            2649         7.55942         30.3765         134.724  165
   76         10469.1         746.046         2643.25         7.56999         30.2793         134.463  167
   77         10457.5         745.184         2638.51         7.56348         30.3293         134.273  169
   78         10453.2         744.078         2635.92          7.5505         30.5461         134.349  173
   79           10442         742.571         2636.34          7.5208          30.776         134.357  175
   80         10433.1         740.873         2635.28         7.49136         31.0746         134.488  177
   81         10427.5         738.273         2634.39         7.44924         31.5701         134.942  179
   82         10420.3          737.43         2631.19          7.4409         31.6822         134.878  181
   83         10414.4          736.96         2627.67         7.43915         31.7004         134.809  183
   84         10407.3         736.003         2624.63         7.42996         31.7601         134.822  185
   85         10401.9         734.132         2621.34         7.41443          31.925         135.037  187
   86         10394.3         733.438         2618.92         7.40797           31.94         134.958  189
   87         10389.6         732.712         2615.74         7.40166         32.0074         135.008  191
   88           10385         731.511         2615.04         7.39137         32.0723         135.066  193
   89         10383.3         729.267         2619.29         7.37353         32.2462          135.15  195
   90         10377.4         728.998          2617.9         7.37382         32.1775         135.002  197
   91         10372.4         728.115         2618.24         7.36902          32.189         134.886  199
   92         10367.3         726.566         2622.04         7.35921         32.2091         134.748  201
   93         10361.9         723.284          2628.7         7.33962         32.3369         134.668  203
   94         10353.2         721.022         2632.26         7.32696         32.3036         134.519  205
   95         10345.9         718.765         2631.14         7.31577         32.3564         134.548  207
   96           10340         716.005         2630.94         7.30242         32.4052         134.685  209
   97         10338.6         712.424         2632.04         7.28618         32.5305         135.024  211
   98         10331.6         712.559         2629.39         7.28943         32.4373         134.811  213
   99         10326.4         711.726         2627.35         7.28688         32.4185         134.775  215
  100         10320.7         710.032         2627.62         7.27974         32.4004         134.761  217
  101           10312         705.945         2629.13         7.26241         32.4725         134.811  219
  102         10301.7         700.689         2635.45         7.24075         32.3958         134.863  221
  103         10293.6         698.225         2633.37         7.23121         32.4108         134.911  223
  104         10285.9         693.299         2631.17         7.21263         32.4748          135.28  225
  105           10280         690.474         2629.04          7.2028         32.5021         135.453  227
  106         10273.7         689.608         2623.26          7.2022         32.4853         135.502  229
  107         10263.8         680.079          2610.6         7.17245          32.866         136.478  231
  108         10259.1         676.174         2610.02         7.15736         32.8926         136.817  233
  109         10252.1         678.041         2607.52          7.1675         32.6906         136.451  235
  110         10248.5         676.589         2605.72         7.16204         32.7285         136.531  237
  111         10241.5         671.942         2603.07         7.14643         32.8741          136.79  239
  112         10237.2         666.456         2599.48         7.13108         33.1257         137.163  241
