    0     1.17838e+07         2698.27          654621         222.531               0               0  1
    1     1.69149e+06         2334.32          553079         22.6643         2.49025         140.649  7
    2     1.44565e+06         10264.9         64795.4         23.1805         296.792         10281.4  9
    3          787411         8898.61         25317.5         7.89771         411.287         17504.2  11
    4          385238         4673.94         47228.4          6.3259         138.326         713.698  13
    5          332720         4350.58         50815.1         5.34322         126.292         393.365  15
    6          227446         4530.71           60569         2.93411         190.764         591.274  17
    7          192760          6008.8         41549.2         2.47004         469.077          615.93  19
    8          159931         5484.23         28631.7         2.20927         274.769         492.814  21
    9          143833         5262.84         23240.4         1.97505         296.921         531.941  23
   10          131360         4804.13         18719.6         1.76657         389.652         585.755  25
   11          120949         4540.54         17736.6          1.5654         386.992         633.108  29
   12          115941         4327.66         17985.3          1.4951         372.084         571.572  31
   13          110424         4108.45         18149.5         1.39988         370.357         538.255  33
   14          107389         3964.33         17699.6         1.35502         365.529         533.155  35
   15          105061         3928.94           16605         1.33926         359.773         518.417  37
   16          103183         3979.76           14987         1.33876         354.103         509.817  39
   17          102551         3938.79         14252.3         1.33704         360.589          514.79  43
   18          101752         3806.25         13613.8         1.33133         368.797         519.479  45
   19          101288         3775.31         13580.6         1.32254         369.904         520.378  55
