    0     1.76997e+06         2698.27          654621         222.531               0               0  1
    1          636123         2558.08          501969         25.2755         3.04397         257.876  7
    2          336042         2197.16          135238         28.9003         9.05933         2696.18  9
    3          259232          1930.3         94277.1         26.2679         2.53823         1581.74  11
    4          228110         1915.76         92937.9          25.463         3.49256         293.558  13
    5          215381         1862.12         84342.3         24.8175           3.741         250.697  15
    6          170408         1557.27         41788.1         22.0315         5.99695         839.265  17
    7          142407         1372.09         27091.7         19.4955         8.25957         815.028  19
    8          135772         1146.29         23627.5         15.5169         26.4953         1644.16  21
    9          105305         1167.41         19149.9           14.93         16.2719         500.608  23
   10          100558         1172.54         15589.5          14.847         16.0314         462.033  25
   11         82478.8          1203.9           14399         11.1292         28.4994         533.002  27
   12         69789.4         1463.03         18007.5         8.22849         44.3787         414.442  29
   13         63998.7         1568.67         17776.9         7.31868          49.337          353.65  31
   14           57832         1754.91         16880.2         6.27886         58.3797         331.752  33
   15         49000.5         2355.86         14437.5          4.4924         85.4509         401.806  35
   16         42680.9         2365.81         10939.2         4.13781          89.888         344.454  37
   17         38970.1            2192         8423.07         4.37784         83.2656         240.025  39
   18         36729.1         2270.33         7403.09         4.12903         89.1504         231.374  41
   19         34904.8         2340.51         6476.26         3.88925          95.746         236.341  43
   20           33725         2552.31         5947.16         3.40986         114.169         294.644  45
   21           31715         2548.04         5458.18         3.30639         114.632         244.212  47
   22         31134.8         2540.33          5238.1         3.26146         114.657         237.797  49
   23         30322.6          2581.2         5063.58         3.08344         121.598         241.434  51
   24         29651.4         2607.67         4833.48         2.90312         130.215         254.521  55
   25         29016.9         2633.81         4610.76         2.77228         139.821         255.724  57
   26           28690         2622.03         4360.98         2.71981         144.468         260.927  59
   27         28445.2         2565.41         4157.17          2.6677         149.907         269.299  61
   28           28200          2519.8         4095.06         2.65378         150.394          265.42  63
   29         27987.6         2448.61         4081.18         2.63064         150.723         264.509  65
   30         27786.4         2347.08         4131.62         2.58717         152.698         265.894  67
   31         27762.4         2270.61         4158.91         2.57369         154.754         268.467  71
   32         27501.3         2149.91         4208.15          2.5064         158.362         272.202  73
   33         27382.6         2037.81         4179.57         2.46714         162.319         279.159  75
   34         27370.6         1942.77         4187.53         2.44232         165.327         286.108  77
   35         27294.9         1965.89          4132.5         2.45968         163.683         281.225  79
   36         27221.1         1968.86          4093.6         2.46283         162.754          279.47  81
   37         27139.6         1945.22         4055.81          2.4618         162.341         279.139  83
   38           27112         1845.57         4011.19         2.44899         164.577         285.937  85
   39         27056.8         1778.86         3997.02         2.44775         165.672         286.435  87
   40         27042.9          1741.7         3960.07         2.44324         167.489         288.759  89
