    0      2.3263e+06         2698.27          654621         222.531               0               0  1
    1          698566         2537.07          502688         25.0817         3.06928         258.342  7
    2          392849         2073.58          131541         27.7184         9.72777         2557.62  9
    3          311434         1774.25         89885.1         24.3588         5.15955            1849  11
    4          272871         1764.58         88618.3         23.4463          5.8581         326.186  13
    5          255713         1704.72         79401.7         22.5828         6.49618         255.284  15
    6          198935         1415.17         37246.1         18.8128         11.8659         947.009  17
    7          161817          1283.1         24885.4          15.554         18.1771         931.501  19
    8          146865         1404.87         24721.9         10.8833         53.1248         1902.58  21
    9          107310         1434.85           21323         9.77458         40.9449         521.188  23
   10         99818.8          1422.3         15573.4         9.63221         40.4313         488.645  25
   11         78359.4         1845.45         13896.5         6.70748         63.6703         551.898  27
   12         64972.5         2612.11         16878.5          4.4786         97.5076         497.113  29
   13         57781.3         2687.02         15672.4          3.9231         101.477         398.457  31
   14         52116.7          2756.6         13055.9         3.56024         108.134         371.986  33
   15         45050.3         2884.97           10804         2.98042         125.375         325.033  35
   16         43263.1         2801.95         9325.96         3.00147         124.972         306.235  39
   17           40820         2772.73         8035.49          2.9795         125.298         257.981  41
   18         39133.6         2742.46         7057.69         2.89604         130.511         250.144  43
   19         38255.2         2697.07         6590.89         2.85823         133.618         242.909  45
   20         37445.2         2652.63          6290.9         2.75805         141.282          249.53  47
   21         36397.8         2598.14         5928.79         2.60647         154.107          262.01  49
   22         35429.3         2567.05         5556.54         2.45792         165.983         277.583  51
   23         34950.9         2535.99         5285.97         2.35639         176.229         296.573  55
   24         34503.8         2508.78         5254.01         2.27098         183.942         301.493  57
   25         34289.4         2491.67         5188.83         2.25371         184.634          300.67  59
   26         33934.9         2398.76         5000.44         2.20083         191.545         309.932  61
   27         33711.8         2343.96         4892.48         2.16049         197.731         315.856  63
   28         33548.5         2314.99         4765.99          2.1424          200.84         319.137  65
   29         33417.4         2223.26         4581.42         2.08933         212.621         334.516  67
   30         33367.5         2164.08         4544.28         2.05493         218.646         343.712  69
   31         33268.5         2159.11         4518.67         2.05371         218.078         341.316  71
   32         33155.4         2116.15         4516.82         2.03467         219.563         343.554  73
   33         33124.3         2075.37         4525.06         2.02247         221.255         346.514  75
   34         33072.3         1991.87         4599.86         2.01068         221.291         348.734  77
