    0      1.4731e+06      1.4731e+06               0  1
    1      1.1922e+06     1.19173e+06          47.298  7
    2          452429          394042          5838.7  9
    3          361419          358081         333.788  13
    4          343112          340407         270.523  15
    5          245870          233873         1199.72  17
    6          220831          203241         1758.98  21
    7          171053          155165         1588.81  23
    8         99454.9         77823.6         2163.13  27
    9         84449.9           72472         1197.78  31
   10         74921.6         65584.7         933.685  33
   11         69145.4           59426         971.938  35
   12         57494.7         46256.7          1123.8  37
   13           51704         38029.2         1367.48  39
   14         46240.3         35915.5         1032.49  41
   15         42562.2         32763.6         979.857  43
   16         40307.8         30314.8           999.3  45
   17         36598.4         24733.3         1186.51  47
   18         33491.5         23085.8         1040.57  49
   19         31839.9         22493.9         934.594  51
   20         30377.7         21347.5         903.023  53
   21         28608.6         19989.7         861.895  55
   22         27997.2         18504.2         949.305  57
   23         26561.2           18170         839.117  59
   24         25750.6         17599.3         815.133  61
   25         25085.1           17089         799.605  63
   26         23791.8         16258.7         753.315  65
   27         23446.9         15998.7         744.824  67
   28         21926.4         15491.1         643.534  69
   29         21560.5           15264         629.645  71
   30         20923.4         15001.1         592.227  73
   31         20328.8           14332         599.675  75
   32         19150.8         14139.3         501.156  77
   33         18290.6           13591         469.962  79
   34         17628.8         13094.5         453.432  81
   35         16460.9         12229.5         423.137  83
   36         15892.8         11776.3         411.643  87
   37           15104         11440.7         366.324  89
   38         14489.9           11106         338.387  91
   39         13774.9         10717.5         305.743  93
   40         13112.6         10180.2         293.236  95
   41         12626.3         9977.45         264.883  97
   42         12258.4         9683.92         257.448  99
   43         11899.2         9423.71         247.551  101
   44         11766.8          9246.2         252.057  103
   45         11249.2         8966.77          228.24  105
   46         10968.7         8767.75         220.095  107
   47         10589.1         8466.64         212.251  109
   48         10398.5         8179.15         221.933  111
   49         10029.1         7982.11         204.698  113
   50         9844.38         7817.74         202.665  115
   51         9637.95         7612.72         202.523  117
   52         9368.59         7319.12         204.946  119
   53         9121.22         7085.05         203.617  121
   54         8941.27          7001.1         194.017  123
   55         8707.83         6854.11         185.373  125
   56         8485.78         6643.95         184.184  127
   57         8269.95         6459.01         181.093  129
   58         8127.04         6342.33         178.471  131
   59         7968.33         6220.44         174.789  133
   60         7781.04         6064.15         171.689  135
   61         7568.47          5883.6         168.487  137
   62         7381.87          5598.4         178.346  139
   63         7251.23         5517.41         173.382  141
   64         7187.92         5475.54         171.238  143
   65          7089.7         5383.81         170.589  145
   66         7037.44         5283.28         175.417  147
   67         6959.03         5229.31         172.972  149
   68         6886.57         5147.76         173.881  151
   69          6820.8         5073.81         174.699  153
   70         6680.67         4924.24         175.643  155
   71         6618.37         4844.52         177.385  159
   72         6521.69         4763.52         175.817  161
   73          6449.8         4713.45         173.635  163
   74         6396.71         4674.43         172.228  165
   75         6330.59         4633.86         169.673  167
   76         6255.76         4589.74         166.602  169
   77         6188.74         4542.04          164.67  171
   78         6127.44         4511.96         161.547  173
   79         6075.24         4481.66         159.358  175
   80         6018.86         4446.47         157.239  177
   81         6001.36         4418.91         158.245  179
   82         5941.72         4395.45         154.627  181
   83         5921.59         4379.64         154.194  183
   84         5884.37         4351.48          153.29  185
   85         5842.08         4311.56         153.052  187
   86         5797.09         4281.03         151.606  189
   87         5761.86         4254.23         150.763  191
   88         5725.76         4222.92         150.284  193
   89         5694.78         4198.97          149.58  195
   90         5662.43         4182.67         147.976  197
   91         5627.31         4161.96         146.534  199
   92          5605.4         4150.58         145.481  201
   93         5581.52         4136.09         144.543  203
   94         5551.93          4112.5         143.943  205
   95         5529.57         4090.43         143.914  207
   96         5500.92         4064.21         143.671  209
   97         5481.13         4045.95         143.518  211
   98         5460.67         4034.23         142.644  213
   99         5437.44         4024.39         141.304  215
  100         5412.55         4009.59         140.296  217
  101         5382.04         3984.96         139.708  219
  102         5359.62         3962.24         139.738  221
  103         5345.11         3944.47         140.064  223
  104         5331.94         3932.87         139.907  225
  105         5315.38         3921.73         139.366  227
  106         5299.01         3911.43         138.758  229
  107         5280.99         3896.19          138.48  231
  108         5260.98         3881.19         137.979  233
  109         5243.84         3860.65         138.318  235
  110         5231.05         3847.93         138.312  237
  111         5220.39         3837.46         138.293  239
  112         5203.84         3818.05         138.579  241
  113         5195.21         3804.57         139.064  245
  114         5186.88         3796.97          138.99  247
  115         5171.15         3778.63         139.252  249
  116         5162.55         3761.88         140.067  251
  117          5150.9         3754.54         139.635  253
  118         5140.71          3747.8         139.291  255
  119         5130.42         3739.81         139.061  257
  120         5128.22          3725.1         140.312  259
  121          5108.9         3718.12         139.078  261
  122         5102.74         3712.98         138.976  263
  123         5094.91         3704.06         139.086  265
  124         5085.13         3694.47         139.066  267
  125         5075.53         3683.17         139.236  269
  126          5067.6         3679.37         138.823  271
  127         5055.89         3674.11         138.178  273
  128         5048.03         3669.54         137.849  275
  129         5038.67         3660.56         137.811  277
  130         5032.15         3656.32         137.583  279
  131         5026.26         3652.12         137.414  281
  132         5021.63         3648.46         137.318  283
  133         5016.18          3644.4         137.178  285
  134          5010.1          3637.5          137.26  287
  135         5004.33         3631.19         137.313  289
  136         4999.56         3626.57         137.299  291
  137         4997.02         3622.68         137.435  293
  138         4994.09         3620.85         137.325  295
  139         4989.32         3618.31         137.101  297
  140         4984.49          3614.9         136.959  299
  141         4983.04         3607.89         137.514  301
  142         4973.72         3604.41         136.931  303
  143         4971.23         3603.07         136.816  305
  144         4967.57         3601.01         136.656  307
  145         4963.22         3597.42          136.58  309
  146         4958.21         3594.88         136.333  311
  147         4954.62         3592.52         136.211  313
  148          4951.6         3591.23         136.037  315
  149         4948.27         3589.56         135.871  317
  150         4943.95         3588.36         135.559  319
  151         4940.14         3587.59         135.254  321
  152         4936.95          3586.9         135.005  323
  153         4932.99         3585.75         134.724  325
  154         4929.62         3584.79         134.483  327
  155         4925.78         3583.16         134.262  329
  156         4922.65         3581.91         134.074  331
  157         4920.53         3580.64         133.989  333
  158         4918.66         3580.32         133.833  335
  159         4915.24         3580.65         133.459  337
  160          4913.2         3580.75         133.245  339
  161          4910.7         3580.24         133.046  341
  162         4906.79         3578.93         132.787  343
  163         4904.62          3577.5         132.713  345
  164         4902.07         3576.52         132.555  347
  165         4900.26         3574.77         132.549  349
  166         4898.22         3574.16         132.406  351
  167         4895.17         3573.52         132.166  353
  168         4892.59         3572.75         131.985  355
  169         4889.69          3571.2         131.849  357
  170         4886.74         3569.57         131.717  359
  171         4885.04         3568.44          131.66  361
  172         4883.18         3567.55         131.563  363
  173         4881.17          3567.3         131.387  365
  174         4879.75         3566.42         131.333  367
  175          4878.3          3565.8          131.25  369
  176         4875.03         3563.62         131.141  371
  177         4873.47         3563.08          131.04  373
  178         4871.98         3562.04         130.993  375
  179         4870.65         3560.96         130.969  377
  180          4869.6          3560.3          130.93  379
  181         4867.58         3558.73         130.885  381
  182         4865.79         3558.16         130.763  383
  183         4863.81         3557.26         130.654  385
  184         4862.06         3556.79         130.526  387
  185         4860.44         3556.17         130.427  389
  186         4859.92         3556.43         130.348  391
  187         4856.76         3554.21         130.255  393
  188         4855.89         3553.22         130.268  395
  189         4854.95         3552.17         130.278  397
  190         4853.43         3550.77         130.266  399
  191         4851.61         3549.64         130.198  401
  192         4850.11         3548.96         130.115  403
  193         4848.15         3548.23         129.992  405
  194         4846.54         3547.32         129.922  407
  195         4844.47         3546.21         129.826  409
  196         4842.54         3544.35         129.819  411
  197         4840.86         3542.25         129.861  413
  198         4839.26         3540.51         129.875  415
  199         4838.02         3539.52         129.851  417
  200         4836.06         3538.03         129.803  419
  201         4835.32          3537.2         129.812  421
  202         4833.48         3536.28          129.72  423
  203         4831.58         3534.77         129.681  425
  204          4830.2         3533.25         129.695  427
  205         4828.18         3530.28          129.79  429
  206         4826.01         3525.89         130.012  431
  207         4824.52         3524.56         129.996  433
  208         4822.71         3523.02         129.969  435
  209         4821.51         3520.78         130.073  437
  210         4819.91         3519.09         130.082  439
  211         4817.44         3515.65         130.179  441
  212          4815.5         3512.15         130.335  443
  213         4814.05         3508.11         130.595  445
  214         4812.63         3507.32         130.532  447
  215         4811.95         3506.86         130.509  455
  216         4810.59         3505.12         130.547  457
  217         4810.11         3504.25         130.586  459
  218          4808.7         3502.78         130.592  461
  219         4807.41         3500.62         130.679  463
  220          4806.3          3498.4          130.79  465
  221         4804.23         3495.14          130.91  467
  222         4802.69         3490.86         131.183  471
  223         4800.91         3488.75         131.216  473
  224         4799.99         3488.31         131.168  475
  225         4798.74         3487.99         131.076  477
  226         4797.68         3488.37         130.931  479
  227         4796.43          3487.7         130.873  481
  228         4794.77         3486.85         130.792  483
  229         4793.66         3486.94         130.672  485
  230          4792.2         3486.57         130.563  487
  231          4790.4         3486.38         130.402  489
  232         4789.51          3486.1         130.341  491
  233         4788.34         3485.41         130.294  493
  234         4787.59         3485.13         130.245  497
  235         4786.54         3484.03         130.251  499
  236         4785.49         3482.58         130.291  501
  237          4784.3         3481.11         130.319  503
  238         4783.96         3478.39         130.557  505
  239         4782.21         3478.43         130.378  507
  240         4781.33          3478.3         130.303  509
  241            4780         3477.52         130.248  511
  242         4777.88         3475.52         130.236  513
  243         4776.94          3473.8         130.314  517
  244         4775.65            3472         130.366  519
  245            4775         3471.18         130.382  521
  246         4773.77         3469.93         130.384  523
  247         4772.25         3467.94         130.431  525
  248         4770.36         3465.95         130.441  527
  249         4769.02         3464.58         130.444  529
  250         4768.01         3463.21          130.48  531
  251         4767.01         3462.05         130.496  533
  252         4765.53         3460.26         130.527  535
  253         4763.23         3457.17         130.606  537
  254         4762.53         3453.89         130.864  539
  255         4760.85         3453.93         130.692  541
  256         4760.01         3453.87         130.613  543
  257         4758.88         3453.33         130.555  545
  258         4757.74         3451.92         130.582  547
  259         4756.11         3450.33         130.578  549
  260         4754.48         3447.63         130.685  551
  261         4753.08            3445         130.808  553
  262         4751.76         3439.31         131.245  555
  263         4749.41         3437.57         131.184  557
  264         4748.16         3437.01         131.115  559
  265         4746.81         3436.04         131.077  561
  266         4743.39         3432.87         131.052  563
  267         4739.67         3422.37          131.73  565
  268         4735.21         3415.78         131.943  567
  269         4732.75         3414.08         131.867  569
  270         4729.77         3408.19         132.158  571
  271         4727.77         3400.76         132.701  573
  272         4724.68         3396.24         132.844  575
  273         4720.03          3384.9         133.513  577
  274         4717.39         3378.57         133.882  579
  275         4715.29         3360.01         135.528  581
  276         4708.64         3358.86         134.978  583
  277         4706.58         3360.11         134.647  585
  278         4703.15         3357.88         134.527  587
  279         4700.65         3351.28         134.937  591
  280          4696.9         3346.43         135.047  593
  281         4692.58         3337.79         135.479  595
  282         4690.42         3331.67         135.874  597
  283         4688.07         3328.68         135.939  599
  284         4684.98         3325.47         135.951  601
  285         4681.94         3321.56         136.038  603
  286          4678.4         3316.28         136.213  605
  287         4675.53         3313.88         136.166  607
  288         4673.85         3313.12         136.073  609
  289         4671.76         3312.16         135.959  611
  290         4669.59         3308.73         136.086  613
  291         4666.07          3302.1         136.397  615
  292         4663.49         3293.28         137.022  617
  293         4660.33         3289.78         137.055  619
  294         4658.49         3288.15         137.034  621
  295         4656.24         3285.74          137.05  623
  296         4654.95         3280.09         137.486  625
  297          4652.1         3279.97         137.213  627
  298          4650.3         3279.28         137.101  629
  299         4648.31         3277.84         137.047  631
  300          4645.8         3272.46         137.334  633
  301         4642.39         3268.86         137.353  635
  302         4639.71         3264.78         137.494  637
  303         4637.28         3259.99         137.729  639
  304         4636.01         3255.06         138.095  641
  305         4632.91         3253.46         137.945  643
  306         4630.35         3251.56         137.879  645
  307         4627.63         3249.19         137.844  647
  308         4623.95         3243.19         138.076  649
  309          4619.8         3238.41         138.139  651
  310         4617.12         3235.56         138.156  653
  311         4613.83         3232.62         138.121  655
  312         4610.98         3226.37         138.461  657
  313         4607.51         3223.83         138.368  659
  314         4602.87         3219.07          138.38  661
  315         4600.02         3215.13         138.489  663
  316         4595.51         3208.23         138.728  665
  317         4591.09         3199.98         139.111  667
  318         4587.17         3191.81         139.536  669
  319         4584.67         3191.12         139.355  671
  320         4581.15         3190.15           139.1  673
  321         4578.02         3185.83         139.219  675
  322         4574.13            3183         139.113  677
  323         4570.51         3178.27         139.225  679
  324         4567.09         3172.66         139.442  681
  325         4563.02         3165.36         139.767  683
  326          4559.7         3161.58         139.812  685
  327          4556.8         3159.23         139.757  687
  328         4553.76          3157.8         139.596  689
  329         4549.97         3154.51         139.546  691
  330         4545.75         3152.01         139.374  693
  331         4542.22         3148.86         139.336  695
  332         4539.31         3144.55         139.476  697
  333         4536.42         3141.31         139.511  699
  334         4533.86         3138.13         139.573  701
  335         4530.95         3135.12         139.583  703
  336         4529.21         3131.51          139.77  705
  337         4527.19         3131.08         139.611  707
  338         4523.99         3129.34         139.466  709
  339         4521.56         3127.06          139.45  711
  340         4519.03         3122.53          139.65  713
  341         4515.34         3118.99         139.635  715
  342         4513.09         3117.01         139.608  717
  343         4509.97         3113.22         139.675  719
  344         4508.91         3109.44         139.947  721
  345         4505.24         3106.94         139.829  723
  346         4503.36          3104.9         139.846  725
  347         4500.76         3101.02         139.975  727
  348         4498.48         3096.04         140.244  729
  349         4495.64         3092.12         140.352  731
  350         4493.89         3089.98         140.391  733
  351         4491.69            3087          140.47  735
  352         4490.06         3081.76         140.829  737
  353         4486.97         3080.79         140.618  739
  354         4484.69         3079.92         140.477  741
  355         4482.37         3078.41         140.396  743
  356         4477.82         3075.12          140.27  745
  357         4474.73         3071.07         140.366  749
  358         4471.24         3067.67         140.357  751
  359         4468.34         3064.25         140.409  753
  360         4465.94         3061.23         140.471  755
  361         4462.69         3056.54         140.615  757
  362         4459.02         3052.43          140.66  759
  363         4455.16          3047.2         140.796  761
  364         4452.17         3044.34         140.784  763
  365         4449.87         3042.47          140.74  765
  366          4446.5         3039.59         140.691  767
  367         4442.93         3033.53          140.94  769
  368         4439.42         3028.79         141.063  771
  369         4436.47         3023.82         141.265  773
  370         4434.57          3020.4         141.417  775
  371         4431.16         3014.68         141.648  777
  372         4428.21         3011.54         141.667  779
  373         4425.09          3009.1         141.599  781
  374         4421.62         3007.36         141.426  783
  375         4419.15          3007.4         141.175  785
  376         4415.88         3006.01         140.987  787
  377         4412.15         3005.03         140.712  789
  378         4409.33         3003.73         140.559  791
  379         4405.86         3003.61         140.224  793
  380         4402.87            3001         140.187  795
  381         4399.31         2998.21          140.11  797
  382         4396.21         2996.64         139.957  799
  383         4392.82         2994.03         139.879  801
  384         4389.85          2992.7         139.715  803
  385         4387.38         2991.72         139.566  805
  386         4385.41         2989.23         139.618  807
  387         4383.51         2988.72         139.479  809
  388         4381.27         2986.97          139.43  811
  389         4379.56         2984.66          139.49  813
  390         4377.89         2983.55         139.435  815
  391         4375.77         2981.89         139.388  817
  392         4374.12         2980.44         139.369  819
  393         4372.24         2980.75         139.149  821
  394         4370.82         2979.73          139.11  823
  395         4369.14         2979.97         138.917  825
  396         4367.19         2981.32         138.587  827
  397          4365.4          2982.4           138.3  829
  398         4363.39         2981.94         138.144  831
  399         4361.33         2980.82         138.052  833
  400         4360.31         2980.67         137.964  835
  401         4359.15          2980.1         137.905  837
  402         4356.98         2979.37         137.761  839
  403         4355.41         2978.64         137.677  841
  404         4353.66         2977.99         137.567  843
  405         4352.26         2975.87         137.639  847
  406         4350.67         2975.26         137.542  849
  407         4349.91          2974.5         137.541  851
  408         4347.83         2971.88         137.595  853
  409         4346.02         2968.73         137.729  855
  410         4344.32         2966.91         137.741  857
  411         4342.03         2963.88         137.814  859
  412         4340.78          2962.3         137.848  861
  413         4339.55         2961.07         137.848  863
  414         4338.08         2959.29         137.879  865
  415         4336.82         2958.63         137.819  867
  416         4335.49         2957.57         137.792  869
  417          4332.6          2955.3          137.73  871
  418         4331.21         2951.78         137.943  873
  419         4329.73         2952.24          137.75  875
  420         4328.92         2952.04         137.687  877
  421         4327.76         2951.58         137.618  879
  422         4326.66         2949.95         137.671  881
  423         4325.18         2949.09          137.61  883
  424         4323.58         2947.96         137.561  885
  425         4321.97         2946.53         137.544  887
  426         4320.75         2946.14         137.462  889
  427          4319.8         2945.85         137.395  891
  428         4318.01         2945.55         137.246  893
  429         4316.81         2946.02         137.079  895
  430         4315.48         2944.63         137.086  897
  431         4314.48         2943.31         137.117  899
  432         4313.74         2942.52         137.121  901
  433         4312.29          2940.6         137.168  903
  434         4311.34         2939.54          137.18  905
  435         4310.04         2938.79         137.125  907
  436         4308.79         2938.06         137.073  909
  437         4307.71         2937.16         137.055  911
  438         4306.64         2935.82         137.082  913
  439         4304.89         2933.95         137.094  915
  440         4304.32         2933.56         137.076  917
  441         4303.25         2932.72         137.053  919
  442         4302.56         2930.83         137.173  921
  443         4301.34         2930.08         137.126  923
  444         4300.39         2928.95         137.143  925
  445         4299.61         2927.77         137.183  927
  446         4299.02         2926.33         137.268  929
  447         4297.53         2924.99         137.254  931
  448         4296.74         2924.48         137.226  933
  449         4295.75         2924.15          137.16  935
  450         4294.41         2923.43         137.098  937
  451         4292.86         2923.06          136.98  939
  452         4291.96         2922.73         136.924  941
  453         4291.09         2922.92         136.817  943
  454         4290.42         2922.99         136.743  945
  455         4289.47         2923.15         136.632  947
  456         4287.22         2923.34         136.388  949
  457         4286.58         2923.34         136.324  953
  458         4285.78         2922.87         136.291  955
  459         4284.56         2922.09         136.247  957
  460         4283.84         2920.48         136.335  959
  461         4282.96         2920.09         136.287  961
  462         4281.95          2919.4         136.255  963
  463         4280.99          2918.6          136.24  965
  464          4279.4         2917.29         136.211  967
  465         4278.08         2915.42         136.265  969
  466         4277.32         2915.44         136.188  971
  467         4276.25         2915.84         136.041  973
  468         4275.48         2916.23         135.925  975
  469         4274.48         2915.76         135.872  977
  470         4272.95          2915.1         135.785  979
  471          4272.1         2914.08         135.802  981
  472         4270.99         2913.73         135.726  983
  473         4268.58         2913.37         135.521  985
  474         4267.85         2913.23         135.462  987
  475         4266.84         2913.16         135.369  989
  476         4265.83         2913.16         135.267  991
  477         4264.92         2913.43         135.149  993
  478         4262.78         2913.47         134.931  995
  479         4261.12         2914.88         134.624  997
  480         4259.23         2913.04         134.619  999
  481         4258.17         2911.98         134.619  1001
  482         4257.08         2911.02         134.606  1003
  483         4256.55         2907.96         134.859  1005
  484         4253.67         2906.99         134.668  1007
  485         4252.53         2905.79         134.673  1009
  486         4251.23         2903.75         134.749  1011
  487         4249.25         2900.98         134.827  1013
  488         4248.43         2897.23          135.12  1015
  489         4245.94         2896.76         134.919  1017
  490         4244.96         2896.79         134.816  1019
  491         4243.15         2896.31         134.684  1021
  492         4241.11          2893.8         134.731  1023
  493         4238.19          2891.8          134.64  1025
  494         4236.09         2888.91         134.717  1027
  495          4234.7         2886.88         134.782  1029
  496         4232.59         2884.57         134.801  1031
  497         4230.65         2881.92         134.873  1033
  498         4229.05         2881.91         134.714  1035
  499         4226.38         2881.12         134.527  1037
  500         4224.36         2880.16          134.42  1039
  501         4221.85         2877.01         134.484  1041
  502         4219.57         2873.17          134.64  1043
  503         4217.89         2870.43         134.746  1045
  504         4215.78         2867.23         134.855  1047
  505         4213.82         2865.32          134.85  1049
  506         4211.62         2862.93         134.869  1051
  507         4209.18         2859.79          134.94  1053
  508          4207.3         2853.67         135.363  1055
  509         4204.89         2851.62         135.327  1057
  510         4203.31          2849.9         135.341  1059
  511         4200.93         2845.23         135.569  1061
  512         4199.81         2838.76         136.105  1063
  513         4197.83          2837.8         136.003  1065
  514         4196.75         2835.95          136.08  1067
  515         4195.21         2832.44         136.277  1069
  516         4193.36         2825.37         136.799  1071
  517         4191.06         2820.97         137.009  1073
  518         4189.63         2819.34         137.029  1075
  519         4187.98          2816.7         137.129  1077
  520         4186.92         2814.88         137.203  1079
  521         4185.25         2813.22         137.203  1081
  522         4183.37         2810.43         137.294  1083
  523         4181.88         2807.95         137.393  1085
  524         4179.82         2802.33         137.749  1087
  525         4177.63         2798.65         137.897  1089
  526         4176.72          2798.6         137.812  1091
  527         4175.59         2797.97         137.763  1093
  528         4174.55         2796.12         137.843  1095
  529         4173.03         2793.63          137.94  1097
  530         4171.13         2789.96         138.116  1099
  531         4170.76         2783.34         138.742  1101
  532         4168.27          2783.7         138.457  1103
  533         4167.47         2783.75         138.372  1105
  534         4166.15         2782.78         138.337  1107
  535         4165.01         2781.42         138.359  1109
  536         4163.49         2779.23         138.426  1111
  537         4162.29         2776.72         138.556  1113
  538         4161.31         2774.66         138.664  1115
  539         4159.94         2771.38         138.856  1117
  540          4158.3         2769.23         138.907  1119
  541         4157.07         2768.52         138.855  1121
  542         4155.52         2767.78         138.775  1123
  543         4154.96          2766.7         138.826  1125
  544         4153.13         2765.78         138.736  1127
  545         4151.91         2764.72          138.72  1129
  546         4150.68         2763.37          138.73  1131
  547         4149.01         2761.34         138.767  1133
  548         4148.11          2758.3         138.982  1135
  549         4146.64         2758.13         138.851  1137
  550          4145.7         2757.73         138.797  1139
  551         4144.16         2756.48         138.768  1141
  552         4141.99         2753.16         138.883  1143
  553         4139.81         2749.65         139.015  1145
  554         4138.56         2747.74         139.082  1147
  555         4137.23         2745.58         139.165  1149
  556         4136.37         2743.62         139.276  1151
  557         4135.27         2742.81         139.245  1153
  558         4133.55         2741.33         139.222  1155
  559         4132.12         2740.35         139.177  1157
  560         4130.08         2738.04         139.204  1159
  561         4128.37         2736.94         139.143  1161
  562         4126.95         2736.44          139.05  1163
  563         4125.99         2736.16         138.984  1165
  564         4124.76         2735.56          138.92  1167
  565         4123.12         2733.73         138.939  1169
  566         4121.49         2732.27         138.922  1171
  567         4120.24         2730.68         138.956  1173
  568         4118.68         2728.16         139.052  1175
  569         4118.09         2725.74         139.235  1177
  570         4116.81         2725.22          139.16  1179
  571         4116.12         2724.61          139.15  1181
  572         4115.02         2723.14         139.187  1183
  573          4113.6         2719.97         139.363  1185
  574         4111.94         2717.07         139.486  1187
  575         4110.63         2715.19         139.545  1189
  576         4108.64         2711.81         139.683  1191
  577         4108.37         2708.46         139.992  1193
  578         4106.69         2708.35         139.834  1195
  579         4105.87         2707.93         139.794  1197
  580         4104.89         2706.97         139.792  1199
  581          4103.3         2704.98         139.831  1201
  582         4102.18         2703.42         139.876  1205
  583          4100.4         2700.31          140.01  1207
  584         4099.43         2698.73          140.07  1209
  585         4098.52          2697.6         140.092  1211
  586         4097.72         2696.84         140.088  1213
  587         4096.74         2696.69         140.006  1215
  588         4094.52         2695.14         139.938  1217
  589         4093.23         2694.73         139.851  1219
  590         4092.33         2693.68         139.865  1221
  591         4091.54          2692.7         139.885  1223
  592         4090.68         2691.62         139.906  1225
  593         4089.55         2690.03         139.952  1227
  594         4088.32         2688.93         139.939  1229
  595         4087.55         2688.21         139.933  1231
  596         4086.26         2687.22         139.904  1233
  597         4085.77         2686.07         139.971  1235
  598         4084.61         2685.67         139.895  1237
  599         4083.83         2685.34         139.849  1239
  600          4082.9         2684.89         139.801  1241
  601         4081.78         2683.83         139.795  1243
  602         4080.49         2682.42         139.807  1245
  603         4079.57          2681.9         139.767  1247
  604         4078.58         2681.11         139.747  1249
  605          4077.8         2680.96         139.684  1251
  606         4076.69         2680.21         139.648  1253
  607         4075.47         2677.97          139.75  1255
  608         4074.34         2676.95         139.739  1257
  609         4073.84         2676.59         139.724  1259
  610         4073.18         2675.89         139.729  1261
  611         4072.63          2675.1         139.752  1263
  612         4071.61         2674.08         139.752  1265
  613         4070.62         2672.59         139.803  1267
  614         4070.04         2671.53          139.85  1269
  615         4068.62          2669.7         139.892  1271
  616         4067.84         2667.86         139.999  1275
  617         4066.98         2667.43         139.955  1277
  618         4066.17         2667.27          139.89  1279
  619         4065.52         2666.92          139.86  1281
  620         4064.83          2666.9         139.793  1283
  621         4064.17         2666.88         139.729  1285
  622         4063.39         2666.83         139.656  1287
  623          4062.6         2667.22         139.538  1289
  624         4061.44          2667.2         139.425  1291
  625         4060.89         2667.48         139.341  1293
  626         4059.99         2666.97         139.301  1295
  627         4059.62         2666.66         139.296  1297
  628            4059         2666.34         139.265  1299
  629          4058.1         2666.52         139.158  1301
  630         4057.06         2666.26          139.08  1303
  631         4055.94         2666.15         138.979  1305
  632         4054.86         2666.09         138.877  1307
  633         4054.18         2665.93         138.825  1311
  634          4053.2          2665.7          138.75  1313
  635         4052.25         2665.47         138.679  1315
  636         4051.22         2664.51          138.67  1317
  637         4049.99         2663.99           138.6  1319
  638         4048.77         2663.15         138.563  1321
  639         4048.23         2662.09         138.614  1323
  640         4046.73         2661.93          138.48  1325
  641         4046.24         2662.05         138.419  1327
  642            4045         2662.42         138.257  1329
  643         4043.71         2662.84         138.088  1331
  644         4042.33         2662.69         137.964  1333
  645         4041.26         2661.77         137.948  1335
  646          4040.2         2660.64         137.956  1337
  647         4039.39         2660.12         137.927  1339
  648         4038.53         2659.68         137.885  1341
  649         4037.45          2658.7         137.875  1343
  650         4036.42         2658.98         137.744  1345
  651          4035.9         2658.57         137.733  1347
  652         4034.73         2657.85         137.687  1349
  653         4034.43         2657.27         137.716  1351
  654         4033.11         2656.62         137.649  1353
  655         4032.51            2656         137.651  1355
  656         4032.01         2655.31          137.67  1357
  657         4030.99          2654.4         137.659  1359
  658         4030.07         2653.32         137.675  1363
  659         4028.46         2652.11         137.634  1365
  660         4027.41         2651.65         137.576  1367
  661         4026.55         2650.58         137.597  1369
  662         4025.71         2649.95         137.576  1371
  663         4025.08         2649.62         137.546  1373
  664         4024.41         2649.03         137.538  1375
  665         4023.59         2648.27         137.532  1377
  666          4022.9          2647.8          137.51  1379
  667            4022         2646.93         137.507  1381
  668         4021.26         2646.33         137.493  1383
  669         4020.33         2645.56         137.478  1385
  670         4019.51         2644.93         137.458  1387
  671         4018.76         2644.32         137.444  1389
  672         4018.23         2644.69         137.355  1391
  673         4017.31         2643.76         137.355  1393
  674         4016.87         2643.45         137.342  1395
  675         4016.34         2643.08         137.326  1397
  676          4015.7         2642.11         137.359  1399
  677         4014.67         2641.26         137.341  1401
  678         4013.43         2639.52         137.391  1403
  679         4012.64         2638.09         137.455  1405
  680          4012.1         2637.28         137.483  1409
  681          4011.3         2636.35         137.495  1411
  682         4010.57         2635.91         137.466  1413
  683          4009.9         2636.11         137.378  1415
  684         4009.16         2635.72         137.344  1417
  685         4008.39         2635.46         137.293  1419
  686         4007.96          2634.5         137.345  1421
  687         4007.06         2633.98         137.308  1423
  688         4006.78         2633.63         137.315  1425
  689          4006.2         2632.75         137.344  1427
  690         4005.72         2632.53         137.319  1429
  691         4005.05         2631.81         137.324  1431
  692         4004.38         2631.31         137.307  1433
  693         4003.98         2631.17         137.282  1435
  694         4003.46         2630.96          137.25  1437
  695         4002.74         2630.74         137.199  1439
  696         4002.35         2630.68         137.167  1441
  697         4001.87         2630.78         137.109  1443
  698         4001.28          2630.5         137.078  1445
  699         4000.53         2630.81         136.973  1447
  700         4000.09         2630.77         136.932  1449
  701         3999.71          2630.7         136.901  1451
  702         3999.22         2630.44         136.878  1453
  703         3998.62         2629.88         136.873  1455
  704         3997.96         2629.27          136.87  1457
  705         3997.37         2628.53         136.885  1459
  706         3996.75         2628.29         136.846  1461
  707         3996.18         2627.94         136.824  1463
  708         3995.41         2627.72         136.769  1465
  709          3994.9         2627.53         136.737  1467
  710         3994.36         2627.33         136.703  1469
  711         3993.79         2626.97         136.682  1471
  712         3993.47         2626.89         136.658  1473
  713         3993.21         2626.69         136.652  1475
  714         3992.37         2626.09         136.628  1477
  715         3991.86         2625.73         136.614  1479
  716         3991.26         2624.22         136.704  1481
  717         3990.29          2623.6         136.669  1483
  718         3989.86          2623.1         136.675  1485
  719         3989.35         2622.27         136.709  1487
  720            3989         2621.58         136.743  1491
  721         3988.43         2620.59         136.784  1493
  722         3987.76         2619.44         136.832  1495
  723         3987.34         2618.29         136.905  1497
  724          3986.9         2617.86         136.904  1499
  725         3986.39         2617.38         136.901  1501
  726         3985.66         2615.97          136.97  1503
  727          3985.1         2614.78         137.032  1505
  728         3984.65         2613.92         137.073  1507
  729         3984.21         2612.93         137.128  1509
  730         3983.87         2612.32         137.155  1511
  731         3983.24         2610.92         137.232  1513
  732         3982.65            2610         137.265  1515
  733         3982.18         2609.38          137.28  1517
  734         3981.81         2609.33         137.248  1519
  735         3981.41          2609.3          137.21  1521
  736         3980.87         2609.59         137.128  1523
  737          3980.3         2608.45         137.185  1525
  738         3979.75         2607.39         137.235  1527
  739         3979.25         2605.88         137.337  1529
  740         3978.95         2604.73         137.422  1531
  741         3978.66         2604.43         137.423  1533
  742         3978.08         2603.47         137.461  1535
  743         3977.79         2602.54         137.525  1537
  744         3977.38         2602.17         137.522  1539
  745         3976.35         2600.48         137.588  1541
  746         3975.87         2599.35         137.652  1543
  747         3975.25          2597.6         137.765  1545
  748         3974.85         2596.66         137.819  1547
  749         3974.46          2596.6         137.787  1549
  750         3973.99         2596.39          137.76  1551
  751         3973.51         2596.31          137.72  1553
  752         3972.92         2595.73         137.719  1555
  753         3972.42         2595.03         137.738  1557
  754         3972.04         2594.37         137.766  1559
  755         3971.78         2594.37         137.741  1561
  756         3971.42         2593.98         137.744  1563
  757         3970.95         2593.55          137.74  1565
  758         3970.37         2592.43         137.794  1567
  759          3970.1         2592.11         137.799  1569
  760         3969.61         2591.49         137.813  1571
  761         3969.21         2590.58         137.863  1573
  762         3968.59          2589.9         137.869  1575
  763         3968.11         2589.13         137.898  1577
  764         3967.71         2588.47         137.924  1579
  765         3967.04         2586.76         138.027  1581
  766         3966.31         2585.57         138.074  1583
  767         3965.84         2585.42         138.041  1585
  768         3965.05         2584.62         138.043  1587
  769         3964.61         2584.01          138.06  1589
  770         3964.11         2583.65         138.046  1591
  771         3963.61            2583          138.06  1593
  772         3963.25          2582.7         138.055  1595
  773         3962.72          2581.9         138.083  1597
  774         3962.04         2582.01         138.003  1599
  775         3961.69         2582.02         137.967  1601
  776         3961.06         2582.22         137.884  1603
  777         3960.76         2581.78         137.897  1607
  778         3960.42         2581.66         137.876  1609
  779         3959.79         2581.39          137.84  1611
  780         3959.46          2581.3         137.816  1613
  781         3958.98         2581.11         137.787  1615
  782          3958.3         2580.97         137.734  1617
  783          3957.8         2580.99         137.682  1619
  784         3957.49         2581.21         137.627  1621
  785         3956.51         2580.82         137.569  1623
  786         3956.17         2580.67          137.55  1625
  787          3955.6         2580.49         137.511  1627
  788         3954.71         2580.23         137.449  1629
  789         3954.15         2579.93         137.422  1631
  790         3953.28         2579.56         137.372  1633
  791         3952.92          2579.4         137.352  1635
  792         3952.32         2579.29         137.303  1637
  793         3951.89         2578.76         137.313  1641
  794         3951.24         2578.64          137.26  1643
  795         3950.69         2578.46         137.223  1645
  796         3950.12         2578.16         137.197  1647
  797         3949.65         2577.96         137.169  1649
  798         3949.14         2577.65         137.149  1651
  799         3948.66         2577.34         137.132  1653
  800          3948.2         2577.07         137.113  1655
  801          3947.7         2577.26         137.044  1657
  802         3947.05         2576.59         137.046  1659
  803         3946.57         2576.24         137.033  1661
  804         3946.16         2576.06          137.01  1663
  805         3945.83         2576.52         136.932  1665
  806         3945.08         2576.09         136.899  1667
  807         3944.56         2575.98         136.858  1669
  808         3944.04         2575.96         136.808  1671
  809         3943.19         2575.59          136.76  1673
  810         3942.33          2574.9         136.743  1675
  811         3941.83         2574.44         136.738  1677
  812         3941.38         2574.19         136.719  1679
  813         3941.06         2573.81         136.725  1681
  814         3940.61         2573.81          136.68  1683
  815         3939.82         2573.83           136.6  1685
  816         3939.43         2574.45         136.498  1687
  817         3938.97         2574.22         136.476  1689
  818         3938.45         2574.03         136.441  1691
  819         3938.02         2574.14         136.388  1693
  820         3937.33         2574.49         136.284  1695
  821         3936.63         2574.33          136.23  1697
  822         3935.89         2574.58          136.13  1699
  823         3935.37          2574.7         136.067  1701
  824         3934.83         2575.23         135.961  1703
  825         3934.14         2575.95         135.819  1705
  826         3933.34         2576.84          135.65  1707
  827          3932.7         2576.98         135.572  1709
  828         3932.17          2576.8         135.536  1711
  829         3931.72         2576.34         135.538  1713
  830         3931.41         2576.36         135.506  1715
  831         3930.95          2576.3         135.465  1717
  832         3930.32         2576.83         135.349  1719
  833         3929.82         2577.37         135.245  1721
  834         3929.44         2577.43         135.201  1723
  835            3929         2577.75         135.125  1725
  836         3928.57         2578.22         135.035  1727
  837         3927.86         2578.52         134.934  1729
  838         3927.22         2578.91         134.831  1731
  839         3926.53         2578.33          134.82  1733
  840         3925.86          2577.9         134.797  1735
  841          3925.3         2577.77         134.754  1737
  842         3924.53         2577.94         134.659  1739
  843         3923.83         2578.16         134.567  1741
  844          3923.2         2578.44         134.477  1743
  845         3922.84         2578.41         134.443  1745
  846         3922.05         2578.25          134.38  1747
  847         3921.61         2578.59         134.302  1749
  848            3921         2577.89         134.312  1751
  849         3920.44         2577.19         134.325  1753
  850         3919.91         2576.71          134.32  1755
  851         3919.16         2575.74         134.343  1757
  852         3918.26         2575.18         134.308  1759
  853         3917.77         2574.95         134.281  1761
  854         3917.07         2574.56         134.251  1763
  855         3916.84         2574.02         134.281  1765
  856         3916.18         2573.81         134.237  1767
  857         3915.68         2573.41         134.227  1769
  858         3915.17         2572.91         134.226  1771
  859         3914.29         2571.92         134.237  1773
  860         3913.86         2571.62         134.223  1777
  861         3913.21         2570.75         134.246  1779
  862          3912.8         2570.41         134.239  1781
  863         3912.34         2570.26         134.209  1783
  864         3911.93         2570.43         134.151  1785
  865         3911.46         2570.64         134.082  1787
  866         3910.79         2570.86         133.992  1789
  867         3910.27         2571.17          133.91  1791
  868         3909.65         2570.79         133.886  1793
  869         3909.05         2570.85          133.82  1795
  870         3908.65         2570.59         133.807  1797
  871         3908.23         2570.42          133.78  1799
  872         3907.66         2569.89         133.777  1801
  873         3906.81         2569.66         133.715  1803
  874         3906.25         2569.38         133.688  1805
  875         3905.86         2569.18         133.667  1807
  876         3905.52         2568.49         133.703  1809
  877         3905.05         2568.15          133.69  1811
  878         3904.58          2567.7         133.688  1813
  879         3904.12         2567.21         133.691  1815
  880         3903.41         2566.22         133.719  1817
  881         3902.54         2565.31         133.723  1819
  882         3901.93         2564.86         133.707  1821
  883         3901.24         2564.38         133.686  1823
  884         3901.12         2564.63         133.649  1825
  885         3900.35         2564.06         133.629  1827
  886         3899.91         2563.71         133.621  1829
  887         3899.39         2563.35         133.605  1831
  888         3898.67         2562.79         133.588  1833
  889         3898.37         2562.27          133.61  1835
  890         3897.37          2561.7         133.567  1837
  891         3897.07         2561.63         133.544  1839
  892         3896.55         2561.34         133.521  1841
  893         3896.15         2561.34         133.481  1843
  894          3895.4         2560.61         133.479  1845
  895         3894.94         2559.89         133.504  1847
  896         3894.61         2559.35         133.525  1849
  897         3893.96         2558.37         133.559  1851
  898         3893.68         2557.64         133.604  1853
  899         3893.08         2557.42         133.566  1855
  900         3892.83         2557.46         133.537  1857
  901         3892.28         2557.26         133.502  1859
  902         3892.08         2557.54         133.454  1861
  903         3891.33         2556.79         133.454  1863
  904         3891.01         2556.36         133.464  1865
  905         3890.67         2555.92         133.474  1867
  906          3890.1         2555.32         133.478  1869
  907         3889.68         2555.26         133.442  1873
  908         3888.96         2554.41         133.455  1875
  909         3888.46         2554.28         133.418  1877
  910         3887.93         2554.16         133.377  1879
  911         3887.43         2554.62         133.281  1881
  912         3886.95         2555.22         133.173  1883
  913         3886.42         2555.96         133.046  1885
  914         3885.94         2556.52         132.941  1887
  915         3885.63         2556.37         132.926  1889
  916         3885.21         2556.31          132.89  1891
  917         3884.88         2556.44         132.844  1893
  918         3884.44         2556.23         132.821  1895
  919         3883.84         2556.02         132.782  1897
  920         3883.49         2555.95         132.753  1899
  921         3883.42         2556.09         132.732  1901
  922          3882.8         2555.87         132.693  1903
  923         3882.65         2555.89         132.676  1905
  924         3882.19         2556.11         132.608  1907
  925         3881.78          2556.8         132.498  1909
  926         3881.19         2556.65         132.454  1911
  927         3880.72          2556.5         132.423  1913
  928         3880.38         2556.36         132.402  1915
  929         3880.25         2556.69         132.356  1917
  930         3879.53         2556.29         132.323  1919
  931         3879.22         2556.21         132.301  1921
  932          3878.8         2556.26         132.254  1923
  933         3878.26         2556.34         132.192  1925
  934         3878.01         2557.16         132.086  1927
  935         3877.45         2556.63         132.082  1929
  936         3877.26         2556.51         132.075  1931
  937         3876.92          2556.4         132.052  1933
  938         3876.34          2556.3         132.005  1935
  939         3875.99         2556.19          131.98  1939
  940         3875.61         2555.97         131.964  1941
  941          3875.3         2555.79         131.951  1943
  942          3874.9         2555.22         131.968  1945
  943          3874.5         2555.25         131.925  1947
  944         3874.13          2554.8         131.932  1949
  945         3873.75         2554.43         131.932  1951
  946         3873.47         2554.18         131.928  1953
  947         3873.03         2553.91         131.912  1955
  948         3872.74          2553.6         131.915  1957
  949          3872.5         2553.59         131.892  1959
  950         3872.18         2553.59          131.86  1961
  951         3871.86         2553.62         131.823  1963
  952         3871.44         2553.57         131.787  1965
  953         3870.88         2553.41         131.747  1967
  954         3870.61         2553.61           131.7  1969
  955         3870.33          2553.4         131.694  1971
  956         3870.14         2553.38         131.676  1973
  957         3869.88          2553.4         131.649  1975
  958         3869.53         2553.78         131.575  1977
  959         3869.07         2553.41         131.565  1979
  960         3868.78         2553.09          131.57  1981
  961         3868.47         2552.76         131.572  1983
  962         3868.43         2552.19         131.624  1985
  963         3868.06         2552.25         131.581  1987
  964         3867.89         2552.26         131.563  1989
  965          3867.7         2552.21         131.549  1991
  966         3867.39         2552.17         131.522  1993
  967         3867.08         2551.72         131.536  1997
  968          3866.6         2551.61         131.499  1999
  969         3866.33         2551.36         131.496  2001
  970         3866.03         2551.12         131.491  2003
  971          3865.8         2550.77         131.502  2005
  972         3865.51         2550.56         131.495  2007
  973         3865.15         2550.44         131.471  2009
  974         3864.89         2550.23         131.467  2011
  975         3864.51         2550.18         131.434  2013
  976         3864.14         2550.02         131.412  2015
  977         3863.82         2549.73         131.409  2017
  978         3863.55         2549.68         131.388  2019
  979          3863.3         2549.28         131.401  2021
  980            3863         2548.94         131.406  2023
  981         3862.69         2548.57         131.413  2025
  982         3862.45         2547.99         131.446  2027
  983         3862.16         2547.51         131.466  2029
  984         3861.84         2546.99         131.486  2031
  985         3861.52         2546.25         131.526  2033
  986         3861.16         2545.62         131.554  2035
  987         3860.78         2545.23         131.555  2037
  988         3860.44         2544.43         131.601  2039
  989         3860.16         2544.37         131.579  2041
  990          3859.8         2544.29         131.551  2043
  991         3859.42         2543.97         131.545  2045
  992         3858.87         2543.42         131.544  2047
  993         3858.48         2543.41         131.507  2049
  994         3858.11         2543.22         131.489  2051
  995         3857.66         2543.41         131.425  2053
  996         3857.38         2543.77          131.36  2055
  997         3857.07         2544.21         131.285  2057
  998         3856.72          2544.2         131.252  2059
  999         3856.28         2544.06         131.222  2061
 1000         3855.87         2543.52         131.235  2063
