    0      1.4731e+06      1.4731e+06               0  1
    1     1.19646e+06     1.19173e+06          47.298  7
    2          868883          727930         1409.53  11
    3          481564          479408         21.5613  13
    4          446883          444199         26.8373  15
    5          441699          436022         56.7748  19
    6          432160          428507         36.5325  21
    7          413061          410375         26.8614  23
    8          333976          302880         310.963  25
    9          301871          249376         524.946  27
   10          235011          211188         238.233  29
   11          201214          176676          245.38  31
   12          181621          157973         236.481  35
   13          168567          144515         240.518  37
   14          163339          139821         235.174  39
   15          157948          135997         219.511  41
   16          143575          123938         196.371  43
   17          132604          109070         235.341  45
   18          121647          102954         186.926  47
   19          115435           96426         190.088  49
   20          113467         93348.4         201.189  51
   21          110689         90487.9         202.008  53
   22          104533         83417.7         211.151  55
   23         97591.1         77383.2         202.078  57
   24         92307.9         73600.1         187.078  59
   25         89057.7         69990.9         190.668  61
   26           86682         67824.3         188.577  63
   27         83134.1         65229.1          179.05  65
   28         78156.5         59031.8         191.247  69
   29         74768.7           56414         183.547  71
   30         74097.5         56568.5          175.29  73
   31           73248         56359.9         168.881  75
   32         71245.1           54973          162.72  77
   33         69790.4         53261.8         165.285  79
   34         67429.6         52038.8         153.909  81
   35         65388.8           49783         156.057  83
   36         62230.3         46211.9         160.185  85
   37         61082.7           45076         160.067  89
   38         59223.6         44233.6           149.9  91
   39         56957.2         42964.3          139.93  93
   40           54992         41582.7         134.093  95
   41         53489.2         39118.9         143.704  97
   42         51160.9         37997.2         131.637  99
   43         49049.5           36742         123.075  101
   44         46125.8         34966.6         111.592  103
   45         44129.1         33832.9         102.962  105
   46         42322.8         32901.9         94.2094  107
   47         41242.3         32081.8         91.6042  109
   48         39587.2         30446.1         91.4108  111
   49           38719         29478.8         92.4016  115
   50           37803         28950.9         88.5208  117
   51         36650.2         28372.8         82.7734  119
   52         35403.4           27714         76.8938  121
   53         34577.6         27178.8         73.9878  123
   54         33453.8         27083.9         63.6989  125
   55         32982.7         27032.2         59.5045  127
   56         32668.3         26927.7         57.4057  129
   57         32168.8         26485.6         56.8322  131
   58         31499.3         26048.7         54.5064  133
   59         29578.8         24285.4         52.9342  135
   60         28642.9         23047.4         55.9549  137
   61         27930.7           22682         52.4874  139
   62         27662.6         22559.6         51.0294  141
   63           27168         22201.7          49.663  143
   64         26431.7         21496.8          49.349  145
   65         26211.9         19948.5         62.6349  147
   66         24727.4         19931.7         47.9574  149
   67         24204.8         19797.8         44.0702  151
   68         23761.2         19551.4         42.0983  153
   69         23551.4         18751.3         48.0013  155
   70           22484         18626.3         38.5771  157
   71         21430.7         17988.8         34.4192  159
   72         20616.6         17213.1         34.0348  161
   73         20016.9         16616.8         34.0009  163
   74         19747.2           15893         38.5421  165
   75         19047.4         15786.8         32.6059  167
   76         18745.4         15636.9         31.0852  169
   77           18482         15375.5         31.0647  171
   78         18356.2         15310.4          30.458  173
   79         18255.7         15244.8         30.1086  175
   80           17915         14949.8          29.652  177
   81         17580.6         14691.6         28.8899  179
   82         17467.8         14604.7         28.6308  183
   83         17356.4         14550.5         28.0586  185
   84           17297         14508.1         27.8898  187
   85         17170.8         14396.3          27.745  189
   86         16991.7         14217.7         27.7399  191
   87         16865.6         14075.6         27.9006  195
   88         16674.2         13947.1         27.2707  197
   89         16576.5         13901.3         26.7516  199
   90         16445.2         13803.7         26.4156  201
   91         16192.6         13540.9         26.5174  203
   92         16044.2         13323.4         27.2077  207
   93         15817.2         13098.8         27.1834  209
   94         15675.8         12934.5         27.4132  211
   95         15610.9         12865.9         27.4499  213
   96         15549.6         12808.1         27.4151  215
   97         15488.2         12789.3          26.989  217
   98         15304.9           12661         26.4389  219
   99         15173.8         12570.5         26.0331  221
  100         15086.5         12473.9         26.1252  223
  101         14975.2         12382.3          25.929  225
  102         14700.8         11958.2         27.4258  227
  103         14678.4         11814.5         28.6386  229
  104         14578.3         11856.1         27.2215  231
  105         14503.6         11814.6         26.8896  233
  106         14307.6         11605.1         27.0258  235
  107         14196.2         11416.7         27.7957  237
  108         14161.1         11343.2         28.1797  241
  109         14114.2         11262.7         28.5154  243
  110         14062.2           11175         28.8718  245
  111         13972.2         11014.7         29.5756  247
  112         13845.2         10880.4         29.6479  249
  113         13691.8           10631         30.6083  251
  114         13578.2         10627.3         29.5098  253
  115         13474.9         10650.4         28.2447  255
  116         13406.1         10594.9          28.112  259
  117         13326.2         10559.8         27.6639  261
  118         13273.6         10470.9         28.0268  263
  119           13196         10284.2         29.1187  265
  120         13151.8         10177.3          29.745  269
  121         13095.5         10121.8         29.7373  271
  122         12991.9         10048.8         29.4307  273
  123         12956.8         10042.9         29.1392  275
  124         12916.6           10033         28.8361  277
  125         12844.7         10024.8         28.1996  279
  126         12764.6         10045.8         27.1879  281
  127         12720.6         10016.4         27.0413  285
  128         12638.9         10030.4         26.0854  287
  129         12524.3         9976.77         25.4753  289
  130         12390.7         9841.63         25.4903  291
  131         12304.2         9655.07         26.4915  293
  132         12217.4         9572.08         26.4533  295
  133         12190.6         9562.92         26.2767  297
  134         12153.3         9515.64         26.3767  299
  135         12100.8         9438.75         26.6209  301
  136         12042.7         9368.21         26.7453  303
  137         11963.9         9298.19         26.6569  305
  138         11937.8         9278.16         26.5962  309
  139         11914.2         9272.22         26.4198  311
  140         11883.6         9257.84         26.2579  313
  141           11850         9208.83         26.4119  315
  142         11755.5          9176.1         25.7938  317
  143         11682.4         9109.32         25.7308  319
  144           11629          9042.6         25.8639  321
  145           11605         8997.86         26.0716  325
  146         11562.7         8960.14         26.0258  327
  147         11457.1         8834.76         26.2237  329
  148         11387.7         8733.26         26.5442  331
  149         11368.5         8652.98         27.1553  333
  150           11328         8672.31         26.5571  335
  151         11313.8         8678.86         26.3494  337
  152         11284.1         8674.63         26.0944  339
  153         11230.7         8618.81         26.1189  341
  154         11154.6         8562.46         25.9213  343
  155         11079.9          8450.5         26.2944  345
  156         11024.7          8278.4         27.4626  347
  157         11002.5          8254.1         27.4836  351
  158           10989          8264.5         27.2448  353
  159         10951.2         8276.89         26.7433  355
  160         10906.4         8259.02         26.4741  357
  161         10861.6         8215.18         26.4646  359
  162         10819.8         8140.69         26.7914  361
  163         10812.5          8100.2         27.1228  363
  164         10789.5         8096.11         26.9344  365
  165         10772.2         8087.71         26.8451  367
  166         10751.3         8073.67         26.7764  369
  167         10722.6         8069.93         26.5266  371
  168           10708         8063.26          26.447  373
  169         10692.3         8057.74         26.3455  375
  170         10675.4         8041.72         26.3364  377
  171         10648.6         8012.82         26.3577  379
  172         10602.2         7959.91         26.4226  381
  173         10578.2         7927.74         26.5046  383
  174         10563.7         7916.25         26.4747  385
  175         10557.6         7916.29         26.4128  387
  176         10541.2         7908.14         26.3304  389
  177         10500.8         7874.34         26.2641  391
  178         10462.4         7824.02         26.3843  393
  179         10436.3         7786.41         26.4987  395
  180         10419.5         7777.08          26.424  397
  181         10393.1         7740.88         26.5221  399
  182           10375         7699.14         26.7584  401
  183           10353         7665.62         26.8736  403
  184         10331.8         7642.11         26.8966  405
  185           10320         7631.79         26.8826  407
  186         10309.2         7631.57         26.7766  409
  187           10305         7634.56         26.7045  411
  188         10295.3         7637.75         26.5753  413
  189           10277         7639.54         26.3748  415
  190         10260.8         7637.35         26.2345  417
  191         10238.2         7621.29         26.1695  419
  192           10217         7585.75         26.3125  421
  193           10208         7563.85         26.4412  423
  194         10195.5         7530.57         26.6497  425
  195         10179.9         7503.34         26.7659  427
  196         10141.5         7419.12         27.2235  429
  197         10129.6         7400.34         27.2921  433
  198         10122.8         7406.73         27.1603  435
  199         10114.7         7403.97         27.1077  437
  200         10099.6         7390.45         27.0911  439
  201         10081.1          7364.8         27.1635  441
  202         10069.5         7309.21         27.6029  443
  203         10055.4          7310.4           27.45  445
  204         10050.4         7306.54         27.4391  447
  205         10045.5         7298.66         27.4685  449
  206         10033.3         7279.81         27.5345  451
  207         10012.8         7239.86         27.7296  453
  208         9996.94         7208.69         27.8825  455
  209          9984.6         7200.98         27.8362  457
  210          9976.8         7193.89         27.8291  459
  211         9971.42         7193.28         27.7815  461
  212         9967.59         7189.66         27.7794  463
  213         9933.37         7132.28         28.0109  465
  214         9919.63         7106.89         28.1275  469
  215         9907.91         7085.95         28.2196  471
  216         9899.02         7058.82          28.402  473
  217         9893.58         7040.51         28.5307  475
  218         9885.76         7032.49         28.5327  477
  219         9842.43         6964.25         28.7817  479
  220         9834.66          6958.5         28.7616  483
  221         9830.53         6958.97         28.7156  485
  222         9823.12         6957.43         28.6569  487
  223         9816.96         6956.72         28.6024  489
  224         9807.49         6945.87         28.6162  491
  225         9787.61          6905.7         28.8191  493
  226         9779.19         6877.97         29.0122  495
  227         9775.74         6863.11         29.1263  499
  228         9771.37         6853.69         29.1768  501
  229         9757.68         6829.43         29.2825  503
  230          9749.9         6803.77         29.4613  505
  231         9730.89         6745.08         29.8581  507
  232         9725.01         6731.46         29.9355  511
  233         9717.67         6722.49         29.9518  513
  234         9711.52         6722.28         29.8924  515
  235          9707.2         6719.72         29.8747  517
  236          9699.9         6728.15         29.7175  519
  237          9693.1            6737         29.5609  521
  238            9687         6733.87         29.5312  523
  239         9681.06         6727.02         29.5404  525
  240         9674.24          6714.6         29.5964  527
  241         9666.34         6697.63         29.6871  529
  242         9654.27         6670.27         29.8401  531
  243          9651.3         6609.38         30.4192  533
  244         9628.51         6616.98         30.1153  535
  245         9625.37         6618.25         30.0712  537
  246         9622.47          6615.1         30.0737  539
  247         9618.75         6604.04          30.147  541
  248         9609.96         6597.28         30.1268  543
  249         9601.14         6585.11         30.1603  545
  250         9595.39         6572.91         30.2248  547
  251          9592.7         6565.56         30.2713  551
  252         9587.61         6557.58         30.3003  553
  253         9572.92         6535.52          30.374  555
  254         9568.12         6515.02         30.5311  557
  255         9559.04         6511.63         30.4741  559
  256         9557.26          6513.9         30.4336  561
  257         9552.58         6512.58            30.4  563
  258         9549.19         6512.01         30.3718  565
  259         9538.81         6504.51         30.3431  567
  260         9532.59         6493.31         30.3928  569
  261         9526.18         6477.03         30.4915  571
  262         9523.52         6469.42          30.541  575
  263         9520.68          6466.2         30.5448  577
  264         9511.91         6457.77         30.5414  579
  265         9500.29         6447.69          30.526  581
  266            9490         6438.92         30.5108  583
  267         9481.13         6439.94         30.4119  585
  268         9477.73         6442.52         30.3521  587
  269         9472.57          6449.9         30.2267  589
  270         9470.03         6461.48         30.0855  591
  271         9465.28          6462.1         30.0318  593
  272         9462.93         6462.15         30.0078  595
  273         9458.57          6463.3         29.9527  597
  274         9452.31         6463.77         29.8854  599
  275         9444.75         6463.78         29.8097  601
  276         9440.52         6464.03         29.7649  605
  277         9436.93         6463.74         29.7319  607
  278         9433.85         6463.42         29.7043  609
  279         9428.84         6463.77         29.6507  611
  280         9420.47         6467.17         29.5329  613
  281          9413.6         6469.93         29.4366  615
  282         9410.03         6471.13          29.389  617
  283            9405         6468.53         29.3647  619
  284         9403.08          6467.8         29.3528  621
  285         9396.59          6466.8         29.2979  623
  286         9387.87         6468.16         29.1971  625
  287          9379.3         6473.79         29.0552  627
  288         9377.47         6485.56         28.9191  629
  289         9370.94         6480.45         28.9049  631
  290         9368.95         6479.01         28.8994  633
  291            9365         6478.06         28.8694  635
  292         9361.07         6478.37          28.827  637
  293         9356.22         6478.47         28.7775  639
  294         9350.56         6478.93         28.7164  641
  295         9341.81         6480.46         28.6136  643
  296          9337.3         6482.52         28.5478  645
  297         9328.95         6482.24         28.4671  647
  298         9326.12         6481.24         28.4488  649
  299          9320.2         6478.95         28.4125  651
  300         9311.48         6476.39         28.3509  653
  301         9306.02         6475.31         28.3071  657
  302          9298.2         6474.27         28.2393  659
  303         9292.13         6473.68         28.1845  661
  304         9289.83         6474.13          28.157  663
  305         9287.96         6474.53         28.1343  665
  306         9283.07         6476.08         28.0698  667
  307         9278.91         6477.68         28.0123  669
  308          9272.6          6479.4          27.932  671
  309         9261.67         6480.76          27.809  673
  310         9255.13         6481.14         27.7399  677
  311         9249.82         6480.44         27.6938  679
  312         9244.77          6480.3         27.6447  681
  313         9239.47         6481.02         27.5845  683
  314          9231.9         6481.28         27.5062  685
  315         9220.77         6482.79         27.3798  687
  316         9218.86         6483.05         27.3581  689
  317         9216.88         6482.85         27.3404  691
  318         9213.18         6481.38          27.318  693
  319         9205.27         6477.65         27.2762  695
  320         9195.12         6473.43         27.2169  697
  321         9189.34         6466.49         27.2286  699
  322          9180.3         6465.22         27.1508  701
  323         9176.22         6462.43         27.1379  703
  324         9172.64         6458.81         27.1383  705
  325         9166.93         6455.02          27.119  707
  326         9159.39         6452.43         27.0696  709
  327         9154.83         6451.84         27.0298  711
  328         9150.52         6451.52           26.99  713
  329         9148.83         6451.33          26.975  715
  330         9146.23         6451.42         26.9482  717
  331            9144         6451.57         26.9243  719
  332          9136.7         6452.53         26.8417  721
  333         9128.51         6454.44         26.7406  723
  334         9125.52         6455.61         26.6991  727
  335         9118.71          6457.4         26.6132  729
  336         9115.62         6457.25         26.5837  731
  337         9113.04         6456.74          26.563  733
  338         9110.57          6455.7         26.5487  735
  339         9106.97         6454.26         26.5271  737
  340         9102.68         6451.53         26.5115  739
  341         9101.58         6445.76         26.5583  741
  342         9094.27         6445.56         26.4872  743
  343          9092.4         6445.62         26.4678  745
  344         9087.81         6445.41          26.424  747
  345         9086.58         6444.94         26.4165  751
  346         9084.39         6444.67         26.3972  753
  347         9081.13         6443.69         26.3744  755
  348         9076.07         6441.92         26.3415  757
  349         9075.29         6439.71         26.3558  759
  350          9072.3         6440.17         26.3214  761
  351         9071.44         6440.12         26.3132  763
  352         9070.38         6439.87         26.3051  765
  353         9068.37         6439.28         26.2909  767
  354          9066.7          6438.5          26.282  771
  355         9063.61         6437.66         26.2595  773
  356         9057.81         6436.35         26.2146  775
  357         9057.02         6434.96         26.2206  777
  358         9053.22         6435.33          26.179  779
  359         9052.29         6435.34         26.1695  781
  360            9051         6434.96         26.1603  783
  361         9048.15         6433.51         26.1464  785
  362         9046.25         6431.25           26.15  789
  363         9041.57         6427.98         26.1359  791
  364         9037.36         6424.28         26.1309  793
  365         9035.99         6419.65         26.1634  795
  366         9032.48          6419.8         26.1269  797
  367         9031.24         6419.76         26.1149  799
  368          9029.4         6419.09         26.1031  801
  369         9026.13         6415.14           26.11  803
  370         9021.23         6410.71         26.1052  805
  371         9017.51         6405.91          26.116  807
  372         9016.26          6402.1         26.1416  809
  373         9014.86         6402.49         26.1237  811
  374          9014.4         6402.91          26.115  813
  375         9013.09         6402.68         26.1041  815
  376         9010.01         6401.69         26.0831  817
  377         9007.87         6398.81         26.0905  821
  378         9003.77         6395.86         26.0791  823
  379         8996.59         6385.04         26.1155  825
  380         8995.15         6382.89         26.1226  829
  381         8993.79          6380.5         26.1329  831
  382          8991.8          6375.4          26.164  833
  383         8989.14         6374.11         26.1504  835
  384         8986.27         6373.96         26.1231  837
  385         8982.64         6374.94          26.077  839
  386         8980.67         6374.84         26.0583  843
  387         8979.02         6374.53         26.0448  845
  388         8974.33         6372.59         26.0174  847
  389         8973.53         6371.66         26.0187  849
  390         8971.19         6370.39          26.008  851
  391         8970.42         6369.79         26.0063  853
  392         8966.54         6366.24         26.0031  855
  393         8963.62            6362         26.0162  857
  394         8959.94         6359.63         26.0031  859
  395         8957.21         6358.14         25.9907  861
  396         8954.49         6356.25         25.9824  863
  397         8951.74         6350.35         26.0139  865
  398         8945.84         6348.36         25.9749  867
  399         8938.66         6342.65         25.9601  869
  400          8933.4         6336.72         25.9668  871
  401         8932.22         6330.42         26.0181  873
  402         8926.82         6329.21         25.9762  875
  403         8924.13         6328.18         25.9595  877
  404         8920.52         6325.76         25.9476  879
  405         8918.92         6322.93         25.9599  881
  406         8917.17         6322.19         25.9499  883
  407         8916.14          6321.7         25.9444  885
  408         8913.28         6319.92         25.9335  887
  409         8909.02         6316.62          25.924  889
  410         8906.53         6313.77         25.9276  891
  411         8904.89         6311.95         25.9294  893
  412         8904.03         6312.29         25.9175  895
  413         8903.04         6312.15         25.9089  897
  414         8900.68         6311.08         25.8959  899
  415         8896.98         6308.73         25.8825  901
  416         8895.31         6306.85         25.8846  905
  417         8892.56         6304.19         25.8837  907
  418         8890.07         6299.93         25.9014  909
  419         8888.04         6294.85         25.9319  911
  420         8886.36         6290.11         25.9625  913
  421          8884.8         6290.78         25.9402  915
  422         8882.79         6291.45         25.9134  917
  423         8881.67         6291.34         25.9033  919
  424         8880.58         6290.62         25.8996  921
  425          8879.3         6289.25         25.9005  923
  426         8875.54         6283.13         25.9241  925
  427          8871.8          6274.1          25.977  927
  428         8870.03         6267.79         26.0225  929
  429          8868.9         6268.75         26.0016  931
  430         8868.39          6268.9         25.9949  933
  431          8867.7            6268          25.997  935
  432         8865.92         6264.62          26.013  937
  433         8863.65         6261.06         26.0259  939
  434         8861.52         6256.43          26.051  941
  435         8859.92         6249.17         26.1075  943
  436         8858.86          6246.9         26.1196  945
  437          8858.2         6247.32         26.1088  947
  438         8856.04         6245.77         26.1027  949
  439         8854.72          6242.2         26.1253  951
  440         8853.48         6238.08         26.1541  953
  441         8851.99         6231.83         26.2015  955
  442         8851.31         6228.54         26.2277  959
  443         8850.34         6224.78         26.2556  961
  444         8849.46         6222.68         26.2678  963
  445         8848.19         6222.94         26.2524  965
  446         8847.24         6224.94          26.223  967
  447         8846.61         6228.21          26.184  969
  448         8846.11         6233.68         26.1242  971
  449         8845.05         6233.48         26.1157  973
  450         8843.49         6232.12         26.1137  975
  451         8841.21         6229.54         26.1167  977
  452         8838.06         6225.59         26.1247  979
  453         8837.27         6224.31         26.1295  983
  454         8835.07         6222.26         26.1281  985
  455         8832.76         6220.14         26.1262  987
  456         8829.64         6216.66         26.1298  989
  457         8825.98         6211.51         26.1447  991
  458         8824.94         6210.27         26.1466  995
  459         8822.31         6207.29         26.1502  997
  460         8820.74         6205.92         26.1482  999
  461         8819.68         6205.72         26.1396  1001
  462         8818.16         6204.78         26.1338  1003
  463         8817.01         6203.36         26.1366  1007
  464         8815.16         6201.15         26.1401  1009
  465         8814.16         6199.06          26.151  1011
  466         8813.26         6196.31         26.1695  1013
  467         8812.75         6195.09         26.1766  1017
  468         8811.99         6194.25         26.1774  1019
  469          8810.1            6192          26.181  1021
  470         8808.86         6190.66          26.182  1023
  471         8807.92         6190.01         26.1791  1025
  472         8807.22         6190.08         26.1714  1027
  473         8806.19         6190.22         26.1597  1029
  474         8804.51         6189.56         26.1496  1031
  475         8802.56         6188.01         26.1455  1033
  476         8801.28         6181.29         26.1999  1035
  477         8799.84         6179.98         26.1986  1037
  478         8798.95         6181.33         26.1762  1039
  479         8798.25         6181.26         26.1698  1043
  480          8796.6         6179.52         26.1707  1045
  481         8795.95         6176.67         26.1928  1047
  482         8795.13         6176.21         26.1892  1049
  483         8794.82          6175.8         26.1902  1051
  484         8794.31         6174.78         26.1953  1053
  485         8793.57         6173.05         26.2052  1055
  486         8793.22         6172.24         26.2098  1059
  487         8792.55         6171.22         26.2132  1061
  488         8791.39         6169.96         26.2143  1063
  489         8789.36         6168.36           26.21  1065
  490         8788.02         6167.83         26.2019  1067
  491          8786.7         6168.31         26.1838  1069
  492         8786.15         6168.99         26.1716  1071
  493         8785.87         6169.23         26.1663  1073
  494         8785.41         6168.96         26.1645  1075
  495         8784.52         6168.84         26.1568  1077
  496         8783.56         6167.89         26.1568  1079
  497         8782.42         6166.14         26.1628  1081
  498         8781.55         6163.44         26.1811  1083
  499         8780.12         6160.52          26.196  1085
  500         8778.62         6157.98         26.2063  1087
  501         8775.79         6151.83         26.2396  1089
  502         8775.23          6150.4         26.2483  1093
  503         8774.61         6150.11          26.245  1095
  504         8774.09         6149.29          26.248  1097
  505         8773.35          6147.7         26.2565  1099
  506         8772.43         6144.94          26.275  1101
  507         8772.34         6141.65         26.3069  1103
  508         8771.47         6142.49         26.2897  1105
  509         8771.27         6142.56         26.2871  1107
  510            8771         6142.21         26.2879  1109
  511         8770.43         6141.13          26.293  1111
  512         8769.97         6139.63         26.3034  1115
  513         8768.72         6136.65         26.3207  1117
  514         8767.51         6132.36         26.3514  1119
  515         8766.93         6128.04         26.3889  1121
  516          8766.3         6128.68         26.3762  1123
  517         8766.06         6128.99         26.3708  1125
  518          8765.7         6128.74         26.3696  1127
  519         8765.54         6126.48         26.3906  1129
  520         8764.36         6125.87         26.3849  1131
  521         8763.66         6124.18         26.3947  1133
  522         8762.77         6120.43         26.4234  1135
  523         8762.55         6117.67         26.4489  1137
  524         8762.03         6117.22         26.4482  1139
  525         8761.62         6116.91          26.447  1141
  526         8760.97          6116.1         26.4487  1143
  527         8759.89          6114.5         26.4539  1145
  528         8759.31         6112.73         26.4658  1147
  529         8758.67         6112.14         26.4653  1149
  530         8758.25         6111.72         26.4652  1151
  531         8757.69         6110.89         26.4681  1153
  532         8756.53          6108.5         26.4803  1155
  533         8755.67         6106.77          26.489  1157
  534         8755.06          6105.6         26.4946  1159
  535         8754.78          6105.9         26.4888  1161
  536         8754.16         6106.04         26.4812  1163
  537         8753.11         6105.06         26.4805  1165
  538         8752.63          6104.4         26.4823  1169
  539         8751.95         6103.05          26.489  1171
  540         8750.68         6099.58          26.511  1173
  541         8749.68         6095.81         26.5388  1175
  542         8749.14         6093.63         26.5551  1177
  543         8748.72         6094.64         26.5408  1179
  544          8748.4         6095.73         26.5267  1181
  545         8747.99         6096.38         26.5161  1183
  546         8746.75         6097.41         26.4934  1185
  547         8745.06         6098.57         26.4649  1187
  548         8743.33         6097.29         26.4605  1189
  549         8741.47         6093.57          26.479  1191
  550         8740.83          6088.3         26.5253  1193
  551         8739.92         6087.45         26.5246  1195
  552         8739.54         6088.09         26.5144  1197
  553         8738.02         6087.82         26.5021  1199
  554         8737.49         6086.53         26.5096  1201
  555         8736.77         6085.54         26.5123  1203
  556         8736.52         6084.82         26.5169  1205
  557          8735.7         6082.31         26.5339  1207
  558         8734.99         6079.95         26.5505  1209
  559          8734.1         6078.67         26.5543  1211
  560         8733.08          6078.6         26.5448  1213
  561         8731.76         6079.83         26.5194  1215
  562         8731.14          6079.2         26.5194  1219
  563         8729.86         6080.93         26.4893  1221
  564         8727.66         6081.49         26.4616  1223
  565         8724.81         6083.92         26.4089  1225
  566         8724.17         6083.31         26.4087  1227
  567         8723.49         6083.02         26.4047  1229
  568         8722.89         6084.02         26.3887  1233
  569         8721.98         6084.37         26.3762  1235
  570         8720.63         6084.22         26.3642  1237
  571         8720.42         6084.71         26.3571  1239
  572         8719.77          6084.3         26.3547  1241
  573         8719.57         6084.09         26.3548  1243
  574         8719.26         6083.97          26.353  1245
  575         8719.01         6083.63         26.3537  1247
  576         8718.51         6083.65         26.3486  1249
  577         8718.12         6083.54         26.3457  1251
  578         8717.58         6083.43         26.3415  1253
  579         8717.34         6083.61         26.3373  1255
  580         8716.99         6083.59          26.334  1257
  581         8716.65          6083.6         26.3305  1259
  582         8716.23         6083.75         26.3248  1261
  583         8715.83         6084.17         26.3166  1263
  584         8715.57         6084.46         26.3111  1265
  585         8715.45         6084.58         26.3087  1267
  586         8715.22         6084.86         26.3035  1269
  587         8714.88         6085.39         26.2949  1271
  588         8714.16         6086.87         26.2729  1273
  589         8713.89         6087.32         26.2656  1277
  590         8713.28         6088.33         26.2495  1279
  591         8712.75         6089.05         26.2369  1281
  592         8712.42         6089.48         26.2293  1283
  593         8712.17         6089.72         26.2246  1285
  594          8711.9         6089.54         26.2236  1287
  595         8711.64         6090.55         26.2109  1289
  596         8710.97         6090.32         26.2065  1291
  597         8710.43         6090.66         26.1978  1293
  598         8710.11         6091.61          26.185  1295
  599         8709.96         6092.04         26.1792  1299
  600          8709.7         6092.84         26.1686  1301
  601          8709.2         6094.32         26.1488  1303
  602         8709.02         6095.41         26.1361  1305
  603         8708.74         6095.32         26.1342  1307
  604         8708.65         6095.02         26.1364  1309
  605         8708.48         6094.78         26.1371  1311
  606         8708.05         6094.32         26.1374  1313
  607         8707.68         6094.39         26.1329  1317
  608         8707.09         6094.67         26.1242  1319
  609         8706.12         6096.49         26.0963  1321
  610         8705.94         6096.77         26.0917  1329
  611         8705.72         6097.48         26.0824  1331
  612         8705.18         6099.01         26.0616  1333
  613         8704.54         6102.81         26.0173  1335
  614         8703.55         6102.55           26.01  1337
  615         8702.84         6102.21         26.0063  1339
  616         8702.38         6102.21         26.0017  1341
  617         8702.02         6103.02           25.99  1345
  618         8701.43         6103.69         25.9774  1347
  619         8700.45         6105.75          25.947  1349
  620            8700         6107.99         25.9202  1351
  621         8699.73         6108.85         25.9089  1353
  622         8699.61         6108.62         25.9099  1355
  623          8699.4         6108.55         25.9086  1357
  624         8699.14         6109.32         25.8982  1359
  625         8698.62         6110.95         25.8767  1361
  626         8697.87         6113.85         25.8402  1363
  627          8697.3         6116.83         25.8047  1365
  628         8696.81         6117.43         25.7937  1367
  629         8696.56         6117.74         25.7882  1369
  630         8696.29         6118.66         25.7763  1371
  631          8695.8         6120.02         25.7578  1373
  632         8695.06         6121.83         25.7323  1375
  633         8694.63         6123.27         25.7136  1379
  634         8693.89         6124.35         25.6953  1381
  635         8693.32         6124.91         25.6841  1383
  636         8692.84         6125.26         25.6757  1385
  637         8691.97         6125.46         25.6651  1387
  638         8691.07         6125.37         25.6569  1389
  639         8690.32         6125.18         25.6515  1391
  640         8689.81         6125.39         25.6443  1393
  641         8688.86         6125.52         25.6334  1395
  642         8688.05         6125.79         25.6226  1397
  643         8687.34         6126.21         25.6114  1399
  644         8686.91         6126.65         25.6027  1401
  645         8686.27         6126.83         25.5944  1403
  646         8685.69         6127.03         25.5866  1405
  647          8685.1         6127.46         25.5763  1407
  648         8684.92         6127.71         25.5721  1411
  649         8684.63            6128         25.5663  1413
  650         8684.27         6128.17         25.5611  1415
  651         8683.68         6128.39          25.553  1417
  652         8683.57          6128.9         25.5467  1419
  653         8682.67         6128.85         25.5382  1421
  654         8682.27         6128.93         25.5334  1423
  655         8681.75         6129.27         25.5248  1425
  656         8681.49         6129.51         25.5198  1429
  657         8681.06         6129.75         25.5131  1431
  658         8680.03         6130.22         25.4982  1433
  659         8678.74         6131.01         25.4774  1435
  660         8678.21         6130.97         25.4724  1439
  661         8677.53         6131.16         25.4637  1441
  662         8677.18         6130.97         25.4621  1443
  663          8676.9         6130.71         25.4619  1445
  664         8676.27         6130.17          25.461  1447
  665         8675.78          6129.5         25.4628  1451
  666         8674.82         6129.05         25.4576  1453
  667         8673.47         6128.41         25.4506  1455
  668         8672.79         6128.26         25.4452  1457
  669         8672.25         6128.49         25.4375  1459
  670         8671.65         6128.86         25.4279  1461
  671         8670.44         6129.86         25.4058  1463
  672         8669.55         6130.94         25.3862  1465
  673         8669.39         6132.55         25.3684  1467
  674         8667.78         6132.55         25.3522  1469
  675         8667.09         6132.32         25.3476  1471
  676         8666.16         6132.21         25.3395  1473
  677         8665.38         6132.53         25.3285  1475
  678         8664.96         6133.24         25.3173  1477
  679         8664.12         6133.28         25.3083  1479
  680         8663.38         6133.38            25.3  1481
  681         8662.53         6133.88         25.2865  1483
  682         8662.18         6134.14         25.2804  1485
  683         8661.82         6134.16         25.2766  1487
  684         8661.32         6134.16         25.2716  1489
  685         8660.52         6134.23         25.2629  1491
  686         8658.68         6134.59         25.2409  1493
  687         8657.32         6134.51         25.2281  1495
  688         8656.42          6134.4         25.2202  1497
  689         8655.81         6134.16         25.2166  1499
  690         8654.53          6133.6         25.2093  1501
  691         8652.64         6132.95         25.1969  1503
  692         8652.03         6132.59         25.1944  1505
  693         8650.23         6132.47         25.1776  1507
  694         8649.46         6132.25          25.172  1509
  695         8648.39         6131.82         25.1657  1511
  696         8647.98         6131.52         25.1646  1515
  697         8647.44         6131.24          25.162  1517
  698         8646.86         6130.73         25.1613  1519
  699         8646.23         6129.98         25.1625  1521
  700         8645.72         6128.96         25.1676  1523
  701         8644.97         6128.37          25.166  1525
  702         8643.91         6127.46         25.1645  1527
  703         8643.11         6126.52         25.1659  1529
  704         8642.85         6126.18         25.1667  1533
  705         8642.49         6125.85         25.1664  1535
  706         8642.33          6125.8         25.1653  1537
  707         8642.17         6125.82         25.1635  1539
  708         8641.92         6125.72          25.162  1541
  709          8641.4         6125.49         25.1591  1543
  710         8640.95         6124.64         25.1631  1545
  711         8640.28         6123.97         25.1631  1547
  712          8639.6         6122.42         25.1718  1549
  713         8639.42         6122.02          25.174  1551
  714         8639.15         6121.69         25.1747  1553
  715         8638.82         6121.19         25.1763  1557
  716         8638.26         6120.65         25.1761  1559
  717         8638.11         6120.64         25.1747  1561
  718         8637.88         6120.73         25.1715  1563
  719         8637.04         6120.17         25.1686  1569
  720         8634.61         6117.79         25.1682  1571
  721         8634.06         6116.99         25.1708  1575
  722         8633.48         6116.31         25.1717  1577
  723         8633.09         6115.59          25.175  1579
  724         8632.75          6114.8         25.1795  1581
  725         8632.15         6113.21         25.1894  1583
  726         8631.34         6112.12         25.1922  1585
  727         8630.42         6111.06         25.1936  1587
  728         8630.18         6110.81         25.1936  1589
  729         8629.85         6111.13         25.1872  1591
  730         8629.69         6111.36         25.1833  1593
  731         8629.41         6111.74         25.1767  1595
  732          8628.1         6111.24         25.1685  1597
