    0      1.4731e+06      1.4731e+06               0  1
    1     1.41399e+06      1.4121e+06         1.89192  5
    2          686542          657132         29.4106  7
    3          611968          589365         22.6027  11
    4          496085          477955         18.1298  13
    5          494031          451844         42.1866  15
    6          471164          450383         20.7816  17
    7          470099          450076         20.0226  19
    8          461934          447919         14.0153  21
    9          456258          445347         10.9114  23
   10          453426          443424         10.0021  25
   11          452353          443451         8.90133  27
   12          451876          443414         8.46148  29
   13          450925          443015         7.90951  31
   14          448551          441518         7.03269  33
   15          446746          438025         8.72097  35
   16          441199          434150         7.04865  37
   17          433443          423707         9.73576  39
   18          417672          395525         22.1474  41
   19          402307          364198          38.109  43
   20          393376          340104         53.2722  47
   21          379437          321173         58.2636  49
   22          363367          301685         61.6821  51
   23          337902          266676         71.2261  53
   24          318921          246768         72.1527  55
   25          308703          219651         89.0517  57
   26          296254          234471         61.7835  59
   27          291879          239867         52.0118  61
   28          281153          243996         37.1567  63
   29          267333          230359         36.9734  65
   30          254159          210932         43.2266  67
   31          238308          173516         64.7918  69
   32          235228          171844         63.3836  73
   33          232026          173244         58.7813  75
   34          216553          173564         42.9889  77
   35          212594          170412         42.1818  81
   36          210024          166929         43.0958  83
   37          207884          161708         46.1761  85
   38          207384          159583         47.8013  87
   39          205543          159959         45.5842  89
   40          202645          159616         43.0286  91
   41          199211          158130         41.0815  93
   42          196462          154981         41.4806  95
   43          194492          151785         42.7075  97
   44          192931          151702         41.2295  99
   45          190481          150626         39.8552  101
   46          188768          148852         39.9157  103
   47          187677          148023         39.6535  105
   48          187044          147628         39.4156  107
   49          184944          145755         39.1893  109
   50          182174          142792         39.3827  111
   51          180564          140473          40.091  115
   52          177941          138092         39.8484  117
   53          175410          135972         39.4382  119
   54          171365          132754         38.6112  121
   55          164615          127447         37.1683  123
   56          163956          127303         36.6537  125
   57          157334          126863         30.4709  127
   58          156151          127359         28.7911  129
   59          155594          127770         27.8241  131
   60          154837          128013         26.8239  133
   61          152973          127536         25.4368  135
   62          151099          126986         24.1129  137
   63          149596          125721         23.8753  139
   64          148356          123603         24.7528  141
   65          147476          121647         25.8288  143
   66          146181          119788         26.3928  145
   67          143218          115755         27.4629  147
   68          139381          110200         29.1811  149
   69          137056          105881         31.1741  153
   70          133780          103478         30.3018  155
   71          130833          101563           29.27  157
   72          129473          100904         28.5698  159
   73          128183          100898          27.285  161
   74          124338         99830.3         24.5076  163
   75          122190         98880.8         23.3089  165
   76          121036         97766.1         23.2696  167
   77          119934         97144.1         22.7901  169
   78          117741         95520.2         22.2209  171
   79          115441         92977.2         22.4642  173
   80          113933           90247         23.6858  175
   81          110906         88245.3         22.6611  177
   82          106625         85294.5         21.3306  179
   83          103325         82472.8         20.8526  181
   84         98651.7         79090.5         19.5613  183
   85         97166.2         72143.5         25.0227  185
   86         89497.5         72574.7         16.9227  187
   87         88596.8         72677.2         15.9197  189
   88         87985.4         72356.8         15.6286  191
   89         87660.5         71221.4         16.4391  193
   90         86563.9         71214.4         15.3495  195
   91         85454.2         70681.3         14.7729  197
   92         84617.6         69900.4         14.7172  199
   93         83969.1         69245.1          14.724  201
   94           82961         68327.3         14.6337  203
   95         82000.2         67744.1         14.2561  205
   96         79916.7         66073.8         13.8429  207
   97         79067.7         64821.3         14.2464  211
   98         78201.5         64265.8         13.9357  213
   99           77408         63993.9         13.4141  215
  100         75970.4         62112.1         13.8583  219
  101           72972         60534.5         12.4375  221
  102         69585.1         56051.1         13.5341  223
  103         69108.3         53843.9         15.2644  225
  104         67985.1         54474.7         13.5105  227
  105         67612.9         54529.9          13.083  229
  106         66624.7         54155.4         12.4694  231
  107         65472.1           53945          11.527  233
  108           64800         53919.7         10.8803  237
  109         63623.7         53607.3         10.0163  239
  110         62047.2         52587.9         9.45933  241
  111         60862.2         51420.8         9.44145  243
  112         60500.7         51007.8         9.49296  247
  113         60114.5           50764         9.35053  249
  114           59528         50500.1         9.02789  251
  115         58827.5           50091         8.73653  253
  116           58142         49729.1         8.41298  255
  117         57505.9         49601.2         7.90476  257
  118         56865.1         49271.6         7.59352  259
  119         56698.5         49149.8         7.54873  261
  120           56544         49149.6         7.39438  263
  121         56141.2         49036.8         7.10434  265
  122         55611.7         48752.7         6.85899  267
  123         55114.1         48268.3         6.84584  269
  124         54883.5         47972.4          6.9111  273
  125         54678.5           47799         6.87952  275
  126         54445.3         47559.6         6.88566  277
  127         54140.3         47164.8         6.97552  279
  128         53521.1         46371.9         7.14918  281
  129         53135.3         45727.5         7.40775  285
  130         52573.3         45223.6         7.34972  287
  131         52004.7           44799         7.20569  289
  132         51660.2         44182.2         7.47795  291
  133         51351.7         44314.3         7.03739  293
  134         51175.1         44366.5         6.80864  295
  135         50711.9         44278.9         6.43299  297
  136         50248.3         43577.7          6.6706  299
  137         49598.3         42813.7         6.78457  301
  138         47637.2         38993.5         8.64364  303
  139         47498.2         37708.4         9.78985  305
  140         46870.2         37650.1         9.22004  307
  141         46167.9         37278.4         8.88944  309
  142         45445.5         36671.9         8.77362  311
  143         44843.5           36085          8.7585  313
  144         44440.8         35411.9          9.0289  315
  145         43827.7         35380.5          8.4472  317
  146         43162.2         35405.5         7.75664  319
  147         42507.5         35310.2         7.19732  321
  148         41638.7         34944.6         6.69418  323
  149         41300.3           34422          6.8784  325
  150         40810.9           34414         6.39683  327
  151         40484.9         34249.4         6.23546  329
  152         39747.3         33454.6         6.29272  331
  153         39421.7         32936.3         6.48544  333
  154         39198.2         32737.5         6.46067  335
  155         39004.8         32516.3         6.48849  337
  156         38778.1           32193         6.58514  339
  157         38330.3         31411.6         6.91877  341
  158         38184.5         30641.1         7.54334  343
  159         37891.7         30942.6         6.94917  345
  160         37719.3         31036.2         6.68311  347
  161         37360.2         30969.3         6.39092  349
  162           37169         30691.2         6.47787  351
  163         36942.5         30470.3         6.47219  353
  164         36702.9         30059.6         6.64333  355
  165         36285.1         29237.3         7.04781  357
  166         35529.9         27627.1         7.90275  359
  167         35194.4         26791.9         8.40252  363
  168         34817.8         26377.5         8.44034  365
  169         34629.5         26389.6         8.23994  367
  170         34451.4         26358.9         8.09249  369
  171         34054.5         26142.7         7.91181  371
  172         33568.4         25893.9         7.67448  373
  173         33211.6         25439.2          7.7724  375
  174         32945.8         24946.2         7.99957  377
  175         32834.1           24591         8.24306  379
  176         32715.4         24619.3          8.0961  381
  177         32560.2         24618.8         7.94142  383
  178         32326.3         24460.9         7.86545  385
  179         32219.7         24281.1         7.93859  389
  180         31971.8         24036.2         7.93559  391
  181         31638.9         23569.9         8.06899  393
  182         31592.3         23203.7         8.38859  395
  183         31410.6         23188.3         8.22232  397
  184         31367.2         23202.8         8.16448  399
  185         31282.6         23179.6         8.10296  401
  186         31174.8         23118.8         8.05603  403
  187         31030.8         23017.1         8.01378  405
  188         30842.1         22883.3         7.95879  407
  189         30471.1         22257.5         8.21363  409
  190         30365.3         22097.5          8.2678  411
  191         30236.5         22225.5         8.01095  413
  192         30207.9         22225.7         7.98221  415
  193         30074.2         22139.2         7.93509  417
  194         29922.8         21959.1         7.96373  419
  195         29694.9         21532.5         8.16249  421
  196         29404.6         21214.8         8.18976  423
  197         29226.7         21045.9         8.18086  425
  198         29100.8         20861.6         8.23922  427
  199         29049.2         20758.7         8.29055  431
  200         28980.6         20710.7         8.26989  433
  201         28849.9         20611.5         8.23846  435
  202         28691.5         20482.7         8.20881  437
  203         28624.4         20419.7         8.20467  441
  204         28496.5         20340.3         8.15615  443
  205         28372.2         20297.9         8.07435  445
  206         28230.2         20228.3         8.00189  447
  207         28048.4         20162.2         7.88616  449
  208         27844.4         20086.4         7.75791  451
  209         27545.7         19937.9         7.60775  453
  210           27448         19868.8         7.57914  457
  211         27369.3         19838.2         7.53114  459
  212         27243.3         19764.1         7.47918  461
  213           27146         19654.4         7.49159  463
  214         27033.1         19531.7         7.50138  465
  215         26926.2         19469.5         7.45663  467
  216         26893.9         19298.3         7.59565  469
  217         26774.7         19325.5          7.4493  471
  218         26751.5         19325.7          7.4258  473
  219         26619.4         19260.9         7.35846  475
  220         26475.8         19062.3         7.41347  477
  221         26322.4         18901.6         7.42076  479
  222         26221.5         18764.1         7.45735  481
  223         26166.7         18669.2         7.49749  483
  224         26091.7         18534.9         7.55676  485
  225         25963.7         18390.6         7.57313  487
  226         25804.7         18258.8         7.54585  489
  227         25585.3         18117.8         7.46747  491
  228         25519.7         18067.6         7.45214  495
  229         25450.8         18087.9         7.36293  497
  230         25291.1         18051.9         7.23916  499
  231         25062.3         17965.6         7.09671  501
  232         24839.2         17762.7         7.07648  503
  233         24577.2         17573.1         7.00406  505
  234         24470.3         17507.5         6.96272  507
  235         24431.4         17450.3         6.98111  509
  236         24361.8         17444.6         6.91719  511
  237         24251.5         17418.9         6.83254  513
  238         24115.3         17364.1         6.75116  515
  239         23996.4         17305.9         6.69044  517
  240           23959         17285.4         6.67359  521
  241         23877.2         17251.5         6.62564  523
  242         23782.3         17218.6         6.56374  525
  243         23617.9         17159.5         6.45841  527
  244         23545.6         17124.7         6.42096  529
  245         23454.4         17090.1         6.36433  531
  246           23418         17101.5         6.31653  533
  247         23397.8         17102.9         6.29483  535
  248         23350.5         17100.6         6.24994  537
  249         23274.8         17062.6         6.21222  539
  250         23183.1         17014.7         6.16834  541
  251         23126.9         16959.5         6.16738  543
  252         23095.5         16918.1         6.17739  545
  253         23080.6         16908.4         6.17226  547
  254         23050.3         16893.3         6.15694  549
  255         22992.4           16838         6.15439  551
  256         22890.4         16731.1         6.15931  553
  257         22824.5         16585.2         6.23933  555
  258         22731.2         16570.7         6.16047  557
  259         22682.3         16558.8          6.1235  559
  260         22645.6         16528.9         6.11671  561
  261         22607.3         16492.2         6.11511  565
  262         22541.8         16453.6         6.08814  567
  263         22436.9         16381.6         6.05528  569
  264           22380         16283.3         6.09671  571
  265         22324.8         16272.9          6.0519  573
  266         22308.3         16276.2         6.03216  575
  267           22271           16266         6.00501  577
  268         22231.2         16202.6          6.0286  579
  269         22174.9         16178.4         5.99646  581
  270         22041.3         16069.5         5.97179  583
  271         22015.4           16009         6.00643  585
  272         21982.6         15992.9         5.98966  587
  273           21965         15983.3         5.98168  589
  274         21932.9           15964         5.96887  591
  275         21884.8         15931.9         5.95288  593
  276         21875.9         15880.7         5.99514  595
  277         21814.5         15887.6         5.92685  597
  278         21786.2         15886.5         5.89971  599
  279           21751           15876         5.87505  601
  280         21705.7           15855         5.85077  603
  281         21622.9         15823.9         5.79897  605
  282         21555.2         15793.2         5.76205  607
  283         21539.1         15750.8         5.78825  609
  284         21497.3         15756.2         5.74116  611
  285         21491.7           15757         5.73469  613
  286         21463.1         15738.6          5.7245  615
  287         21417.8         15714.8         5.70298  617
  288         21334.5           15643         5.69151  619
  289           21275         15570.1         5.70492  621
  290         21250.3         15508.9         5.74144  623
  291         21213.7           15518         5.69569  625
  292           21195         15522.1         5.67288  627
  293         21166.2         15517.8         5.64846  629
  294         21133.9         15490.5         5.64339  631
  295         21098.5         15466.1         5.63238  633
  296         21070.7         15441.6         5.62905  635
  297         21001.3         15357.6         5.64371  637
  298           20989         15341.6         5.64735  641
  299         20972.8         15323.6         5.64917  643
  300         20952.8         15299.9         5.65289  645
  301         20920.9         15267.5         5.65339  647
  302         20873.4         15198.6         5.67479  649
  303         20852.2         15178.2         5.67404  653
  304         20828.6         15168.5         5.66014  655
  305         20812.6         15163.9         5.64873  657
  306         20800.8         15159.1         5.64171  659
  307         20751.2         15119.1         5.63214  661
  308         20706.1         15051.6          5.6545  663
  309         20667.1         15021.1         5.64607  665
  310         20643.1         14996.2         5.64695  667
  311           20629         14959.5         5.66953  669
  312         20617.3         14948.2         5.66904  671
  313         20604.8         14940.3         5.66456  673
  314           20553         14884.2         5.66883  675
  315         20538.6         14853.7         5.68489  679
  316         20521.5         14830.5         5.69097  681
  317         20501.7         14798.7         5.70301  683
  318         20480.2         14758.4         5.72185  685
  319         20450.5         14688.8         5.76162  687
  320         20436.8         14642.5         5.79429  689
  321         20415.7         14650.1         5.76564  691
  322         20405.2         14659.2         5.74601  693
  323         20395.9         14666.2         5.72964  695
  324         20374.1         14666.2         5.70795  697
  325         20356.1           14662         5.69413  701
  326         20308.5         14640.7         5.66774  703
  327         20267.8         14603.1         5.66462  705
  328         20251.5         14550.5         5.70095  707
  329           20224         14530.9         5.69302  709
  330         20218.2           14533         5.68517  711
  331         20204.8         14524.2         5.68061  713
  332         20192.1         14496.1         5.69605  715
  333         20173.5         14473.5         5.69998  717
  334         20153.6         14446.3         5.70721  719
  335           20139         14409.9         5.72913  721
  336         20131.5         14396.5           5.735  723
  337         20127.9         14400.4         5.72754  725
  338         20119.6         14402.5         5.71706  727
  339           20108         14399.7         5.70824  729
  340         20094.8         14378.4         5.71635  731
  341         20074.8         14354.5         5.72024  733
  342         20052.7         14317.6         5.73503  735
  343         20024.2         14255.9          5.7683  737
  344         20011.6         14202.6         5.80902  739
  345         19996.8           14207          5.7898  741
  346         19988.6         14209.7         5.77895  743
  347         19973.8         14208.7          5.7651  745
  348         19956.7         14200.4         5.75631  747
  349         19941.7         14166.2          5.7755  749
  350         19924.8         14150.7         5.77412  751
  351         19904.5         14104.5         5.79996  753
  352         19899.7         14085.6         5.81407  755
  353         19892.9         14085.6         5.80729  757
  354         19872.6         14075.3         5.79726  759
  355         19860.1         14062.5         5.79761  761
  356         19853.8         14052.6          5.8012  765
  357         19842.4         14035.4         5.80693  767
  358         19828.5         14016.2         5.81225  769
  359         19795.2         13967.8         5.82741  771
  360         19765.4         13911.6          5.8538  773
  361         19752.1         13877.2         5.87496  775
  362         19734.9         13894.3         5.84056  777
  363         19730.3         13901.8         5.82858  779
  364         19724.6         13905.8         5.81877  781
  365         19707.1         13909.8          5.7973  783
  366           19687         13904.7         5.78235  785
  367         19654.3         13892.6         5.76172  787
  368         19624.7           13863         5.76176  789
  369         19611.5         13836.9         5.77458  791
  370         19607.2         13830.4         5.77673  795
  371         19599.8         13821.3         5.77853  797
  372         19579.5         13801.5         5.77801  799
  373         19551.3         13780.1         5.77116  801
  374         19543.7         13760.6         5.78307  803
  375         19521.3           13769         5.75232  805
  376         19514.2         13775.6         5.73866  807
  377           19505         13779.8         5.72525  809
  378         19497.4         13779.4         5.71797  813
  379         19481.7         13778.3         5.70348  815
  380         19455.6         13767.3         5.68824  817
  381         19433.2         13746.4         5.68675  819
  382         19423.3         13731.2         5.69206  821
  383         19415.7         13732.2         5.68356  823
  384         19410.1         13730.3         5.67975  825
  385         19402.5         13725.4         5.67714  827
  386         19389.9           13714         5.67592  829
  387         19373.7         13701.9         5.67184  831
  388         19360.1         13695.6         5.66446  833
  389         19349.6         13687.9         5.66166  835
  390         19345.8         13687.8         5.65806  839
  391         19343.9         13689.4         5.65441  841
  392         19337.9         13689.8         5.64808  843
  393           19322         13688.3         5.63366  845
  394           19302         13677.9         5.62404  847
  395         19282.2         13669.4         5.61281  849
  396         19267.7         13658.2         5.60952  851
  397         19261.8         13655.2         5.60659  853
  398         19254.1         13652.9          5.6012  855
  399         19227.2         13639.9         5.58735  859
  400         19214.1         13632.1         5.58196  861
  401         19210.1         13633.4         5.57673  863
  402         19204.6         13634.2          5.5704  865
  403         19193.9         13634.3         5.55967  867
  404           19184         13633.2         5.55077  869
  405         19177.3         13628.9         5.54837  871
  406           19171         13626.6          5.5444  873
  407         19161.3         13619.5         5.54178  875
  408           19152         13610.5         5.54146  877
  409         19144.7         13604.2         5.54054  879
  410         19137.8         13601.9         5.53592  881
  411         19123.5         13598.1         5.52544  883
  412         19104.7         13593.6         5.51104  885
  413         19094.8         13591.5         5.50329  889
  414         19081.7         13591.2         5.49048  891
  415         19076.4         13591.7         5.48472  893
  416           19068         13592.5         5.47544  895
  417         19055.8         13593.8         5.46198  897
  418           19054         13596.7          5.4573  899
  419         19038.9         13594.8         5.44403  901
  420         19035.5         13593.8         5.44174  903
  421         19030.7         13592.3         5.43839  905
  422         19022.5         13589.5         5.43295  907
  423         19008.9         13585.7          5.4232  909
  424         18996.8         13585.2         5.41161  911
  425         18985.1         13585.2         5.39982  913
  426         18976.9         13587.4         5.38951  915
  427           18972         13587.2         5.38475  917
  428         18967.7         13587.2         5.38049  919
  429         18957.3         13591.1         5.36623  921
  430         18945.1         13594.9         5.35023  923
  431         18941.3         13594.5          5.3468  925
  432           18940         13595.2         5.34483  927
  433           18937         13597.9         5.33911  929
  434         18933.5         13601.5         5.33196  931
  435         18927.8         13605.1         5.32273  933
  436         18918.9         13607.8          5.3111  935
  437         18912.4         13607.9         5.30449  937
  438         18909.5         13603.8         5.30576  939
  439           18906         13600.9         5.30513  941
  440         18903.3         13598.1         5.30521  943
  441         18898.9         13593.1          5.3058  945
  442         18892.3         13586.9         5.30541  947
  443         18890.3         13584.2         5.30608  951
  444         18886.5         13582.4         5.30412  953
  445         18884.1         13582.9         5.30119  955
  446           18882         13585.8         5.29627  957
  447         18879.9         13586.9         5.29299  959
  448         18875.6         13589.1         5.28647  961
  449         18872.4         13591.3         5.28113  963
  450           18869           13592         5.27698  965
  451         18862.1         13590.1         5.27201  967
  452         18852.3           13583         5.26929  969
  453         18848.5           13576         5.27251  971
  454         18843.9         13574.6         5.26934  973
  455         18841.7         13572.9         5.26881  975
  456           18837         13569.2         5.26785  977
  457         18833.6         13567.3         5.26638  981
  458         18826.9         13563.7         5.26315  983
  459         18820.9         13563.5         5.25747  985
  460         18818.8         13565.5         5.25332  987
  461         18815.4         13567.2         5.24819  989
  462           18814         13567.7         5.24627  991
  463         18809.9         13569.3         5.24058  993
  464         18808.8         13571.3         5.23757  995
  465         18804.9           13571         5.23395  997
  466         18802.3         13570.6          5.2317  999
  467         18795.6         13570.4         5.22523  1001
  468         18788.1         13571.9         5.21617  1003
  469         18784.7         13573.4         5.21134  1007
  470         18780.7           13575         5.20571  1009
  471         18778.2         13575.5          5.2027  1011
  472         18775.2         13575.4         5.19983  1013
  473         18767.9         13574.5         5.19335  1015
  474         18763.1         13571.1         5.19197  1017
  475         18756.9         13568.3         5.18856  1019
  476         18754.1         13566.5         5.18759  1021
  477         18751.6         13564.2         5.18745  1023
  478         18748.7         13561.4         5.18733  1025
  479         18745.6         13558.1         5.18749  1027
  480         18741.1         13557.3          5.1838  1029
  481         18729.8         13555.4         5.17449  1031
  482         18721.2           13552         5.16916  1033
  483         18715.3         13550.8         5.16457  1035
  484         18710.2         13548.5         5.16179  1037
  485         18706.7           13548         5.15869  1039
  486         18695.6         13545.7         5.14983  1041
  487         18681.9         13540.9         5.14103  1043
  488         18673.3         13536.9         5.13635  1045
  489         18668.2         13536.2           5.132  1047
  490         18664.3         13533.4         5.13093  1049
  491         18662.3         13531.8         5.13046  1051
  492         18655.1         13525.9         5.12923  1053
  493         18650.2         13520.1         5.13013  1057
  494         18639.8         13513.9         5.12583  1059
  495         18627.9         13505.9         5.12206  1061
  496         18625.8         13502.2         5.12361  1063
  497         18621.8           13502          5.1198  1065
  498         18619.4         13502.2         5.11724  1067
  499         18616.3         13501.4         5.11484  1069
  500         18610.7           13500         5.11063  1071
  501         18608.3         13498.3         5.10997  1075
  502         18602.9         13496.4         5.10652  1077
  503         18596.4         13491.8         5.10453  1079
  504         18589.7         13485.3         5.10442  1081
  505           18587         13475.8         5.11128  1083
  506         18581.2         13474.9         5.10635  1085
  507         18577.4         13473.6         5.10386  1087
  508         18572.6         13470.1         5.10244  1089
  509         18569.5         13463.3         5.10617  1093
  510         18562.6         13457.1         5.10557  1095
  511         18546.6         13438.9         5.10767  1097
  512         18542.3         13422.9         5.11937  1099
  513           18534         13419.6         5.11437  1101
  514         18532.4         13421.6         5.11082  1103
  515         18530.3         13421.2         5.10916  1105
  516         18528.2         13421.8          5.1064  1107
  517         18523.4           13421         5.10236  1109
  518         18519.8         13416.9         5.10289  1113
  519         18511.2           13413          5.0982  1115
  520         18507.4         13407.4         5.09998  1117
  521         18504.7         13404.9         5.09977  1119
  522         18503.3         13404.2         5.09915  1121
  523           18499           13400         5.09898  1123
  524         18493.1           13396         5.09716  1125
  525         18489.2           13394         5.09517  1127
  526         18484.9         13390.3         5.09464  1129
  527         18483.2         13388.6         5.09464  1133
  528         18482.1         13388.4         5.09371  1135
  529         18475.9           13385         5.09089  1137
  530         18471.3         13380.7         5.09061  1139
  531         18470.2         13377.2         5.09294  1141
  532           18468         13376.8         5.09117  1143
  533         18465.4         13375.1         5.09027  1145
  534         18460.8         13370.4         5.09048  1147
  535         18455.2         13363.4         5.09182  1149
  536         18453.4         13360.5         5.09293  1153
  537         18449.6         13356.6         5.09303  1155
  538         18445.7         13353.3          5.0924  1157
  539         18437.7         13346.3         5.09139  1159
  540           18428         13340.2         5.08773  1161
  541         18421.2         13328.7         5.09249  1163
  542           18415         13331.8         5.08324  1165
  543         18413.2         13333.4         5.07977  1167
  544         18411.6         13334.7         5.07695  1169
  545         18409.7         13332.1          5.0776  1171
  546         18407.3         13329.6          5.0777  1173
  547           18401         13320.5         5.08046  1175
  548         18399.8           13319         5.08082  1179
  549         18398.5         13317.4         5.08109  1181
  550           18397         13316.2         5.08077  1183
  551         18396.7         13315.8         5.08086  1185
  552         18393.2         13315.2           5.078  1187
  553         18389.5         13314.3         5.07524  1189
  554         18384.2         13312.5         5.07164  1191
  555         18380.5         13311.4          5.0691  1193
  556         18378.7         13310.6         5.06803  1197
  557         18376.7         13310.5         5.06616  1199
  558         18374.5         13310.2         5.06421  1201
  559         18372.4         13309.7         5.06275  1203
  560         18369.7         13308.2         5.06153  1205
  561         18369.2         13307.1         5.06201  1207
  562         18368.1           13307         5.06108  1209
  563         18367.5         13306.7         5.06076  1211
  564         18366.7           13306         5.06065  1213
  565         18365.7           13305         5.06079  1215
  566           18365         13303.5         5.06144  1217
  567         18363.7         13303.3         5.06046  1219
  568         18362.2         13302.3          5.0599  1221
  569         18359.1         13299.2         5.05989  1223
  570         18356.3           13296         5.06037  1225
  571         18355.2         13294.7         5.06047  1229
  572         18352.1         13291.7         5.06032  1231
  573         18349.6         13289.8          5.0598  1233
  574         18346.9         13287.5         5.05942  1235
  575         18346.2         13285.9         5.06036  1237
  576         18344.7           13286         5.05869  1239
  577           18344           13286         5.05803  1241
  578         18343.4           13286         5.05747  1243
  579         18342.6         13286.1         5.05645  1245
  580           18342         13285.6         5.05637  1249
  581         18340.9         13285.5         5.05547  1251
  582         18338.6         13284.2         5.05431  1253
  583         18337.4         13282.3         5.05512  1255
  584         18335.8         13281.7         5.05408  1257
  585         18334.9         13281.1         5.05385  1259
  586         18333.8         13280.3         5.05356  1261
  587         18332.6         13276.6         5.05605  1263
  588         18328.7         13275.8         5.05294  1265
  589         18324.4         13273.8         5.05065  1267
  590         18320.3         13270.4         5.04988  1269
  591         18319.4         13268.9         5.05048  1273
  592         18317.9         13267.3         5.05058  1275
  593         18317.3         13266.8         5.05047  1277
  594         18316.3         13266.1         5.05023  1279
  595         18314.7         13264.5         5.05013  1281
  596         18312.2         13262.4         5.04985  1283
  597         18310.6         13260.6            5.05  1287
  598         18308.7         13259.6         5.04912  1289
  599           18307         13258.9         5.04803  1291
  600         18305.4         13257.6         5.04786  1293
  601         18304.7         13257.7           5.047  1295
  602         18303.7         13257.5         5.04618  1297
  603         18303.1         13257.5         5.04566  1299
  604         18302.6         13257.3         5.04535  1301
  605         18301.6         13256.1         5.04542  1303
  606         18300.1         13253.5         5.04652  1305
  607           18299         13252.2         5.04674  1307
  608         18297.9         13250.5         5.04747  1309
  609         18297.3         13247.3            5.05  1311
  610         18296.3         13246.7         5.04957  1313
  611         18295.3         13245.8         5.04946  1315
  612         18293.8         13243.7         5.05006  1317
  613         18293.2         13240.8         5.05247  1319
  614         18291.9         13239.7         5.05225  1321
  615         18291.4         13238.9         5.05246  1323
  616         18290.2         13236.9         5.05332  1325
  617           18288         13232.5         5.05547  1327
  618         18285.4         13225.7         5.05969  1329
  619         18283.9         13221.3         5.06267  1333
  620         18282.6         13219.2         5.06335  1335
  621         18281.5         13217.7         5.06383  1337
  622         18280.2         13214.3         5.06593  1339
  623           18279         13210.7         5.06831  1341
  624         18277.8         13207.3          5.0705  1343
  625           18277         13206.9         5.07006  1345
  626         18274.7         13204.9         5.06983  1347
  627         18273.8         13202.1         5.07171  1351
  628         18272.1         13200.2         5.07187  1353
  629         18267.5         13190.5         5.07693  1355
  630         18266.3           13187         5.07934  1359
  631         18264.9         13182.8         5.08215  1361
  632         18263.8         13179.4         5.08436  1363
  633         18261.6         13173.2         5.08836  1365
  634         18260.1           13163         5.09712  1367
  635         18256.2         13161.5         5.09469  1369
  636           18254         13161.1         5.09294  1371
  637         18252.8         13159.6          5.0932  1373
  638           18251         13153.3         5.09764  1375
  639         18248.1         13147.5         5.10053  1377
  640         18244.7         13135.9         5.10882  1379
  641         18243.2         13128.6         5.11458  1381
  642         18241.8         13119.2         5.12253  1383
  643         18239.6         13113.9         5.12575  1385
  644         18233.8         13097.7         5.13609  1387
  645         18230.5         13079.5         5.15101  1389
  646         18227.5           13078         5.14954  1391
  647         18225.8         13077.2         5.14863  1393
  648         18224.5         13076.6         5.14786  1395
  649         18223.4         13071.8         5.15156  1399
  650         18221.2         13068.8         5.15244  1401
  651         18216.2         13057.8         5.15842  1403
  652         18211.1         13037.6         5.17354  1405
  653         18210.4         13009.1         5.20129  1407
  654         18205.4         13012.2         5.19324  1409
  655         18203.6         13010.3         5.19336  1411
  656         18201.1         13001.5         5.19965  1413
  657           18200         12983.7         5.21634  1415
  658         18195.9         12979.2         5.21674  1417
  659         18192.9         12970.6         5.22226  1419
  660         18188.6         12951.3         5.23727  1421
  661         18185.2         12928.8         5.25637  1423
  662         18183.9         12910.4         5.27347  1425
  663         18182.7         12914.9         5.26772  1427
  664         18181.5         12916.6         5.26493  1429
  665           18179           12914         5.26497  1431
  666         18175.2         12901.1         5.27408  1433
  667         18173.8         12890.2         5.28356  1437
  668         18170.5         12871.4         5.29912  1439
  669         18168.1         12853.3         5.31485  1441
  670           18166         12830.3         5.33578  1443
  671         18165.3         12823.3         5.34206  1447
  672         18164.6         12820.6         5.34399  1449
  673         18163.9         12821.5         5.34231  1451
  674           18163         12824.5         5.33854  1453
  675         18161.9         12828.8         5.33315  1455
  676         18160.7         12832.4         5.32831  1457
  677         18159.9         12836.3         5.32356  1459
  678         18159.3         12835.4         5.32389  1461
  679         18159.1         12834.6         5.32445  1463
  680         18158.3         12832.6         5.32567  1465
  681         18157.2           12831         5.32616  1467
  682         18155.7         12830.1         5.32558  1469
  683         18153.5         12831.6         5.32191  1471
  684         18151.7         12837.8         5.31383  1473
  685         18149.4         12841.8         5.30757  1475
  686         18148.8         12841.3         5.30744  1477
  687           18148         12841.7         5.30625  1479
  688         18146.3         12845.4          5.3009  1481
  689         18145.2         12849.7         5.29552  1483
  690         18143.8         12852.4         5.29146  1485
  691         18142.9         12854.8         5.28805  1487
  692         18142.4         12855.7         5.28674  1489
  693         18142.1         12856.8         5.28533  1493
  694         18141.7         12856.9         5.28474  1495
  695         18141.1         12857.2          5.2839  1497
  696           18140         12858.3         5.28169  1499
  697         18139.6         12859.4         5.28017  1501
  698           18139         12859.5          5.2795  1503
  699         18138.7         12859.6         5.27903  1505
  700         18138.4         12859.8         5.27856  1507
  701         18138.1         12860.2         5.27791  1511
  702         18137.6         12860.4         5.27718  1513
  703         18136.6         12860.7         5.27596  1515
  704         18135.5         12861.3         5.27421  1517
  705         18135.1         12861.3         5.27381  1519
  706         18134.4         12861.4         5.27308  1521
  707         18133.9         12861.3         5.27258  1523
  708         18133.4         12861.3         5.27209  1525
  709         18132.5         12861.5         5.27102  1527
  710         18131.2         12861.6         5.26958  1529
  711         18129.6         12862.1          5.2675  1531
  712           18128         12863.6         5.26445  1533
  713         18127.5           12865         5.26251  1535
  714         18126.4         12865.9         5.26046  1537
  715         18125.6         12866.8         5.25882  1539
  716         18124.9         12867.8         5.25707  1541
  717         18124.3         12868.9         5.25542  1543
  718         18123.6         12870.5         5.25313  1545
  719         18123.1         12870.8         5.25229  1547
  720         18122.4         12871.4         5.25098  1549
  721         18122.2         12871.7          5.2505  1553
  722         18121.9           12872         5.24993  1555
  723           18121         12872.9         5.24813  1557
  724         18119.7         12875.3         5.24438  1559
  725         18118.2         12876.9          5.2413  1561
  726         18117.5         12877.1         5.24045  1563
  727         18117.1         12877.3         5.23981  1565
  728           18117         12877.4         5.23959  1567
  729         18116.6         12877.6         5.23901  1569
  730         18115.9           12878         5.23791  1571
  731         18115.1         12878.9         5.23624  1573
  732         18114.5         12879.8          5.2347  1575
  733         18114.2         12880.3         5.23386  1579
  734         18113.8         12880.8         5.23298  1581
  735         18113.2         12881.3         5.23189  1583
  736         18112.2         12882.5         5.22972  1585
  737         18111.2         12883.1         5.22805  1587
  738         18110.7         12883.9         5.22684  1591
  739         18110.2           12884          5.2262  1593
  740         18109.7         12883.8          5.2259  1595
  741         18108.9         12883.9         5.22493  1597
  742           18108         12884.1         5.22394  1599
  743         18107.1         12884.6         5.22249  1601
  744         18106.3         12885.5         5.22083  1603
  745         18105.7           12886          5.2197  1605
  746           18104         12888.4          5.2156  1607
  747         18102.2         12889.1         5.21314  1609
  748         18101.2         12888.9         5.21231  1611
  749         18100.6         12888.6         5.21199  1615
  750         18100.2         12888.8         5.21133  1617
  751         18099.9         12888.9         5.21094  1619
  752         18098.1         12890.5         5.20751  1621
  753         18097.7         12890.7         5.20699  1625
  754         18097.3         12891.3         5.20605  1627
  755         18096.9         12891.8         5.20509  1629
  756         18096.3         12892.4         5.20389  1631
  757         18095.3           12894         5.20132  1633
  758         18094.7         12894.6         5.20016  1637
  759         18093.6         12895.9         5.19773  1639
  760         18092.8         12896.8         5.19605  1641
  761         18092.4         12897.1         5.19524  1643
  762           18092         12897.2          5.1948  1645
  763         18091.3         12896.9         5.19442  1647
  764         18091.1         12897.9         5.19319  1649
  765         18090.4         12897.7         5.19276  1651
  766         18089.7         12898.1         5.19168  1653
  767         18089.1         12899.1         5.19004  1655
  768         18088.6           12901         5.18759  1657
  769           18088         12902.3         5.18568  1659
  770         18087.8         12902.2         5.18566  1661
  771         18087.5           12902         5.18546  1663
  772         18087.2         12901.8         5.18542  1667
  773         18086.9         12901.8         5.18515  1669
  774         18085.8         12900.8         5.18497  1671
  775         18085.6         12900.6         5.18501  1675
  776         18085.2           12900         5.18515  1677
  777           18084         12898.6         5.18545  1679
  778         18083.2         12897.4         5.18576  1683
  779         18081.8         12895.8         5.18599  1685
  780           18081         12895.1         5.18584  1687
  781         18080.2         12894.5         5.18572  1689
  782         18079.1         12893.5         5.18556  1691
  783           18078           12893         5.18499  1693
  784         18075.1         12889.5         5.18566  1695
  785         18074.3         12888.8         5.18546  1699
  786         18073.8         12888.8         5.18501  1701
  787         18072.1         12886.5         5.18559  1703
  788         18070.2         12883.5          5.1867  1705
  789         18068.7         12878.9         5.18975  1707
  790           18067         12874.2          5.1928  1709
  791         18066.3         12873.2          5.1931  1711
  792         18065.5         12872.2         5.19329  1713
  793         18064.7         12869.4         5.19533  1717
  794         18063.2         12868.2         5.19498  1719
  795         18059.8         12861.6         5.19825  1721
  796         18059.3         12859.8         5.19947  1725
  797         18058.7         12858.3         5.20039  1727
  798         18058.3         12857.8         5.20052  1729
  799         18057.7         12857.7             5.2  1731
  800         18056.4         12858.3         5.19816  1733
  801         18055.9         12858.6         5.19733  1737
  802         18054.9         12859.6         5.19529  1739
  803         18054.3         12860.1         5.19419  1741
  804         18053.9         12859.9         5.19406  1743
  805         18053.6         12859.8         5.19383  1745
  806         18053.4         12859.4         5.19407  1747
  807           18053         12858.2         5.19479  1749
  808         18052.7         12857.5         5.19521  1753
  809           18052         12856.3         5.19574  1755
  810           18050         12852.6         5.19743  1757
  811         18049.3         12850.8         5.19845  1761
  812         18048.4         12849.6         5.19877  1763
  813         18047.7           12849         5.19865  1765
  814         18046.7         12846.2         5.20049  1767
  815           18045         12844.4         5.20061  1769
  816           18042         12838.7         5.20329  1771
  817         18039.4         12830.1          5.2093  1773
  818         18036.4         12828.8         5.20765  1775
  819         18033.4           12823         5.21033  1777
  820         18031.9         12817.4         5.21451  1779
  821         18030.6         12812.8         5.21787  1781
  822           18029         12808.7         5.22033  1783
  823         18025.7         12799.4         5.22634  1785
  824         18021.3         12785.3         5.23603  1787
  825         18019.3           12779         5.24023  1791
  826         18015.2         12768.4         5.24682  1793
  827         18013.3         12765.7         5.24756  1795
  828         18012.1         12765.9         5.24615  1797
  829           18011         12765.1         5.24599  1799
  830         18010.4         12769.6         5.24087  1801
  831         18009.7         12768.6         5.24111  1803
  832         18008.7         12767.8         5.24089  1805
  833         18007.8         12767.5         5.24037  1807
  834         18005.8         12763.9         5.24193  1809
  835         18001.9         12753.8          5.2481  1811
  836         18001.2         12750.6         5.25061  1815
  837         17998.8         12742.9         5.25596  1817
  838         17996.7         12733.5          5.2632  1819
  839         17994.9         12724.8         5.27005  1821
  840         17992.7         12718.6         5.27408  1823
  841         17991.1         12716.2         5.27499  1825
  842         17989.8         12715.1         5.27472  1827
  843         17989.6         12714.7          5.2749  1829
  844         17988.3         12715.2         5.27311  1831
  845         17987.9         12715.3         5.27258  1833
  846           17987         12715.5         5.27149  1835
  847         17986.1         12715.5         5.27058  1837
  848         17985.2         12715.3         5.26989  1839
  849         17984.1           12715         5.26907  1841
  850         17981.7         12713.8         5.26791  1843
  851         17979.1         12712.2          5.2669  1845
  852         17977.1         12710.2         5.26696  1847
  853         17976.1         12709.3         5.26671  1849
  854         17974.9         12709.3         5.26564  1851
  855         17973.8           12709         5.26481  1853
  856         17972.4         12707.9         5.26451  1855
  857         17971.6         12707.4         5.26425  1857
  858         17971.1         12707.1         5.26398  1859
  859         17970.4         12706.6         5.26372  1861
  860         17969.7         12705.7         5.26399  1863
  861         17969.4         12705.5         5.26393  1865
  862         17969.2         12705.4         5.26382  1867
  863           17969         12705.2         5.26375  1869
  864         17968.6         12704.8         5.26378  1871
  865         17968.1         12704.1         5.26403  1873
  866         17967.6         12703.1         5.26456  1875
  867         17967.3         12701.7         5.26557  1877
  868         17966.9         12701.7         5.26523  1879
  869         17966.5           12701          5.2655  1881
  870         17966.2         12700.1         5.26612  1883
  871         17966.1         12698.3         5.26774  1885
  872         17965.6         12698.1         5.26752  1887
  873           17965         12697.2         5.26777  1889
  874         17963.8         12694.6         5.26925  1891
  875         17962.6         12690.7         5.27189  1893
  876         17962.3         12689.5         5.27274  1897
  877         17961.7         12687.6          5.2741  1899
  878         17961.2         12686.4         5.27477  1901
  879         17960.6           12685         5.27567  1903
  880         17959.6         12682.1         5.27754  1905
  881         17959.3         12680.9         5.27835  1907
  882         17958.3         12679.9          5.2784  1909
  883         17958.1         12680.5         5.27754  1911
  884         17957.9         12681.1         5.27674  1913
  885         17957.6         12681.7         5.27596  1915
  886         17957.3         12682.2         5.27507  1917
  887         17956.6         12681.4         5.27524  1919
  888           17956         12679.4         5.27662  1921
  889         17955.7         12677.7         5.27797  1923
  890         17955.5         12673.3         5.28222  1925
  891         17954.2         12672.6         5.28161  1927
  892         17953.5           12671         5.28246  1929
  893         17953.1         12669.3         5.28383  1931
  894         17952.7         12668.2         5.28445  1933
  895         17951.7         12664.1          5.2876  1935
  896         17950.4           12663          5.2874  1937
  897         17949.7         12663.2         5.28648  1939
  898         17948.9         12663.2         5.28576  1941
  899         17948.5         12661.8         5.28666  1945
  900         17947.7         12660.9         5.28681  1947
  901           17946         12657.3         5.28863  1949
  902         17945.5           12654         5.29146  1951
  903         17944.8         12652.8         5.29202  1953
  904         17944.6         12652.6         5.29196  1955
  905         17943.9         12651.1         5.29284  1957
  906         17943.1         12648.8         5.29433  1959
  907         17942.3         12645.7         5.29666  1961
  908         17941.6         12644.1         5.29751  1963
  909         17941.2         12642.3          5.2989  1967
  910         17940.9         12640.8         5.30009  1969
  911         17940.9         12640.7         5.30014  1971
  912         17940.4         12639.3         5.30114  1973
  913         17939.9         12636.7         5.30318  1975
  914         17939.6         12634.4         5.30522  1979
  915         17939.3         12631.9         5.30737  1981
  916         17939.1         12630.4         5.30869  1983
  917         17938.9         12629.1          5.3098  1985
  918         17938.6         12625.6         5.31307  1987
  919         17938.5         12625.9         5.31257  1989
  920         17938.4         12626.2         5.31215  1991
  921           17938         12626.1         5.31191  1993
  922         17937.7         12625.1         5.31265  1995
  923         17937.3         12619.4         5.31795  1997
  924         17936.9         12617.1         5.31981  1999
  925         17936.8         12616.5         5.32034  2001
  926         17936.6         12614.5          5.3221  2003
  927         17936.3         12611.3           5.325  2005
  928           17936         12608.4         5.32761  2007
  929         17935.7         12607.1         5.32865  2009
  930         17935.5         12605.2         5.33036  2013
  931         17935.3         12604.6         5.33066  2015
  932         17935.2         12604.8         5.33044  2017
  933         17934.4         12604.6         5.32976  2019
  934         17934.1         12603.1         5.33097  2023
  935         17933.6         12601.7          5.3319  2025
  936         17933.3         12600.1         5.33326  2027
  937         17933.2         12598.9         5.33434  2029
  938         17933.1         12598.1         5.33501  2031
  939           17933         12597.5         5.33543  2033
  940         17932.7         12595.8         5.33683  2035
  941         17932.5         12594.3         5.33817  2037
  942         17932.2           12594          5.3382  2039
  943         17932.1         12593.9         5.33818  2041
  944         17931.9         12593.5         5.33843  2043
  945         17931.8         12592.6         5.33915  2047
  946         17931.6           12592         5.33961  2049
  947         17931.2         12589.8         5.34143  2051
  948         17930.9         12587.1         5.34379  2053
  949         17930.8         12585.8         5.34499  2057
  950         17930.7         12585.3         5.34549  2059
  951         17930.7         12585.2         5.34547  2061
  952         17930.6         12585.2         5.34539  2063
  953         17930.5         12584.7         5.34575  2065
  954         17930.2         12584.1         5.34613  2067
  955         17929.6         12582.3         5.34736  2069
  956         17929.5         12581.5         5.34805  2073
  957         17929.3         12580.6         5.34873  2075
  958         17929.2         12580.1         5.34906  2077
  959         17928.9         12578.7         5.35023  2079
  960         17928.6         12577.9         5.35074  2081
  961         17928.4         12577.5         5.35088  2083
  962         17928.2           12577         5.35119  2085
  963         17928.1         12576.4         5.35165  2089
  964         17927.9           12576         5.35188  2091
  965         17927.4         12574.5         5.35295  2093
  966         17927.2         12572.5         5.35465  2095
  967         17926.9         12571.6         5.35522  2097
  968         17926.8         12571.7         5.35506  2099
  969         17926.6         12571.4         5.35525  2101
  970         17926.5         12570.5         5.35593  2103
  971         17926.3         12569.8          5.3565  2105
  972         17925.8         12566.1         5.35969  2107
  973         17925.8         12565.6         5.36017  2111
  974         17925.7         12565.3         5.36039  2113
  975         17925.6         12564.8          5.3608  2115
  976         17925.5         12564.1         5.36143  2117
  977         17925.2         12561.9         5.36334  2119
  978         17924.9           12559         5.36584  2121
  979         17924.7         12557.4         5.36727  2125
  980         17924.5         12556.2         5.36838  2127
  981         17924.4         12555.5          5.3689  2129
  982         17924.2         12553.8         5.37038  2131
  983           17924         12553.9         5.37019  2133
  984         17923.8         12552.9         5.37095  2135
  985         17923.7         12552.9          5.3708  2137
  986         17923.7         12552.9         5.37072  2139
  987         17923.5           12552         5.37152  2141
  988         17923.4         12548.9         5.37457  2143
  989         17923.2           12548         5.37514  2145
  990         17923.1         12547.1         5.37598  2147
  991           17923         12545.5         5.37753  2149
  992         17922.8         12542.9         5.37992  2151
  993         17922.5         12538.1         5.38435  2153
  994         17922.1         12535.4         5.38677  2155
  995         17921.7         12533.2         5.38858  2157
  996         17921.6         12532.5         5.38914  2161
  997         17921.5           12534         5.38751  2163
  998         17921.4         12534.3          5.3871  2165
  999         17921.2         12535.2         5.38598  2167
 1000         17920.6         12535.6         5.38505  2169
