    0      1.4731e+06      1.4731e+06               0  1
    1     1.19267e+06     1.19173e+06          47.298  7
    2          965498          402978           28126  9
    3          406151          387869         914.071  11
    4          382185          381025         58.0227  13
    5          372403          370940         73.1144  15
    6          314704          300432         713.588  17
    7          253227          212905         2016.07  19
    8          181912          154503         1370.45  21
    9          114039          101497         627.071  23
   10          106812         95947.9         543.194  25
   11         93681.8         81856.4          591.27  27
   12           79460         66563.5         644.826  29
   13         74909.8         63167.6         587.111  33
   14         71132.7         59765.8         568.347  35
   15         67158.7         54688.1         623.531  37
   16         60216.3         46459.4         687.844  39
   17         54196.4         39385.1         740.562  41
   18         50062.6         37031.7         651.546  43
   19         47560.6         36070.2         574.518  45
   20           45904         34621.2         564.138  47
   21           41961         30888.6         553.621  49
   22           41111         25917.8          759.66  51
   23         37457.4         25424.9         601.623  53
   24         35916.5         24325.9         579.532  55
   25         34822.8         23175.1         582.386  57
   26         33279.7         22316.3          548.17  59
   27         32033.7         21101.6         546.603  63
   28         30465.3         20675.2         489.507  65
   29           28942         19942.1         449.994  67
   30           27930         19336.8         429.661  69
   31         26772.6         18751.1         401.076  71
   32           25727         18026.4         385.032  73
   33         24751.7         17425.1          366.33  75
   34         23716.1           17119         329.855  77
   35         22866.7         16695.7         308.552  79
   36           22317         16339.8         298.857  81
   37         21475.7         15869.4         280.318  83
   38         20657.9         15697.2         248.033  85
   39         20031.4           15298         236.671  87
   40         18703.4         14356.7         217.334  89
   41         18350.2         14068.6          214.08  93
   42         17765.9         13734.9          201.55  95
   43         16957.3         13231.6         186.289  97
   44         16416.2         12810.8          180.27  99
   45         15758.3         12558.1          160.01  101
   46         15372.5         12313.6         152.945  103
   47         14749.8         11936.8         140.651  105
   48         14391.5         11692.4         134.953  109
   49         14007.7         11471.8         126.796  111
   50         13696.2         11199.5         124.833  113
   51         13435.4         10845.7         129.486  115
   52           13023         10687.8         116.759  117
   53         12853.9         10582.5          113.57  119
   54         12561.3         10380.8         109.024  121
   55         12223.9         10125.2         104.932  123
   56         11909.1         9871.36         101.889  125
   57         11687.5         9682.95         100.229  127
   58           11443         9440.78         100.112  129
   59         11249.7         9299.34         97.5193  131
   60         11070.5         9136.88         96.6802  133
   61         10721.8         8676.03         102.286  135
   62         10641.9         8452.86         109.453  137
   63         10424.1         8443.22          99.044  139
   64         10325.6         8351.48         98.7057  141
   65         10135.2         8102.16         101.653  143
   66         9990.82         7891.44         104.969  145
   67         9785.11          7645.1             107  147
   68         9587.56         7483.32         105.212  149
   69          9376.8         7320.52         102.814  151
   70         9240.72         7257.45         99.1635  153
   71         9133.51         7185.28         97.4117  155
   72          8976.8         6904.38         103.621  157
   73         8876.03          6864.8         100.561  159
   74         8813.11         6820.35         99.6379  161
   75         8742.92         6734.18         100.437  163
   76         8618.84         6582.93         101.796  165
   77         8503.56         6409.78         104.689  167
   78         8371.04         6302.31         103.437  169
   79         8276.86         6217.13         102.987  171
   80         8136.25         6064.38         103.594  173
   81         8105.53          6002.9         105.131  175
   82         8009.04          5969.3         101.987  177
   83         7940.44         5919.88         101.028  179
   84         7851.89         5851.55         100.017  181
   85         7776.55         5761.17         100.769  183
   86         7681.57         5712.05         98.4761  185
   87         7621.38         5659.77         98.0806  187
   88         7535.14         5567.62         98.3761  189
   89         7511.01         5525.53         99.2742  191
   90          7436.2         5494.71         97.0745  193
   91          7399.4         5465.72          96.684  195
   92         7361.21         5438.33         96.1438  197
   93         7300.72         5387.91         95.6405  199
   94         7251.47         5361.65          94.491  201
   95         7202.71         5334.15         93.4282  203
   96         7168.55         5314.18         92.7182  205
   97         7130.38         5290.34         92.0022  207
   98          7098.9          5251.5         92.3702  209
   99         7024.28         5214.01         90.5134  211
  100         6992.56         5185.36         90.3603  213
  101          6968.3         5163.68         90.2308  215
  102         6928.54            5133         89.7773  217
  103          6909.2         5094.45         90.7378  219
  104         6857.58         5079.48          88.905  221
  105         6832.94         5066.61         88.3164  223
  106         6792.47         5038.27         87.7101  225
  107         6788.26         5011.88         88.8189  227
  108         6744.12         4997.52         87.3303  229
  109         6727.89         4982.98         87.2457  231
  110         6709.13         4963.55         87.2789  233
  111         6680.42         4933.14         87.3637  235
  112         6644.75         4860.57          89.209  237
  113         6600.71         4822.06         88.9323  239
  114          6581.6         4813.94          88.383  241
  115         6558.85         4805.21         87.6817  243
  116         6546.92         4785.12           88.09  245
  117         6517.54         4777.79         86.9873  247
  118          6493.3         4759.68         86.6809  249
  119         6478.43         4745.42         86.6503  251
  120         6446.58         4713.64         86.6469  253
  121         6430.71         4696.45         86.7131  257
  122          6412.5         4684.86         86.3822  259
  123         6397.43         4676.11         86.0662  261
  124         6375.03         4663.12         85.5954  263
  125         6371.41         4655.18         85.8118  265
  126         6339.69         4645.04         84.7325  267
  127         6326.54          4637.5         84.4519  269
  128          6314.3         4630.69         84.1805  271
  129         6295.24         4617.22         83.9011  273
  130          6284.6         4590.32         84.7143  275
  131         6254.44         4575.69         83.9374  277
  132         6247.43         4569.56         83.8932  279
  133         6235.41         4554.25          84.058  281
  134         6227.23         4540.11         84.3558  285
  135         6215.47         4526.39         84.4541  287
  136         6194.66         4493.69         85.0489  289
  137          6190.3         4476.93         85.6685  291
  138         6179.92         4472.37         85.3775  293
  139         6173.27         4468.85         85.2212  295
  140            6166         4463.29         85.1356  297
  141         6151.83         4449.84         85.0992  299
  142         6143.91         4436.63         85.3643  303
  143         6132.18         4422.45         85.4864  305
  144         6123.25         4407.71         85.7771  307
  145         6115.44         4387.37         86.4035  309
  146         6106.85          4376.4         86.5225  311
  147         6101.03         4371.06         86.4983  313
  148         6094.04         4363.43         86.5302  315
  149         6092.36         4354.86          86.875  317
  150         6082.95         4350.79         86.6079  319
  151         6077.84         4344.71         86.6564  321
  152         6071.48         4335.46         86.8012  323
  153         6065.12         4323.19         87.0967  325
  154         6056.24         4313.75         87.1244  327
  155          6049.5         4306.95         87.1276  329
  156         6044.72         4302.77         87.0973  331
  157         6042.78         4300.92          87.093  333
  158         6035.22         4299.56         86.7833  335
  159         6030.77         4298.51         86.6129  337
  160         6025.55         4298.73         86.3411  339
  161          6016.4            4298         85.9199  341
  162         6014.17         4301.58         85.6299  343
  163         6002.34          4296.8         85.2769  345
  164         6000.07         4294.96         85.2553  347
  165         5996.13         4292.16         85.1989  349
  166         5992.01         4288.51         85.1751  351
  167         5986.21         4286.24         84.9985  353
  168         5982.99         4284.02         84.9487  355
  169         5980.07          4282.1         84.8988  357
  170         5976.17         4278.89         84.8639  359
  171         5971.57         4277.71          84.693  361
  172         5968.24          4276.6         84.5821  363
  173         5964.57         4275.35         84.4615  365
  174         5962.09         4274.93          84.358  367
  175            5959         4273.44         84.2783  369
  176          5953.1         4270.09         84.1507  371
  177         5949.73          4268.4         84.0665  373
  178         5947.57         4265.16         84.1204  375
  179         5942.21         4263.36         83.9428  377
  180         5940.71         4262.66         83.9021  379
  181         5938.02         4261.05         83.8482  381
  182         5936.12          4259.6         83.8257  383
  183         5931.99         4257.59         83.7197  385
  184          5929.2         4255.05         83.7076  387
  185         5926.94         4253.26         83.6841  389
  186         5922.92         4250.72           83.61  391
  187         5918.73         4249.44         83.4646  393
  188         5916.42            4250         83.3214  395
  189         5913.16         4252.07         83.0546  397
  190         5911.31         4253.15          82.908  399
  191         5907.63         4253.32          82.715  401
  192         5903.82         4252.59         82.5616  403
  193         5901.52         4251.93         82.4797  405
  194         5897.19         4248.91          82.414  407
  195         5893.77         4248.93          82.242  409
  196         5891.81         4247.49         82.2157  411
  197         5889.52          4246.1         82.1712  413
  198         5887.39         4244.81         82.1293  415
  199         5884.63         4243.82         82.0406  417
  200         5882.11         4242.05         82.0032  419
  201         5880.51         4239.35         82.0576  421
  202         5877.26         4238.33         81.9461  423
  203         5875.64         4237.17         81.9235  425
  204         5873.04         4235.53          81.875  427
  205         5870.54         4232.66         81.8937  429
  206         5867.92          4231.6         81.8158  431
  207         5866.58          4231.4         81.7589  433
  208         5865.15         4230.73         81.7214  435
  209         5863.64          4231.2          81.622  437
  210         5861.46         4230.42         81.5519  439
  211         5858.78         4228.71         81.5034  441
  212         5857.18         4229.54         81.3817  443
  213         5855.94         4228.72         81.3612  445
  214         5854.33         4228.44         81.2949  447
  215         5852.69         4229.13         81.1782  449
  216         5850.48         4231.58         80.9448  451
  217         5848.48         4232.89         80.7795  453
  218          5846.6         4233.94          80.633  455
  219         5845.34         4235.87         80.4739  457
  220         5844.03         4236.46         80.3788  459
  221         5842.02         4238.29         80.1862  461
  222         5840.37         4239.72         80.0324  463
  223         5838.61          4240.1         79.9256  465
  224         5835.18         4241.11         79.7033  467
  225         5833.09         4241.94         79.5579  469
  226         5831.13         4242.14         79.4496  471
  227         5829.52         4242.79          79.336  473
  228         5828.69         4243.07          79.281  475
  229         5826.07         4243.17          79.145  477
  230         5825.22         4241.15         79.2035  479
  231         5821.12          4240.2         79.0459  481
  232         5818.63         4237.85         79.0389  483
  233          5816.3         4234.75         79.0775  485
  234         5813.83         4230.71          79.156  487
  235         5811.17         4227.13         79.2018  489
  236         5809.76          4226.8         79.1482  491
  237         5807.83         4226.52         79.0656  493
  238         5806.37         4227.19         78.9591  495
  239         5804.67         4226.09         78.9288  497
  240         5801.72         4223.63         78.9043  499
  241         5800.17         4222.22         78.8975  501
  242         5798.08          4221.1          78.849  503
  243         5796.18         4220.29         78.7942  505
  244         5794.52          4220.6         78.6959  507
  245         5793.35         4220.95         78.6205  509
  246         5790.63         4223.65         78.3494  511
  247         5789.37         4223.58         78.2895  513
  248         5787.37         4222.44         78.2466  515
  249         5786.05         4221.38         78.2334  517
  250         5784.65         4220.41         78.2121  519
  251         5782.81         4218.77         78.2017  521
  252          5780.5          4217.4         78.1546  523
  253         5778.74         4216.63          78.106  525
  254         5776.63         4216.33         78.0151  527
  255         5775.69         4216.51         77.9586  529
  256            5774         4216.07         77.8964  531
  257         5771.81          4215.2         77.8304  533
  258         5770.03         4214.43         77.7801  535
  259         5766.96          4211.1         77.7929  537
  260         5764.46         4207.49         77.8486  539
  261         5763.02         4206.49         77.8265  541
  262         5761.85         4204.88         77.8484  543
  263         5760.67         4203.19         77.8741  545
  264         5758.91         4198.39          78.026  547
  265         5756.74         4196.39         78.0173  549
  266         5754.86         4193.83         78.0518  551
  267         5753.34         4191.42         78.0956  553
  268         5752.92         4186.86         78.3033  555
  269         5750.04         4186.31         78.1864  557
  270         5749.11         4185.77         78.1673  559
  271         5747.38         4184.05         78.1662  561
  272         5745.21         4180.75         78.2228  563
  273         5742.52         4177.42         78.2551  565
  274         5740.69         4175.18         78.2752  567
  275         5738.61         4172.49         78.3062  569
  276         5737.16         4169.53         78.3815  571
  277         5735.69         4168.89         78.3404  573
  278         5732.84         4166.08          78.338  575
  279         5731.44         4163.83         78.3808  577
  280         5729.48         4160.97         78.4255  579
  281         5727.62         4156.02           78.58  581
  282         5725.53         4154.47         78.5529  583
  283         5724.41          4154.3         78.5053  585
  284         5721.07         4153.08         78.3992  587
  285         5719.81         4152.34         78.3733  591
  286         5718.08         4151.03         78.3525  593
  287         5715.91         4148.34         78.3786  595
  288         5714.61         4145.38         78.4619  597
  289         5713.05         4143.85           78.46  599
  290         5711.65         4142.62         78.4515  601
  291         5709.81         4140.68         78.4563  603
  292          5708.6         4137.57         78.5515  605
  293         5706.57          4136.5         78.5034  607
  294         5705.21         4135.16         78.5028  609
  295         5703.63         4133.49          78.507  611
  296         5702.27         4129.07         78.6603  613
  297          5699.4         4127.73         78.5832  615
  298         5698.05         4126.28         78.5885  617
  299         5697.03         4124.86         78.6088  619
  300         5695.17         4122.25         78.6461  621
  301         5692.68          4119.5         78.6593  623
  302          5690.5         4117.45         78.6522  625
  303         5688.36          4115.3         78.6532  627
  304         5686.59         4114.58         78.6002  629
  305         5685.42         4114.74         78.5337  631
  306         5682.31         4113.67         78.4318  633
  307         5681.25         4114.31         78.3468  635
  308         5679.28         4111.95         78.3667  637
  309          5678.1         4109.78         78.4158  639
  310         5676.39         4107.64         78.4374  641
  311         5675.01          4105.1         78.4953  643
  312         5672.83            4105         78.3918  645
  313         5671.08         4105.35         78.2869  647
  314         5668.93         4105.46         78.1737  649
  315         5667.28         4105.09         78.1096  651
  316          5665.5         4103.73         78.0886  653
  317         5663.21         4101.31          78.095  655
  318         5662.05         4100.43         78.0809  657
  319         5660.61         4099.55         78.0531  659
  320         5657.54         4097.52         78.0013  661
  321         5655.17         4095.32         77.9925  663
  322         5654.03         4093.32         78.0355  665
  323         5651.52         4092.73         77.9396  667
  324            5650         4092.26         77.8867  669
  325         5647.97         4091.41         77.8279  671
  326         5645.92         4089.96          77.798  673
  327         5643.07         4088.08         77.7493  675
  328         5641.36         4085.97         77.7696  677
  329         5639.89         4083.85         77.8017  679
  330         5638.75         4079.84         77.9457  681
  331         5635.65         4078.36         77.8649  683
  332         5633.08         4075.91         77.8583  685
  333         5631.05          4073.5         77.8778  687
  334         5628.04         4069.72         77.9162  689
  335         5624.74         4065.25         77.9744  691
  336         5622.56         4064.03         77.9265  693
  337         5618.67         4061.02         77.8826  695
  338          5617.1         4057.64         77.9729  697
  339         5613.73         4055.88         77.8924  699
  340          5611.3          4052.9         77.9201  701
  341         5609.35            4050         77.9676  703
  342         5605.84         4042.62         78.1613  705
  343          5602.5         4036.03         78.3236  707
  344          5600.4         4034.84         78.2782  709
  345         5598.47         4033.53         78.2468  711
  346         5596.67         4031.48         78.2593  713
  347         5593.78         4027.92         78.2925  715
  348         5588.97         4020.71         78.4131  717
  349         5587.43         4017.61         78.4909  721
  350         5585.37          4015.3         78.5033  723
  351         5582.51         4012.53          78.499  725
  352         5577.91         4005.78         78.6065  727
  353         5577.68         4007.75         78.4964  729
  354         5575.82         4006.88         78.4469  731
  355         5573.79         4005.12         78.4331  733
  356         5571.85         4000.45         78.5699  735
  357         5568.79         3997.62         78.5582  737
  358         5566.95         3994.48         78.6233  739
  359         5565.29         3991.13         78.7078  741
  360         5563.11          3985.1         78.9005  743
  361         5560.23         3980.81         78.9707  745
  362         5558.44         3978.29         79.0078  747
  363         5556.76            3976         79.0378  749
  364         5555.24         3971.23         79.2003  751
  365         5552.82          3970.4         79.1207  753
  366         5550.77         3969.14         79.0817  755
  367         5548.77         3967.17           79.08  757
  368          5545.2         3961.86         79.1666  759
  369         5541.58         3955.51         79.3031  761
  370         5539.52         3953.14         79.3191  763
  371         5537.39         3950.13         79.3627  765
  372         5535.68         3946.33         79.4672  767
  373         5533.28         3943.59         79.4845  769
  374         5529.63         3938.88         79.5375  771
  375         5526.94         3934.47         79.6237  773
  376         5523.07         3928.65          79.721  775
  377         5519.18         3924.08         79.7552  777
  378         5517.56         3914.88         80.1341  779
  379         5513.36         3916.46         79.8449  781
  380         5511.81         3916.54         79.7635  783
  381         5508.61         3914.34         79.7132  785
  382         5504.78         3909.78         79.7495  787
  383         5501.09         3902.19         79.9453  789
  384         5498.37          3898.6         79.9889  791
  385         5495.63         3894.11         80.0762  793
  386         5494.03         3889.71         80.2158  795
  387         5491.92         3887.58         80.2171  797
  388         5488.24          3883.8         80.2218  799
  389         5486.34         3881.36         80.2491  801
  390         5483.13         3877.86         80.2633  803
  391         5479.39         3870.84         80.4278  805
  392         5476.74         3868.37         80.4187  807
  393         5475.09         3869.19         80.2949  809
  394         5473.93         3869.76         80.2086  811
  395         5472.03         3869.81         80.1111  813
  396         5469.83         3870.38         79.9729  815
  397         5467.89         3869.35         79.9268  817
  398         5466.17         3868.31         79.8935  819
  399         5464.66         3866.79         79.8936  821
  400         5462.84         3866.34         79.8247  823
  401         5460.88         3865.33         79.7776  825
  402         5459.61         3865.04         79.7285  827
  403         5457.97         3865.19         79.6391  829
  404         5457.34         3866.94         79.5201  831
  405         5455.57         3865.87         79.4849  833
  406         5454.41         3865.33         79.4544  835
  407         5453.32         3865.33         79.3997  837
  408         5452.29         3866.47          79.291  839
  409         5450.96         3866.34         79.2308  841
  410         5449.99         3865.96         79.2013  843
  411         5448.67         3865.81          79.143  845
  412         5448.43          3864.9         79.1768  847
  413         5447.15         3864.82         79.1168  849
  414         5446.42         3864.42            79.1  851
  415         5445.46         3863.83         79.0815  853
  416         5444.19         3863.26         79.0467  855
  417         5443.23         3861.96         79.0635  857
  418         5441.83         3861.87          78.998  859
  419         5441.25         3861.84         78.9707  861
  420         5440.54         3861.99         78.9275  863
  421         5440.08         3861.68         78.9202  865
  422         5438.74         3861.75         78.8496  867
  423         5437.96         3861.41         78.8276  869
  424         5437.13            3861         78.8066  871
  425         5436.22         3859.98         78.8119  873
  426         5434.98         3859.48         78.7754  875
  427         5434.23         3858.94         78.7645  877
  428         5433.52         3858.63         78.7447  879
  429         5432.89         3857.53          78.768  881
  430         5431.77         3857.74         78.7015  883
  431         5431.09         3857.73         78.6678  885
  432         5430.39         3857.62         78.6389  887
  433         5428.97         3857.02         78.5975  889
  434         5428.08         3856.86         78.5612  893
  435         5426.81         3855.89         78.5461  895
  436          5425.8          3854.9         78.5451  897
  437          5424.4         3853.58         78.5412  899
  438         5424.01         3851.26         78.6375  901
  439         5422.47          3851.2         78.5635  903
  440         5421.56         3850.58         78.5487  905
  441         5420.48         3849.27         78.5606  907
  442         5418.58         3846.65         78.5965  909
  443            5418         3839.35         78.9323  911
  444         5414.72         3838.56         78.8078  913
  445          5413.8         3838.57         78.7619  915
  446         5412.34         3837.07         78.7636  917
  447         5410.68         3834.42         78.8132  919
  448         5408.65         3832.35         78.8147  921
  449          5407.1         3831.22         78.7943  923
  450         5405.18         3829.87         78.7655  925
  451         5403.78         3827.53         78.8121  927
  452         5401.69            3827         78.7344  929
  453         5399.45         3825.04         78.7205  931
  454         5397.94         3823.11         78.7415  933
  455         5396.15         3819.68         78.8236  937
  456         5393.58          3816.3         78.8639  939
  457         5391.67         3814.01         78.8831  941
  458         5389.88         3811.76         78.9062  943
  459         5388.39         3809.48         78.9451  945
  460         5386.49         3808.82         78.8837  947
  461         5383.83          3807.4         78.8214  949
  462         5381.92         3805.75         78.8085  951
  463         5381.15         3801.29         78.9927  953
  464         5377.14          3799.8          78.867  955
  465         5375.79         3798.45         78.8672  957
  466         5374.14         3796.11         78.9016  959
  467         5371.56         3793.26          78.915  961
  468         5368.88         3789.37         78.9758  963
  469         5367.03         3788.64         78.9194  965
  470         5364.63         3787.43         78.8602  967
  471         5363.12         3785.76          78.868  969
  472         5361.07         3784.09         78.8491  971
  473         5358.48         3780.71         78.8884  973
  474         5356.72         3778.52         78.9103  975
  475         5356.05          3772.9         79.1572  977
  476         5352.97         3773.13         78.9919  979
  477         5352.22         3772.91         78.9656  981
  478         5350.71         3771.68         78.9516  983
  479         5349.76          3768.9         79.0431  985
  480         5347.71         3767.95         78.9883  987
  481         5346.07         3766.09         78.9993  989
  482         5344.64         3764.36         79.0139  991
  483         5342.02         3761.93         79.0043  993
  484         5340.47         3760.28         79.0098  997
  485         5338.84         3759.84           78.95  999
  486         5337.53         3760.01         78.8758  1001
  487          5335.4         3759.71         78.7848  1003
  488            5334         3760.31         78.6841  1005
  489         5331.41         3759.01         78.6202  1007
  490          5329.6         3757.75         78.5925  1009
  491          5327.8         3756.44         78.5682  1011
  492         5324.21         3753.28         78.5461  1013
  493         5322.19         3749.55         78.6317  1015
  494          5319.9          3749.3         78.5297  1017
  495         5318.47         3749.03         78.4716  1019
  496         5316.57         3748.69         78.3936  1021
  497         5314.79          3747.2         78.3793  1025
  498         5312.39         3746.34         78.3025  1027
  499         5310.16         3744.43         78.2868  1029
  500         5308.41         3742.96         78.2725  1031
  501         5306.82         3739.85         78.3484  1033
  502         5304.91         3739.61         78.2653  1035
  503         5302.95         3738.67         78.2142  1037
  504         5301.33          3737.7         78.1817  1039
  505         5299.85         3735.14         78.2359  1043
  506         5297.61         3733.59         78.2007  1045
  507         5295.84         3731.61         78.2115  1047
  508         5294.42         3730.04          78.219  1049
  509         5293.24         3727.66         78.2791  1051
  510         5291.73         3727.46         78.2136  1053
  511         5290.63         3727.13         78.1749  1055
  512         5289.75         3726.99         78.1381  1057
  513         5288.15         3726.04         78.1054  1059
  514         5286.44         3726.15         78.0148  1061
  515         5285.38         3725.64         77.9874  1063
  516         5284.07         3725.14         77.9462  1065
  517         5283.29         3725.25         77.9021  1067
  518         5282.17         3724.83         77.8666  1069
  519         5281.23         3724.45         77.8388  1071
  520         5280.53         3724.25          77.814  1073
  521         5279.78         3724.18         77.7799  1075
  522         5278.02         3723.69         77.7166  1077
  523          5277.1         3723.18         77.6962  1079
  524         5276.16         3722.74         77.6708  1081
  525         5274.92         3721.61         77.6651  1083
  526         5273.87         3721.09         77.6391  1085
  527         5273.15         3720.35           77.64  1087
  528         5272.16         3719.08         77.6538  1089
  529         5271.31         3717.56         77.6874  1091
  530         5270.23          3715.7         77.7268  1093
  531         5269.24         3714.13         77.7556  1095
  532         5268.14         3711.81         77.8163  1097
  533         5267.28         3710.77         77.8253  1099
  534         5266.46         3709.58         77.8439  1101
  535         5265.13         3706.96         77.9082  1103
  536         5264.23         3703.31         78.0462  1105
  537         5263.46         3702.42         78.0519  1107
  538         5262.58         3700.46         78.1063  1109
  539          5262.1         3699.05         78.1524  1111
  540         5260.61         3694.73         78.2938  1113
  541         5259.72         3692.28         78.3724  1115
  542         5259.02         3693.02         78.2998  1117
  543         5258.42         3693.91         78.2258  1119
  544         5257.84         3694.64           78.16  1121
  545         5256.83         3694.69         78.1072  1123
  546         5255.64         3694.62         78.0511  1125
  547          5254.8         3693.49         78.0658  1127
  548         5254.04         3691.89          78.108  1129
  549         5253.39         3690.76         78.1314  1131
  550          5252.7         3689.92         78.1387  1133
  551         5251.84         3688.93         78.1454  1135
  552         5251.27         3687.98         78.1643  1137
  553         5250.42         3686.61         78.1907  1139
  554         5249.71         3684.08         78.2815  1141
  555         5248.87         3682.99         78.2936  1143
  556         5248.33         3682.12         78.3109  1145
  557         5247.68         3680.62         78.3527  1147
  558         5247.55         3677.53         78.5011  1149
  559         5246.54          3677.3         78.4619  1151
  560         5246.23         3676.84         78.4693  1153
  561         5245.71         3675.57         78.5071  1155
  562         5244.96         3673.61         78.5674  1157
  563         5244.45         3672.26          78.609  1161
  564          5243.7         3670.33         78.6689  1163
  565         5243.18         3669.41         78.6885  1165
  566         5242.58          3668.4         78.7088  1167
  567         5242.21         3668.35         78.6927  1169
  568         5241.69         3668.33         78.6679  1171
  569         5241.03         3668.47         78.6282  1173
  570         5240.48         3668.47         78.6007  1175
  571         5239.78         3668.69         78.5547  1177
  572         5238.65         3667.65         78.5501  1179
  573         5238.16         3666.95         78.5606  1181
  574          5237.6         3666.12         78.5737  1183
  575          5236.8         3664.94         78.5927  1185
  576         5236.29         3664.46         78.5914  1189
  577         5235.45         3663.48         78.5986  1191
  578         5234.73         3662.99         78.5871  1193
  579         5233.81         3662.53         78.5636  1195
  580         5233.03         3662.87         78.5079  1197
  581         5232.11         3662.92         78.4595  1199
  582         5231.03         3663.15          78.394  1201
  583         5230.43         3663.52         78.3455  1203
  584         5229.64         3663.15         78.3243  1205
  585         5228.71         3663.13         78.2787  1207
  586         5228.15         3662.52         78.2816  1209
  587         5227.41         3661.72         78.2845  1211
  588          5226.7         3659.45         78.3623  1213
  589         5225.25         3659.32         78.2963  1215
  590         5224.48         3659.05         78.2714  1217
  591         5223.67         3658.86         78.2407  1219
  592         5222.18         3658.68         78.1751  1221
  593         5221.17         3659.25         78.0961  1225
  594         5219.52         3659.21         78.0156  1227
  595         5218.51         3659.06         77.9722  1229
  596         5217.15         3659.95         77.8602  1231
  597          5216.2         3659.27         77.8465  1233
  598         5215.26         3659.42         77.7921  1235
  599         5213.85         3659.61         77.7121  1237
  600         5212.95         3659.73         77.6606  1239
  601         5211.18         3659.84         77.5674  1241
  602         5209.35          3659.5         77.4923  1243
  603         5207.68         3658.95         77.4364  1245
  604         5206.32         3659.02         77.3646  1247
  605         5204.89         3659.38         77.2756  1249
  606         5203.56            3659         77.2279  1251
  607         5201.96         3659.07         77.1448  1253
  608         5200.45         3658.27         77.1093  1255
  609         5199.05         3657.17         77.0939  1257
  610         5197.15         3656.36         77.0395  1259
  611         5195.85         3655.09         77.0381  1261
  612         5194.37         3654.44         76.9969  1263
  613         5192.18         3652.41         76.9885  1265
  614         5189.36         3650.98         76.9188  1267
  615          5188.4         3650.79         76.8807  1269
  616         5186.29          3649.5         76.8398  1271
  617         5184.93          3646.2         76.9368  1273
  618         5182.21         3644.53         76.8841  1275
  619         5181.06         3642.53         76.9266  1277
  620         5179.29         3639.46         76.9915  1279
  621         5176.57         3634.83         77.0873  1281
  622          5174.6         3631.34         77.1632  1285
  623         5171.73         3628.94         77.1393  1287
  624         5166.85         3625.53         77.0656  1289
  625         5163.35         3618.89         77.2228  1291
  626         5159.34         3615.08          77.213  1293
  627         5156.26         3615.03         77.0612  1295
  628         5152.69         3615.95          76.837  1297
  629         5148.87         3615.67           76.66  1299
  630         5145.32         3613.48         76.5918  1301
  631         5140.57          3610.4         76.5082  1303
  632         5137.06         3605.31         76.5876  1307
  633         5131.78          3601.8         76.4988  1309
  634         5125.12         3595.53         76.4796  1311
  635         5119.68         3589.89         76.4893  1313
  636         5113.81         3580.92         76.6447  1315
  637         5107.45         3575.34         76.6056  1317
  638         5099.68         3561.52          76.908  1319
  639         5094.48         3555.68         76.9402  1321
  640         5091.36         3553.07         76.9145  1323
  641         5084.95         3544.94         77.0006  1325
  642         5083.73         3539.46         77.2134  1327
  643         5079.23         3538.16         77.0533  1329
  644         5076.12         3534.31         77.0907  1331
  645         5073.07         3528.72         77.2172  1333
  646          5068.3         3521.78         77.3258  1335
  647          5064.4         3515.91         77.4247  1339
  648         5056.89         3507.56         77.4665  1341
  649         5051.39         3504.34         77.3523  1343
  650         5043.62         3502.07         77.0776  1345
  651         5040.79         3497.95         77.1421  1347
  652         5033.81         3498.08         76.7868  1349
  653         5029.57         3496.84         76.6364  1351
  654         5026.61         3495.99         76.5307  1353
  655         5021.36         3492.14         76.4611  1355
  656         5016.49         3490.81         76.2843  1357
  657         5012.42         3487.77         76.2324  1359
  658         5008.51         3484.54         76.1989  1361
  659         5004.23         3482.17          76.103  1363
  660         4999.15          3476.4         76.1371  1365
  661         4994.32         3473.93         76.0194  1367
  662         4989.81         3470.13          75.984  1369
  663         4986.54         3467.31         75.9612  1371
  664         4981.34          3461.6         75.9869  1373
  665         4979.34         3457.47         76.0935  1375
  666         4975.75          3456.3         75.9726  1377
  667          4973.2         3455.17         75.9016  1379
  668         4969.84         3453.22         75.8312  1381
  669         4964.76         3448.26         75.8248  1383
  670          4959.8         3445.21         75.7294  1385
  671         4956.26         3443.15         75.6553  1387
  672          4951.5         3441.83         75.4838  1389
  673         4947.83          3441.6         75.3115  1391
  674         4941.66         3441.14         75.0258  1393
  675         4934.58         3439.56         74.7507  1395
  676         4932.13         3440.18         74.5975  1397
  677         4925.31         3438.08         74.3617  1399
  678         4922.88         3436.81         74.3035  1401
  679         4919.33         3435.74         74.1795  1403
  680         4916.17         3434.05         74.1062  1405
  681         4911.47         3431.75         73.9861  1407
  682          4908.5         3429.42         73.9542  1409
  683         4906.39          3427.6         73.9398  1411
  684         4902.11         3424.85         73.8629  1413
  685         4897.98            3421         73.8492  1415
  686         4895.53         3420.22         73.7655  1417
  687         4891.89         3418.72         73.6588  1419
  688         4889.84         3413.62         73.8109  1421
  689         4886.03         3411.51         73.7258  1423
  690         4883.42         3407.91         73.7752  1425
  691         4881.81         3405.28         73.8265  1427
  692         4878.82         3399.43         73.9695  1429
  693         4876.02         3395.52         74.0248  1431
  694         4874.66         3395.61         73.9523  1433
  695         4872.84         3395.46         73.8689  1435
  696         4871.74         3395.88          73.793  1437
  697         4870.18          3394.1          73.804  1439
  698         4868.39         3391.37         73.8509  1441
  699         4866.97         3389.96         73.8508  1443
  700         4865.94         3386.94         73.9497  1445
  701         4861.98         3385.91         73.8035  1447
  702         4860.93         3386.18         73.7376  1449
  703         4858.89         3386.85         73.6018  1451
  704         4857.68         3386.83         73.5424  1455
  705         4855.98         3386.96         73.4513  1457
  706         4853.73         3386.67          73.353  1459
  707         4852.42         3386.69         73.2866  1461
  708         4850.89         3386.36         73.2265  1463
  709         4848.96         3385.91         73.1523  1465
  710         4846.83         3385.21          73.081  1467
  711         4844.62         3384.27         73.0174  1469
  712         4842.92         3382.91         73.0002  1471
  713         4841.31         3381.64         72.9837  1473
  714         4840.29         3380.28         73.0005  1475
  715         4839.12         3379.52         72.9798  1477
  716         4836.96         3377.79         72.9586  1479
  717         4835.78         3376.81         72.9486  1481
  718         4833.25          3374.6         72.9327  1483
  719         4831.31         3373.43         72.8938  1485
  720         4828.35         3372.31          72.802  1487
  721         4827.46          3372.8         72.7331  1489
  722         4826.31         3373.24         72.6534  1491
  723         4825.37         3373.47         72.5953  1495
  724         4823.95         3373.25         72.5353  1497
  725         4822.59         3372.64         72.4975  1499
  726         4821.54         3372.13         72.4708  1501
  727         4820.39         3372.01         72.4191  1503
  728         4819.29         3372.07         72.3607  1505
  729         4817.88         3371.58          72.315  1507
  730         4816.81         3372.78         72.2016  1509
  731         4816.09         3372.29         72.1901  1511
  732         4814.68         3371.82         72.1431  1513
  733         4813.97         3372.32         72.0826  1515
  734         4812.98         3372.27          72.035  1517
  735         4811.42          3372.2         71.9608  1519
  736         4810.43         3371.82         71.9305  1521
  737         4809.71         3372.74         71.8484  1523
  738         4808.61         3371.94         71.8334  1525
  739         4807.96         3371.56         71.8203  1527
  740          4807.1         3371.34         71.7881  1529
  741          4806.6         3371.34         71.7632  1531
  742         4804.83         3370.92         71.6955  1533
  743         4803.94          3370.5          71.672  1535
  744         4803.06         3370.06         71.6502  1537
  745         4802.08         3370.08         71.5999  1539
  746         4800.98         3369.68         71.5647  1541
  747         4800.34         3369.57         71.5383  1543
  748         4799.41         3369.54         71.4932  1545
  749         4798.73          3369.1         71.4813  1547
  750          4797.7         3368.96         71.4367  1549
  751         4796.92         3368.45         71.4236  1551
  752          4796.2         3367.75         71.4225  1553
  753         4795.18         3366.86         71.4158  1555
  754         4793.99         3365.82         71.4086  1557
  755         4793.24         3365.55         71.3845  1559
  756         4792.17         3365.65          71.326  1561
  757          4791.8         3365.68         71.3061  1563
  758         4790.72         3365.88          71.242  1565
  759         4790.07         3366.06         71.2005  1567
  760         4789.47         3366.26         71.1605  1569
  761         4788.45         3366.41         71.1024  1571
  762         4787.88         3366.49         71.0697  1573
  763         4786.87         3365.98         71.0443  1575
  764          4786.3         3365.54          71.038  1577
  765         4785.55         3365.08         71.0236  1579
  766         4784.32         3364.04         71.0137  1581
  767         4783.57         3363.51         71.0026  1583
  768         4782.68         3363.12         70.9779  1585
  769         4782.02         3362.81         70.9607  1587
  770         4781.26         3362.56         70.9349  1589
  771         4780.45         3361.35         70.9548  1591
  772         4779.23         3360.82         70.9208  1593
  773          4778.4         3359.83         70.9285  1595
  774         4777.76         3358.75         70.9506  1597
  775         4776.39         3356.52         70.9935  1599
  776         4775.64         3355.78         70.9932  1603
  777         4774.43         3354.07         71.0182  1605
  778          4773.3         3353.03         71.0138  1607
  779         4771.98         3351.92         71.0032  1609
  780          4771.4         3351.94         70.9728  1611
  781         4770.27         3351.81         70.9233  1613
  782         4769.47         3351.94         70.8764  1615
  783          4768.8         3352.22         70.8293  1617
  784          4767.7         3352.72         70.7486  1619
  785         4766.74         3352.12         70.7312  1621
  786         4765.78         3351.76         70.7009  1623
  787         4764.92            3351         70.6961  1625
  788         4764.14         3350.41         70.6864  1627
  789         4763.44         3349.66         70.6891  1629
  790         4762.33         3349.26         70.6537  1631
  791         4761.68         3349.21         70.6234  1633
  792         4761.01         3349.39         70.5811  1635
  793         4759.58         3349.23         70.5176  1637
  794         4758.94         3350.19         70.4372  1639
  795          4757.5         3348.83         70.4337  1641
  796          4756.9         3347.97         70.4464  1643
  797         4756.11         3346.69         70.4709  1645
  798         4755.67         3345.16         70.5254  1647
  799          4754.4         3344.18         70.5113  1649
  800         4753.79         3343.55         70.5121  1651
  801         4753.19         3342.94         70.5125  1653
  802         4752.13         3342.09         70.5021  1655
  803         4751.65         3342.05         70.4798  1657
  804         4749.53          3340.7         70.4415  1659
  805         4748.56         3340.08         70.4238  1661
  806         4747.53         3339.27         70.4128  1663
  807         4746.21         3337.67          70.427  1665
  808         4745.55         3336.94         70.4302  1669
  809         4744.53          3335.6         70.4467  1671
  810         4743.65         3334.67          70.449  1673
  811          4742.2         3333.26         70.4468  1675
  812         4741.39         3332.03         70.4684  1677
  813         4739.88         3331.79         70.4041  1679
  814         4738.78          3331.7          70.354  1681
  815         4738.03          3331.8         70.3114  1683
  816         4736.66            3331         70.2827  1685
  817         4736.03         3331.73         70.2148  1687
  818         4735.05         3330.77         70.2141  1689
  819          4734.5          3330.2         70.2151  1691
  820         4733.59         3329.42         70.2084  1693
  821         4732.48         3328.09         70.2194  1695
  822         4731.31         3326.97         70.2166  1697
  823         4730.67         3326.53         70.2071  1699
  824            4730         3325.75         70.2126  1701
  825         4729.37         3324.58         70.2399  1703
  826          4728.5         3323.33         70.2585  1705
  827         4727.55         3321.59         70.2977  1707
  828         4726.73         3318.94         70.3895  1709
  829         4725.91         3318.22         70.3844  1711
  830         4725.37         3318.04         70.3664  1713
  831          4724.5         3317.78         70.3358  1715
  832         4723.81         3317.04         70.3382  1717
  833         4723.25         3316.41         70.3417  1719
  834         4722.04         3314.48         70.3778  1721
  835         4721.15         3313.52         70.3813  1723
  836         4720.55         3313.41         70.3571  1725
  837         4719.47         3312.94         70.3264  1727
  838         4718.74         3311.94         70.3397  1729
  839         4717.86         3311.23         70.3316  1731
  840         4717.05          3310.4         70.3324  1733
  841         4716.25         3310.06         70.3093  1735
  842         4715.47         3309.95          70.276  1737
  843         4714.91          3310.1         70.2404  1739
  844         4713.73         3310.38         70.1676  1741
  845         4713.14         3310.42         70.1359  1745
  846          4712.4         3310.21         70.1097  1747
  847         4711.53         3309.27         70.1127  1749
  848         4710.91         3308.33         70.1289  1751
  849         4710.25          3307.3         70.1473  1753
  850         4709.64         3306.85         70.1395  1755
  851         4708.24         3305.03         70.1605  1757
  852         4707.21         3304.74         70.1234  1759
  853          4706.4         3304.21         70.1094  1761
  854         4705.32         3303.52         70.0899  1763
  855         4704.79         3303.08         70.0858  1765
  856         4704.03         3303.08         70.0474  1767
  857         4703.16         3302.89         70.0134  1769
  858         4702.71            3303         69.9856  1771
  859         4701.35         3302.77         69.9288  1773
  860         4700.89         3302.51         69.9192  1775
  861         4700.11          3302.3         69.8906  1777
  862         4699.58         3301.43         69.9073  1781
  863         4698.75         3301.41         69.8671  1783
  864          4697.9         3301.25         69.8326  1785
  865         4697.15         3301.13         69.8013  1787
  866         4696.39         3301.03         69.7679  1789
  867         4695.67         3300.83         69.7417  1791
  868         4694.32         3300.28          69.702  1793
  869         4693.61         3299.74         69.6934  1795
  870         4693.04         3299.53         69.6753  1797
  871         4692.31         3299.06         69.6626  1799
  872          4691.6         3298.64          69.648  1801
  873         4690.95         3297.75         69.6601  1803
  874         4689.53         3297.07         69.6228  1805
  875         4688.92          3296.6          69.616  1807
  876         4688.16         3296.04         69.6059  1809
  877         4687.65          3295.4         69.6127  1813
  878         4686.88         3294.77         69.6053  1815
  879         4686.04         3294.04         69.5999  1817
  880         4685.41         3293.24         69.6081  1819
  881         4684.64          3292.7         69.5974  1821
  882          4683.7          3291.8         69.5947  1823
  883         4682.97         3291.28         69.5843  1827
  884         4682.08         3290.28         69.5896  1829
  885         4681.45         3289.57         69.5941  1831
  886         4680.66         3288.39         69.6135  1833
  887         4679.88         3287.34         69.6268  1835
  888         4679.31         3286.95         69.6182  1837
  889         4678.43         3285.93         69.6253  1839
  890         4677.75         3285.34         69.6203  1841
  891          4677.1         3284.58          69.626  1843
  892         4675.95         3282.94         69.6506  1845
  893         4675.53         3281.13           69.72  1847
  894         4674.93         3280.74         69.7094  1849
  895         4673.85         3279.38         69.7236  1851
  896         4673.29         3278.58         69.7359  1853
  897         4672.51         3277.56         69.7474  1857
  898          4671.3          3275.9         69.7698  1859
  899          4670.7         3275.51         69.7596  1861
  900         4669.77         3275.37         69.7198  1863
  901         4669.11          3275.8         69.6654  1865
  902          4668.2         3275.76         69.6219  1867
  903         4667.08         3275.71         69.5688  1869
  904         4666.47         3275.49         69.5489  1871
  905            4666         3275.29         69.5355  1873
  906         4664.38         3274.34          69.502  1875
  907         4663.65         3273.51         69.5068  1877
  908         4662.84         3272.59         69.5127  1879
  909         4661.54         3270.92         69.5311  1881
  910         4660.08         3268.99         69.5541  1883
  911         4659.03          3268.1         69.5464  1885
  912         4657.84         3267.19         69.5323  1887
  913            4657         3265.49         69.5753  1889
  914         4656.05         3265.24         69.5406  1891
  915         4654.73         3263.99         69.5369  1893
  916         4653.79         3262.73         69.5531  1895
  917         4652.84         3260.27         69.6286  1899
  918         4651.25         3257.72         69.6762  1901
  919         4650.24         3255.98          69.713  1903
  920          4649.3         3254.51         69.7392  1905
  921         4648.49         3253.39         69.7551  1907
  922         4647.57         3253.11          69.723  1909
  923         4645.93         3252.53           69.67  1911
  924         4644.97         3251.69         69.6639  1913
  925         4643.56         3250.98         69.6294  1915
  926         4642.04         3248.81         69.6615  1917
  927         4641.17         3248.81         69.6178  1919
  928          4640.4         3248.53         69.5933  1921
  929         4639.44         3248.04         69.5701  1923
  930         4638.23         3247.29         69.5468  1925
  931         4637.25         3245.83         69.5708  1927
  932            4636         3244.79         69.5604  1929
  933         4635.31         3243.67         69.5823  1931
  934         4634.83         3242.66         69.6084  1933
  935         4634.63         3240.94         69.6846  1935
  936         4633.32         3240.36          69.648  1937
  937         4632.53         3239.67          69.643  1939
  938         4631.53         3238.56         69.6488  1941
  939         4630.35         3236.85         69.6747  1943
  940         4629.37          3235.3         69.7032  1947
  941         4628.36         3233.77         69.7296  1949
  942         4627.55         3232.81         69.7374  1951
  943         4626.55         3231.19         69.7682  1953
  944            4626         3230.89         69.7554  1955
  945         4624.92         3230.01         69.7455  1957
  946         4624.41         3229.61         69.7399  1959
  947         4623.98         3229.41         69.7283  1961
  948         4622.92         3228.85         69.7034  1963
  949          4621.8          3227.4         69.7199  1965
  950         4620.85         3227.08         69.6886  1967
  951          4620.3         3226.84         69.6731  1969
  952         4619.82         3226.48         69.6672  1971
  953          4619.3         3226.32         69.6491  1973
  954         4618.34         3225.75         69.6296  1975
  955         4617.67         3225.23         69.6217  1977
  956         4617.08         3224.97         69.6057  1979
  957         4616.03         3223.82         69.6107  1981
  958         4615.11         3223.98         69.5562  1983
  959         4614.62         3223.72         69.5449  1985
  960         4614.02         3223.44          69.529  1987
  961         4613.45         3222.81         69.5323  1989
  962         4612.55         3221.94         69.5303  1991
  963         4611.03         3219.61         69.5713  1993
  964          4610.5         3217.94         69.6282  1997
  965          4609.6         3216.33         69.6635  1999
  966         4608.77         3214.37         69.7199  2001
  967         4608.17         3212.47         69.7851  2003
  968         4607.38         3211.82         69.7779  2005
  969         4606.81         3211.33         69.7738  2007
  970         4606.17         3210.71         69.7727  2009
  971         4604.64         3208.42         69.8106  2011
  972         4604.43         3206.99         69.8718  2013
  973         4602.84         3206.34         69.8251  2015
  974         4602.43         3206.16         69.8135  2017
  975         4601.78         3205.73         69.8025  2019
  976         4600.95          3204.5         69.8223  2021
  977         4599.81          3203.5         69.8159  2023
  978         4598.98         3202.21         69.8381  2025
  979         4598.43         3201.08         69.8676  2027
  980         4597.43         3199.19         69.9119  2029
  981         4596.42         3195.92          70.025  2031
  982          4595.6         3195.59         70.0004  2033
  983         4594.92         3195.43         69.9745  2035
  984         4594.36         3194.98         69.9689  2037
  985         4593.31         3194.09         69.9611  2039
  986         4592.25         3192.72         69.9765  2041
  987         4591.17         3191.28         69.9941  2043
  988         4590.31          3190.4         69.9952  2045
  989         4589.58         3190.21         69.9686  2047
  990         4588.66          3189.7         69.9477  2049
  991          4587.8         3188.92         69.9439  2051
  992         4587.04         3188.09         69.9474  2053
  993         4586.45         3186.87         69.9791  2055
  994         4585.88         3185.57         70.0158  2057
  995         4584.93         3182.87          70.103  2059
  996         4583.86         3180.92         70.1466  2061
  997         4583.12         3180.21         70.1455  2063
  998         4582.12         3178.93         70.1594  2065
  999         4581.55         3177.95         70.1803  2069
 1000         4580.73          3176.9         70.1914  2071
