    0      1.4731e+06      1.4731e+06               0  1
    1     1.19196e+06     1.19173e+06          47.298  7
    2          389687          387296         478.294  9
    3          309577          283430         5229.43  11
    4          221228          187111         6823.44  13
    5          172401          151510         4178.21  17
    6          116175          109350         1364.86  19
    7           76456         67010.8         1889.03  21
    8           62236         54284.7         1590.26  23
    9         52269.5         43559.1         1742.07  25
   10         47002.5         38710.4         1658.44  27
   11         38929.8           26805         2424.97  29
   12         32235.3         23078.7         1831.31  31
   13         30166.3         21772.4         1678.77  33
   14         27687.2         19528.1         1631.83  35
   15         26073.8         18418.1         1531.13  37
   16         24097.4         16942.2         1431.03  39
   17         23240.2         15965.3         1454.97  41
   18         21540.8         15200.1         1268.15  43
   19         20883.9         14729.8         1230.83  45
   20         20044.6         14262.2         1156.47  47
   21         19336.5         13883.5          1090.6  49
   22         18596.1         13636.8         991.854  51
   23         18108.5         13239.8         973.736  53
   24         17215.2         12561.2         930.794  55
   25           17053         12333.6         943.865  57
   26         16219.7         11811.3         881.679  59
   27         15827.7           11541         857.345  61
   28         15315.5         11209.8         821.147  63
   29         14474.3         10636.4         767.572  65
   30         13925.7            9781          828.93  67
   31         12517.5         9256.39         652.215  69
   32         11920.8         8837.96          616.56  71
   33         11330.8         8368.33         592.486  73
   34         11053.6         8383.81         533.959  75
   35         10310.7         7595.54         543.035  77
   36         9893.56         7294.69         519.774  79
   37         9529.03         7013.08         503.189  81
   38         9032.43         6587.06         489.074  83
   39         8795.92         6380.84         483.015  87
   40         8517.51         6188.51           465.8  89
   41         8281.35         6011.54         453.963  91
   42         8084.71         5870.09         442.924  93
   43         7842.63          5721.6         424.206  95
   44         7637.58         5629.52         401.612  97
   45         7457.36          5553.8         380.713  99
   46         7309.22         5498.75         362.092  101
   47         7133.23          5415.4         343.567  103
   48         6926.58         5269.48          331.42  105
   49         6740.97         5090.67          330.06  107
   50         6593.75         4933.22         332.106  109
   51         6472.19         4835.95         327.248  111
   52         6352.15         4747.46         320.938  113
   53         6230.58         4607.03         324.711  115
   54         6142.59         4558.13         316.891  117
   55         6079.39         4518.25         312.228  119
   56         5996.62         4458.35         307.653  121
   57         5877.48         4384.43         298.611  123
   58         5808.18         4309.85         299.666  125
   59         5669.52         4224.58         288.988  127
   60         5593.78         4165.66         285.624  129
   61         5543.65         4117.17         285.297  131
   62         5522.49         4081.42         288.213  133
   63         5426.33         4013.85         282.496  135
   64         5387.95         3987.75         280.039  137
   65         5336.96         3953.49         276.693  139
   66         5257.32          3907.6         269.946  141
   67         5217.36         3857.47         271.978  143
   68         5096.02         3783.26         262.552  145
   69         5050.75         3754.29         259.293  147
   70         4993.75         3704.74         257.803  149
   71         4962.12         3678.98         256.629  153
   72         4925.07         3642.55         256.504  155
   73         4888.93         3608.13          256.16  157
   74         4861.16         3584.08         255.414  159
   75         4819.11         3548.22         254.178  161
   76         4769.79          3508.7         252.217  163
   77          4720.7         3474.82         249.177  165
   78         4684.69         3448.71         247.196  167
   79         4658.86         3428.82         246.008  169
   80         4629.25         3408.64         244.123  171
   81            4613            3393             244  173
   82         4590.61         3375.28         243.067  175
   83         4578.73         3364.41         242.863  177
   84         4564.33          3350.8         242.707  179
   85         4540.52         3329.15         242.273  181
   86         4523.45         3309.45         242.799  183
   87         4503.49         3300.79          240.54  185
   88         4484.15         3295.73         237.684  187
   89         4467.83         3291.95         235.176  189
   90         4452.36         3291.64         232.144  191
   91         4429.06          3278.2         230.171  193
   92         4417.81         3270.59         229.444  195
   93         4403.77          3262.7         228.214  197
   94         4386.62         3254.23         226.478  199
   95         4374.31         3248.87         225.087  201
   96         4365.51         3240.82         224.938  203
   97         4349.44         3227.68         224.352  205
   98         4335.93         3217.16         223.755  207
   99         4330.32         3208.19         224.425  209
  100         4315.86         3197.93         223.586  211
  101         4310.84          3194.6         223.248  213
  102         4302.76         3187.61          223.03  215
  103         4291.63         3177.89         222.749  217
  104         4283.97         3165.43         223.707  219
  105         4273.75         3157.02         223.347  221
  106         4263.48         3147.41         223.214  223
  107         4254.48         3137.14          223.47  225
  108         4252.63         3129.15         224.696  227
  109         4243.14         3124.29          223.77  229
  110         4239.97         3122.88         223.417  231
  111         4234.46         3119.56         222.981  233
  112         4226.41         3114.04         222.473  235
  113         4221.69         3110.54          222.23  237
  114         4212.96         3103.85         221.823  239
  115          4208.8         3101.05          221.55  241
  116            4204         3097.87         221.226  243
  117         4203.21         3097.42         221.158  245
  118         4194.99         3092.57         220.485  247
  119         4191.78         3090.89         220.178  249
  120         4187.44         3088.36         219.815  251
  121         4181.55         3084.18         219.474  253
  122         4174.86         3078.47         219.279  255
  123         4167.85         3071.91         219.188  257
  124         4164.04         3069.96         218.816  259
  125          4158.6         3066.95          218.33  261
  126         4152.63         3062.86         217.953  263
  127         4146.31         3057.67         217.728  265
  128         4142.47         3054.22          217.65  267
  129         4138.36         3050.37         217.598  269
  130         4135.43         3047.29         217.627  271
  131         4131.88         3044.39         217.498  273
  132         4128.44         3041.78         217.332  275
  133         4124.19          3037.7         217.298  277
  134         4122.83          3036.7         217.225  279
  135         4118.12         3032.88         217.047  281
  136         4115.65         3031.15         216.902  283
  137         4112.62         3028.79         216.766  285
  138         4110.03         3025.92         216.822  287
  139         4105.89         3022.11         216.756  289
  140         4103.16         3019.33         216.766  291
  141         4101.22         3017.04         216.836  293
  142         4097.16         3012.25         216.983  295
  143         4095.09         3008.21         217.377  299
  144         4091.95         3004.48         217.493  301
  145          4089.5         3001.98         217.504  303
  146         4086.34         2999.21         217.425  305
  147         4082.83         2994.84           217.6  307
  148         4080.73         2993.39         217.469  309
  149         4077.34         2990.69          217.33  311
  150         4076.15         2989.39         217.353  313
  151         4073.45         2987.37         217.217  315
  152          4072.2         2986.14         217.211  317
  153         4070.55         2984.58         217.194  319
  154         4069.53         2984.04         217.098  321
  155         4066.74         2981.96         216.955  323
  156         4064.87         2981.02         216.771  325
  157         4063.25         2980.51         216.549  327
  158         4060.93         2980.41         216.104  329
  159         4058.49          2981.1          215.48  331
  160         4056.66         2981.01         215.129  333
  161         4054.17         2981.39         214.557  335
  162         4052.23         2982.86         213.874  337
  163         4050.14            2983         213.429  339
  164         4048.55         2982.92         213.126  341
  165          4047.2         2981.97         213.046  343
  166          4045.9          2981.3          212.92  345
  167          4044.3         2980.25          212.81  347
  168         4042.96         2978.64         212.866  349
  169         4041.57         2977.05         212.904  351
  170         4040.66          2976.2         212.892  353
  171         4039.37         2974.49         212.976  355
  172         4038.73         2973.14         213.117  357
  173         4037.29         2971.65         213.129  359
  174         4035.77         2969.11         213.332  361
  175         4034.73         2966.51         213.644  363
  176         4033.72         2963.38         214.069  365
  177         4032.31          2960.9         214.283  367
  178         4031.04         2959.33         214.342  369
  179         4029.16         2956.63         214.507  371
  180         4028.05         2954.13         214.785  375
  181         4026.23         2951.26         214.994  377
  182         4024.68         2948.88         215.159  379
  183         4023.59         2946.92         215.335  381
  184          4022.5          2945.9         215.319  383
  185          4021.2         2945.05          215.23  385
  186         4019.76         2944.24         215.104  387
  187         4018.35         2942.54         215.162  389
  188            4017         2941.68         215.063  391
  189         4015.62         2940.35         215.055  393
  190         4014.57          2939.4         215.035  395
  191         4013.19         2937.78         215.082  397
  192         4011.91         2936.63         215.057  399
  193         4011.11         2936.18         214.986  401
  194         4009.91         2935.45         214.893  403
  195         4008.74         2934.26         214.896  405
  196         4007.31         2933.01         214.858  407
  197          4005.9         2931.57         214.866  409
  198         4004.54         2929.85         214.938  411
  199         4003.41          2928.4         215.002  415
  200         4001.91         2926.03         215.175  417
  201         4000.81         2924.35         215.291  419
  202         3999.08         2920.94         215.629  421
  203         3997.55         2917.45         216.021  423
  204         3995.98         2915.58          216.08  425
  205          3993.6         2911.92         216.335  427
  206         3992.14         2908.12         216.804  429
  207          3990.3         2902.99         217.462  431
  208         3989.22         2900.38         217.769  433
  209         3988.12         2898.08         218.007  435
  210         3986.93         2896.11         218.162  437
  211         3985.36         2892.49         218.575  439
  212         3984.25         2889.77         218.895  441
  213         3983.14         2887.87         219.055  443
  214         3981.78         2884.25         219.507  445
  215         3981.01         2880.34         220.133  447
  216         3979.95         2878.25         220.341  449
  217         3978.91         2875.58         220.665  451
  218         3977.96         2873.05         220.982  453
  219         3976.54         2867.56         221.796  455
  220         3974.75         2864.31         222.087  457
  221         3973.63         2863.93          221.94  459
  222         3971.68         2863.06         221.724  461
  223         3970.56         2861.08         221.896  463
  224         3969.25         2860.19         221.812  465
  225         3967.56         2858.12         221.888  467
  226         3966.51         2856.56         221.989  469
  227         3965.01         2851.92         222.617  471
  228         3963.33         2849.86         222.695  473
  229         3962.25            2849          222.65  475
  230         3960.61          2847.4         222.641  477
  231         3959.53         2845.08          222.89  479
  232         3958.36         2844.09         222.855  481
  233         3956.63         2841.62         223.001  483
  234         3955.53         2839.64         223.179  485
  235         3954.82         2834.69         224.025  487
  236         3952.71         2833.07          223.93  489
  237         3952.17         2833.09         223.815  491
  238         3950.79         2831.75         223.808  493
  239         3949.87         2828.89         224.196  495
  240         3948.58          2827.7         224.176  497
  241         3947.66         2825.73         224.385  499
  242         3946.88         2823.94         224.588  501
  243         3945.83         2820.22         225.122  503
  244         3944.39         2818.37         225.204  505
  245          3943.1          2817.4         225.139  507
  246         3941.56         2815.91         225.132  509
  247         3940.91         2814.72         225.238  511
  248         3939.79         2814.03         225.153  513
  249         3939.12         2813.37          225.15  515
  250         3938.48         2812.53         225.189  517
  251         3937.27         2810.76         225.302  519
  252         3935.99         2807.51         225.696  521
  253         3934.81         2806.25         225.713  523
  254         3933.98         2805.18          225.76  525
  255         3933.31         2803.94         225.873  527
  256          3932.8          2801.4         226.279  529
  257         3931.69         2800.63         226.213  531
  258         3931.16         2800.14         226.204  533
  259         3930.49         2799.32         226.234  535
  260          3929.2         2798.01         226.237  537
  261         3928.91         2796.32         226.518  539
  262         3927.25         2795.83         226.285  541
  263         3926.71         2795.82         226.178  543
  264         3925.84         2795.71         226.025  545
  265          3924.7          2795.1         225.921  547
  266         3923.64         2795.12         225.703  549
  267         3922.97         2794.72          225.65  551
  268         3921.91         2794.62         225.457  553
  269         3921.04         2794.44         225.321  555
  270         3919.74         2794.46         225.057  557
  271          3917.7         2794.38         224.665  559
  272         3916.33         2794.31         224.403  561
  273         3915.27         2793.38         224.379  563
  274         3914.15         2792.73         224.285  565
  275            3913         2791.73         224.256  567
  276         3911.82         2790.78         224.209  569
  277         3909.99         2787.37         224.523  571
  278         3907.65         2785.38         224.453  573
  279         3905.89          2783.2         224.538  575
  280         3904.57         2781.27          224.66  577
  281         3902.24          2776.3         225.187  579
  282         3898.96         2771.97         225.398  581
  283         3895.45         2767.71         225.547  583
  284         3891.63         2761.76         225.975  585
  285         3889.88         2755.71         226.834  587
  286         3885.02         2752.51         226.502  589
  287         3881.94         2749.66         226.455  591
  288         3878.42         2745.01         226.683  593
  289         3873.06         2737.68         227.075  595
  290         3868.08         2727.75         228.067  597
  291         3864.12         2724.33          227.96  599
  292         3860.18         2721.43          227.75  601
  293            3857         2715.98         228.204  603
  294         3852.36          2708.4         228.792  605
  295         3848.16         2700.66         229.499  607
  296         3845.47         2692.96         230.501  609
  297         3843.06          2692.5         230.112  611
  298         3841.28         2692.11         229.834  613
  299         3837.81         2690.48         229.466  615
  300         3836.29         2686.96         229.867  617
  301         3832.28         2683.43         229.769  619
  302         3829.67          2679.5         230.036  621
  303         3828.01         2675.58         230.487  623
  304         3825.42         2671.87          230.71  625
  305            3824         2665.03         231.794  627
  306         3820.19         2665.09          231.02  629
  307         3818.25         2666.25           230.4  631
  308         3815.27         2666.64         229.727  633
  309         3813.79         2667.61         229.237  637
  310         3812.23         2665.99         229.246  639
  311         3810.62         2663.85         229.354  641
  312         3809.14         2661.93         229.441  643
  313         3807.72         2659.53         229.637  645
  314         3805.87          2658.4         229.493  647
  315         3804.48         2657.96         229.304  649
  316         3803.03         2657.04         229.198  651
  317         3800.85         2655.94         228.981  653
  318          3798.6         2652.55          229.21  655
  319         3797.31         2651.17         229.228  657
  320         3795.82         2649.12         229.341  659
  321         3794.07         2646.58         229.498  661
  322         3791.53         2642.32         229.842  663
  323         3789.52         2639.49         230.007  665
  324         3787.73         2636.36         230.274  667
  325         3786.23         2634.95         230.255  669
  326         3784.07         2632.11         230.391  671
  327         3782.59         2630.27         230.466  673
  328         3780.51         2627.47         230.607  675
  329         3779.32         2626.38         230.588  677
  330         3777.71         2624.57         230.627  679
  331         3776.66         2623.89         230.554  681
  332         3774.38         2621.41         230.594  683
  333         3772.82         2619.87         230.589  685
  334          3771.3         2618.01         230.658  687
  335         3769.01         2615.05         230.792  689
  336         3768.67            2610         231.734  691
  337         3765.94         2609.92         231.204  693
  338         3765.17         2609.71         231.092  695
  339         3763.43         2608.14         231.058  697
  340         3761.21         2605.44         231.154  699
  341         3759.19         2601.91         231.455  701
  342         3757.45         2600.35          231.42  703
  343         3755.79         2598.53         231.452  705
  344         3754.58         2597.09         231.498  707
  345         3753.02         2594.02           231.8  709
  346         3751.43         2592.85         231.715  711
  347         3749.87         2592.08         231.559  713
  348         3748.32         2591.12          231.44  715
  349         3746.76          2590.3         231.292  717
  350         3744.14         2588.95         231.039  719
  351         3742.95         2588.76         230.838  721
  352         3741.29         2588.68         230.522  723
  353         3740.52         2588.75         230.353  725
  354         3738.54          2587.8         230.148  727
  355         3737.65         2587.36         230.058  729
  356         3736.64         2586.96         229.936  731
  357         3734.82         2586.08         229.749  733
  358         3733.58         2586.13         229.489  737
  359         3731.11         2584.51         229.319  739
  360         3728.45         2583.24         229.042  741
  361         3726.53         2582.42         228.823  743
  362         3724.89         2582.42         228.494  745
  363          3723.8         2582.37         228.286  747
  364         3721.49         2582.89         227.721  749
  365         3720.16         2584.19         227.195  751
  366         3718.37         2583.54         226.966  753
  367         3715.93         2583.58         226.469  755
  368         3714.62         2583.82         226.159  757
  369         3714.09         2586.82         225.453  759
  370          3710.6          2584.9          225.14  761
  371         3709.83         2584.35         225.096  763
  372          3708.4         2584.09          224.86  765
  373         3707.01         2584.04         224.594  767
  374          3705.1          2583.4         224.341  769
  375         3703.05         2582.52         224.106  771
  376         3701.54         2581.42         224.023  773
  377         3700.33         2579.62         224.143  777
  378         3698.69         2577.79          224.18  779
  379         3697.47         2576.08         224.278  781
  380         3695.29         2572.72         224.513  783
  381         3694.72         2567.47         225.449  785
  382         3691.53         2565.91         225.123  787
  383         3690.15         2564.55         225.118  789
  384         3688.59         2562.31         225.257  791
  385         3686.62          2559.6         225.403  793
  386         3685.67         2557.58         225.619  797
  387         3684.62         2556.43         225.638  799
  388         3683.69         2556.05         225.528  801
  389         3682.15         2556.08         225.213  803
  390         3680.54         2556.59          224.79  805
  391         3678.99         2556.88         224.422  807
  392          3676.8         2557.74         223.812  809
  393         3675.65         2559.29         223.273  811
  394         3674.53         2558.28          223.25  813
  395         3672.82         2556.97          223.17  815
  396         3671.89         2556.44          223.09  817
  397         3671.01         2555.93         223.015  819
  398         3668.38         2554.21         222.834  821
  399         3667.49          2553.5         222.798  823
  400         3666.17         2551.92          222.85  825
  401         3664.16         2548.29         223.174  827
  402         3662.04          2544.5          223.51  829
  403         3660.63         2541.62         223.803  831
  404         3659.25         2539.08         224.034  833
  405         3656.46         2533.43         224.605  835
  406         3654.96          2529.2          225.15  839
  407         3652.23         2523.82         225.682  841
  408         3648.96         2516.33         226.525  843
  409         3646.25          2508.1         227.628  845
  410         3643.92          2502.7         228.244  847
  411         3641.85         2501.38         228.095  849
  412          3639.7         2500.86         227.768  851
  413         3637.24         2500.03         227.443  853
  414         3633.69         2491.85         228.368  855
  415         3628.21         2486.54         228.334  857
  416         3624.58         2479.89         228.937  859
  417         3621.45         2471.42         230.005  861
  418         3618.88         2466.35         230.505  865
  419         3614.96         2457.33         231.526  867
  420         3610.04         2448.72         232.264  869
  421         3605.85         2443.52         232.465  871
  422         3601.55         2442.92         231.726  873
  423         3593.88         2442.41         230.294  875
  424         3592.53          2446.5         229.206  877
  425         3585.37         2439.39         229.195  879
  426         3582.27         2436.17         229.221  881
  427         3577.56         2431.93         229.127  883
  428         3572.93         2427.39         229.108  885
  429         3567.06         2421.11         229.191  887
  430         3563.14         2416.91         229.246  889
  431         3560.33         2413.83         229.299  891
  432         3555.58         2407.97         229.523  893
  433         3551.63         2404.61         229.404  897
  434         3545.93         2397.83          229.62  899
  435         3538.33         2389.45         229.777  901
  436         3533.12         2382.97         230.031  903
  437         3531.49         2376.71         230.955  905
  438         3526.86         2374.13         230.546  907
  439         3525.52         2373.86         230.333  909
  440         3521.84         2370.69         230.229  911
  441         3519.14          2365.5         230.728  913
  442         3515.22            2361         230.844  915
  443         3513.24         2356.66         231.316  917
  444         3511.27         2351.88         231.879  919
  445         3510.63         2345.43          233.04  921
  446          3506.7         2341.41         233.057  923
  447         3505.26         2340.75           232.9  925
  448         3503.51         2339.69         232.764  927
  449         3500.79         2339.06         232.345  929
  450         3498.92         2338.01         232.182  933
  451         3496.75         2337.18         231.914  935
  452          3495.4          2336.4         231.799  937
  453         3492.92         2335.34         231.516  939
  454         3490.32         2333.53         231.358  941
  455         3487.85         2331.98         231.174  943
  456         3485.73         2331.16         230.913  945
  457         3484.64         2330.19          230.89  947
  458         3483.73         2329.78          230.79  949
  459          3482.2         2328.94         230.653  951
  460          3480.5         2327.69         230.562  953
  461         3478.75         2325.95          230.56  955
  462         3477.13         2323.64         230.699  957
  463         3475.99         2322.25         230.747  959
  464         3475.07          2321.1         230.794  961
  465         3473.02         2318.04         230.995  963
  466         3472.04         2315.62         231.285  967
  467         3470.41         2312.92         231.498  969
  468         3468.58         2309.44         231.827  971
  469         3467.26         2306.45         232.162  973
  470         3466.14         2304.17         232.394  975
  471         3465.36         2304.21          232.23  977
  472         3464.11         2304.12         231.998  979
  473         3463.32         2304.67         231.731  981
  474         3462.35         2303.82         231.707  983
  475         3460.62         2301.45         231.835  985
  476         3459.52         2299.97         231.911  987
  477         3458.37          2298.1         232.053  991
  478         3457.14         2296.73         232.082  993
  479         3456.54         2296.34         232.041  995
  480         3455.65         2296.53         231.824  997
  481         3454.67         2296.06         231.722  999
  482         3453.58         2295.77         231.563  1001
  483         3452.29         2295.84         231.291  1003
  484         3451.19         2295.37         231.165  1005
  485         3450.33         2294.72         231.122  1007
  486         3449.21         2293.83         231.076  1009
  487         3448.71         2292.74         231.193  1011
  488         3447.61         2292.34         231.054  1013
  489         3446.86          2292.1         230.952  1015
  490         3446.01         2291.81         230.839  1017
  491          3445.5         2291.93         230.714  1019
  492         3444.27         2291.16         230.622  1021
  493         3443.74         2290.93         230.563  1023
  494         3443.25         2290.78         230.495  1025
  495         3442.37         2290.14         230.447  1027
  496         3441.65         2289.88         230.354  1031
  497         3440.75         2288.66         230.417  1033
  498         3439.97         2287.61         230.473  1035
  499         3439.05         2285.83         230.645  1037
  500          3438.3         2284.98         230.665  1039
  501         3437.78          2284.6         230.636  1041
  502          3437.3         2284.24         230.611  1043
  503          3436.8          2283.8           230.6  1045
  504         3436.19          2283.3         230.578  1047
  505         3435.18         2282.36         230.563  1049
  506         3434.42         2281.28         230.628  1051
  507         3433.72         2280.72           230.6  1053
  508          3432.6         2279.23         230.674  1055
  509         3432.05         2278.16         230.779  1057
  510         3431.21         2276.23         230.995  1059
  511         3430.33         2273.68          231.33  1061
  512         3429.31         2272.45          231.37  1063
  513          3428.5         2271.87         231.327  1065
  514         3427.36         2270.69         231.334  1067
  515         3427.07         2268.45         231.724  1069
  516          3425.5         2267.55          231.59  1071
  517         3424.88         2266.75         231.626  1073
  518         3424.12         2265.26         231.772  1075
  519         3423.57         2263.23          232.07  1077
  520         3422.45         2261.55          232.18  1079
  521         3421.44         2259.83         232.323  1081
  522         3420.63         2258.25         232.477  1083
  523         3419.24         2255.41         232.764  1085
  524         3418.39         2253.05         233.068  1087
  525         3417.27         2252.63         232.927  1089
  526         3416.59         2252.64         232.789  1091
  527         3415.57         2251.96         232.721  1093
  528         3414.46         2250.45         232.803  1095
  529          3412.9         2248.37         232.906  1097
  530         3412.05         2246.87         233.035  1099
  531         3411.05         2244.64         233.283  1101
  532         3409.65         2240.96         233.737  1103
  533         3408.52         2236.42          234.42  1105
  534         3407.19         2234.81         234.476  1107
  535         3406.22         2233.42         234.561  1109
  536          3405.1         2230.82         234.856  1111
  537         3404.24         2224.56         235.936  1113
  538          3402.1         2220.96         236.229  1115
  539         3401.27         2219.56         236.343  1117
  540         3400.06         2215.58         236.896  1119
  541         3398.49         2210.33         237.632  1121
  542         3397.01         2202.42         238.919  1123
  543         3396.03         2201.13         238.979  1125
  544         3394.68         2199.42         239.052  1127
  545         3393.54          2195.8         239.548  1129
  546            3392         2194.08         239.585  1131
  547         3390.34         2192.63         239.542  1133
  548         3388.55         2190.61         239.589  1135
  549         3386.56         2187.46         239.819  1137
  550         3385.09         2185.69          239.88  1139
  551         3383.96         2184.21         239.951  1141
  552         3382.61         2181.91          240.14  1143
  553         3381.85         2179.82         240.408  1145
  554         3380.13         2177.59         240.507  1147
  555          3378.9         2175.75          240.63  1149
  556         3377.64         2173.18         240.891  1151
  557         3377.24         2169.13         241.622  1153
  558         3375.38         2167.79         241.518  1155
  559         3374.42         2166.44         241.595  1157
  560         3373.36         2163.66         241.941  1159
  561         3372.08         2160.44         242.328  1161
  562         3370.95         2153.69         243.451  1163
  563         3369.66          2153.2         243.293  1165
  564         3368.81         2152.95         243.173  1167
  565         3367.63         2151.69         243.189  1169
  566          3366.2         2148.33         243.574  1171
  567         3364.12         2146.29         243.565  1173
  568         3362.75         2144.52         243.646  1175
  569         3361.45         2142.37         243.817  1177
  570         3361.05         2139.18         244.373  1179
  571         3358.79         2137.19          244.32  1181
  572         3358.16         2136.65         244.303  1183
  573         3357.42         2135.63         244.358  1185
  574         3356.09         2134.09         244.398  1187
  575         3354.27         2129.87         244.881  1189
  576         3351.55         2127.05         244.901  1191
  577         3350.21         2125.97         244.847  1193
  578         3349.09         2124.83         244.852  1195
  579          3347.8          2123.4          244.88  1197
  580         3346.54         2121.83         244.941  1199
  581         3344.84         2120.51         244.866  1201
  582         3343.77         2120.13         244.729  1203
  583         3340.98         2119.06         244.384  1205
  584         3340.41         2117.84         244.514  1207
  585         3338.49         2116.59         244.379  1209
  586         3337.86         2115.96         244.381  1211
  587         3336.93         2114.76         244.432  1213
  588         3335.73         2113.21         244.504  1215
  589         3334.11         2110.65         244.691  1217
  590         3332.49         2108.99         244.701  1219
  591         3330.62         2107.19         244.686  1221
  592         3329.39         2106.49         244.579  1223
  593         3327.98         2105.94         244.408  1225
  594         3325.73         2105.24         244.098  1227
  595         3324.32         2104.36         243.992  1229
  596         3322.77         2103.15         243.924  1231
  597         3321.32         2101.51         243.961  1233
  598         3320.69         2100.76         243.985  1235
  599          3319.3         2099.15          244.03  1237
  600         3318.75         2096.85         244.381  1239
  601         3316.19         2095.01         244.235  1241
  602         3315.12         2094.19         244.185  1243
  603         3313.94          2092.8         244.228  1245
  604         3313.18          2092.1         244.216  1247
  605         3311.68         2090.39         244.258  1249
  606          3310.5         2089.49         244.202  1251
  607          3309.4         2089.31         244.017  1253
  608         3307.59         2089.58         243.602  1255
  609          3306.4          2092.2         242.839  1257
  610         3304.57         2091.14         242.685  1259
  611         3303.69         2091.33         242.471  1261
  612         3302.52         2091.99         242.106  1263
  613         3301.02          2095.3         241.145  1265
  614         3299.12            2095         240.822  1267
  615         3298.11         2094.78         240.667  1269
  616         3296.99         2094.86         240.425  1271
  617         3295.34         2094.95         240.077  1273
  618         3294.37         2095.62          239.75  1277
  619         3292.93         2095.51         239.484  1279
  620         3292.02         2095.44         239.317  1281
  621         3290.97         2095.05         239.183  1283
  622         3289.71         2094.68         239.007  1285
  623         3288.26         2093.28         238.995  1287
  624         3286.22         2090.99         239.046  1289
  625         3284.77         2088.97          239.16  1291
  626          3283.2         2086.94         239.251  1293
  627         3281.63         2084.88         239.348  1295
  628         3280.62         2083.11         239.501  1297
  629         3279.57         2082.11         239.491  1299
  630         3278.12          2081.2         239.384  1301
  631         3277.06         2080.25         239.362  1303
  632         3275.84         2079.71         239.226  1305
  633         3273.94          2079.3         238.927  1307
  634         3271.86         2078.29         238.714  1309
  635         3271.14         2078.05         238.619  1311
  636          3269.5         2077.79         238.342  1313
  637          3268.7         2079.58         237.824  1315
  638          3266.6         2077.91         237.739  1317
  639         3265.62         2077.34         237.657  1319
  640         3264.56         2076.96         237.518  1321
  641         3263.06         2076.04         237.404  1323
  642         3261.95         2076.36         237.119  1325
  643         3260.45          2075.5          236.99  1327
  644         3259.41         2075.43         236.796  1329
  645         3258.33         2075.41         236.584  1331
  646          3256.5         2076.47         236.006  1333
  647         3254.28         2075.52         235.753  1335
  648         3252.92          2074.8         235.625  1337
  649         3251.18         2073.79         235.477  1339
  650         3249.77         2073.57          235.24  1341
  651         3248.04         2072.24         235.161  1343
  652         3246.55         2071.28         235.054  1345
  653         3245.09         2070.21         234.977  1347
  654         3243.01         2068.22         234.956  1349
  655         3241.68         2066.81         234.973  1351
  656         3240.23          2065.6         234.926  1353
  657         3238.98         2064.67         234.863  1355
  658         3237.71         2063.54         234.833  1357
  659         3235.29         2061.64         234.731  1359
  660         3233.17         2058.95         234.845  1361
  661         3231.36         2057.46         234.779  1363
  662         3229.36         2055.44         234.785  1365
  663         3227.39         2052.78         234.923  1367
  664         3225.84         2048.77         235.414  1369
  665            3224         2047.24         235.352  1371
  666          3223.3         2046.66         235.327  1373
  667          3222.4         2045.81         235.316  1375
  668         3220.24          2043.6         235.327  1377
  669         3218.95         2041.59         235.472  1379
  670         3216.47         2039.58         235.379  1381
  671         3214.98         2038.37         235.322  1383
  672         3213.75         2037.11         235.329  1385
  673         3211.78         2035.08         235.341  1387
  674         3209.81         2032.62         235.437  1389
  675         3208.63         2032.02         235.322  1391
  676          3207.4         2031.46         235.189  1393
  677         3206.16         2030.37         235.159  1395
  678          3204.6         2029.32         235.055  1397
  679         3202.84         2027.65         235.037  1399
  680         3201.81          2026.8         235.002  1401
  681         3200.57          2025.3         235.055  1403
  682         3199.39          2023.7         235.137  1405
  683         3198.01         2022.38         235.127  1407
  684         3196.74         2021.34          235.08  1409
  685         3195.24         2020.41         234.965  1411
  686         3194.16          2019.3         234.971  1413
  687         3193.13         2018.33          234.96  1415
  688         3192.27         2017.32          234.99  1417
  689         3191.58         2016.43         235.032  1419
  690         3190.58         2014.61         235.194  1421
  691         3189.45         2013.53         235.184  1423
  692         3188.83         2013.36         235.094  1425
  693         3187.59         2013.11         234.897  1427
  694         3186.61         2012.71         234.779  1429
  695         3185.94         2013.45         234.497  1431
  696         3184.49         2011.91         234.514  1433
  697         3184.03         2011.55         234.495  1435
  698         3183.23         2011.03          234.44  1437
  699         3182.29         2010.75         234.309  1439
  700         3181.32         2009.81         234.302  1441
  701         3180.69         2009.45         234.248  1443
  702         3179.54         2008.98         234.112  1445
  703         3178.84         2008.91         233.986  1447
  704         3177.89         2008.67         233.844  1449
  705         3176.72         2008.64         233.616  1451
  706         3175.98         2008.69         233.457  1453
  707         3175.26         2009.28         233.197  1457
  708         3174.26          2009.2         233.013  1459
  709         3173.63          2009.3         232.865  1461
  710         3172.62         2009.96         232.532  1463
  711         3172.03         2011.38         232.131  1465
  712         3171.14         2011.01         232.025  1467
  713          3170.3         2011.28         231.805  1469
  714         3169.65         2011.77         231.574  1471
  715         3169.32          2014.5         230.964  1473
  716         3168.02         2013.54         230.897  1475
  717          3167.6         2013.39         230.843  1477
  718         3167.18         2013.59         230.718  1479
  719         3166.41         2013.42         230.599  1481
  720         3165.76         2014.22         230.307  1483
  721          3164.7          2013.1         230.321  1485
  722         3164.35         2012.61         230.347  1487
  723         3163.59         2011.77         230.363  1489
  724         3163.14         2011.41         230.345  1493
  725         3162.39         2010.57         230.364  1495
  726         3161.57          2009.8         230.355  1497
  727         3160.84         2009.08         230.353  1499
  728         3160.19         2008.59          230.32  1501
  729          3159.7         2008.65          230.21  1503
  730         3159.12          2008.7         230.085  1505
  731         3158.64         2008.74         229.981  1507
  732         3158.12         2008.81         229.863  1509
  733         3157.49         2008.79          229.74  1511
  734          3157.1         2010.06         229.407  1513
  735         3156.43         2009.34         229.418  1515
  736         3155.99         2009.17         229.365  1517
  737         3155.52         2009.45         229.213  1519
  738         3155.42         2010.94         228.897  1521
  739         3154.45          2010.4          228.81  1523
  740         3154.01         2010.53         228.694  1525
  741         3153.46         2011.08         228.476  1527
  742          3152.8         2011.74         228.211  1529
  743          3152.4         2012.87         227.907  1533
  744         3151.79         2013.45         227.669  1535
  745         3151.39         2013.78         227.523  1537
  746         3150.92         2014.73         227.237  1539
  747          3150.5         2014.91         227.119  1541
  748         3150.18         2014.66         227.104  1543
  749          3149.5         2014.35         227.029  1545
  750         3148.84         2014.03         226.963  1547
  751          3148.3         2013.81         226.897  1549
  752         3148.02         2013.75         226.853  1551
  753         3147.46         2013.77         226.738  1553
  754         3147.24         2013.92         226.663  1557
  755         3146.91         2013.92         226.599  1559
  756         3146.54         2013.86         226.537  1561
  757         3146.19         2013.86         226.466  1563
  758         3145.74         2013.53         226.441  1565
  759         3145.06         2013.05         226.403  1567
  760         3144.59         2012.65         226.388  1569
  761         3144.05         2012.24         226.362  1571
  762         3143.72          2012.2         226.303  1573
  763         3143.28         2012.25         226.205  1575
  764         3143.01         2012.59         226.084  1577
  765         3142.75         2012.47         226.056  1579
  766         3142.42         2012.46         225.991  1581
  767         3142.16         2012.55         225.923  1583
  768         3141.85         2012.69         225.833  1585
  769         3141.38         2012.67         225.742  1587
  770          3140.9         2012.59         225.661  1589
  771         3140.45         2012.39         225.611  1591
  772         3140.19         2012.17         225.604  1593
  773         3139.89         2011.98         225.582  1595
  774         3139.47         2012.46         225.402  1597
  775         3138.94         2012.39         225.312  1599
  776         3138.55          2012.6          225.19  1601
  777         3138.23         2012.72         225.101  1603
  778         3137.77         2013.07          224.94  1605
  779         3137.39         2012.92         224.894  1607
  780         3137.12         2012.63         224.898  1609
  781         3136.75         2012.24         224.903  1611
  782         3136.47         2012.05         224.884  1613
  783         3136.15         2011.86         224.857  1615
  784         3135.59         2011.77         224.765  1617
  785          3135.2         2011.68         224.704  1619
  786         3134.63         2011.82         224.562  1621
  787         3134.25         2011.57         224.536  1623
  788         3133.97         2011.27          224.54  1625
  789         3133.58         2010.92         224.533  1627
  790         3133.27         2010.63         224.528  1629
  791         3132.84          2010.2         224.529  1631
  792         3132.46          2010.1         224.473  1633
  793          3132.1         2009.72         224.475  1635
  794          3131.8         2009.67         224.427  1637
  795         3131.43          2009.8         224.327  1639
  796         3130.97         2009.53         224.288  1641
  797         3130.77         2009.45         224.263  1643
  798         3130.51         2009.39         224.223  1645
  799         3130.26         2009.55         224.143  1647
  800         3129.95         2009.49         224.092  1649
  801         3129.64         2009.58         224.011  1651
  802         3129.42         2009.68         223.947  1653
  803            3129         2009.91         223.818  1655
  804         3128.63         2010.04         223.719  1657
  805         3128.23         2009.82         223.682  1659
  806         3127.86         2009.61          223.65  1661
  807         3127.66         2009.53         223.627  1663
  808          3127.3         2009.27         223.606  1665
  809         3126.99         2009.26         223.547  1667
  810         3126.79         2009.11         223.536  1669
  811         3126.33         2008.93         223.481  1671
  812         3126.09         2008.56         223.506  1673
  813         3125.79         2008.39          223.48  1675
  814         3125.54         2008.12         223.484  1677
  815         3125.34         2007.74          223.52  1679
  816         3125.09         2007.03         223.611  1681
  817         3124.83         2006.61         223.645  1683
  818          3124.5         2006.13         223.674  1685
  819         3124.02         2005.57         223.691  1687
  820         3123.78         2004.84         223.789  1689
  821         3123.14         2004.51         223.727  1691
  822         3122.93         2004.55         223.677  1693
  823         3122.69         2004.53         223.632  1695
  824         3122.44          2005.2         223.447  1697
  825         3121.97         2004.78         223.438  1699
  826         3121.53         2004.52         223.403  1701
  827         3121.19         2004.63         223.312  1703
  828         3121.03         2004.96         223.212  1705
  829         3120.62         2004.83         223.158  1707
  830         3120.41         2004.89         223.103  1709
  831         3120.15         2004.97         223.036  1711
  832         3119.73         2005.06         222.936  1713
  833          3119.4         2005.19         222.841  1717
  834         3118.91         2005.16          222.75  1719
  835         3118.51         2005.06         222.691  1721
  836         3118.09         2005.33         222.553  1723
  837         3117.65         2005.16         222.498  1725
  838         3117.27         2005.01         222.452  1727
  839         3116.85         2005.13         222.345  1729
  840         3116.43         2004.75         222.336  1731
  841            3116         2004.28         222.345  1733
  842         3115.59         2003.73         222.373  1735
  843         3115.19         2002.66         222.506  1737
  844          3114.8         2002.25         222.511  1739
  845         3114.33         2001.72         222.523  1741
  846         3113.93          2001.2         222.545  1743
  847         3113.46         2000.66          222.56  1745
  848         3112.96         2000.25         222.541  1747
  849         3112.69         2000.18         222.502  1749
  850         3112.39         2000.16         222.447  1751
  851         3112.09         1999.74          222.47  1753
  852         3111.67         1999.52         222.428  1755
  853         3111.29         1999.19         222.421  1757
  854         3110.97          1998.8         222.433  1759
  855         3110.71         1998.62         222.417  1763
  856         3110.32         1998.03         222.458  1765
  857         3110.08         1997.82         222.453  1767
  858         3109.72         1997.63         222.417  1769
  859         3109.44         1997.49          222.39  1771
  860         3108.97         1997.21         222.352  1773
  861         3108.59         1997.01         222.316  1775
  862         3108.32         1996.76         222.312  1777
  863         3108.18         1996.63         222.311  1779
  864         3107.65         1995.99         222.332  1781
  865         3107.44         1995.73         222.343  1783
  866         3107.24         1995.46         222.357  1785
  867          3106.9         1995.09         222.362  1787
  868          3106.5          1994.2          222.46  1789
  869         3105.98          1993.8         222.436  1791
  870         3105.72         1993.66         222.412  1793
  871         3105.23         1993.17         222.412  1795
  872         3104.95         1992.91         222.408  1799
  873         3104.61         1992.44         222.434  1801
  874         3104.17         1991.55         222.524  1803
  875         3103.96         1991.31         222.531  1805
  876         3103.73         1991.08         222.531  1807
  877         3102.89         1989.96         222.586  1809
  878         3102.59         1989.75         222.567  1813
  879         3102.33          1989.6         222.548  1815
  880         3101.88          1989.4         222.496  1817
  881         3101.57         1989.74         222.366  1819
  882         3101.12         1989.57          222.31  1821
  883         3100.69         1989.64          222.21  1823
  884         3100.41         1989.65         222.153  1825
  885         3099.97         1989.57         222.082  1827
  886         3099.37         1989.17         222.041  1829
  887         3098.92          1988.6         222.063  1831
  888         3098.44         1988.12         222.064  1833
  889         3098.13         1987.25         222.176  1835
  890          3097.6         1987.05         222.111  1837
  891         3097.17         1986.91         222.051  1839
  892          3096.8         1986.64         222.033  1841
  893          3096.4         1986.03         222.074  1843
  894         3095.93         1985.39         222.109  1845
  895         3095.37         1984.34         222.205  1847
  896            3095         1983.59         222.281  1849
  897          3094.5         1982.17         222.465  1851
  898         3094.03         1981.19          222.57  1853
  899         3093.72         1981.06         222.534  1855
  900         3093.33         1980.85         222.496  1857
  901         3093.05         1980.62         222.486  1859
  902         3092.66         1980.46          222.44  1861
  903          3091.9          1980.1         222.359  1863
  904         3091.41         1979.95         222.291  1865
  905         3091.12         1979.81         222.261  1867
  906         3090.44          1979.7         222.149  1869
  907         3090.27         1979.64         222.126  1871
  908         3089.72         1979.68         222.008  1873
  909         3089.33         1979.78         221.909  1877
  910         3088.82         1979.67          221.83  1879
  911         3088.23          1979.5         221.745  1881
  912         3087.95         1979.34         221.722  1883
  913         3087.57         1979.06         221.702  1885
  914         3087.03         1978.75         221.656  1887
  915         3086.71         1978.56          221.63  1889
  916         3086.11         1978.32         221.559  1891
  917          3085.6         1977.72         221.576  1893
  918          3085.1         1977.35         221.551  1895
  919         3084.38         1976.75         221.527  1897
  920          3083.9         1976.32         221.517  1899
  921         3083.53          1975.8         221.545  1903
  922         3083.06         1975.24         221.566  1905
  923          3082.8         1975.05          221.55  1907
  924         3082.37         1974.74         221.525  1909
  925         3081.89         1974.88         221.402  1911
  926         3081.41         1974.93         221.295  1913
  927         3080.43          1975.6         220.966  1915
  928         3080.13         1977.01         220.624  1917
  929         3079.29         1976.14         220.629  1919
  930         3078.79         1976.08         220.542  1921
  931          3078.4         1976.38         220.404  1923
  932         3078.26         1977.34         220.183  1925
  933         3077.63         1976.96         220.134  1927
  934         3077.26         1976.93         220.065  1929
  935         3076.87         1977.04         219.966  1931
  936         3076.31         1976.93         219.876  1933
  937         3075.92         1976.37         219.909  1935
  938         3074.79         1975.76         219.805  1937
  939         3074.35         1975.29         219.811  1939
  940         3073.73         1974.47         219.852  1941
  941         3073.46         1974.16          219.86  1945
  942         3073.06         1973.61         219.889  1947
  943         3072.56         1973.09         219.892  1949
  944         3072.19         1972.85         219.868  1951
  945         3071.74         1972.67         219.814  1953
  946         3071.13         1972.55         219.716  1955
  947         3070.66          1972.4         219.652  1959
  948         3070.04         1972.15         219.577  1961
  949         3069.57         1971.91         219.531  1963
  950         3069.13         1971.68          219.49  1965
  951         3068.59         1971.27         219.466  1967
  952         3068.25         1971.02         219.446  1969
  953         3067.94         1970.85         219.418  1971
  954         3067.45         1970.62         219.366  1973
  955         3067.03         1970.34         219.336  1975
  956         3066.62         1970.06         219.313  1977
  957         3066.21         1969.71         219.301  1979
  958         3065.66         1969.08         219.315  1981
  959         3065.22         1968.15         219.414  1983
  960         3064.39         1967.09         219.459  1985
  961            3064         1966.54         219.492  1987
  962         3063.56         1965.79         219.554  1989
  963         3063.25         1964.72         219.706  1991
  964         3062.81          1964.4         219.681  1993
  965          3062.5         1964.09         219.681  1995
  966         3062.18         1963.58         219.721  1997
  967          3061.7         1962.99         219.741  1999
  968         3061.13         1961.73         219.879  2001
  969         3060.76         1961.42         219.868  2003
  970         3060.31         1961.04         219.855  2005
  971         3060.08         1960.85         219.847  2007
  972         3059.73         1960.53          219.84  2009
  973         3059.27         1960.01         219.852  2011
  974         3058.97         1959.73         219.847  2013
  975         3058.85         1959.48         219.875  2015
  976         3058.21         1959.12         219.818  2017
  977         3058.02         1959.13         219.778  2019
  978         3057.71         1959.09         219.724  2021
  979         3057.46         1959.16          219.66  2023
  980         3057.01         1958.72         219.659  2025
  981          3056.6         1958.15          219.69  2027
  982         3056.22         1957.56         219.733  2029
  983         3055.83         1956.55         219.856  2031
  984         3055.36         1955.91         219.889  2033
  985         3055.19         1955.97         219.845  2035
  986         3054.86         1955.92         219.788  2037
  987         3054.28         1955.66         219.725  2039
  988         3053.83         1955.18         219.731  2041
  989         3053.45         1954.57         219.775  2043
  990         3053.25         1954.22         219.805  2045
  991         3052.99         1953.75         219.847  2047
  992         3052.89         1953.37         219.904  2049
  993          3052.5         1953.08         219.883  2051
  994         3052.29         1952.96         219.864  2053
  995            3052         1952.68         219.864  2055
  996         3051.53         1952.32         219.841  2057
  997         3051.44         1951.56         219.974  2059
  998         3050.74         1951.47         219.855  2061
  999         3050.54         1951.52         219.804  2063
 1000         3050.23         1951.58          219.73  2065
