    0      1.4731e+06      1.4731e+06               0  1
    1     1.19409e+06     1.19173e+06          47.298  7
    2          923862          784092         2795.39  11
    3          470425          468953         29.4314  13
    4          430591          429041         30.9948  15
    5          420961          413645          146.31  19
    6          403453          399427          80.531  21
    7          356940          353940         59.9936  23
    8          271588          250565         420.469  27
    9          238888          224879         280.164  31
   10          198815          185912         258.053  33
   11          167959          145115         456.884  37
   12          156874          144499         247.499  39
   13          138729          125890         256.786  41
   14          134126          122063         241.262  45
   15          128603          116793         236.196  47
   16         99564.9         86558.2         260.134  49
   17         96282.4         83777.7         250.094  53
   18         91507.8         78487.1         260.414  55
   19         84659.5         70061.3         291.963  57
   20         82472.7         67149.4         306.466  61
   21         79979.9         65211.2         295.374  63
   22         78601.4         64024.4         291.541  65
   23         74004.6         60194.6         276.201  67
   24         68045.5         53667.7         287.556  69
   25         63828.7         48616.9         304.235  71
   26         60653.2         47506.2         262.942  73
   27         59858.5         46969.3         257.784  75
   28         58111.8           45530         251.635  77
   29         56321.1         42909.5         268.232  81
   30           53692         40852.7         256.788  83
   31           47751           35211           250.8  85
   32         46728.8           34652         241.537  89
   33         46026.1         34111.5         238.293  91
   34         42215.2         30573.3         232.839  93
   35         38058.4         27926.1         202.645  95
   36         35702.1         26177.7         190.488  97
   37           34108         24723.1         187.698  99
   38         32653.9         23593.4          181.21  101
   39         30079.1         21502.7         171.528  103
   40         29077.8         20841.3         164.729  107
   41         27745.1         20183.3         151.235  109
   42         26432.7         19538.4         137.885  111
   43         25625.5         19321.7         126.078  113
   44         24685.2         18871.3         116.279  115
   45         24126.9         18380.8         114.921  117
   46         23658.8         18097.3         111.232  119
   47         23180.6         17950.3         104.605  121
   48         22751.7         17759.7         99.8404  123
   49         22016.9         17429.2         91.7546  125
   50         21697.9         17405.6         85.8457  129
   51         21436.8         17241.1         83.9147  131
   52         20993.7         16655.7         86.7611  133
   53         20124.2         16403.4          74.416  135
   54         19686.3         16160.7         70.5116  137
   55         19455.1         16001.9         69.0632  139
   56         19127.5         15534.4         71.8614  141
   57         18517.6         15342.2         63.5092  143
   58         17970.1         14987.1         59.6602  145
   59         17727.5         14823.6         58.0788  147
   60         17520.2         14573.7         58.9286  151
   61         17125.8         14323.2         56.0523  153
   62         16486.8         13776.3         54.2104  155
   63         16381.4         13457.8          58.472  157
   64         16071.3         13420.3          53.022  159
   65         15961.5           13384         51.5507  161
   66         15758.5           13258         50.0102  163
   67         15447.1         13045.2         48.0367  165
   68         15273.8         12771.9         50.0387  167
   69         14968.4         12650.3          46.361  169
   70         14739.3         12440.3         45.9795  171
   71         14577.5         12262.2          46.306  173
   72         14425.9         12014.6         48.2261  177
   73         14178.4         11783.1         47.9076  179
   74         13919.5         11497.7         48.4375  181
   75         13755.4         11303.8         49.0328  183
   76         13660.5         11256.3         48.0843  185
   77         13555.8         11208.4         46.9481  187
   78         13335.3         11059.7         45.5126  189
   79         13166.5         10965.5         44.0201  191
   80           13082         10848.6         44.6671  193
   81         12916.1           10777         42.7813  195
   82         12788.8         10635.6         43.0627  197
   83         12660.8         10464.9         43.9179  199
   84         12530.8         10280.2         45.0133  201
   85         12375.4         10126.4         44.9799  203
   86         12258.5         10027.5         44.6208  205
   87         12100.7         9893.33          44.148  207
   88           12038         9794.29         44.8739  209
   89         11921.4         9755.15         43.3254  211
   90         11763.5          9601.1         43.2487  213
   91         11620.7         9427.26         43.8688  215
   92           11554         9219.57          46.689  217
   93           11420         9155.87         45.2832  219
   94         11328.4         9063.02         45.3069  221
   95         11245.4         8954.86           45.81  223
   96         11136.5         8845.33         45.8232  225
   97         10998.8         8717.62         45.6234  227
   98         10910.7         8640.12         45.4114  229
   99         10819.8          8594.1          44.514  231
  100         10723.6         8520.14         44.0696  233
  101           10635         8446.46         43.7708  235
  102         10551.2         8232.97         46.3656  237
  103         10467.5         8182.78         45.6935  239
  104         10442.2         8168.53         45.4738  241
  105         10403.4         8132.96          45.409  243
  106         10341.3         8069.35         45.4394  245
  107         10255.2         7974.81         45.6075  247
  108         10173.9         7903.26         45.4131  249
  109         10111.5         7843.12         45.3668  251
  110         10039.9         7751.76         45.7634  253
  111         9955.72         7626.81         46.5783  255
  112         9879.83         7529.96         46.9974  257
  113         9810.64         7282.37         50.5654  259
  114          9721.8         7274.33         48.9494  261
  115         9694.92         7266.63         48.5657  263
  116         9576.09         7133.86         48.8446  265
  117          9531.5         7056.44         49.5012  269
  118         9508.02         7004.62          50.068  271
  119         9443.62         6870.82          51.456  273
  120         9406.65         6741.31         53.3069  275
  121         9321.11         6754.24         51.3375  277
  122         9252.98         6775.68          49.546  279
  123         9217.04         6785.65          48.628  281
  124         9191.84          6745.3         48.9307  285
  125         9135.89         6719.67         48.3244  287
  126         9041.22         6605.29         48.7186  289
  127         9015.51          6555.2         49.2062  293
  128         8984.93          6507.2         49.5545  295
  129         8959.65         6479.02         49.6127  297
  130         8927.95         6427.17         50.0156  299
  131         8889.19          6415.7         49.4698  301
  132         8857.68         6412.03         48.9131  303
  133         8825.57         6408.66         48.3382  305
  134         8806.73         6388.92         48.3561  309
  135         8771.74         6375.25         47.9298  311
  136         8725.68         6349.57         47.5221  313
  137         8708.68          6325.7         47.6596  317
  138         8685.81         6303.95         47.6372  319
  139         8657.61          6260.7         47.9382  321
  140         8639.16         6217.52          48.433  323
  141          8619.2          6199.7           48.39  325
  142         8601.45         6185.75         48.3141  327
  143            8588         6176.97         48.2207  329
  144         8579.29          6156.7          48.452  331
  145          8547.2          6147.5          47.994  333
  146         8530.07         6132.56         47.9504  335
  147         8510.04         6113.15         47.9377  337
  148         8507.58         6085.45         48.4425  339
  149         8481.13         6081.04         48.0019  341
  150         8464.26          6065.2         47.9811  343
  151         8439.29         6031.74         48.1509  345
  152          8416.9         6002.39         48.2902  347
  153         8412.64         5957.89         49.0951  349
  154         8380.07         5952.58         48.5499  351
  155         8365.34         5943.07         48.4454  353
  156         8340.15         5919.56         48.4119  355
  157          8329.6         5906.66         48.4589  357
  158         8314.61         5898.23         48.3275  359
  159         8299.65         5882.73         48.3385  361
  160         8284.13         5864.68          48.389  363
  161         8265.53         5846.44         48.3817  365
  162         8255.36         5829.51         48.5172  367
  163         8239.69          5823.6         48.3218  369
  164         8224.88         5814.99         48.1978  371
  165         8204.31         5799.72         48.0919  373
  166         8188.75          5792.1         47.9331  375
  167         8170.71          5774.8         47.9183  377
  168          8147.2         5740.56         48.1328  379
  169         8130.71         5705.98         48.4946  381
  170         8121.02          5695.9         48.5024  383
  171         8116.06          5694.6         48.4292  385
  172         8101.65            5684          48.353  387
  173         8095.45         5673.49         48.4393  391
  174         8087.89         5662.66         48.5045  393
  175         8063.46         5607.87         49.1118  395
  176         8057.32         5594.02         49.2659  399
  177         8049.72         5576.87         49.4569  401
  178         8033.92         5540.85         49.8614  403
  179         8020.64         5515.86         50.0955  405
  180         8012.58         5519.81         49.8554  407
  181         8005.63         5528.52         49.5423  409
  182         7995.63         5528.04         49.3518  411
  183         7980.59         5516.41         49.2836  413
  184         7961.28         5480.79         49.6098  415
  185         7954.22         5462.54         49.8336  417
  186         7948.72         5460.99         49.7547  419
  187         7943.45         5452.91         49.8109  421
  188         7936.42         5437.93           49.97  423
  189         7926.16         5414.68         50.2295  425
  190         7920.05         5387.49         50.6513  427
  191         7911.35         5389.04         50.4462  429
  192         7907.85         5389.97         50.3575  431
  193         7902.61         5387.99         50.2923  433
  194         7896.27         5385.41         50.2172  435
  195         7889.97         5380.54         50.1884  437
  196         7877.48         5366.52         50.2192  439
  197         7874.83         5364.35         50.2097  443
  198         7872.45         5361.88         50.2114  445
  199         7868.41         5357.96          50.209  447
  200         7861.27         5351.42         50.1971  449
  201          7857.7         5348.26         50.1888  451
  202         7851.94         5348.54         50.0678  453
  203         7847.95         5350.06         49.9578  455
  204         7843.63         5352.04         49.8318  457
  205         7839.05         5352.44         49.7321  461
  206            7830         5355.51         49.4899  463
  207         7821.05         5355.11         49.3188  465
  208         7815.78         5354.37         49.2282  467
  209         7811.16         5353.02         49.1629  469
  210         7807.59         5351.34         49.1249  471
  211         7800.81         5349.35         49.0291  473
  212         7796.51         5350.18         48.9265  475
  213         7792.03         5349.05         48.8596  477
  214          7779.1          5347.2         48.6381  479
  215         7775.41         5348.28         48.5426  481
  216         7770.41         5347.95         48.4491  483
  217         7765.77         5345.34         48.4087  485
  218         7760.78         5342.25         48.3707  487
  219         7756.92         5339.64         48.3456  489
  220            7752         5340.02         48.2397  491
  221         7748.84         5339.06         48.1955  493
  222         7743.81         5337.07         48.1347  495
  223         7739.36         5336.61          48.055  497
  224         7735.04         5336.83         47.9643  499
  225         7731.08         5335.64         47.9089  501
  226         7724.26         5335.73         47.7706  503
  227         7720.81         5337.02         47.6759  507
  228         7717.11         5336.67         47.6088  509
  229         7709.18         5336.43         47.4549  511
  230         7705.06         5337.38         47.3536  513
  231         7699.71         5338.35         47.2273  515
  232          7694.7         5338.08         47.1324  517
  233          7691.8         5338.27         47.0706  519
  234         7687.66          5339.9         46.9553  521
  235         7684.03          5340.5         46.8705  523
  236         7678.91         5342.59         46.7264  525
  237         7673.87         5345.83         46.5608  527
  238         7668.03         5352.03         46.3199  529
  239         7663.18         5351.66         46.2303  531
  240         7656.01         5354.63         46.0276  533
  241         7653.76         5357.08         45.9335  537
  242         7651.53         5357.12         45.8881  539
  243         7641.64         5361.72         45.5985  541
  244         7637.47         5366.35         45.4224  543
  245         7632.87         5371.01         45.2371  545
  246         7629.41         5371.43         45.1595  547
  247         7626.05         5372.62         45.0685  549
  248         7620.65         5374.76         44.9179  551
  249         7617.76         5374.07         44.8738  553
  250         7613.01         5375.16         44.7568  555
  251         7607.64         5376.24          44.628  557
  252         7602.97         5378.29         44.4936  561
  253          7597.2         5380.64         44.3311  563
  254         7595.33         5380.48          44.297  565
  255         7591.54         5380.07         44.2294  567
  256         7587.56         5380.04         44.1504  569
  257         7584.86         5378.26         44.1319  571
  258         7580.92         5376.67          44.085  573
  259         7578.13            5377         44.0226  575
  260         7576.31         5376.03         44.0056  577
  261         7572.08         5375.69         43.9278  579
  262         7570.08         5376.77         43.8661  581
  263         7567.21          5378.2         43.7802  583
  264         7563.32         5379.48         43.6769  585
  265         7559.56         5381.75         43.5561  587
  266         7557.81         5384.38         43.4685  589
  267         7555.59         5382.77         43.4563  591
  268         7553.03         5381.04         43.4397  593
  269         7549.77          5379.7         43.4015  595
  270         7548.46         5379.73         43.3746  597
  271         7542.62         5378.91         43.2742  599
  272         7540.17         5378.81         43.2271  601
  273         7537.84         5379.38         43.1693  603
  274         7534.67         5379.15         43.1104  605
  275         7529.44         5380.68         42.9752  607
  276         7525.17         5379.34         42.9166  609
  277         7519.76         5376.14         42.8724  611
  278         7517.28         5374.23         42.8609  613
  279         7515.42         5373.65         42.8355  615
  280         7513.59         5373.28         42.8062  617
  281         7510.68         5373.81         42.7373  619
  282         7508.51         5375.63         42.6576  621
  283         7504.58         5377.31         42.5454  623
  284         7498.32         5378.71         42.3921  625
  285         7492.94          5379.8         42.2628  627
  286         7490.91         5379.15         42.2352  631
  287         7488.16         5379.08         42.1816  633
  288          7485.8         5378.08         42.1544  635
  289         7483.86         5377.71          42.123  637
  290         7481.98         5377.05         42.0987  639
  291         7479.53         5375.76         42.0754  641
  292         7474.88         5372.87         42.0402  643
  293         7471.96         5371.76          42.004  645
  294            7470         5371.83         41.9635  647
  295         7466.66          5373.3         41.8672  649
  296         7464.51         5375.14         41.7874  651
  297         7460.48         5377.35         41.6625  653
  298         7452.73         5379.22         41.4701  655
  299         7451.01         5381.66         41.3869  657
  300         7445.36         5377.51         41.3571  659
  301          7444.3         5375.83         41.3693  661
  302         7442.08         5372.94         41.3827  663
  303         7438.98         5369.77         41.3842  665
  304         7435.24         5366.57         41.3735  667
  305         7428.96         5358.82          41.403  669
  306         7426.83         5358.14         41.3739  673
  307         7425.63         5358.76         41.3374  675
  308         7422.87         5358.42          41.289  677
  309         7419.14         5359.48         41.1933  679
  310         7417.88         5356.57         41.2263  681
  311         7415.29         5355.02         41.2055  683
  312          7414.1         5353.41         41.2138  685
  313         7412.57          5350.9         41.2335  687
  314         7409.32         5346.66         41.2532  689
  315         7408.81         5337.87         41.4187  691
  316         7403.58         5339.16         41.2884  693
  317         7402.42         5339.77          41.253  695
  318         7400.98          5340.2         41.2157  697
  319         7397.97            5339         41.1794  699
  320         7395.76         5336.23         41.1907  703
  321         7390.78         5332.46         41.1665  705
  322          7388.4          5329.1          41.186  707
  323         7387.63          5323.9         41.2746  709
  324         7385.22         5324.12         41.2221  711
  325         7384.43         5324.11         41.2064  713
  326         7382.98         5323.82         41.1832  715
  327         7380.61         5322.19         41.1684  717
  328         7377.96         5320.78         41.1437  721
  329         7374.24         5316.82         41.1483  723
  330         7371.01         5311.96          41.181  725
  331         7369.67         5308.79         41.2176  727
  332         7367.04         5308.02         41.1802  729
  333         7365.15         5308.04         41.1422  731
  334         7362.79         5308.91         41.0775  733
  335         7360.34         5309.52         41.0165  735
  336         7357.98         5311.78          40.924  737
  337         7355.86         5310.03         40.9166  739
  338         7353.64         5308.03         40.9123  741
  339         7352.86         5307.56         40.9061  743
  340         7350.88         5306.53          40.887  745
  341         7348.33         5304.06         40.8855  747
  342         7345.16         5300.35         40.8963  749
  343         7342.14         5296.38         40.9152  751
  344         7340.28         5293.81         40.9295  753
  345         7338.97         5293.58         40.9079  755
  346         7337.01         5292.74         40.8853  757
  347         7335.05         5291.62         40.8686  759
  348         7333.25            5290         40.8652  761
  349         7331.03         5288.36         40.8535  763
  350         7328.73         5284.59         40.8827  765
  351         7326.32         5279.57         40.9351  767
  352         7325.44         5277.14          40.966  769
  353         7324.48          5277.1         40.9477  771
  354         7322.37         5276.07         40.9261  773
  355         7320.45         5274.97         40.9095  775
  356         7317.96         5272.77         40.9038  777
  357         7316.91         5267.67         40.9848  779
  358         7311.87         5266.04         40.9166  781
  359         7310.22         5264.49         40.9147  783
  360         7308.67         5262.72          40.919  785
  361         7308.11         5259.39         40.9744  787
  362         7306.59         5259.56         40.9406  789
  363         7304.98         5258.21         40.9355  791
  364         7303.39         5255.53         40.9571  793
  365         7301.93         5252.84         40.9818  795
  366         7299.78         5248.92         41.0172  797
  367          7297.9         5246.64         41.0252  799
  368         7294.74         5242.69         41.0409  801
  369         7294.07         5241.59         41.0496  805
  370         7293.17         5241.49         41.0335  807
  371         7290.37         5239.06         41.0261  809
  372         7289.57         5234.97         41.0921  811
  373         7286.87         5234.13         41.0548  813
  374         7286.04         5233.18         41.0573  815
  375         7284.41         5231.24         41.0634  817
  376         7283.08         5228.81         41.0854  821
  377         7280.36         5226.22         41.0828  823
  378         7277.07         5222.96         41.0821  825
  379         7275.26         5219.97         41.1058  827
  380         7273.34         5219.75         41.0719  829
  381         7272.22         5220.37         41.0372  831
  382         7269.98         5220.63         40.9869  833
  383         7268.08         5223.14         40.8988  835
  384         7266.11         5222.36         40.8749  837
  385         7263.42         5220.58         40.8567  839
  386         7261.82          5219.6         40.8444  843
  387         7260.38         5218.11         40.8454  845
  388         7259.19         5217.39         40.8361  847
  389         7256.76         5215.84         40.8185  849
  390         7255.55          5215.4          40.803  851
  391         7254.25         5215.54         40.7743  853
  392         7252.92         5215.59         40.7467  855
  393         7251.63         5215.44         40.7237  857
  394         7250.58         5212.37         40.7642  859
  395         7246.67         5211.88         40.6958  861
  396         7244.46         5209.77         40.6939  863
  397          7242.9         5207.47         40.7087  865
  398         7240.13         5205.16         40.6994  867
  399         7235.48         5201.11         40.6873  869
  400         7232.71         5199.77         40.6589  871
  401         7230.69         5199.97         40.6144  873
  402         7229.36         5200.01          40.587  875
  403         7228.26         5199.34         40.5785  877
  404          7225.7         5196.19         40.5901  879
  405          7223.6         5192.98         40.6123  881
  406         7222.58         5191.09         40.6299  885
  407         7220.71         5188.32         40.6478  887
  408         7218.77            5185         40.6754  889
  409         7217.37         5182.88         40.6898  891
  410         7216.97         5181.78         40.7038  893
  411         7215.69         5182.22         40.6695  895
  412         7214.77         5182.48         40.6458  897
  413         7213.31         5182.95         40.6071  899
  414         7211.32         5182.63         40.5737  901
  415         7209.78         5182.27         40.5502  905
  416          7207.3         5179.87         40.5485  907
  417          7205.2         5176.01         40.5838  909
  418         7203.33         5172.42         40.6181  911
  419         7202.68         5169.59         40.6617  913
  420         7201.05         5169.95          40.622  915
  421         7200.05         5170.57         40.5896  917
  422         7198.87         5171.39         40.5496  919
  423         7198.44         5173.83         40.4921  921
  424            7197         5172.98         40.4804  923
  425            7196         5172.14         40.4773  925
  426         7194.13         5170.68          40.469  927
  427         7190.93         5168.49         40.4486  929
  428         7188.82         5167.46         40.4273  931
  429         7186.21         5166.55          40.393  933
  430         7185.09         5166.41         40.3735  935
  431         7184.25         5166.58         40.3534  937
  432         7183.26         5166.52         40.3346  939
  433         7182.52         5166.89         40.3126  941
  434         7181.79         5166.44         40.3069  943
  435         7179.61         5164.87         40.2947  945
  436         7178.78         5164.41         40.2874  949
  437         7177.78         5163.43         40.2871  951
  438         7175.74         5161.27         40.2893  953
  439          7174.7         5159.95         40.2949  955
  440         7173.73         5159.41         40.2864  957
  441         7173.27         5159.49         40.2756  959
  442         7172.25         5158.67         40.2716  961
  443         7170.48         5158.15         40.2464  963
  444         7168.93          5156.5         40.2485  965
  445         7168.04          5154.9         40.2628  967
  446         7167.18            5153         40.2837  969
  447         7165.53         5151.61         40.2783  971
  448         7163.86         5149.93         40.2787  973
  449         7163.13          5149.3         40.2766  975
  450         7162.78         5146.02         40.3353  977
  451         7160.31         5145.39         40.2984  979
  452         7158.97         5143.79         40.3035  981
  453          7158.1         5142.14         40.3192  983
  454         7156.74         5141.54          40.304  985
  455         7155.18         5141.01         40.2833  987
  456         7153.98          5142.2         40.2356  989
  457         7153.59         5142.77         40.2165  991
  458         7152.68         5143.83          40.177  993
  459         7151.27         5145.37         40.1181  995
  460         7150.32         5144.89         40.1086  997
  461         7149.07         5144.21         40.0973  999
  462         7148.61         5143.49         40.1023  1003
  463         7147.88         5143.14         40.0948  1005
  464         7146.33         5142.67         40.0731  1007
  465         7145.22         5143.11         40.0422  1009
  466         7144.45         5143.16         40.0259  1011
  467          7143.9         5143.05         40.0169  1013
  468         7143.05         5143.17         39.9977  1015
  469         7142.42         5143.23         39.9837  1017
  470         7141.22         5143.31         39.9583  1019
  471         7140.29         5143.39         39.9379  1021
  472         7138.91         5142.58         39.9265  1023
  473         7137.87         5141.61         39.9251  1025
  474         7136.75         5140.95         39.9162  1027
  475         7136.18         5139.63         39.9311  1029
  476         7135.28         5139.79         39.9098  1031
  477         7134.55         5139.65         39.8981  1033
  478         7133.75         5139.24         39.8902  1035
  479         7132.89         5138.39         39.8901  1037
  480         7131.86         5136.72         39.9027  1039
  481         7129.77         5131.67         39.9619  1041
  482         7128.96         5129.81         39.9831  1045
  483         7128.34         5128.71         39.9926  1047
  484         7127.44         5127.17         40.0054  1049
  485         7127.03         5124.21         40.0564  1051
  486         7125.71         5123.96         40.0349  1053
  487         7124.95         5123.18         40.0353  1055
  488         7124.37         5122.12         40.0451  1057
  489         7124.07         5120.46         40.0722  1059
  490         7123.21         5119.61         40.0721  1061
  491         7122.45         5118.03         40.0883  1063
  492         7121.94          5116.5         40.1089  1065
  493         7121.18          5114.7         40.1296  1067
  494         7119.79         5111.36         40.1685  1069
  495         7118.89         5110.51         40.1675  1071
  496         7118.12         5110.47          40.153  1073
  497         7117.62         5110.52          40.142  1075
  498         7117.18         5110.66         40.1305  1077
  499         7115.85         5109.56         40.1258  1079
  500         7115.41         5109.13         40.1256  1081
  501         7114.99         5108.51         40.1296  1083
  502         7114.64         5107.44          40.144  1085
  503         7114.15         5106.05         40.1619  1087
  504         7113.43         5104.51         40.1784  1089
  505         7112.97         5103.71         40.1852  1093
  506         7112.37         5103.35         40.1803  1095
  507         7111.64         5103.55         40.1617  1097
  508         7111.04         5104.12         40.1383  1099
  509         7110.07         5104.98         40.1017  1101
  510          7109.1         5105.03         40.0815  1103
  511         7108.79         5105.71         40.0616  1105
  512         7108.25         5105.23         40.0605  1107
  513         7108.13         5105.07         40.0612  1109
  514         7107.69         5105.32         40.0472  1111
  515         7107.05          5105.9          40.023  1113
  516          7106.5         5107.27         39.9846  1115
  517         7105.98         5108.37         39.9523  1117
  518          7105.7         5108.91         39.9358  1119
  519         7105.43         5108.91         39.9303  1121
  520         7104.93         5109.02         39.9183  1123
  521         7104.38         5108.61         39.9155  1125
  522         7104.06         5108.48         39.9116  1127
  523         7103.87         5108.36         39.9101  1129
  524         7103.63         5108.28         39.9068  1131
  525         7103.28         5108.37         39.8983  1133
  526         7103.12         5109.02          39.882  1135
  527         7102.77         5108.81         39.8791  1137
  528         7102.68         5108.79         39.8779  1139
  529         7102.37         5108.67         39.8739  1141
  530         7102.02         5109.22         39.8561  1143
  531         7101.53          5109.2         39.8465  1145
  532         7101.03         5109.29         39.8348  1147
  533         7100.81         5109.54         39.8253  1149
  534         7100.67         5109.58         39.8218  1153
  535         7100.48         5109.84         39.8128  1155
  536         7100.16         5110.27         39.7978  1157
  537         7099.86          5110.7         39.7832  1159
  538         7099.74         5110.72         39.7803  1161
  539          7099.4         5110.65         39.7752  1163
  540          7099.2         5110.29         39.7781  1165
  541         7099.01         5109.95         39.7812  1167
  542         7098.86         5109.29         39.7914  1169
  543         7098.56         5109.24         39.7864  1171
  544         7098.31          5109.2         39.7822  1173
  545         7098.07         5109.22         39.7769  1175
  546         7097.75         5109.12         39.7727  1177
  547         7097.41         5109.28         39.7626  1181
  548         7097.09         5109.03         39.7611  1183
  549         7096.92         5108.98         39.7588  1185
  550         7096.78         5108.92         39.7572  1187
  551          7096.6         5109.01         39.7519  1189
  552         7096.34         5109.14          39.744  1191
  553         7096.16         5109.23         39.7386  1193
  554         7095.99         5109.35         39.7329  1195
  555         7095.86         5109.29         39.7314  1197
  556         7095.54         5109.08         39.7292  1199
  557         7095.43         5109.45         39.7195  1201
  558         7095.26         5109.23         39.7206  1203
  559         7094.93         5108.77         39.7232  1205
  560         7094.66         5108.46         39.7239  1207
  561         7094.37          5108.3         39.7214  1209
  562         7094.09         5108.05         39.7209  1211
  563         7093.94         5108.18         39.7152  1213
  564         7093.79         5108.44         39.7069  1215
  565          7093.7         5108.72         39.6996  1217
  566          7093.5         5108.83         39.6934  1219
  567         7093.15         5109.14         39.6803  1221
  568         7092.86         5109.62         39.6648  1223
  569         7092.53         5110.25         39.6456  1225
  570         7092.06         5111.39         39.6135  1227
  571         7091.69         5111.71         39.5996  1229
  572         7091.12         5112.57         39.5711  1231
  573         7090.94          5112.5         39.5688  1235
  574          7090.6         5112.71         39.5578  1237
  575         7089.86          5113.5         39.5272  1239
  576         7089.55         5114.33         39.5042  1241
  577         7089.17         5114.87          39.486  1243
  578         7088.82         5115.22         39.4721  1245
  579         7088.16          5116.2         39.4392  1247
  580         7087.99         5118.05         39.3988  1249
  581         7087.38          5117.6         39.3956  1251
  582         7087.18         5117.46         39.3943  1253
  583         7086.84          5117.4         39.3888  1255
  584         7086.65         5117.29         39.3872  1259
  585         7086.25         5117.26         39.3799  1261
  586         7085.67         5116.94         39.3747  1263
  587         7085.21         5116.67         39.3707  1265
  588         7084.95         5115.72         39.3847  1267
  589         7084.67         5115.88         39.3759  1269
  590         7084.44          5115.9         39.3706  1271
  591         7084.16         5115.88         39.3657  1273
  592         7083.93         5115.63         39.3661  1277
  593         7083.51         5115.38         39.3625  1279
  594         7082.69         5114.52         39.3635  1281
  595         7082.22         5113.01         39.3841  1283
  596          7081.8         5112.61         39.3837  1285
  597         7081.58         5112.62         39.3792  1287
  598         7081.14         5112.61         39.3706  1289
  599         7080.65         5112.57         39.3617  1291
  600         7080.07         5112.74         39.3465  1293
  601         7079.16         5112.25         39.3381  1295
  602         7078.18         5111.36         39.3364  1297
  603         7078.01         5111.51         39.3301  1299
  604         7077.79         5111.44         39.3271  1301
  605         7077.48         5111.41         39.3215  1303
  606          7077.1         5111.41         39.3137  1305
  607          7076.4         5111.26         39.3028  1307
  608         7075.99         5110.76         39.3046  1311
  609         7074.88         5109.88         39.2999  1313
  610         7073.57         5107.82         39.3148  1315
  611         7072.65         5105.31         39.3468  1317
  612         7071.46         5103.91         39.3509  1319
  613         7070.67         5103.26         39.3482  1321
  614         7069.25         5101.64         39.3524  1323
  615         7068.15         5098.55         39.3921  1325
  616         7065.89            5097         39.3778  1327
  617         7064.54         5095.46         39.3816  1329
  618         7063.02         5093.34         39.3936  1331
  619         7062.16         5091.97         39.4037  1335
  620         7060.78          5090.6         39.4037  1337
  621         7058.18         5087.36         39.4165  1339
  622         7056.92         5085.59         39.4266  1341
  623         7055.62          5084.6         39.4205  1343
  624         7052.73         5081.48          39.425  1345
  625         7050.03         5074.42         39.5122  1347
  626         7044.89         5069.42         39.5095  1349
  627         7041.07         5060.69         39.6076  1351
  628         7038.78         5056.42         39.6474  1353
  629          7037.3         5052.16         39.7028  1355
  630         7034.59         5053.33         39.6252  1357
  631         7033.13         5052.84         39.6057  1359
  632         7030.62         5048.71         39.6382  1361
  633         7029.58         5042.89         39.7338  1363
  634         7027.24         5039.97         39.7454  1365
  635         7025.96         5036.36          39.792  1367
  636         7024.29         5030.59         39.8739  1369
  637         7021.15         5023.08         39.9612  1371
  638         7019.39         5017.74         40.0329  1375
  639         7015.75         5011.66         40.0819  1377
  640         7013.45         5008.55         40.0981  1379
  641          7011.3         5001.89          40.188  1381
  642         7007.66         4997.69         40.1994  1383
  643         7002.82         4988.09         40.2945  1385
  644         7000.03         4982.31         40.3543  1387
  645         6998.52         4978.43         40.4017  1391
  646         6996.33         4978.26         40.3613  1393
  647         6992.06         4977.84         40.2843  1395
  648         6990.41          4976.4         40.2801  1397
  649         6987.08         4974.92         40.2431  1399
  650         6984.84         4971.65         40.2638  1401
  651          6982.5         4967.77         40.2947  1403
  652         6981.16         4962.78         40.3675  1405
  653         6977.45         4960.91         40.3308  1407
  654         6973.26         4956.42         40.3367  1409
  655         6969.28         4950.39         40.3778  1411
  656         6965.88         4943.27         40.4522  1413
  657         6961.57         4936.26          40.506  1415
  658         6958.66         4933.23         40.5086  1417
  659         6954.65         4928.71         40.5188  1419
  660         6952.95         4925.95           40.54  1423
  661         6950.66          4924.5          40.523  1425
  662         6941.21         4914.67         40.5307  1427
  663         6938.69         4910.05         40.5728  1431
  664         6935.29         4906.49         40.5761  1433
  665         6931.65         4902.36         40.5858  1435
  666         6928.36         4892.54         40.7163  1437
  667         6922.32         4889.61         40.6543  1439
  668         6919.82         4887.85         40.6394  1441
  669         6916.06         4883.97         40.6417  1443
  670         6915.43         4872.36         40.8616  1445
  671         6907.99         4871.63         40.7271  1447
  672         6904.28         4866.84         40.7487  1449
  673         6900.91          4858.9         40.8403  1451
  674         6897.77         4848.99         40.9755  1453
  675         6892.96         4838.05         41.0982  1455
  676         6887.57         4825.86         41.2343  1457
  677         6883.65         4817.48         41.3235  1459
  678         6880.17         4810.29         41.3976  1461
  679         6876.56         4809.17         41.3478  1463
  680         6870.95         4804.44         41.3301  1465
  681         6868.13         4799.36         41.3753  1467
  682         6865.44         4794.43         41.4201  1469
  683         6860.88         4780.36         41.6105  1471
  684         6860.29         4770.38         41.7981  1473
  685         6857.71          4770.4         41.7462  1475
  686         6856.25         4769.18         41.7414  1477
  687         6853.71         4765.42         41.7658  1479
  688         6850.88         4760.67         41.8043  1481
  689         6848.88         4755.21         41.8733  1485
  690         6846.42         4751.31         41.9023  1487
  691         6843.72         4745.96         41.9552  1489
  692         6841.26         4738.58         42.0537  1491
  693         6839.27         4736.35         42.0584  1493
  694         6837.31         4734.64         42.0534  1495
  695         6833.03         4730.52         42.0504  1497
  696         6830.31         4722.24         42.1613  1499
  697          6827.9         4717.12         42.2155  1501
  698         6825.61         4704.82         42.4159  1503
  699         6824.42         4702.54         42.4377  1505
  700         6823.74         4701.88         42.4374  1507
  701         6821.48         4699.11         42.4474  1509
  702         6820.71         4690.86         42.5971  1511
  703         6818.76         4691.88         42.5377  1513
  704          6815.8          4688.7          42.542  1515
  705         6813.93         4682.88          42.621  1517
  706         6812.12         4678.61         42.6702  1519
  707         6810.78         4676.51         42.6854  1523
  708         6808.28         4674.42         42.6773  1525
  709         6806.56         4675.44         42.6225  1527
  710         6804.83         4678.17         42.5331  1529
  711         6803.59            4680         42.4718  1533
  712         6801.79         4681.53          42.405  1535
  713         6798.52         4683.03           42.31  1537
  714         6796.44         4683.55         42.2578  1539
  715         6793.84         4685.02         42.1765  1541
  716         6791.11          4684.3         42.1361  1543
  717         6788.47         4683.77         42.0941  1545
  718         6786.45         4683.96         42.0499  1547
  719         6783.86         4686.01         41.9569  1549
  720         6780.65         4686.06         41.8919  1551
  721         6776.31         4688.45         41.7571  1553
  722            6775         4688.92         41.7217  1555
  723         6773.67          4689.1         41.6915  1557
  724         6769.65         4690.46         41.5838  1559
  725         6768.06         4691.46         41.5321  1561
  726         6766.49         4692.88         41.4721  1563
  727         6764.09         4694.48         41.3922  1565
  728         6760.78         4697.48         41.2659  1567
  729         6757.44         4700.93         41.1303  1569
  730         6754.27         4701.44         41.0567  1571
  731         6748.36         4704.71         40.8729  1573
  732          6745.2         4708.91         40.7258  1575
  733         6742.22         4706.97          40.705  1577
  734         6738.16         4705.73         40.6486  1579
  735         6735.54         4706.15         40.5877  1581
  736         6733.57         4708.12         40.5091  1585
  737         6729.93         4709.08         40.4169  1587
  738         6726.75         4709.72         40.3405  1589
  739         6723.56          4710.5         40.2611  1591
  740         6722.84         4713.37         40.1895  1593
  741         6718.77         4711.77           40.14  1595
  742         6716.52         4710.39         40.1226  1597
  743         6713.03         4709.03         40.0799  1599
  744         6708.74         4708.35         40.0078  1601
  745         6703.74         4707.76         39.9196  1603
  746         6700.58         4706.71         39.8774  1605
  747         6698.37         4706.34         39.8406  1607
  748          6697.1         4706.24         39.8171  1609
  749         6694.33         4706.61         39.7544  1611
  750         6691.59         4706.79          39.696  1613
  751         6689.39         4707.71         39.6336  1615
  752         6685.54         4708.07         39.5493  1617
  753            6680         4709.43         39.4114  1619
  754          6676.4         4707.26         39.3828  1621
  755         6674.67            4706         39.3733  1623
  756         6673.56         4706.11         39.3491  1625
  757         6671.81          4705.7          39.322  1627
  758         6667.77         4705.02         39.2551  1629
  759         6665.39         4705.24         39.2031  1631
  760         6663.21         4706.74         39.1294  1633
  761         6660.88         4706.52         39.0872  1635
  762          6657.3         4705.93         39.0275  1637
  763         6654.36         4705.95         38.9682  1639
  764          6651.2         4706.17         38.9007  1641
  765         6648.68         4704.81         38.8775  1643
  766         6646.31         4703.97         38.8467  1645
  767         6644.57          4703.3         38.8255  1647
  768         6643.05         4702.76          38.806  1649
  769          6639.6          4701.6         38.7601  1651
  770         6636.11         4700.63         38.7096  1653
  771         6632.19         4699.04          38.663  1655
  772         6629.48         4697.26         38.6443  1657
  773            6627         4695.36         38.6328  1659
  774         6624.73          4693.3         38.6286  1661
  775         6622.53         4692.28         38.6049  1663
  776         6620.56         4690.96          38.592  1665
  777         6619.21         4690.18         38.5806  1667
  778          6617.6         4689.58         38.5605  1669
  779         6614.77         4688.54         38.5246  1671
  780         6613.81         4686.21         38.5521  1673
  781         6610.27         4686.85         38.4683  1675
  782         6609.36         4686.68         38.4536  1677
  783         6607.46          4686.4         38.4213  1679
  784          6606.9          4687.1          38.396  1681
  785         6604.55         4686.53         38.3603  1683
  786         6603.61         4685.96         38.3531  1685
  787         6602.17         4685.87         38.3258  1687
  788         6601.05         4685.64         38.3083  1691
  789         6598.95         4686.34         38.2522  1693
  790         6595.83         4687.64         38.1638  1695
  791         6594.26         4689.22         38.1007  1697
  792         6592.73         4689.82         38.0582  1699
  793         6591.71          4689.4         38.0462  1701
  794         6588.93         4688.04         38.0179  1703
  795         6586.52         4686.21         38.0062  1705
  796         6584.77         4685.09         37.9935  1707
  797         6583.15         4683.83         37.9864  1709
  798         6582.42         4683.14         37.9855  1713
  799         6581.48         4682.55         37.9787  1715
  800         6578.85          4679.4         37.9891  1717
  801         6577.15         4675.88         38.0252  1719
  802          6575.1          4673.7         38.0279  1721
  803         6573.73         4671.71         38.0404  1723
  804         6572.35         4669.83         38.0504  1725
  805          6569.3         4665.51         38.0757  1727
  806         6567.86         4663.37         38.0899  1731
  807         6565.79         4660.92         38.0975  1733
  808          6563.7         4658.49         38.1041  1735
  809         6562.89         4656.98         38.1183  1737
  810          6560.8         4656.02         38.0955  1739
  811         6559.25         4655.08         38.0834  1741
  812         6557.87         4654.29         38.0716  1743
  813         6555.38         4652.04         38.0669  1745
  814         6553.68          4649.3         38.0877  1749
  815         6551.68         4646.68            38.1  1751
  816          6550.6         4644.91         38.1138  1753
  817         6548.93         4642.02         38.1382  1755
  818         6547.69         4639.11         38.1715  1759
  819         6545.69         4636.39         38.1859  1761
  820         6543.28          4632.4         38.2176  1763
  821         6541.96         4629.54         38.2483  1765
  822          6540.3          4627.4          38.258  1767
  823          6538.2         4624.78         38.2685  1769
  824         6536.24         4621.77         38.2894  1771
  825         6535.64         4617.36         38.3657  1773
  826         6533.74         4617.73         38.3201  1775
  827         6532.87         4617.24         38.3126  1777
  828         6531.55         4615.93         38.3124  1779
  829         6530.13         4612.63         38.3498  1781
  830         6527.85          4610.7         38.3431  1783
  831         6525.99          4607.8         38.3639  1785
  832         6525.09         4606.06         38.3806  1787
  833         6524.42          4603.5         38.4183  1789
  834         6522.59         4602.66         38.3986  1791
  835          6521.1         4601.54         38.3911  1793
  836         6520.06         4600.61         38.3891  1795
  837         6518.02         4598.43         38.3917  1797
  838         6516.97         4596.06         38.4182  1801
  839         6515.55         4594.43         38.4225  1803
  840         6514.99         4593.77         38.4245  1805
  841         6513.48         4591.57         38.4382  1807
  842          6511.9         4588.56         38.4668  1809
  843         6510.15         4583.32         38.5367  1811
  844         6508.92         4581.95         38.5395  1813
  845         6507.94         4580.71         38.5446  1815
  846          6506.6         4578.64         38.5592  1817
  847         6505.33         4575.85         38.5895  1819
  848         6504.03         4574.39         38.5928  1821
  849         6502.12         4571.25         38.6175  1823
  850         6501.24         4568.92         38.6464  1825
  851         6500.29         4567.85         38.6489  1827
  852         6497.77         4563.68         38.6818  1829
  853         6497.52         4562.02           38.71  1831
  854         6496.31         4562.08         38.6845  1833
  855          6495.5         4561.96         38.6708  1835
  856         6494.17         4561.67         38.6499  1837
  857         6492.12         4560.96         38.6232  1839
  858         6491.17         4560.36         38.6163  1843
  859         6489.32          4559.4         38.5986  1845
  860         6488.04          4558.3         38.5948  1847
  861          6486.6         4556.77         38.5966  1849
  862         6485.12         4555.65         38.5893  1851
  863         6484.04         4555.07         38.5794  1853
  864         6482.17         4553.96         38.5641  1855
  865         6481.27         4552.93         38.5668  1857
  866         6479.17         4551.95         38.5446  1859
  867         6477.04         4549.88         38.5432  1861
  868         6475.47         4548.07         38.5482  1863
  869         6474.69         4544.13         38.6112  1865
  870         6471.85         4543.09         38.5753  1867
  871         6469.82         4540.89         38.5784  1869
  872         6468.36         4538.61         38.5951  1871
  873         6466.15         4537.02         38.5826  1873
  874         6464.45         4535.52         38.5785  1877
  875         6460.99         4533.91         38.5416  1879
  876         6459.41         4532.97         38.5288  1881
  877         6457.35         4530.76         38.5317  1883
  878         6456.37         4530.31         38.5213  1885
  879         6455.45         4530.27         38.5037  1887
  880         6454.55         4529.98         38.4914  1889
  881         6453.08         4529.54         38.4707  1891
  882         6451.99         4528.39          38.472  1893
  883         6449.55         4527.83         38.4345  1895
  884         6447.73         4526.31         38.4284  1897
  885         6446.59         4524.77         38.4364  1899
  886         6444.03         4521.79         38.4448  1901
  887         6442.31         4518.98         38.4667  1905
  888         6439.76         4516.68         38.4617  1907
  889         6438.47         4515.64         38.4566  1909
  890         6435.14         4511.83         38.4664  1911
  891         6433.53         4510.12         38.4684  1915
  892         6431.82         4509.24         38.4518  1917
  893         6429.02         4507.44         38.4316  1919
  894         6427.31         4507.32         38.3998  1921
  895         6425.56          4506.2         38.3873  1923
  896         6420.36         4501.57         38.3758  1925
  897         6419.43         4497.63          38.436  1927
  898         6415.93          4497.8         38.3625  1929
  899         6414.33         4496.84         38.3498  1931
  900         6410.53         4493.86         38.3333  1933
  901         6408.47         4490.03         38.3688  1935
  902         6405.35         4487.62         38.3546  1937
  903         6402.52         4484.58         38.3589  1939
  904         6400.77         4482.44         38.3667  1941
  905         6397.98         4476.53         38.4289  1943
  906         6394.21         4472.56          38.433  1945
  907         6392.11         4470.64         38.4294  1947
  908         6390.59         4468.77         38.4363  1949
  909         6388.58         4465.38          38.464  1951
  910          6386.3         4462.97         38.4667  1953
  911         6384.65         4462.02         38.4526  1955
  912         6382.06         4460.25         38.4362  1957
  913         6380.34          4458.2         38.4428  1961
  914         6378.16         4456.19         38.4394  1963
  915         6375.54         4452.77         38.4554  1965
  916         6373.13         4449.53         38.4719  1967
  917         6370.66         4445.06          38.512  1969
  918          6368.2         4444.56         38.4728  1971
  919         6365.93         4444.61         38.4264  1973
  920         6362.88         4443.73          38.383  1975
  921         6359.58         4440.63          38.379  1979
  922          6354.9         4437.08         38.3565  1981
  923         6352.28         4433.35         38.3786  1983
  924         6349.85         4429.25          38.412  1985
  925         6347.85          4426.4         38.4289  1987
  926         6345.73         4425.36         38.4074  1989
  927         6342.68         4423.01         38.3935  1991
  928         6340.45         4421.21         38.3847  1993
  929         6337.28         4415.44         38.4368  1995
  930         6334.02         4410.82          38.464  1997
  931          6331.8         4407.05         38.4948  1999
  932         6330.42         4405.75         38.4934  2001
  933         6328.92         4404.65         38.4855  2003
  934         6325.98         4402.93         38.4609  2005
  935         6323.88         4399.95         38.4787  2007
  936          6322.1         4398.34         38.4753  2009
  937         6318.81          4393.4         38.5082  2011
  938         6318.45         4389.98         38.5695  2013
  939         6316.29         4389.45         38.5368  2015
  940         6314.99         4388.48         38.5303  2017
  941         6313.48         4386.87         38.5322  2019
  942         6311.55         4386.03         38.5104  2021
  943         6310.96            4384          38.539  2023
  944         6307.31         4384.54         38.4552  2025
  945         6305.83         4384.41         38.4283  2027
  946         6303.81         4383.75         38.4013  2029
  947         6300.79         4381.46         38.3866  2031
  948          6299.2         4377.55          38.433  2033
  949         6296.49         4376.45         38.4008  2035
  950         6295.31         4375.32         38.3999  2037
  951         6293.56         4373.49         38.4014  2039
  952         6292.23         4370.93         38.4259  2043
  953         6290.09         4369.19         38.4181  2045
  954         6287.49         4366.23         38.4252  2047
  955         6285.31          4363.2         38.4421  2049
  956         6285.01         4358.42         38.5319  2051
  957         6281.93         4358.63         38.4659  2053
  958          6280.8         4358.28         38.4503  2055
  959            6279         4357.64         38.4272  2057
  960         6276.48         4355.19         38.4257  2059
  961          6274.7          4353.7         38.4199  2063
  962         6272.97         4351.45         38.4303  2065
  963         6271.91         4350.26         38.4331  2067
  964         6269.69          4347.7         38.4399  2069
  965          6268.4         4346.65         38.4348  2073
  966         6266.81         4346.07         38.4148  2075
  967         6264.83         4345.57         38.3853  2077
  968         6263.79         4345.56         38.3646  2079
  969         6262.44         4345.06         38.3476  2081
  970          6259.1         4343.28         38.3163  2083
  971         6258.11         4341.96          38.323  2085
  972         6256.03         4341.26         38.2953  2087
  973         6254.23         4340.06         38.2834  2089
  974         6252.61         4338.95         38.2731  2091
  975         6250.15         4336.45         38.2742  2093
  976         6247.59         4334.11         38.2696  2095
  977         6245.96         4333.03         38.2585  2097
  978         6243.42         4331.53         38.2379  2099
  979         6242.06         4329.71          38.247  2101
  980         6239.39         4328.79          38.212  2103
  981         6236.93         4326.76         38.2034  2105
  982         6235.24         4325.21         38.2006  2107
  983         6233.02         4320.13         38.2578  2109
  984         6229.52         4318.55         38.2194  2111
  985         6227.86         4317.68         38.2037  2113
  986         6226.62         4317.24         38.1875  2115
  987          6224.1         4317.17         38.1387  2117
  988         6222.35         4317.21         38.1028  2121
  989         6219.92         4317.84         38.0416  2123
  990         6218.03         4318.43         37.9919  2125
  991         6216.31         4319.33         37.9397  2127
  992         6214.51         4320.55         37.8792  2129
  993         6211.98         4320.67         37.8264  2131
  994          6209.6         4320.58         37.7804  2133
  995         6208.35         4320.71         37.7527  2135
  996         6207.16         4321.09         37.7213  2139
  997         6205.21         4321.46         37.6751  2141
  998         6202.91         4321.66         37.6251  2143
  999         6200.49         4321.86         37.5726  2145
 1000         6199.99         4321.89         37.5619  2147
