    0      1.4731e+06      1.4731e+06               0  1
    1     1.21538e+06     1.19173e+06          47.298  7
    2          524838          504333         41.0103  9
    3          489285          452696         73.1775  11
    4          463237          450710          25.054  13
    5          460760          449109          23.303  15
    6          459198          447949         22.4968  17
    7          453541          444848         17.3852  19
    8          443672          437206         12.9324  21
    9          440580          432947         15.2672  25
   10          436569          427710         17.7188  27
   11          432879          421207         23.3432  29
   12          431283          417442         27.6833  31
   13          427235          415812         22.8459  33
   14          414318          405121         18.3938  35
   15          394746          381104         27.2843  37
   16          372094          337920          68.348  39
   17          360494          309527         101.934  43
   18          344173          288503          111.34  45
   19          328110          272397         111.425  47
   20          313279          258601         109.356  49
   21          285842          240263         91.1567  51
   22          280708          241953         77.5103  55
   23          264351          238697         51.3078  57
   24          259004          237132         43.7441  59
   25          257761          237402         40.7186  61
   26          253755          235992         35.5253  63
   27          245124          228131         33.9873  65
   28          235767          216036         39.4632  67
   29          228892          202799         52.1855  69
   30          224993          198720          52.545  71
   31          222569          198675         47.7886  73
   32          219238          198730          41.017  75
   33          211566          186743         49.6461  77
   34          197450          174653         45.5948  79
   35          180062          150447         59.2298  81
   36          176823          136811         80.0225  83
   37          170525          134180         72.6908  85
   38          168610          133471         70.2764  87
   39          164638          131125         67.0258  89
   40          159903          127616         64.5745  91
   41          154923          124276         61.2945  93
   42          150822          123006         55.6327  95
   43          149606          116996         65.2203  97
   44          143481          118775         49.4109  99
   45          142783          119173         47.2187  101
   46          142064          118979         46.1695  103
   47          138525          116866         43.3179  105
   48          134389          113043         42.6935  107
   49          130456          106258         48.3964  109
   50          126232          101376          49.713  111
   51          124343          101234         46.2188  113
   52          122423          100067         44.7114  115
   53          120358         97372.9         45.9703  117
   54          119434           96003          46.862  121
   55          118544         94845.4         47.3979  123
   56          117138           93132         48.0126  125
   57          114346         89925.1          48.841  127
   58          110276         85846.3         48.8604  129
   59          108852         84650.2          48.404  133
   60          106413         83378.5         46.0692  135
   61          104995         83053.4         43.8824  137
   62          103916         82598.2         42.6352  139
   63          102279         82564.8         39.4274  141
   64          100349         82272.7          36.152  143
   65         98470.5         80963.4         35.0141  145
   66         96848.5         79720.1         34.2568  147
   67         94436.4         76848.3         35.1762  149
   68         91998.8         73632.2         36.7332  151
   69         91527.2           70696         41.6624  153
   70         88726.6         70547.7         36.3577  155
   71         87750.2         70139.1         35.2222  157
   72         86672.1         68995.2         35.3537  159
   73         85513.2         66567.4         37.8916  161
   74         84073.9           65705         36.7377  163
   75           82907         65136.2         35.5415  165
   76         81769.7         63612.6         36.3143  167
   77         80812.9         63347.5         34.9308  169
   78           80356         63302.1         34.1078  171
   79         77370.1         62233.5         30.2732  173
   80         73611.7         59846.5         27.5304  175
   81         71329.6         57646.3         27.3665  177
   82         69801.6         57517.1         24.5691  179
   83           69188         57544.9         23.2863  181
   84         68569.6         57355.2         22.4288  183
   85         67890.1         56776.2         22.2277  187
   86         66258.7         55962.3         20.5928  189
   87         63730.4         53982.8         19.4951  191
   88         63340.2         51028.9         24.6226  193
   89         61001.4         50794.7         20.4135  195
   90         60518.9         50690.8         19.6562  197
   91         59459.3         49825.2         19.2684  199
   92         58882.1           48128         21.5083  201
   93         56729.8           47568         18.3238  203
   94         54829.8           46251         17.1577  205
   95         52149.6         43369.3         17.5605  207
   96         51711.5           40948         21.5271  209
   97         50311.5         40862.9         18.8972  211
   98         49815.3         40783.1         18.0644  213
   99         48926.4         40274.7         17.3033  215
  100         47251.8         39070.2         16.3632  217
  101         45543.1           37138         16.8103  219
  102         44966.6         35455.1         19.0229  221
  103         43834.8         35650.3         16.3691  223
  104         43463.4         35562.8         15.8011  225
  105         42517.7         34783.3         15.4689  227
  106         42000.7         33998.4         16.0048  229
  107         41310.1         33689.3         15.2416  231
  108         40541.6         33237.3         14.6086  233
  109           39521         32528.6         13.9847  235
  110         38829.4         31817.3         14.0242  237
  111         38268.7           31484         13.5693  239
  112         38068.5         31479.1         13.1788  241
  113           37501         31357.5         12.2871  243
  114         36954.2         30843.8         12.2208  245
  115         36611.1         30718.3         11.7856  247
  116         36454.7         30638.7          11.632  249
  117         35937.7         30236.9         11.4015  251
  118         35230.8         29618.6         11.2243  253
  119         34183.4         28619.4         11.1279  255
  120         33970.3         28265.9         11.4088  257
  121         33809.6         28260.8         11.0976  259
  122         33659.8         28220.8          10.878  261
  123           33239         27949.4         10.5791  263
  124         32873.2         27637.5         10.4715  265
  125         32726.9         27348.7         10.7564  267
  126         32426.5         27249.6         10.3538  269
  127         32223.4           27165         10.1169  271
  128         31756.2         26874.4         9.76362  273
  129         31348.1         26523.2          9.6498  275
  130         31207.3         26350.2         9.71415  279
  131         31039.8         26238.9         9.60183  281
  132         30907.6         26182.6         9.44989  283
  133           30696         26065.5         9.26106  285
  134         30390.2         25844.5         9.09138  287
  135         30308.9         25817.9         8.98198  291
  136         30179.1         25771.1          8.8159  293
  137         30116.4         25775.6         8.68148  295
  138         30068.4         25781.1         8.57472  297
  139         29967.5         25760.2         8.41475  299
  140         29914.3         25672.7         8.48317  301
  141         29711.1         25620.8         8.18066  303
  142         29592.6         25528.9         8.12729  305
  143         29485.2         25386.7         8.19712  307
  144         29379.5         25232.5         8.29389  309
  145         29155.7           24853         8.60548  311
  146         28899.8         24576.1          8.6474  313
  147         28522.4         24135.7         8.77355  315
  148         28413.7         23685.9         9.45549  317
  149         28212.5         23835.9         8.75323  319
  150         28129.1         23852.2         8.55375  321
  151           27863         23746.8         8.23239  323
  152         27583.3           23388          8.3906  325
  153           27221         22876.2         8.68958  327
  154         26930.6         22497.7          8.8658  329
  155         26717.8         22066.3           9.303  331
  156           26469         21861.8         9.21443  333
  157         26284.2         21785.9         8.99669  335
  158         25480.4         21111.2         8.73829  337
  159         25392.7         20968.6          8.8481  341
  160         25299.9         20823.5         8.95283  343
  161         25111.5         20481.4         9.26028  345
  162         24827.8           19919         9.81744  347
  163         24523.7         19384.8         10.2778  349
  164         24150.2         19092.2          10.116  351
  165         23976.5         19124.5          9.7039  353
  166         23847.8         19135.3         9.42499  355
  167         23775.5         19102.6         9.34575  357
  168         23647.7         19064.5         9.16639  359
  169         23497.1         18937.4         9.11926  361
  170         23230.5         18624.2         9.21257  363
  171         23004.5         18276.5         9.45596  365
  172         22877.9         17981.5         9.79298  367
  173         22785.4         17973.1         9.62474  369
  174         22642.2         17926.9         9.43052  371
  175         22427.1         17764.4         9.32553  373
  176         21979.4           17309         9.34089  375
  177         21880.4         17236.2         9.28841  379
  178         21703.5         17034.7         9.33769  381
  179         21628.6         16954.4         9.34842  383
  180         21518.3         16824.2         9.38814  385
  181         21336.4         16580.9         9.51089  387
  182         21128.8         16335.9         9.58578  389
  183         21032.1         16187.8         9.68845  393
  184         20953.3         16143.8         9.61893  395
  185         20903.3         16124.2         9.55831  397
  186         20824.4         16047.3          9.5542  399
  187         20757.8         15982.2         9.55128  403
  188         20627.8         15868.5         9.51864  405
  189         20460.4         15706.8         9.50723  407
  190         20341.6         15564.5         9.55418  409
  191         20234.1         15442.9         9.58237  411
  192         20105.2         15310.8         9.58894  413
  193         19881.4         14988.2         9.78641  415
  194           19661         14809.5         9.70298  417
  195         19530.5         14287.3         10.4863  419
  196         19310.8         14346.5         9.92861  421
  197         19283.3         14368.9         9.82882  423
  198         19220.4           14347         9.74682  425
  199         19141.2           14138         10.0064  427
  200         19080.1         14038.8         10.0825  429
  201         19053.8         14001.6         10.1043  431
  202         19029.3         13948.9         10.1609  433
  203         18994.5           13881          10.227  435
  204           18974           13689           10.57  437
  205         18839.9         13662.4         10.3549  439
  206         18727.3           13607         10.2408  441
  207         18562.9         13487.8           10.15  443
  208           18442         13376.9         10.1303  445
  209         18412.3         13340.9         10.1428  449
  210         18374.6         13314.4         10.1205  451
  211         18346.1         13301.6          10.089  453
  212         18295.4           13277         10.0368  455
  213           18234         13242.3         9.98341  457
  214         18209.9         13240.4         9.93898  461
  215         18175.7         13237.8         9.87592  463
  216         18150.9         13244.2         9.81337  465
  217         18127.3         13249.5         9.75553  467
  218         18089.2         13253.9         9.67067  469
  219         18048.2         13246.8         9.60278  471
  220         18014.5         13232.4         9.56415  473
  221         17981.4         13210.4         9.54197  475
  222           17942         13177.2         9.52967  477
  223           17914         13161.9         9.50426  479
  224         17881.3         13148.4         9.46577  481
  225           17832         13136.2         9.39168  483
  226         17779.2         13144.8         9.26881  485
  227         17751.8         13151.7         9.20019  487
  228         17740.8         13157.8         9.16592  489
  229         17733.6         13155.8         9.15562  491
  230         17723.5         13149.7         9.14763  493
  231         17695.3         13128.9         9.13279  495
  232         17649.8         13091.3          9.1171  497
  233         17591.3         13043.1         9.09635  499
  234           17576         13026.8         9.09839  503
  235         17537.1         13002.9         9.06834  505
  236         17517.2         12994.1          9.0462  507
  237           17489         12982.1         9.01385  509
  238         17442.9         12964.9         8.95605  511
  239         17405.9         12957.9         8.89605  513
  240           17381         12951.4         8.85925  517
  241         17367.4         12950.5         8.83389  519
  242         17355.4         12947.2         8.81648  521
  243         17340.3         12940.4          8.7998  523
  244         17300.9         12917.5         8.76672  525
  245         17265.6         12886.6         8.75793  527
  246         17251.6         12868.5         8.76614  529
  247         17232.8         12875.1         8.71547  531
  248         17225.2         12874.7         8.70092  533
  249         17206.6           12869         8.67537  535
  250         17173.6         12851.5         8.64415  537
  251         17128.7         12818.3          8.6208  539
  252         17115.8         12805.7         8.62028  543
  253         17074.6         12775.9          8.5974  545
  254           17028         12745.8         8.56438  547
  255         16958.4         12698.9         8.51911  549
  256         16940.3         12688.9         8.50279  553
  257           16914         12675.6         8.47681  555
  258         16890.4         12664.3         8.45214  557
  259           16868         12647.9          8.4402  559
  260         16842.6         12636.1         8.41287  561
  261         16821.6         12630.8         8.38148  563
  262         16811.4         12620.1         8.38248  565
  263         16798.6         12618.8         8.35959  567
  264         16791.7         12615.8         8.35182  569
  265           16755         12588.8          8.3323  571
  266         16730.6         12561.6         8.33792  573
  267         16715.8         12537.1         8.35741  577
  268         16684.9         12507.5          8.3549  579
  269         16652.2         12474.5         8.35543  581
  270           16640         12445.8         8.38834  583
  271         16624.2         12448.3         8.35177  585
  272         16621.3         12450.9         8.34077  587
  273         16615.5         12451.6         8.32781  589
  274         16604.1         12449.7         8.30888  591
  275         16590.8         12432.9         8.31572  593
  276         16570.7         12418.9          8.3037  595
  277         16520.8         12355.3         8.33106  597
  278           16510         12325.5         8.36906  599
  279         16496.3         12311.6         8.36939  601
  280         16485.1           12303          8.3642  603
  281         16468.8           12289         8.35974  605
  282         16445.6         12261.9         8.36756  607
  283         16433.5         12247.6         8.37187  609
  284         16421.9         12240.1         8.36366  611
  285         16410.6         12232.7          8.3558  613
  286         16391.7         12215.5         8.35234  615
  287         16352.8         12172.1         8.36147  617
  288           16330         12132.5         8.39488  619
  289         16310.4         12122.9         8.37507  621
  290         16303.9         12125.7         8.35649  623
  291         16284.3           12120         8.32874  625
  292         16256.4         12090.4         8.33211  627
  293         16243.8         12045.3         8.39691  629
  294         16226.1         12040.4         8.37136  631
  295         16219.7         12031.6         8.37611  633
  296         16213.4         12019.4         8.38811  635
  297         16206.5         12002.6         8.40792  639
  298         16195.4         11990.6         8.40964  641
  299           16172         11963.9         8.41613  643
  300           16148         11928.9         8.43818  645
  301         16134.3         11908.3          8.4521  647
  302         16119.9         11905.9         8.42812  649
  303           16103         11908.5         8.38895  651
  304         16086.2         11907.3         8.35776  653
  305         16081.9         11890.2          8.3834  655
  306         16041.3         11887.6         8.30741  657
  307         16030.2         11876.4         8.30758  659
  308         16017.2         11853.2         8.32793  661
  309         16002.8         11835.6         8.33442  663
  310         15971.5         11781.2         8.38066  665
  311         15952.1         11761.4         8.38123  667
  312         15930.9         11763.4         8.33499  669
  313         15914.2         11762.4         8.30342  671
  314         15906.9         11756.6         8.30054  673
  315           15892         11730.4          8.3232  675
  316         15870.1         11725.1         8.29011  677
  317         15860.1         11718.4         8.28346  679
  318         15854.5         11710.2         8.28863  681
  319           15852         11695.5         8.31299  683
  320         15841.6         11694.1         8.29497  685
  321         15827.7         11685.7         8.28396  687
  322         15809.5         11665.9         8.28713  689
  323         15796.2         11644.4         8.30351  691
  324         15790.3         11633.7         8.31318  695
  325         15782.8         11623.5         8.31873  697
  326         15772.5         11609.9         8.32521  699
  327         15753.2         11582.2          8.3421  701
  328         15729.6         11548.6         8.36198  703
  329         15723.1         11538.6         8.36896  707
  330         15712.7         11529.4         8.36674  709
  331         15706.6         11527.9          8.3573  711
  332         15699.4         11525.1         8.34862  713
  333         15694.1           11530          8.3282  717
  334         15685.6         11527.7         8.31585  719
  335         15678.5         11522.8         8.31134  721
  336           15674         11519.2         8.30974  723
  337         15665.1         11506.3         8.31765  725
  338         15656.2         11482.6          8.3472  729
  339         15641.9         11457.3         8.36914  731
  340         15635.1         11443.8         8.38268  733
  341         15629.9           11431         8.39781  735
  342         15627.4         11429.2         8.39653  739
  343         15623.9         11425.6         8.39643  741
  344         15614.6         11417.5         8.39426  743
  345         15609.3         11412.9         8.39293  745
  346         15604.1         11410.8         8.38668  747
  347         15600.1         11412.4         8.37547  749
  348         15593.8         11408.9          8.3699  751
  349         15587.3         11408.1         8.35854  753
  350         15579.2         11402.1         8.35422  755
  351         15569.3         11384.3          8.3701  757
  352         15564.9         11367.6         8.39456  759
  353         15559.5         11364.9          8.3891  761
  354         15554.1         11357.5         8.39304  763
  355         15545.7         11342.2         8.40707  765
  356         15536.7         11313.8         8.44562  769
  357           15520         11284.7         8.47075  771
  358         15500.5         11248.6         8.50378  773
  359         15491.9         11229.7         8.52453  775
  360         15484.1         11221.5         8.52538  777
  361         15479.5         11224.9         8.50922  779
  362         15469.5         11227.3          8.4844  781
  363           15462           11229         8.46598  783
  364         15453.8         11223.2         8.46123  785
  365         15439.6         11202.6         8.47405  787
  366         15427.8         11169.9         8.51589  789
  367         15423.8         11158.2         8.53111  793
  368         15420.9         11154.7         8.53249  795
  369         15414.4         11144.1         8.54053  797
  370         15406.6         11125.9         8.56151  799
  371         15403.7           11118          8.5715  803
  372         15399.3         11108.7         8.58112  805
  373         15395.4         11103.5         8.58388  807
  374         15389.5         11095.9         8.58721  809
  375         15383.8           11085         8.59753  811
  376         15378.3         11079.2         8.59819  813
  377         15372.7         11076.7         8.59209  815
  378         15366.6         11077.5         8.57824  817
  379           15360         11068.7         8.58248  819
  380         15352.2         11060.8         8.58266  821
  381         15336.5         11023.1         8.62676  823
  382         15332.8         11004.7         8.65635  825
  383         15329.1         11005.5         8.64724  827
  384         15327.6         11002.9         8.64949  829
  385         15325.6           10998         8.65533  831
  386         15323.2         10982.8         8.68076  833
  387         15317.4           10978         8.67874  835
  388         15307.2         10962.8         8.68873  837
  389         15298.9         10944.7         8.70853  839
  390         15291.3         10929.9         8.72274  841
  391         15286.2         10917.3         8.73776  845
  392         15280.2         10911.7         8.73708  847
  393         15274.9         10909.2         8.73138  849
  394         15270.7         10903.3          8.7348  851
  395         15266.4         10908.4         8.71607  853
  396           15262         10909.8         8.70425  855
  397         15250.4         10912.9         8.67487  857
  398         15240.4         10903.3         8.67423  859
  399         15229.6         10892.7         8.67388  861
  400         15215.1         10865.6         8.69901  863
  401         15212.2           10859         8.70646  865
  402           15210         10859.8         8.70037  867
  403           15199         10861.3         8.67545  869
  404         15194.5         10860.1         8.66869  871
  405         15193.3         10852.8         8.68095  873
  406         15188.9         10852.9         8.67203  875
  407         15186.1         10850.3         8.67155  877
  408         15181.9         10843.9          8.6761  879
  409         15176.5         10836.2         8.68065  881
  410         15174.3         10833.3         8.68209  885
  411           15167           10824         8.68606  887
  412         15158.7         10815.2         8.68702  889
  413         15142.8         10798.9         8.68792  891
  414         15138.4         10795.9         8.68494  895
  415           15131         10792.5         8.67704  897
  416         15124.8         10791.2         8.66723  899
  417         15120.2         10791.6         8.65732  901
  418         15115.2         10791.2         8.64793  903
  419         15111.4           10791         8.64081  905
  420         15107.3         10789.7         8.63521  907
  421         15104.8         10786.9          8.6358  909
  422         15099.8         10786.2         8.62716  911
  423         15094.1         10784.3         8.61958  913
  424         15087.9         10781.4         8.61289  915
  425         15086.5         10779.6         8.61382  917
  426         15083.2         10779.4         8.60748  919
  427         15081.7         10779.1         8.60522  921
  428         15079.1         10778.1         8.60208  923
  429         15073.8         10775.6         8.59642  925
  430         15068.3         10772.8           8.591  927
  431         15066.8         10771.8         8.59011  931
  432         15063.5         10770.5         8.58605  933
  433         15061.5         10769.8         8.58331  935
  434         15057.4         10768.3         8.57822  937
  435         15050.2         10765.6         8.56936  939
  436         15042.8         10762.3         8.56093  941
  437         15033.7         10759.7         8.54804  943
  438         15027.6         10758.8         8.53767  945
  439         15016.8         10758.1         8.51745  947
  440         15011.1         10759.5         8.50307  949
  441         15005.9         10760.4          8.4911  951
  442         15002.5         10760.1         8.48474  953
  443         14990.5         10761.3         8.45843  955
  444         14986.8         10762.1         8.44939  959
  445         14984.1         10761.9         8.44446  961
  446           14983         10762.1         8.44163  963
  447         14982.2         10762.1         8.44029  965
  448         14980.1         10762.2         8.43581  967
  449         14978.1         10761.8          8.4325  969
  450         14974.2         10760.6         8.42717  971
  451           14970         10758.8         8.42246  973
  452         14967.5         10756.7         8.42161  975
  453         14964.9         10756.5         8.41682  977
  454         14961.9           10756         8.41177  979
  455         14958.3         10755.1         8.40641  981
  456         14953.2         10753.9          8.3985  983
  457         14951.5         10753.4         8.39625  985
  458         14949.5         10753.4         8.39228  987
  459         14947.7         10753.3         8.38876  989
  460         14941.9         10753.2         8.37745  991
  461         14933.9         10753.4         8.36113  993
  462         14927.2         10754.1         8.34624  995
  463         14923.6         10755.9         8.33546  997
  464         14920.7         10754.9         8.33154  999
  465         14918.6         10754.3         8.32864  1001
  466         14914.8         10753.5         8.32272  1003
  467         14912.7         10752.5         8.32055  1005
  468         14910.4         10752.2         8.31633  1007
  469         14907.9         10752.1         8.31161  1009
  470         14903.7         10751.8         8.30372  1011
  471         14897.6         10751.8          8.2916  1013
  472         14895.4         10751.7         8.28744  1017
  473         14893.5         10751.2         8.28464  1019
  474         14891.8         10750.1          8.2834  1021
  475         14889.3         10748.4         8.28188  1023
  476         14884.1         10744.6         8.27893  1025
  477         14880.2         10737.6         8.28511  1027
  478         14873.6         10737.7         8.27186  1029
  479           14871         10737.4         8.26722  1031
  480         14869.2         10736.2         8.26612  1033
  481         14868.2         10734.2         8.26801  1035
  482           14867         10733.6         8.26682  1037
  483         14862.7         10729.5         8.26652  1039
  484         14859.7         10725.3         8.26885  1041
  485         14857.5         10721.3         8.27251  1043
  486         14856.5         10717.7         8.27766  1045
  487         14855.3         10718.6         8.27336  1047
  488         14854.3         10718.6         8.27139  1049
  489         14852.6         10716.5         8.27232  1051
  490         14851.7         10714.6         8.27423  1053
  491         14850.7         10713.1          8.2751  1055
  492         14849.5           10711         8.27701  1057
  493         14847.2         10705.8         8.28287  1059
  494           14846         10702.5         8.28711  1063
  495         14844.6         10699.1         8.29098  1065
  496         14843.7         10697.6         8.29224  1067
  497         14842.1           10695         8.29414  1069
  498         14839.1         10689.5         8.29924  1071
  499         14836.6         10684.1         8.30489  1073
  500         14833.3         10681.1         8.30445  1075
  501         14831.9         10681.9         8.30009  1077
  502         14831.1         10682.9         8.29638  1079
  503         14830.3           10683         8.29454  1081
  504         14829.3         10682.6         8.29336  1083
  505           14828           10681         8.29404  1085
  506           14826         10676.5          8.2991  1087
  507         14824.7         10671.9         8.30549  1089
  508         14823.8         10667.1         8.31339  1091
  509         14822.6         10664.1         8.31711  1093
  510         14820.7         10658.8         8.32363  1095
  511         14817.9         10649.6         8.33658  1097
  512         14816.4         10642.7         8.34735  1101
  513         14813.9           10636         8.35593  1103
  514         14812.9         10634.1         8.35759  1105
  515         14811.7           10632         8.35935  1107
  516           14810           10627         8.36597  1109
  517         14809.6         10624.9         8.36937  1111
  518         14806.9         10624.5         8.36477  1113
  519         14805.8         10624.9         8.36175  1115
  520         14804.7         10624.7         8.36007  1117
  521         14802.4         10621.4         8.36199  1119
  522         14800.2         10609.1         8.38227  1121
  523         14796.2         10603.8          8.3849  1123
  524         14794.9         10601.2          8.3874  1125
  525         14793.5         10592.8         8.40138  1127
  526         14792.9           10585         8.41581  1129
  527         14791.7         10586.8         8.40968  1131
  528         14789.8         10585.2         8.40918  1133
  529         14787.5         10577.9         8.41919  1135
  530           14786         10569.4          8.4332  1137
  531         14785.2         10565.6         8.43918  1141
  532         14784.4         10564.5         8.43986  1143
  533         14783.3           10564         8.43854  1145
  534           14782         10562.9         8.43803  1147
  535         14779.1         10559.5         8.43904  1149
  536         14777.3         10563.9         8.42681  1151
  537         14776.2           10565         8.42246  1153
  538         14775.2         10564.9         8.42073  1155
  539         14774.7         10564.7         8.42007  1157
  540         14773.3           10564         8.41863  1159
  541         14771.2         10562.9         8.41652  1161
  542         14768.6         10562.1         8.41299  1163
  543         14767.6         10561.9         8.41138  1167
  544         14766.1           10562         8.40808  1169
  545         14764.7         10562.5         8.40448  1171
  546         14763.2         10563.4         8.39962  1173
  547         14762.4         10563.7         8.39742  1177
  548           14761         10563.8         8.39427  1179
  549         14759.5         10563.5         8.39181  1181
  550         14758.5           10563         8.39109  1183
  551         14757.4         10562.4         8.38984  1185
  552         14755.8         10561.5         8.38852  1189
  553           14753         10560.4         8.38525  1191
  554         14751.8         10560.1         8.38335  1193
  555         14750.5           10560         8.38101  1195
  556         14749.9         10559.8         8.38021  1199
  557         14749.1         10559.8         8.37861  1201
  558         14747.3         10559.4         8.37596  1203
  559         14745.7         10558.6         8.37428  1205
  560         14745.1         10557.3         8.37573  1207
  561         14743.7         10557.2         8.37308  1209
  562         14742.7         10556.6         8.37218  1211
  563         14741.7         10555.7           8.372  1213
  564         14740.6         10552.9         8.37539  1215
  565         14737.7         10551.6         8.37215  1217
  566         14735.1         10549.9         8.37026  1219
  567         14731.3         10546.9          8.3688  1221
  568         14729.2         10544.7         8.36892  1223
  569         14728.6         10543.3         8.37061  1225
  570         14727.8         10543.7         8.36806  1227
  571         14727.1           10544         8.36631  1229
  572         14725.6           10544         8.36321  1231
  573         14724.4         10543.9          8.3611  1233
  574         14723.5         10543.5         8.36012  1235
  575         14722.8           10543         8.35974  1237
  576         14721.6         10541.5         8.36003  1239
  577           14719         10538.3         8.36136  1241
  578         14715.9         10534.1         8.36361  1243
  579         14714.9         10530.6         8.36844  1245
  580         14713.5         10530.1         8.36676  1247
  581         14712.5         10529.8         8.36531  1249
  582         14710.3         10527.6         8.36551  1251
  583         14709.4           10527         8.36473  1253
  584         14708.1         10525.9         8.36444  1255
  585         14706.7         10524.5          8.3645  1257
  586         14704.6         10521.7         8.36572  1259
  587         14701.3           10516         8.37067  1261
  588         14700.1         10508.9         8.38243  1263
  589           14698         10508.2         8.37955  1265
  590         14697.1           10508         8.37817  1267
  591         14695.1         10505.1         8.37994  1269
  592           14692           10498         8.38793  1271
  593         14691.2         10486.7         8.40885  1273
  594         14688.8         10487.5         8.40254  1275
  595         14687.9           10486         8.40394  1277
  596         14686.6         10479.2         8.41474  1279
  597         14686.4         10472.6         8.42759  1281
  598         14685.5         10473.5         8.42393  1283
  599         14684.9         10472.8         8.42403  1285
  600         14683.3         10469.1         8.42857  1287
  601         14681.4           10462         8.43878  1289
  602         14680.6         10455.5         8.45016  1293
  603         14679.3         10449.4          8.4599  1295
  604         14678.7         10446.9         8.46368  1297
  605         14678.1         10444.2         8.46789  1299
  606         14677.1         10438.7         8.47685  1301
  607         14676.8         10436.6         8.48036  1303
  608         14674.4         10433.8         8.48117  1305
  609         14672.8         10434.1         8.47748  1307
  610         14671.3         10435.3         8.47189  1309
  611         14668.9         10434.8         8.46822  1311
  612         14666.5         10432.5         8.46818  1313
  613         14662.2         10427.9         8.46859  1315
  614         14659.6         10422.9         8.47353  1317
  615         14657.4         10416.5         8.48172  1319
  616         14653.5         10407.2         8.49269  1321
  617           14651         10393.3         8.51547  1323
  618         14645.5         10396.2          8.4987  1325
  619         14641.6         10398.4          8.4863  1327
  620         14638.5         10398.2         8.48059  1329
  621         14637.3         10399.5          8.4756  1331
  622         14635.9         10398.8         8.47423  1333
  623         14633.5         10397.5         8.47203  1335
  624         14630.4         10395.6         8.46975  1337
  625           14625           10391         8.46784  1339
  626         14623.6         10389.3         8.46859  1343
  627           14622         10387.9         8.46821  1345
  628         14621.1         10387.2         8.46793  1347
  629         14620.3         10386.2         8.46815  1349
  630         14618.3         10383.2         8.47002  1351
  631         14616.2         10379.6         8.47322  1353
  632         14615.7         10378.5         8.47444  1357
  633         14614.9         10377.2          8.4755  1359
  634         14614.6         10377.1         8.47511  1361
  635         14614.1         10376.7         8.47468  1363
  636         14613.3         10375.6         8.47539  1365
  637         14612.3         10375.1          8.4744  1367
  638         14611.4         10373.1         8.47654  1369
  639         14610.4         10373.3         8.47416  1371
  640         14609.5         10372.6         8.47392  1373
  641         14608.2         10370.2         8.47596  1375
  642         14606.5           10365         8.48305  1377
  643         14605.9         10362.8          8.4861  1381
  644         14605.2         10360.7         8.48899  1383
  645         14604.6         10358.8         8.49167  1385
  646         14604.4         10357.9           8.493  1387
  647         14603.9         10358.3         8.49126  1389
  648         14603.4           10359         8.48878  1391
  649         14602.8         10359.7         8.48634  1393
  650         14602.5           10360         8.48501  1395
  651         14602.1         10359.9         8.48451  1397
  652         14601.8         10359.4         8.48481  1399
  653         14601.2         10358.4         8.48572  1401
  654         14600.2           10356         8.48837  1403
  655         14599.9         10354.8         8.49015  1407
  656         14599.5         10354.1         8.49088  1409
  657           14599         10352.8         8.49239  1411
  658         14598.3         10350.6          8.4953  1413
  659         14597.1         10346.3         8.50168  1415
  660         14596.5         10342.3         8.50821  1417
  661         14595.7           10341         8.50941  1419
  662         14595.2         10342.1         8.50622  1421
  663           14595           10342         8.50598  1423
  664         14594.7         10341.4         8.50666  1425
  665           14594         10339.2         8.50957  1427
  666         14593.1         10335.5         8.51518  1429
  667         14592.3         10328.5         8.52773  1431
  668         14591.4         10323.6         8.53569  1433
  669         14591.1         10323.7         8.53487  1435
  670         14590.9           10323         8.53586  1437
  671         14590.8           10322         8.53757  1439
  672         14590.4           10321         8.53878  1441
  673         14589.3         10316.8         8.54494  1443
  674         14588.5         10312.8         8.55152  1445
  675         14588.1         10309.7         8.55681  1449
  676         14587.3         10306.2         8.56206  1451
  677         14586.1           10302         8.56808  1453
  678           14585         10297.4         8.57516  1455
  679         14584.6         10295.1         8.57904  1457
  680           14584         10296.8         8.57451  1459
  681         14583.8         10297.8         8.57182  1461
  682         14583.3         10298.8         8.56908  1463
  683           14583         10298.5         8.56905  1465
  684         14582.1         10298.1         8.56804  1467
  685           14581         10295.5         8.57105  1469
  686         14579.3         10289.3         8.58002  1471
  687         14577.4         10279.7         8.59544  1473
  688         14576.6         10274.3          8.6047  1477
  689         14575.9         10272.2         8.60734  1479
  690         14575.4         10271.4         8.60784  1481
  691         14574.9         10270.5         8.60865  1483
  692           14574         10268.4         8.61104  1485
  693         14573.3         10270.3         8.60601  1487
  694         14572.9         10270.9         8.60394  1489
  695         14572.4         10271.2         8.60251  1491
  696         14571.7         10270.7         8.60201  1493
  697         14570.4         10267.7         8.60539  1495
  698         14568.6         10261.9         8.61347  1497
  699         14567.7         10257.3         8.62082  1501
  700         14566.2         10251.9         8.62855  1503
  701         14564.7         10246.2         8.63695  1505
  702         14564.2         10238.8         8.65071  1507
  703           14562           10238           8.648  1509
  704         14560.1         10236.4         8.64732  1511
  705         14557.4         10232.9           8.649  1513
  706         14555.5         10225.9          8.6591  1515
  707         14553.5         10218.5         8.67002  1517
  708         14552.1         10216.7         8.67074  1519
  709         14547.5         10205.2         8.68456  1521
  710           14546         10196.9         8.69818  1525
  711         14545.3         10192.6         8.70542  1527
  712         14544.7         10189.9         8.70962  1529
  713         14541.6         10174.4         8.73439  1531
  714         14538.7         10159.9         8.75753  1533
  715         14536.2         10149.1         8.77424  1535
  716         14535.2         10148.3         8.77362  1537
  717         14534.6         10151.2         8.76683  1539
  718           14534         10153.2         8.76171  1541
  719         14531.8         10159.9          8.7437  1543
  720           14529         10154.5         8.74898  1545
  721         14525.7         10147.7         8.75589  1547
  722         14520.4           10115         8.81077  1549
  723         14520.1         10102.8          8.8346  1551
  724         14518.3         10108.2         8.82022  1553
  725         14517.5           10107         8.82088  1555
  726         14516.2         10100.4          8.8315  1557
  727         14515.2         10093.9         8.84272  1559
  728           14514           10081         8.86605  1561
  729         14512.7         10081.5         8.86249  1563
  730           14511         10082.6         8.85668  1565
  731         14509.8         10078.9         8.86197  1567
  732         14508.9         10079.2         8.85926  1569
  733         14507.9         10077.7         8.86046  1571
  734         14505.6         10071.5         8.86828  1573
  735         14502.8         10060.8         8.88404  1575
  736         14501.7         10054.8         8.89376  1579
  737         14500.4           10050         8.90089  1581
  738         14499.9         10048.6         8.90256  1583
  739         14499.4           10047         8.90467  1585
  740         14498.1         10043.3         8.90943  1587
  741         14497.1         10034.3          8.9255  1589
  742         14495.3         10034.3         8.92184  1591
  743         14494.3         10033.9         8.92074  1593
  744         14493.5         10032.1         8.92272  1595
  745         14492.8         10028.9         8.92775  1597
  746         14492.1         10027.9         8.92839  1599
  747         14486.7         10015.1         8.94311  1601
  748         14481.4         9999.33         8.96408  1603
  749         14479.2         9990.65         8.97711  1607
  750         14476.3         9977.07         8.99851  1609
  751         14475.9         9976.48         8.99894  1611
  752         14475.1         9975.27         8.99961  1613
  753         14473.5         9970.74         9.00556  1615
  754         14471.2         9962.18         9.01804  1617
  755           14471          9948.8          9.0444  1619
  756         14468.9         9949.12         9.03957  1621
  757         14468.3         9948.32         9.03988  1623
  758         14467.2         9943.77         9.04691  1625
  759         14466.4         9936.45         9.05983  1627
  760           14466         9930.91         9.07021  1629
  761         14465.8         9930.92         9.06967  1631
  762         14465.5         9930.82         9.06927  1633
  763           14465         9929.46         9.07103  1635
  764         14463.9         9924.32         9.07909  1637
  765         14462.7         9919.54         9.08637  1639
  766         14462.1         9915.98         9.09221  1643
  767         14460.9         9912.44         9.09696  1645
  768         14459.6         9908.77         9.10167  1647
  769         14457.6         9901.78         9.11168  1649
  770           14457         9902.24          9.1095  1653
  771         14455.9         9900.32         9.11117  1655
  772         14455.3         9900.33         9.10987  1657
  773         14454.8         9900.76         9.10804  1659
  774         14453.6         9899.99         9.10729  1661
  775         14453.1         9895.01         9.11623  1663
  776         14451.2         9893.16         9.11607  1665
  777         14450.6         9891.09         9.11908  1667
  778         14450.3         9888.34         9.12382  1669
  779         14449.8          9885.8         9.12801  1671
  780         14449.2         9880.92         9.13649  1673
  781         14448.4         9880.58         9.13566  1675
  782         14447.7         9881.09         9.13326  1677
  783         14447.3          9880.9         9.13284  1679
  784           14447         9881.37         9.13122  1681
  785         14446.6         9881.35         9.13055  1683
  786         14445.4         9880.96         9.12893  1685
  787         14444.3         9880.67         9.12725  1687
  788           14444         9880.13         9.12767  1691
  789         14443.5         9879.49         9.12807  1693
  790         14443.3         9878.98         9.12866  1695
  791           14443         9878.09         9.12977  1697
  792         14442.3         9875.95         9.13278  1699
  793         14441.4         9874.47         9.13395  1701
  794         14440.3         9872.46          9.1356  1703
  795         14439.7         9871.11         9.13725  1705
  796         14439.3         9870.39         9.13777  1707
  797           14439         9870.41         9.13715  1709
  798         14438.1         9869.77         9.13669  1711
  799         14437.8         9868.69         9.13821  1713
  800         14437.4         9868.25         9.13831  1715
  801         14437.2         9867.82         9.13868  1717
  802           14436         9864.86         9.14225  1719
  803         14434.7         9860.59         9.14817  1721
  804         14434.2         9857.95         9.15246  1725
  805         14433.3         9854.84         9.15684  1727
  806         14432.8         9853.74         9.15819  1729
  807         14432.4         9852.66         9.15948  1731
  808         14431.5         9850.02         9.16299  1733
  809         14430.2         9845.74          9.1689  1735
  810         14429.6         9845.48         9.16822  1739
  811         14428.3         9843.57         9.16947  1741
  812         14427.8         9843.63         9.16826  1743
  813         14427.5         9843.97         9.16701  1745
  814         14426.9         9843.85         9.16601  1747
  815         14425.9         9842.67         9.16647  1749
  816         14425.3         9839.91         9.17075  1751
  817         14424.6         9839.33         9.17057  1753
  818         14424.1         9837.76         9.17275  1755
  819         14423.6         9834.87         9.17743  1757
  820         14423.1         9830.11           9.186  1759
  821         14422.5         9829.01         9.18699  1761
  822         14421.6          9826.5          9.1901  1763
  823         14420.9         9823.41         9.19494  1765
  824         14420.6          9822.5         9.19629  1767
  825         14420.4         9822.61         9.19565  1769
  826         14420.3         9823.26         9.19399  1771
  827         14419.9         9824.58         9.19065  1773
  828         14419.4         9826.27         9.18619  1775
  829         14418.8         9829.75         9.17817  1777
  830         14418.4         9830.17         9.17641  1779
  831         14418.2         9829.43         9.17745  1781
  832         14417.5          9827.2         9.18053  1783
  833         14416.9         9824.58         9.18456  1785
  834         14416.1          9823.3         9.18551  1787
  835         14415.4         9823.05         9.18477  1789
  836         14415.2         9823.26         9.18383  1791
  837         14415.1         9823.19         9.18374  1795
  838         14414.9          9823.3         9.18317  1797
  839         14414.5         9823.27         9.18244  1799
  840         14414.2         9823.07         9.18226  1801
  841           14414          9822.8         9.18243  1803
  842         14413.9         9822.68         9.18241  1805
  843         14413.7         9822.45         9.18245  1807
  844         14413.5         9822.29         9.18241  1809
  845         14412.9         9821.97         9.18195  1811
  846         14412.7         9821.98         9.18141  1815
  847         14412.2         9821.87         9.18061  1817
  848         14411.9         9821.94         9.17991  1819
  849         14411.7         9822.28         9.17885  1821
  850         14411.2         9822.26         9.17798  1823
  851         14410.7         9822.31         9.17687  1825
  852         14410.2         9822.41         9.17565  1827
  853           14410         9822.77         9.17452  1829
  854         14409.8         9822.78          9.1741  1831
  855         14409.7         9822.77         9.17395  1833
  856         14409.5         9822.83         9.17341  1835
  857         14409.2         9822.95         9.17248  1837
  858         14409.1         9823.14         9.17182  1841
  859         14408.9         9823.29         9.17122  1843
  860         14408.7         9823.57         9.17034  1845
  861         14408.6         9823.79         9.16959  1847
  862         14408.4         9823.95         9.16885  1849
  863         14407.4            9825         9.16484  1851
  864           14407         9825.38         9.16326  1855
  865         14406.7         9825.34         9.16273  1857
  866         14406.3         9825.45         9.16167  1859
  867           14406         9825.58         9.16073  1861
  868         14405.5         9825.84         9.15937  1863
  869           14405         9826.62         9.15669  1865
  870         14404.9         9826.81         9.15612  1867
  871         14404.8         9826.93         9.15566  1869
  872         14404.7         9826.91          9.1555  1871
  873         14404.4         9826.87         9.15515  1873
  874         14404.1         9826.89         9.15451  1875
  875         14403.9         9826.66         9.15457  1877
  876         14403.8         9826.66         9.15419  1879
  877         14403.6         9826.64         9.15395  1881
  878         14403.4         9826.56         9.15364  1883
  879         14403.1         9826.47         9.15319  1885
  880         14402.9         9826.42         9.15301  1887
  881         14402.8         9826.44         9.15272  1889
  882         14402.7         9826.47         9.15247  1891
  883         14402.6         9826.53         9.15211  1893
  884         14402.5         9826.54         9.15196  1895
  885         14402.5         9826.55         9.15181  1897
  886         14402.4         9826.54         9.15165  1899
  887         14402.2         9826.54         9.15138  1901
  888         14402.1         9826.53         9.15105  1903
  889           14402         9826.45         9.15101  1905
  890         14401.9         9826.45         9.15087  1907
  891         14401.8         9826.43          9.1508  1909
  892         14401.7         9826.37          9.1507  1911
  893         14401.6         9826.28         9.15064  1913
  894         14401.6         9826.17         9.15075  1917
  895         14401.5         9826.12         9.15068  1919
  896         14401.4         9826.05         9.15061  1921
  897         14401.2         9825.91         9.15059  1923
  898         14401.1         9825.87         9.15052  1927
  899         14401.1         9825.79         9.15053  1929
  900           14401         9825.72         9.15053  1931
  901         14400.9         9825.63         9.15058  1933
  902         14400.8         9825.43         9.15064  1935
  903         14400.7         9825.36         9.15064  1939
  904         14400.4         9824.99         9.15077  1941
  905         14400.2         9824.61         9.15117  1943
  906           14400         9824.56         9.15093  1945
  907         14399.9         9824.65          9.1506  1947
  908         14399.9         9824.72         9.15032  1949
  909         14399.8         9824.79         9.14995  1951
  910         14399.6         9824.84         9.14957  1953
  911         14399.4         9824.82         9.14921  1955
  912         14399.3         9824.71         9.14911  1959
  913         14399.1         9824.71         9.14871  1961
  914           14399         9824.69         9.14869  1963
  915           14399         9824.73         9.14846  1965
  916         14398.9         9824.79         9.14819  1967
  917         14398.8         9824.95         9.14759  1969
  918         14398.6         9825.42         9.14627  1971
  919         14398.5          9825.7          9.1455  1975
  920         14398.3         9826.01         9.14461  1977
  921         14398.1          9826.5         9.14325  1979
  922           14398         9827.37         9.14119  1981
  923         14397.7         9827.58         9.14027  1983
  924         14397.5         9827.71         9.13965  1985
  925         14397.3         9827.95         9.13877  1987
  926         14397.2         9828.51         9.13744  1989
  927         14397.1         9828.55         9.13705  1991
  928         14396.7         9829.06         9.13534  1993
  929         14396.2         9830.35         9.13168  1995
  930         14395.6         9832.89         9.12545  1997
  931         14395.5          9833.5         9.12404  2001
  932         14395.3         9834.61         9.12147  2003
  933         14395.2         9835.16         9.12017  2005
  934         14395.1         9836.16         9.11789  2007
  935         14394.9         9836.99         9.11579  2009
  936         14394.7         9838.07         9.11329  2013
  937         14394.5         9838.41         9.11214  2015
  938         14394.3         9838.35         9.11183  2017
  939         14394.2         9838.44         9.11149  2019
  940           14394         9838.16          9.1116  2021
  941         14393.9         9838.14         9.11147  2023
  942         14393.7         9838.18         9.11104  2025
  943         14393.6         9838.27         9.11075  2027
  944         14393.5         9838.42         9.11009  2029
  945         14393.4         9838.62          9.1095  2031
  946         14393.1         9839.23         9.10772  2033
  947         14392.6         9840.55         9.10412  2035
  948         14392.2         9842.28         9.09981  2037
  949           14392         9843.95           9.096  2039
  950         14391.7         9843.36         9.09677  2041
  951         14391.7         9843.19         9.09695  2043
  952         14391.5         9843.21         9.09661  2045
  953         14391.3         9843.72         9.09514  2047
  954         14391.2         9845.46         9.09149  2049
  955           14391         9845.86          9.0902  2051
  956         14390.8          9846.4          9.0889  2053
  957         14390.7         9847.33         9.08683  2055
  958         14390.6         9848.11         9.08498  2057
  959         14390.3         9850.45         9.07979  2059
  960         14390.1         9850.57           9.079  2061
  961         14389.8         9850.17         9.07928  2063
  962         14389.7         9850.18         9.07905  2065
  963         14389.4         9849.97         9.07885  2067
  964         14389.3          9850.1          9.0784  2069
  965           14389         9850.81         9.07629  2071
  966         14388.5         9851.91         9.07323  2073
  967         14388.3         9853.57         9.06947  2075
  968           14388         9853.76         9.06846  2077
  969         14387.9         9853.64         9.06849  2079
  970         14387.7         9853.63         9.06823  2081
  971         14387.5         9853.78         9.06747  2083
  972         14387.3         9853.58          9.0674  2085
  973           14387         9853.58         9.06679  2087
  974         14386.6         9853.41          9.0663  2089
  975         14386.2         9853.03         9.06632  2091
  976         14386.1         9852.72         9.06675  2093
  977         14385.8         9852.58         9.06641  2095
  978         14385.7         9852.54         9.06624  2097
  979         14385.4         9852.48         9.06594  2099
  980         14385.2         9852.41         9.06558  2101
  981           14385         9852.37          9.0653  2103
  982         14384.8          9852.4         9.06476  2105
  983         14384.5         9852.45         9.06412  2107
  984         14384.2         9852.47          9.0635  2109
  985         14383.9         9852.42         9.06299  2111
  986         14383.8         9852.44         9.06267  2113
  987         14383.7         9852.41          9.0625  2115
  988         14383.5         9852.36          9.0623  2117
  989         14383.3         9852.35         9.06194  2119
  990         14383.2         9852.28         9.06179  2121
  991         14383.1         9852.29         9.06153  2123
  992         14382.9         9852.29         9.06117  2125
  993         14382.5         9852.25         9.06051  2127
  994         14381.9         9852.12         9.05954  2129
  995         14381.7         9852.17         9.05907  2133
  996         14381.3         9852.19         9.05818  2135
  997         14381.1         9852.17          9.0578  2137
  998         14380.9          9852.2         9.05733  2139
  999         14380.3         9852.31         9.05595  2141
 1000         14379.1         9852.67         9.05279  2143
