    0          875270         2698.27          654711         220.289               0               0  1
    1          530133         2678.82          501667         23.1165       0.0304064         254.054  7
    2          230231          2603.7          139532         28.5691        0.115156         3093.37  9
    3          153774         2547.05          100698         27.3768       0.0769029         1272.17  11
    4          131280         2542.62         98615.7         26.9321       0.0907044         273.822  13
    5          122798         2527.86         90578.2         26.7564        0.104242         260.434  15
    6         92014.2         2437.52         51254.4         26.1806         0.20643         716.569  17
    7         73644.9         2367.58         33631.8         25.2901        0.306657             724  19
    8         63461.6         2293.57         23425.6         24.2166        0.464683         779.038  23
    9         54608.1         2243.81         20130.1         23.4437        0.569788         539.927  25
   10         52470.3         2244.47         18816.4         23.3207        0.567232         504.868  27
   11         48404.7         2156.86         17002.1         22.0468        0.821255         456.186  29
   12         46276.1          2120.3         16663.8         21.5599        0.941841         391.076  31
   13         44460.6         2078.08         15953.1         21.0616         1.10311           360.8  33
   14         39349.7         1925.75         13619.3         19.3879         1.85834         305.642  35
   15         36996.9         1751.89           11250         17.5952         3.18213         395.646  37
   16         32887.5         1691.34         11264.3         16.8788         3.80491         224.957  39
   17         31765.7         1681.44         10545.3         16.7687         3.92679          210.25  41
   18         30379.5         1648.42         9560.27         16.4164         4.35105         207.548  43
   19         28151.3         1578.54         8354.65         15.6113         5.41745         195.957  45
   20         26780.5          1520.5         7572.58         14.8309         6.55985         204.689  49
   21         24794.7         1467.92          7192.2          14.027         7.89604         163.537  51
   22         22956.2         1429.29         6431.54         13.2954         9.20599         145.111  53
   23         21639.7         1397.37         5810.01         12.5546         10.7165          146.05  55
   24         20365.4         1376.71         5529.66         11.9475         12.2167         125.311  57
   25         19220.3         1368.27         4857.47         11.6034         13.1834         117.943  59
   26           18426         1359.64         4418.88         10.8794          15.629         133.958  61
   27         17672.1         1360.67         4348.29         10.6269          16.533         111.507  63
   28         17362.8          1361.8         4163.91         10.5026         16.9908         111.018  65
   29         16409.3         1389.05         3771.03         9.60923         20.8816         123.624  67
   30         16134.7          1405.2          3648.3         9.31069         22.2669         129.492  71
   31         15862.2         1417.72         3528.93         9.12376         23.2052         130.183  73
   32         15313.1         1478.59         3294.44         8.47307         26.9169          142.97  75
   33         15092.1          1512.2         3211.01         8.17828         28.6539         148.926  77
   34         14816.8          1540.9          3142.2         7.94999         30.0398         148.487  79
   35         14366.5         1644.06         3240.67         7.26931         34.5216         150.084  81
   36         14207.1         1704.63         3284.97         6.94269         36.8838         153.567  83
   37         13989.6         1671.16         3149.75         7.09347         35.6309         143.335  85
   38         13831.8          1670.4         3076.98         7.07709         35.6382         139.895  87
   39         13597.4         1703.47         3058.96         6.87204         36.9822         137.819  89
   40           13338         1758.79         3048.43          6.5769         39.1013         137.739  91
   41         13175.8         1830.93         3069.89         6.24915         41.7034         141.978  95
   42         12942.9         1913.53         3057.94         5.92747         44.5158         143.793  97
   43         12823.7         1952.38         3014.21         5.78708         45.7849         145.576  99
   44         12693.1         2024.63          3002.3         5.54516         48.0767         149.081  101
   45         12603.5         2095.59         2996.57         5.32495         50.2529         153.368  103
   46         12497.1         2108.01         2961.48         5.28446         50.6215         151.397  105
   47         12354.2         2161.25         2923.55         5.12943          52.194          152.06  107
   48         12260.1         2215.53         2919.64         4.98214         53.7603         153.078  109
   49         12148.7         2322.44         2911.89         4.71926         56.7496         157.516  113
   50         12003.3         2431.58         2939.92         4.48234         59.6938         157.199  115
   51         11937.1         2474.69         2937.62         4.39229         60.8055         157.182  117
   52           11856         2542.47         2954.94         4.25725         62.4884         156.989  119
   53         11813.6         2627.95         2985.87          4.1011         64.5402         158.649  121
   54         11754.9         2618.81         2969.87         4.11249         64.2695         156.263  123
   55         11710.2          2631.4         2956.55         4.08726         64.4986         155.666  125
   56         11675.4         2659.74         2956.88         4.03669          65.082         155.713  127
   57         11661.6         2741.26         2976.06         3.90433          66.712         158.644  129
   58         11596.2         2752.94         2970.69         3.88499         66.9297         156.332  131
   59         11577.8         2764.59         2965.58         3.86735         67.1343         156.288  133
   60         11559.8         2787.99         2966.92         3.83295          67.535         156.521  135
   61         11528.9         2818.55         2964.35         3.78984         67.9719         156.669  137
   62         11508.9         2856.51         2969.92         3.74016         68.4974         157.162  141
   63         11478.4         2893.97         2974.27         3.69401         68.9255          157.11  143
   64         11462.3         2907.65         2970.77           3.679         68.9993         157.089  145
   65         11440.3         2936.68         2967.84         3.65227         69.0744         157.251  147
   66         11430.8         2955.41         2963.98         3.63866          68.999          157.63  149
   67         11415.2         2950.34         2957.94         3.64283         68.9036         157.065  151
   68         11400.5         2953.67         2950.99          3.6418         68.7801         156.838  153
   69         11386.8         2962.98         2947.56         3.63718         68.5921         156.696  155
   70         11366.6         2987.85         2943.53         3.62385         68.2034          156.82  157
   71         11345.8         3018.52         2945.24         3.61001         67.6626         156.772  159
   72         11330.1          3023.9         2939.06         3.60431         67.5312         156.687  161
   73         11317.3         3032.25         2932.65         3.59943         67.2947         156.804  163
   74         11305.8          3043.9         2927.77         3.59405         66.9446         157.033  165
   75         11288.4         3063.46         2919.76         3.58743         66.2943         157.449  167
   76           11271         3078.93         2908.21         3.58279         65.7434         157.863  169
   77         11258.3         3095.95         2899.69         3.57971         65.0566         158.408  171
   78           11246          3097.5         2895.78         3.57769         64.8856         158.254  173
   79         11234.8         3102.01         2892.81         3.57617         64.5831         158.198  175
   80         11219.9         3113.55         2893.78         3.57277         63.9102          158.19  177
   81         11214.4         3147.09         2892.59         3.56999         62.4371         159.416  179
   82         11187.6         3150.44         2889.32         3.56185          62.229         158.841  181
   83         11171.4         3166.32         2883.39         3.55905         61.5563         159.058  183
   84           11159         3185.39         2878.37         3.55524         60.8252         159.518  185
   85         11142.6         3219.29         2871.58         3.54995         59.6039         160.355  187
   86         11113.9         3248.58         2870.26         3.53988         58.5864         160.359  189
   87         11088.2         3263.31         2873.72         3.52781         58.0169         160.001  191
   88         11066.9         3279.83         2885.72          3.5153         57.3665          159.53  193
   89         11055.5         3305.17         2915.65         3.49736          56.496         159.104  195
   90         11028.8         3302.15         2908.94         3.49116          56.473          158.45  197
   91           11007         3309.62         2907.06         3.48294         56.1846         158.119  199
   92         10987.2         3322.66         2911.54         3.47134         55.7383         157.864  201
   93         10969.9          3368.5         2918.41         3.44701         54.5845         158.796  203
   94         10926.4         3387.09         2922.19         3.42535          53.934         158.072  205
   95         10908.6         3399.31         2916.07         3.41671         53.6347          158.16  207
   96         10894.2         3416.52         2911.05         3.40769         53.2698         158.421  209
   97         10874.2         3445.09         2902.48         3.39427         52.7177         158.928  211
   98         10868.1         3487.13         2903.89         3.37639         51.9838         159.971  213
   99         10840.6         3478.54         2895.31         3.37357          52.083         159.112  215
  100         10832.3         3478.32         2890.77         3.37302         52.0639         158.972  217
  101         10819.7          3484.9         2884.63         3.36944         51.9216         158.934  219
  102         10797.3          3509.7         2873.01         3.35953         51.4933         159.194  221
  103         10783.4         3530.91         2865.37         3.35055         51.1335         159.586  225
  104         10764.5         3565.12         2856.06         3.33675         50.6651         160.094  227
  105         10748.6         3586.88         2847.86         3.32633         50.4077         160.379  229
  106         10735.4         3632.73         2835.03         3.31368         49.9487         161.223  231
  107           10715         3646.07          2831.1         3.30378          49.804         160.973  233
  108           10701         3656.46         2825.48          3.3002         49.6985         160.786  235
  109         10683.9         3678.18         2818.83         3.29531         49.4837         160.611  237
  110         10673.4         3697.79         2813.41         3.28993         49.3298         160.683  241
  111         10662.6         3714.97         2805.39         3.28529         49.2029         160.818  243
  112           10649         3746.33         2791.13         3.28017         49.0072         161.147  245
  113         10645.2         3775.02         2781.89         3.27368         48.8631         161.743  247
  114         10632.4          3772.6         2778.92         3.27176         48.8496         161.373  249
  115         10624.4         3776.96         2773.68          3.2709         48.8104         161.297  251
  116         10614.5         3788.82         2766.42         3.26889          48.726          161.29  253
  117           10601         3817.22         2752.64         3.26559         48.5668         161.485  255
  118         10598.8         3832.38          2745.3         3.26798         48.5092         161.607  259
  119         10581.8         3876.66         2727.18         3.25839          48.339         162.088  261
  120         10567.2         3890.58         2719.14         3.25084         48.2837         162.126  263
  121         10559.8         3924.49         2708.98          3.2479         48.1834         162.342  265
  122         10546.1         3928.46         2707.42         3.24235         48.1376         162.037  267
  123         10540.8         3925.92         2706.49         3.24213         48.1235         161.856  269
  124         10525.4          3937.6         2701.14         3.24011          48.029         161.492  271
  125         10519.9         3946.43         2698.77         3.23831         48.0086         161.401  275
  126         10512.3         3965.82         2693.29          3.2351         47.9621         161.403  277
  127         10503.1         3992.28         2681.35         3.23217         47.9581          161.56  279
  128         10496.9          4009.8         2673.51         3.22898         47.9622         161.708  283
  129         10493.3         4051.04         2657.61          3.2262         48.0436         162.175  285
  130         10483.9         4051.85         2654.04         3.21534         48.1008         162.366  287
  131         10473.7         4049.14         2653.81          3.2149           48.04         161.964  289
  132         10468.5         4051.88          2653.5         3.21254         48.0355         161.828  291
  133         10465.2         4054.17         2653.96         3.20989         48.0431         161.755  293
  134         10457.6         4061.62         2653.54          3.2037         48.0672         161.643  295
  135         10455.2         4078.58         2656.13         3.19331         48.3564          161.54  297
  136           10437         4078.29         2654.64         3.18342         48.1806         161.374  299
  137         10430.5         4079.99         2653.93          3.1793         48.2005         161.264  301
  138         10424.6         4081.65         2655.04         3.17399         48.2414         161.126  303
  139         10417.9         4088.49         2658.81         3.16204         48.4048         161.004  305
  140         10406.5         4094.37          2666.6         3.14586         48.5025          160.73  307
  141         10395.4         4095.61          2666.2         3.13532         48.5422         160.672  309
  142         10389.6         4097.84         2667.15         3.12636         48.6542         160.662  311
  143         10387.2         4100.18         2669.68         3.11462         48.8016         160.842  313
  144         10377.5         4097.55         2667.07         3.11122         48.7835         160.691  315
  145         10371.3         4095.44         2666.48         3.10455         48.8639         160.671  317
  146         10366.3          4093.3         2667.17         3.09774         48.9358         160.665  319
  147         10363.2         4092.26          2667.5         3.09357         48.9731         160.672  329
  148         10363.1         4089.82         2668.75         3.09071         49.0646         160.668  333
  149         10355.2         4088.02         2669.49         3.08137         49.1149         160.662  343
