    0                       0.796143          35.015  1
    1                       0.793269         30.6505  7
    2                       0.782066         16.1646  9
    3                       0.773511         13.7322  11
    4                       0.772839         13.5895  13
    5                       0.770592         13.0239  15
    6                       0.756697         9.79704  17
    7                       0.745762         7.93605  19
    8                       0.734014          6.6233  23
    9                       0.726008         6.13977  25
   10                       0.726114         5.93605  27
   11                       0.711803         5.64262  29
   12                       0.705744         5.58621  31
   13                       0.698682         5.46579  33
   14                       0.672586         5.05017  35
   15                       0.641507         4.58993  37
   16                       0.630324         4.59285  39
   17                       0.628477         4.44384  41
   18                       0.622275         4.23121  43
   19                       0.608941         3.95543  45
   20                       0.597642         3.76575  49
   21                       0.587218         3.66995  51
   22                       0.579441         3.47046  53
   23                       0.572934         3.29851  55
   24                       0.568682         3.21794  57
   25                       0.566937         3.01602  59
   26                       0.565145         2.87664  61
   27                       0.565359         2.85357  63
   28                       0.565595         2.79242  65
   29                       0.571225         2.65742  67
   30                       0.574537         2.61381  71
   31                       0.577091          2.5707  73
   32                       0.589348         2.48382  75
   33                       0.596009         2.45217  77
   34                       0.601639         2.42575  79
   35                       0.621452         2.46347  81
   36                       0.632795         2.48025  83
   37                       0.626553         2.42866  85
   38                       0.626409         2.40044  87
   39                       0.632581          2.3934  89
   40                       0.642769         2.38928  91
   41                       0.655819         2.39768  95
   42                       0.670449         2.39301  97
   43                        0.67722         2.37583  99
   44                       0.689638         2.37114  101
   45                       0.701619         2.36887  103
   46                       0.703694         2.35496  105
   47                       0.712526         2.33983  107
   48                       0.721417         2.33827  109
   49                       0.738618         2.33516  113
   50                       0.755775         2.34637  115
   51                       0.762446         2.34546  117
   52                       0.772816         2.35236  119
   53                         0.7857         2.36464  121
   54                       0.784333          2.3583  123
   55                       0.786216           2.353  125
   56                       0.790439         2.35313  127
   57                        0.80246         2.36075  129
   58                       0.804167         2.35862  131
   59                       0.805868         2.35659  133
   60                       0.809271         2.35712  135
   61                       0.813694          2.3561  137
   62                       0.819155         2.35831  141
   63                       0.824508         2.36004  143
   64                       0.826455         2.35865  145
   65                        0.83057         2.35749  147
   66                       0.833215         2.35595  149
   67                         0.8325         2.35355  151
   68                       0.832969         2.35079  153
   69                       0.834281         2.34942  155
   70                       0.837776         2.34782  157
   71                       0.842064          2.3485  159
   72                       0.842814         2.34603  161
   73                       0.843978         2.34347  163
   74                       0.845597         2.34152  165
   75                       0.848309         2.33831  167
   76                       0.850449         2.33368  169
   77                       0.852797         2.33026  171
   78                       0.853009         2.32869  173
   79                        0.85363          2.3275  175
   80                       0.855217         2.32789  177
   81                        0.85981         2.32741  179
   82                       0.860268         2.32609  181
   83                       0.862433         2.32371  183
   84                       0.865027         2.32168  185
   85                       0.869618         2.31894  187
   86                       0.873565         2.31841  189
   87                       0.875542         2.31981  191
   88                       0.877756         2.32465  193
   89                       0.881141         2.33667  195
   90                       0.880738         2.33398  197
   91                       0.881734         2.33322  199
   92                       0.883468         2.33502  201
   93                       0.889543         2.33778  203
   94                       0.891993         2.33929  205
   95                       0.893601         2.33684  207
   96                       0.895861         2.33482  209
   97                       0.899598         2.33139  211
   98                        0.90507         2.33195  213
   99                       0.903954          2.3285  215
  100                       0.903926         2.32668  217
  101                       0.904781          2.3242  219
  102                       0.907995         2.31952  221
  103                       0.910734         2.31643  225
  104                       0.915135         2.31267  227
  105                       0.917924         2.30934  229
  106                       0.923772         2.30414  231
  107                       0.925466         2.30254  233
  108                       0.926784         2.30025  235
  109                       0.929533         2.29754  237
  110                       0.932007         2.29533  241
  111                        0.93417         2.29206  243
  112                       0.938104         2.28623  245
  113                       0.941689         2.28244  247
  114                       0.941388         2.28122  249
  115                       0.941931         2.27907  251
  116                        0.94341         2.27608  253
  117                       0.946938         2.27041  255
  118                       0.948817         2.26738  259
  119                       0.954283         2.25988  261
  120                       0.955994         2.25655  263
  121                       0.960151         2.25233  265
  122                       0.960638         2.25168  267
  123                       0.960327          2.2513  269
  124                       0.961754         2.24907  271
  125                       0.962831         2.24808  275
  126                       0.965194          2.2458  277
  127                       0.968408         2.24081  279
  128                       0.970531         2.23754  283
  129                        0.97551         2.23088  285
  130                       0.975607         2.22937  287
  131                       0.975281         2.22928  289
  132                        0.97561         2.22915  291
  133                       0.975886         2.22934  293
  134                       0.976782         2.22917  295
  135                        0.97882         2.23025  297
  136                       0.978785         2.22963  299
  137                       0.978988         2.22933  301
  138                       0.979188         2.22979  303
  139                       0.980008         2.23138  305
  140                       0.980713         2.23464  307
  141                       0.980862         2.23447  309
  142                       0.981127         2.23488  311
  143                       0.981409         2.23593  313
  144                       0.981093         2.23484  315
  145                       0.980841         2.23459  317
  146                       0.980584         2.23488  319
  147                       0.980459         2.23502  329
  148                       0.980167         2.23554  333
  149                       0.979952         2.23586  343
