    0          875539         2698.27          654711         220.289               0               0  1
    1          530401         2669.07          501668         23.1158        0.119857         254.047  7
    2          230437         2581.69          139535         28.5588        0.369932            3091  9
    3          154031         2510.47          100693         27.3661       0.0891297         1273.38  11
    4          131516         2502.87         98613.5         26.9216        0.147909         273.893  13
    5          123031         2485.26         90576.8         26.7447        0.164785          260.45  15
    6         92234.1         2378.48         51257.6         26.1639        0.270033         716.578  17
    7         73853.5         2297.75         33633.8         25.2702        0.345219         724.155  19
    8           63658         2210.56         23425.1         24.1912        0.546901         779.434  23
    9         54792.8          2154.6         20131.3         23.4156        0.607415         540.138  25
   10         52649.5         2155.58         18813.2         23.2924        0.604423         505.035  27
   11         48572.6         2054.93         17003.4         22.0146        0.881501         456.295  29
   12         46436.5         2014.85         16667.1         21.5253        0.975585         391.082  31
   13         44612.9         1967.22         15956.9         21.0243         1.13672         360.777  33
   14           39477         1796.99         13625.1         19.3415         1.89316          305.65  35
   15         37120.1         1606.08         11257.4           17.54         3.25478         396.818  37
   16         32984.3         1542.13         11274.2         16.8238         3.84174         225.055  39
   17         31855.1         1531.67         10554.2          16.711          3.9654          210.21  41
   18         30465.9         1497.54         9571.61         16.3564         4.38577         207.532  43
   19           28226         1426.45         8364.48         15.5477         5.44681         195.979  45
   20         26853.5         1370.18         7576.45         14.7685          6.5631         205.165  49
   21         24857.8         1320.34         7198.65         13.9626         7.88137         163.743  51
   22         23016.1         1286.39         6436.89         13.2356         9.16457         145.151  53
   23           21692         1261.04          5811.1         12.4984          10.648         145.862  55
   24         20419.3         1247.76         5531.12         11.8921         12.1172         125.211  57
   25           19276         1244.48         4859.07         11.5511         13.0563         117.789  59
   26         18477.1         1248.78         4416.01         10.8267         15.4646         133.765  61
   27         17728.2         1254.71         4346.28         10.5769         16.3398         111.362  63
   28         17423.6         1258.15         4161.92         10.4578         16.7693         110.845  65
   29         16472.3         1306.67         3768.46         9.55799         20.6241         123.604  67
   30         16195.1         1329.98         3650.02         9.26179         21.9782         128.888  71
   31         15934.1         1345.56         3526.56         9.09281         22.8082         129.471  73
   32         15402.5         1423.71         3295.06         8.44685         26.4297         142.363  75
   33         15194.2         1464.24         3210.82         8.15469         28.1208          148.67  77
   34         14936.9         1492.01         3143.12         7.96491         29.2337         147.288  79
   35         14449.3         1602.61         3198.39         7.31203         33.4168         147.499  81
   36         14365.3         1669.68         3248.07         6.97648         35.7855         154.555  83
   37         14138.8         1637.37         3139.94         7.10927         34.7065         143.401  85
   38           13992         1637.55         3077.79         7.08621         34.7744         140.252  87
   39         13756.4         1670.11         3050.49         6.88501          36.057         138.287  89
   40         13524.9          1723.6         3049.97         6.60463         38.0373         138.241  91
   41         13364.8         1782.64         3041.83         6.31426         40.2156         142.394  95
   42         13090.1         1878.12         3038.23         5.92479         43.5004         144.074  97
   43         12959.8         1912.23         2990.35         5.78667         44.6844          145.33  99
   44         12835.7          1964.1         2984.01         5.57956         46.5026         147.464  101
   45         12748.8          2000.2         2978.63          5.4336         47.8038         149.025  103
   46         12659.9         2005.26         2950.96         5.39994         48.0297         147.369  105
   47         12485.7         2060.61         2929.58         5.17474         50.0769         148.387  107
   48         12397.5         2099.69         2948.62         5.02785         51.4913         148.562  109
   49         12317.5         2134.17         2942.89         4.91197          52.695         149.093  111
   50         12224.3          2272.8         3022.47         4.50239         57.4544         154.792  113
   51         12115.6         2296.82         3006.11         4.42985         58.2783         152.735  115
   52           12082          2283.7         2979.84         4.45988         57.8399         151.439  117
   53         12009.4         2292.11         2969.08          4.4204         58.1594         149.917  119
   54         11976.5         2347.65         3003.27         4.26401         60.0733          151.91  121
   55         11935.4         2368.56         3012.88         4.20726         60.7868         151.289  123
   56         11901.4         2411.34         3024.26         4.10108          62.236         152.455  125
   57         11876.9         2436.96         3025.75         4.03639         63.1027         153.266  127
   58         11844.4         2474.82         3024.77         3.93792         64.3843         154.952  129
   59         11810.7         2482.29         3021.44         3.90807         64.6347           154.6  131
   60         11790.1         2466.56         3004.46         3.93546         64.1069         153.737  133
   61         11748.4         2422.71         2971.92          4.0033         62.6369         151.795  135
   62         11735.9         2421.54         2965.27         3.99625         62.6006         151.904  139
   63         11723.3         2427.22          2961.8         3.97746         62.7948         152.136  141
   64         11700.3         2462.81         2960.78         3.86901         64.0228         154.874  143
   65         11674.2         2466.78         2954.95         3.85097         64.1529         154.593  145
   66         11667.4         2462.08         2951.49         3.86157         63.9868         154.109  147
   67         11652.9         2455.06         2946.08         3.87096         63.7358         153.505  149
   68         11637.2         2452.86         2945.15         3.85941          63.648         153.456  151
   69         11631.8         2447.49         2949.79         3.84071         63.4463         154.146  153
   70         11610.6         2451.13         2945.23         3.82462         63.5695         153.957  155
   71         11600.8         2454.43         2938.91          3.8079         63.6841         154.471  157
   72         11588.3         2458.17         2931.62         3.77958         63.8152         155.457  159
   73         11574.1         2456.37         2922.24         3.74664         63.7579          156.94  161
   74         11553.7         2453.65         2914.34         3.71962         63.6746         157.773  163
   75         11539.9         2446.54         2910.24         3.71365         63.4174         157.918  165
   76         11528.8         2435.83         2907.86         3.71263         63.0195         158.036  167
   77         11516.8         2419.88         2907.51         3.71452         62.4263         158.116  169
   78         11502.1         2411.62         2901.74         3.71802          62.094         157.905  171
   79         11483.2         2396.14         2892.26         3.72052         61.4881         158.074  173
   80         11471.5         2385.56         2888.96          3.7215         61.0703         158.128  175
   81         11455.1         2370.19         2885.08         3.72178         60.4828         158.225  177
   82         11449.4         2327.24         2885.51         3.72539         58.9216         159.732  179
   83         11414.2         2321.95         2881.14         3.71749         58.7127         158.849  181
   84           11405         2319.21         2878.41         3.71558         58.6114         158.746  183
   85         11387.3         2300.98         2878.91         3.71256         57.9587         158.824  185
   86         11370.7         2275.47          2880.2         3.70758         57.1208          159.27  187
   87         11346.3         2248.16         2886.05          3.7021         56.1367         159.291  189
   88           11325         2227.13         2883.31         3.69639         55.4267         159.565  191
   89         11301.6         2194.74         2879.86         3.69162         54.3842         160.176  193
   90         11294.5         2152.69         2885.86         3.68603         53.2631         161.343  195
   91         11253.4         2152.59         2876.49         3.67333         53.0985         160.557  197
   92         11234.5         2142.85          2870.4         3.67011         52.7856         160.485  199
   93         11215.9         2131.35         2867.58         3.66551         52.4275         160.399  201
   94         11193.9         2098.99         2855.05         3.66213         51.5854          161.26  203
   95         11170.3         2069.87         2856.73         3.65047         50.7305         161.723  205
   96         11144.9         2070.99         2848.33         3.63967         50.7184         161.418  207
   97         11133.1         2065.94         2841.08         3.63731          50.553         161.524  209
   98         11119.1         2061.48         2834.05          3.6338         50.3718         161.577  211
   99         11110.3         2046.51         2828.06         3.62852         49.8203         162.401  213
  100         11077.6          2040.9         2823.77         3.61593         49.6444         161.843  215
  101           11065         2037.15         2821.14         3.61036         49.5109         161.792  217
  102         11053.6         2032.47         2821.89         3.60352         49.3356         161.747  219
  103           11033         2027.13         2821.29         3.59194         49.0818         161.636  221
  104         11021.6         2024.22         2822.81         3.58386          48.928         161.577  225
  105         11002.8         2021.73         2828.48         3.56377         48.7423         161.569  227
  106         10976.3         2023.53         2816.74         3.54844         48.6618         161.657  229
  107         10951.3          2029.8         2803.73          3.5332         48.4746         161.948  231
  108         10925.4         2034.03         2794.08         3.52077         48.3839         161.802  233
  109         10902.8         2041.51         2782.82         3.51398         48.2518         161.634  235
  110         10894.5         2053.28         2782.97         3.50691         48.1077         161.588  237
  111           10877         2054.34         2776.39         3.50219         48.0809         161.295  239
  112         10868.9          2055.6         2771.87         3.49806         48.0796         161.315  241
  113         10851.1         2064.12         2764.01         3.48621         48.0361         161.369  243
  114         10834.6         2078.91          2750.8         3.47216         48.0986         161.694  245
  115         10815.1         2096.57         2735.62         3.45749         47.9991         162.136  247
  116         10799.2         2103.81         2721.09         3.45074         47.9817         162.351  249
  117         10789.4          2115.6         2704.18         3.44815          47.952         162.746  251
  118         10782.2         2121.85         2698.38         3.44536         47.9385         162.766  253
  119         10774.4         2123.16         2697.96         3.44402         47.8939         162.497  255
  120         10766.1         2155.57         2696.04         3.42778         47.9927         162.568  257
  121         10740.5         2161.37         2701.84         3.41641          47.845         161.654  259
  122         10733.9         2162.61         2696.03         3.41442         47.8674         161.679  261
  123         10723.9         2174.35         2687.95         3.40663         47.9482         161.776  263
  124         10719.8         2200.69         2682.34         3.39367         48.1379         162.046  265
  125         10701.7         2207.04         2679.73          3.3855         48.0897         161.662  267
  126         10696.1         2214.63         2678.21         3.38131         48.1068         161.574  269
  127         10692.1         2221.57         2678.01         3.37708         48.1286         161.504  271
  128         10684.7         2233.45          2680.1         3.36862          48.165         161.298  273
  129         10678.3         2242.23          2684.4         3.36017          48.184         161.079  277
  130         10670.5         2248.88         2690.17         3.35205         48.1799         160.747  279
  131         10661.1         2253.89         2697.42          3.3426         48.1507         160.364  281
  132         10652.6         2258.48         2708.23         3.32972         48.1138         160.035  283
  133           10644         2258.98         2709.34          3.3231          48.055         159.932  285
  134         10638.7         2256.64         2704.78         3.32232         48.0219         159.992  287
  135         10632.8         2254.46         2700.69         3.31777         47.9713         160.199  289
  136         10627.2         2253.06         2698.67         3.31355         47.9348         160.284  291
  137         10622.9         2253.84         2698.11         3.30917         47.9242          160.32  293
  138         10617.6         2256.59         2701.88         3.29723         47.9239         160.436  295
  139         10614.4          2257.4         2704.67         3.28863          47.914         160.567  297
  140         10610.6         2256.87         2702.15         3.29054         47.8827         160.443  299
  141         10606.4         2256.38         2700.02         3.28937         47.8646         160.424  301
  142           10602         2256.14         2699.28         3.28391         47.8419         160.535  303
  143         10598.2         2256.29         2697.08         3.27432         47.8333         160.943  305
  144         10592.7         2256.61         2695.55         3.26604         47.7965         161.192  307
  145         10589.3          2256.8         2692.83         3.26252         47.7869         161.343  309
  146         10586.1         2256.98         2690.17         3.25763         47.7754         161.572  311
  147         10584.8         2257.27         2689.03         3.25084         47.8047          161.87  313
  148         10580.6            2257         2688.93         3.24954         47.7533         161.786  315
  149         10576.8         2256.77         2689.35         3.24615         47.7273          161.77  317
  150         10573.6         2256.61         2690.71         3.24144         47.7061           161.8  319
  151         10569.9         2256.76         2691.31         3.23276         47.7126         162.012  321
  152           10565         2257.09         2693.05         3.22495         47.6398         162.142  323
  153         10562.1         2257.06         2691.35         3.22422         47.6292         162.125  325
  154         10559.2         2257.14         2689.44         3.22295         47.6134         162.154  327
  155         10556.2         2257.39         2688.51         3.22017         47.5908         162.213  329
  156           10553          2258.4         2688.22         3.21483         47.5484         162.364  331
  157         10548.6         2259.11            2688         3.21082         47.5346         162.362  333
  158         10545.8         2259.93         2688.81         3.20769         47.5225         162.342  335
  159         10543.7         2260.76         2689.47         3.20535         47.5067         162.328  337
  160         10540.8         2262.47         2690.34         3.20207         47.4863          162.31  339
  161         10539.7         2265.53          2689.7         3.19838            47.5         162.426  341
  162         10534.4         2266.14         2688.68         3.19636         47.4544         162.353  343
  163         10532.2         2266.95         2686.89         3.19571         47.4435         162.365  345
  164         10529.7         2268.69         2685.15         3.19423          47.434         162.394  347
  165         10525.7         2272.75         2683.42         3.19104         47.4343         162.399  349
  166         10524.9         2275.24         2683.32         3.19017         47.4196         162.397  353
  167         10520.2         2281.01            2684         3.18413         47.4234         162.372  355
  168           10516         2285.31         2684.23         3.17988         47.4383         162.305  357
  169         10513.4         2292.43         2686.72         3.17546         47.4564          162.18  359
  170         10509.7         2293.27         2687.17         3.17304         47.4514         162.093  361
  171         10506.4          2294.4         2688.16         3.17182         47.4383         161.941  363
  172         10503.7         2298.19         2688.73         3.16889         47.4816         161.839  365
  173         10500.2         2302.48          2688.9         3.16629         47.4508         161.776  367
  174         10498.3          2306.3         2687.92          3.1639         47.4715         161.788  369
  175         10496.5         2312.03         2687.47         3.16065         47.5024         161.799  371
  176         10495.4         2315.67         2687.97         3.15854         47.5327         161.756  375
  177           10493         2322.13         2688.69         3.15443         47.5628         161.711  377
  178         10490.1         2330.13         2689.68         3.14991         47.6141         161.612  379
  179         10488.5         2337.59         2692.15         3.14564         47.6487         161.512  381
  180         10486.7         2334.52         2690.59         3.14699         47.6072         161.501  383
  181         10485.7         2333.71          2689.6         3.14743         47.5932           161.5  385
  182         10483.9         2334.63         2687.71         3.14729         47.5835         161.515  387
  183         10482.4         2341.29         2685.75         3.14457         47.6089         161.583  389
  184         10480.1         2346.13         2684.61         3.14242         47.6175         161.576  391
  185         10478.8         2351.89         2684.03         3.13976         47.6454         161.585  393
  186         10477.7         2358.63         2684.08          3.1365         47.6869         161.583  395
  187         10477.6         2369.77         2684.63         3.13144          47.807         161.571  397
  188         10474.5         2372.05         2684.78         3.12943         47.7733         161.519  399
  189         10473.1         2375.44            2685         3.12783         47.7811         161.479  401
  190         10472.2         2379.19         2685.35         3.12609         47.7974         161.447  403
  191         10470.7         2385.66         2684.19         3.12356          47.834         161.455  405
  192           10470         2396.22         2683.05         3.11995         47.8716         161.514  407
  193         10468.1         2395.48         2681.73         3.11978         47.8537         161.523  409
  194         10467.2         2396.25         2679.99         3.11975         47.8514         161.562  411
  195         10466.2         2399.21         2677.73         3.11902         47.8552         161.626  413
  196         10465.9         2409.38         2673.86         3.11617         47.9185          161.78  415
  197         10463.5         2413.29         2672.41         3.11434         47.9047         161.799  417
  198         10462.4         2418.58         2671.02         3.11246         47.9237         161.839  419
  199         10461.7          2424.6         2669.41         3.11026         47.9541         161.899  421
  200           10461         2434.08         2664.72         3.10722         48.0322         162.081  423
  201         10459.3         2440.36         2661.77         3.10474          48.031         162.206  425
  202         10458.3         2442.44         2659.53         3.10385         48.0348         162.289  427
  203         10457.5         2445.77          2656.2         3.10278         48.0466         162.422  429
  204         10457.1         2451.95         2651.06         3.10068         48.0899         162.658  431
  205         10455.6         2453.22          2650.1         3.09981         48.0739         162.677  433
  206         10454.9         2454.59         2649.56         3.09904         48.0766         162.692  435
  207         10454.3         2456.59         2649.01         3.09788         48.0865         162.717  437
  208         10453.5         2460.81         2647.28         3.09532         48.1258         162.813  439
  209         10452.5         2465.02         2645.95         3.09271         48.1339          162.91  441
  210         10451.7         2466.39         2644.77         3.09154         48.1407         162.965  443
  211         10450.9         2470.01         2641.88         3.08912         48.1665         163.126  445
  212         10450.7          2473.8          2639.2         3.08637          48.207         163.311  447
  213         10449.7         2473.18         2639.49         3.08663         48.1868          163.26  449
  214         10449.3         2474.04          2639.1         3.08603         48.1899         163.275  451
  215         10448.9         2475.77          2638.5         3.08483         48.2008         163.321  453
  216         10448.5         2478.86         2637.62         3.08267         48.2251         163.395  455
  217         10447.9         2482.68          2636.7          3.0801         48.2432         163.484  457
  218         10447.2         2484.29         2636.16         3.07889          48.249         163.515  459
  219         10446.8         2486.69          2635.3          3.0775          48.259         163.571  461
  220         10446.3         2487.52         2634.86         3.07711         48.2563         163.586  463
  221           10446         2487.43         2634.61          3.0773         48.2501         163.582  465
  222         10445.6         2489.23         2633.96          3.0766         48.2487         163.612  467
  223         10445.4         2490.57         2633.81         3.07607         48.2471         163.623  469
  224         10445.2         2491.14         2633.81          3.0757         48.2491         163.624  471
  225           10445         2492.91         2634.05         3.07473         48.2569         163.625  473
  226         10444.8         2494.56         2634.46         3.07398         48.2581         163.614  475
  227         10444.6         2497.65         2635.78         3.07276         48.2578         163.567  477
  228         10444.2         2498.76          2636.6         3.07238         48.2514         163.522  479
  229         10443.9         2499.36         2637.41         3.07236         48.2393         163.474  481
  230         10443.6         2499.86         2638.33         3.07237         48.2258         163.422  483
  231         10443.4         2499.85         2638.86         3.07252         48.2144         163.389  485
  232         10443.2          2500.2         2639.28         3.07244         48.2081         163.364  487
  233           10443          2500.9            2640         3.07221         48.2003         163.332  489
  234           10443         2501.53         2640.67         3.07208         48.1938         163.302  491
  235         10442.9         2501.68         2640.66           3.072         48.1924           163.3  493
  236         10442.7         2502.17            2641         3.07185         48.1876         163.284  495
  237         10442.6         2502.73         2641.41         3.07172         48.1812         163.267  497
  238         10442.5          2504.1         2642.18         3.07145         48.1701         163.235  499
  239         10442.4         2504.69         2642.26         3.07136         48.1601          163.23  501
  240         10442.3         2504.91            2642         3.07135         48.1579         163.239  503
  241         10442.2         2505.45         2641.59         3.07132         48.1536         163.256  505
  242         10442.1         2506.44         2641.06         3.07126         48.1468         163.279  507
  243           10442         2506.91         2640.83         3.07123         48.1418         163.287  509
  244         10441.9          2507.6         2640.59         3.07119         48.1366         163.295  511
  245         10441.9         2508.34         2640.44         3.07111         48.1315         163.301  513
  246         10441.8         2509.74         2640.33         3.07091          48.124         163.309  515
  247         10441.7         2510.09         2640.35         3.07082         48.1205         163.308  517
  248         10441.7         2510.52         2640.41         3.07069         48.1186         163.306  519
  249         10441.6         2511.33         2640.45         3.07048         48.1147         163.307  521
  250         10441.6         2512.21         2640.39         3.07026         48.1116         163.313  525
  251         10441.5         2513.68         2640.31         3.06991         48.1051         163.323  527
  252         10441.5         2515.37         2640.25         3.06946         48.1005         163.334  529
  253         10441.4         2517.47         2640.26         3.06886         48.0954         163.345  531
  254         10441.4         2517.59         2640.37         3.06875          48.096          163.34  533
  255         10441.3         2518.32         2640.74         3.06839         48.0974         163.327  535
  256         10441.2         2519.44         2641.09         3.06796         48.0976         163.318  537
  257         10441.2         2520.37         2641.34         3.06762         48.0977         163.311  539
  258         10441.2         2522.52         2641.64         3.06694         48.0975         163.307  541
  259         10441.1         2523.58         2641.68         3.06661         48.0979         163.309  543
  260         10441.1         2524.15         2641.61         3.06644         48.0985         163.314  545
  261         10441.1         2527.18         2641.37          3.0655         48.1038         163.335  547
  262           10441         2528.97         2641.43         3.06487          48.107         163.341  549
  263           10441         2529.08         2641.46          3.0648         48.1077         163.339  551
  264           10441         2530.62         2641.58         3.06422          48.113         163.338  553
  265         10440.9          2532.5         2641.57          3.0636         48.1186         163.344  555
  266         10440.9         2534.74         2641.53         3.06287         48.1261         163.351  557
  267         10440.9         2536.08         2641.46         3.06244         48.1316         163.356  561
  268         10440.8         2537.69         2641.34         3.06193         48.1384         163.362  563
  269         10440.8         2538.79         2641.23         3.06158         48.1446         163.366  565
  270         10440.7         2540.28         2641.14         3.06107         48.1554         163.367  567
  271         10440.7         2540.34          2641.2           3.061         48.1569         163.363  569
  272         10440.6         2540.44         2641.34          3.0609         48.1594         163.355  571
  273         10440.6         2540.91         2641.51         3.06068         48.1636         163.347  573
  274         10440.6         2542.31          2641.9         3.06011         48.1756         163.329  575
  275         10440.5         2542.91         2641.98          3.0599         48.1795         163.324  577
  276         10440.5          2543.9         2642.09         3.05957         48.1865         163.316  579
  277         10440.4         2545.35         2642.29         3.05909         48.1971         163.303  581
  278         10440.4          2547.9         2642.62         3.05825         48.2172         163.281  583
  279         10440.4         2548.42         2642.69         3.05807         48.2209         163.275  585
  280         10440.3         2549.11         2642.79         3.05784         48.2267         163.267  587
  281         10440.3         2550.12         2642.95         3.05751          48.235         163.256  589
  282         10440.3         2552.12         2643.29         3.05688         48.2514         163.233  591
  283         10440.2         2553.38         2643.49          3.0565         48.2615         163.217  593
  284         10440.2         2555.33          2643.8         3.05594         48.2775         163.192  595
  285         10440.2         2557.01         2644.08         3.05549         48.2909         163.169  597
  286         10440.1          2557.7         2644.16         3.05532         48.2963         163.159  599
  287         10440.1         2558.65         2644.25         3.05513         48.3038         163.146  601
  288         10440.1         2559.65         2644.28         3.05493         48.3116         163.135  603
  289           10440         2561.47         2644.31         3.05458         48.3263         163.117  605
  290           10440            2563         2644.21         3.05429         48.3385         163.107  607
  291           10440         2563.95         2644.08         3.05413         48.3458         163.103  609
  292           10440         2564.93         2643.92         3.05398         48.3533           163.1  611
  293         10439.9         2566.03         2643.77         3.05383         48.3614         163.095  613
  294         10439.9         2566.67         2643.73         3.05374         48.3658         163.089  615
  295         10439.9         2568.48         2643.71         3.05349          48.379          163.07  617
  296         10439.9          2569.7         2643.75          3.0533         48.3878         163.056  619
  297         10439.8         2570.09         2643.79         3.05322         48.3901          163.05  621
  298         10439.8         2571.65         2643.85         3.05297         48.4001         163.033  623
  299         10439.8         2572.57         2643.79         3.05282         48.4057         163.027  625
  300         10439.8         2574.33         2643.56         3.05259         48.4166         163.021  627
  301         10439.7         2575.22         2643.37         3.05247         48.4216         163.021  631
  302         10439.7         2576.43         2643.02         3.05236         48.4276         163.025  633
  303         10439.7          2577.6         2642.84         3.05224         48.4334         163.022  635
  304         10439.7         2577.64         2642.84         3.05226         48.4311         163.022  637
  305         10439.7          2577.6         2642.97         3.05227         48.4285         163.017  639
  306         10439.7         2577.86         2643.12         3.05224         48.4269         163.009  641
  307         10439.7         2578.06         2643.15         3.05223         48.4264         163.006  645
  308         10439.6         2578.31         2643.16         3.05221         48.4261         163.005  649
  309         10439.6         2578.48         2643.13         3.05219         48.4257         163.005  657
  310         10439.6         2578.72         2643.07         3.05218         48.4252         163.007  661
  311         10439.6         2578.94            2643         3.05218         48.4245         163.009  665
  312         10439.6         2579.18          2642.9         3.05217         48.4237         163.013  669
  313         10439.6         2579.36         2642.83         3.05216         48.4228         163.016  673
  314         10439.6         2579.45         2642.79         3.05215         48.4223         163.018  683
