    0                       0.796143          35.015  1
    1                       0.791823         30.6505  7
    2                       0.778754         16.1648  9
    3                       0.767938         13.7319  11
    4                       0.766774         13.5893  13
    5                       0.764071         13.0238  15
    6                       0.747477         9.79735  17
    7                       0.734682         7.93628  19
    8                       0.720608         6.62324  23
    9                       0.711428         6.13996  25
   10                        0.71159         5.93555  27
   11                       0.694779         5.64284  29
   12                       0.687971         5.58675  31
   13                        0.67979         5.46643  33
   14                       0.649713         5.05126  35
   15                       0.614231         4.59144  37
   16                       0.601879         4.59486  39
   17                       0.599833         4.44573  41
   18                       0.593113         4.23372  43
   19                       0.578863         3.95775  45
   20                       0.567331         3.76671  49
   21                       0.556917          3.6716  51
   22                       0.549711          3.4719  53
   23                       0.544269         3.29882  55
   24                       0.541395         3.21837  57
   25                       0.540681         3.01652  59
   26                       0.541617         2.87571  61
   27                         0.5429         2.85291  63
   28                       0.543644         2.79175  65
   29                       0.554027         2.65651  67
   30                       0.558946         2.61443  71
   31                       0.562211         2.56983  73
   32                       0.578308         2.48405  75
   33                       0.586481          2.4521  77
   34                       0.592017         2.42611  79
   35                       0.613567         2.44734  81
   36                       0.626275         2.46628  83
   37                       0.620186         2.42488  85
   38                        0.62022         2.40076  87
   39                       0.626355         2.39009  89
   40                       0.636306         2.38989  91
   41                       0.647113          2.3867  95
   42                       0.664216         2.38528  97
   43                       0.670221         2.36641  99
   44                        0.67925          2.3639  101
   45                       0.685464         2.36177  103
   46                       0.686331         2.35078  105
   47                       0.695738         2.34224  107
   48                       0.702306         2.34984  109
   49                       0.708048         2.34756  111
   50                       0.730682         2.37909  113
   51                       0.734534         2.37264  115
   52                       0.732432         2.36225  117
   53                        0.73378         2.35798  119
   54                       0.742617         2.37152  121
   55                       0.745917         2.37531  123
   56                       0.752622         2.37979  125
   57                        0.75661         2.38038  127
   58                       0.762465         2.37999  129
   59                       0.763615         2.37868  131
   60                       0.761192         2.37199  133
   61                       0.754395         2.35911  135
   62                       0.754212         2.35647  139
   63                       0.755097         2.35509  141
   64                       0.760613         2.35468  143
   65                       0.761225         2.35237  145
   66                         0.7605         2.35099  147
   67                       0.759415         2.34883  149
   68                       0.759075         2.34846  151
   69                       0.758244         2.35031  153
   70                       0.758806         2.34849  155
   71                       0.759318         2.34597  157
   72                       0.759897         2.34306  159
   73                       0.759617         2.33931  161
   74                       0.759196         2.33614  163
   75                       0.758096          2.3345  165
   76                       0.756435         2.33355  167
   77                       0.753954          2.3334  169
   78                       0.752666         2.33109  171
   79                       0.750247         2.32727  173
   80                       0.748589         2.32595  175
   81                       0.746173         2.32439  177
   82                       0.739383         2.32456  179
   83                       0.738541          2.3228  181
   84                       0.738105          2.3217  183
   85                       0.735198          2.3219  185
   86                       0.731112         2.32242  187
   87                       0.726711         2.32478  189
   88                       0.723304         2.32367  191
   89                       0.718025         2.32228  193
   90                       0.711113          2.3247  195
   91                       0.711097         2.32092  197
   92                       0.709487         2.31846  199
   93                        0.70758         2.31733  201
   94                       0.702187         2.31226  203
   95                       0.697301         2.31294  205
   96                       0.697489         2.30954  207
   97                       0.696637         2.30659  209
   98                       0.695885         2.30374  211
   99                       0.693353          2.3013  213
  100                       0.692404         2.29956  215
  101                       0.691766         2.29849  217
  102                       0.690972         2.29879  219
  103                       0.690063         2.29855  221
  104                       0.689568         2.29917  225
  105                       0.689143         2.30147  227
  106                       0.689451         2.29669  229
  107                       0.690518         2.29138  231
  108                       0.691236         2.28743  233
  109                       0.692506         2.28282  235
  110                         0.6945         2.28288  237
  111                        0.69468         2.28018  239
  112                       0.694893         2.27832  241
  113                       0.696331         2.27509  243
  114                       0.698821         2.26965  245
  115                       0.701783         2.26338  247
  116                       0.702994         2.25736  249
  117                       0.704961         2.25034  251
  118                       0.706001         2.24792  253
  119                       0.706218         2.24774  255
  120                       0.711589         2.24695  257
  121                       0.712546         2.24936  259
  122                        0.71275         2.24694  261
  123                       0.714681         2.24357  263
  124                       0.718998         2.24123  265
  125                       0.720035         2.24014  267
  126                       0.721272          2.2395  269
  127                       0.722401         2.23942  271
  128                        0.72433         2.24029  273
  129                       0.725751         2.24209  277
  130                       0.726827          2.2445  279
  131                       0.727636         2.24752  281
  132                       0.728376         2.25202  283
  133                       0.728457         2.25248  285
  134                        0.72808         2.25058  287
  135                       0.727728         2.24888  289
  136                       0.727503         2.24804  291
  137                       0.727629         2.24781  293
  138                       0.728072         2.24938  295
  139                       0.728202         2.25054  297
  140                       0.728118         2.24949  299
  141                       0.728038          2.2486  301
  142                          0.728          2.2483  303
  143                       0.728024         2.24738  305
  144                       0.728076         2.24674  307
  145                       0.728105         2.24561  309
  146                       0.728135          2.2445  311
  147                       0.728183         2.24402  313
  148                       0.728138         2.24398  315
  149                       0.728101         2.24416  317
  150                       0.728076         2.24473  319
  151                         0.7281         2.24497  321
  152                       0.728153          2.2457  323
  153                       0.728148         2.24499  325
  154                       0.728161          2.2442  327
  155                       0.728201          2.2438  329
  156                       0.728365         2.24368  331
  157                       0.728479         2.24359  333
  158                        0.72861         2.24393  335
  159                       0.728745         2.24421  337
  160                        0.72902         2.24457  339
  161                       0.729514          2.2443  341
  162                       0.729612         2.24388  343
  163                       0.729741         2.24313  345
  164                       0.730021          2.2424  347
  165                       0.730674         2.24168  349
  166                       0.731075         2.24164  353
  167                       0.732002         2.24192  355
  168                       0.732691         2.24202  357
  169                       0.733832         2.24306  359
  170                       0.733966         2.24324  361
  171                       0.734146         2.24366  363
  172                       0.734753          2.2439  365
  173                       0.735438         2.24397  367
  174                       0.736047         2.24356  369
  175                       0.736962         2.24337  371
  176                       0.737541         2.24358  375
  177                        0.73857         2.24388  377
  178                        0.73984         2.24429  379
  179                       0.741024         2.24532  381
  180                       0.740537         2.24467  383
  181                       0.740409         2.24426  385
  182                       0.740556         2.24347  387
  183                       0.741611         2.24265  389
  184                       0.742377         2.24218  391
  185                       0.743287         2.24194  393
  186                       0.744352         2.24196  395
  187                       0.746107         2.24219  397
  188                       0.746467         2.24225  399
  189                       0.746999         2.24234  401
  190                       0.747588         2.24249  403
  191                       0.748605           2.242  405
  192                       0.750259         2.24153  407
  193                       0.750144         2.24098  409
  194                       0.750264         2.24025  411
  195                       0.750727          2.2393  413
  196                       0.752317         2.23769  415
  197                       0.752927         2.23708  417
  198                       0.753751          2.2365  419
  199                       0.754689         2.23582  421
  200                       0.756164         2.23386  423
  201                       0.757137         2.23262  425
  202                       0.757461         2.23168  427
  203                       0.757977         2.23028  429
  204                       0.758934         2.22812  431
  205                        0.75913         2.22772  433
  206                       0.759342         2.22749  435
  207                       0.759652         2.22726  437
  208                       0.760304         2.22653  439
  209                       0.760954         2.22597  441
  210                       0.761165         2.22548  443
  211                       0.761724         2.22426  445
  212                       0.762308         2.22313  447
  213                       0.762213         2.22326  449
  214                       0.762345         2.22309  451
  215                       0.762612         2.22284  453
  216                       0.763087         2.22247  455
  217                       0.763676         2.22208  457
  218                       0.763923         2.22185  459
  219                       0.764292         2.22149  461
  220                       0.764419         2.22131  463
  221                       0.764405          2.2212  465
  222                       0.764682         2.22093  467
  223                       0.764887         2.22086  469
  224                       0.764975         2.22086  471
  225                       0.765247         2.22096  473
  226                         0.7655         2.22114  475
  227                       0.765974         2.22169  477
  228                       0.766145         2.22204  479
  229                       0.766236         2.22238  481
  230                       0.766313         2.22277  483
  231                       0.766311         2.22299  485
  232                       0.766365         2.22317  487
  233                       0.766472         2.22347  489
  234                       0.766568         2.22375  491
  235                       0.766592         2.22375  493
  236                       0.766667         2.22389  495
  237                       0.766753         2.22406  497
  238                       0.766963         2.22439  499
  239                       0.767052         2.22442  501
  240                       0.767086         2.22431  503
  241                       0.767169         2.22414  505
  242                       0.767321         2.22392  507
  243                       0.767392         2.22382  509
  244                       0.767498         2.22372  511
  245                       0.767611         2.22366  513
  246                       0.767826         2.22361  515
  247                       0.767878         2.22362  517
  248                       0.767944         2.22364  519
  249                       0.768069         2.22366  521
  250                       0.768203         2.22364  525
  251                       0.768428          2.2236  527
  252                       0.768686         2.22357  529
  253                       0.769006         2.22358  531
  254                       0.769025         2.22363  533
  255                       0.769137         2.22378  535
  256                       0.769307         2.22393  537
  257                       0.769449         2.22403  539
  258                       0.769778         2.22416  541
  259                       0.769939         2.22418  543
  260                       0.770027         2.22415  545
  261                       0.770489         2.22405  547
  262                       0.770761         2.22407  549
  263                       0.770778         2.22408  551
  264                       0.771014         2.22414  553
  265                         0.7713         2.22413  555
  266                       0.771641         2.22411  557
  267                       0.771844         2.22409  561
  268                        0.77209         2.22404  563
  269                       0.772256         2.22399  565
  270                       0.772483         2.22395  567
  271                       0.772493         2.22397  569
  272                       0.772507         2.22404  571
  273                       0.772578         2.22411  573
  274                       0.772792         2.22427  575
  275                       0.772882          2.2243  577
  276                       0.773034         2.22435  579
  277                       0.773253         2.22443  581
  278                       0.773641         2.22457  583
  279                        0.77372          2.2246  585
  280                       0.773825         2.22465  587
  281                       0.773977         2.22471  589
  282                       0.774281         2.22485  591
  283                       0.774473         2.22494  593
  284                       0.774768         2.22507  595
  285                       0.775022         2.22519  597
  286                       0.775128         2.22522  599
  287                        0.77527         2.22526  601
  288                       0.775423         2.22527  603
  289                       0.775698         2.22528  605
  290                       0.775929         2.22524  607
  291                       0.776074         2.22519  609
  292                       0.776222         2.22512  611
  293                       0.776389         2.22506  613
  294                       0.776484         2.22504  615
  295                        0.77676         2.22503  617
  296                       0.776943         2.22505  619
  297                       0.777002         2.22506  621
  298                       0.777238         2.22509  623
  299                       0.777377         2.22507  625
  300                       0.777643         2.22497  627
  301                       0.777778         2.22489  631
  302                        0.77796         2.22474  633
  303                       0.778138         2.22467  635
  304                       0.778143         2.22467  637
  305                       0.778137         2.22472  639
  306                       0.778175         2.22479  641
  307                       0.778206          2.2248  645
  308                       0.778243          2.2248  649
  309                        0.77827         2.22479  657
  310                       0.778306         2.22476  661
  311                        0.77834         2.22473  665
  312                       0.778376         2.22469  669
  313                       0.778403         2.22466  673
  314                       0.778417         2.22464  683
