    0                       0.796143          35.015  1
    1                       0.787492         30.6508  7
    2                        0.76895         16.1663  9
    3                       0.751371         13.7297  11
    4                       0.748932         13.5885  13
    5                       0.744983         13.0235  15
    6                       0.720885           9.798  17
    7                       0.702975          7.9373  19
    8                       0.682582         6.62335  23
    9                       0.670331         6.14087  25
   10                       0.670726         5.93391  27
   11                       0.647861          5.6449  29
   12                       0.639482         5.58983  31
   13                       0.628804         5.46932  33
   14                       0.590267         5.05241  35
   15                       0.547222         4.59513  37
   16                       0.532149         4.60325  39
   17                       0.530364         4.44797  41
   18                       0.523754         4.22166  43
   19                       0.510577         3.94653  45
   20                       0.501084         3.77243  49
   21                       0.494945         3.66638  51
   22                       0.492219         3.45831  53
   23                        0.49274          3.2921  55
   24                       0.495702         3.19816  57
   25                        0.49938          2.9907  59
   26                       0.507848          2.8689  61
   27                       0.512547         2.84276  63
   28                       0.515789         2.78327  65
   29                        0.53131         2.66226  67
   30                       0.549627         2.56733  69
   31                       0.551254         2.54655  71
   32                       0.554948          2.4877  73
   33                        0.56549         2.44227  75
   34                       0.576791         2.40342  77
   35                       0.604452         2.44779  79
   36                       0.598281         2.40918  81
   37                       0.596647         2.39317  83
   38                       0.599631         2.39121  85
   39                       0.609433          2.4088  87
   40                       0.613724         2.39964  89
   41                       0.620482         2.37415  91
   42                       0.627787         2.35972  93
   43                       0.637182         2.33909  95
   44                       0.644598         2.34967  97
   45                       0.643087         2.34299  99
   46                        0.64072         2.34206  101
   47                       0.642151         2.36998  103
   48                       0.641917         2.35287  105
   49                       0.643605         2.33878  107
   50                       0.645784          2.3385  109
   51                       0.646922         2.34344  111
   52                       0.647614         2.38124  113
   53                       0.645866         2.36288  115
   54                       0.644577         2.35745  117
   55                       0.641447         2.35637  119
   56                       0.637438         2.36344  121
   57                       0.636673         2.36325  123
   58                       0.636041         2.36193  125
   59                       0.634887         2.36155  127
   60                       0.632546         2.36122  129
   61                       0.629823         2.36208  133
   62                       0.626361         2.36396  135
   63                       0.623246         2.36249  137
   64                       0.618227         2.36218  139
   65                        0.61749          2.3587  141
   66                       0.617061          2.3551  143
   67                        0.61527         2.35027  145
   68                        0.61071         2.34349  147
   69                       0.604141         2.33927  149
   70                       0.604333         2.33746  151
   71                       0.603093         2.33599  153
   72                       0.600108         2.33415  155
   73                       0.592116         2.33061  157
   74                       0.590745         2.32814  159
   75                       0.589168         2.32499  161
   76                       0.586142         2.32131  163
   77                       0.580623         2.31652  165
   78                        0.57714          2.3144  167
   79                       0.575202         2.31338  169
   80                       0.572536         2.31265  171
   81                       0.567785         2.31133  173
   82                       0.563907         2.31097  175
   83                        0.56201          2.3098  177
   84                       0.558918         2.30908  179
   85                       0.556168         2.31034  181
   86                        0.55602         2.30891  183
   87                       0.553945         2.30917  185
   88                       0.552678         2.31015  187
   89                       0.548023         2.31817  189
   90                       0.547542         2.31691  191
   91                       0.547269         2.31602  193
   92                       0.546258         2.31806  195
   93                       0.545767         2.31883  199
   94                         0.5448         2.32137  201
   95                       0.543972         2.32038  203
   96                       0.543349         2.32257  205
   97                       0.543754         2.31842  207
   98                       0.544034         2.31667  209
   99                       0.544795         2.31297  211
  100                       0.545669         2.30885  213
  101                       0.547018         2.30378  215
  102                       0.547048         2.30188  217
  103                       0.547211         2.30078  219
  104                       0.547616         2.30031  221
  105                       0.549046         2.30072  223
  106                       0.549738         2.29691  225
  107                       0.550725         2.29215  227
  108                       0.551827         2.28805  229
  109                       0.552869         2.28428  233
  110                       0.554897         2.27877  235
  111                       0.556125         2.27388  237
  112                       0.559295         2.26516  239
  113                       0.559661         2.26233  241
  114                       0.559593         2.26138  243
  115                       0.560106         2.25977  245
  116                       0.561216         2.25755  247
  117                       0.561604         2.25545  249
  118                        0.56272         2.25173  251
  119                       0.563876         2.24939  253
  120                       0.566487         2.24594  255
  121                       0.567334         2.24341  257
  122                       0.567758         2.24202  259
  123                       0.568647         2.24087  261
  124                       0.570216         2.23803  263
  125                       0.570604         2.23684  265
  126                       0.571172         2.23464  267
  127                       0.572079         2.23225  269
  128                        0.57353         2.22874  271
  129                       0.574627         2.22664  275
  130                       0.577065         2.22346  277
  131                       0.577472         2.22082  279
  132                       0.577845         2.21973  281
  133                       0.578933         2.21992  283
  134                       0.579273         2.22049  285
  135                       0.579669         2.21987  287
  136                       0.580866         2.22056  289
  137                       0.581158         2.22123  291
  138                        0.58107         2.22068  293
  139                       0.581182         2.22109  295
  140                       0.581588         2.22264  297
  141                       0.581874         2.22337  299
  142                       0.582445         2.22401  301
  143                       0.582787         2.22407  303
  144                       0.583041         2.22412  307
  145                       0.583545         2.22468  309
  146                       0.583661         2.22464  311
  147                       0.583775         2.22505  313
  148                       0.583672         2.22481  315
  149                       0.583632         2.22488  317
  150                       0.583691         2.22459  319
  151                       0.583864         2.22528  321
  152                       0.584042         2.22471  323
  153                       0.584132         2.22444  325
  154                       0.584285         2.22456  327
  155                       0.584534         2.22555  329
  156                       0.584581          2.2254  331
  157                        0.58465         2.22541  333
  158                       0.584746         2.22544  335
  159                       0.584833         2.22515  339
  160                       0.585038         2.22438  341
  161                       0.585239         2.22318  343
  162                       0.585445         2.22233  345
  163                       0.585663         2.22162  347
  164                       0.586039         2.22079  349
  165                       0.586669         2.21965  351
  166                       0.586875         2.21946  353
  167                       0.587067         2.21933  355
  168                       0.587318         2.21903  357
  169                       0.588181         2.21761  359
  170                       0.588245         2.21727  361
  171                         0.5884         2.21669  363
  172                       0.588763         2.21592  365
  173                       0.589477         2.21509  367
  174                       0.589972         2.21481  369
  175                       0.590364         2.21489  371
  176                       0.590804         2.21503  373
  177                       0.591755         2.21498  375
  178                       0.592053         2.21469  377
  179                       0.592391         2.21404  379
  180                        0.59281         2.21336  381
  181                       0.593787         2.21217  383
  182                        0.59379         2.21218  385
  183                       0.593916          2.2122  387
  184                       0.594243         2.21227  389
  185                       0.594955         2.21266  391
  186                       0.595552         2.21298  393
  187                       0.595931         2.21317  395
  188                        0.59641         2.21334  397
  189                       0.596986         2.21342  399
  190                       0.597005         2.21324  401
  191                       0.597173         2.21295  403
  192                       0.597418          2.2128  405
  193                       0.598185         2.21258  407
  194                       0.598535         2.21256  409
  195                       0.598737         2.21263  411
  196                       0.598994         2.21273  413
  197                       0.599336         2.21278  415
  198                       0.599491         2.21268  417
  199                        0.59979         2.21247  419
  200                       0.599986         2.21236  421
  201                       0.600091         2.21226  423
  202                       0.600453         2.21223  425
  203                       0.600699          2.2123  427
  204                       0.600706         2.21236  429
  205                       0.600855         2.21259  431
  206                       0.600985         2.21275  433
  207                       0.601332         2.21328  435
  208                        0.60141         2.21346  437
  209                       0.601387          2.2135  439
  210                       0.601377         2.21372  441
  211                       0.601398         2.21401  443
  212                       0.601425         2.21396  445
  213                       0.601486         2.21394  447
  214                       0.601534         2.21394  449
  215                       0.601599         2.21397  451
  216                       0.601601         2.21394  453
  217                       0.601592          2.2139  455
  218                       0.601587         2.21391  457
  219                       0.601574         2.21396  459
  220                       0.601569         2.21396  461
  221                       0.601564         2.21394  463
  222                       0.601561         2.21388  465
  223                       0.601559         2.21378  467
  224                       0.601562          2.2137  469
  225                       0.601569         2.21358  471
  226                       0.601575         2.21355  473
  227                       0.601592         2.21359  475
  228                       0.601619         2.21371  477
  229                       0.601633         2.21381  479
  230                       0.601651         2.21384  481
  231                       0.601688          2.2138  483
  232                       0.601728         2.21367  485
  233                       0.601749         2.21356  487
  234                       0.601794         2.21339  489
  235                       0.601828          2.2134  491
  236                       0.601854         2.21349  493
  237                       0.601959         2.21395  495
  238                        0.60201         2.21406  497
  239                       0.602014         2.21403  499
  240                       0.602075         2.21404  501
  241                       0.602153         2.21412  503
  242                       0.602252         2.21418  505
  243                       0.602368         2.21426  507
  244                       0.602393          2.2143  509
  245                        0.60241         2.21438  511
  246                       0.602448         2.21453  513
  247                       0.602512         2.21478  515
  248                       0.602529         2.21476  517
  249                       0.602552         2.21472  519
  250                       0.602584         2.21466  521
  251                       0.602652         2.21452  523
  252                       0.602692         2.21443  525
  253                       0.602753         2.21434  527
  254                       0.602812         2.21435  529
  255                       0.602867         2.21445  531
  256                       0.602934         2.21464  533
  257                       0.602977          2.2148  535
  258                       0.603017         2.21489  537
  259                       0.603088         2.21496  539
  260                       0.603184         2.21491  541
  261                       0.603224         2.21481  543
  262                       0.603254         2.21471  545
  263                       0.603305         2.21465  547
  264                       0.603401         2.21456  549
  265                       0.603523         2.21449  551
  266                       0.603592         2.21445  553
  267                       0.603625          2.2144  555
  268                       0.603666         2.21431  557
  269                       0.603739         2.21413  559
  270                       0.603831         2.21389  561
  271                       0.603945         2.21364  563
  272                       0.603991         2.21358  565
  273                       0.604021         2.21357  567
  274                       0.604097         2.21355  569
  275                       0.604131         2.21353  573
  276                       0.604234         2.21344  575
  277                       0.604262         2.21342  579
  278                       0.604366         2.21329  581
  279                       0.604389         2.21327  585
  280                       0.604437         2.21321  587
  281                         0.6045         2.21319  589
  282                       0.604537         2.21322  591
  283                       0.604543         2.21326  593
  284                       0.604563         2.21335  595
  285                       0.604579         2.21334  597
  286                        0.60459         2.21332  599
  287                       0.604631         2.21328  601
  288                       0.604669         2.21328  603
  289                        0.60467         2.21329  605
  290                       0.604688         2.21331  607
  291                       0.604711         2.21334  609
  292                       0.604757         2.21339  611
  293                       0.604787         2.21344  613
  294                       0.604806         2.21348  615
  295                       0.604822         2.21352  617
  296                       0.604838         2.21357  619
  297                       0.604832         2.21355  621
  298                        0.60483         2.21353  623
  299                       0.604831         2.21351  625
  300                       0.604833         2.21345  627
  301                       0.604834         2.21344  629
  302                       0.604834         2.21343  631
  303                       0.604834          2.2134  633
  304                       0.604832         2.21336  635
  305                        0.60483         2.21336  637
  306                       0.604826         2.21337  639
  307                       0.604823         2.21338  641
  308                       0.604816         2.21343  643
  309                       0.604815         2.21345  645
  310                       0.604813         2.21349  647
  311                        0.60481         2.21354  649
  312                       0.604804          2.2136  651
  313                       0.604804         2.21359  653
  314                       0.604805         2.21357  655
  315                       0.604805         2.21357  657
  316                       0.604808         2.21354  659
  317                        0.60481         2.21352  661
  318                       0.604815         2.21349  663
  319                       0.604822         2.21346  665
  320                       0.604832         2.21342  667
  321                       0.604835         2.21342  669
  322                       0.604838         2.21342  671
  323                       0.604844         2.21342  673
  324                       0.604853          2.2134  675
  325                       0.604872         2.21338  677
  326                       0.604879         2.21337  679
  327                       0.604882         2.21337  681
  328                       0.604888         2.21338  683
  329                       0.604898         2.21338  687
  330                       0.604906         2.21338  689
  331                       0.604925         2.21339  691
  332                       0.604934         2.21338  693
  333                       0.604937         2.21337  695
  334                       0.604953         2.21332  697
  335                       0.604961         2.21331  701
  336                       0.604984         2.21326  703
  337                       0.605006          2.2132  705
  338                       0.605031         2.21315  707
  339                       0.605034         2.21315  709
  340                       0.605036         2.21317  711
  341                       0.605042         2.21319  713
  342                       0.605049         2.21323  715
  343                        0.60505         2.21326  717
  344                       0.605049          2.2133  719
  345                       0.605049         2.21332  721
  346                       0.605049         2.21332  723
  347                       0.605049          2.2133  725
  348                        0.60505         2.21328  727
  349                        0.60505         2.21326  729
  350                       0.605052         2.21321  731
  351                       0.605052          2.2132  733
  352                       0.605052          2.2132  735
  353                       0.605054          2.2132  737
  354                       0.605055          2.2132  739
  355                       0.605057          2.2132  741
  356                       0.605061         2.21321  743
  357                       0.605063         2.21322  745
  358                       0.605065         2.21323  747
  359                       0.605067         2.21324  749
  360                       0.605069         2.21325  751
  361                       0.605073         2.21326  753
  362                       0.605077         2.21327  755
  363                        0.60508         2.21327  757
  364                       0.605084         2.21326  759
  365                       0.605092         2.21323  761
  366                       0.605098         2.21321  763
  367                       0.605104          2.2132  765
  368                        0.60511          2.2132  767
  369                       0.605116          2.2132  769
  370                        0.60512         2.21321  771
  371                        0.60513         2.21324  773
  372                        0.60514         2.21325  775
  373                       0.605141         2.21324  777
  374                       0.605153         2.21322  779
  375                       0.605156         2.21321  783
