    0          876349         2698.27          654711         220.289               0               0  1
    1          531207         2639.95          501679         23.1135        0.745979         254.009  7
    2          230873          2517.1          139561         28.5269         2.23409         3074.13  9
    3          154832         2403.32          100661         27.3354        0.199711         1281.51  11
    4          132182         2387.75         98601.4         26.8908        0.548289         274.269  13
    5          123686         2362.63         90572.9         26.7114        0.575113         260.464  15
    6         92827.7         2212.25         51264.5          26.118        0.679867         716.276  17
    7         74408.7          2103.7         33642.4         25.2153        0.612812         724.349  19
    8         64170.6         1983.41         23425.9         24.1209         1.12442          780.48  23
    9         55267.8         1912.85         20137.3         23.3373        0.908606         540.931  25
   10         53104.3         1915.11         18802.8         23.2135        0.901602         505.621  27
   11         48999.7         1786.77         17015.9         21.9244         1.32245         456.977  29
   12         46836.2         1740.85         16685.5         21.4336          1.2606         391.073  31
   13         44993.6         1683.19         15973.8         20.9303         1.42633          360.97  33
   14           39791         1483.21         13631.3         19.2357         2.21131         306.906  35
   15         37222.5         1274.76         11275.5         17.4332         3.79679         390.022  37
   16         33143.5         1205.51         11315.4         16.6501         4.27714         224.486  39
   17         31994.6         1197.43         10564.9         16.5433         4.38651         210.002  41
   18         30527.8         1167.77         9517.17         16.1868         4.78499         207.208  43
   19         28281.6         1109.75          8317.1         15.3821         5.82506         195.552  45
   20         26827.7         1068.87         7599.47         14.5565         6.91851         199.943  49
   21         24888.7         1042.84          7178.2         13.7973          8.0858         161.504  51
   22         23031.4         1031.38         6386.59         13.0403         9.36526         145.073  53
   23           21817         1033.57         5787.46         12.3264         10.7691         148.548  55
   24         20516.2         1046.03         5461.89         11.7718         12.0286         125.946  57
   25         19320.9         1061.61         4776.26         11.3702         13.0891          119.09  59
   26         18627.6         1097.92         4395.15         10.7622         14.9995         131.063  61
   27         17913.5         1118.33         4315.41         10.4902         15.9006         111.534  63
   28         17565.8         1132.53         4136.67         10.3152         16.5112         110.873  65
   29         16790.4         1201.71          3784.8         9.65218         19.1565         118.471  67
   30         16662.1            1286         3519.69         9.01628         22.2431         151.912  69
   31         16078.1         1293.62         3462.95         8.95127          22.364         128.492  71
   32         15773.4         1311.02         3304.73         8.81516         22.9812         126.919  73
   33         15503.3          1361.3         3185.14         8.48444         24.7041         132.949  75
   34         15143.5         1416.25          3084.6         8.10226         26.7388         135.687  77
   35         14974.6         1555.35         3199.56         7.31421         31.7364         152.421  79
   36         14609.4         1523.75         3099.42         7.41199          30.771         136.033  81
   37         14502.5         1515.44         3058.36         7.41596         30.6508         132.871  83
   38         14310.9         1530.64         3053.34         7.24739          31.599         130.645  85
   39         14179.3         1581.09         3098.44         6.83888         34.3141         138.259  87
   40           13938         1603.43         3074.92           6.693         35.3071         133.112  89
   41         13773.7         1638.93         3009.94         6.47965         36.9342         136.295  91
   42         13645.7         1677.75         2973.45         6.23664         38.8898         140.949  93
   43         13494.7         1728.35         2921.71          5.8772         41.9927          149.59  95
   44         13360.7         1768.81          2948.2         5.59935         44.4878         151.949  97
   45         13298.9         1760.53         2931.46         5.59889         44.3749         150.041  99
   46         13175.3         1747.59         2929.12         5.52864         44.7585         147.429  101
   47         13128.2         1755.41         2999.36         5.26555         47.2107         152.068  103
   48         12978.4         1754.13         2956.23         5.23645          47.319         148.114  105
   49         12889.4         1763.37         2920.93         5.12154          48.471         149.792  107
   50         12816.6         1775.33         2920.23         4.95595         50.2346         152.404  109
   51         12700.8         1781.59         2932.57         4.73256         52.6838          154.56  111
   52           12683          1785.4         3027.95         4.41063         56.7942         160.793  113
   53         12566.5         1775.77         2981.43         4.48736         55.4014         155.089  115
   54           12537          1768.7         2967.75         4.50629         55.0459         153.883  117
   55         12479.9         1751.56         2965.03         4.48834         55.0139         152.522  119
   56         12455.2         1729.74         2982.83         4.39294         55.9765         154.753  121
   57         12403.7         1725.58         2982.36         4.36978         56.2027         153.234  123
   58         12383.5         1722.16         2979.03         4.33399         56.6469         153.821  125
   59         12364.4         1715.92         2978.08         4.28813         57.2202         154.794  127
   60         12332.6         1703.29         2977.24         4.23082          57.901         155.743  129
   61         12310.1         1688.65          2979.4         4.18086         58.5387         156.739  133
   62         12273.9         1670.14         2984.15         4.13482         59.0077         156.987  135
   63         12245.4         1653.57         2980.45         4.11423         59.1612         157.034  137
   64         12224.8         1627.05         2979.67         4.10059         59.1633         157.387  139
   65         12201.7         1623.17         2970.88         4.10739         58.9954         156.599  141
   66         12189.9         1620.91         2961.82         4.11931         58.7786          156.14  143
   67           12172         1611.52          2949.7         4.13291         58.4824         155.699  145
   68         12146.5         1587.72         2932.71         4.15057         58.0319         155.435  147
   69         12130.7         1553.75         2922.15         4.16858         57.5017         155.651  149
   70         12113.5         1554.73         2917.63         4.15864         57.5904         155.404  151
   71         12102.7         1548.36         2913.96         4.15202         57.6024         155.527  153
   72         12089.1         1533.07         2909.37         4.14874         57.4736         155.749  155
   73         12081.5         1492.51         2900.56         4.15015         57.1428         157.086  157
   74         12055.3         1485.61          2894.4         4.15012          56.926         156.473  159
   75         12045.6         1477.69         2886.58         4.15459         56.7638         156.513  161
   76         12034.6         1462.54         2877.45         4.16069         56.5038         156.755  163
   77         12023.2         1435.13         2865.58         4.16735         56.1512         157.482  165
   78         12005.6         1417.97         2860.35         4.16925         55.8229         157.526  167
   79         11995.2         1408.46         2857.83         4.16689         55.6833         157.627  169
   80         11983.9         1395.44         2856.02         4.16364         55.5096         157.815  171
   81         11968.9         1372.37         2852.77         4.15804         55.2427         158.353  173
   82         11947.3         1353.69         2851.88         4.14805         54.9446         158.582  175
   83         11928.4          1344.6         2848.98         4.13905         54.7919         158.612  177
   84         11908.3         1329.84         2847.21         4.12597         54.5839         158.926  179
   85         11894.7         1316.79          2850.3          4.1102           54.44         159.351  181
   86         11876.7         1316.09         2846.78         4.10354         54.3793         159.037  183
   87         11855.3         1306.28         2847.42         4.08748         54.2464         159.115  185
   88         11839.3         1300.31         2849.85         4.07293         54.1573         159.163  187
   89         11835.6          1278.5         2869.68         4.03378         54.4292         160.214  189
   90         11790.4         1276.26         2866.55         4.00768         53.9916         159.912  191
   91         11777.9         1274.99         2864.35         3.99891         54.0026         159.855  193
   92         11760.1         1270.28         2869.41         3.97525         53.9959         160.017  195
   93         11744.9            1268          2871.3         3.95484         54.0588         160.179  199
   94         11725.5         1263.51          2877.6         3.92647         54.0549         160.431  201
   95         11694.1         1259.67         2875.15         3.88858         54.1697         160.859  203
   96         11684.7         1256.79         2880.57         3.84054         54.5439         162.214  205
   97         11649.3         1258.66         2870.28         3.83463         54.3014         161.451  207
   98         11640.5         1259.96         2865.94         3.83278         54.2454         161.343  209
   99         11623.9         1263.48          2856.8         3.83131         54.1097         161.094  211
  100         11602.3         1267.54         2846.65         3.80457         54.1206         161.746  213
  101         11580.8         1273.82         2834.15         3.77115         54.1612         162.767  215
  102         11559.9         1273.95         2829.48         3.75448         54.1528         162.793  217
  103         11546.7         1274.72         2826.78         3.73847         54.2462         162.957  219
  104         11533.8          1276.6         2825.63         3.72338         54.2931         163.032  221
  105         11520.7         1283.28         2826.64         3.69715         54.3232         163.438  223
  106         11497.1         1286.52         2817.26         3.68615         54.2324         163.288  225
  107         11483.4         1291.14         2805.61         3.68124         54.1226         163.427  227
  108           11471         1296.31         2795.58         3.67367         54.0372         163.642  229
  109           11463         1301.21         2786.37         3.66779         54.0145         163.899  233
  110         11445.1         1310.77         2772.95         3.65027         53.9207         164.403  235
  111           11426         1316.58         2761.05         3.63849         53.8307         164.575  237
  112         11410.5         1331.63         2739.94         3.62351         53.6608           165.4  239
  113         11384.5         1333.38         2733.08           3.613         53.5129         165.075  241
  114         11375.6         1333.05         2730.79         3.61475          53.379         164.799  243
  115         11362.3          1335.5          2726.9         3.61577         53.0711         164.523  245
  116         11356.7          1340.8         2721.56         3.61425         52.7967         164.729  247
  117         11344.3         1342.65          2716.5         3.61125         52.6875         164.575  249
  118         11333.9            1348         2707.53          3.6069         52.5507         164.724  251
  119         11325.9         1353.54         2701.91         3.60229         52.3548         164.889  253
  120         11322.1          1366.1         2693.62         3.59729         51.9844         165.424  255
  121         11302.2         1370.19         2687.56         3.58924         51.7322         165.284  257
  122         11293.8         1372.24         2684.23          3.5881         51.5721         165.194  259
  123         11284.9         1376.54         2681.47         3.58755          51.269          165.11  261
  124         11284.8         1384.15         2674.68         3.58895          51.043         165.412  263
  125         11265.5         1386.03         2671.85         3.58499         50.6539         165.129  265
  126         11258.1         1388.79         2666.58         3.58463         50.4592         165.163  267
  127         11250.6         1393.21         2660.89         3.58453         50.1825         165.247  269
  128           11239         1400.28         2652.54         3.58476         49.7468         165.329  271
  129         11233.1         1405.65         2647.53         3.58617         49.3864         165.444  275
  130         11224.8          1417.6         2639.97         3.58487         48.7117         165.844  277
  131         11209.6          1419.6         2633.72         3.57801         48.5764         165.826  279
  132           11198         1421.43         2631.12         3.57772         48.2815         165.638  281
  133         11190.9         1426.79         2631.57         3.57885         47.7679         165.585  283
  134         11181.7         1428.47         2632.94         3.57696         47.4503         165.427  285
  135         11174.8         1430.42         2631.45         3.57633         47.2495          165.34  287
  136         11170.9         1436.33         2633.09         3.57781         46.7645         165.326  289
  137         11160.5         1437.78         2634.69           3.574         46.4967         165.149  291
  138         11157.6         1437.35         2633.38         3.57382         46.5085         165.077  293
  139         11149.7          1437.9         2634.36         3.57337         46.3171         164.832  295
  140         11147.2         1439.91         2638.03         3.57299         46.0299         164.782  297
  141         11141.7         1441.32         2639.77         3.57192         45.8175         164.649  299
  142         11137.6         1444.15         2641.29         3.57163         45.4864         164.643  301
  143           11134         1445.85         2641.42         3.57013         45.2888         164.689  303
  144         11131.6         1447.11         2641.55         3.56951         45.1397         164.709  307
  145         11127.9         1449.61         2642.87         3.56814         44.8108         164.791  309
  146         11122.4         1450.19         2642.78         3.56558         44.7064         164.741  311
  147         11116.7         1450.76         2643.76         3.56361         44.5561         164.642  313
  148         11113.5         1450.25         2643.19          3.5626          44.583         164.545  315
  149           11110         1450.05         2643.35          3.5614         44.5595          164.45  317
  150         11106.1         1450.34         2642.66         3.56013         44.5034         164.406  319
  151         11105.5          1451.2         2644.29         3.55808         44.4033         164.472  321
  152         11099.6         1452.08         2642.94         3.55645         44.2584         164.453  323
  153         11098.3         1452.53         2642.31         3.55606         44.2122          164.47  325
  154         11096.9         1453.29         2642.58         3.55492         44.1282         164.509  327
  155         11096.9         1454.53         2644.94         3.55222         44.0066         164.616  329
  156           11093         1454.77         2644.59         3.55013         43.9727         164.571  331
  157         11090.9         1455.11         2644.61         3.54796         43.9438         164.596  333
  158         11089.1         1455.59         2644.69         3.54505         43.9098          164.67  335
  159         11087.7         1456.02            2644          3.5426         43.9009         164.754  339
  160         11085.7         1457.04         2642.15         3.53807         43.8653         164.983  341
  161         11083.2         1458.04          2639.3         3.53445         43.8822         165.139  343
  162         11080.8         1459.07          2637.3         3.53254         43.8508          165.22  345
  163           11079         1460.16         2635.61         3.53107         43.8389         165.275  347
  164         11077.2         1462.03         2633.65         3.52865          43.838         165.354  349
  165         11075.5         1465.18         2630.94         3.52409          43.893         165.502  351
  166         11073.6         1466.21         2630.48         3.52271         43.8647         165.499  353
  167         11072.5         1467.17         2630.17         3.52139         43.8702         165.499  355
  168         11071.7         1468.42         2629.46          3.5197         43.8802         165.535  357
  169         11071.4         1472.74         2626.09         3.51457         43.9478         165.772  359
  170         11069.6         1473.06         2625.29         3.51403         43.9208         165.765  361
  171         11068.9         1473.84         2623.93         3.51316         43.9278         165.819  363
  172         11068.3         1475.65         2622.11          3.5111         43.9452          165.92  365
  173         11067.7         1479.24         2620.13         3.50662         44.0054         166.061  367
  174         11066.7         1481.72         2619.47         3.50368          44.005         166.129  369
  175           11066         1483.69         2619.67         3.50113         44.0202         166.147  371
  176         11065.4         1485.91         2619.98         3.49826         44.0418         166.169  373
  177         11064.9         1490.69         2619.88         3.49229         44.1052         166.264  375
  178         11063.9         1492.19         2619.18         3.49044         44.1034         166.303  377
  179         11063.1          1493.9         2617.66         3.48856         44.1204         166.376  379
  180         11062.5         1496.01         2616.04         3.48629         44.1413         166.469  381
  181         11062.3         1500.94         2613.22         3.48102         44.2064         166.672  383
  182         11061.4         1500.96         2613.26         3.48085         44.1933         166.646  385
  183           11061          1501.6         2613.31         3.48007         44.1987         166.643  387
  184         11060.6         1503.25         2613.47         3.47808         44.2151         166.657  389
  185         11060.1         1506.85         2614.38         3.47357         44.2642          166.67  391
  186         11059.3         1509.88         2615.14         3.46975          44.284          166.69  393
  187         11058.7         1511.81          2615.6         3.46719         44.3033         166.698  395
  188         11058.2         1514.24         2615.99         3.46405         44.3296         166.723  397
  189         11057.8         1517.16         2616.18          3.4603          44.363         166.774  399
  190         11057.3         1517.26         2615.76         3.46018         44.3562         166.783  401
  191         11056.9         1518.11         2615.07         3.45924         44.3609         166.815  403
  192         11056.5         1519.36         2614.72         3.45781         44.3691         166.845  405
  193         11055.9         1523.26         2614.21         3.45334         44.4109         166.923  407
  194         11055.1         1525.05         2614.15          3.4512         44.4207          166.94  409
  195         11054.6         1526.08         2614.31         3.45003         44.4298         166.933  411
  196         11054.3         1527.38         2614.56         3.44866         44.4411         166.926  413
  197         11053.9         1529.13         2614.67         3.44694         44.4548          166.93  415
  198         11053.5         1529.92         2614.45         3.44625         44.4591         166.933  417
  199         11053.1         1531.45         2613.95           3.445         44.4686         166.952  419
  200         11052.8         1532.45         2613.67         3.44414          44.473         166.965  421
  201         11052.5         1532.99         2613.46         3.44368         44.4749         166.969  423
  202         11052.1         1534.84         2613.37          3.4421         44.4852         166.976  425
  203         11051.9         1536.09         2613.53         3.44102         44.4952         166.968  427
  204         11051.6         1536.13         2613.68         3.44096         44.4926         166.953  429
  205         11051.4         1536.89         2614.22         3.44037         44.4965          166.92  431
  206         11051.2         1537.56         2614.61         3.43989         44.5003         166.896  433
  207         11051.1         1539.33         2615.86         3.43882         44.5168         166.819  435
  208         11050.7         1539.73         2616.28         3.43869         44.5125         166.782  437
  209         11050.5         1539.61         2616.39         3.43896         44.5091         166.759  439
  210         11050.2         1539.56          2616.9         3.43959         44.5044         166.691  441
  211           11050         1539.67         2617.59         3.44037         44.5085         166.603  443
  212         11049.7         1539.81         2617.46         3.44038         44.5029         166.593  445
  213         11049.4         1540.12         2617.41          3.4405         44.5065         166.567  447
  214         11049.3         1540.37         2617.43         3.44077         44.5096         166.536  449
  215         11049.2          1540.7         2617.48         3.44149         44.5208         166.475  451
  216           11049         1540.71         2617.41         3.44162         44.5167         166.464  453
  217         11048.9         1540.66         2617.33         3.44192         44.5163         166.448  455
  218         11048.8         1540.64         2617.34         3.44236         44.5171         166.419  457
  219         11048.7         1540.57         2617.47         3.44321         44.5234         166.362  459
  220         11048.5         1540.55         2617.47         3.44353         44.5225         166.336  461
  221         11048.3         1540.52         2617.41         3.44391         44.5272         166.307  463
  222         11048.2          1540.5         2617.28          3.4444         44.5325         166.279  465
  223         11048.1         1540.49         2617.03         3.44506         44.5398         166.249  467
  224           11048         1540.51         2616.85          3.4452         44.5395         166.245  469
  225         11047.9         1540.54         2616.56         3.44557         44.5416         166.233  471
  226         11047.8         1540.58         2616.48         3.44592         44.5451         166.212  473
  227         11047.8         1540.66          2616.6         3.44634         44.5505         166.174  475
  228         11047.7          1540.8         2616.88         3.44665         44.5596         166.131  477
  229         11047.6         1540.88         2617.12         3.44665         44.5615          166.11  479
  230         11047.5         1540.97         2617.19         3.44653         44.5622         166.105  481
  231         11047.5         1541.16          2617.1         3.44648          44.567         166.101  483
  232         11047.4         1541.36         2616.79         3.44645         44.5709         166.106  485
  233         11047.4         1541.47         2616.51         3.44647         44.5719         166.111  487
  234         11047.3          1541.7         2616.12          3.4465         44.5768         166.117  489
  235         11047.3         1541.87         2616.15          3.4464         44.5792         166.112  491
  236         11047.3            1542         2616.36         3.44626         44.5806         166.102  493
  237         11047.2         1542.54         2617.43         3.44557         44.5887         166.059  495
  238         11047.2          1542.8         2617.69         3.44525         44.5925          166.05  497
  239         11047.1         1542.83         2617.62         3.44522         44.5907         166.053  499
  240           11047         1543.14         2617.66         3.44486         44.5914         166.056  501
  241           11047         1543.54         2617.84         3.44441         44.5958         166.055  503
  242           11047         1544.04         2617.98         3.44381         44.6019         166.057  505
  243           11047         1544.64         2618.18         3.44301         44.6105         166.063  507
  244         11046.8         1544.77         2618.26         3.44281         44.6063         166.063  509
  245         11046.7         1544.86         2618.45         3.44261         44.6016         166.061  511
  246         11046.6         1545.05         2618.82         3.44223         44.5974         166.056  513
  247         11046.6         1545.38         2619.41         3.44156         44.5953         166.052  515
  248         11046.5         1545.47         2619.35         3.44146         44.5934         166.055  517
  249         11046.5         1545.59         2619.25         3.44132         44.5935         166.062  519
  250         11046.5         1545.75         2619.11         3.44114          44.593         166.074  521
  251         11046.4          1546.1         2618.79         3.44076          44.592         166.101  523
  252         11046.4          1546.3         2618.58         3.44057           44.59         166.115  525
  253         11046.4         1546.62         2618.36         3.44026         44.5881         166.134  527
  254         11046.3         1546.92         2618.39         3.43994         44.5863         166.141  529
  255         11046.3          1547.2         2618.62         3.43962         44.5844         166.139  531
  256         11046.3         1547.54         2619.08         3.43921         44.5828         166.128  533
  257         11046.3         1547.76         2619.45         3.43897         44.5809         166.117  535
  258         11046.2         1547.97         2619.66          3.4388         44.5785         166.111  537
  259         11046.2         1548.34         2619.82         3.43856         44.5741         166.109  539
  260         11046.2         1548.83          2619.7         3.43828           44.57         166.119  541
  261         11046.1         1549.03         2619.47          3.4382         44.5672         166.131  543
  262         11046.1         1549.19         2619.24         3.43813         44.5655         166.143  545
  263         11046.1         1549.45         2619.09         3.43797         44.5629         166.154  547
  264         11046.1         1549.94          2618.9         3.43767         44.5582          166.17  549
  265         11046.1         1550.57         2618.73         3.43728         44.5526         166.188  551
  266         11046.1         1550.92         2618.61         3.43708         44.5487         166.197  553
  267         11046.1         1551.09         2618.51         3.43702         44.5464         166.203  555
  268           11046          1551.3         2618.29         3.43697         44.5431         166.213  557
  269           11046         1551.68         2617.87         3.43687          44.538         166.234  559
  270           11046         1552.15         2617.31         3.43675         44.5319         166.261  561
  271           11046         1552.74          2616.7         3.43658         44.5251         166.292  563
  272           11046         1552.98         2616.55         3.43651         44.5213         166.299  565
  273         11045.9         1553.13         2616.55         3.43646         44.5187         166.299  567
  274         11045.9         1553.52          2616.5         3.43637         44.5126         166.302  569
  275         11045.9         1553.69         2616.44         3.43634         44.5097         166.305  573
  276         11045.9         1554.23         2616.25         3.43625          44.502         166.313  575
  277         11045.9         1554.37         2616.18         3.43623         44.4998         166.316  579
  278         11045.9          1554.9         2615.88         3.43617         44.4916         166.328  581
  279         11045.9         1555.02         2615.82         3.43615         44.4895          166.33  585
  280         11045.9         1555.27          2615.7         3.43611         44.4845         166.336  587
  281         11045.8         1555.59         2615.64         3.43604         44.4778          166.34  589
  282         11045.8         1555.79         2615.72         3.43597         44.4722         166.339  591
  283         11045.8         1555.82         2615.81         3.43596         44.4704         166.335  593
  284         11045.7         1555.92         2616.01         3.43595         44.4662         166.325  595
  285         11045.7            1556         2616.01         3.43598         44.4638         166.323  597
  286         11045.7         1556.06         2615.96         3.43601         44.4624         166.323  599
  287         11045.7         1556.27         2615.86         3.43609         44.4576         166.322  601
  288         11045.7         1556.46         2615.86         3.43615         44.4531         166.319  603
  289         11045.7         1556.47         2615.88         3.43615         44.4525         166.318  605
  290         11045.7         1556.56         2615.93         3.43617         44.4499         166.313  607
  291         11045.6         1556.68         2615.99          3.4362          44.447         166.309  609
  292         11045.6         1556.91         2616.11         3.43627         44.4414         166.298  611
  293         11045.6         1557.07         2616.23         3.43631         44.4378          166.29  613
  294         11045.6         1557.17         2616.33         3.43634         44.4347         166.283  615
  295         11045.6         1557.25         2616.43         3.43636         44.4321         166.275  617
  296         11045.6         1557.34         2616.54         3.43638         44.4306         166.268  619
  297         11045.5          1557.3         2616.49         3.43637         44.4304         166.271  621
  298         11045.5         1557.29         2616.44         3.43636         44.4306         166.273  623
  299         11045.5          1557.3          2616.4         3.43636         44.4305         166.274  625
  300         11045.5         1557.31         2616.27         3.43637         44.4316         166.278  627
  301         11045.5         1557.31         2616.24         3.43638         44.4308         166.278  629
  302         11045.4         1557.31          2616.2         3.43639         44.4309         166.279  631
  303         11045.4         1557.31         2616.13         3.43642         44.4314          166.28  633
  304         11045.4          1557.3         2616.05         3.43644         44.4328         166.281  635
  305         11045.4         1557.29         2616.04         3.43643         44.4332         166.281  637
  306         11045.4         1557.27         2616.06         3.43641         44.4349         166.279  639
  307         11045.4         1557.26         2616.09         3.43639         44.4362         166.277  641
  308         11045.4         1557.22         2616.21         3.43632         44.4394         166.272  643
  309         11045.3         1557.22         2616.26         3.43629         44.4398          166.27  645
  310         11045.3         1557.21         2616.35         3.43624         44.4408         166.267  647
  311         11045.3         1557.19         2616.46         3.43616         44.4426         166.263  649
  312         11045.3         1557.16         2616.61         3.43604         44.4463         166.258  651
  313         11045.3         1557.16         2616.59         3.43601         44.4468         166.259  653
  314         11045.3         1557.16         2616.55         3.43598          44.448          166.26  655
  315         11045.3         1557.17         2616.53         3.43594         44.4494         166.262  657
  316         11045.3         1557.18         2616.48         3.43584         44.4523         166.266  659
  317         11045.3         1557.19         2616.43         3.43577         44.4542         166.269  661
  318         11045.3         1557.21         2616.36          3.4357         44.4557         166.273  663
  319         11045.2         1557.25         2616.28          3.4356         44.4577         166.279  665
  320         11045.2         1557.31         2616.19         3.43545         44.4604         166.286  667
  321         11045.2         1557.32         2616.19         3.43543         44.4602         166.287  669
  322         11045.2         1557.33         2616.19         3.43539         44.4604         166.288  671
  323         11045.2         1557.36         2616.18          3.4353         44.4615         166.291  673
  324         11045.2         1557.41         2616.15         3.43516         44.4631         166.296  675
  325         11045.2         1557.51          2616.1         3.43486         44.4672         166.307  677
  326         11045.2         1557.55         2616.07         3.43474         44.4681          166.31  679
  327         11045.2         1557.56         2616.08         3.43472         44.4678         166.311  681
  328         11045.1         1557.59         2616.09         3.43465         44.4675         166.312  683
  329         11045.1         1557.64         2616.09         3.43453         44.4684         166.316  687
  330         11045.1         1557.69          2616.1         3.43444         44.4686         166.318  689
  331         11045.1         1557.78         2616.11         3.43421         44.4703         166.324  691
  332         11045.1         1557.83         2616.09          3.4341         44.4712         166.327  693
  333         11045.1         1557.84         2616.07         3.43408         44.4713         166.329  695
  334         11045.1         1557.93         2615.96         3.43392         44.4722         166.338  697
  335         11045.1         1557.97         2615.92         3.43384         44.4728         166.343  701
  336           11045         1558.08          2615.8          3.4336          44.475         166.355  703
  337           11045          1558.2         2615.67         3.43334         44.4774         166.369  705
  338           11045         1558.33         2615.55         3.43305         44.4801         166.383  707
  339           11045         1558.34         2615.55         3.43301           44.48         166.385  709
  340           11045         1558.36         2615.59         3.43295         44.4799         166.385  711
  341           11045         1558.39         2615.65         3.43285           44.48         166.386  713
  342           11045         1558.42         2615.74         3.43274         44.4803         166.385  715
  343           11045         1558.43         2615.82          3.4327         44.4801         166.383  717
  344           11045         1558.42          2615.9          3.4327         44.4798         166.378  719
  345           11045         1558.42         2615.94         3.43268         44.4796         166.377  721
  346           11045         1558.42         2615.94         3.43269         44.4793         166.377  723
  347           11045         1558.42          2615.9          3.4327         44.4788         166.379  725
  348           11045         1558.42         2615.85          3.4327         44.4784         166.381  727
  349           11045         1558.42         2615.82         3.43271         44.4782         166.383  729
  350         11044.9         1558.43          2615.7         3.43273         44.4772         166.388  731
  351         11044.9         1558.44         2615.66         3.43274         44.4767          166.39  733
  352         11044.9         1558.44         2615.66         3.43274         44.4764          166.39  735
  353         11044.9         1558.45         2615.66         3.43274          44.476          166.39  737
  354         11044.9         1558.45         2615.66         3.43275         44.4756         166.389  739
  355         11044.9         1558.46         2615.67         3.43275         44.4748         166.389  741
  356         11044.9         1558.48          2615.7         3.43276         44.4734         166.388  743
  357         11044.9         1558.49         2615.72         3.43276         44.4727         166.387  745
  358         11044.9          1558.5         2615.74         3.43276         44.4722         166.386  747
  359         11044.9         1558.51         2615.76         3.43276         44.4717         166.386  749
  360         11044.9         1558.52         2615.78         3.43276         44.4711         166.385  751
  361         11044.9         1558.54         2615.82         3.43276         44.4701         166.383  753
  362         11044.9         1558.57         2615.84         3.43276          44.469         166.382  755
  363         11044.9         1558.58         2615.83         3.43277         44.4681         166.382  757
  364         11044.9          1558.6          2615.8         3.43279         44.4672         166.383  759
  365         11044.9         1558.64         2615.73         3.43282         44.4656         166.385  761
  366         11044.9         1558.67          2615.7         3.43284         44.4643         166.387  763
  367         11044.9          1558.7         2615.67         3.43285         44.4632         166.387  765
  368         11044.9         1558.74         2615.67         3.43286          44.462         166.387  767
  369         11044.9         1558.76         2615.68         3.43286         44.4609         166.387  769
  370         11044.9         1558.79          2615.7         3.43286           44.46         166.386  771
  371         11044.9         1558.84         2615.75         3.43285          44.458         166.384  773
  372         11044.9         1558.89         2615.78         3.43285         44.4561         166.384  775
  373         11044.9          1558.9         2615.76         3.43285         44.4558         166.384  777
  374         11044.9         1558.95         2615.71         3.43286          44.454         166.387  779
  375         11044.9         1558.97         2615.69         3.43287         44.4533         166.388  783
