    0                       0.796143          35.015  1
    1                       0.795349          30.653  7
    2                       0.789353         13.6333  9
    3                        0.78485         8.38013  11
    4                       0.780209         6.06288  13
    5                       0.775987         5.12374  15
    6                       0.771938         4.47186  17
    7                       0.767371         3.99045  19
    8                       0.758707         3.46594  21
    9                       0.747252         3.03034  23
   10                       0.738397         2.80263  25
   11                       0.734015         2.70802  27
   12                       0.726072         2.60363  29
   13                       0.716298         2.51733  31
   14                       0.704376         2.41652  33
   15                       0.685105         2.33082  35
   16                       0.672542         2.25573  37
   17                       0.668626         2.20503  39
   18                       0.645255         2.07962  41
   19                       0.613992         2.07275  43
   20                       0.616699         1.98254  45
   21                       0.609955         1.94121  47
   22                       0.597706         1.90553  49
   23                        0.57814         1.85554  51
   24                       0.551377          1.8334  53
   25                        0.55352         1.77757  55
   26                       0.546217         1.74257  57
   27                       0.529499         1.69778  59
   28                       0.501258         1.68565  61
   29                       0.500009         1.60648  63
   30                        0.49928         1.58419  65
   31                       0.487836         1.56527  67
   32                       0.484924         1.54239  69
   33                       0.480135         1.52875  71
   34                       0.469039         1.51379  73
   35                       0.463158         1.50448  75
   36                       0.460268         1.49005  77
   37                       0.457144         1.48421  79
   38                       0.454239         1.47871  81
   39                       0.449739         1.47484  83
   40                       0.448421          1.4562  85
   41                       0.446885         1.45135  87
   42                        0.44459          1.4508  89
   43                       0.442658         1.47594  91
   44                       0.442572         1.44719  93
   45                       0.442553         1.43935  95
   46                         0.4426         1.43506  97
   47                       0.443275         1.42709  99
   48                       0.444499         1.42237  101
   49                       0.444774         1.41892  103
   50                       0.446055         1.41742  105
   51                       0.448244         1.41684  107
   52                       0.451575          1.4178  109
   53                       0.451795         1.41452  111
   54                       0.452521         1.41189  113
   55                       0.454776         1.41022  115
   56                       0.457766         1.40759  117
   57                       0.459227         1.40379  119
   58                       0.461398         1.39938  121
   59                       0.464771         1.39775  123
   60                       0.465039         1.39413  125
   61                       0.465821         1.39454  127
   62                       0.467891         1.39543  129
   63                       0.473017         1.40216  131
   64                       0.474529         1.39371  133
   65                       0.475853         1.39129  135
   66                       0.478175         1.38987  137
   67                       0.481409         1.38723  139
   68                       0.487773         1.38945  141
   69                       0.485841         1.38332  143
   70                       0.485774         1.38255  145
   71                       0.487149         1.38115  147
   72                       0.490309         1.38094  149
   73                        0.49349         1.37749  151
   74                       0.496321         1.37495  153
   75                       0.499283         1.37316  155
   76                       0.502473         1.37181  157
   77                       0.502451         1.36972  159
   78                       0.503227         1.36827  161
   79                        0.50409         1.36735  163
   80                       0.506113         1.36658  165
   81                       0.507559         1.36517  167
   82                       0.509663         1.36351  169
   83                       0.511509         1.36253  171
   84                       0.511656         1.36012  173
   85                       0.512259         1.35762  175
   86                       0.513013         1.35584  177
   87                       0.516031         1.35705  179
   88                       0.515846         1.35216  181
   89                       0.515994         1.35181  183
   90                         0.5167         1.35175  185
   91                       0.517614         1.35227  187
   92                       0.519103         1.35175  189
   93                       0.520052         1.35099  191
   94                        0.52132         1.35044  193
   95                       0.521965         1.34905  195
   96                       0.521738         1.34733  197
   97                       0.521918         1.34522  199
   98                       0.522352         1.34534  201
   99                       0.522766         1.34463  203
  100                       0.523649         1.34491  205
  101                       0.524008         1.34447  207
  102                       0.524286         1.34339  209
  103                       0.524268         1.34308  211
  104                       0.523827          1.3414  213
  105                        0.52324         1.34091  215
  106                       0.522245         1.34151  217
  107                        0.52061         1.34524  219
  108                       0.520316         1.34444  221
  109                       0.520088         1.34471  223
  110                       0.519564         1.34531  225
  111                       0.518017         1.34814  227
  112                        0.51765         1.34629  229
  113                       0.517118         1.34582  231
  114                       0.516073         1.34585  233
  115                       0.514481         1.34656  235
  116                       0.512055         1.34813  237
  117                       0.511287         1.34844  239
  118                       0.510145         1.34948  241
  119                       0.508905         1.35025  243
  120                       0.508418         1.34955  245
  121                       0.506811         1.34868  247
  122                       0.505448         1.34922  249
  123                       0.504862         1.34887  251
  124                       0.503311         1.34907  253
  125                       0.502434         1.34912  255
  126                        0.49891         1.35053  257
  127                       0.498172         1.34918  259
  128                       0.498388         1.34868  261
  129                       0.497789         1.34775  263
  130                       0.496578         1.34748  267
  131                       0.495523         1.34704  269
  132                       0.493196         1.34662  271
  133                       0.491625         1.34646  273
  134                       0.490726         1.34595  275
  135                       0.489766         1.34514  277
  136                       0.488972         1.34473  279
  137                       0.488675         1.34415  281
  138                        0.48809         1.34358  283
  139                       0.487424         1.34328  285
  140                       0.486279         1.34287  287
  141                        0.48565         1.34232  289
  142                       0.484717         1.34146  291
  143                        0.48387         1.34085  293
  144                       0.482883         1.34046  295
  145                       0.481637         1.34044  297
  146                       0.480911         1.34052  299
  147                       0.480476         1.34048  301
  148                       0.479346         1.34038  303
  149                       0.477325          1.3405  305
  150                       0.477411         1.33993  307
  151                       0.476923         1.33966  309
  152                       0.476151         1.33949  311
  153                       0.474876         1.33918  313
  154                       0.472576         1.33946  315
  155                       0.472013          1.3389  317
  156                       0.471994         1.33883  319
  157                       0.471624         1.33889  321
  158                       0.470661         1.33928  323
  159                       0.469983         1.33921  325
  160                       0.468839          1.3394  327
  161                       0.468036         1.33962  329
  162                       0.466155         1.34035  331
  163                       0.464454         1.34096  333
  164                       0.464761         1.34058  335
  165                       0.464803         1.34039  337
  166                       0.464457         1.34029  339
  167                       0.462832         1.34066  341
  168                       0.462279         1.34025  343
  169                       0.461654         1.34012  345
  170                       0.460838         1.33991  347
  171                       0.460095         1.33986  351
  172                       0.459205         1.33951  353
  173                       0.458275         1.33918  355
  174                       0.457139         1.33877  357
  175                       0.455617          1.3385  359
  176                       0.455476         1.33786  361
  177                         0.4554         1.33746  363
  178                       0.455127         1.33694  365
  179                       0.454039         1.33612  367
  180                       0.452986          1.3352  369
  181                       0.452894         1.33504  371
  182                       0.452693         1.33491  373
  183                       0.452344         1.33469  375
  184                        0.45143         1.33426  377
  185                       0.450847         1.33371  379
  186                       0.450205         1.33315  381
  187                       0.449629         1.33261  383
  188                       0.448728         1.33195  385
  189                       0.448547         1.33163  387
  190                       0.448202         1.33131  389
  191                       0.447746         1.33101  391
  192                       0.446761         1.33063  393
  193                       0.446296         1.33027  395
  194                        0.44585         1.33012  397
  195                       0.445396         1.33002  399
  196                       0.444626          1.3299  401
  197                       0.444386          1.3297  403
  198                       0.443981         1.32939  405
  199                       0.443684         1.32922  407
  200                       0.443418         1.32905  409
  201                       0.442554         1.32925  411
  202                       0.442205         1.32922  413
  203                        0.44225         1.32917  415
  204                       0.441979         1.32931  417
  205                       0.441549         1.32951  419
  206                       0.441069         1.32943  421
  207                       0.440696         1.32917  423
  208                       0.440267         1.32893  425
  209                       0.440335          1.3286  427
  210                       0.440416         1.32844  429
  211                       0.440463         1.32832  431
  212                       0.440303         1.32842  433
  213                       0.440061          1.3292  435
  214                       0.439961         1.32889  437
  215                       0.439884         1.32886  439
  216                       0.439769          1.3289  441
  217                        0.43957          1.3292  443
  218                       0.439561         1.32897  445
  219                       0.439552         1.32892  447
  220                       0.439534         1.32888  449
  221                       0.439518         1.32886  451
  222                       0.439519         1.32864  453
  223                       0.439538          1.3285  455
  224                       0.439579         1.32832  457
  225                       0.439642         1.32805  459
  226                       0.439672         1.32772  461
  227                       0.439775           1.327  463
  228                       0.439863         1.32655  465
  229                       0.439872          1.3264  467
  230                       0.439923         1.32617  469
  231                       0.439986         1.32594  471
  232                       0.440176         1.32548  473
  233                       0.440278         1.32505  475
  234                       0.440363         1.32482  477
  235                       0.440469         1.32453  479
  236                       0.440689         1.32402  481
  237                       0.440834         1.32335  483
  238                       0.440976         1.32276  485
  239                       0.441148         1.32218  487
  240                       0.441484         1.32149  489
  241                       0.441552         1.32107  491
  242                       0.441587         1.32098  493
  243                       0.441695         1.32075  495
  244                       0.441906         1.32033  497
  245                       0.442142         1.31998  501
  246                       0.442387         1.31962  503
  247                       0.442539         1.31948  505
  248                       0.442882         1.31928  507
  249                       0.443286         1.31911  509
  250                       0.443249         1.31892  511
  251                         0.4433         1.31883  513
  252                       0.443452         1.31871  515
  253                       0.443757         1.31857  517
  254                       0.444084         1.31864  521
  255                       0.444616         1.31849  523
  256                       0.444915         1.31858  525
  257                        0.44552         1.31903  527
  258                       0.445816         1.31932  529
  259                       0.445868          1.3194  531
  260                       0.446108         1.31961  533
  261                       0.446352         1.31964  535
  262                       0.446695          1.3197  537
  263                       0.447611         1.32015  539
  264                       0.448298         1.32065  541
  265                       0.448169         1.32046  543
  266                       0.448279         1.32056  545
  267                       0.448555         1.32076  547
  268                       0.449197          1.3213  549
  269                       0.449529         1.32132  551
  270                       0.449877         1.32141  553
  271                       0.450322         1.32161  555
  272                       0.451267         1.32239  557
  273                       0.451473          1.3221  559
  274                       0.451582         1.32205  561
  275                       0.451907         1.32205  563
  276                       0.452442         1.32193  565
  277                       0.453812         1.32207  567
  278                       0.453777         1.32169  569
  279                       0.453789         1.32162  571
  280                       0.454109         1.32153  573
  281                         0.4551         1.32169  575
  282                       0.455444         1.32137  577
  283                       0.455892         1.32123  579
  284                       0.456398         1.32108  581
  285                       0.457167         1.32074  583
  286                        0.45754         1.32061  587
  287                       0.458244         1.32022  589
  288                       0.458637         1.31999  591
  289                       0.459044          1.3197  593
  290                       0.459181         1.31946  595
  291                       0.459131         1.31917  597
  292                       0.459257          1.3188  599
  293                       0.459283         1.31864  601
  294                       0.459428         1.31825  603
  295                       0.459722         1.31797  605
  296                        0.45971         1.31778  607
  297                       0.459773         1.31773  609
  298                       0.459937         1.31759  611
  299                       0.460218         1.31739  613
  300                       0.460276         1.31717  615
  301                       0.460358         1.31698  617
  302                       0.460475         1.31679  619
  303                       0.460627         1.31662  621
  304                       0.460981         1.31665  623
  305                       0.460921         1.31644  625
  306                       0.460893         1.31646  627
  307                       0.460921         1.31653  629
  308                       0.461006         1.31662  631
  309                       0.461094         1.31661  633
  310                       0.461205         1.31664  635
  311                       0.461312          1.3167  637
  312                       0.461434         1.31683  639
  313                        0.46151         1.31692  641
  314                       0.461594         1.31707  643
  315                       0.461646         1.31719  645
  316                       0.461674         1.31727  647
  317                       0.461767          1.3176  649
  318                       0.461869         1.31798  651
  319                        0.46191         1.31804  653
  320                       0.461985          1.3182  655
  321                       0.462085         1.31841  657
  322                        0.46231         1.31885  659
  323                       0.462405         1.31897  661
  324                       0.462442         1.31896  663
  325                       0.462541         1.31905  665
  326                       0.462682          1.3194  667
  327                       0.462816         1.31964  669
  328                       0.462986         1.31998  671
  329                       0.463062            1.32  673
  330                       0.463082         1.31989  675
  331                       0.463181         1.31954  677
  332                       0.463343         1.31966  679
  333                       0.463355          1.3196  681
  334                       0.463459         1.31967  683
  335                        0.46357         1.31973  685
  336                       0.463826         1.31978  687
  337                       0.464064         1.31972  689
  338                       0.464036         1.31955  691
  339                       0.464021         1.31932  693
  340                       0.464066         1.31915  695
  341                       0.464292         1.31894  697
  342                       0.464332         1.31889  699
  343                       0.464386         1.31891  701
  344                        0.46451         1.31884  703
  345                       0.464814         1.31858  705
  346                       0.464891         1.31835  707
  347                       0.464976         1.31815  709
  348                       0.465131         1.31786  711
  349                       0.465399         1.31748  713
  350                        0.46562         1.31723  717
  351                       0.465877         1.31693  719
  352                       0.466038         1.31678  721
  353                       0.466452         1.31643  723
  354                       0.466695         1.31624  725
  355                       0.466779         1.31622  727
  356                       0.467022         1.31617  729
  357                       0.467054         1.31613  731
  358                       0.467154         1.31609  733
  359                       0.467319         1.31606  735
  360                       0.467652         1.31606  737
  361                       0.468151         1.31619  739
  362                       0.468136         1.31614  741
  363                       0.468142         1.31616  743
  364                       0.468242         1.31622  745
  365                       0.468617         1.31649  747
  366                       0.468632         1.31639  749
  367                       0.468737         1.31641  751
  368                       0.468949          1.3165  753
  369                       0.469314         1.31671  755
  370                       0.470176         1.31725  757
  371                       0.470215         1.31723  759
  372                       0.470258         1.31726  761
  373                       0.470473         1.31735  763
  374                       0.470762         1.31744  767
  375                       0.471163         1.31753  769
  376                       0.471605         1.31762  771
  377                       0.472212          1.3178  773
  378                       0.472333         1.31776  775
  379                       0.472356         1.31771  777
  380                       0.472523         1.31769  779
  381                       0.472704         1.31762  781
  382                       0.472985         1.31761  785
  383                       0.473182         1.31757  787
  384                       0.473614         1.31749  789
  385                       0.473901         1.31754  791
  386                       0.473913         1.31749  793
  387                       0.474045         1.31746  795
  388                       0.474275         1.31747  797
  389                        0.47471         1.31749  799
  390                       0.474985         1.31749  803
  391                       0.475541         1.31749  805
  392                       0.476004         1.31743  807
  393                       0.477091         1.31735  809
  394                        0.47718         1.31717  811
  395                       0.477162          1.3171  813
  396                       0.477393         1.31696  815
  397                       0.477709         1.31685  817
  398                        0.47844         1.31677  819
  399                       0.478341         1.31676  821
  400                       0.478425         1.31676  823
  401                       0.478735         1.31671  825
  402                       0.479596         1.31665  827
  403                       0.480152          1.3165  829
  404                       0.480462         1.31643  831
  405                       0.480911         1.31638  833
  406                       0.481573          1.3164  835
  407                       0.481982         1.31638  837
  408                       0.482339         1.31641  839
  409                       0.482617         1.31645  841
  410                       0.483534         1.31653  843
  411                       0.483991         1.31655  845
  412                        0.48446         1.31658  847
  413                       0.484955         1.31666  849
  414                       0.485759         1.31685  851
  415                       0.485709         1.31682  853
  416                       0.485777         1.31687  855
  417                       0.485978         1.31696  857
  418                       0.486616          1.3172  859
  419                       0.487274         1.31742  861
  420                       0.487862         1.31757  863
  421                       0.488608         1.31774  865
  422                       0.489208         1.31783  867
  423                       0.489098         1.31776  869
  424                       0.489238         1.31776  871
  425                       0.489524         1.31783  873
  426                       0.490602         1.31813  875
  427                       0.490858         1.31814  877
  428                       0.491207          1.3182  879
  429                       0.491563         1.31824  881
  430                        0.49216         1.31822  883
  431                       0.492588         1.31818  885
  432                       0.492793         1.31812  887
  433                       0.493076         1.31804  889
  434                       0.493667         1.31792  891
  435                        0.49402         1.31785  895
  436                        0.49457         1.31773  897
  437                       0.495055         1.31757  899
  438                       0.495823         1.31731  901
  439                        0.49586         1.31722  903
  440                       0.495762         1.31721  905
  441                       0.495792         1.31708  907
  442                       0.496019         1.31696  911
  443                       0.496403         1.31678  913
  444                       0.497186         1.31645  915
  445                       0.497942         1.31609  917
  446                       0.497767         1.31611  919
  447                       0.497759         1.31607  921
  448                       0.497898         1.31596  923
  449                       0.498148         1.31583  927
  450                       0.498629         1.31556  929
  451                       0.499105         1.31534  931
  452                       0.499439          1.3152  935
  453                       0.499876         1.31503  937
  454                       0.500346         1.31485  939
  455                       0.501129         1.31464  941
  456                       0.500936         1.31469  943
  457                       0.500747         1.31479  945
  458                        0.50059         1.31496  947
  459                       0.500872         1.31515  949
  460                       0.500971         1.31508  951
  461                       0.501241         1.31501  953
  462                       0.501615         1.31493  955
  463                       0.502106          1.3149  957
  464                        0.50274         1.31485  959
  465                       0.502616         1.31491  961
  466                       0.502444         1.31499  963
  467                       0.502303          1.3151  965
  468                       0.502268         1.31518  967
  469                       0.502354         1.31519  969
  470                       0.502636          1.3152  971
  471                       0.502767         1.31524  973
  472                       0.502784         1.31522  975
  473                       0.502844         1.31524  977
  474                       0.502886         1.31525  979
  475                       0.503029         1.31529  981
  476                       0.503088         1.31523  983
  477                       0.503092         1.31519  985
  478                       0.503115         1.31509  987
  479                       0.503176         1.31497  989
  480                       0.503269          1.3148  991
  481                       0.503379         1.31459  993
  482                       0.503458         1.31447  995
  483                       0.503477         1.31443  997
  484                       0.503499         1.31438  999
  485                       0.503542         1.31429  1003
  486                       0.503585         1.31417  1005
  487                       0.503671         1.31396  1007
  488                       0.503725          1.3138  1009
  489                       0.503735         1.31376  1011
  490                       0.503763          1.3137  1013
  491                       0.503818         1.31361  1015
  492                       0.503856         1.31355  1017
  493                       0.503943         1.31345  1019
  494                       0.503966          1.3134  1021
  495                       0.503973         1.31339  1023
  496                       0.504025         1.31329  1025
  497                       0.504102         1.31324  1027
  498                        0.50408         1.31324  1029
  499                       0.504093         1.31323  1031
  500                       0.504135          1.3132  1033
  501                       0.504173         1.31318  1035
  502                       0.504272         1.31313  1037
  503                       0.504275         1.31314  1039
  504                       0.504269         1.31318  1041
  505                       0.504273         1.31323  1043
  506                        0.50429          1.3133  1047
  507                       0.504309         1.31335  1049
  508                       0.504335         1.31342  1051
  509                        0.50436         1.31349  1053
  510                       0.504364         1.31348  1055
  511                        0.50437         1.31347  1057
  512                       0.504379         1.31346  1059
  513                         0.5044         1.31345  1061
  514                       0.504413         1.31344  1065
  515                       0.504427         1.31344  1067
  516                       0.504439         1.31344  1069
  517                       0.504443         1.31345  1073
  518                       0.504444         1.31345  1075
  519                       0.504443         1.31344  1077
  520                       0.504438         1.31341  1079
  521                       0.504436         1.31338  1081
  522                        0.50443         1.31331  1083
  523                       0.504422         1.31321  1085
  524                       0.504415         1.31316  1089
  525                       0.504404         1.31304  1091
  526                       0.504393         1.31294  1093
  527                        0.50437         1.31283  1095
  528                       0.504373         1.31283  1097
  529                       0.504373         1.31283  1099
  530                       0.504368          1.3128  1101
  531                       0.504354          1.3127  1103
  532                       0.504342         1.31262  1105
  533                       0.504335         1.31258  1107
  534                       0.504318          1.3125  1109
  535                        0.50428         1.31241  1111
  536                       0.504279         1.31239  1113
  537                       0.504266         1.31237  1115
  538                       0.504242         1.31233  1117
  539                       0.504207         1.31226  1119
  540                       0.504176         1.31218  1121
  541                       0.504158         1.31212  1123
  542                       0.504148         1.31209  1125
  543                        0.50412         1.31204  1127
  544                       0.504117         1.31206  1129
  545                       0.504111         1.31209  1131
  546                         0.5041         1.31212  1133
  547                       0.504079         1.31213  1137
  548                       0.504045         1.31214  1139
  549                        0.50402         1.31214  1141
  550                       0.503999         1.31211  1143
  551                       0.504004         1.31211  1145
  552                       0.504012          1.3121  1147
  553                       0.504018         1.31209  1149
  554                       0.504019          1.3121  1151
  555                       0.504011         1.31211  1153
  556                          0.504         1.31213  1155
  557                       0.503971         1.31216  1157
  558                       0.503965         1.31217  1161
  559                       0.503963         1.31217  1163
  560                       0.503969         1.31218  1165
  561                       0.503975         1.31218  1167
  562                       0.503981         1.31217  1169
  563                       0.503992         1.31218  1171
  564                       0.504024          1.3122  1173
  565                       0.504067         1.31223  1175
  566                       0.504089         1.31224  1177
  567                         0.5041         1.31223  1179
  568                        0.50412         1.31221  1181
  569                       0.504132          1.3122  1185
  570                       0.504156         1.31217  1187
  571                       0.504201         1.31213  1189
  572                       0.504224         1.31211  1193
  573                       0.504253         1.31208  1195
  574                       0.504334         1.31204  1197
  575                       0.504407         1.31199  1199
  576                       0.504413         1.31199  1201
  577                       0.504427         1.31199  1203
  578                        0.50448         1.31197  1205
  579                       0.504533         1.31194  1207
  580                        0.50457         1.31192  1209
  581                       0.504572         1.31191  1211
  582                        0.50458         1.31191  1213
  583                       0.504602         1.31191  1215
  584                       0.504627         1.31192  1217
  585                       0.504657         1.31193  1219
  586                       0.504674         1.31194  1221
  587                       0.504715         1.31196  1223
  588                       0.504751         1.31197  1225
  589                       0.504763         1.31196  1227
  590                        0.50479         1.31196  1229
  591                       0.504806         1.31196  1231
  592                       0.504864         1.31197  1233
  593                       0.504894         1.31198  1235
  594                       0.504896         1.31198  1237
  595                       0.504906         1.31197  1239
  596                       0.504921         1.31197  1241
  597                       0.504952         1.31196  1243
  598                       0.504966         1.31196  1245
  599                       0.504978         1.31196  1247
  600                       0.504991         1.31196  1249
  601                       0.504996         1.31196  1251
  602                       0.505007         1.31196  1253
  603                       0.505015         1.31196  1255
  604                       0.505029         1.31196  1257
  605                       0.505033         1.31195  1259
  606                       0.505036         1.31195  1261
  607                       0.505039         1.31195  1263
  608                       0.505042         1.31196  1265
  609                       0.505043         1.31197  1267
  610                       0.505046         1.31198  1269
  611                        0.50505         1.31199  1271
  612                       0.505053         1.31199  1273
  613                       0.505054         1.31198  1275
  614                       0.505053         1.31198  1279
  615                        0.50505         1.31197  1281
  616                       0.505049         1.31197  1285
  617                       0.505044         1.31198  1287
  618                       0.505036         1.31198  1289
  619                       0.505032         1.31198  1293
  620                       0.505029         1.31199  1295
  621                       0.505028         1.31199  1299
  622                       0.505031           1.312  1301
  623                       0.505033         1.31201  1303
  624                       0.505036         1.31201  1305
  625                       0.505042         1.31201  1307
  626                       0.505048         1.31202  1309
  627                       0.505052         1.31204  1313
  628                       0.505061         1.31206  1315
  629                       0.505065         1.31207  1319
  630                       0.505082         1.31207  1321
  631                       0.505085         1.31207  1325
  632                       0.505089         1.31205  1327
  633                       0.505102         1.31204  1329
  634                       0.505107         1.31203  1333
  635                       0.505115         1.31203  1335
  636                       0.505126         1.31203  1337
  637                       0.505133         1.31202  1341
  638                       0.505153         1.31202  1343
  639                        0.50516         1.31202  1347
  640                        0.50518         1.31202  1349
  641                       0.505188         1.31202  1353
  642                       0.505199         1.31203  1357
  643                       0.505208         1.31202  1361
  644                       0.505217         1.31202  1365
  645                       0.505228         1.31202  1369
  646                       0.505237         1.31202  1373
  647                       0.505249         1.31203  1377
  648                        0.50526         1.31202  1381
  649                       0.505277         1.31202  1385
  650                       0.505297         1.31202  1389
  651                       0.505311         1.31202  1393
  652                       0.505324         1.31202  1397
  653                       0.505336         1.31202  1401
  654                       0.505348         1.31202  1405
  655                       0.505361         1.31202  1409
  656                       0.505376         1.31202  1413
  657                       0.505391         1.31202  1417
  658                       0.505406         1.31201  1421
  659                       0.505424         1.31201  1425
  660                       0.505441         1.31202  1429
  661                        0.50546         1.31202  1433
  662                       0.505481         1.31202  1437
  663                         0.5055         1.31202  1441
  664                       0.505505         1.31202  1447
  665                       0.505526         1.31203  1451
  666                        0.50554         1.31203  1459
  667                       0.505566         1.31204  1463
  668                       0.505577         1.31204  1471
