    0          550343         2698.27          654711         220.289               0               0  1
    1          281752         2488.44          501822         23.0254         11.9489         254.395  7
    2          115724         2234.28          159869         27.2163         1.84295         315.107  9
    3         99366.5         2099.59          130220          26.089         2.39364         301.011  13
    4         90123.8         1959.34          114415         26.4875         2.42987         221.032  15
    5         83620.4         1828.31          100333         26.7144         3.09546          242.47  17
    6         72679.3         1556.11         75586.6         26.3542         11.3963         337.387  19
    7         64152.5         1402.88         55688.7         25.3462         4.29487         473.656  23
    8         53327.9         1248.51         39082.5         24.0108         3.17972         423.187  25
    9         45153.6         1157.35         27740.1         22.2135          4.5849         391.052  27
   10         43209.6         1150.76         24531.6         21.5563         4.10382         407.733  31
   11         40424.8         1140.62         23191.7         21.0851         3.43426         326.729  33
   12         37219.2         1064.09         19725.4         20.2752         3.72433         297.135  35
   13         34368.2         969.572         17648.8         19.1727         4.33101         265.744  37
   14         32849.5         873.396         17895.4         17.7364         7.71026         256.886  39
   15           31557         862.125         17699.3         17.1761         6.02205         227.435  41
   16         30098.5         847.978         16812.4         16.4567         6.95946         212.421  43
   17         27690.8         853.876         15252.6         15.1163         9.35938         195.357  45
   18         24785.3         924.559         14172.7         13.3914         12.5216         156.625  47
   19         23710.4         971.282         13969.6         12.6236         15.1233         141.412  51
   20           22260         1012.81         13596.9         11.9637         13.3777         110.875  53
   21         21063.1         999.359         12101.7         11.8083         13.3427         96.8875  55
   22         20288.8         977.695         10916.1         11.5572         15.6721         99.1211  57
   23         19241.8         949.731         9854.18          11.658         13.0665         72.2836  59
   24         18837.8         954.429         9176.25         11.6117         13.3395         70.8363  61
   25         17903.2         976.182         8000.39         11.2341         14.4102         70.2249  63
   26           17423          996.33         7668.96         10.8473         15.7962         71.4485  67
   27         16926.5         1017.97          7580.5         10.4421         16.1548         67.6543  69
   28         16236.3         1068.55         7156.85         9.75736         18.5147         73.0842  71
   29         15344.3         1194.34         6405.31          8.5176         24.7861         96.6998  73
   30         14660.8         1278.52         5437.89         7.86975         27.6124         112.069  75
   31         14143.2         1260.08         4941.64         7.92074         26.3516         98.2258  77
   32         13954.7         1276.19         4753.05         7.74043         27.4215         100.657  79
   33         13727.8         1291.87          4552.7           7.528         28.7484         102.833  81
   34         13269.6            1323         4439.64         7.00419         31.9817         104.148  83
   35         13145.4         1338.01         4436.91         6.80236         33.1299         106.201  87
   36         12980.1         1347.94         4463.15         6.59401         34.2397         106.091  89
   37         12853.7         1353.72         4389.51          6.4261         35.4565         108.498  91
   38           12727         1357.29         4300.17         6.22505         37.0262         112.704  93
   39         12699.4         1345.13         4074.84         5.97535         40.2498         126.825  95
   40         12471.5         1341.77         4017.05         5.97322          39.023         118.377  97
   41         12384.2         1333.45         3913.81         5.96603         38.9278         117.464  99
   42         12306.3         1318.49         3849.72         5.91359         39.2825         118.186  101
   43         12185.2         1296.18         3796.93         5.78007         40.4153         120.107  103
   44         11999.7         1251.93         3848.07         5.47246         42.8544         124.711  105
   45         11891.1         1227.77         3845.06         5.26349         44.8314         129.032  107
   46         11812.6         1213.09         3852.04         5.11988          46.234         131.449  109
   47         11755.1         1203.95         3844.27         5.04308          46.862         132.434  111
   48         11702.6         1195.92         3819.33         4.99583         47.2309         132.828  113
   49         11662.7          1178.9         3806.27         4.88322         48.4457         136.426  117
   50         11592.8         1164.51         3783.56          4.8094         49.0652         137.292  119
   51         11511.1         1143.76         3737.95         4.69101         50.3096         140.058  121
   52         11480.6         1112.82         3702.98          4.4768         53.4268         148.546  123
   53         11391.8         1109.23         3682.66          4.4442         53.3301         146.521  125
   54         11366.6         1108.62         3672.84         4.43417         53.4031         145.965  127
   55         11331.9         1101.96         3683.48          4.3753         54.1169         146.529  129
   56         11298.6         1095.34         3750.81         4.30849         54.8633         146.105  131
   57         11268.7         1087.82          3790.5         4.23599         55.7597         146.723  133
   58         11240.4         1085.83         3783.02          4.2165         55.8921         146.436  135
   59         11201.4         1078.35         3804.38         4.14533         56.7348         147.041  137
   60         11184.5         1075.32         3808.93          4.1137         57.1425         147.408  139
   61         11168.4         1074.43         3796.24         4.10287         57.2468         147.403  141
   62         11123.3         1067.74         3782.68         4.02735         58.2846         148.559  143
   63         11118.1            1066         3792.73         4.00485         58.6658         148.876  145
   64         11107.1         1065.91         3792.03           4.002         58.5381          148.62  147
   65           11092         1064.99         3795.95         3.98895         58.5943         148.409  149
   66         11072.1         1063.05         3811.88         3.96363         58.8107         148.164  151
   67         11051.3         1061.02          3842.2         3.93658         59.0159         147.613  153
   68         11041.5            1060         3864.27           3.921         59.0448         147.372  157
   69         11025.9         1059.09         3884.27         3.90568         59.0669         146.883  159
   70         11008.6         1058.76         3884.66         3.89809           59.01         146.461  161
   71         10986.2         1058.97          3886.4         3.89149         58.8394         145.788  163
   72         10976.1         1059.44         3876.84         3.89324         58.8602         145.391  167
   73         10962.3         1060.38         3871.66         3.89824         58.4589         144.935  169
   74         10946.2         1061.75         3857.33          3.9085         58.0263         144.337  171
   75           10931          1063.3         3838.93         3.92327         57.5762         143.671  173
   76         10919.5         1066.02         3818.12         3.94559         57.2401         142.701  175
   77         10899.9         1066.43         3803.75         3.95002         56.6532         142.423  177
   78         10880.7         1067.29         3782.35         3.95841         56.2781         141.914  179
   79         10867.3         1068.32         3773.31         3.96769         55.9194         141.314  181
   80         10858.4         1069.92         3757.45         3.98379         55.4601         140.839  185
   81         10841.6         1071.76         3749.95          4.0007         54.8614         139.845  187
   82         10822.3         1073.91         3732.69         4.02541         54.1604         138.671  189
   83         10816.1          1075.8         3719.38         4.05364         53.7075         137.643  191
   84         10802.8         1075.48         3717.66         4.05267          53.381         137.411  193
   85         10796.8         1075.07         3714.34         4.05502         53.2812         137.196  195
   86         10786.2         1074.44         3709.42         4.06536         52.9683         136.618  197
   87         10771.2         1073.56         3705.65         4.08894         52.3388         135.452  199
   88         10766.7         1071.46         3708.68         4.14807         51.2752         133.366  201
   89         10739.3         1071.38         3693.17         4.13991         50.8562         133.214  203
   90         10728.1         1070.87         3679.42         4.15189         50.5667         132.713  205
   91         10718.8         1069.53         3670.05          4.1719         50.1143         132.001  207
   92         10716.7         1066.68         3665.63         4.20951         49.4203         130.966  209
   93           10704         1066.39         3659.72         4.20187         49.3468         130.945  211
   94         10697.2         1064.88            3652         4.20747         49.1836         130.761  213
   95         10688.5         1061.62          3644.6         4.22254         48.7868         130.315  215
   96         10680.6         1056.69         3641.78         4.24342         48.2849         129.693  217
   97         10668.8         1049.62         3638.87         4.27055         47.5148         128.944  219
   98         10654.6         1044.94         3631.78         4.27999         47.1507         128.538  221
   99         10643.5         1034.91         3629.49         4.30511         46.4977         127.941  223
  100         10635.7         1028.96         3627.19         4.30928         46.3518         127.843  225
  101         10625.9         1031.32          3630.8         4.29596         46.2755         127.884  227
  102         10617.3         1029.22         3633.93         4.29191          46.141          127.82  229
  103         10604.7         1023.65         3645.29         4.28495         45.9028         127.769  231
  104         10595.9         1015.48         3658.43          4.2815         45.7152         127.769  233
  105         10581.4         1006.65          3671.7         4.27723         45.1666         127.919  235
  106         10563.5         997.184         3670.09           4.269         44.8834         128.231  237
  107         10552.3         983.347          3665.7         4.25814         44.8448         129.055  239
  108           10536         978.467          3671.7         4.23935         44.7273         129.387  241
  109         10527.7         981.388         3663.94         4.23835         44.6006         129.197  243
  110         10520.1          980.69         3661.33         4.23174         44.5682         129.283  245
  111         10509.3         979.861         3662.52         4.21857         44.5303         129.448  247
  112         10497.8         973.484         3674.85         4.19119         44.6112         130.171  249
  113         10482.7          963.41         3706.87         4.14444          44.475         131.595  251
  114         10459.4           956.9            3704         4.10913         44.5574         132.512  253
  115         10447.6         948.873         3705.95         4.07665         44.8041         133.649  255
  116         10437.5         945.249         3709.11         4.05453         44.9496          134.21  257
  117         10430.4         946.219         3703.56         4.05413         44.8405         134.075  259
  118         10417.9         943.899         3700.49         4.02897          44.969         134.769  261
  119         10406.4         943.924         3700.93         4.00845         44.9384         135.238  263
  120         10402.6         942.169         3710.33         3.96854         45.2665         136.571  265
  121           10387         941.508         3703.68         3.94942         45.1131           137.1  267
  122         10375.9         939.563         3688.56         3.91985         45.4037         138.206  269
  123         10366.6         937.976         3679.24         3.88337         45.6855         139.594  271
  124         10366.2          936.58         3669.31         3.83512         46.4137         141.577  273
  125         10348.9         937.717         3664.45         3.83074          45.986         141.426  275
  126         10343.1         938.674         3656.35          3.8234         46.0016         141.643  277
  127         10333.4         941.329         3642.62         3.80732          46.033         142.141  279
  128         10324.6         944.922         3629.91         3.78473          46.067         142.935  281
  129         10317.8         951.954         3610.12          3.7443         46.1675         144.657  283
  130         10303.4         954.276         3593.36          3.7272         46.1367         145.128  285
  131         10293.1         958.582         3565.06         3.70342         46.3116         146.116  287
  132         10290.6         963.861         3542.94         3.67417         46.6263         147.429  289
  133         10282.5         963.484          3546.9         3.67769         46.3225         147.072  291
  134         10279.8         964.573         3542.78         3.67328          46.316         147.211  293
  135         10274.8         967.561         3531.71         3.66108         46.3791         147.637  295
  136         10269.9         971.493         3523.23          3.6467         46.3849         148.122  297
  137         10266.5         976.176         3514.64         3.63001         46.3632         148.786  299
  138           10262         978.231         3510.88         3.62402         46.2921         148.925  301
  139         10256.7         981.909         3502.66         3.61628         46.2452         149.112  303
  140         10252.5         986.078         3496.52         3.60829         46.1412          149.35  305
  141         10250.5         989.811         3494.17         3.60584         46.0569          149.33  307
  142           10247         989.719         3493.88         3.60756         45.9031         149.234  309
  143           10245         989.552         3493.23         3.61045         45.8419         149.079  311
  144         10241.4         990.319         3493.02          3.6167         45.6706         148.722  313
  145         10238.6         992.814         3493.68         3.62143         45.4698         148.408  315
  146           10236         995.502         3495.39         3.62535          45.214         148.157  317
  147         10234.5         996.636          3494.2         3.62414         45.1753         148.156  319
  148         10232.8          999.27         3493.97          3.6219         45.0888         148.142  321
  149           10232         1000.87         3495.13         3.62168         45.0101         148.082  325
  150           10231         1002.24         3496.41         3.62111         44.9341          148.04  327
  151         10229.1         1005.05         3499.45         3.62129         44.7655         147.886  329
  152           10228         1009.59         3506.07          3.6233         44.5146         147.587  331
  153         10225.4         1009.65         3506.49         3.62466         44.4085         147.485  333
  154         10224.4         1009.33         3506.43         3.62647         44.3684         147.399  335
  155         10223.1         1009.37         3507.15         3.62928         44.2881         147.256  337
  156         10222.7         1010.64         3510.61         3.63628         44.1276         146.896  339
  157         10220.4         1010.95         3510.17         3.63648         44.0264         146.869  341
  158         10219.4         1011.69         3509.91         3.63739         43.9673         146.803  343
  159         10218.5         1013.04         3511.01         3.63996         43.8472         146.652  345
  160         10218.3         1014.54         3513.35          3.6446           43.71         146.412  347
  161         10217.1         1014.75          3513.4         3.64525         43.6443         146.376  349
  162         10216.3         1014.93         3513.53          3.6471         43.5863          146.29  351
  163         10215.7         1015.24         3514.52         3.65018         43.4996          146.15  353
  164         10215.4         1015.63         3516.63         3.65488         43.3866         145.942  355
  165         10214.6         1015.79         3517.59         3.65688         43.3039          145.85  357
  166         10213.8          1015.9         3518.52         3.65957          43.229         145.724  359
  167         10213.1         1015.98         3519.93         3.66284         43.1448         145.571  361
  168         10212.8         1016.04         3521.02         3.66474         43.0942          145.48  365
  169         10212.4          1016.1         3523.08         3.66761          43.011         145.345  367
  170           10212         1016.06         3524.51         3.66924         42.9668         145.257  369
  171         10211.5         1015.97         3526.36         3.67093         42.9155         145.155  371
  172         10211.1         1015.76         3529.01         3.67296         42.8581         145.035  373
  173         10210.7          1015.5         3529.73         3.67263         42.8572         145.028  375
  174         10210.2         1015.49         3528.84         3.67245         42.8533         145.038  377
  175         10209.6         1015.37         3527.59         3.67253         42.8522         145.043  379
  176         10209.3         1015.16         3527.46         3.67336         42.8393         145.014  381
  177         10209.3         1014.69         3528.05         3.67564          42.811         144.935  383
  178           10209         1014.59         3528.23         3.67642         42.7925         144.901  385
  179         10208.9         1014.53         3528.44         3.67693         42.7827         144.876  387
  180         10208.8         1014.35         3529.05         3.67798         42.7661         144.831  389
  181         10208.7         1014.23         3529.32          3.6785         42.7579         144.809  393
  182         10208.6         1013.79         3530.03         3.68014         42.7395         144.744  395
  183         10208.6         1013.09         3530.65         3.68218         42.7317         144.669  397
  184         10208.3         1012.68         3530.66         3.68311         42.7213         144.638  399
  185           10208         1012.49         3530.09         3.68308          42.727         144.644  401
  186         10207.8         1012.34         3529.54         3.68306          42.733          144.65  403
  187         10207.5         1012.02         3528.83         3.68314         42.7415         144.656  405
  188         10207.5         1011.38         3528.06         3.68377         42.7655         144.648  407
  189         10207.1         1011.29         3527.99         3.68398         42.7555         144.637  409
  190           10207         1011.22         3528.02         3.68418          42.753         144.626  411
  191         10206.9         1011.04         3528.11         3.68449         42.7537          144.61  413
  192         10206.8         1010.84         3528.06         3.68469         42.7594           144.6  417
  193         10206.6         1010.38         3527.91         3.68508         42.7781         144.582  419
  194         10206.5         1010.27         3527.83         3.68512         42.7839         144.577  423
  195         10206.4         1010.15         3527.51         3.68507         42.7951         144.576  425
  196         10206.3         1010.08         3527.18         3.68485         42.8127         144.578  427
  197         10206.1         1010.25         3527.06         3.68463         42.8026         144.583  429
  198           10206         1010.47         3526.86         3.68438         42.7958         144.588  431
  199         10205.8         1010.84         3526.49         3.68394         42.7904         144.596  433
  200         10205.7         1011.01         3526.19          3.6837         42.7926         144.601  437
  201         10205.6          1011.3         3525.63         3.68334          42.796          144.61  439
  202         10205.5         1011.46         3525.22         3.68314         42.8002         144.615  443
  203         10205.5         1011.78         3524.21         3.68268          42.815         144.629  445
  204         10205.4         1011.85         3524.02         3.68257         42.8172         144.633  449
  205         10205.4         1011.94         3523.72         3.68239         42.8206         144.638  451
  206         10205.3         1012.06         3523.44         3.68216         42.8248         144.645  455
  207         10205.3         1012.55         3522.62         3.68122         42.8385         144.671  457
  208         10205.2         1012.66         3522.39         3.68097         42.8429         144.677  461
  209         10205.2         1013.01         3521.68         3.68025          42.857         144.695  463
  210         10205.1         1013.25         3521.22         3.67977         42.8661         144.708  467
  211           10205         1013.54         3520.65         3.67918         42.8768         144.723  471
  212           10205         1013.75         3520.27         3.67876         42.8847         144.734  475
  213           10205         1013.93         3519.94         3.67837         42.8919         144.744  479
  214           10205         1014.11         3519.61         3.67796         42.8996         144.755  483
  215         10204.9          1014.3         3519.28         3.67753         42.9075         144.766  487
  216         10204.9         1014.49         3518.95         3.67706         42.9163         144.778  491
  217         10204.9         1015.12         3517.97         3.67539         42.9484         144.822  493
  218         10204.9         1015.44         3517.51         3.67449         42.9657         144.843  495
  219         10204.7         1015.47         3517.42         3.67422         42.9669         144.848  497
  220         10204.3         1015.53         3517.41          3.6733         42.9769         144.864  499
  221         10204.3          1015.6          3517.4         3.67275         42.9875         144.874  501
  222         10204.2         1015.61         3517.36         3.67277         42.9837         144.874  503
  223         10204.1         1015.63         3517.33         3.67258         42.9851         144.877  505
  224           10204         1015.67         3517.36         3.67202         42.9921         144.888  507
  225         10203.9         1015.71         3517.48         3.67129         43.0025         144.904  509
  226         10203.8         1015.75         3517.55         3.67076         43.0071         144.917  511
  227         10203.7         1015.77          3517.5         3.67047         43.0103         144.925  513
  228         10203.6          1015.8         3517.35         3.66986         43.0182         144.943  515
  229         10203.4         1015.86         3517.25         3.66871         43.0336         144.977  517
  230         10203.3         1015.89         3517.25         3.66808         43.0391         144.997  519
  231         10203.3         1015.88         3517.26         3.66818         43.0348         144.994  521
  232         10203.2         1015.88         3517.33         3.66821         43.0299         144.992  523
  233         10203.1         1015.89         3517.49         3.66806         43.0245         144.996  525
  234         10203.1         1015.92         3517.79         3.66751         43.0236         145.013  527
  235           10203         1015.95         3517.88         3.66727         43.0194         145.021  529
  236         10202.9         1015.98         3517.94         3.66687         43.0198         145.034  531
  237         10202.8         1016.01            3518         3.66634          43.022         145.052  533
  238         10202.8         1016.06         3518.17          3.6654         43.0261         145.086  535
  239         10202.7         1016.07         3518.17         3.66527         43.0232         145.092  537
  240         10202.7         1016.07         3518.15         3.66518         43.0211         145.097  539
  241         10202.6         1016.08         3518.11         3.66501         43.0174         145.107  541
  242         10202.5         1016.11         3518.15         3.66443         43.0072         145.138  543
  243         10202.5         1016.12         3518.27         3.66405         43.0019         145.156  547
  244         10202.4         1016.14         3518.48         3.66352         42.9933         145.181  549
  245         10202.3         1016.14         3518.76           3.663         42.9863         145.203  551
  246         10202.2         1016.13          3519.1         3.66253         42.9804          145.22  553
  247         10202.1          1016.1         3519.85         3.66162         42.9688         145.256  555
  248         10202.1         1016.03         3520.31         3.66119         42.9613         145.274  557
  249           10202         1016.02         3520.11         3.66132         42.9584          145.27  559
  250         10201.9         1015.98         3519.95         3.66135         42.9535         145.276  561
  251         10201.8         1015.93         3519.83         3.66133         42.9475         145.286  563
  252         10201.8         1015.78         3519.55         3.66108         42.9369          145.32  565
  253         10201.6          1015.7          3519.2         3.66088         42.9259         145.347  567
  254         10201.5         1015.49         3518.44         3.66026         42.9076         145.417  569
  255         10201.4         1015.33         3518.07         3.65963         42.8966         145.475  571
  256         10201.3         1015.32         3518.14         3.65952         42.8928         145.478  573
  257         10201.3         1015.28         3518.31         3.65927         42.8881          145.49  575
  258         10201.2         1015.28         3518.63         3.65907         42.8837         145.495  577
  259         10201.2         1015.27         3518.96         3.65882         42.8778         145.503  581
  260         10201.1         1015.24         3519.67          3.6582          42.864         145.529  583
  261           10201         1015.21         3519.93         3.65761         42.8539         145.559  585
  262         10200.9         1015.18         3519.98         3.65689         42.8408         145.601  587
  263         10200.8         1015.18         3519.44         3.65619         42.8321         145.655  589
  264         10200.8          1015.2         3518.86         3.65585         42.8254         145.688  591
  265         10200.7         1015.22         3518.47         3.65582         42.8236         145.697  593
  266         10200.6         1015.29         3517.68         3.65558         42.8186         145.727  597
  267         10200.6         1015.34         3517.13         3.65526          42.814         145.757  601
  268         10200.6         1015.39         3516.69         3.65497         42.8106         145.783  605
  269         10200.5          1015.4         3516.61         3.65487         42.8099         145.788  613
  270         10200.5         1015.46         3516.29         3.65463         42.8072         145.806  617
  271         10200.5         1015.56         3515.85         3.65426         42.8036         145.833  621
  272         10200.4         1015.62         3515.57         3.65397         42.8015          145.85  631
  273         10200.4          1015.7         3515.25         3.65366         42.7991          145.87  639
