    0          877698         2698.27          654711         220.289               0               0  1
    1          532551         2591.93          501712         23.1096         2.98085         253.884  7
    2          230994         2413.43          139661         28.4701         9.24715         3013.23  9
    3          156282         2232.61          100546         27.2885        0.718618         1310.01  11
    4          133161         2208.38         98562.6         26.8429         1.92138         275.418  13
    5          124646          2173.9         90565.1         26.6611         1.89685         260.393  15
    6         93620.5         1967.25         51272.6         26.0549         1.83112         714.452  17
    7         75132.2         1825.55         33670.6         25.1395         1.39422         723.439  19
    8           64813         1666.78         23438.1          24.023         2.89624         781.357  23
    9           55853         1583.72         20154.7         23.2256         1.89185         542.559  25
   10         53648.9         1588.66         18788.3          23.101         1.87439         506.667  27
   11         49543.7         1442.33         17067.3         21.7942         2.63675         459.357  29
   12         47326.8         1398.44         16741.7          21.323         2.16835         391.012  31
   13           45484         1339.14         16014.4         20.8366         2.34352         362.349  33
   14         40242.6         1141.67         13588.1         19.1764         3.18194         313.642  35
   15         36807.3         964.913         11288.5         17.4445         5.13952         350.327  37
   16         33311.5         892.774         11510.2          16.278         5.71166         225.816  39
   17         32036.7         896.955         10543.3         16.2886         5.59603         209.794  41
   18         30180.1         888.258         9074.97         16.0123         5.75451         204.472  43
   19         28245.7         867.285         8026.71          15.291         6.73044         196.305  45
   20         26429.7         866.405         7843.55         14.1488         7.93426         170.615  47
   21         24607.4         879.515         6927.17         13.5267         8.77751         154.922  49
   22         22404.3         954.779         5945.33         12.1865         11.3727         154.509  51
   23         21724.8         980.712         5659.86         11.8389         11.9648           150.3  55
   24         20930.5         984.633         5151.48         11.7428         12.1187         140.461  57
   25         19243.4         1100.48         4288.79         10.6158         15.3262          146.59  59
   26         19004.2         1179.28          4445.7         10.0194         17.6763         150.311  61
   27         18138.7         1122.74         4044.47         10.3466         15.9877         115.261  63
   28         17894.3          1135.1         3897.03         10.2358         16.3186         114.999  65
   29           17351         1198.12         3638.82         9.72772         18.1689         121.148  67
   30         17021.3         1233.02         3484.99         9.39289         19.4769         126.042  69
   31         16521.3         1273.69         3363.42         8.96831         21.2483         124.544  71
   32           16134         1311.49          3302.9         8.42685         23.8244         130.815  73
   33         15824.6         1322.77         3331.94         8.15832          25.087          125.49  75
   34         15646.7         1314.04         3220.14         8.15405         25.0338         122.889  77
   35         15263.7         1298.25         3105.24         7.86096         26.5192         123.442  79
   36         15103.2         1304.54         3105.65         7.62756         27.8107         125.462  83
   37         15002.9         1309.73         3066.53           7.514          28.508         127.126  85
   38         14745.2         1327.05         3012.34         7.00205         31.9484         138.241  87
   39         14652.3         1322.73         3018.82         6.71039         34.1218         145.894  89
   40         14510.4         1316.27         2969.15         6.73582         33.7697         140.686  91
   41         14340.5         1299.07          2928.8         6.63946         34.3121         139.346  93
   42         14231.1         1283.57         2941.74         6.46953          35.524         141.287  95
   43         14100.9         1248.79         2984.47         6.21379         37.4208         145.272  97
   44         13921.8            1225          2982.2         6.03196         38.7439         145.388  99
   45           13804         1214.45         2938.11         5.97768         39.0443         144.645  101
   46         13664.2         1191.07         2955.17         5.82213         40.1136         144.675  103
   47         13587.2         1172.54         2991.77         5.66948         41.3684         146.303  105
   48         13509.4         1171.64         2960.19         5.64849         41.4822         144.973  107
   49         13420.1         1161.87         2952.45         5.53417         42.5223         146.059  109
   50         13360.2         1151.75         2971.06         5.42923         43.4945         146.914  111
   51         13272.5          1122.5         3032.54         5.10072         47.1723         153.667  113
   52         13131.3         1111.61         3044.49         4.97614         48.3656         151.587  115
   53         13082.6          1110.5         3012.43         4.97115         48.3614         151.063  117
   54         13025.1         1104.63         3000.16         4.91434         48.9941         151.302  119
   55         12997.7         1099.97         2998.84         4.86096         49.6604         152.234  123
   56         12967.2         1096.29         2995.35         4.81616         50.2125         152.758  125
   57         12918.1         1089.05         2985.88         4.72256         51.4677         154.562  127
   58         12902.4         1083.79          2979.8         4.65111         52.5135         156.869  129
   59         12874.3          1083.2         2975.88          4.6414         52.5424         156.148  131
   60           12848         1082.06         2967.66         4.62553         52.7073         155.931  133
   61         12826.6         1080.37         2962.92         4.60282         52.9825         156.042  135
   62         12784.7         1075.14         2952.19         4.53286         54.1028         157.125  137
   63         12762.9         1071.86         2947.62         4.48941         54.7446         157.958  141
   64           12744         1069.49         2941.76         4.45728          55.208         158.568  143
   65         12728.3         1067.76         2930.26         4.43496         55.5955         159.168  145
   66         12710.8         1065.19         2916.46         4.40233         56.2013         160.141  147
   67         12693.9         1063.61         2903.41         4.38139           56.59         160.686  149
   68         12677.9         1063.19         2895.81         4.37533         56.5859         160.592  151
   69         12660.9         1062.08         2885.71         4.35712         56.7956         161.005  153
   70         12645.7         1061.76         2882.37         4.34963         56.7718         160.823  155
   71         12633.5         1061.12         2877.46         4.33803         56.8774         160.969  157
   72         12617.2         1059.71         2870.89         4.31267         57.1683          161.53  159
   73         12607.1         1058.72         2866.01         4.29531         57.4156         161.938  163
   74           12596         1058.01         2859.95         4.28186         57.5469         162.265  165
   75         12579.8         1056.75         2847.35         4.26067         57.7998         162.952  167
   76         12572.3         1055.88         2840.41         4.24604         57.9567         163.541  169
   77         12562.4         1055.82         2837.14         4.24551         57.8682          163.33  171
   78         12549.6         1055.39          2830.9         4.24325         57.7796         163.224  173
   79           12538         1054.81         2827.26         4.23879         57.7004         163.159  175
   80           12516         1052.74          2820.8         4.21737         57.7226         163.534  177
   81         12501.5         1050.14            2824         4.18769         57.8998         164.081  179
   82         12477.9         1050.03         2816.99         4.17891         57.7309         163.869  181
   83         12467.9         1049.22         2814.41         4.16834         57.8023         163.994  183
   84         12456.4         1048.07         2814.22         4.15557         57.8412         164.084  185
   85         12452.7         1043.67         2817.49         4.11896         58.3956         165.232  187
   86         12414.7          1042.8          2814.5         4.10329         58.0255         164.679  189
   87         12399.3          1041.2         2809.12         4.09159         58.0258         164.842  191
   88         12384.5         1038.86         2804.11         4.07647         58.0784         165.176  193
   89         12364.9         1034.35          2794.6         4.05385         58.3577         165.748  195
   90         12339.3          1029.8         2790.44         4.02778          58.359         166.204  197
   91         12319.6         1028.18         2788.21         4.01611         58.2685         166.088  199
   92         12304.6          1024.6         2788.72         4.00471         58.1866         166.143  201
   93         12288.4         1020.48         2792.16         3.99213         58.1168         166.065  203
   94         12264.3         1017.52         2789.81         3.98417         57.7905         165.849  205
   95         12241.5         1008.89         2784.45         3.96683          57.771         166.296  207
   96         12223.6         1003.44         2782.99         3.94644         57.7595         166.776  209
   97         12205.2         1004.38         2775.45         3.94447         57.5198         166.525  211
   98         12196.8         1002.65            2770         3.94045         57.5186         166.664  213
   99         12183.8         999.779         2764.15         3.93594         57.4397         166.757  215
  100         12170.9         991.585         2759.64         3.92984         57.3853         167.105  217
  101         12144.8         985.935         2759.73         3.91924         56.9471         167.049  219
  102         12126.3         982.662         2757.36         3.91377         56.7178         166.906  221
  103         12110.9         976.337         2762.77         3.91336         56.2761         166.646  223
  104         12107.5         969.843         2769.83         3.91291         56.2529         166.492  225
  105         12083.8         971.593         2764.72         3.91109         55.6745         166.144  227
  106         12069.1         969.533         2761.04         3.91234         55.3241         165.988  229
  107         12054.2          965.46         2758.51         3.91587         54.8564         165.861  231
  108         12036.2         959.257         2747.98         3.92348         54.2595         166.017  233
  109         12028.6         948.017         2731.84          3.9452         53.2143         166.962  235
  110         11997.9         948.898         2722.02         3.93284         52.9301         166.779  237
  111         11987.9         948.031         2713.77          3.9366         52.6775         166.797  239
  112         11977.7          946.61         2708.51         3.94202         52.2227         166.807  241
  113         11967.6         943.425         2705.02         3.95317         51.5508         166.746  243
  114         11951.8         941.635         2699.11         3.95525            51.1         166.689  245
  115         11940.5         938.774         2691.25         3.96116            50.7         166.767  247
  116         11930.5         936.491         2683.49         3.96696         50.2684         166.909  249
  117         11923.3         934.322         2672.85         3.97581         49.9281         167.086  253
  118         11913.7         930.308         2652.76         3.99336         49.1155         167.748  255
  119         11895.9         931.206         2644.42         3.99117         48.8657         167.591  257
  120         11881.9         932.953         2641.11         3.99342         48.4762         167.245  259
  121         11872.3         934.971         2640.95          3.9957         48.1441         166.889  261
  122         11863.7           936.6         2638.95         3.99994         47.7328         166.675  263
  123           11852         938.518         2636.84         4.00388         47.3087         166.328  265
  124         11842.3         940.425         2633.51         4.00669         46.9084         166.174  267
  125         11834.4         941.787         2633.02         4.00702         46.5838         166.045  269
  126         11829.4         941.931         2630.96         4.00505          46.541          166.03  271
  127         11822.1         943.398         2626.39         4.00212         46.3121         166.199  273
  128         11815.4         945.513         2624.54         4.00147         45.9598         166.234  275
  129         11810.7         946.233         2620.36         4.00206          45.873          166.23  277
  130         11803.8         949.752         2613.21         4.00424         45.4743         166.354  279
  131         11801.1         953.099         2610.94         4.00244         45.1515         166.579  281
  132           11796         953.246         2610.93         4.00079         45.1093         166.443  283
  133         11791.1         954.753         2612.51         3.99745         44.9566         166.365  285
  134         11788.6         956.475         2613.84         3.99459         44.8005         166.383  287
  135         11784.6         959.317         2618.38         3.98779         44.5819         166.375  289
  136         11778.1         961.391         2621.62         3.98004         44.4056         166.349  291
  137         11771.9         962.068         2621.46         3.97485          44.361         166.315  293
  138         11767.3          962.72         2621.66         3.96672         44.3723          166.44  295
  139         11763.9         963.187         2619.92          3.9654          44.304         166.466  297
  140         11762.1         963.432         2617.98         3.96518         44.2821         166.493  299
  141         11758.7         965.102         2615.63         3.96057         44.1836         166.685  301
  142         11757.4         966.808          2615.4         3.95425         44.1593         166.886  303
  143         11754.9         966.933         2615.04         3.95368         44.1067         166.855  305
  144         11753.1         967.698         2614.91         3.95038         44.0935         166.913  307
  145         11751.7          968.91         2615.25         3.94575         44.0671         167.024  309
  146         11750.8         970.787         2616.32         3.93862         44.0502         167.205  311
  147         11748.8         971.327         2616.71         3.93682         43.9895         167.208  313
  148         11746.8          971.78          2617.2         3.93531         43.9429         167.181  315
  149         11744.4         972.618         2618.39         3.93259          43.863         167.179  317
  150           11743         973.973         2619.67         3.92817         43.8264         167.231  319
  151         11739.6         974.503         2619.33         3.92682          43.693         167.254  321
  152         11738.1         974.699         2618.37         3.92619         43.6655         167.278  323
  153         11737.1         974.964         2617.99         3.92534         43.6397         167.303  325
  154         11736.2         975.302         2618.59         3.92382         43.6124          167.31  327
  155         11734.7         975.565         2619.31         3.92279         43.5544         167.299  329
  156         11733.5         975.715          2620.5         3.92164         43.5155         167.265  331
  157         11732.5         975.814         2621.85         3.92055         43.4777         167.236  333
  158         11731.5         975.889         2623.77         3.91906         43.4335         167.206  335
  159         11730.3         975.911         2623.29         3.91874         43.4009         167.216  337
  160         11729.2         975.856         2621.95         3.91861         43.3783         167.258  339
  161         11728.6         975.826         2620.99         3.91856         43.3546         167.305  341
  162         11727.8         975.747         2619.86         3.91854         43.3284         167.354  343
  163         11726.9         975.642         2618.58         3.91841         43.3032         167.413  345
  164         11726.1         975.521         2617.74         3.91808           43.27         167.469  347
  165         11725.3         975.475         2617.87         3.91764         43.2508         167.463  349
  166         11724.3         975.404         2618.86         3.91684         43.2308         167.431  351
  167         11723.7         975.322         2619.46         3.91599         43.2132         167.435  353
  168           11723         975.249         2619.56         3.91535         43.1936         167.448  355
  169         11722.3         975.176          2618.8         3.91462         43.1741         167.512  357
  170         11721.8         975.132         2617.73         3.91405         43.1601         167.582  359
  171         11721.1         975.084          2616.2         3.91322         43.1438         167.686  361
  172         11720.6         975.096         2614.87         3.91181         43.1314         167.812  363
  173         11719.6         975.136         2614.84         3.91108         43.1121         167.817  365
  174         11718.6         975.201         2615.34         3.90957         43.0963          167.83  367
  175         11717.8         975.309         2615.89         3.90767         43.0821         167.864  369
  176         11717.5          975.58         2616.94         3.90356         43.0795         167.989  371
  177           11716         975.718         2616.39         3.90241          43.059         168.016  373
  178         11715.5         975.812         2615.77         3.90192         43.0519         168.046  375
  179         11714.9          976.04         2615.09         3.90054         43.0403         168.119  377
  180         11714.6          976.54         2614.28         3.89708         43.0565         168.278  379
  181         11713.1         976.865         2614.03         3.89547         43.0163         168.319  381
  182         11712.2         977.248         2613.89         3.89328         43.0096          168.38  383
  183         11711.5         977.712         2614.09         3.89067         43.0097         168.443  385
  184         11711.3         978.594         2614.96         3.88563         43.0557         168.549  387
  185         11709.7          979.04         2615.25         3.88335         43.0244         168.581  389
  186         11709.1          979.31         2615.45         3.88216         43.0219         168.588  391
  187         11708.6         979.724         2615.78          3.8805         43.0214         168.606  393
  188         11708.1         980.509         2616.13         3.87728         43.0454         168.666  395
  189           11707         980.931         2615.83         3.87592         43.0231         168.692  397
  190           11706         981.523         2615.13         3.87397         43.0278         168.742  399
  191         11705.3         982.066         2614.86         3.87205         43.0397         168.779  401
  192         11705.1         983.159         2615.09         3.86815         43.0971          168.84  403
  193         11703.9         983.365         2615.17         3.86751         43.0735          168.82  405
  194         11703.4         983.543         2615.44          3.8671         43.0691         168.796  407
  195         11702.9         983.967         2615.91         3.86598         43.0695         168.783  409
  196         11702.6         985.016         2616.57         3.86325         43.0954         168.795  411
  197         11701.5         985.357         2616.08         3.86226         43.0836         168.808  413
  198         11700.8         985.932          2615.1         3.86081         43.0946         168.854  415
  199         11700.3         986.575         2614.33         3.85927         43.1058           168.9  417
  200         11700.2         987.837         2613.22         3.85648           43.15         168.984  419
  201         11699.2         988.037         2613.14         3.85609         43.1256         168.971  421
  202         11698.7         988.416         2613.13         3.85568         43.1174         168.957  423
  203         11698.3          989.07         2613.34         3.85489         43.1084         168.941  425
  204           11698         990.432         2613.91         3.85342         43.1078         168.902  427
  205         11697.1         991.262          2613.8         3.85248         43.0875          168.89  429
  206         11696.4         992.183         2613.21         3.85167         43.0836         168.885  431
  207           11696         993.099         2612.41         3.85102         43.0769         168.897  433
  208         11695.9         994.564         2610.64         3.85024         43.0736         168.947  435
  209         11695.1         994.792         2610.05         3.85014         43.0514         168.956  437
  210         11694.6         995.324         2608.85         3.85009         43.0303         168.986  439
  211         11694.2         996.084         2607.84         3.84987         43.0052         169.015  441
  212         11694.1         997.794         2606.38          3.8493         42.9756         169.056  443
  213         11693.3         998.498         2605.98         3.84885         42.9479         169.052  445
  214         11692.9         998.908         2605.99         3.84858         42.9397         169.032  447
  215         11692.6         999.598         2605.88         3.84832         42.9252         169.016  449
  216         11692.4         999.989         2605.54         3.84824         42.9174         169.014  453
  217         11692.1         1000.81         2604.68         3.84817         42.9018         169.022  455
  218         11691.9          1001.4         2603.62         3.84823         42.8963         169.035  457
  219         11691.3         1001.72          2602.8         3.84835         42.8768         169.047  459
  220         11690.9         1001.63         2602.48         3.84845         42.8673         169.051  461
  221         11690.8          1001.5         2602.49         3.84847         42.8661         169.049  463
  222         11690.3         1001.35         2602.77         3.84839         42.8576         169.032  465
  223           11690         1001.24         2603.15         3.84825         42.8542         169.016  467
  224         11689.8         1001.14         2603.52         3.84813         42.8515         169.001  469
  225         11689.8         1000.88         2604.01         3.84809         42.8602         168.981  471
  226         11689.5         1000.88         2603.76         3.84814          42.849         168.985  473
  227         11689.3         1000.84         2603.37         3.84828         42.8467         168.994  475
  228         11689.2          1000.7         2602.91          3.8485         42.8447         169.008  477
  229         11689.1         1000.38         2602.18         3.84886         42.8468         169.035  479
  230         11688.8         1000.22         2601.84           3.849         42.8399         169.048  481
  231         11688.6            1000         2601.47         3.84915         42.8381         169.062  483
  232         11688.5           999.8         2601.23         3.84928          42.836         169.074  485
  233         11688.4          999.51         2600.93         3.84949         42.8314         169.091  487
  234         11688.2         999.284         2600.73         3.84964         42.8277           169.1  489
  235         11688.1          998.99          2600.5         3.84986         42.8226         169.113  491
  236         11687.9         998.744         2600.42         3.84998         42.8197          169.12  493
  237         11687.8         998.463         2600.39         3.85007         42.8166         169.126  495
  238         11687.7         997.956          2600.4         3.85013         42.8179         169.142  497
  239         11687.6         997.504         2600.24         3.85013         42.8247         169.162  499
  240         11687.5         997.194         2600.04          3.8501         42.8287         169.178  501
  241         11687.4          996.71         2599.66         3.85011         42.8362          169.21  503
  242         11687.4         996.425         2599.47         3.85014         42.8419         169.225  507
  243         11687.4         995.779         2599.05         3.85023          42.857         169.258  511
  244         11687.3         994.885         2598.51         3.85033          42.878         169.299  515
  245         11687.1         993.121         2597.54         3.85049         42.9293          169.37  517
  246         11686.7         993.161         2597.55         3.85046         42.9137         169.364  519
  247         11686.4         993.241         2597.66         3.85043         42.9026         169.351  521
  248         11686.1          993.06         2597.77         3.85038         42.9005         169.344  523
  249         11685.8         992.468          2597.8         3.85028         42.9129         169.348  525
  250         11685.4         992.074          2597.5         3.85027         42.9185         169.361  527
  251         11685.3          991.76         2597.15         3.85026         42.9271         169.379  529
  252         11685.2         991.537          2596.8         3.85027         42.9328         169.396  531
  253         11685.1         991.346         2596.41         3.85028          42.937         169.416  533
  254           11685         991.386          2596.3         3.85027         42.9336         169.419  535
  255         11684.9         991.511         2596.28          3.8502         42.9264         169.418  537
  256         11684.8         991.614         2596.45         3.85004         42.9203         169.413  539
  257         11684.6         991.787         2596.86         3.84974         42.9141         169.399  541
  258         11684.6         991.927         2597.21         3.84944         42.9119         169.387  543
  259         11684.5         991.929         2597.23         3.84939           42.91         169.387  545
  260         11684.5         991.972         2597.14         3.84936         42.9084         169.391  547
  261         11684.4         992.084         2596.91          3.8493         42.9054         169.401  549
  262         11684.4         992.369         2596.43         3.84916         42.8989         169.421  551
  263         11684.3         992.649         2596.01         3.84903          42.893         169.437  553
  264         11684.2         992.965         2595.61         3.84886         42.8882         169.452  555
  265         11684.2         993.135         2595.52         3.84872         42.8862         169.454  557
  266         11684.1         993.276         2595.58         3.84856         42.8846         169.452  559
  267         11684.1         993.486         2595.74         3.84825         42.8836         169.447  561
  268         11684.1         993.701         2595.97         3.84789         42.8836         169.441  563
  269           11684         993.873         2596.03         3.84763         42.8842          169.44  565
  270           11684         994.046         2595.97         3.84735         42.8868         169.443  567
  271         11683.9         994.287         2595.82         3.84701         42.8916         169.449  569
  272         11683.9         994.416         2595.67         3.84684         42.8937         169.454  571
  273         11683.9         994.511         2595.56          3.8467         42.8965         169.458  573
  274         11683.8         994.623         2595.47         3.84651            42.9         169.461  575
  275         11683.8         994.816          2595.4         3.84617         42.9058         169.464  577
  276         11683.7         995.072         2595.31         3.84566         42.9155         169.468  579
  277         11683.7         995.365         2595.19         3.84508         42.9275         169.475  581
  278         11683.6         995.552         2595.08         3.84472         42.9338         169.479  583
  279         11683.6         995.665         2594.96         3.84449         42.9379         169.485  585
  280         11683.5         995.916         2594.75         3.84402         42.9459         169.495  587
  281         11683.4         996.168          2594.6         3.84351         42.9537         169.503  589
  282         11683.4         996.257         2594.59         3.84333         42.9555         169.504  591
  283         11683.3         996.646         2594.57         3.84255         42.9652          169.51  593
  284         11683.2         997.025         2594.53         3.84182         42.9755         169.517  595
  285         11683.2          997.07          2594.5         3.84173         42.9754         169.518  597
  286         11683.1         997.432         2594.43         3.84106         42.9833         169.524  599
  287           11683         997.731          2594.4          3.8405         42.9899         169.529  601
  288         11682.9         998.285         2594.35         3.83953         43.0002         169.537  603
  289         11682.8         999.207         2594.29         3.83798         43.0162         169.551  605
  290         11682.6         999.375         2594.28         3.83773         43.0105         169.553  607
  291         11682.5         999.495         2594.27         3.83763         43.0031         169.554  609
  292         11682.5         999.734         2594.22         3.83735         42.9961         169.561  611
  293         11682.4         1000.14         2594.07         3.83682         42.9907         169.577  613
  294         11682.3         1000.24         2593.97         3.83666         42.9885         169.584  615
  295         11682.3         1000.32         2593.88          3.8365         42.9877          169.59  617
  296         11682.2         1000.39         2593.83         3.83636         42.9866         169.596  619
  297         11682.2         1000.44         2593.81         3.83625         42.9855         169.601  623
  298         11682.2         1000.58         2593.77         3.83594         42.9822         169.613  625
  299         11682.2         1000.61         2593.75         3.83587         42.9813         169.617  629
  300         11682.2         1000.67         2593.69          3.8357         42.9795         169.626  631
  301         11682.2         1000.68         2593.65         3.83566         42.9787          169.63  635
  302         11682.2         1000.66         2593.53         3.83563         42.9766         169.641  637
  303         11682.1         1000.65         2593.48         3.83562         42.9758         169.644  641
  304         11682.1         1000.58         2593.34         3.83568         42.9732         169.652  643
  305         11682.1         1000.48          2593.2         3.83578         42.9698         169.663  645
  306         11682.1          1000.4         2593.18         3.83585         42.9661         169.666  647
  307           11682         1000.36         2593.22         3.83588         42.9639         169.664  649
  308           11682         1000.25         2593.36         3.83595         42.9584         169.663  651
  309         11681.9         1000.13         2593.46         3.83603         42.9523         169.663  653
  310         11681.9         1000.07         2593.47         3.83608         42.9489         169.665  655
  311         11681.9         999.943         2593.41         3.83619         42.9416         169.673  657
  312         11681.8         999.875         2593.36         3.83627         42.9376         169.678  659
  313         11681.8         999.884         2593.31         3.83628         42.9373         169.679  661
  314         11681.8         999.863         2593.14         3.83639         42.9331         169.686  663
  315         11681.8         999.806         2593.04         3.83653         42.9271         169.692  665
  316         11681.7         999.743         2592.97         3.83666         42.9199         169.698  667
  317         11681.7          999.59          2592.9         3.83698         42.9034         169.707  669
  318         11681.7         999.552         2592.96         3.83707         42.8968         169.707  671
  319         11681.6         999.558         2593.01         3.83706         42.8952         169.705  673
  320         11681.6         999.585         2593.17         3.83708         42.8897         169.701  675
  321         11681.6         999.586         2593.19          3.8372         42.8798         169.703  677
  322         11681.6         999.582         2593.11         3.83727         42.8761         169.707  679
  323         11681.6         999.559         2592.87         3.83751         42.8633         169.719  681
  324         11681.6         999.562         2592.85         3.83755         42.8604          169.72  685
  325         11681.6         999.562         2592.84          3.8376         42.8574         169.722  689
  326         11681.6         999.567         2592.81          3.8377         42.8516         169.724  693
  327         11681.6         999.573          2592.8         3.83777         42.8469         169.725  701
  328         11681.6         999.579         2592.79         3.83783         42.8425         169.726  709
  329         11681.6         999.589          2592.8          3.8379         42.8378         169.726  717
  330         11681.6         999.597          2592.8         3.83796         42.8333         169.727  725
  331         11681.6         999.604          2592.8         3.83802         42.8292         169.727  733
  332         11681.6         999.616         2592.81         3.83809         42.8248         169.728  741
