    0                       0.796143          35.015  1
    1                       0.795613         30.6531  7
    2                       0.791424         13.5167  9
    3                       0.787852         8.25972  11
    4                       0.784218         5.94399  13
    5                       0.781039         4.99765  15
    6                       0.777424         4.45301  17
    7                       0.774935          4.0826  19
    8                       0.771268         3.64825  21
    9                        0.76096         2.99339  23
   10                       0.756362         2.80985  27
   11                       0.752681         2.69959  29
   12                       0.744737         2.57243  31
   13                       0.740764         2.50186  33
   14                       0.738377          2.4609  35
   15                       0.722782         2.30044  37
   16                       0.710196         2.26065  39
   17                       0.707668         2.18633  41
   18                       0.700703         2.12724  43
   19                       0.691947         2.07316  45
   20                       0.671179         1.98229  47
   21                       0.655384         1.92568  49
   22                       0.656384         1.89682  51
   23                       0.648103         1.85245  53
   24                       0.636797         1.81265  55
   25                       0.607036         1.76557  57
   26                        0.59927         1.71146  59
   27                       0.594531         1.68075  61
   28                       0.575873         1.63076  63
   29                       0.558013         1.58894  65
   30                       0.554818          1.5509  67
   31                       0.549345          1.5257  69
   32                       0.539853         1.50189  71
   33                       0.526991         1.49039  73
   34                       0.526087         1.47499  75
   35                       0.523124         1.46682  77
   36                       0.516867         1.45537  79
   37                       0.501045         1.46319  81
   38                       0.499743         1.43617  83
   39                       0.495863         1.42984  85
   40                       0.487553           1.423  87
   41                       0.479403         1.42352  91
   42                       0.471165         1.41267  93
   43                         0.4639         1.40421  95
   44                       0.459317         1.39761  97
   45                       0.455406          1.3871  99
   46                        0.45473         1.37936  101
   47                       0.451504         1.37635  103
   48                       0.448949         1.37004  105
   49                       0.445329         1.36833  107
   50                       0.444868         1.36132  109
   51                       0.443396         1.35734  111
   52                       0.441308         1.35329  113
   53                       0.438757         1.35995  115
   54                       0.438832          1.3479  117
   55                        0.43875         1.34598  119
   56                       0.438296         1.34305  121
   57                       0.438128         1.34839  123
   58                       0.438186          1.3393  125
   59                       0.438364         1.33805  127
   60                       0.438886         1.33769  129
   61                       0.440245         1.33474  131
   62                       0.441957         1.33443  135
   63                       0.444022         1.33019  137
   64                       0.445646         1.32854  139
   65                       0.448688         1.32784  141
   66                       0.449464         1.32443  143
   67                       0.449923         1.32128  145
   68                       0.451205         1.31883  147
   69                       0.452897         1.31581  149
   70                       0.455991         1.31344  151
   71                       0.458285         1.31135  153
   72                       0.459138         1.30974  155
   73                         0.4605         1.30915  157
   74                       0.463351         1.31125  159
   75                       0.463502         1.30829  161
   76                       0.464444          1.3076  163
   77                       0.465796         1.30697  165
   78                        0.46893         1.30467  167
   79                       0.470845         1.30347  171
   80                        0.47246         1.30098  173
   81                       0.474166         1.29896  175
   82                       0.475945          1.2978  177
   83                       0.477277         1.29629  179
   84                       0.477593         1.29447  181
   85                       0.478998         1.29317  183
   86                       0.479432         1.29125  185
   87                       0.479909         1.29009  187
   88                        0.48177         1.28829  189
   89                       0.483947         1.28897  191
   90                       0.483819         1.28679  193
   91                       0.484351         1.28626  195
   92                       0.485482         1.28615  197
   93                        0.48692         1.28556  199
   94                       0.490476         1.28703  201
   95                       0.489801         1.28417  203
   96                       0.489668         1.28366  205
   97                       0.489942          1.2832  207
   98                       0.491305         1.28602  209
   99                       0.491579         1.28302  211
  100                       0.492276         1.28266  213
  101                        0.49345         1.28298  215
  102                        0.49481         1.28288  217
  103                        0.49728         1.28531  219
  104                        0.49667         1.28303  221
  105                       0.496384         1.28254  223
  106                       0.496373         1.28246  225
  107                       0.497041         1.28459  227
  108                       0.497585         1.28389  229
  109                       0.498246         1.28377  231
  110                       0.498992         1.28389  233
  111                       0.499838         1.28437  235
  112                       0.500538         1.28427  237
  113                       0.500552         1.28413  239
  114                       0.500561         1.28433  241
  115                       0.500846         1.28606  243
  116                       0.500924         1.28522  245
  117                       0.501043         1.28519  247
  118                       0.501172         1.28533  249
  119                       0.501404         1.28566  251
  120                       0.501643         1.28586  253
  121                       0.501577         1.28526  255
  122                       0.501469         1.28506  257
  123                       0.501377         1.28534  259
  124                       0.501269         1.28578  261
  125                       0.501104         1.28644  263
  126                       0.500923         1.28734  265
  127                       0.500887          1.2862  267
  128                       0.500772         1.28533  269
  129                       0.500537         1.28477  271
  130                       0.499958         1.28608  273
  131                       0.499891          1.2848  275
  132                       0.499759         1.28492  277
  133                       0.499522          1.2854  279
  134                       0.499089         1.28539  281
  135                       0.498435         1.28537  283
  136                       0.498303         1.28443  285
  137                       0.497939         1.28302  287
  138                       0.497351         1.28204  289
  139                       0.496529         1.28141  291
  140                       0.496263         1.28106  293
  141                       0.496065         1.28094  295
  142                       0.495742         1.28035  297
  143                       0.494636         1.27903  299
  144                       0.494175         1.27757  301
  145                       0.494011         1.27705  303
  146                       0.493511         1.27646  305
  147                       0.492655         1.27668  307
  148                       0.492461          1.2757  309
  149                       0.492218         1.27537  311
  150                       0.491714         1.27485  313
  151                       0.490955         1.27373  315
  152                       0.489587         1.27163  317
  153                       0.489454         1.27075  319
  154                       0.489214         1.26995  321
  155                       0.488801         1.26952  323
  156                       0.487479         1.26908  325
  157                       0.487109         1.26878  327
  158                       0.486892         1.26853  329
  159                       0.486414         1.26822  331
  160                       0.485656         1.26812  333
  161                       0.485471         1.26757  335
  162                       0.485232         1.26733  337
  163                       0.484787         1.26725  339
  164                       0.483968         1.26749  341
  165                       0.483256         1.26741  343
  166                       0.482582         1.26739  345
  167                       0.481785         1.26736  347
  168                       0.480904         1.26738  349
  169                       0.480916         1.26677  351
  170                       0.480828         1.26622  353
  171                       0.480515         1.26575  355
  172                       0.479426         1.26564  357
  173                       0.478528         1.26542  359
  174                       0.478202          1.2655  361
  175                       0.477684         1.26584  363
  176                       0.477028         1.26607  365
  177                       0.476541         1.26588  367
  178                       0.475362         1.26557  369
  179                       0.474479         1.26583  371
  180                       0.474689         1.26536  373
  181                       0.474653         1.26532  375
  182                       0.474417         1.26542  377
  183                        0.47384         1.26562  379
  184                       0.473167         1.26561  381
  185                       0.472742         1.26536  383
  186                       0.472093         1.26494  385
  187                       0.471844         1.26461  387
  188                       0.471676         1.26434  389
  189                       0.471046           1.264  391
  190                       0.470631         1.26389  395
  191                       0.470137         1.26379  397
  192                       0.469594         1.26379  399
  193                       0.468983         1.26377  401
  194                       0.468201         1.26363  403
  195                        0.46796         1.26325  405
  196                       0.467432         1.26243  407
  197                       0.466828         1.26208  409
  198                       0.466179         1.26178  411
  199                       0.465358         1.26164  413
  200                       0.464648         1.26162  415
  201                       0.464695         1.26142  417
  202                       0.464646         1.26117  419
  203                       0.464396          1.2608  421
  204                       0.463514         1.26027  423
  205                       0.463056         1.25962  425
  206                       0.462641         1.25937  427
  207                        0.46189         1.25912  429
  208                        0.46082         1.25899  431
  209                       0.460495         1.25871  433
  210                       0.460399         1.25867  435
  211                       0.460208         1.25861  437
  212                       0.459789         1.25837  439
  213                       0.458889         1.25822  441
  214                       0.458898         1.25786  443
  215                       0.458859         1.25777  445
  216                       0.458675         1.25768  447
  217                       0.458218          1.2576  449
  218                        0.45748         1.25747  451
  219                       0.457194         1.25734  453
  220                       0.456682         1.25717  455
  221                       0.456046         1.25696  457
  222                       0.455677         1.25673  459
  223                       0.455278         1.25652  461
  224                       0.454836          1.2564  463
  225                       0.454082         1.25628  465
  226                       0.453762         1.25619  467
  227                       0.453459         1.25618  469
  228                        0.45308         1.25619  471
  229                       0.452235         1.25622  473
  230                       0.451934         1.25602  475
  231                       0.451707         1.25583  477
  232                       0.451261         1.25563  479
  233                       0.450385         1.25543  481
  234                       0.450246         1.25517  483
  235                        0.45011         1.25509  485
  236                       0.449744         1.25494  487
  237                       0.449176         1.25474  489
  238                       0.448811         1.25444  491
  239                       0.448575         1.25423  493
  240                       0.448218         1.25402  495
  241                       0.447684         1.25402  497
  242                       0.447652          1.2538  499
  243                       0.447573         1.25379  501
  244                       0.447388         1.25384  503
  245                       0.447075         1.25394  505
  246                       0.446676         1.25401  507
  247                       0.446549         1.25387  509
  248                       0.446501         1.25372  511
  249                       0.446339         1.25345  513
  250                       0.446009         1.25311  515
  251                        0.44593          1.2529  517
  252                       0.445819         1.25284  519
  253                       0.445623         1.25278  521
  254                       0.445281         1.25271  523
  255                       0.444738         1.25271  525
  256                       0.444738          1.2525  527
  257                       0.444713         1.25237  529
  258                       0.444618         1.25224  531
  259                       0.444394         1.25217  533
  260                        0.44434         1.25201  535
  261                        0.44429           1.252  537
  262                       0.444211         1.25199  539
  263                       0.444049         1.25205  541
  264                       0.443962         1.25188  543
  265                       0.443943         1.25176  545
  266                        0.44389         1.25153  547
  267                       0.443805         1.25141  549
  268                       0.443768         1.25118  551
  269                       0.443733         1.25109  553
  270                       0.443705         1.25109  555
  271                       0.443657         1.25123  557
  272                        0.44363         1.25122  559
  273                       0.443629         1.25119  561
  274                       0.443632         1.25107  563
  275                        0.44364         1.25084  565
  276                       0.443667         1.25052  567
  277                       0.443682         1.25042  569
  278                       0.443709         1.25041  571
  279                       0.443752         1.25055  573
  280                       0.443789          1.2506  575
  281                       0.443854          1.2507  577
  282                       0.443946         1.25071  579
  283                        0.44409         1.25077  581
  284                       0.444076          1.2505  583
  285                       0.444086         1.25036  585
  286                       0.444124          1.2503  587
  287                       0.444249         1.25054  589
  288                       0.444334         1.25061  591
  289                       0.444436         1.25086  593
  290                       0.444541         1.25109  595
  291                       0.444759         1.25142  597
  292                       0.444824         1.25127  599
  293                       0.444877         1.25109  601
  294                       0.444972         1.25093  603
  295                       0.445161         1.25098  605
  296                       0.445477         1.25112  607
  297                       0.445568         1.25123  609
  298                       0.445723         1.25146  611
  299                       0.445922         1.25157  613
  300                       0.446266         1.25161  615
  301                       0.446441         1.25142  617
  302                       0.446758         1.25138  619
  303                       0.446913         1.25135  621
  304                       0.447067         1.25147  623
  305                       0.447438         1.25191  625
  306                       0.447763         1.25202  627
  307                       0.447793          1.2519  629
  308                       0.447991         1.25181  631
  309                       0.448167          1.2518  633
  310                       0.448847         1.25188  635
  311                       0.449251          1.2518  637
  312                       0.449289         1.25172  639
  313                        0.44941         1.25169  641
  314                       0.449542         1.25161  643
  315                       0.450041         1.25143  645
  316                       0.450365         1.25113  647
  317                       0.450546         1.25097  649
  318                       0.450818         1.25091  651
  319                       0.451137         1.25095  653
  320                       0.451309           1.251  655
  321                        0.45167         1.25112  657
  322                       0.452145         1.25109  659
  323                       0.452459         1.25094  661
  324                       0.452855         1.25067  663
  325                        0.45329         1.25047  665
  326                       0.453743         1.25021  667
  327                         0.4544         1.24998  669
  328                       0.454768         1.24984  671
  329                       0.454772         1.24985  673
  330                       0.455065          1.2497  675
  331                       0.455427         1.24954  679
  332                       0.455743         1.24932  681
  333                        0.45619         1.24904  683
  334                       0.456682         1.24875  685
  335                       0.456895         1.24866  687
  336                       0.457385         1.24868  689
  337                       0.457458         1.24865  691
  338                        0.45757         1.24865  693
  339                       0.457974         1.24857  695
  340                       0.458281         1.24854  699
  341                       0.458674         1.24841  701
  342                       0.459172         1.24831  703
  343                       0.459859         1.24835  705
  344                       0.460177         1.24833  707
  345                       0.460237         1.24836  709
  346                       0.460501         1.24848  711
  347                       0.460993         1.24871  713
  348                       0.461065         1.24848  715
  349                       0.461247         1.24834  717
  350                       0.461577         1.24822  719
  351                       0.462324         1.24823  721
  352                       0.462529         1.24803  723
  353                       0.462741           1.248  725
  354                       0.463016         1.24802  727
  355                       0.463426         1.24798  729
  356                       0.464026         1.24789  731
  357                       0.464078         1.24777  733
  358                       0.464152          1.2476  735
  359                       0.464403         1.24739  737
  360                       0.464724         1.24717  739
  361                       0.465129         1.24702  741
  362                       0.465807         1.24695  743
  363                       0.465953         1.24684  745
  364                       0.465973         1.24679  747
  365                       0.466237         1.24668  749
  366                       0.466751         1.24662  751
  367                       0.467211         1.24651  753
  368                       0.467615          1.2465  755
  369                       0.467916         1.24654  757
  370                       0.468248         1.24663  759
  371                       0.468805         1.24676  761
  372                       0.469098          1.2467  763
  373                        0.46921         1.24661  765
  374                        0.46958         1.24644  767
  375                       0.470501         1.24642  769
  376                       0.470462         1.24625  771
  377                       0.470611         1.24624  773
  378                        0.47099          1.2463  775
  379                       0.471683         1.24649  777
  380                       0.471853         1.24645  779
  381                       0.472075         1.24649  781
  382                       0.472411         1.24654  783
  383                       0.472953         1.24653  785
  384                        0.47415         1.24656  787
  385                       0.474108         1.24638  789
  386                       0.474137         1.24628  791
  387                       0.474426         1.24619  793
  388                       0.475361         1.24613  795
  389                       0.475654         1.24599  797
  390                       0.476047         1.24596  799
  391                       0.476532         1.24593  801
  392                       0.477267          1.2459  803
  393                       0.477765         1.24589  807
  394                       0.478114         1.24588  809
  395                       0.478386         1.24589  811
  396                       0.479033         1.24594  813
  397                       0.479375         1.24588  815
  398                       0.479437         1.24576  817
  399                       0.479683         1.24551  819
  400                       0.480163         1.24526  821
  401                       0.480206         1.24511  823
  402                        0.48033         1.24502  825
  403                       0.480603         1.24488  827
  404                       0.481056         1.24472  829
  405                       0.481554         1.24454  831
  406                       0.481758         1.24447  833
  407                       0.482066         1.24446  835
  408                       0.482244         1.24445  837
  409                       0.482329         1.24446  839
  410                       0.482741         1.24451  841
  411                       0.482971         1.24456  845
  412                       0.483226         1.24458  847
  413                       0.483665         1.24462  849
  414                       0.484221         1.24469  851
  415                       0.484247         1.24461  853
  416                       0.484286         1.24455  855
  417                       0.484443         1.24448  857
  418                       0.484985         1.24446  859
  419                       0.485422         1.24438  861
  420                       0.485561          1.2444  863
  421                       0.485779         1.24448  865
  422                       0.486067         1.24461  867
  423                       0.486299         1.24469  869
  424                       0.486761         1.24483  871
  425                       0.487291           1.245  873
  426                       0.487426         1.24497  875
  427                       0.487532         1.24494  877
  428                       0.487772         1.24494  879
  429                       0.488196         1.24506  881
  430                       0.488224         1.24499  883
  431                       0.488294           1.245  885
  432                       0.488484         1.24507  887
  433                         0.4888         1.24514  889
  434                       0.489611         1.24541  891
  435                       0.489533         1.24528  893
  436                       0.489548         1.24525  895
  437                       0.489706         1.24524  897
  438                       0.490183         1.24532  899
  439                       0.490444         1.24528  901
  440                       0.490626         1.24526  903
  441                        0.49086         1.24525  905
  442                        0.49124         1.24522  907
  443                       0.491686         1.24519  909
  444                       0.491774         1.24515  911
  445                       0.491894         1.24513  913
  446                       0.492047         1.24511  915
  447                       0.492474         1.24511  917
  448                       0.492797         1.24504  919
  449                          0.493         1.24498  921
  450                       0.493384          1.2449  923
  451                       0.493762         1.24485  925
  452                       0.493773         1.24483  927
  453                       0.493876         1.24482  929
  454                       0.494154         1.24482  931
  455                       0.494678         1.24489  933
  456                       0.494827         1.24485  935
  457                       0.494915         1.24482  937
  458                       0.495143         1.24479  939
  459                       0.495365         1.24479  943
  460                       0.495645         1.24478  945
  461                       0.495983          1.2448  947
  462                       0.496409         1.24494  949
  463                       0.496462         1.24489  951
  464                       0.496466         1.24489  953
  465                       0.496547          1.2449  955
  466                       0.496709          1.2449  957
  467                       0.497095         1.24497  959
  468                       0.497132         1.24493  961
  469                        0.49724         1.24496  963
  470                       0.497388         1.24504  965
  471                       0.497576         1.24518  969
  472                       0.497785         1.24533  971
  473                       0.497931         1.24541  973
  474                       0.498109         1.24549  975
  475                       0.498193         1.24544  977
  476                       0.498368         1.24533  979
  477                       0.498603         1.24527  981
  478                       0.498617         1.24523  983
  479                       0.498688         1.24526  985
  480                       0.498798          1.2453  987
  481                       0.499088         1.24542  989
  482                       0.499206         1.24543  991
  483                       0.499256         1.24543  993
  484                       0.499343         1.24543  995
  485                       0.499506         1.24545  997
  486                       0.499826         1.24551  999
  487                       0.499879         1.24549  1001
  488                       0.499969          1.2455  1003
  489                       0.500087         1.24552  1005
  490                       0.500243         1.24553  1009
  491                       0.500455          1.2455  1011
  492                       0.500631         1.24544  1013
  493                       0.500923         1.24536  1015
  494                       0.501003         1.24529  1017
  495                       0.501027         1.24527  1019
  496                       0.501127         1.24526  1021
  497                       0.501294         1.24528  1023
  498                       0.501392         1.24528  1025
  499                        0.50154         1.24528  1027
  500                       0.501673         1.24525  1029
  501                       0.501834         1.24517  1031
  502                       0.501978         1.24507  1033
  503                       0.502099         1.24501  1035
  504                       0.502185         1.24499  1037
  505                       0.502379         1.24499  1039
  506                       0.502493         1.24498  1041
  507                       0.502526         1.24499  1043
  508                       0.502644         1.24496  1045
  509                       0.502916         1.24488  1047
  510                       0.502956         1.24481  1049
  511                       0.503068         1.24471  1051
  512                       0.503229         1.24461  1053
  513                       0.503494         1.24447  1055
  514                       0.503709         1.24439  1057
  515                       0.503844         1.24434  1059
  516                       0.504107         1.24425  1061
  517                       0.504226         1.24417  1065
  518                       0.504352         1.24408  1067
  519                       0.504548         1.24394  1069
  520                        0.50477          1.2438  1071
  521                       0.504727         1.24381  1073
  522                       0.504717         1.24382  1075
  523                       0.504762         1.24381  1077
  524                       0.504886         1.24379  1079
  525                       0.505127         1.24375  1081
  526                       0.505169         1.24371  1083
  527                       0.505257         1.24367  1085
  528                       0.505342         1.24363  1087
  529                        0.50558         1.24353  1089
  530                       0.505682          1.2435  1091
  531                       0.505786         1.24349  1093
  532                       0.505944         1.24349  1095
  533                       0.506032         1.24349  1097
  534                       0.506139         1.24351  1099
  535                       0.506257         1.24352  1101
  536                       0.506443         1.24355  1103
  537                       0.506449         1.24352  1105
  538                       0.506467         1.24352  1111
  539                       0.506561         1.24351  1113
  540                       0.506707         1.24353  1115
  541                       0.506915         1.24352  1117
  542                       0.507033         1.24351  1119
  543                       0.507169          1.2435  1121
  544                       0.507204         1.24348  1123
  545                       0.507219         1.24346  1125
  546                       0.507358         1.24343  1127
  547                       0.507473         1.24337  1129
  548                       0.507498         1.24337  1131
  549                        0.50753         1.24336  1133
  550                       0.507614         1.24333  1135
  551                       0.507733         1.24326  1137
  552                       0.507767         1.24322  1139
  553                       0.507828         1.24316  1141
  554                       0.507885         1.24313  1143
  555                       0.507934         1.24312  1145
  556                       0.508002         1.24313  1147
  557                       0.508072         1.24317  1149
  558                        0.50808         1.24316  1151
  559                       0.508077         1.24316  1153
  560                        0.50808         1.24315  1155
  561                       0.508121         1.24318  1157
  562                       0.508139         1.24318  1159
  563                       0.508172         1.24319  1161
  564                       0.508202          1.2432  1163
  565                       0.508236          1.2432  1167
  566                       0.508276         1.24318  1169
  567                       0.508306         1.24314  1171
  568                       0.508366         1.24307  1173
  569                       0.508372         1.24304  1175
  570                       0.508369         1.24303  1177
  571                       0.508382         1.24304  1179
  572                       0.508408          1.2431  1181
  573                       0.508424         1.24309  1183
  574                       0.508447         1.24309  1185
  575                       0.508476          1.2431  1187
  576                       0.508502          1.2431  1191
  577                       0.508542          1.2431  1193
  578                       0.508579         1.24313  1195
  579                       0.508621         1.24321  1197
  580                        0.50862         1.24321  1199
  581                        0.50862         1.24323  1201
  582                       0.508637         1.24325  1203
  583                       0.508673          1.2433  1205
  584                       0.508688         1.24328  1207
  585                       0.508694         1.24326  1209
  586                       0.508706         1.24324  1211
  587                        0.50872         1.24324  1213
  588                       0.508726         1.24324  1215
  589                       0.508728         1.24326  1217
  590                       0.508725         1.24326  1219
  591                       0.508725         1.24325  1221
  592                       0.508717         1.24323  1223
  593                       0.508694         1.24325  1225
  594                       0.508697         1.24324  1227
  595                       0.508687         1.24324  1229
  596                       0.508666         1.24324  1231
  597                       0.508633         1.24324  1233
  598                       0.508605         1.24324  1237
  599                       0.508577         1.24322  1239
  600                       0.508565          1.2432  1241
  601                       0.508555         1.24316  1243
  602                       0.508562         1.24314  1245
  603                        0.50857         1.24314  1247
  604                       0.508579         1.24315  1249
  605                       0.508584         1.24316  1251
  606                       0.508588         1.24317  1253
  607                         0.5086         1.24316  1255
  608                       0.508612         1.24313  1257
  609                       0.508625         1.24309  1259
  610                       0.508651         1.24301  1261
  611                       0.508682           1.243  1263
  612                       0.508694           1.243  1265
  613                       0.508713         1.24301  1267
  614                       0.508731         1.24302  1269
  615                       0.508785         1.24304  1271
  616                       0.508799         1.24301  1273
  617                       0.508806           1.243  1275
  618                        0.50883         1.24298  1277
  619                        0.50888         1.24298  1279
  620                       0.508889         1.24297  1281
  621                        0.50891         1.24297  1283
  622                        0.50894         1.24296  1285
  623                       0.508983         1.24294  1287
  624                       0.509052         1.24289  1289
  625                       0.509055         1.24288  1291
  626                        0.50906         1.24288  1293
  627                       0.509083         1.24288  1295
  628                        0.50914         1.24288  1297
  629                       0.509154         1.24287  1299
  630                       0.509176         1.24285  1301
  631                       0.509203         1.24283  1303
  632                       0.509296         1.24278  1305
  633                       0.509312         1.24277  1307
  634                       0.509326         1.24277  1309
  635                       0.509372         1.24276  1311
  636                        0.50945         1.24278  1313
  637                       0.509528         1.24278  1315
  638                       0.509532         1.24277  1317
  639                       0.509547         1.24275  1319
  640                       0.509588         1.24272  1321
  641                       0.509631         1.24269  1323
  642                       0.509697         1.24266  1325
  643                       0.509787         1.24267  1327
  644                       0.509826         1.24267  1329
  645                       0.509854         1.24269  1331
  646                       0.509889          1.2427  1333
  647                       0.509968         1.24269  1335
  648                       0.510033         1.24266  1337
  649                       0.510061         1.24264  1339
  650                       0.510102         1.24262  1341
  651                       0.510145         1.24262  1343
  652                       0.510164         1.24264  1345
  653                       0.510213         1.24268  1347
  654                        0.51026         1.24269  1349
  655                       0.510265         1.24268  1351
  656                       0.510287         1.24266  1353
  657                       0.510322         1.24263  1355
  658                       0.510407         1.24261  1357
  659                       0.510537          1.2426  1359
  660                       0.510523         1.24261  1361
  661                       0.510523         1.24262  1363
  662                       0.510539         1.24263  1365
  663                       0.510574         1.24262  1369
  664                       0.510626          1.2426  1371
  665                       0.510688         1.24257  1373
  666                       0.510779         1.24255  1375
  667                       0.510763         1.24255  1377
  668                       0.510754         1.24255  1379
  669                       0.510759         1.24255  1381
  670                       0.510779         1.24253  1383
  671                       0.510805         1.24252  1385
  672                       0.510835         1.24249  1387
  673                       0.510876         1.24245  1389
  674                       0.510901         1.24243  1393
  675                        0.51093          1.2424  1395
  676                       0.510967         1.24237  1397
  677                       0.510983         1.24237  1401
  678                       0.510988         1.24238  1403
  679                       0.511009          1.2424  1405
  680                       0.511022         1.24242  1407
  681                       0.511023         1.24241  1409
  682                       0.511027         1.24239  1411
  683                       0.511033         1.24236  1413
  684                       0.511042         1.24235  1415
  685                        0.51105         1.24235  1417
  686                       0.511063         1.24237  1419
  687                       0.511069         1.24238  1421
  688                       0.511074          1.2424  1423
  689                       0.511083          1.2424  1425
  690                       0.511087         1.24239  1429
  691                       0.511092         1.24237  1431
  692                       0.511099         1.24234  1433
  693                       0.511108         1.24231  1435
  694                       0.511109          1.2423  1437
  695                        0.51111         1.24229  1439
  696                       0.511113         1.24229  1441
  697                       0.511122         1.24227  1443
  698                        0.51113         1.24226  1445
  699                       0.511132         1.24226  1447
  700                        0.51114         1.24225  1449
  701                       0.511144         1.24225  1453
  702                       0.511151         1.24226  1455
  703                        0.51117         1.24226  1457
  704                       0.511185         1.24226  1459
  705                       0.511187         1.24225  1461
  706                       0.511195         1.24224  1463
  707                       0.511206         1.24223  1465
  708                       0.511211         1.24222  1467
  709                       0.511244          1.2422  1469
  710                       0.511266          1.2422  1471
  711                       0.511269         1.24219  1473
  712                       0.511298         1.24218  1475
  713                       0.511327         1.24217  1477
  714                       0.511383         1.24214  1479
  715                       0.511429         1.24212  1481
  716                       0.511422         1.24213  1483
  717                       0.511425         1.24212  1485
  718                       0.511449         1.24213  1487
  719                       0.511517         1.24213  1489
  720                        0.51154         1.24213  1491
  721                       0.511565         1.24213  1493
  722                       0.511597         1.24214  1495
  723                       0.511618         1.24214  1499
  724                       0.511668         1.24214  1501
  725                        0.51174         1.24214  1503
  726                       0.511797         1.24215  1507
  727                        0.51187         1.24215  1509
  728                       0.511928         1.24216  1511
  729                       0.511923         1.24215  1513
  730                       0.511919         1.24215  1515
  731                       0.511936         1.24216  1517
  732                       0.511992         1.24217  1519
  733                        0.51203         1.24218  1521
  734                       0.512076         1.24219  1523
  735                       0.512139         1.24221  1525
  736                       0.512225         1.24222  1527
  737                       0.512244         1.24222  1529
  738                       0.512262         1.24222  1531
  739                       0.512303         1.24222  1533
  740                       0.512369         1.24222  1535
  741                       0.512434         1.24222  1537
  742                        0.51248         1.24222  1539
  743                        0.51252         1.24222  1541
  744                       0.512566         1.24222  1543
  745                       0.512632         1.24221  1545
  746                       0.512678         1.24221  1547
  747                       0.512717          1.2422  1549
  748                       0.512762          1.2422  1551
  749                       0.512824         1.24218  1553
  750                       0.512896         1.24217  1555
  751                       0.512987         1.24215  1557
  752                        0.51302         1.24214  1559
  753                       0.513036         1.24213  1561
  754                       0.513065         1.24212  1563
  755                       0.513132          1.2421  1565
  756                       0.513166         1.24209  1567
  757                       0.513234         1.24206  1569
  758                       0.513296         1.24204  1571
  759                       0.513332         1.24202  1575
  760                       0.513414         1.24198  1577
  761                       0.513472         1.24195  1579
  762                        0.51352         1.24193  1583
  763                       0.513602         1.24188  1585
  764                        0.51362         1.24188  1587
  765                       0.513617         1.24188  1589
  766                       0.513602         1.24189  1591
  767                         0.5136         1.24189  1593
  768                       0.513601         1.24189  1595
  769                       0.513608          1.2419  1597
  770                       0.513618         1.24191  1599
  771                       0.513638         1.24193  1601
  772                        0.51365         1.24194  1603
  773                       0.513647         1.24193  1605
  774                       0.513647         1.24193  1607
  775                       0.513653         1.24193  1609
  776                       0.513657         1.24193  1611
  777                       0.513668         1.24194  1613
  778                       0.513674         1.24195  1615
  779                       0.513687         1.24199  1617
  780                       0.513688         1.24199  1619
  781                       0.513686         1.24199  1621
  782                       0.513686         1.24198  1623
  783                       0.513689         1.24197  1627
  784                       0.513692         1.24196  1629
  785                       0.513696         1.24195  1631
  786                         0.5137         1.24195  1633
  787                       0.513705         1.24195  1635
  788                       0.513711         1.24196  1637
  789                       0.513714         1.24195  1639
  790                       0.513715         1.24194  1641
  791                       0.513719         1.24191  1643
  792                       0.513724         1.24188  1645
  793                       0.513725         1.24188  1647
  794                       0.513729         1.24187  1649
  795                       0.513733         1.24186  1651
  796                       0.513744         1.24185  1653
  797                        0.51375         1.24184  1655
  798                       0.513753         1.24184  1657
  799                        0.51376         1.24184  1659
  800                       0.513767         1.24183  1663
  801                       0.513774         1.24182  1665
  802                       0.513783          1.2418  1667
  803                       0.513791          1.2418  1669
  804                       0.513796          1.2418  1671
  805                       0.513805          1.2418  1673
  806                       0.513817          1.2418  1675
  807                       0.513829          1.2418  1677
  808                       0.513838          1.2418  1679
  809                       0.513852         1.24179  1681
  810                       0.513855         1.24178  1683
  811                       0.513857         1.24178  1685
  812                       0.513867         1.24179  1687
  813                       0.513885         1.24179  1689
  814                       0.513891         1.24179  1691
  815                       0.513903         1.24179  1693
  816                       0.513917         1.24179  1695
  817                       0.513942         1.24178  1697
  818                       0.513949         1.24178  1699
  819                       0.513959         1.24178  1701
  820                       0.513972         1.24178  1703
  821                       0.513994         1.24179  1705
  822                       0.514014          1.2418  1707
  823                       0.514024         1.24181  1709
  824                        0.51404         1.24181  1711
  825                       0.514049         1.24181  1715
  826                       0.514056          1.2418  1717
  827                       0.514067         1.24178  1719
  828                       0.514085         1.24177  1721
  829                       0.514094         1.24176  1723
  830                       0.514106         1.24176  1725
  831                        0.51412         1.24177  1727
  832                       0.514152         1.24176  1729
  833                       0.514181         1.24175  1731
  834                       0.514186         1.24174  1733
  835                       0.514202         1.24173  1735
  836                       0.514215         1.24173  1739
  837                       0.514245         1.24172  1741
  838                       0.514319         1.24173  1743
  839                       0.514351         1.24174  1745
  840                       0.514345         1.24174  1747
  841                       0.514349         1.24175  1749
  842                        0.51438         1.24175  1751
  843                        0.51441         1.24175  1753
  844                       0.514446         1.24174  1757
  845                       0.514479         1.24174  1761
  846                       0.514563         1.24173  1763
  847                       0.514582         1.24173  1767
  848                       0.514604         1.24173  1769
  849                       0.514625         1.24173  1771
  850                       0.514638         1.24174  1775
  851                       0.514646         1.24174  1777
  852                       0.514664         1.24175  1779
  853                       0.514696         1.24176  1781
  854                       0.514702         1.24176  1783
  855                       0.514708         1.24175  1785
  856                       0.514723         1.24175  1787
  857                       0.514762         1.24176  1789
  858                       0.514788         1.24177  1791
  859                       0.514804         1.24177  1793
  860                       0.514823         1.24177  1795
  861                       0.514857         1.24176  1797
  862                       0.514859         1.24175  1799
  863                       0.514869         1.24174  1801
  864                       0.514883         1.24173  1803
  865                       0.514922         1.24172  1805
  866                       0.514944         1.24172  1809
  867                       0.514984         1.24171  1811
  868                        0.51501          1.2417  1813
  869                       0.515065         1.24168  1815
  870                       0.515118         1.24166  1817
  871                       0.515136         1.24166  1819
  872                       0.515154         1.24165  1821
  873                       0.515171         1.24166  1823
  874                       0.515195         1.24165  1827
  875                       0.515238         1.24166  1829
  876                       0.515283         1.24165  1831
  877                       0.515299         1.24165  1833
  878                       0.515299         1.24164  1835
  879                       0.515313         1.24163  1837
  880                        0.51533         1.24162  1841
  881                        0.51537         1.24161  1843
  882                       0.515432         1.24159  1845
  883                       0.515456         1.24159  1849
  884                       0.515508         1.24159  1851
  885                       0.515525         1.24159  1855
  886                       0.515601          1.2416  1857
  887                       0.515627          1.2416  1861
  888                       0.515717          1.2416  1863
  889                        0.51574          1.2416  1867
  890                       0.515822          1.2416  1869
  891                       0.515838          1.2416  1873
  892                       0.515877         1.24159  1875
  893                       0.515951         1.24159  1877
  894                       0.516042         1.24158  1879
  895                       0.516096         1.24159  1881
