    0                       0.796143          35.015  1
    1                        0.78821         30.6519  7
    2                       0.770766         15.4767  9
    3                       0.743982         11.7356  11
    4                       0.744111         11.6746  13
    5                        0.73991         10.8844  15
    6                       0.714271         7.28951  17
    7                       0.698745         6.18298  19
    8                       0.670712         5.40453  21
    9                       0.671545         5.25439  23
   10                       0.665827         5.11993  25
   11                       0.623148          4.5033  27
   12                       0.588706         4.33123  29
   13                       0.559065         4.18377  31
   14                       0.541779         3.84963  33
   15                       0.491683         3.72415  35
   16                       0.494527          3.3309  37
   17                       0.489151         3.18658  39
   18                       0.465657         3.00777  41
   19                       0.455479         2.89217  45
   20                       0.450148         2.88495  47
   21                       0.449668         2.78587  49
   22                       0.455634         2.69601  51
   23                         0.4579         2.62041  53
   24                       0.457775         2.50606  55
   25                       0.466108         2.41076  57
   26                       0.472465         2.39235  59
   27                       0.482921         2.34258  61
   28                       0.498754         2.30341  63
   29                       0.500708         2.26632  65
   30                       0.501931         2.21745  67
   31                       0.517349         2.20219  69
   32                       0.523086         2.17892  71
   33                       0.523587          2.1483  73
   34                       0.530953         2.12051  75
   35                       0.541132         2.11576  77
   36                       0.553103         2.11591  79
   37                       0.555918         2.10059  81
   38                       0.557103         2.08939  83
   39                       0.558567         2.08414  85
   40                       0.558612         2.08521  87
   41                       0.557454         2.08553  89
   42                       0.555331         2.08595  91
   43                       0.553289           2.083  93
   44                       0.550767         2.07222  95
   45                       0.545666         2.05912  97
   46                        0.54193         2.05663  99
   47                       0.541769         2.04654  101
   48                       0.539953         2.03457  103
   49                       0.535461         2.03392  105
   50                       0.532187          2.0277  107
   51                       0.529047         2.02154  109
   52                       0.525328         2.01778  111
   53                       0.520697         2.01469  113
   54                        0.51944         2.01029  115
   55                       0.517527         2.00873  117
   56                       0.514883         2.00874  119
   57                       0.509209         2.01982  121
   58                       0.508536          2.0139  123
   59                       0.508387         2.01056  125
   60                       0.507298         2.01001  127
   61                       0.504448         2.01512  129
   62                       0.502678         2.01605  131
   63                       0.500676         2.01696  133
   64                       0.498843         2.01863  135
   65                       0.495827          2.0239  137
   66                       0.495663         2.02204  139
   67                       0.495726         2.02106  141
   68                       0.495374         2.02095  143
   69                       0.494694         2.02054  145
   70                       0.492419         2.02484  147
   71                       0.492434         2.02064  149
   72                         0.4922         2.01923  151
   73                       0.491495         2.01904  153
   74                       0.490237         2.02148  155
   75                       0.489339         2.02262  157
   76                        0.48895         2.02248  159
   77                       0.488168         2.02294  161
   78                       0.487029         2.02372  163
   79                       0.486436         2.02332  165
   80                       0.485878         2.02271  167
   81                       0.485211         2.02216  169
   82                       0.484038         2.02378  171
   83                       0.483755         2.02286  173
   84                       0.483301         2.02241  175
   85                       0.482774         2.02258  177
   86                       0.481472         2.02334  179
   87                       0.481144         2.02191  181
   88                       0.480918         2.02067  183
   89                       0.480363          2.0195  185
   90                       0.479534         2.01832  187
   91                        0.47784         2.01883  189
   92                       0.477827         2.01704  191
   93                       0.477631         2.01629  193
   94                       0.477056          2.0159  195
   95                       0.475692         2.01504  197
   96                       0.475276         2.01368  199
   97                        0.47475         2.01221  201
   98                       0.474082         2.01089  203
   99                       0.472922         2.00903  205
  100                       0.472198          2.0083  209
  101                         0.4713         2.00778  211
  102                       0.470682          2.0062  213
  103                       0.469504         2.00418  215
  104                       0.468472         2.00209  217
  105                       0.467775         1.99932  219
  106                       0.467408         1.99665  221
  107                       0.466751         1.99326  223
  108                        0.46602         1.98966  225
  109                       0.464874         1.98504  227
  110                       0.463671         1.98052  229
  111                       0.463537         1.97854  231
  112                        0.46316         1.97657  233
  113                       0.462644          1.9744  235
  114                       0.461137         1.96989  237
  115                       0.460502         1.96695  239
  116                       0.460181         1.96484  241
  117                       0.459453         1.96184  243
  118                       0.458563         1.95904  245
  119                       0.458215         1.95707  247
  120                       0.457625         1.95475  249
  121                       0.457227         1.95333  251
  122                       0.456095         1.95102  253
  123                       0.456101         1.94989  255
  124                       0.456112         1.94941  257
  125                       0.455896         1.94848  259
  126                       0.455567         1.94268  261
