    0          288458         2698.27          654711         220.289               0               0  1
    1         87792.1         2494.73          622964         22.5855         11.2235         9.55178  5
    2         73799.7         1849.95          457654         22.3314         103.151         89.4967  7
    3         51244.8         1193.67          225199         22.5217         110.186         140.291  9
    4         47204.3         1147.76          202206         22.0398         113.325         76.4799  13
    5         38916.1         986.361          135745          21.974         12.9969         106.066  15
    6         37602.9         935.535          122466         21.7355         11.4521          122.81  17
    7         36149.9         892.154          109975         21.2888          13.458         135.116  19
    8         34602.3         893.053         98634.4         20.3039         32.6972         144.397  23
    9         31509.3         969.484         86480.8         18.8081         20.2832         133.897  25
   10         26720.3         1237.52         59837.1         15.4479         48.6794         153.882  27
   11         25502.3         1645.91         40263.5           12.37         90.6892         282.311  29
   12         22287.8         1320.46         35441.5         12.4188         37.7042         212.514  31
   13         21573.2         1145.02         36927.6         12.4345         32.1548          182.89  33
   14         20869.4          1126.5         36727.5         11.9277         35.7396         171.385  35
   15         19570.4         1110.08         35892.8         11.2142         37.5255         145.312  37
   16         16111.1         1171.39         35076.2         8.57263         46.4516         96.5192  39
   17         15643.3         1305.64         28248.5         8.37687         49.4518         107.347  43
   18         14053.8         1470.08         22930.4         7.23078         41.1233         111.872  45
   19         13777.1         1608.78           19646         7.03498         42.9197         115.515  47
   20           13531         1632.71         18932.8         6.85918         42.6459         114.647  49
   21         13186.6         1613.65         17763.6         6.71092         43.6654         110.616  51
   22         11857.9         1464.79         13556.4          6.0732         48.4745         99.7371  53
   23         11264.6         1305.92         12760.2         5.65613         53.3286         97.9981  55
   24         10984.7         1228.74         12781.6         5.34233         48.7392         108.036  57
   25         10820.8         1243.41         12679.6          5.4432         43.6154         99.6943  59
   26         10750.4         1239.01         12712.7         5.45318         42.9897         96.3553  61
   27           10471         1183.06         13404.3         5.36591         42.8545         86.2265  63
   28         10374.4         1120.03         14413.5         5.15631         47.1111         85.7261  65
   29         10128.8         1094.16         14509.6         5.05385         42.3561         84.1365  67
   30         10028.6         1069.32         14567.2         4.91212          42.992         86.5316  69
   31         9953.52         1043.17         14739.9         4.75108         44.2517         90.0122  71
   32         9907.65         1028.15         14736.4         4.65461         45.7487         91.8136  75
   33            9811         1013.44         14633.3         4.53451         46.3812         93.6045  77
   34         9604.23         989.715         13873.5          4.3285          48.612         96.3211  79
   35         9475.84         976.496         12983.9         4.17666         51.2965         99.9181  81
   36         9398.76         980.995         12092.3         4.17894          51.106         100.374  83
   37         9358.35         986.297         11892.4         4.21987          49.847         98.3003  85
   38         9292.21         994.513         11385.4         4.25867         49.0961          95.928  87
   39         9250.29         1000.76         10984.4         4.28027         48.9341         94.6063  89
   40         9187.74         1003.95           10351         4.23862         50.3134         95.1905  91
   41         9109.99         1000.78         10112.9          4.1735         50.0379         96.1835  93
   42         9063.87         990.005           10167         4.07809         50.8524         98.1012  95
   43         9039.24         978.398         10325.3         3.96818         52.2402         100.767  97
   44         9036.61         971.106         10452.3         3.87746         53.8012          103.34  99
   45          9019.7         973.337         10388.5         3.90191         52.9065         102.374  101
   46          9010.1         974.613         10323.3         3.91036         52.6805         101.959  103
   47         8979.65         977.442         10110.6         3.90982         52.5951         101.472  105
   48         8941.22         979.448         9860.34          3.8733         52.9391         102.183  107
   49         8928.31         978.257         9759.23         3.82838         53.5692         103.718  111
   50         8901.47         976.202          9661.7         3.76023          53.918         106.025  113
   51         8890.65         974.304         9635.56         3.72134         54.2884         107.284  115
   52         8884.32         972.527         9620.92         3.69005         54.7251         108.258  117
   53         8875.65         970.003          9589.1         3.63673          55.451          110.05  119
   54         8867.32         968.975         9578.38         3.61232         55.8062         110.603  123
   55          8856.4         968.697         9561.82         3.59502         55.8263         110.999  125
   56         8844.63         969.829          9541.1         3.60105         55.6237         110.359  127
   57         8836.89         971.656          9525.9          3.6166         55.3002         109.502  129
   58         8829.27         974.624         9499.43         3.64381         54.7808         108.264  131
   59         8819.92             979         9458.93         3.68193         53.9565         106.698  133
   60         8807.56         982.769         9403.75         3.69287         53.5756         106.002  135
   61         8795.72         984.781         9359.79         3.68515         53.4793         106.012  137
   62         8790.91         994.913         9286.89         3.67664         53.5795         105.954  139
   63         8765.31         989.704         9272.76          3.6189         53.7578         107.714  141
   64         8756.82          986.92         9268.25         3.58473         54.1954         108.722  143
   65         8744.32         985.627         9252.58         3.49595         55.5279         111.346  145
   66         8718.52         989.384         9250.54         3.43195         55.6352         112.971  147
   67         8698.17         994.505         9250.43         3.42731         55.2634         112.302  149
   68         8691.02         1002.35         9292.18         3.43941          54.831         111.171  151
   69         8683.76         1003.62         9301.02         3.45132         54.4028         110.533  153
   70         8681.34         1002.16         9297.33         3.45143         54.3924         110.509  155
   71         8675.05         999.915         9311.86         3.45193         54.3555         110.246  157
   72          8659.9         995.833         9400.01          3.4622         54.1103         108.983  159
   73         8642.92         992.525         9603.57          3.4838         53.4928         106.819  161
   74          8639.5         990.092         10048.4         3.52445         52.5805         103.426  163
   75         8618.03         992.669         9961.15         3.51575         51.9432         103.732  165
   76         8613.25         994.903         9955.16         3.51671          51.764         103.542  167
   77         8609.39         997.406          9969.5         3.52043         51.5542         103.176  169
   78         8603.11         1002.31         9995.34         3.53137         51.0592         102.436  171
   79         8595.39            1005         10036.1         3.54068         50.5784         101.727  175
   80         8586.81         1008.05         10093.5         3.55779         49.9253         100.656  177
   81         8569.74         1007.44         10165.8         3.57752          49.159         99.2503  179
   82         8553.28         1001.67         10379.2         3.62794         47.5766         96.7107  181
   83         8534.52         995.566         10336.2         3.60311         47.7901         97.3213  183
   84         8528.97         993.693         10317.3          3.6001         47.7226         97.4498  185
   85          8525.3         992.408         10297.3         3.59875         47.6775         97.5433  187
   86         8503.58         982.421         10142.6         3.59512         47.3916         98.1971  189
   87         8494.25         977.166         10077.2         3.61195         46.8607         98.0098  191
   88         8478.49         974.389           10041         3.62935         45.9057         97.6267  193
   89         8467.94         975.406           10039         3.64325         45.3195         96.9495  195
   90         8458.19         976.748         10038.4         3.64143         45.1673         96.6412  197
   91          8455.4         977.766         10033.4           3.645         45.0488         96.4157  199
   92         8453.51         978.193         10027.5         3.64494         45.0267         96.3544  205
