    0      6.7701e+06         2698.27          654711         220.289               0               0  1
    1     5.04838e+06         2687.52          501745         23.1847       0.0296938          252.94  7
    2     1.17364e+06         2617.91          104106         26.8358         1.19167         5155.52  9
    3          560207          2581.1         40849.4         25.9993         1.07454         6155.52  11
    4          306934         2532.46         22372.9          26.205        0.893488         2722.51  13
    5          206069         2488.18         15779.1         25.6196        0.884613         1007.66  15
    6          165367         2452.47         11963.1          24.992        0.918366         913.698  17
    7          134837         2378.54         8963.34         24.4499        0.922971         917.855  19
    8          115416         2281.36         6962.55         24.1431        0.960317         967.358  21
    9          100766         2166.65         5404.94         23.8894         1.02765         1031.99  23
   10         92279.1          2067.1         4582.24         23.6161         1.11841         1037.56  25
   11         87313.3         2010.13         4182.59          23.392         1.18531         1003.08  27
   12         83069.3         1934.48         3849.77         23.0656         1.28964         977.285  29
   13         78382.9          1817.3         3593.94         22.5025          1.4796         904.706  31
   14         74114.5         1666.05         3392.39         21.7586         1.79903         836.501  33
   15         70564.5         1594.31         3156.53         21.3621          1.9771         800.162  35
   16         66650.6            1491         2909.61         20.7753         2.27477         762.131  37
   17           62297         1324.76         2693.41         19.8068         2.89965         708.666  39
   18         58672.6         1154.52         2539.31         18.7193         3.81377         666.472  41
   19         55417.3         1131.47         2286.96         18.4901         3.92302         642.386  43
   20         53132.6         1080.07         2174.38         18.0441         4.24929         608.979  45
   21         51070.5         1035.62         2092.57         17.5779         4.53493         572.024  47
   22         49047.5         970.115          2042.5         16.8839         5.13655         533.288  49
   23         47256.1         953.365         1931.69         16.6308         5.27756         512.477  51
   24         45639.8         928.105         1858.45         16.2562         5.56059         487.993  53
   25         43899.4         892.652          1799.1         15.6549         6.12752         461.915  55
   26         42285.5         875.185         1708.63          15.264         6.54717          446.45  57
   27         40900.9          862.67         1618.91         14.9054         7.05647         440.133  59
   28         39519.1           855.3            1525         14.4554         7.77884         440.139  61
   29         38662.8         859.219         1498.96         13.9563         8.65939         434.225  63
   30         37694.2         860.827         1428.72         13.8544         8.79435         425.799  65
   31         37124.4         868.043         1397.51         13.6083         9.25587          424.39  67
   32         36616.8         876.163         1378.09         13.3837         9.66262         419.138  69
   33         36173.6         889.893         1362.35          13.105         10.2385          417.52  71
   34         35755.5         890.348         1340.42         13.0601         10.2726         409.771  73
   35         35263.8         896.649         1325.59         12.9005         10.5428         399.992  75
   36         34801.5         908.349         1322.54         12.6582         11.0121         389.468  77
   37         34334.6           933.6         1320.59           12.27         11.9251         384.334  79
   38           33904         943.433         1301.56         12.1233         12.2793         378.804  81
   39         33420.4         957.382          1282.7         11.9159         12.7942         373.211  83
   40         32947.9           982.1         1273.76         11.6001         13.6809         367.729  85
   41         32510.8         1012.55         1278.04         11.2384         14.7936         359.178  87
   42         32193.9         1020.18         1264.22         11.1313         15.1152         354.894  89
   43           31981         1020.96         1253.09         11.0952         15.1977         351.499  91
   44         31655.2         1033.41         1243.84          10.913         15.7711         347.747  93
   45         31454.3         1049.22         1243.64         10.7152         16.4618         346.207  97
   46         31242.6         1064.07         1239.73         10.5501         17.0912         344.467  99
   47         31091.8         1078.43          1238.7         10.3975         17.7054         343.739  101
   48         30959.6         1091.83         1238.03         10.2424         18.3337         343.918  103
   49         30792.1         1108.12         1236.37         10.0386         19.1754         344.904  105
   50           30634         1117.86         1236.58          9.8886         19.7879         343.299  107
   51         30459.7         1125.77         1238.01         9.72575         20.4433         340.961  109
   52         30320.7         1129.35         1241.25         9.60159         20.9336         337.928  111
   53         30167.3         1130.76         1241.51         9.49704         21.3487         334.872  113
   54         30022.8         1136.63         1246.63         9.32135         22.1409         332.784  115
   55         29910.8         1139.64         1243.83         9.22547         22.5973          332.77  117
   56         29822.8         1142.44         1241.82         9.16031         22.9273         332.167  119
   57         29671.5         1150.96         1240.61         8.95051         24.0289         334.171  121
   58         29615.9         1160.17         1254.72         8.67609         25.5695         336.052  123
   59           29493         1158.26         1242.79          8.7092         25.3625         334.518  125
   60         29434.6         1158.74         1242.03         8.66225         25.6254         334.042  127
   61         29376.4         1160.65         1243.36         8.56285          26.212         334.753  129
   62           29269          1162.1         1241.91           8.426         27.0505         336.037  131
   63         29234.9          1164.7         1251.21         8.12765         29.0308         342.493  133
   64         29046.2         1163.36         1235.89         8.11125         29.1308         341.502  135
   65           28970         1161.26         1231.42         8.10888         29.1232         340.162  137
   66         28850.2         1157.25         1226.77         8.03817         29.5752         339.778  139
   67         28721.4         1152.73         1229.71         7.86286         30.8069          339.63  141
   68         28608.2            1148          1227.9         7.71255         31.9205         341.509  143
   69         28545.7         1147.37         1226.03          7.6724         32.2112          341.07  145
   70         28475.7         1145.52         1225.13         7.60795         32.6775         340.869  147
   71         28408.7         1142.09         1225.41         7.51305          33.393         341.575  149
   72         28324.4         1136.04         1226.04          7.3819         34.4133         342.887  151
   73         28240.2         1132.05         1224.44         7.31223         34.9717           342.6  153
   74         28141.1         1124.89         1222.97         7.20404         35.8652         343.261  155
   75         28076.2         1118.49         1224.19          7.1054         36.7138         343.805  157
   76         28001.2         1113.58          1222.5         7.02891         37.3922         344.291  159
   77         27908.8         1104.84         1221.59          6.8979         38.6099         345.901  161
   78         27858.4         1099.05         1223.03         6.81489         39.4141         346.293  163
   79         27810.5         1097.12         1220.73         6.79168         39.6319         346.089  165
   80         27724.3         1089.59         1218.35         6.70254         40.5262         346.907  167
   81         27684.8         1084.67         1217.93         6.64476         41.1226         347.679  169
   82         27633.6          1079.5         1217.07         6.58475         41.7649         348.167  171
   83           27586         1061.74         1222.75         6.39113         44.0026         351.281  173
   84         27492.8          1058.8          1216.1         6.35806         44.3713         351.376  175
   85         27470.7         1060.22         1214.33         6.37737         44.1024         350.387  177
   86         27413.8         1057.91          1211.6         6.36841         44.1052         349.469  179
   87         27396.5         1045.89         1217.79         6.26317         45.2895         350.188  181
   88         27327.6         1043.96         1212.45         6.24189         45.5659         350.292  183
   89         27295.4         1038.38         1212.75         6.18619         46.3007         350.867  185
   90         27264.4         1031.17         1214.11         6.11938         47.1895         351.446  187
   91         27232.4         1021.54         1216.57         6.03685          48.309         352.104  189
   92         27187.4         1016.28         1215.73         5.99594         48.8475         352.051  191
   93         27152.7         1014.69         1215.08         5.99279         48.8006         350.921  193
   94         27102.1         1011.14          1215.2         5.98744         48.6888         348.884  195
   95         27085.6         1005.72         1219.43          5.9722         48.7045         346.965  197
   96         27043.6         1004.19          1216.1         5.96014         48.8792         347.036  199
   97         27023.8         1002.08         1214.97          5.9451         49.0892         347.255  201
   98         27003.9         998.869         1214.24         5.92604         49.3315         347.499  203
   99         26965.6         992.631         1213.44         5.89156          49.764         347.589  205
  100         26946.6          987.64         1214.38         5.86754         50.0494         347.328  209
  101         26925.1         984.135         1214.28         5.85156          50.236         347.097  211
  102         26912.2         982.005         1214.68          5.8438         50.3064         346.672  213
  103           26899         979.315         1215.39          5.8347         50.3799         346.175  215
  104         26883.1         974.414         1216.76         5.81761         50.5256         345.647  217
  105         26862.2         970.717         1216.78         5.80508         50.6303         345.302  219
  106         26844.5         967.674         1216.39         5.79385           50.73         345.226  221
  107         26825.5         963.461         1215.79         5.77819         50.8711         345.428  223
  108         26813.7         957.091         1215.58         5.75513         51.0881         346.197  225
  109         26793.6          956.19         1214.24         5.75157         51.1138          346.06  227
  110           26776         953.886         1213.55         5.74366         51.1791         345.973  229
  111         26763.1         950.765         1213.13         5.73311         51.2743         346.125  231
  112           26754         943.176            1214         5.70827         51.5203         346.611  233
  113           26733         941.224         1212.62         5.70164         51.5859         346.612  235
  114         26724.2         939.864         1212.41         5.69736          51.629         346.512  237
  115         26714.2         937.104         1212.27         5.68874         51.7182         346.567  239
  116         26698.5         931.553          1212.3         5.67188         51.8968         346.707  241
  117         26680.8         925.205         1211.47         5.65237         52.1248         347.304  243
  118         26669.7         923.197         1210.77         5.64599         52.1916          347.45  245
  119         26655.3         919.512         1209.79         5.63529         52.3123         347.817  247
  120         26647.9         914.233         1209.43         5.62022         52.4999          348.46  249
  121         26634.8         913.068         1208.39         5.61664         52.5389          348.52  251
  122         26624.7         910.838         1207.71         5.61038         52.6187         348.698  253
  123         26616.4          908.19         1207.17         5.60277         52.7155         348.971  255
  124         26598.4         901.494         1206.62         5.58353         52.9696          349.39  257
  125         26582.1         891.903         1205.67         5.55588         53.3947         350.483  259
  126         26566.4         890.912          1205.1           5.551         53.4313         350.243  261
  127         26544.5         889.454         1203.89         5.54573         53.4833         350.037  263
