    0     1.98643e+07         2698.27          654711         220.289               0               0  1
    1     1.50835e+07         2694.68          501753         23.1903      0.00329814         252.852  7
    2     3.11493e+06         2666.38         97562.5         26.8177        0.236691         7928.14  9
    3     1.52247e+06         2642.36           36431         26.1667        0.596442           20036  11
    4          931711         2618.05         18866.7         26.0288        0.956288         16852.1  13
    5          588946         2596.86         13337.5         25.5118         1.11048         8034.54  15
    6          405195         2572.88         10588.8         24.9768         1.08503         2997.96  17
    7          327898         2556.43         8900.52         24.6128        0.965979         1684.66  19
    8          264250         2532.29          7107.4         24.4395        0.873981         1201.95  21
    9          201929         2465.06         4784.86         24.4198        0.854263         1574.06  23
   10          184515         2435.36         4216.07         24.3627         0.86742         1560.87  27
   11          171247         2411.71         3891.67          24.346        0.903707         1386.06  29
   12          159826         2361.08         3533.68           24.29        0.958073         1357.25  31
   13          154040         2335.95         3342.46         24.1931        0.962102         1360.87  33
   14          150078         2320.92         3233.91         24.1199        0.955568         1330.07  35
   15          137970         2223.92         2825.93         23.7074        0.957605         1362.06  37
   16          134658         2147.14         2729.03         23.3927         1.00968         1361.34  39
   17          128520         2131.88         2552.53          23.323         1.03178         1323.44  41
   18          123744         2090.12         2416.43         23.1448         1.08909         1299.72  43
   19          119892         2038.21         2295.12         22.9269         1.16315         1302.49  45
   20          114550          1917.7         2098.33         22.4377         1.36384         1360.87  47
   21          110574          1828.5         1980.21          22.067         1.52787          1362.1  49
   22          107390         1834.09         1921.28          22.052         1.49861         1291.77  51
   23          103550          1788.1         1832.46          21.811          1.5611          1247.3  53
   24          100536         1726.26         1754.57         21.5269         1.67781         1230.61  55
   25         97220.1         1568.67          1664.6         20.8666         2.07623         1240.26  57
   26         93070.1         1528.79         1564.13         20.7042         2.19861         1193.46  59
   27           90357         1504.71         1508.51         20.6054         2.27561          1147.3  61
   28         86886.5         1411.75          1420.1         20.2403         2.60502         1128.96  63
   29         84461.7         1325.54          1348.2         19.9142          2.9426         1135.85  65
   30         81766.3          1310.4         1284.43         19.8464         2.99719         1100.83  67
   31         79862.7         1284.68         1243.03         19.7402         3.09493         1074.25  69
   32         78268.3         1240.66         1204.52         19.5565         3.28027          1063.5  71
   33         77087.3         1182.25         1186.15         19.3045         3.55441         1047.24  73
   34         75823.7          1178.2         1161.76         19.2629         3.56113         1022.93  75
   35         74966.5         1164.96         1148.93         19.1721         3.61326         1004.46  77
   36         73806.6         1137.26         1131.07         18.9883         3.73677         983.718  79
   37         73049.9          1068.7         1143.26         18.5272         4.09772         953.708  81
   38         71223.5         1063.16         1101.43         18.4821         4.12821         927.645  83
   39         70294.1         1046.71         1091.74         18.3596         4.22593         902.556  85
   40         69119.6         1011.92         1081.31         18.0917         4.45328          874.38  87
   41           68209         978.374         1082.11         17.8118         4.70012         843.078  91
   42         66956.7         945.037         1065.67         17.5208         4.99617         821.034  93
   43         65701.3         916.122         1052.94         17.2359         5.29674         792.755  95
   44         64931.1         898.107         1043.07         17.0341         5.51329         779.831  97
   45         64221.8         882.879         1027.44         16.8333         5.71573         778.407  99
   46         63613.2         880.262            1016         16.7845         5.74479         767.673  101
   47         62839.8         867.813         1011.58         16.6065         5.94497         744.961  103
   48         62056.9         858.022         1002.32         16.4356         6.11653         728.558  105
   49         61492.5         844.239         999.818         16.1805         6.42611         717.237  107
   50         60921.6         842.494         989.606         16.1355          6.4658         706.302  109
   51         60288.2         836.925         983.823          16.003         6.62057         690.059  111
   52         59653.8         829.061         977.958         15.7883         6.90363          677.98  113
   53         59391.5         819.507         987.607         15.3882         7.51421         670.267  115
   54         58719.4         819.786          970.19         15.4011         7.47618         662.165  117
   55         58470.5         819.481         967.426         15.3789         7.50152         654.965  119
   56         57999.3         817.783         963.218         15.2292         7.73048         645.058  121
   57         57837.2         817.156         970.898         14.9778         8.16002         637.605  123
   58         57370.5         817.372         957.853          14.932         8.24294         636.032  125
   59         57135.3         818.039         956.065         14.8475         8.40154         630.992  127
   60         56865.5         819.987         955.545         14.7036         8.68298         625.095  129
   61           56438         825.073         951.344         14.4773         9.15107         620.619  131
   62         56195.5         831.502         950.896          14.283         9.58491          618.12  135
   63         55832.2          839.29          944.86         14.1007         10.0198         617.298  137
   64         55543.8         845.442         942.517         13.9668         10.3364         612.469  139
   65         55264.8         857.025         941.527         13.7567         10.8757         609.384  141
   66         55001.4         859.992         936.702         13.6879         11.0267         606.597  143
   67         54747.9         861.747         932.254         13.6288         11.1359          603.35  145
   68         54472.3         866.664          928.79         13.5195         11.3845         599.741  147
   69         54126.2         873.177         924.549         13.3851         11.7047         594.871  149
   70         53778.6         885.149         921.223         13.1842         12.2429         591.389  151
   71         53517.6         894.076         918.281          13.051         12.6292         588.575  153
   72         53348.7          897.41         916.031          13.002         12.7744         585.643  155
   73         53178.3         902.739         915.211         12.9232         13.0114         581.791  157
   74           53099         913.954         918.147          12.763         13.5107         580.375  159
   75         52940.7         914.549         914.007         12.7514          13.544         579.181  161
   76         52840.2         918.272         913.037         12.6966         13.7179         577.996  163
   77         52749.9         923.624         912.166         12.6215         13.9639         578.026  165
   78         52552.4         936.093          908.95         12.4518         14.5422         580.256  167
   79           52447         943.756         907.277         12.3497         14.9048         581.852  171
   80         52311.3          950.24         903.817         12.2642         15.2169         583.904  173
   81         52152.1         957.115         901.017         12.1679         15.5697         584.262  175
   82         51996.2         964.313         899.409         12.0603         15.9684         583.497  177
   83         51835.6         969.717         897.322         11.9716         16.2973         582.433  179
   84         51695.1             971         894.793         11.9374         16.4142          580.73  181
   85         51558.8         976.721         893.008         11.8367         16.7937         580.963  183
   86         51449.8         978.493         890.353         11.7988         16.9332         581.159  185
   87         51381.4          980.44         888.759         11.7687         17.0519         581.423  187
   88         51253.9         988.058         886.272         11.6532         17.5197         583.708  189
   89         51226.9         997.008         887.213         11.5119          18.108         586.971  191
   90         51115.5          996.48         884.218         11.5176         18.0796         585.665  193
   91         51046.8         998.676         883.482         11.4777         18.2432         585.054  195
   92         50980.8         1003.34         883.336         11.3972         18.5828         585.425  197
   93         50883.8          1009.3         882.529         11.2917         19.0338         586.316  199
   94         50835.4         1024.09         884.544          11.045         20.1562         591.345  201
   95         50702.8         1021.27         880.611         11.0802         19.9743         589.175  203
   96         50658.5         1020.72         879.919         11.0804          19.961         588.027  205
   97         50559.9         1021.87         879.282         11.0372         20.1312          585.99  207
   98         50533.2         1027.56         883.153         10.9006         20.7348         584.788  209
   99         50381.8          1028.7         879.036         10.8796         20.8346         584.286  211
  100         50309.7         1031.62         878.539         10.8262         21.0935         583.693  213
  101         50241.1         1036.55         878.984         10.7332         21.5506         583.538  215
  102         50143.9         1042.27         878.846         10.6151         22.1391         583.919  217
  103         50102.8          1052.7         882.176         10.4055         23.2426         585.725  219
  104         50006.4         1050.12         879.056         10.4418          23.032          584.11  221
  105         49965.7         1048.91         878.383         10.4522         22.9646         582.686  223
  106         49866.8         1048.87         878.277         10.4168         23.1286         579.512  225
  107         49789.8         1051.69          881.19         10.3068         23.7055         576.075  227
  108         49676.7         1053.99         880.235         10.2387         24.0804          574.77  229
  109         49613.5          1056.8          880.07         10.1756         24.4461         574.505  231
  110         49560.8         1059.96         880.225         10.1013         24.8851         574.756  233
  111           49498         1063.56         880.885         9.99804         25.5013         574.989  235
  112           49428         1066.54         880.758         9.91108         26.0356         575.345  237
  113         49384.7          1066.6         880.559         9.88915         26.1596          574.45  239
  114         49312.8         1066.64         880.836         9.84202         26.4292         572.525  241
  115         49255.9         1067.85         883.205         9.74743         27.0033         570.218  243
  116         49183.1         1068.19         882.054         9.71793         27.1844         569.585  245
  117         49138.5         1068.69         882.021         9.68612         27.3825         568.771  247
  118         49099.5         1069.25         882.204         9.64632         27.6311          568.26  249
  119         49021.6         1070.23         882.662          9.5392         28.3056         568.309  251
  120           48958         1071.26         882.933         9.43431          28.995         569.226  253
  121           48922         1070.97         882.111         9.42957         29.0145         568.893  255
  122         48886.4         1070.51         881.833         9.41424         29.0968         568.237  257
  123         48853.6         1070.12         882.217         9.38247         29.2885         567.438  259
  124         48798.2         1069.66         882.827         9.31807         29.6979         566.583  261
  125         48731.5         1068.96         883.736           9.224         30.3151          566.01  263
  126         48690.1         1068.18         884.963         9.12736         30.9809         566.305  265
  127         48645.8         1068.03         883.401         9.13612         30.9131         566.069  267
  128         48605.8         1067.54         882.203         9.13154         30.9344         566.099  269
  129         48558.3         1066.54         881.442         9.09663         31.1636         566.432  271
  130         48531.3         1064.07         883.235         8.97709         32.0037         567.649  273
  131         48459.9         1063.79         881.481         8.96218         32.1101         567.367  275
  132         48425.2         1063.22         881.644         8.92651         32.3752         566.934  277
  133         48393.6         1062.22         882.302         8.86914         32.8095         566.851  279
  134         48343.4         1060.37         882.293         8.78854         33.4385         567.846  281
  135         48295.4          1057.6         882.258         8.67226         34.3887           570.5  283
  136         48256.3         1057.04         880.973         8.66797         34.4198         570.686  285
  137         48196.2         1055.49         879.036         8.65293         34.5394         571.295  287
  138         48141.2            1053         877.699         8.60555         34.9402         572.643  289
  139         48088.3         1049.52         876.828          8.5364         35.5437         574.332  291
  140         48049.1          1048.4         876.353          8.5086         35.7921         574.284  293
  141           48018         1047.56         876.189         8.48472         36.0089         573.992  295
  142         47984.8          1046.2         875.385          8.4553         36.2795         574.808  297
  143         47938.2         1041.54         873.573         8.36298         37.1663         579.157  299
  144           47888          1039.6          871.59          8.3312         37.4831         580.991  301
  145         47865.3         1038.91         870.883         8.32361         37.5585         581.257  303
  146         47833.9         1036.81         870.066         8.29131         37.8849         582.307  305
  147         47825.3         1033.21         870.368         8.23507         38.4665         583.834  307
  148         47783.7          1032.4         869.033         8.21922         38.6308         584.422  309
  149         47764.6         1031.38         868.585          8.2002         38.8297         584.942  311
  150         47740.3         1029.27         867.884          8.1636          39.219         586.327  313
  151         47704.3         1026.09         866.362         8.11035         39.7929         589.055  315
  152         47663.3         1020.38           863.5         8.01863         40.8375          595.13  317
  153         47628.3         1019.83         862.303         8.01232         40.8916         595.464  319
  154         47597.4         1018.83         861.223         8.00205          40.987         596.005  321
  155           47571         1017.11         860.639         7.97934         41.2285         596.541  323
  156         47525.6         1011.62         860.039         7.90368         42.0646          598.39  325
  157         47488.9         1010.08          859.63         7.88371         42.2709         598.042  327
  158         47463.6         1009.18         859.294         7.87213         42.3852         597.787  329
  159         47433.3          1007.2         858.876         7.84755         42.6296         597.981  331
  160           47420         1004.07         858.739         7.81054         43.0113         599.152  333
  161           47392          1003.3         857.995          7.8011         43.1091         599.279  335
  162         47377.6         1002.31         857.678         7.78957         43.2304          599.54  337
  163         47362.3         1000.47         857.566         7.76839         43.4525         599.872  339
  164         47340.5         997.098         857.891         7.73012         43.8505         599.976  341
  165         47311.5         994.165         857.781         7.69688         44.2031          600.15  343
  166           47283         991.391         857.757         7.66629         44.5238         600.108  345
  167         47256.9         988.119         857.713         7.63077         44.8965         600.436  347
  168         47241.6         984.512         857.736         7.59333         45.2932         601.289  349
  169         47219.6         984.559          856.92         7.59436         45.2744          601.38  351
  170         47200.7         984.198         856.171         7.59206         45.2885         601.677  353
  171         47179.6          982.92         855.539         7.58084         45.3967         602.084  355
  172         47148.4         978.468         855.387         7.53954         45.8256         602.615  357
  173         47114.4         974.805         855.091           7.505         46.1974         602.896  359
  174         47096.4         973.481         855.194          7.4919         46.3409         602.418  361
  175         47079.4          971.37         855.654         7.47158         46.5658         601.776  363
  176           47064         968.704          855.97         7.44643         46.8441         601.645  365
  177         47043.1         966.726         855.709         7.42848          47.044         601.785  367
  178         47006.6          961.95         855.294         7.38664         47.5261         602.432  369
  179         46998.7         958.381         855.636         7.35562         47.8849         602.894  371
  180         46979.9         959.229         855.012         7.36365         47.7855         602.547  373
  181         46970.4         959.084         854.948         7.36323         47.7858         602.196  375
  182           46959         958.129         855.091         7.35635         47.8591          601.73  377
  183         46943.2           955.8         855.351         7.33857         48.0552         601.362  379
  184         46923.8         953.087         855.338          7.3183         48.2905         601.326  381
  185         46910.2         951.378         855.005         7.30529         48.4412         601.725  383
  186         46897.9         948.767         854.435         7.28578         48.6675         602.847  385
  187         46886.5         947.767         853.991         7.27868         48.7477         603.265  387
  188         46876.2          947.09         853.625          7.2742         48.7952         603.515  389
  189         46857.3         944.563         853.171         7.25679          48.994         604.046  391
  190         46849.5         942.896         853.019         7.24545          49.128         604.401  395
  191         46838.4         940.918          852.88         7.23154         49.2932         604.685  397
  192         46827.3         938.748         852.884          7.2163         49.4728         604.812  399
  193           46816         936.304         852.854         7.19921         49.6706         605.072  401
  194         46804.1         933.187         852.676         7.17749         49.9212         605.738  403
  195         46791.1         932.225         852.158         7.17065         49.9908         606.186  405
  196         46770.1         930.123         851.048         7.15611         50.1391          607.48  407
  197         46756.5         927.723         850.585          7.1393         50.3223         608.273  409
  198         46739.9         925.141          850.18         7.12166         50.5215         608.864  411
  199         46724.8         921.888         849.991         7.09968         50.7739           609.4  413
  200           46717         919.076         849.964         7.08082          50.995         609.915  415
  201         46709.5         919.262         849.693         7.08208         50.9754         609.892  417
  202         46702.4          919.07          849.35         7.08099         50.9828         610.109  419
  203         46694.4         918.082         848.856          7.0746          51.053          610.75  421
  204         46685.5         914.597         848.145         7.05185         51.3108         612.425  423
  205         46668.6         912.791         847.263            7.04         51.4504         613.448  425
  206         46658.5         911.155         846.933         7.02925         51.5752         613.928  427
  207         46646.3         908.197         846.597          7.0099         51.8037          614.71  429
  208         46638.9         903.994         846.419         6.98244         52.1367         615.855  431
  209         46625.2         902.722         846.042         6.97375         52.2407         616.135  433
  210         46620.3         902.346         845.992         6.97119         52.2663         616.084  435
  211         46614.9         901.596         845.908         6.96616           52.32         616.177  437
  212         46603.5         899.955         845.584         6.95515         52.4364         616.609  439
  213           46598         896.434          845.38         6.93143         52.6969         617.738  441
  214         46584.4         896.471         844.902         6.93146         52.6891          617.78  443
  215         46579.7         896.318         844.776          6.9304         52.6961         617.787  445
  216         46573.9           895.6         844.663         6.92545          52.743         617.904  447
  217         46564.4         893.818         844.549         6.91319         52.8647         618.182  449
  218         46553.9         890.941         844.377         6.89343         53.0703         618.843  451
  219         46544.6         889.826         844.205         6.88539          53.149         619.012  453
  220         46531.7         887.834         843.969         6.87142         53.2879         619.378  455
  221           46523         885.361         843.689          6.8538         53.4668         620.192  457
  222         46512.7         883.929         843.379         6.84333         53.5704         620.632  459
  223         46503.2         882.384         843.105         6.83191         53.6835         621.105  461
  224         46494.8          880.67         842.936         6.81883         53.8111         621.547  463
  225         46484.5         877.752         842.783          6.7965          54.036           622.3  465
  226         46474.2         876.516         842.653          6.7863         54.1314         622.457  467
  227         46464.3         875.345         842.647         6.77646          54.218         622.438  469
  228           46455         873.882          842.66         6.76427          54.328         622.522  471
  229         46443.7         870.626         842.698          6.7371         54.5863         623.166  473
  230         46432.1         869.469         842.429         6.72696         54.6833         623.458  475
  231         46424.4         868.594         842.175         6.71951         54.7566         623.795  477
  232         46415.1         866.882         841.907         6.70479         54.9027          624.41  479
  233         46411.1         863.519          841.64         6.67629          55.201         625.903  481
  234         46396.4         862.986         841.288         6.67078         55.2503         625.948  483
  235         46390.1         862.462          841.18         6.66602         55.2961         626.014  485
  236         46381.9         861.063         840.987         6.65368          55.424         626.456  487
  237         46374.2         858.888         840.712         6.63453         55.6278         627.341  489
  238         46362.9         857.492         840.318         6.62193         55.7667          627.93  491
  239         46354.7         856.592         840.035         6.61378         55.8546         628.311  493
  240           46346         855.227         839.747         6.60132         55.9906         628.862  495
  241         46342.7          853.19         839.755         6.58264         56.1978         629.513  497
  242         46330.9         853.071         839.455         6.58089         56.2094         629.455  499
  243         46324.5          852.77         839.438         6.57772          56.237         629.304  501
  244         46317.7         852.064         839.516         6.57059         56.3065          629.17  503
  245           46309         850.874         839.649         6.55827         56.4272         629.091  505
  246           46300         849.356          839.74         6.54228         56.5907         629.216  507
  247         46293.1         848.872         839.543         6.53671         56.6414         629.421  509
  248         46289.2          848.69         839.343         6.53446         56.6569         629.633  511
  249         46282.2         848.073         838.984         6.52687         56.7166         630.168  513
  250         46278.5         846.818         838.526         6.51123         56.8454         631.386  515
  251         46267.4         846.518          838.25         6.50697          56.879         631.442  517
  252         46261.1         846.097         838.171         6.50131         56.9251         631.504  519
  253         46253.9         845.353          838.09         6.49126          57.008          631.72  521
  254         46242.1         844.058         838.003         6.47328         57.1588         632.077  523
  255         46232.4             842             838          6.4441         57.4331         632.882  525
  256         46220.8             842         837.714         6.44219         57.4271         632.831  527
  257         46213.7         841.906         837.547          6.4399         57.4329         632.842  529
  258         46206.1         841.545         837.369         6.43305         57.4783         633.044  531
  259         46199.9         840.699         837.277         6.41724         57.5998         633.582  533
  260         46190.8         840.495         837.067         6.41289         57.6312         633.641  535
  261         46186.6         840.303         837.043         6.40904         57.6601         633.637  537
  262         46181.5         840.007          837.04          6.4026         57.7044         633.682  539
  263         46175.3         839.393         837.114         6.38777         57.8007         633.937  541
  264           46167         839.063         836.886         6.37892         57.8585         634.265  543
  265         46162.6         838.994         836.721         6.37593         57.8678         634.437  545
  266         46155.5          838.79         836.419         6.36783         57.8998         634.913  547
  267         46150.3          838.47         836.257         6.35382         57.9566         635.559  549
  268         46140.6          838.33         835.951         6.34717         57.9858         635.841  551
  269         46133.9           838.2         835.829          6.3401         58.0137         636.021  553
  270         46129.1         838.094         835.832         6.33331         58.0386         636.097  555
  271         46122.1         837.913         836.013         6.31868          58.092         636.162  557
  272         46113.4          837.81         836.008         6.30781         58.1355         636.244  559
  273         46108.2         837.808          835.96         6.30407         58.1414         636.237  561
  274         46101.5         837.817         835.799         6.29762         58.1507         636.454  563
  275           46093         837.848         835.492         6.28653         58.1715         637.022  565
  276         46084.4          837.95          835.07         6.27108         58.2044         637.958  567
  277         46076.9         838.006          834.93         6.26704         58.2032         637.994  569
  278         46069.1         838.107         834.929          6.2624         58.1943         637.841  571
  279         46063.3         838.271         835.109         6.25471         58.1887         637.666  573
  280         46055.5          838.41         835.178         6.24871         58.1827         637.469  575
  281         46045.4         838.654         835.311         6.23912          58.176          637.24  577
  282         46035.9         839.006         835.318         6.22729         58.1691         637.336  579
  283           46031         839.549         835.407         6.21183         58.1646         637.704  581
  284         46023.1         839.494         835.043         6.21331         58.1558         637.794  583
  285         46019.5         839.535         834.861         6.21308         58.1442         637.908  585
  286         46015.4         839.676          834.78          6.2105         58.1268         637.965  587
  287         46009.6         840.148         835.094         6.20152         58.0838         637.673  589
  288         46000.8          840.47         835.184         6.19523         58.0578         637.423  591
  289         45993.4         840.859         835.526           6.188         58.0298         636.906  593
  290         45987.2         841.255         835.828         6.18108         57.9992         636.504  595
  291         45983.1          842.08         836.267         6.16879         57.9324         636.278  597
  292         45973.1         842.325         836.076         6.16466         57.9117         636.279  599
  293         45967.4         842.526         835.835         6.16214         57.8871         636.499  601
  294         45961.7         842.887         835.618         6.15774          57.848         636.779  603
  295         45952.4         843.601         835.681         6.14951         57.7758         636.669  605
  296         45942.3         844.802         835.871         6.13622         57.6807         636.575  607
  297         45934.4         845.147         836.011         6.13189         57.6466         636.206  609
  298         45925.9         845.734         836.322         6.12595         57.5864         635.644  611
  299         45918.8         846.489         836.476         6.11852         57.5189         635.457  613
  300         45908.9         847.796         836.527         6.10655         57.4206          635.52  615
  301         45899.7          848.46         836.275         6.10027         57.3686         635.768  617
  302         45890.4         849.665         836.216         6.09033         57.2729         635.921  619
  303         45882.3         850.254         836.182          6.0854         57.2169         635.844  621
  304         45875.4         850.844         836.333         6.08084         57.1633         635.522  623
  305         45866.6         852.256         836.929         6.07049         57.0511          634.75  625
  306         45860.3         853.494         837.068          6.0615         56.9723          634.69  627
  307         45855.2         853.606         836.918         6.06026         56.9619         634.729  629
  308         45849.6         854.364         836.799         6.05523         56.9085         634.892  631
  309         45845.8         855.035         836.785         6.05086         56.8626         634.955  633
  310         45837.6         857.631          836.89         6.03661         56.6959         635.136  635
  311         45827.2         859.174         836.785         6.02735            56.6         635.258  637
  312         45820.5          859.32         836.677         6.02641         56.5767         635.144  639
  313         45811.9         859.784         836.634         6.02479         56.5125         634.903  641
  314         45804.8         860.287         836.525         6.02279         56.4486         634.852  643
  315           45793         862.199         836.286         6.01498          56.263         635.097  645
  316         45782.3          863.44         835.883         6.00915         56.1575         635.504  647
  317         45775.7         864.135         835.675          6.0057         56.1053         635.678  649
  318         45769.6         865.181         835.587         6.00116         56.0207         635.762  651
  319           45764         866.405         835.637         5.99608         55.9205         635.697  653
  320         45757.6         867.063         835.705         5.99339         55.8559         635.446  655
  321           45749         868.452         835.868         5.98866         55.7208          635.07  657
  322         45742.2         870.279         835.829         5.98235         55.5619         635.174  659
  323         45733.6         871.491         835.635         5.97816         55.4519         635.294  661
  324         45725.6         873.016         835.264         5.97349         55.3225         635.736  663
  325         45719.1         874.692         834.999         5.96834          55.187         636.119  665
  326         45711.1         876.442         834.655         5.96335         55.0534         636.527  667
  327         45702.7         878.984         834.345           5.957         54.8674         636.951  669
  328         45693.9         880.406         834.158          5.9529         54.7649         637.028  671
  329         45689.3         880.421          834.17         5.95286         54.7497         636.795  673
  330         45680.4         881.559         833.968         5.95082         54.6366         636.814  675
  331         45676.1         882.961         833.763         5.94785         54.5255         637.097  679
  332           45671         884.188          833.47         5.94505          54.428         637.457  681
  333         45664.5         885.922         833.096          5.9416         54.2873         637.919  683
  334         45656.9         887.833         832.707         5.93789         54.1355         638.362  685
  335         45649.3         888.662         832.587         5.93598         54.0512           638.3  687
  336         45640.9         890.569         832.608         5.93261         53.8544          638.12  689
  337         45632.9         890.853         832.575         5.93188         53.8051         637.839  691
  338         45626.1          891.29         832.574         5.93126         53.7434         637.576  693
  339         45617.8         892.864         832.463         5.92892         53.5865         637.522  695
  340         45613.3         894.063         832.423         5.92695         53.4683         637.512  699
  341         45607.2         895.594         832.258         5.92465          53.332         637.628  701
  342         45599.5         897.543         832.121         5.92184         53.1556         637.671  703
  343         45593.2         900.229          832.17         5.91836         52.9128         637.561  705
  344         45585.4         901.473         832.145          5.9161         52.7935          637.38  707
  345         45579.4         901.708          832.19         5.91567         52.7513         637.064  709
  346         45569.1         902.745          832.35          5.9145         52.6198         636.447  711
  347         45564.7         904.675         832.655         5.91259         52.4109          635.98  713
  348         45555.4         904.958         832.341         5.91198         52.3823          636.03  715
  349         45550.4         905.673         832.161         5.91121         52.3139         636.119  717
  350           45545         906.969             832         5.90992         52.1874         636.218  719
  351         45541.2         909.908         832.009         5.90728         51.9089         636.278  721
  352           45531         910.714         831.748         5.90598         51.8334          636.26  723
  353         45525.5         911.547         831.707         5.90523          51.749         636.129  725
  354         45521.5         912.633         831.732          5.9043         51.6416         635.989  727
  355         45515.2          914.25         831.685          5.9033          51.473         635.881  729
  356         45509.4         916.619          831.56         5.90212         51.2459         635.947  731
  357         45504.9         916.823         831.407         5.90176         51.2182         635.989  733
  358         45499.9         917.117         831.178          5.9021         51.1751         636.092  735
  359         45494.5         918.108         830.901         5.90249         51.0645         636.279  737
  360         45486.9         919.379         830.605         5.90277         50.9297         636.403  739
  361         45478.5         920.983           830.4         5.90292         50.7636         636.366  741
  362         45473.5         923.666         830.307          5.9034         50.4875         636.377  743
  363         45465.2         924.248         830.164         5.90294         50.4247         636.229  745
  364         45461.4         924.327         830.102         5.90294         50.4097         636.145  747
  365         45454.1         925.373         829.942         5.90332         50.2956         636.062  749
  366         45448.2         927.416         829.869         5.90411         50.0929         635.935  751
  367         45440.7         929.244         829.719         5.90451         49.9239         635.845  753
  368         45435.7         930.852         829.706         5.90468         49.7735         635.676  755
  369         45432.1         932.049         829.768         5.90465          49.659         635.457  757
  370         45427.6         933.375         829.879         5.90449         49.5357         635.134  759
  371         45421.6         935.596         830.056         5.90381          49.349         634.675  761
  372         45414.7         936.767         829.976          5.9032         49.2569         634.518  763
  373         45410.5         937.211         829.852         5.90275         49.2126         634.534  765
  374         45404.3         938.693         829.635         5.90233          49.079         634.631  767
  375         45403.6         942.378         829.602         5.90197         48.7839         634.774  769
  376         45394.1         942.221         829.371         5.90135         48.7938         634.678  771
  377         45391.3         942.819         829.365         5.90141         48.7491         634.554  773
  378           45388         944.336         829.442         5.90139         48.6396          634.31  775
  379         45386.5         947.117         829.694         5.90148         48.4515         633.902  777
  380         45380.9           947.8         829.648         5.90092         48.4069          633.73  779
  381         45377.4         948.694         829.695         5.90076         48.3461         633.506  781
  382         45374.1         950.045         829.762         5.90067         48.2561         633.272  783
  383         45368.7         952.226         829.747         5.90077         48.1096         633.057  785
  384           45366          957.05         829.787         5.90197          47.823         632.848  787
  385         45358.3         956.882         829.554         5.90073         47.8268         632.876  789
  386         45354.8             957         829.419          5.9007         47.8151         632.914  791
  387         45350.3         958.167         829.292         5.90066          47.746          632.89  793
  388         45347.6         961.948         829.217         5.90082         47.5441          632.87  795
  389         45339.6         963.131         829.034         5.90011         47.4845         632.783  797
  390         45335.7         964.723         828.988         5.89992         47.4043         632.666  799
  391         45332.5         966.692         828.954          5.8997         47.3082         632.565  801
  392         45327.2         969.677         828.913          5.8994         47.1679         632.369  803
  393         45324.5         971.701         828.892         5.89908         47.0814         632.265  807
  394         45321.3         973.121         828.886         5.89849         47.0202         632.136  809
  395           45318         974.226         828.899         5.89801         46.9684         631.971  811
  396           45313         976.866         828.967         5.89691         46.8416         631.668  813
  397         45306.5         978.258         828.883         5.89587         46.7716         631.525  815
  398         45301.9         978.515         828.728         5.89532         46.7424          631.57  817
  399         45295.6         979.518         828.397         5.89439         46.6696         631.822  819
  400         45294.2         981.478         828.056         5.89333         46.5589         632.325  821
  401         45288.4         981.655         827.854         5.89317         46.5503         632.349  823
  402         45286.1         982.161         827.737         5.89311         46.5261          632.41  825
  403         45283.3         983.278         827.554         5.89286         46.4707         632.557  827
  404         45279.7         985.132         827.347         5.89248         46.3782         632.705  829
  405         45275.4         987.173         827.096         5.89194         46.2814          632.89  831
  406         45272.2          988.01         827.014         5.89147         46.2379         632.878  833
  407         45269.1         989.272         826.992         5.89097         46.1708         632.783  835
  408         45266.5         990.003         826.988         5.89045          46.132         632.687  837
  409           45264         990.354         826.995         5.89015         46.1116         632.571  839
  410         45258.2         992.046         827.065         5.88916         46.0265         632.228  841
  411         45256.1          992.99         827.133         5.88861          45.982         632.046  845
  412         45253.3          994.04         827.159         5.88799         45.9345         631.888  847
  413         45249.1         995.848         827.209         5.88698         45.8537         631.649  849
  414         45247.4         998.141         827.298          5.8856         45.7569         631.479  851
  415         45243.8         998.244         827.197         5.88519         45.7504          631.47  853
  416         45241.5         998.405         827.114         5.88479         45.7413         631.503  855
  417         45238.9         999.054         827.017         5.88394         45.7143         631.557  857
  418         45235.4         1001.29         826.998         5.88161         45.6315         631.496  859
  419         45231.6          1003.1         826.892         5.87973         45.5721          631.53  861
  420         45229.8         1003.67         826.921         5.87913         45.5497         631.419  863
  421         45228.1         1004.57         827.026         5.87829         45.5156         631.207  865
  422         45226.5         1005.77         827.194         5.87696         45.4756         630.924  867
  423         45224.1         1006.73         827.302         5.87572         45.4473         630.681  869
  424         45220.1         1008.64         827.492         5.87307         45.3991         630.281  871
  425           45218         1010.83         827.715         5.86983         45.3471         629.949  873
  426         45214.6         1011.39         827.675         5.86858          45.327         629.889  875
  427           45212         1011.83         827.629         5.86758         45.3046          629.88  877
  428         45209.4         1012.83         827.627         5.86569         45.2717         629.829  879
  429           45209          1014.6         827.789         5.86256         45.2329         629.676  881
  430         45205.4         1014.71         827.696         5.86234         45.2292         629.643  883
  431         45204.2            1015         827.719         5.86194         45.2217         629.564  885
  432         45202.7         1015.79         827.803          5.8607         45.2032         629.401  887
  433         45200.3         1017.11         827.903         5.85856         45.1724         629.204  889
  434           45200         1020.49         828.257         5.85307         45.1082         628.828  891
  435         45195.7         1020.16         828.084         5.85322         45.1108          628.88  893
  436         45194.6         1020.22         828.045         5.85304         45.1073         628.894  895
  437         45192.7         1020.88         828.033         5.85181         45.0917         628.862  897
  438         45190.7         1022.87         828.137         5.84857         45.0542         628.704  899
  439         45187.5         1023.96         828.082         5.84669         45.0363         628.683  901
  440         45185.6         1024.72         828.064         5.84555         45.0242         628.648  903
  441         45183.8          1025.7         828.043         5.84419          45.008         628.623  905
  442         45181.5         1027.29         828.004         5.84205         44.9829          628.62  907
  443         45179.4         1029.15         827.967         5.83945         44.9576         628.633  909
  444         45177.2         1029.52          827.91         5.83877         44.9518          628.63  911
  445         45175.6         1030.02         827.882         5.83793         44.9429         628.616  913
  446         45174.2         1030.66         827.863         5.83688         44.9332         628.605  915
  447         45171.9         1032.45         827.853         5.83408          44.911          628.58  917
  448         45169.3         1033.81         827.771         5.83193         44.8981         628.623  919
  449         45166.9         1034.66         827.692         5.83058          44.889         628.654  921
  450         45164.1         1036.27         827.587         5.82808         44.8727         628.736  923
  451         45162.6         1037.86         827.512         5.82555         44.8625         628.828  925
  452         45160.7         1037.91         827.481         5.82521         44.8594           628.8  927
  453         45158.9         1038.34         827.473         5.82421          44.854         628.757  929
  454         45156.9         1039.51         827.478         5.82189          44.848          628.71  931
  455         45155.1         1041.72         827.571         5.81747         44.8463         628.594  933
  456         45152.9         1042.34          827.51         5.81604         44.8449         628.615  935
  457         45151.4         1042.71         827.476         5.81518         44.8415         628.621  937
  458         45149.3         1043.67         827.435         5.81297         44.8366         628.644  939
  459         45148.1         1044.61         827.438          5.8108         44.8363         628.641  943
  460         45146.2         1045.79         827.426         5.80796         44.8394         628.642  945
  461         45143.8         1047.22         827.447         5.80435         44.8456         628.593  947
  462         45142.9         1049.02         827.631         5.79949         44.8551         628.417  949
  463         45140.2         1049.24         827.569         5.79862         44.8537          628.41  951
  464         45138.8         1049.26         827.567         5.79829         44.8468         628.365  953
  465           45137          1049.6          827.58         5.79691         44.8407         628.315  955
  466         45134.2         1050.29         827.579         5.79424         44.8354         628.283  957
  467         45132.3         1051.92         827.672         5.78854         44.8494         628.237  959
  468         45129.3         1052.08         827.619         5.78809         44.8458         628.184  961
  469         45127.4         1052.53         827.662         5.78683         44.8425         628.068  963
  470         45126.1         1053.16          827.77         5.78494         44.8416         627.904  965
  471         45124.9         1053.96         827.959         5.78236         44.8428         627.647  969
  472         45123.3         1054.84         828.151         5.77952         44.8479         627.372  971
  473         45122.1         1055.46         828.253          5.7775         44.8529         627.225  973
  474         45120.9         1056.22         828.362         5.77507         44.8609         627.075  975
  475         45119.4         1056.57         828.301         5.77402         44.8624         627.128  977
  476         45117.1         1057.32         828.147         5.77198         44.8638         627.305  979
  477         45116.2         1058.31         828.072         5.76927         44.8692         627.454  981
  478         45114.3         1058.37         828.025          5.7691         44.8668         627.435  983
  479         45112.9         1058.67         828.055         5.76826         44.8664         627.349  985
  480         45111.8         1059.14         828.114         5.76695         44.8689         627.248  987
  481         45110.9         1060.37         828.277         5.76335         44.8818         627.064  989
  482         45109.1         1060.87         828.291         5.76185         44.8884         626.995  991
  483         45108.3         1061.09         828.287         5.76117         44.8891         626.984  993
  484         45107.5         1061.45         828.292         5.76005         44.8909         626.972  995
  485         45106.2         1062.15         828.306         5.75797         44.8954         626.949  997
  486         45105.2         1063.51         828.388         5.75384         44.9146         626.897  999
  487         45103.2         1063.74         828.364         5.75311          44.917         626.853  1001
  488         45101.7         1064.12         828.383         5.75195         44.9204         626.785  1003
  489         45100.6         1064.62         828.403          5.7504         44.9255         626.751  1005
  490         45099.7         1065.28         828.413          5.7483         44.9325         626.754  1009
  491         45098.3         1066.19         828.384         5.74547         44.9442          626.81  1011
  492           45097         1066.94         828.301         5.74311          44.954         626.941  1013
  493           45096         1068.18         828.195         5.73927         44.9762         627.159  1015
  494         45094.6         1068.52         828.102         5.73818         44.9812          627.26  1017
  495         45093.5         1068.63         828.066         5.73791         44.9781         627.273  1019
  496         45092.2         1069.05         828.053         5.73671         44.9771         627.263  1021
  497           45091         1069.77         828.088         5.73476         44.9781         627.214  1023
  498         45089.8         1070.18         828.091         5.73353         44.9815         627.186  1025
  499         45088.7         1070.82         828.092         5.73173         44.9887         627.183  1027
  500           45088         1071.38         828.045         5.73008         44.9946         627.264  1029
  501           45087         1072.07         827.944         5.72813         45.0024         627.424  1031
  502         45086.2         1072.69         827.812         5.72649          45.006         627.628  1033
  503         45085.4          1073.2          827.73         5.72513         45.0075         627.749  1035
  504         45084.5         1073.57         827.698         5.72426          45.005         627.783  1037
  505         45083.9          1074.4         827.702         5.72238         45.0013           627.8  1039
  506         45082.8         1074.89         827.692         5.72119         45.0039         627.795  1041
  507         45082.2         1075.03         827.696         5.72088         45.0039         627.766  1043
  508         45081.3         1075.54          827.66         5.71975         45.0047         627.808  1045
  509         45081.1          1076.7         827.555         5.71717         45.0101          628.02  1047
  510         45079.9         1076.87         827.459         5.71676           45.01         628.114  1049
  511         45079.1         1077.35         827.325          5.7157         45.0117         628.304  1051
  512         45078.6         1078.04         827.197         5.71421         45.0156         628.505  1053
  513           45078         1079.18         827.013         5.71185         45.0238         628.805  1055
  514         45076.9          1080.1         826.898         5.70998         45.0321         628.963  1057
  515         45075.7         1080.68          826.84          5.7089         45.0369         629.009  1059
  516           45074         1081.81         826.711         5.70682         45.0502         629.153  1061
  517         45073.3         1082.32         826.608          5.7059         45.0555         629.285  1065
  518         45072.3         1082.86         826.492          5.7049           45.06          629.43  1067
  519         45071.1          1083.7         826.304         5.70339         45.0631         629.683  1069
  520           45071         1084.65         826.124         5.70159         45.0691         629.981  1071
  521         45069.8         1084.47         826.132         5.70192         45.0643         629.906  1073
  522         45069.2         1084.43          826.14         5.70199         45.0606         629.869  1075
  523         45068.5         1084.62         826.128         5.70161         45.0587         629.864  1077
  524         45067.4         1085.15          826.11         5.70053         45.0563         629.864  1079
  525         45066.7         1086.19         826.046          5.6984         45.0626         629.973  1081
  526         45065.7         1086.37         826.004         5.69798         45.0599         630.003  1083
  527         45065.1         1086.74         825.943         5.69714         45.0573         630.087  1085
  528         45064.7         1087.11         825.898         5.69625         45.0564         630.161  1087
  529           45064         1088.14         825.762         5.69367         45.0631         630.404  1089
  530         45063.1         1088.58         825.721         5.69237         45.0679          630.46  1091
  531         45062.2         1089.02         825.703         5.69092         45.0704         630.486  1093
  532         45061.5         1089.71         825.712         5.68879         45.0691         630.515  1095
  533         45060.4         1090.08         825.713         5.68757         45.0649         630.505  1097
  534         45059.5         1090.54         825.729         5.68613         45.0586         630.488  1099
  535         45058.8         1091.05         825.745         5.68451         45.0579         630.485  1101
  536         45058.7         1091.86         825.781         5.68186         45.0682         630.509  1103
  537         45057.6         1091.88         825.753         5.68174         45.0666         630.504  1105
  538         45057.2         1091.96         825.744         5.68148         45.0655         630.504  1111
  539         45056.3         1092.36         825.737         5.68011          45.066         630.519  1113
  540         45055.6         1092.99         825.754         5.67803         45.0717         630.525  1115
  541         45054.6         1093.89         825.749         5.67495         45.0874          630.58  1117
  542         45053.9          1094.4         825.739         5.67319         45.0983         630.608  1119
  543         45053.4         1094.99         825.717         5.67121         45.1138          630.67  1121
  544         45052.8         1095.14         825.698         5.67074          45.117          630.68  1123
  545         45052.1          1095.2         825.672         5.67063         45.1169          630.69  1125
  546           45051          1095.8         825.625         5.66864         45.1379          630.75  1127
  547         45050.8          1096.3         825.553         5.66697         45.1595         630.889  1129
  548         45049.7         1096.41         825.542         5.66648         45.1625         630.864  1131
  549         45049.3         1096.55         825.532         5.66591          45.167         630.876  1133
  550         45048.8         1096.91         825.492         5.66449         45.1821         630.948  1135
  551         45048.3         1097.42         825.406         5.66235         45.2116         631.108  1137
  552         45047.6         1097.57         825.351         5.66175         45.2206         631.165  1139
  553         45046.7         1097.83          825.27         5.66068         45.2372          631.27  1141
  554         45046.3         1098.08         825.231         5.65962         45.2538          631.33  1143
  555         45045.8         1098.29         825.214         5.65869         45.2654         631.354  1145
  556         45045.1         1098.59         825.226         5.65735         45.2826         631.334  1147
  557         45044.4         1098.89         825.278         5.65575         45.3046         631.269  1149
  558         45043.5         1098.92         825.266         5.65549         45.3055         631.252  1151
  559         45042.9         1098.91         825.263         5.65547         45.2998         631.231  1153
  560         45042.1         1098.93         825.257          5.6553         45.2909          631.22  1155
  561         45041.6          1099.1         825.292         5.65428         45.2912         631.183  1157
  562         45040.9         1099.18         825.293          5.6539         45.2925          631.16  1159
  563         45040.4         1099.32         825.308         5.65319         45.2987         631.136  1161
  564         45040.1         1099.45         825.318         5.65255         45.3042         631.124  1163
  565         45039.7          1099.6          825.32         5.65181         45.3104         631.125  1167
  566         45039.1         1099.77         825.294         5.65096         45.3203          631.16  1169
  567         45038.5          1099.9          825.24         5.65036         45.3258         631.228  1171
  568           45038         1100.16         825.154         5.64919         45.3374         631.367  1173
  569         45037.2         1100.19         825.105         5.64911         45.3315         631.409  1175
  570         45036.7         1100.18         825.102         5.64923         45.3226         631.391  1177
  571           45036         1100.23         825.112         5.64903         45.3158         631.353  1179
  572         45035.5         1100.34         825.187         5.64847         45.3155          631.24  1181
  573         45034.8         1100.41         825.175         5.64809         45.3186         631.236  1183
  574         45034.4         1100.51         825.177         5.64759         45.3226          631.23  1185
  575         45034.1         1100.64         825.185         5.64691         45.3275         631.221  1187
  576         45033.8         1100.75         825.185         5.64636         45.3312         631.224  1191
  577         45033.3         1100.93         825.191         5.64545         45.3401          631.22  1193
  578         45032.8         1101.09         825.233         5.64457         45.3495         631.158  1195
  579         45032.4         1101.27         825.333         5.64338         45.3668         631.023  1197
  580         45031.9         1101.26         825.338         5.64351         45.3593         630.989  1199
  581         45031.4         1101.26         825.363         5.64365         45.3483          630.93  1201
  582         45030.8         1101.33         825.388         5.64333         45.3446         630.879  1203
  583         45030.1         1101.49         825.452         5.64245         45.3459         630.784  1205
  584         45029.5         1101.56         825.434         5.64189         45.3543         630.795  1207
  585         45029.2         1101.58         825.407         5.64166         45.3595         630.825  1209
  586         45028.8         1101.63         825.375         5.64121         45.3687         630.867  1211
  587         45028.4         1101.69         825.373         5.64051         45.3839         630.869  1213
  588           45028         1101.72         825.376         5.64006         45.3944         630.851  1215
  589         45027.5         1101.73         825.396         5.63908         45.4214          630.82  1217
  590         45027.2         1101.72         825.399         5.63884         45.4278         630.804  1219
  591         45026.8         1101.72         825.391          5.6388         45.4271         630.803  1221
  592         45026.3         1101.68         825.362         5.63843         45.4374         630.829  1223
  593         45026.1         1101.58         825.387         5.63779         45.4646         630.793  1225
  594         45025.7          1101.6         825.371         5.63787          45.461         630.794  1227
  595         45025.4         1101.55         825.369         5.63768         45.4714         630.781  1229
  596         45025.1         1101.46         825.376         5.63731         45.4914         630.761  1231
  597         45024.6         1101.32         825.376         5.63679         45.5205         630.739  1233
  598         45024.2          1101.2         825.369          5.6364         45.5469         630.731  1237
  599         45023.7         1101.08         825.351         5.63595         45.5765         630.731  1239
  600         45023.2         1101.03         825.322         5.63573         45.5897         630.752  1241
  601         45022.7         1100.98         825.263          5.6355         45.6033         630.814  1243
  602         45022.2         1101.01          825.24         5.63549         45.5937         630.831  1245
  603         45021.8         1101.04         825.239         5.63556         45.5828         630.819  1247
  604         45021.4         1101.09         825.251         5.63562         45.5701         630.789  1249
  605         45021.1         1101.11         825.272          5.6356         45.5645         630.748  1251
  606         45020.8         1101.12         825.286          5.6355         45.5635         630.715  1253
  607         45020.3         1101.17         825.272         5.63528         45.5622         630.722  1255
  608         45019.8         1101.23         825.225         5.63507         45.5633         630.775  1257
  609         45019.4         1101.28         825.169         5.63494         45.5618         630.843  1259
  610         45018.9          1101.4         825.075         5.63475         45.5557         630.969  1261
  611         45018.6         1101.53         825.055         5.63456         45.5538         630.988  1263
  612           45018         1101.58          825.05         5.63454         45.5509          630.97  1265
  613         45017.7         1101.67         825.075         5.63448         45.5497         630.913  1267
  614         45017.4         1101.74          825.08          5.6344         45.5502         630.893  1269
  615         45017.2         1101.97         825.107         5.63419         45.5557         630.836  1271
  616         45016.7         1102.04         825.075         5.63412         45.5564         630.859  1273
  617         45016.4         1102.07         825.058         5.63409         45.5541         630.872  1275
  618           45016         1102.17          825.03         5.63401         45.5503         630.897  1277
  619           45016         1102.39         825.033          5.6338         45.5494         630.891  1279
  620         45015.4         1102.43         825.016         5.63379         45.5496         630.888  1281
  621         45015.2         1102.52         825.012         5.63371         45.5516         630.878  1283
  622           45015         1102.65         825.004         5.63359         45.5548         630.878  1285
  623         45014.8         1102.83          824.97         5.63336         45.5576         630.916  1287
  624         45014.6         1103.14         824.905         5.63298         45.5646         631.003  1289
  625         45014.3         1103.14         824.898          5.6329         45.5612         631.006  1291
  626         45014.1         1103.17         824.897         5.63281         45.5562         631.005  1293
  627         45013.9         1103.27          824.89         5.63261         45.5519         631.013  1295
  628         45013.7         1103.51         824.892         5.63222         45.5461         631.014  1297
  629         45013.4         1103.58         824.877         5.63215         45.5448         631.024  1299
  630         45013.2         1103.67          824.86         5.63208          45.543         631.041  1301
  631         45013.1         1103.79         824.836         5.63196         45.5396         631.072  1303
  632         45013.1         1104.19         824.764         5.63163         45.5282         631.189  1305
  633         45012.6         1104.26         824.747         5.63153         45.5252         631.193  1307
  634         45012.4         1104.32         824.744         5.63147         45.5212         631.191  1309
  635         45012.1         1104.52          824.74         5.63133         45.5119         631.192  1311
  636         45011.9         1104.86         824.761         5.63115         45.4981         631.154  1313
  637         45011.7          1105.2          824.76         5.63099         45.4859         631.148  1315
  638         45011.5         1105.21         824.748         5.63102         45.4852         631.158  1317
  639         45011.4         1105.28         824.721         5.63107         45.4827         631.188  1319
  640         45011.3         1105.46          824.68         5.63108         45.4766         631.239  1321
  641         45011.1         1105.64         824.644         5.63107         45.4705         631.281  1323
  642         45010.8         1105.93         824.607         5.63104         45.4608         631.322  1325
  643         45010.7         1106.32         824.618         5.63099         45.4476         631.295  1327
  644         45010.4         1106.49         824.619         5.63097         45.4415         631.278  1329
  645         45010.2         1106.61         824.644         5.63096         45.4363          631.23  1331
  646           45010         1106.76         824.658         5.63096         45.4305         631.198  1333
  647         45009.8         1107.11         824.639         5.63093         45.4202         631.209  1335
  648         45009.5         1107.39         824.605          5.6309         45.4138         631.238  1337
  649         45009.3         1107.51         824.576         5.63088           45.41          631.27  1339
  650         45009.1         1107.69         824.557         5.63084         45.4036         631.288  1341
  651         45008.9         1107.87         824.554         5.63079         45.3974         631.284  1343
  652         45008.7         1107.96         824.583         5.63077         45.3945         631.232  1345
  653         45008.5         1108.17         824.629         5.63072         45.3896         631.149  1347
  654         45008.5         1108.38         824.641         5.63071         45.3857         631.124  1349
  655         45008.4          1108.4          824.63          5.6307         45.3849         631.133  1351
  656         45008.2         1108.49         824.604         5.63068         45.3826         631.165  1353
  657         45008.1         1108.64         824.571         5.63065         45.3793         631.205  1355
  658         45007.9         1109.01         824.544         5.63056         45.3729         631.229  1357
  659         45007.9         1109.58         824.523         5.63042         45.3682         631.243  1359
  660         45007.6         1109.52         824.535         5.63041         45.3676         631.215  1361
  661         45007.5         1109.52         824.551         5.63038         45.3669         631.188  1363
  662         45007.4         1109.59         824.561         5.63031         45.3653         631.168  1365
  663         45007.3         1109.74         824.546         5.63022         45.3635         631.182  1369
  664         45007.1         1109.96         824.523         5.63006         45.3618         631.207  1371
  665         45006.9         1110.23         824.492         5.62984         45.3609         631.242  1373
  666         45006.9         1110.63         824.463         5.62948          45.362         631.281  1375
  667         45006.6         1110.56         824.457         5.62951         45.3609         631.281  1377
  668         45006.5         1110.52         824.458         5.62951           45.36         631.277  1379
  669         45006.4         1110.54         824.454         5.62943         45.3595         631.281  1381
  670         45006.3         1110.63         824.439          5.6292         45.3595         631.306  1383
  671         45006.1         1110.75         824.414         5.62902         45.3605         631.335  1385
  672         45005.9         1110.87         824.384         5.62886         45.3612         631.373  1387
  673         45005.8         1111.05          824.33          5.6286         45.3624          631.45  1389
  674         45005.7         1111.16         824.298         5.62845         45.3631         631.494  1393
  675         45005.6         1111.29         824.255         5.62824         45.3642         631.554  1395
  676         45005.4         1111.45         824.219         5.62795         45.3658         631.603  1397
  677         45005.2         1111.52         824.215          5.6278         45.3671         631.607  1401
  678           45005         1111.54         824.236          5.6277         45.3677         631.568  1403
  679         45004.7         1111.63         824.262         5.62738         45.3711         631.523  1405
  680         45004.5         1111.69         824.288          5.6271         45.3734          631.48  1407
  681         45004.3         1111.69         824.272         5.62709         45.3711         631.496  1409
  682         45004.1         1111.71         824.241         5.62703         45.3703         631.537  1411
  683           45004         1111.74         824.209         5.62691         45.3733          631.58  1413
  684         45003.8         1111.77         824.188         5.62678         45.3787         631.601  1415
  685         45003.7         1111.81          824.19         5.62665         45.3827         631.591  1417
  686         45003.5         1111.86          824.22         5.62647         45.3869         631.544  1419
  687         45003.4         1111.89         824.238         5.62637         45.3887         631.509  1421
  688         45003.2         1111.92         824.255         5.62629         45.3899         631.478  1423
  689           45003         1111.95         824.263         5.62615          45.395         631.455  1425
  690         45002.9         1111.97         824.244         5.62609         45.3987         631.476  1429
  691         45002.7         1111.99          824.22         5.62601         45.4039         631.501  1431
  692         45002.5         1112.02         824.174         5.62591         45.4099         631.557  1433
  693         45002.4         1112.06         824.139         5.62579         45.4179         631.602  1435
  694         45002.1         1112.07         824.121         5.62576          45.418         631.617  1437
  695         45001.9         1112.07         824.118         5.62572         45.4177         631.611  1439
  696         45001.7         1112.08         824.118         5.62562          45.422         631.602  1441
  697         45001.5         1112.12         824.089         5.62534         45.4348         631.635  1443
  698         45001.3         1112.16         824.078         5.62501         45.4494         631.643  1445
  699         45001.2         1112.17         824.072         5.62495         45.4476         631.648  1447
  700           45001          1112.2         824.061         5.62476         45.4496         631.659  1449
  701         45000.9         1112.22         824.066         5.62463         45.4539         631.649  1453
  702         45000.8         1112.25         824.071         5.62443         45.4615         631.636  1455
  703         45000.6         1112.33         824.074         5.62394         45.4803         631.625  1457
  704         45000.4          1112.4         824.073         5.62354         45.4955         631.617  1459
  705         45000.2         1112.41         824.064         5.62358         45.4901         631.627  1461
  706         45000.1         1112.44         824.045         5.62357         45.4863          631.65  1463
  707           45000         1112.49         824.033         5.62342         45.4912         631.666  1465
  708         44999.9         1112.51         824.025         5.62336         45.4932         631.671  1467
  709         44999.7         1112.65         823.997         5.62304         45.5043           631.7  1469
  710         44999.6         1112.75         823.989         5.62285         45.5096         631.708  1471
  711         44999.5         1112.76         823.984         5.62284         45.5081         631.708  1473
  712         44999.1         1112.89         823.972         5.62273         45.5056         631.712  1475
  713           44999         1113.02         823.961         5.62259         45.5071         631.722  1477
  714         44998.8         1113.26         823.921         5.62242         45.5074         631.768  1479
  715         44998.7         1113.46         823.895         5.62223          45.512         631.795  1481
  716         44998.5         1113.43         823.896         5.62229         45.5075         631.788  1483
  717         44998.3         1113.44         823.895         5.62232         45.5024         631.784  1485
  718         44998.1         1113.55         823.895         5.62227         45.4972         631.776  1487
  719         44998.1         1113.84         823.901         5.62207         45.4932         631.764  1489
  720         44997.9         1113.94         823.902         5.62197         45.4937         631.751  1491
  721         44997.8         1114.05         823.906         5.62185         45.4954          631.74  1493
  722         44997.7         1114.19         823.912         5.62172         45.4972         631.726  1495
  723         44997.7         1114.28         823.912         5.62163         45.4972         631.723  1499
  724         44997.6          1114.5         823.916         5.62144         45.4988         631.709  1501
  725         44997.3         1114.81         823.919         5.62113         45.4991          631.69  1503
  726         44997.1         1115.06         823.925         5.62087         45.4989         631.672  1507
  727         44996.9         1115.38         823.928         5.62052         45.4941         631.662  1509
  728         44996.8         1115.63         823.939         5.62021         45.4878         631.651  1511
  729         44996.5         1115.61         823.933         5.62019         45.4804         631.657  1513
  730         44996.4         1115.59         823.931         5.62016         45.4735         631.661  1515
  731         44996.3         1115.67          823.94         5.62001         45.4682         631.651  1517
  732         44996.1         1115.91         823.959         5.61959         45.4592         631.634  1519
  733           44996         1116.08         823.974         5.61936         45.4569         631.609  1521
  734         44995.9         1116.28         823.987         5.61911         45.4555         631.588  1523
  735         44995.8         1116.55         824.004         5.61875         45.4536         631.564  1525
  736         44995.7         1116.93         824.022         5.61826         45.4515         631.541  1527
  737         44995.5         1117.01         824.017         5.61815          45.449         631.544  1529
  738         44995.4         1117.09         824.016         5.61804         45.4445         631.546  1531
  739         44995.4         1117.27          824.02         5.61783         45.4411         631.541  1533
  740         44995.2         1117.56         824.022         5.61752         45.4366         631.539  1535
  741         44995.2         1117.84         824.027         5.61725          45.435         631.529  1537
  742         44995.1         1118.04         824.027         5.61707         45.4347         631.524  1539
  743           44995         1118.21         824.022         5.61694         45.4342         631.527  1541
  744         44994.9         1118.42         824.021          5.6168         45.4338         631.521  1543
  745         44994.9         1118.71         824.014         5.61657         45.4332         631.525  1545
  746         44994.8          1118.9         824.006         5.61641         45.4324         631.532  1547
  747         44994.7         1119.08             824         5.61623         45.4315         631.538  1549
  748         44994.6         1119.27         823.993         5.61604         45.4309         631.546  1551
  749         44994.6         1119.54         823.974         5.61578         45.4313          631.57  1553
  750         44994.5         1119.86         823.954         5.61548         45.4331         631.592  1555
  751         44994.4         1120.25         823.926         5.61513          45.437         631.627  1557
  752         44994.4          1120.4          823.91         5.61501         45.4383         631.644  1559
  753         44994.3         1120.47         823.905         5.61495         45.4384         631.648  1561
  754         44994.2         1120.59         823.894         5.61484         45.4387          631.66  1563
  755         44994.2         1120.89         823.864         5.61458         45.4409         631.701  1565
  756         44994.1         1121.04         823.848         5.61444         45.4424         631.716  1567
  757           44994         1121.33         823.815         5.61417         45.4461         631.757  1569
  758         44993.9          1121.6         823.779         5.61392         45.4495         631.803  1571
  759         44993.9         1121.76         823.757         5.61379         45.4514         631.832  1575
  760         44993.8         1122.12         823.701         5.61347         45.4563         631.905  1577
  761         44993.7         1122.37         823.661         5.61324          45.459         631.955  1579
  762         44993.6         1122.58          823.63         5.61306         45.4611         631.993  1583
  763         44993.5         1122.94         823.575         5.61272         45.4659         632.064  1585
  764         44993.4         1123.02         823.569         5.61261         45.4623         632.075  1587
  765         44993.2         1123.01         823.569         5.61261         45.4586         632.069  1589
  766           44993         1122.94          823.58         5.61263         45.4486         632.053  1591
  767         44992.9         1122.93         823.583          5.6126         45.4443         632.049  1593
  768         44992.6         1122.94         823.587          5.6124         45.4338         632.049  1595
  769         44992.4         1122.97         823.602         5.61227         45.4307         632.024  1597
  770         44992.2         1123.01         823.609         5.61217         45.4293          632.01  1599
  771           44992          1123.1         823.638         5.61189         45.4254         631.967  1601
  772         44991.8         1123.15         823.647          5.6117         45.4243         631.952  1603
  773         44991.6         1123.14          823.64          5.6117         45.4225         631.958  1605
  774         44991.4         1123.14         823.634         5.61159         45.4181         631.964  1607
  775         44991.3         1123.16         823.633         5.61147         45.4165         631.967  1609
  776         44991.2         1123.18         823.638          5.6114         45.4163         631.957  1611
  777           44991         1123.23         823.652         5.61125         45.4177         631.928  1613
  778         44990.9         1123.26         823.669         5.61116         45.4193         631.899  1615
  779         44990.8         1123.32         823.713           5.611         45.4262         631.826  1617
  780         44990.6         1123.32         823.716         5.61099          45.426         631.813  1619
  781         44990.5         1123.31         823.713         5.61102         45.4248         631.815  1621
  782         44990.4         1123.31         823.705         5.61102         45.4262         631.818  1623
  783         44990.3         1123.32         823.689           5.611         45.4284         631.838  1627
  784         44990.2         1123.33         823.678         5.61096         45.4309         631.849  1629
  785         44990.2         1123.35         823.667         5.61091         45.4336         631.862  1631
  786         44990.1         1123.37         823.666         5.61085         45.4357         631.861  1633
  787           44990         1123.39         823.666         5.61078         45.4379         631.857  1635
  788           44990         1123.42         823.671          5.6107         45.4398         631.847  1637
  789         44989.9         1123.43         823.667         5.61065         45.4403         631.851  1639
  790         44989.9         1123.43         823.656         5.61064         45.4396         631.866  1641
  791         44989.8         1123.45         823.607         5.61057         45.4392         631.938  1643
  792         44989.7         1123.48         823.571         5.61048         45.4409         631.992  1645
  793         44989.7         1123.48         823.568         5.61047         45.4414         631.993  1647
  794         44989.6         1123.49         823.554         5.61039         45.4433         632.013  1649
  795         44989.6         1123.51         823.541         5.61031         45.4449         632.032  1651
  796         44989.5         1123.56         823.532         5.61009         45.4492         632.047  1653
  797         44989.4         1123.59         823.518         5.60997         45.4515         632.066  1655
  798         44989.4          1123.6         823.518         5.60991         45.4517         632.064  1657
  799         44989.3         1123.63         823.515         5.60979         45.4523         632.069  1659
  800         44989.2         1123.66           823.5         5.60969         45.4531         632.091  1663
  801         44989.2          1123.7         823.484         5.60958          45.454         632.115  1665
  802         44989.1         1123.73         823.467         5.60948         45.4547          632.14  1667
  803         44989.1         1123.77         823.458          5.6094         45.4552         632.152  1669
  804           44989         1123.79         823.459         5.60937         45.4553          632.15  1671
  805           44989         1123.83         823.467         5.60933         45.4554         632.133  1673
  806         44988.9         1123.88         823.469         5.60928          45.456         632.128  1675
  807         44988.8         1123.93          823.47         5.60922         45.4567         632.122  1677
  808         44988.8         1123.97         823.461         5.60918         45.4574         632.131  1679
  809         44988.7         1124.03         823.446         5.60915         45.4587         632.148  1681
  810         44988.7         1124.05         823.442         5.60915         45.4592          632.15  1683
  811         44988.6         1124.06         823.442         5.60916         45.4594         632.148  1685
  812         44988.6          1124.1         823.444         5.60916         45.4605         632.138  1687
  813         44988.5         1124.18         823.445         5.60914         45.4627         632.131  1689
  814         44988.5         1124.21         823.446         5.60912         45.4634         632.125  1691
  815         44988.4         1124.26         823.447         5.60909         45.4644         632.121  1693
  816         44988.4         1124.32         823.445         5.60905         45.4659         632.119  1695
  817         44988.4         1124.43         823.441         5.60895         45.4684         632.121  1697
  818         44988.4         1124.46         823.438         5.60892         45.4692         632.123  1699
  819         44988.3          1124.5         823.435         5.60887         45.4701         632.125  1701
  820         44988.3         1124.56         823.436         5.60877         45.4717         632.122  1703
  821         44988.3         1124.65         823.451         5.60857         45.4742           632.1  1705
  822         44988.2         1124.74         823.464          5.6084          45.477         632.079  1707
  823         44988.1         1124.79         823.475         5.60828          45.478         632.062  1709
  824         44988.1         1124.86         823.478         5.60811         45.4796         632.059  1711
  825         44988.1          1124.9         823.476         5.60803         45.4807         632.063  1715
  826           44988         1124.93         823.463         5.60798         45.4817         632.081  1717
  827           44988         1124.98         823.441         5.60791         45.4831         632.111  1719
  828           44988         1125.05         823.418         5.60786         45.4847         632.142  1721
  829           44988         1125.09         823.412         5.60783         45.4855         632.147  1723
  830         44987.9         1125.15         823.416         5.60781          45.486         632.138  1725
  831         44987.9         1125.21          823.42          5.6078         45.4868         632.127  1727
  832         44987.9         1125.35         823.412         5.60773         45.4893         632.133  1729
  833         44987.8         1125.48         823.399         5.60767         45.4919         632.145  1731
  834         44987.8          1125.5          823.39         5.60765         45.4924         632.156  1733
  835         44987.8         1125.57         823.371         5.60759         45.4939         632.181  1735
  836         44987.8         1125.63         823.365         5.60755         45.4953         632.185  1739
  837         44987.7         1125.75         823.359         5.60747         45.4983         632.189  1741
  838         44987.7         1126.08         823.375         5.60725         45.5059         632.151  1743
  839         44987.6         1126.22         823.381         5.60715         45.5096         632.133  1745
  840         44987.6         1126.19         823.387         5.60716         45.5083         632.123  1747
  841         44987.6         1126.21           823.4         5.60713         45.5077         632.104  1749
  842         44987.5         1126.35         823.401         5.60701         45.5107         632.097  1751
  843         44987.5         1126.48         823.393         5.60689         45.5142         632.103  1753
  844         44987.5         1126.64         823.384         5.60676         45.5184         632.109  1757
  845         44987.5         1126.78         823.378         5.60663         45.5222         632.113  1761
  846         44987.5         1127.15         823.369          5.6063         45.5329         632.113  1763
  847         44987.4         1127.23         823.367         5.60622         45.5354         632.114  1767
  848         44987.4         1127.33         823.368         5.60612         45.5383         632.108  1769
  849         44987.3         1127.42         823.376         5.60601         45.5412         632.092  1771
  850         44987.3         1127.48         823.378         5.60594         45.5431         632.085  1775
  851         44987.3         1127.51         823.384         5.60589          45.544         632.074  1777
  852         44987.2         1127.59         823.393         5.60577         45.5451         632.059  1779
  853         44987.2         1127.73         823.406         5.60557         45.5462         632.041  1781
  854         44987.1         1127.76         823.404         5.60553         45.5461         632.039  1783
  855         44987.1         1127.78         823.402         5.60549         45.5462         632.041  1785
  856         44987.1         1127.85         823.404          5.6054          45.547         632.037  1787
  857           44987         1128.02         823.414         5.60513         45.5496         632.023  1789
  858           44987         1128.14         823.422         5.60494         45.5515          632.01  1791
  859         44986.9          1128.2         823.425         5.60482         45.5521         632.006  1793
  860         44986.9         1128.29         823.422         5.60468         45.5531         632.011  1795
  861         44986.9         1128.43         823.411         5.60444         45.5559         632.028  1797
  862         44986.8         1128.45         823.402         5.60442          45.556          632.04  1799
  863         44986.8         1128.49         823.389         5.60437         45.5564         632.059  1801
  864         44986.8         1128.55         823.377         5.60428         45.5571         632.076  1803
  865         44986.7         1128.72          823.36         5.60404         45.5593         632.098  1805
  866         44986.7         1128.82         823.353         5.60391         45.5607         632.108  1809
  867         44986.7         1128.99         823.343         5.60368         45.5634         632.122  1811
  868         44986.6          1129.1         823.331         5.60354         45.5652         632.138  1813
  869         44986.6         1129.35         823.304         5.60325         45.5697         632.173  1815
  870         44986.5         1129.58         823.281         5.60299         45.5746         632.202  1817
  871         44986.5         1129.66         823.272         5.60291         45.5763         632.211  1819
  872         44986.4         1129.74         823.269         5.60282         45.5779          632.21  1821
  873         44986.4         1129.81         823.272         5.60274         45.5792         632.202  1823
  874         44986.3         1129.92          823.27         5.60263         45.5814         632.202  1827
  875         44986.3         1130.11         823.273         5.60242         45.5856         632.193  1829
  876         44986.3          1130.3         823.267          5.6022           45.59         632.199  1831
  877         44986.2         1130.37         823.259         5.60213         45.5917         632.206  1833
  878         44986.2         1130.38         823.252         5.60213         45.5916         632.215  1835
  879         44986.2         1130.44         823.237         5.60208         45.5929         632.235  1837
  880         44986.1         1130.51         823.227         5.60201         45.5945         632.246  1841
  881         44986.1         1130.69         823.206         5.60183         45.5986         632.273  1843
  882         44986.1         1130.96         823.182         5.60157         45.6049           632.3  1845
  883         44986.1         1131.07         823.179         5.60147         45.6075         632.301  1849
  884         44986.1         1131.29         823.181         5.60127         45.6134         632.291  1851
  885           44986         1131.37         823.182          5.6012         45.6154         632.285  1855
  886           44986          1131.7           823.2         5.60095         45.6241         632.245  1857
  887           44986         1131.81         823.199         5.60085          45.627         632.243  1861
  888           44986         1132.21         823.205         5.60053         45.6368         632.219  1863
  889           44986         1132.31         823.205         5.60045          45.639         632.216  1867
  890           44986         1132.67         823.201         5.60013         45.6481          632.21  1869
  891           44986         1132.74         823.199         5.60005         45.6501          632.21  1873
  892         44985.9         1132.91         823.189         5.59987          45.655          632.22  1875
  893         44985.9         1133.24         823.182         5.59953         45.6638         632.222  1877
  894         44985.9         1133.64         823.176         5.59907         45.6734         632.223  1879
  895         44985.9         1133.87         823.189         5.59882         45.6783         632.199  1881
