    0                       0.796143          35.015  1
    1                       0.780337         34.1198  5
    2                       0.657662         22.6787  7
    3                       0.587652         16.0248  9
    4                       0.590427         15.7048  11
    5                       0.580363         15.4416  13
    6                       0.567028         15.1213  15
    7                        0.54503         14.5661  17
    8                       0.493999         12.9865  19
    9                       0.442634         10.8994  21
   10                       0.446272         9.94756  23
   11                       0.444283          8.6212  25
   12                       0.442005         8.39163  27
   13                        0.44262         8.19264  35
   14                       0.445033         7.63852  37
   15                       0.453621         7.03171  39
   16                       0.486448          6.6249  41
   17                       0.506791         6.47693  45
   18                       0.516188         6.27335  47
   19                       0.543059         6.13257  49
   20                       0.517434         6.31366  51
   21                       0.522435         6.06002  53
   22                       0.519113         5.94711  55
   23                       0.509846         5.72685  57
   24                       0.502777         5.44836  59
   25                       0.493813         5.12883  61
   26                       0.494164         5.06306  63
   27                       0.498909         4.96366  65
   28                       0.512718         4.77277  67
   29                        0.53785         4.67498  69
   30                       0.563578         4.72233  71
   31                       0.583122         4.86823  73
   32                       0.578296         4.65909  75
   33                       0.562196         4.13757  77
   34                       0.555281          3.9605  79
   35                       0.543182          3.8351  83
   36                       0.533808         3.73869  85
   37                       0.532572         3.72247  87
   38                       0.527112         3.62773  89
   39                       0.518376          3.5964  91
   40                       0.519046         3.58033  95
   41                       0.518498         3.57743  97
   42                        0.52071          3.5564  99
   43                       0.522541         3.55774  101
   44                       0.523773         3.55611  103
   45                       0.523157         3.53885  105
   46                       0.519799         3.50806  107
   47                       0.514948         3.48775  109
   48                       0.507561         3.47283  111
   49                       0.494928         3.47225  113
   50                       0.494346         3.43919  115
   51                       0.494656         3.42374  117
   52                       0.494071         3.41573  119
   53                       0.493345         3.40491  121
   54                       0.489354         3.35624  123
   55                       0.486276         3.32425  125
   56                        0.48517         3.31433  127
   57                       0.484777         3.31511  129
   58                       0.484452         3.31688  131
   59                       0.484078         3.32397  133
   60                       0.482485         3.33339  135
   61                       0.482606         3.34067  137
   62                        0.48282         3.33341  139
   63                       0.483112         3.33127  141
   64                       0.483418         3.34403  143
   65                       0.483548         3.34132  145
   66                       0.483982         3.34693  147
   67                       0.484746          3.3669  149
   68                       0.485539          3.3889  151
   69                       0.485995         3.40079  155
   70                       0.486497         3.41065  157
   71                       0.486846         3.41046  159
   72                       0.487632         3.41121  161
   73                       0.489065         3.41736  163
   74                       0.489538         3.41139  167
   75                       0.489852         3.40638  169
   76                       0.489697         3.39351  171
   77                       0.489583         3.38262  173
   78                       0.489223         3.36481  175
   79                       0.489106         3.35956  177
   80                       0.489228         3.35937  179
   81                       0.489493         3.36556  181
   82                       0.489626         3.36651  185
   83                       0.489893         3.37356  187
   84                       0.490208         3.37744  189
   85                       0.490696         3.38083  191
   86                       0.491489         3.38763  193
   87                       0.491594         3.37956  195
   88                       0.491599         3.36256  197
   89                       0.491581          3.3475  199
   90                        0.49177         3.33039  201
   91                       0.491849         3.32704  203
   92                       0.492091         3.31576  205
   93                       0.492561         3.30175  207
   94                       0.493264          3.2995  209
   95                       0.493623         3.29894  211
   96                       0.493463         3.29452  213
   97                       0.493467         3.29232  221
   98                       0.493404         3.27271  223
   99                       0.493513         3.25206  225
  100                       0.493584         3.24559  229
  101                       0.493619         3.24335  239
  102                       0.493498         3.23575  241
  103                       0.493686         3.23289  243
  104                       0.493728         3.22857  245
  105                       0.493671         3.22262  247
  106                       0.493615         3.22109  257
