    0     1.33172e+07         2698.27          654711         220.289               0               0  1
    1      1.0066e+07         2692.89          501751         23.1889      0.00742148         252.874  7
    2     2.15536e+06         2652.44         99253.2         26.8097        0.464754         7041.26  9
    3     1.07004e+06         2622.27           37501         26.0724        0.925307         14565.2  11
    4          605096         2591.35           19629         26.0496         1.20155         9192.56  13
    5          365264         2563.38           14019         25.5831         1.10207         2835.81  15
    6          267734         2536.69         10678.7          24.968        0.894854         1331.86  17
    7          218789         2506.77         8503.25         24.5899        0.829341         1080.54  19
    8          178197         2450.49         6414.82         24.3632        0.851331         1153.52  21
    9          150153         2377.05         4903.69         24.3329        0.928011         1267.51  23
   10          135488         2321.04         4194.43         24.2716         0.97093         1249.39  25
   11          128724         2293.58         3916.01         24.1918          0.9674         1194.98  27
   12          122684         2244.21         3619.93         24.0254        0.964673         1199.84  29
   13          117789         2184.19         3383.94         23.7921        0.989464         1205.69  31
   14          111817         2112.09         3118.33         23.5024         1.04978         1190.75  33
   15          106360          1998.1         2901.07         23.0233         1.20145         1164.64  35
   16          102243          1925.5         2717.16         22.7107         1.32496         1161.88  37
   17           99187         1903.14         2596.39         22.5772         1.36465         1137.58  39
   18         92055.8         1772.42         2309.46         21.9196         1.60533         1107.12  41
   19         90081.8         1604.83         2294.21         21.1681         2.01539         1069.21  43
   20         85673.2         1619.01         2098.86         21.1879         1.95741          1042.5  45
   21         83205.9          1583.8         2012.26         21.0039          2.0478          1016.6  47
   22         81091.5         1520.82         1938.98         20.6935         2.23817         1002.64  49
   23           77786         1422.89         1838.58         20.1794          2.5705          968.03  51
   24         75784.6          1294.2         1794.97         19.5164         3.11855         950.607  53
   25         73038.5         1304.28          1687.3          19.535         3.04266         919.615  55
   26         70819.6         1270.09         1621.51         19.3273         3.17093         886.433  57
   27         67997.3         1193.53         1539.23         18.8879         3.52815         853.036  59
   28         66190.5         1069.61         1517.31         18.1604         4.26863         826.441  61
   29         63105.2         1064.29         1378.13         18.1044         4.28688         814.407  63
   30         62023.2         1061.19         1340.16         18.0723         4.29292         800.032  65
   31           60441          1013.1         1308.33         17.7346         4.64204         771.691  67
   32         59327.1         1001.04         1270.36          17.613         4.70477         760.589  69
   33         58323.8         981.365            1248         17.4653         4.88822         740.967  71
   34         57097.1         936.528          1223.7          17.094         5.37143         724.261  73
   35         56358.8         913.192         1208.69         16.8371         5.65328         716.086  75
   36         55553.2          901.83         1185.61           16.69         5.80041         706.656  77
   37         54851.3          889.63         1176.34         16.5088         5.97021         690.336  79
   38         54038.7         878.359         1167.64         16.3079         6.13989         668.844  81
   39         53150.3         861.043         1161.53         15.9457         6.47538         649.165  83
   40         52175.5         856.002         1132.36         15.8102         6.59367         636.516  85
   41         51454.9         850.149         1124.83         15.6446         6.76162         616.412  87
   42           50555         841.439         1123.97         15.3413         7.11086         587.532  89
   43         50300.3         834.144         1163.27         14.8446         7.76404         560.048  91
   44         49200.8         833.819         1118.39         14.7622         7.88548         553.964  93
   45         48808.7         833.747         1106.31         14.7505         7.88489         547.025  95
   46         48259.3         833.924         1099.72         14.5401          8.1897         536.351  97
   47         47659.2         836.468         1087.53         14.2576          8.6265         532.097  99
   48           47214         841.096         1080.36         14.0158         9.04857         528.446  101
   49         46903.8         842.137         1075.12         13.9622         9.13299         520.722  103
   50         46433.3         846.994         1072.86         13.7758         9.46944         508.199  105
   51         46008.7         855.329         1071.97         13.5277         9.95527         499.357  107
   52           45679         868.088         1073.42         13.2482         10.5783         494.135  109
   53         45401.2         868.935         1068.47          13.218         10.6304         486.614  111
   54           45089         871.729          1064.5         13.1395         10.7879           478.6  113
   55         44800.7         880.439         1061.97           12.96         11.2105         474.829  115
   56         44519.8         892.053         1058.02         12.7582         11.7295         473.723  117
   57         44298.3         897.758         1052.32         12.6605         11.9868         472.699  119
   58         44030.2         906.266         1045.71          12.518         12.3754         472.217  121
   59         43880.8         919.562         1043.28         12.3109         12.9792         476.255  123
   60           43652         920.625         1037.89         12.2851         13.0448         471.387  125
   61         43495.6         923.724          1038.5         12.2307         13.1996         465.359  127
   62         43294.4         931.953         1039.81         12.1019          13.592         459.622  129
   63         43166.5         952.481         1049.87         11.8096         14.5611         455.788  131
   64         42848.6         958.582         1037.25         11.7326         14.8382         455.785  133
   65         42701.3         963.937         1033.65         11.6633         15.0901         454.959  135
   66         42557.3         973.367         1031.55          11.544         15.5372         454.913  137
   67         42344.4         986.579         1027.64         11.3761         16.1873         455.264  139
   68         42312.3         1012.84         1030.93         11.0785         17.4528         462.661  141
   69           42106         1004.83         1021.85         11.1517         17.1068         458.517  143
   70         42047.1         1004.55         1020.71         11.1453         17.1201         457.038  145
   71         41891.7         1010.25         1018.64         11.0514         17.4862         455.373  147
   72         41752.9         1023.39         1018.34         10.8696         18.2545         456.403  149
   73         41581.9         1036.72         1013.25         10.7011         19.0177         459.935  151
   74         41441.4         1048.65         1009.52         10.5568          19.702         462.572  153
   75         41318.7          1061.2         1006.89         10.4054         20.4458         465.267  155
   76           41223         1074.81         1004.92           10.24         21.2882         469.208  157
   77         41124.4         1074.71         1001.85         10.2264         21.3358         467.974  159
   78         41019.7         1078.03         999.735         10.1658         21.6267         467.436  161
   79         40942.9         1081.73         998.386         10.0987         21.9547         467.783  163
   80         40837.2         1090.43         997.274         9.96049          22.671         469.367  165
   81         40725.3         1096.67         995.212         9.86109         23.2046         469.962  167
   82         40597.9         1105.78         992.795         9.71548           24.02         472.015  169
   83         40525.4         1113.81         991.362          9.5856         24.7844         475.153  171
   84         40437.6         1114.45         987.859          9.5665          24.894         475.081  173
   85         40326.4         1117.08         984.234         9.50469         25.2619         475.734  175
   86           40243         1120.37         981.656         9.43289          25.701         477.128  177
   87         40222.3         1133.59         983.411         9.18545         27.3173         484.435  179
   88         40057.5         1132.77         976.338         9.18914         27.2781         483.164  181
   89         40019.1         1133.42         975.828         9.17334         27.3769         482.412  183
   90         39965.4         1136.53         975.742         9.10741         27.8127         482.516  185
   91           39892         1140.56         976.487         9.00746         28.4786         482.232  187
   92         39796.9         1147.13         975.742         8.85986         29.5217         484.233  189
   93         39708.2         1151.33          974.64         8.75194          30.306         485.301  191
   94         39608.5         1156.95         973.856         8.59586         31.4909         487.438  193
   95           39533         1159.81         971.844         8.49989         32.2399         489.582  195
   96         39464.3          1158.8         969.371         8.49332         32.2622         488.975  197
   97         39331.1          1159.6         966.342         8.39718         32.9936         489.383  199
   98         39262.6         1161.53         966.513         8.28419         33.9184          490.41  201
   99           39187         1163.37         965.481         8.21471         34.5236          490.44  203
  100         39101.3          1167.3         965.885          8.0865         35.7094         490.781  205
  101           39047         1168.91         965.261          8.0052         36.4777         491.904  207
  102         38972.3         1170.15         963.703         7.90418         37.4603         493.736  209
  103           38919         1170.07          963.27         7.79121          38.586         496.029  211
  104         38847.5          1168.1         960.861         7.77662         38.6803         495.597  213
  105         38792.6         1165.48         960.156         7.77014         38.6725          494.02  215
  106         38717.8         1161.05         961.012         7.74344         38.8228          490.83  217
  107         38653.5         1153.79         966.366         7.66193         39.4869         486.033  219
  108         38570.3         1152.49         965.214         7.63047         39.7839         484.371  221
  109           38523         1151.48         965.608         7.59263         40.1674         483.167  223
  110         38483.1         1149.17         966.462         7.54687         40.6111         482.278  225
  111         38457.3         1142.33         970.539          7.4536         41.4976         481.031  227
  112         38385.6         1140.71          967.87         7.43707         41.6411          480.88  229
  113           38349         1138.37         967.201         7.42366         41.7276          480.42  231
  114         38306.8         1133.77         967.245         7.39232         41.9655         479.824  233
  115         38250.9         1126.79         968.264         7.35094         42.2614         478.133  235
  116         38181.2         1116.19         970.525         7.27942         42.8508         475.906  237
  117         38129.9         1112.84         970.966         7.25861         43.0164         473.938  239
  118         38075.2         1107.87         972.471         7.22911         43.2547         471.185  241
  119         38043.1          1102.5         973.573         7.19794         43.5145         470.045  243
  120         38007.4         1100.39         972.572         7.18756          43.597         469.804  245
  121         37950.8         1093.44         971.311         7.15336         43.8916         469.999  247
  122         37927.9         1087.57         972.093         7.12458          44.147         469.546  249
  123           37900         1085.05         971.591         7.11243         44.2568         469.277  251
  124         37860.9         1078.39         971.877          7.0813          44.545         468.637  253
  125         37841.1         1074.64         971.948         7.06428         44.7003         468.462  255
  126         37817.2         1059.61         973.973         6.99974         45.3146         468.605  257
  127         37765.4         1056.48         972.026         6.98664         45.4327         468.654  259
  128         37750.4          1057.4         971.316         6.99156           45.37         468.387  261
  129         37716.2         1054.86         969.977         6.98467         45.3995         468.457  263
  130         37695.1         1049.73         969.592         6.96585         45.5619         468.822  267
  131         37670.6         1045.28         968.948         6.94956         45.7127         469.128  269
  132         37633.6         1035.48         968.355         6.91396         46.0647         469.791  271
  133         37615.1          1028.9          968.12         6.89119         46.2885         470.343  273
  134         37592.9         1025.14          967.38         6.87892         46.4086         470.655  275
  135         37565.1         1021.13          966.22         6.86769         46.5025          471.09  277
  136         37548.6         1017.82         965.628          6.8594         46.5634         471.376  279
  137         37529.6         1016.59         964.798         6.85737         46.5636         471.421  281
  138         37501.3         1014.15         963.978         6.85324         46.5652         471.153  283
  139         37480.9         1011.39         963.544         6.84793         46.5852         470.952  285
  140         37459.2         1006.64         962.958         6.83767         46.6418         471.145  287
  141         37439.6         1004.04         962.172         6.83139         46.6883          471.35  289
  142         37417.9         1000.19         960.947         6.82184         46.7643         472.083  291
  143         37402.4          996.69         960.068         6.81341         46.8303         472.716  293
  144           37384          992.63         959.509         6.80392         46.8997         472.966  295
  145         37368.3         987.514         959.479           6.793         46.9778         472.933  297
  146         37356.6          984.54          959.59         6.78682         47.0193          472.65  299
  147         37347.2         982.757         959.535         6.78328         47.0421         472.482  301
  148         37331.2         978.143          959.39         6.77425         47.1064         472.445  303
  149         37323.6         969.909         959.573         6.75732         47.2485         472.999  305
  150         37306.1         970.259         958.756         6.75766         47.2417         472.912  307
  151         37296.6         968.277         958.369         6.75323         47.2791         473.105  309
  152         37289.1         965.147         958.121         6.74637          47.338         473.422  311
  153         37272.8         959.986         957.671         6.73442         47.4343         473.813  313
  154         37262.8         950.709         958.085         6.71208         47.6156           474.3  315
  155         37242.3         948.444         957.275          6.7058         47.6586         474.468  317
  156         37233.3         948.366         957.176         6.70456         47.6528          474.19  319
  157         37221.8         946.881         957.261         6.69878         47.6695         473.875  321
  158         37210.8         943.019         957.821         6.68655         47.7338         473.506  323
  159         37195.3         940.303          957.72         6.67764         47.7817         473.364  325
  160           37179         935.732         957.996         6.66326           47.87         473.133  327
  161         37168.5         932.527         958.305         6.65298         47.9334         472.911  329
  162         37149.6         925.049         959.349         6.62864         48.0859         472.359  331
  163         37135.6          918.31         960.229         6.60639          48.234          472.08  333
  164           37125         919.525         959.679         6.60983         48.2029           471.9  335
  165         37115.7         919.691         959.404          6.6099         48.1936          471.71  337
  166         37106.1         918.321          959.27         6.60498         48.2188         471.649  339
  167         37093.1         911.907           959.8         6.58366         48.3556         471.721  341
  168         37075.6         909.727         959.214         6.57628          48.406         471.862  343
  169         37065.8         907.272         959.018         6.56847         48.4663         472.017  345
  170         37055.9         904.067         958.727         6.55823         48.5463         472.409  347
  171           37049         901.155         958.655         6.54889         48.6203         472.674  351
  172         37037.2         897.668         958.144         6.53766         48.7132         473.236  353
  173           37024         894.037         957.673         6.52589         48.8123         473.721  355
  174         37008.8         889.611         957.095         6.51154          48.939         474.348  357
  175         37001.1         883.696         956.706         6.49205          49.121         475.443  359
  176         36982.7         883.151         955.784         6.48984         49.1379         475.564  361
  177           36972         882.856         955.216         6.48871         49.1458         475.658  363
  178         36960.6         881.797          954.47         6.48491          49.179         476.043  365
  179         36943.3         877.588         953.304          6.4705         49.3227         477.136  367
  180         36930.2          873.52         951.999         6.45626         49.4735         478.548  369
  181         36922.9         873.165         951.767          6.4545         49.4869         478.507  371
  182           36917         872.389         951.577         6.45135         49.5172         478.569  373
  183         36910.2         871.047         951.271          6.4458         49.5713         478.825  375
  184         36899.3         867.531          950.66         6.43118         49.7209         479.647  377
  185         36886.2         865.292         949.865         6.42108         49.8211         480.304  379
  186         36873.9         862.827         949.068         6.40957         49.9356         481.071  381
  187         36864.6         860.623         948.307         6.39857         50.0438         481.918  383
  188         36854.7         857.175         947.365          6.3806         50.2276         483.253  385
  189         36844.2         856.486         946.904         6.37565          50.267          483.43  387
  190         36831.1         855.169         946.453          6.3663         50.3443         483.684  389
  191         36819.7          853.43         946.029         6.35418         50.4496         484.128  391
  192         36803.6         849.678         945.481          6.3279         50.6927         485.127  393
  193         36788.1         847.911         944.976         6.31454         50.8157          485.49  395
  194         36775.6         846.215         944.762         6.30146         50.9409         485.695  397
  195         36765.2         844.492         944.622         6.28725         51.0765         485.974  399
  196         36751.9         841.574          944.45         6.26298          51.324         486.591  401
  197         36740.2         840.668         944.168         6.25352         51.4067         486.728  403
  198         36726.3         839.137         943.725         6.23735         51.5559         487.208  405
  199         36714.9         838.014          943.48         6.22509         51.6724         487.436  407
  200         36703.2         837.009         943.242         6.21431         51.7804         487.573  409
  201         36689.9         833.749         943.531         6.18027         52.1595         488.106  411
  202         36675.5         832.438          943.48         6.16463         52.3264         488.115  413
  203         36669.2         832.605         943.413         6.16591         52.3047         487.818  415
  204         36655.2         831.584         943.609         6.15304         52.4445         487.475  417
  205         36646.3         829.969         943.891           6.133         52.6807         487.593  419
  206         36635.5         828.165         943.785         6.10988         52.9678          488.12  421
  207         36624.3         826.766          943.41          6.0902         53.2125         488.742  423
  208         36617.8         825.157         943.074         6.06509         53.5306         489.773  425
  209         36607.2         825.409           942.6         6.06631         53.4883         489.684  427
  210           36600         825.716         942.383         6.06775         53.4416           489.5  429
  211         36587.9         825.891         942.213         6.06345         53.4401         489.275  431
  212         36570.9          825.29         942.354          6.0434         53.6219         489.136  433
  213         36560.8         824.383         943.463          6.0102         53.9453           488.9  435
  214         36545.6         824.011         943.019         6.00464         54.0238         488.804  437
  215         36540.2         823.722          942.97         6.00007         54.0933         488.755  439
  216           36534         823.291         943.037         5.99002         54.2266         488.771  441
  217         36528.1         822.544          943.45         5.96493         54.5377         489.045  443
  218         36517.7         822.513         943.133         5.96037         54.5743         489.033  445
  219         36511.3         822.477         943.062         5.95254         54.6463         489.105  447
  220         36506.2          822.41         942.998         5.94258         54.7464         489.314  449
  221           36499         822.352         942.969         5.92357         54.9449         489.741  451
  222         36488.4         822.353         942.664         5.90905         55.0983         490.089  453
  223         36478.8         822.424         942.467         5.89894         55.1944         490.209  455
  224           36469          822.58         942.215         5.88464         55.3293         490.546  457
  225         36459.2         822.816         941.827         5.87184         55.4397         490.963  459
  226         36450.2         822.929         941.362         5.86809          55.463         491.132  461
  227         36435.8         823.314         940.338         5.85549          55.568         491.943  463
  228         36431.2         823.642         939.701         5.84532         55.6509         492.762  465
  229         36424.8         823.675         939.481         5.84393         55.6602         492.721  467
  230         36418.4         823.866         939.159         5.83803         55.7086         492.955  469
  231           36414         824.103         938.831          5.8316         55.7601         493.323  471
  232         36408.9         824.815         938.189         5.81526         55.8951          494.36  473
  233         36400.1         825.196         937.573         5.80698         55.9561         494.869  475
  234         36394.5         825.515          937.25         5.80144         55.9832         495.144  477
  235         36389.2         825.915         936.839         5.79515           56.01          495.56  479
  236         36382.7         826.739         936.115         5.78391         56.0461         496.441  481
  237         36372.4         827.282         935.164         5.77654         56.0789         497.184  483
  238         36363.7         827.817         934.332         5.77026         56.0969         497.853  485
  239         36355.9         828.463         933.515         5.76324         56.1074         498.589  487
  240         36352.4         829.723         932.546         5.75045         56.1172         499.947  489
  241         36341.7         829.979         931.954          5.7476         56.1138         500.139  491
  242           36338         830.109         931.824         5.74643         56.1049         500.144  493
  243         36333.2         830.517         931.495         5.74273         56.0948         500.408  495
  244           36325         831.312         930.911         5.73571          56.076          500.91  497
  245           36320         832.201         930.415         5.72807         56.0582         501.512  501
  246         36312.9          833.12         929.904         5.72022         56.0333         502.041  503
  247           36308         833.695         929.704         5.71548          56.007         502.231  505
  248         36300.4         834.987         929.422         5.70564         55.9595         502.607  507
  249         36298.8         836.511         929.188         5.69441         55.9157         503.292  509
  250         36289.9         836.371         928.915         5.69516         55.9097         503.094  511
  251         36285.3         836.565         928.787         5.69389          55.886         503.069  513
  252           36280         837.136         928.618         5.69003         55.8362         503.187  515
  253         36271.5          838.29         928.422         5.68227         55.7513         503.373  517
  254         36265.4         839.525         928.525         5.67399         55.6655         503.405  521
  255         36254.5         841.537         928.316         5.66101         55.5657         503.718  523
  256         36247.1          842.67         928.438         5.65345         55.5045         503.609  525
  257         36237.4         844.964          929.07         5.63943         55.3683         503.211  527
  258         36229.2         846.086         929.476           5.632         55.2834         502.797  529
  259           36223         846.284         929.592         5.63049         55.2421         502.476  531
  260         36215.8         847.197          929.89         5.62475         55.1587         502.144  533
  261         36209.4         848.124         929.932         5.61902         55.0877         502.096  535
  262         36202.5         849.425         930.025          5.6114         54.9989         502.059  537
  263         36193.8         852.912         930.647         5.59219         54.7922         501.993  539
  264         36187.2         855.534         931.363         5.57728         54.6423         501.713  541
  265         36180.4         855.041         931.087         5.57914         54.6585         501.568  543
  266           36175          855.46          931.23         5.57675         54.6152         501.297  545
  267         36170.6         856.515         931.516         5.57108         54.5348         501.098  547
  268         36165.9          858.97         932.281         5.55861         54.3585         500.777  549
  269         36157.9         860.241         932.307         5.55176         54.2694         500.717  551
  270         36151.1         861.572         932.431         5.54537         54.1719         500.606  553
  271           36144         863.276         932.706         5.53753         54.0454          500.41  555
  272         36142.1         866.905          933.81         5.52257         53.7869         500.034  557
  273         36128.7         867.694         933.406         5.51789         53.7338         500.018  559
  274         36124.3         868.116         933.336         5.51615         53.6964         499.967  561
  275         36118.9         869.364         933.334         5.51131         53.5997         499.976  563
  276         36110.2         871.423         933.167         5.50354         53.4408         500.154  565
  277         36108.2         876.708         933.368         5.48628         53.0865         500.805  567
  278         36093.8         876.575         932.827         5.48412         53.0823         500.748  569
  279           36090         876.621         932.726         5.48399         53.0687         500.676  571
  280         36083.1         877.856         932.606         5.47985         52.9711         500.692  573
  281         36078.9         881.694         932.821         5.46832         52.7161         500.906  575
  282         36068.1         883.027         932.372         5.46294         52.6303         501.103  577
  283         36062.4         884.764          932.18         5.45766         52.5252         501.296  579
  284         36057.8          886.73         931.971         5.45187         52.4107         501.578  581
  285         36049.8          889.72         931.482         5.44383         52.2383         502.094  583
  286         36045.3         891.171         931.296         5.43967         52.1426         502.286  587
  287         36037.9         893.918         930.752         5.43272         51.9866         502.824  589
  288         36031.3         895.452         930.426          5.4289         51.8746         503.049  591
  289         36023.2          897.04         930.016         5.42574         51.7225         503.282  593
  290         36014.8         897.577         929.675         5.42528         51.6115         503.311  595
  291         36006.6         897.381         929.266         5.42809         51.4527         503.336  597
  292         35997.4         897.873         928.755         5.42779         51.3678         503.466  599
  293         35992.9         897.974         928.525         5.42779          51.345         503.488  601
  294         35985.6         898.542         927.979         5.42783          51.237         503.744  603
  295         35984.5         899.694         927.585         5.42778         51.0317         504.232  605
  296         35976.2         899.646         927.316         5.42771         51.0299         504.097  607
  297         35973.4         899.894         927.239         5.42776         50.9768          504.07  609
  298         35969.7         900.533         927.042         5.42795         50.8479          504.17  611
  299         35967.7         901.634         926.764         5.42837         50.6266         504.495  613
  300         35961.8         901.861         926.449         5.42831         50.5812          504.55  615
  301         35957.8         902.183         926.196         5.42854         50.5103         504.649  617
  302         35954.2         902.642         925.918         5.42889         50.4083         504.806  619
  303         35947.9          903.24          925.68         5.42936         50.2604         504.822  621
  304         35947.5         904.627         925.718         5.43055         49.9332         504.965  623
  305         35937.3         904.391         925.426         5.42992         49.9693         504.752  625
  306         35934.7         904.281          925.46         5.42978         49.9777         504.596  627
  307         35930.5          904.39         925.561          5.4297         49.9163         504.346  629
  308         35926.4         904.725         925.685         5.42985         49.7825         504.122  631
  309         35921.4          905.07         925.674            5.43         49.6697         503.972  633
  310         35916.8         905.507         925.705         5.43031         49.5345         503.808  635
  311         35912.8         905.927         925.796         5.43064            49.4         503.618  637
  312         35908.2         906.405         925.974         5.43112         49.2404         503.319  639
  313         35903.2         906.707         926.111         5.43124         49.1257         503.025  641
  314         35897.8         907.034         926.315         5.43153          48.987         502.661  643
  315         35893.6         907.241         926.479         5.43148         48.8973         502.367  645
  316         35889.6         907.351         926.597         5.43141         48.8405         502.104  647
  317         35885.3         907.716         927.063         5.43172         48.7028         501.526  649
  318         35882.5         908.117           927.6         5.43218         48.5628         500.945  651
  319         35879.5         908.276          927.68         5.43234          48.512         500.754  653
  320         35876.7         908.574         927.899         5.43285         48.4179         500.445  655
  321         35873.5         908.967         928.196         5.43354         48.2879         500.067  657
  322         35869.2         909.851          928.82         5.43553          48.012         499.359  659
  323         35864.9         910.223         928.993         5.43608         47.8939         499.042  661
  324         35861.2         910.369         928.979         5.43648         47.8428         498.894  663
  325         35855.3          910.76         929.098         5.43773         47.7117         498.532  665
  326           35850         911.316         929.602         5.43948          47.542         497.818  667
  327         35843.8         911.846         929.939         5.44099         47.3901          497.22  669
  328         35838.7         912.514         930.415         5.44291         47.2076         496.543  671
  329         35835.9         912.813         930.447         5.44352         47.1279         496.401  673
  330         35833.4         912.891         930.287         5.44365         47.1052          496.45  675
  331         35827.7         913.283         929.799         5.44436         46.9998         496.702  677
  332         35825.3          913.92          929.96         5.44592         46.8458         496.466  679
  333           35822         913.968          929.88         5.44578         46.8337           496.4  681
  334         35818.2         914.381         929.978         5.44647         46.7373         496.152  683
  335         35815.8         914.818         930.067         5.44726         46.6399         495.981  685
  336         35811.3         915.827         930.127         5.44915         46.4276         495.763  687
  337         35807.2         916.766         930.041         5.45076         46.2442           495.7  689
  338         35803.7         916.658         929.807         5.45028         46.2623         495.769  691
  339         35800.2         916.597          929.48         5.44995           46.27         495.933  693
  340         35797.2         916.776         929.249         5.45012          46.232         496.034  695
  341         35795.3          917.67         928.948         5.45167          46.063         496.286  697
  342         35791.3         917.828         928.879         5.45196          46.035         496.159  699
  343         35789.9          918.04           928.9         5.45247          45.998         496.074  701
  344           35788         918.533         928.802         5.45363          45.915         496.075  703
  345         35787.2         919.734         928.442         5.45657         45.7258         496.379  705
  346         35782.6         920.037         928.123         5.45712         45.6803         496.467  707
  347         35780.2         920.375         927.833         5.45795         45.6311          496.63  709
  348         35777.8          920.99         927.427         5.45948         45.5447         496.893  711
  349         35773.6         922.051         926.891          5.4621         45.4041         497.177  713
  350         35771.6         922.925         926.544         5.46442         45.2953         497.373  717
  351         35768.3         923.945         926.116         5.46662         45.1762         497.594  719
  352         35765.8         924.585         925.901           5.468         45.1056         497.655  721
  353         35761.5         926.226         925.414         5.47179         44.9369         497.821  723
  354         35757.2         927.193         925.146         5.47356         44.8452         497.831  725
  355         35753.6         927.527         925.114          5.4737         44.8162         497.689  727
  356         35751.2         928.493         925.047         5.47501         44.7326         497.605  729
  357         35748.2         928.621         924.993         5.47484          44.722         497.524  731
  358         35746.3         929.017         924.942         5.47521         44.6885         497.473  733
  359         35744.5         929.674         924.889         5.47595          44.635         497.423  735
  360         35741.2         930.999         924.895           5.477         44.5336         497.231  737
  361           35739         932.989         925.079         5.47852         44.3932         496.905  739
  362         35736.2         932.925         925.014          5.4778         44.3969         496.863  741
  363         35734.7          932.95         925.042         5.47729         44.3956         496.786  743
  364           35733         933.349          925.12         5.47671         44.3709         496.655  745
  365         35732.7         934.844         925.496          5.4759         44.2804         496.323  747
  366         35729.5         934.904         925.357         5.47581         44.2757         496.307  749
  367         35728.3         935.324         925.388          5.4758          44.249         496.223  751
  368           35727         936.168          925.51         5.47561         44.1982         496.053  753
  369         35724.6         937.628         925.813         5.47495         44.1169         495.671  755
  370         35723.3         941.076         926.563          5.4735         43.9486         494.927  757
  371           35719          941.23         926.546         5.47242         43.9421          494.78  759
  372         35716.9         941.404         926.585         5.47179          43.935         494.666  761
  373         35714.5         942.266         926.709         5.47058          43.899         494.473  763
  374         35712.9         943.421         926.841         5.46953         43.8522         494.304  767
  375         35710.1         945.033         926.964         5.46782         43.7925         494.106  769
  376         35707.4         946.805         927.085         5.46625         43.7318         493.899  771
  377         35705.8         949.242         927.342         5.46418         43.6573         493.622  773
  378         35703.2         949.731         927.281         5.46355         43.6428         493.573  775
  379         35701.7         949.824         927.218         5.46347         43.6393         493.564  777
  380         35699.9         950.493         927.195         5.46286         43.6211         493.513  779
  381         35697.5         951.224         927.096         5.46198         43.6037         493.515  781
  382         35695.9         952.353         927.077         5.46077         43.5759         493.486  785
  383           35694         953.147         927.013         5.45976         43.5565         493.487  787
  384         35691.8          954.89         926.907         5.45764          43.516         493.541  789
  385         35691.3         956.045          926.98         5.45591         43.4922         493.494  791
  386         35689.7         956.096         926.903         5.45573          43.491         493.502  793
  387         35688.1         956.629          926.87         5.45483         43.4808         493.479  795
  388         35686.7         957.556         926.882         5.45335         43.4646         493.441  797
  389         35684.2         959.312         926.901         5.45064         43.4341         493.378  799
  390         35683.5         960.424         926.909         5.44933         43.4152         493.361  803
  391         35680.7         962.674         926.906         5.44553         43.3807         493.338  805
  392         35678.2          964.55         926.818         5.44272         43.3546         493.375  807
  393         35677.8         968.959         926.707         5.43679         43.3139         493.583  809
  394         35672.9         969.322         926.455         5.43575         43.3124         493.625  811
  395         35671.6         969.251         926.353         5.43592         43.3109         493.659  813
  396         35669.5         970.189         926.167         5.43478         43.2998         493.758  815
  397         35667.3         971.474         926.002          5.4332         43.2838         493.843  817
  398         35666.6         974.446         925.894          5.4295         43.2677          493.97  819
  399         35664.6         974.044         925.875         5.42967         43.2681         493.902  821
  400         35663.7         974.387         925.874         5.42914         43.2654         493.866  823
  401         35662.3          975.65         925.816         5.42739         43.2584          493.89  825
  402         35661.2         979.162         925.731         5.42288         43.2449         493.981  827
  403         35658.6         981.436         925.515         5.41957         43.2412         494.123  829
  404         35657.1         982.701         925.423         5.41779         43.2386         494.172  831
  405         35655.9         984.539         925.345         5.41544         43.2372         494.215  833
  406         35654.9          987.25         925.368          5.4119         43.2394         494.181  835
  407           35653         988.931         925.341         5.40954         43.2435         494.141  837
  408         35651.6         990.394         925.382         5.40744         43.2456         494.063  839
  409         35650.6         991.538         925.438         5.40568         43.2449         493.984  841
  410         35649.1          995.31          925.55         5.40025         43.2514         493.878  843
  411         35646.1          997.19         925.585         5.39693         43.2556         493.757  845
  412         35643.5         999.125          925.63          5.3937         43.2602         493.646  847
  413         35641.6         1001.17         925.736         5.39027         43.2642         493.507  849
  414         35640.9         1004.49         926.002           5.385         43.2742         493.293  851
  415         35638.6         1004.28         925.962         5.38498         43.2681         493.238  853
  416         35637.7         1004.56         926.029         5.38448         43.2649         493.138  855
  417         35636.8         1005.39         926.166         5.38308         43.2644         492.987  857
  418         35635.5         1008.03         926.495         5.37869         43.2685         492.677  859
  419         35633.5         1010.76         926.815         5.37401         43.2771         492.346  861
  420         35631.6          1013.2         927.019         5.36979         43.2797         492.132  863
  421         35630.2         1016.31         927.263         5.36465         43.2806         491.917  865
  422         35629.2          1018.8         927.385          5.3604          43.285          491.83  867
  423         35627.8         1018.35         927.284         5.36107         43.2785         491.856  869
  424         35626.2         1018.93         927.293         5.36026         43.2728         491.785  871
  425           35625         1020.12         927.379         5.35847         43.2703         491.672  873
  426         35624.5         1024.62         927.814         5.35183         43.2744         491.313  875
  427         35621.6         1025.69         927.816         5.34981         43.2712         491.216  877
  428         35620.2         1027.15         927.902         5.34759         43.2686         491.104  879
  429         35619.4         1028.63         927.964         5.34534         43.2697         491.039  881
  430         35618.6         1031.14         927.931         5.34181          43.271         491.082  883
  431         35616.9         1032.93         927.877         5.33916         43.2792         491.087  885
  432         35615.9         1033.79         927.788         5.33799         43.2758         491.143  887
  433         35614.9         1034.98         927.681          5.3365         43.2685          491.22  889
  434         35613.1         1037.46         927.515         5.33338         43.2596          491.34  891
  435         35612.1         1038.95         927.412         5.33149         43.2562         491.416  895
  436         35610.4         1041.26         927.241         5.32834         43.2607         491.541  897
  437         35608.8         1043.31         927.012         5.32559         43.2624         491.718  899
  438           35608         1046.54         926.649         5.32138         43.2666         492.086  901
  439         35606.2          1046.7         926.528         5.32083         43.2574         492.148  903
  440         35605.3         1046.29         926.507         5.32134         43.2497         492.129  905
  441         35603.2         1046.41         926.329         5.32095         43.2372         492.226  907
  442         35602.3         1047.37         926.164         5.31948         43.2334         492.373  911
  443         35600.8         1048.99         925.911         5.31704         43.2311         492.598  913
  444         35599.1         1052.31          925.44         5.31214         43.2275         493.063  915
  445           35598         1055.51         924.944         5.30711         43.2482         493.579  917
  446         35596.2         1054.77         924.968         5.30795         43.2398         493.465  919
  447         35595.3         1054.73         924.908         5.30798         43.2391         493.481  921
  448         35594.3         1055.32         924.749         5.30703         43.2415         493.608  923
  449         35593.5         1056.38         924.566          5.3054         43.2461         493.775  927
  450         35592.3         1058.42         924.187         5.30224         43.2621         494.135  929
  451         35591.3         1060.44          923.89         5.29907         43.2838         494.414  931
  452         35590.5         1061.86          923.68         5.29687         43.3041         494.605  935
  453         35589.6         1063.72         923.453         5.29383          43.338         494.809  937
  454         35588.2         1065.72         923.196         5.29057         43.3671         495.031  939
  455         35587.6         1069.06         922.894         5.28517         43.4319         495.341  941
  456         35585.6         1068.24         922.976         5.28604         43.4029         495.187  943
  457         35584.6         1067.43          923.11         5.28731         43.3753          495.01  945
  458         35582.8         1066.76         923.352         5.28809         43.3363         494.708  947
  459         35582.2         1067.97         923.614         5.28567         43.3143         494.502  949
  460           35580         1068.39         923.515         5.28481         43.3182         494.508  951
  461         35579.3         1069.54         923.421         5.28278         43.3383          494.59  953
  462         35578.7         1071.14         923.314          5.2799         43.3729         494.696  955
  463         35577.3         1073.23         923.259         5.27579         43.4181         494.736  957
  464         35576.3         1075.95         923.202         5.27007         43.4949         494.817  959
  465         35574.5         1075.42         923.281         5.27056         43.4564         494.689  961
  466         35573.6         1074.68         923.391         5.27179          43.414         494.549  963
  467         35572.6         1074.08         923.546         5.27249         43.3809         494.374  965
  468         35571.5         1073.93         923.661          5.2721         43.3618         494.249  967
  469         35570.5         1074.29         923.673         5.27109         43.3577         494.223  969
  470         35569.1          1075.5         923.686         5.26798         43.3727         494.221  971
  471         35568.3         1076.06         923.745         5.26608         43.3861         494.175  973
  472         35567.3         1076.13          923.71          5.2658         43.3869         494.169  975
  473           35566         1076.39         923.748         5.26466         43.3862         494.111  977
  474         35565.4         1076.57         923.762         5.26392         43.3853         494.098  979
  475         35564.5         1077.18         923.807         5.26159         43.3985         494.081  981
  476         35563.7         1077.43         923.734         5.26054         43.4097         494.143  983
  477           35563         1077.45         923.667         5.26056         43.4088         494.175  985
  478         35562.1         1077.55         923.534         5.26034         43.4087         494.268  987
  479         35561.2         1077.81         923.366         5.25944         43.4163         494.417  989
  480         35559.9         1078.21          923.12         5.25804         43.4312         494.634  991
  481         35558.7         1078.68         922.834          5.2564         43.4559         494.892  993
  482         35557.7         1079.02         922.665          5.2552         43.4809         495.026  995
  483         35556.8          1079.1          922.61         5.25499         43.4846         495.042  997
  484         35555.9          1079.2         922.538         5.25479          43.488         495.069  999
  485         35555.4         1079.38         922.402         5.25426         43.5016         495.185  1003
  486         35554.6         1079.57         922.246         5.25368         43.5161         495.308  1005
  487           35554         1079.94         921.941          5.2524         43.5532         495.591  1007
  488         35553.4         1080.17         921.722         5.25144         43.5828         495.787  1009
  489           35553         1080.21         921.672         5.25119          43.587         495.821  1011
  490         35552.4         1080.33         921.577         5.25057         43.6008         495.898  1013
  491           35552         1080.57          921.45         5.24957         43.6317          496.01  1015
  492         35551.3         1080.73         921.367         5.24884          43.651         496.068  1017
  493         35550.6          1081.1         921.228         5.24732         43.6971         496.185  1019
  494         35550.2          1081.2         921.166         5.24684         43.7086         496.231  1021
  495         35549.8         1081.23         921.144          5.2467         43.7104         496.238  1023
  496         35548.8         1081.46         921.011         5.24559         43.7398         496.338  1025
  497         35548.8         1081.78         920.938         5.24412         43.7867         496.419  1027
  498           35548         1081.69         920.938         5.24451         43.7672         496.383  1029
  499         35547.6         1081.75         920.921         5.24426         43.7706         496.389  1031
  500         35547.3         1081.93         920.875         5.24341         43.7937         496.428  1033
  501         35546.9         1082.09         920.845         5.24264         43.8162         496.448  1035
  502         35546.7         1082.52          920.78         5.24056         43.8883         496.512  1037
  503         35545.6         1082.53         920.794         5.24039         43.8827         496.457  1039
  504         35544.8          1082.5         920.852         5.24047         43.8619         496.378  1041
  505           35544         1082.52         920.926         5.24023         43.8439         496.293  1043
  506         35543.4         1082.59         921.019         5.23969         43.8406         496.198  1047
  507         35542.5         1082.67         921.087         5.23896         43.8446         496.112  1049
  508         35541.5         1082.78         921.193          5.2378         43.8651         495.988  1051
  509         35541.2         1082.89         921.287         5.23667         43.8909         495.902  1053
  510         35540.6         1082.91         921.271         5.23651          43.892         495.896  1055
  511         35540.2         1082.94         921.257         5.23631         43.8938         495.897  1057
  512         35539.8         1082.98         921.248         5.23589         43.9009         495.897  1059
  513           35539         1083.06         921.226         5.23473         43.9244          495.91  1061
  514         35538.6         1083.12         921.223          5.2338         43.9456         495.915  1065
  515           35538         1083.18         921.214         5.23273         43.9696         495.923  1067
  516         35537.5         1083.23         921.216         5.23153         43.9981         495.921  1069
  517         35537.2         1083.25         921.233         5.23087         44.0155         495.903  1073
  518         35536.7         1083.25         921.233         5.23026         44.0325         495.897  1075
  519         35536.4         1083.25         921.219         5.22994         44.0398         495.902  1077
  520         35536.1         1083.23         921.181         5.22948         44.0488         495.939  1079
  521         35535.7         1083.22          921.13         5.22927         44.0526         495.976  1081
  522         35535.1         1083.19         921.036         5.22893         44.0602         496.052  1083
  523         35534.3         1083.16         920.895         5.22826         44.0776         496.173  1085
  524           35534         1083.13         920.825         5.22766         44.0919         496.241  1089
  525         35533.2         1083.08         920.655         5.22666         44.1177         496.397  1091
  526         35532.5         1083.03         920.522         5.22572         44.1406         496.523  1093
  527         35532.4         1082.94         920.355         5.22446         44.1818         496.711  1095
  528         35531.7         1082.95         920.361          5.2246         44.1753         496.672  1097
  529         35531.5         1082.95         920.366         5.22464         44.1712         496.659  1099
  530         35531.2         1082.93         920.321         5.22438         44.1735         496.699  1101
  531         35530.9         1082.87         920.184          5.2236         44.1888         496.849  1103
  532         35530.6         1082.81         920.072         5.22295         44.2045         496.964  1105
  533         35530.4         1082.79         920.009          5.2226         44.2161         497.025  1107
  534         35530.1         1082.71         919.893         5.22182         44.2452         497.142  1109
  535         35530.1         1082.55          919.77         5.22056         44.2928         497.288  1111
  536         35529.6         1082.54         919.747         5.22049         44.2921         497.289  1113
  537         35529.2         1082.49          919.72          5.2201         44.3014         497.312  1115
  538           35529         1082.38         919.666         5.21941         44.3231         497.369  1117
  539         35528.7         1082.24         919.559          5.2185         44.3549         497.482  1119
  540         35528.2          1082.1         919.444         5.21767         44.3876          497.59  1121
  541         35527.9         1082.02          919.36         5.21718         44.4025         497.671  1123
  542         35527.6         1081.98         919.319         5.21682         44.4091         497.715  1125
  543         35527.4         1081.86         919.253         5.21607         44.4298         497.793  1127
  544         35527.1         1081.85         919.275         5.21593         44.4331         497.759  1129
  545         35526.8         1081.82         919.324         5.21572         44.4396         497.701  1131
  546         35526.5         1081.77         919.361         5.21533         44.4501         497.661  1133
  547         35526.3         1081.68         919.376         5.21473         44.4654         497.651  1137
  548         35525.8         1081.54         919.398         5.21378         44.4905         497.637  1139
  549         35525.6         1081.43         919.392         5.21306         44.5105         497.652  1141
  550         35525.4         1081.34         919.355         5.21248         44.5312         497.695  1143
  551         35525.3         1081.37         919.345         5.21255         44.5273         497.696  1145
  552         35525.2          1081.4         919.332         5.21262         44.5218         497.703  1147
  553           35525         1081.42         919.326         5.21252         44.5202         497.705  1149
  554         35524.6         1081.43         919.342         5.21179         44.5302         497.699  1151
  555         35524.3          1081.4         919.356          5.2108         44.5528         497.695  1153
  556         35523.9         1081.35         919.378         5.21015         44.5701         497.673  1155
  557         35523.6         1081.22         919.424         5.20876         44.6144         497.642  1157
  558         35523.5          1081.2         919.438         5.20836         44.6262         497.631  1161
  559         35523.3         1081.19         919.434         5.20805         44.6339         497.635  1163
  560         35523.1         1081.21         919.447         5.20682         44.6611         497.646  1165
  561           35523         1081.24         919.443         5.20618         44.6768         497.659  1167
  562         35522.8         1081.26         919.439         5.20651         44.6633         497.649  1169
  563         35522.6         1081.31         919.448         5.20652          44.656         497.636  1171
  564         35522.4         1081.45         919.484          5.2061         44.6496         497.608  1173
  565         35522.3         1081.63          919.52         5.20527          44.649           497.6  1175
  566         35522.1         1081.73         919.532         5.20464         44.6552         497.599  1177
  567           35522         1081.77         919.519         5.20421         44.6616         497.619  1179
  568         35521.9         1081.86         919.489         5.20361         44.6698         497.662  1181
  569         35521.8         1081.91         919.474          5.2034         44.6717          497.68  1185
  570         35521.7         1082.02          919.44         5.20299          44.675          497.72  1187
  571         35521.5         1082.21         919.384          5.2026         44.6743         497.777  1189
  572         35521.4         1082.31         919.347         5.20245         44.6725         497.814  1193
  573         35521.2         1082.43         919.315         5.20251          44.663         497.837  1195
  574           35521         1082.78         919.247         5.20208         44.6512          497.91  1197
  575         35520.8          1083.1         919.185         5.20182         44.6392         497.971  1199
  576         35520.6         1083.12         919.185         5.20168         44.6411         497.966  1201
  577         35520.4         1083.18         919.186          5.2014         44.6451         497.962  1203
  578         35520.3         1083.41         919.156         5.20098         44.6411         497.998  1205
  579         35520.2         1083.64         919.108         5.20063         44.6367         498.052  1207
  580         35520.2         1083.79         919.083         5.20043         44.6338         498.081  1209
  581         35520.1          1083.8         919.078         5.20042         44.6332         498.085  1211
  582         35520.1         1083.84         919.075         5.20034         44.6324         498.088  1213
  583           35520         1083.93         919.073         5.20012         44.6313         498.094  1215
  584           35520         1084.04         919.086         5.19985         44.6289          498.09  1217
  585         35519.9         1084.17         919.097         5.19954         44.6272         498.086  1219
  586         35519.8         1084.24          919.11         5.19935         44.6259         498.075  1221
  587         35519.7         1084.42          919.14         5.19888         44.6263         498.055  1223
  588         35519.7         1084.57         919.152         5.19852         44.6259         498.052  1225
  589         35519.6         1084.62         919.146         5.19842          44.625         498.056  1227
  590         35519.5         1084.74         919.139          5.1982         44.6247         498.066  1229
  591         35519.5         1084.81         919.141         5.19808         44.6254         498.064  1231
  592         35519.5         1085.05         919.151          5.1977         44.6306         498.055  1233
  593         35519.5         1085.19         919.171         5.19757         44.6321         498.032  1235
  594         35519.4         1085.19         919.167         5.19761         44.6304         498.031  1237
  595         35519.3         1085.24         919.162         5.19764         44.6298         498.028  1239
  596         35519.2          1085.3         919.158         5.19761         44.6318         498.025  1241
  597         35519.2         1085.44         919.145         5.19754         44.6382         498.029  1243
  598         35519.2         1085.49         919.142         5.19747           44.64         498.028  1245
  599         35519.1         1085.55         919.139         5.19739         44.6417         498.028  1247
  600         35519.1          1085.6         919.147          5.1973         44.6453         498.017  1249
  601           35519         1085.62         919.143         5.19726         44.6472         498.017  1251
  602           35519         1085.67         919.145         5.19717         44.6508          498.01  1253
  603         35518.9         1085.71         919.143         5.19708         44.6538         498.009  1255
  604         35518.9         1085.77          919.14          5.1969         44.6601         498.011  1257
  605         35518.8         1085.78         919.133         5.19678         44.6626         498.016  1259
  606         35518.7         1085.79         919.125         5.19665         44.6654         498.023  1261
  607         35518.7         1085.81         919.126         5.19645         44.6706         498.025  1263
  608         35518.6         1085.82         919.144         5.19623         44.6757          498.01  1265
  609         35518.6         1085.83         919.153         5.19616         44.6771             498  1267
  610         35518.5         1085.84         919.174         5.19596         44.6823         497.981  1269
  611         35518.5         1085.86         919.189         5.19571           44.69         497.969  1271
  612         35518.5         1085.87         919.187         5.19541         44.6998         497.973  1273
  613         35518.4         1085.87         919.174         5.19516         44.7064         497.989  1275
  614         35518.4         1085.87         919.169         5.19505         44.7092         497.996  1279
  615         35518.4         1085.86         919.158         5.19481         44.7171         498.009  1281
  616         35518.3         1085.85         919.158         5.19473         44.7202         498.009  1285
  617         35518.3         1085.83         919.163         5.19452         44.7288         498.004  1287
  618         35518.2          1085.8         919.167         5.19414         44.7438         498.002  1289
  619         35518.1         1085.78          919.17         5.19398         44.7499         497.998  1293
  620         35518.1         1085.77         919.178          5.1938         44.7562         497.991  1295
  621           35518         1085.76         919.184          5.1937         44.7592         497.986  1299
  622           35518         1085.77           919.2         5.19347         44.7671         497.971  1301
  623           35518         1085.78          919.21         5.19335         44.7695         497.963  1303
  624         35517.9          1085.8         919.206         5.19341         44.7652         497.962  1305
  625         35517.7         1085.82         919.213         5.19342         44.7603         497.951  1307
  626         35517.7         1085.85         919.231         5.19335         44.7589         497.934  1309
  627         35517.6         1085.87         919.247          5.1933         44.7579         497.917  1313
  628         35517.5          1085.9         919.284         5.19311         44.7588         497.884  1315
  629         35517.5         1085.92         919.291         5.19303         44.7597         497.877  1319
  630         35517.5         1085.99         919.291         5.19277         44.7694         497.875  1321
  631         35517.5         1086.01          919.29         5.19275         44.7702         497.875  1325
  632         35517.4         1086.03         919.272         5.19275         44.7708         497.888  1327
  633         35517.3         1086.08          919.25         5.19271          44.772         497.905  1329
  634         35517.3          1086.1         919.242          5.1927         44.7726          497.91  1333
  635         35517.3         1086.14         919.237         5.19268         44.7738         497.913  1335
  636         35517.3         1086.18         919.237         5.19263         44.7758         497.909  1337
  637         35517.2         1086.21         919.233         5.19261         44.7771         497.911  1341
  638         35517.2          1086.3         919.232         5.19255           44.78         497.905  1343
  639         35517.2         1086.33         919.231         5.19252         44.7808         497.905  1347
  640         35517.1         1086.42         919.232         5.19247         44.7818         497.899  1349
  641         35517.1         1086.45         919.231         5.19246         44.7823         497.897  1353
  642         35517.1          1086.5         919.233         5.19245         44.7826         497.892  1357
  643         35517.1         1086.54         919.232         5.19244         44.7829          497.89  1361
  644         35517.1         1086.58         919.232         5.19244         44.7833         497.887  1365
  645         35517.1         1086.62         919.232         5.19245         44.7838         497.883  1369
  646         35517.1         1086.66         919.232         5.19246         44.7844         497.881  1373
  647           35517         1086.71         919.233         5.19247         44.7845         497.875  1377
  648           35517         1086.76         919.232         5.19248          44.785         497.872  1381
  649           35517         1086.83         919.231          5.1925         44.7848         497.867  1385
  650           35517         1086.92         919.229         5.19253         44.7845         497.863  1389
  651           35517         1086.98         919.228         5.19254         44.7841          497.86  1393
  652         35516.9         1087.03         919.226         5.19256         44.7838         497.858  1397
  653         35516.9         1087.09         919.225         5.19257         44.7835         497.855  1401
  654         35516.9         1087.14         919.223         5.19259         44.7833         497.854  1405
  655         35516.9         1087.19         919.222          5.1926         44.7831         497.851  1409
  656         35516.9         1087.26          919.22         5.19262         44.7829         497.849  1413
  657         35516.9         1087.32         919.219         5.19263         44.7826         497.846  1417
  658         35516.9         1087.39         919.219         5.19264         44.7825         497.843  1421
  659         35516.9         1087.46         919.218         5.19265         44.7821         497.839  1425
  660         35516.9         1087.54         919.219         5.19266          44.782         497.834  1429
  661         35516.9         1087.62         919.222         5.19266         44.7818         497.827  1433
  662         35516.9         1087.71         919.226         5.19266         44.7819         497.818  1437
  663         35516.9         1087.79          919.23         5.19265          44.782          497.81  1441
  664         35516.9         1087.81         919.232         5.19264          44.782         497.806  1447
  665         35516.9          1087.9         919.239         5.19263          44.782         497.796  1451
  666         35516.9         1087.96         919.244         5.19261         44.7822         497.788  1459
  667         35516.9         1088.08         919.254         5.19257         44.7827         497.774  1463
  668         35516.9         1088.12         919.258         5.19255          44.783         497.768  1471
