    0          353929         2698.27          654711         220.289               0               0  1
    1          149855          2592.2          621663         22.6687         2.96587         10.0997  5
    2         85891.2         1841.23          274649          24.041         58.0532         195.909  7
    3         72682.2         1470.09          137128         25.4901          273.33         641.486  9
    4         56198.4         1484.01          131706         24.8706         4.26349         170.865  11
    5         54819.4         1433.85          127328         24.8914         3.50581         147.922  13
    6         53998.3         1368.71          122101          24.918         4.15488         160.413  15
    7         52429.7         1264.58          113300         24.7807         5.04748          181.17  17
    8         47544.9         1038.86           90058         23.7384         9.08508         228.716  19
    9         46388.5         834.052         63437.7          21.359         142.071         433.322  21
   10         36893.6          847.82         52841.4         19.9536         9.33313         266.861  23
   11         32249.5         840.279         39689.6         18.8324         14.3498         217.593  25
   12         29573.4         831.683           37604         16.9242          15.468         199.369  27
   13         28924.6         833.999         35841.8         16.5219         13.4006         206.617  35
   14         27867.4         843.119         31157.3         16.4604         9.10919         207.514  37
   15         26273.2         875.973         26403.6         15.6763         12.9033         209.107  39
   16           24467         1007.34         23436.9         14.2884          14.759         209.436  41
   17         23313.3         1093.36         22401.6         13.2229         22.4208         203.415  45
   18         21852.7         1134.28         21015.6         12.5717         18.6975         178.482  47
   19         18704.5         1255.45         20082.9         10.4757         22.2174         125.622  49
   20         18440.9         1139.76         21286.5         10.1763          20.767         122.611  51
   21         17686.2          1161.9         19610.5         10.2025         19.8389         100.144  53
   22         17471.1         1147.17         18886.6         10.2415         19.7103         95.5475  55
   23         17066.3         1106.58         17513.5         10.2877         19.6875          88.781  57
   24         16478.6          1076.1         15851.6         10.2033         19.9261         81.5182  59
   25         16097.4         1038.08         14046.8         9.91986         37.5587          78.945  61
   26         15053.6         1039.55         13688.9         9.71752         20.3466         57.5906  63
   27         14787.3         1059.61         13156.7         9.52024         21.0678         57.7378  65
   28         14351.1         1119.08         12164.2          9.0108         23.9461         65.4727  67
   29         13805.3         1231.48         11670.8         8.19496         29.2948         72.9417  69
   30           13297         1352.11         11908.4         7.19661         36.4155         81.9125  71
   31         12681.1         1447.52         12655.6         6.39493         36.1376         79.2377  73
   32         12293.6         1423.65         11591.6         6.19058         37.1773         80.8758  75
   33         11678.8         1345.49         9141.82         5.90331         39.7444         90.3383  77
   34           11119         1312.59          8376.1         5.12259         44.1302         106.297  79
   35         10975.6         1256.02         7854.05         5.30599         43.3989         98.7394  83
   36         10844.3         1213.04         7464.15         5.57038          39.422         88.9812  85
   37         10799.1         1207.43         7399.51         5.51653         39.7139         90.0503  87
   38         10610.6          1182.8         7027.68         5.28219         41.7275         95.2744  89
   39         10423.5         1143.91         6906.79         5.04101         44.1052         98.7545  91
   40         10363.9         1146.87         6845.24         4.87295         45.1978         103.554  95
   41         10265.8         1144.45         6834.12         4.75126         45.8437         104.321  97
   42         10207.1         1154.24         6754.01         4.66456         46.7415         105.135  99
   43         10167.8         1162.37         6759.13         4.58087         47.6274         106.009  101
   44         10127.7         1167.86         6752.93         4.53636         47.9582         105.684  103
   45         10088.8         1165.11         6687.55         4.55657         47.5507          103.93  105
   46         10051.9          1150.2         6571.67         4.58145          47.278         103.018  107
   47         10007.4         1128.83         6495.79         4.59534          46.828         102.377  109
   48         9949.67         1096.68         6440.32         4.56268          47.113         102.999  111
   49          9899.9         1042.77         6438.17         4.46154         48.5098         106.888  113
   50         9837.58         1040.32         6316.17          4.3927         48.5872         108.479  115
   51          9819.5         1041.62         6259.56         4.34969         49.0715         109.743  117
   52         9808.73         1039.16         6230.28         4.31287         49.5043         111.028  119
   53         9791.21         1036.11         6190.87         4.28254          49.812         111.907  121
   54         9737.81         1019.41         6015.16         4.18193         51.4727         115.199  123
   55         9705.27         1006.63         5901.05         4.10071           52.65         118.236  125
   56         9677.57         1002.05         5865.87         4.08779         52.3506         118.377  127
   57         9668.47         1000.43         5868.64          4.1004         52.1042         117.591  129
   58         9659.75         999.092         5874.92         4.09819         52.1125         117.262  131
   59         9641.84          997.55         5900.03         4.08844         52.0756         116.716  133
   60         9632.35         990.993         5933.52         3.99305         53.6798           119.4  135
   61          9587.1         991.493         5959.49         3.96024         53.4795         118.694  137
   62          9576.5         992.369          5933.6         3.93804         53.7178         119.251  139
   63         9569.58          993.57            5926         3.90449         54.1469         120.169  141
   64         9567.16          994.83         5971.46         3.85189          55.139         121.169  143
   65         9551.11         995.367         5961.81          3.8567          54.632         120.702  145
   66         9530.87         997.153         5981.84         3.83845          54.587         120.358  147
   67         9511.41          1000.3         6053.43         3.79365         54.9731         120.365  149
   68         9497.88         1003.58         6132.79         3.75085         55.2568         120.588  151
   69         9491.44         1005.46         6175.93         3.73148         55.3607         120.605  155
   70         9482.51         1007.54         6211.76         3.71252         55.3553         120.649  157
   71         9473.76         1008.99         6211.08         3.70579         55.3305         120.508  159
   72          9459.8         1012.25         6213.81         3.69329          55.325          120.25  161
   73         9441.44         1018.21         6236.22         3.67551         55.1304         119.893  163
   74         9431.57         1020.18         6214.48         3.67654         54.9319         119.666  167
   75         9421.11         1021.49         6196.22         3.68064         54.5293         119.458  169
   76         9414.26         1020.84         6149.49          3.6933         54.2774         119.234  171
   77         9409.55         1020.36          6110.1         3.70463         54.0644         119.062  173
   78         9402.93         1018.87         6045.93          3.7233         53.7999         118.779  175
   79         9394.09         1018.38         6027.06         3.72725         53.5442         118.608  177
   80         9385.48         1018.89         6026.37         3.72198         53.4898         118.477  179
   81         9376.02         1019.99         6048.62         3.71025         53.4451         118.358  181
   82         9372.32         1020.55         6052.02         3.70698         53.4132         118.306  185
   83         9366.11         1021.66         6077.39         3.69726         53.2823         118.304  187
   84         9359.37         1022.97          6091.4         3.68801         53.1979         118.307  189
   85         9350.42         1025.01         6103.61         3.67641         53.0843         118.329  191
   86         9343.29         1028.33          6128.2         3.66308         52.8561         118.456  193
   87         9327.75         1028.77         6099.05         3.66056         52.5182         118.412  195
   88         9314.25         1028.79         6037.85           3.667         52.1798         118.365  197
   89         9302.62         1028.71         5983.87         3.67539         51.7493         118.338  199
   90         9299.36         1029.51         5922.85         3.68506         51.5181         118.493  201
   91         9276.71         1029.84         5910.93          3.6775          51.072         118.287  203
   92         9256.62         1030.85         5870.94         3.67211         50.8796         118.094  205
   93         9233.12         1032.82         5821.44         3.66699           50.49         117.961  207
   94         9218.88         1035.77         5813.51         3.66294         50.0491         117.825  209
   95         9204.08         1037.27         5811.52          3.6527          49.669         117.921  211
   96          9188.7          1036.6         5795.96         3.64807         49.4248         117.817  213
   97         9185.14         1036.62         5788.23         3.64752         49.3639         117.804  221
   98          9168.6         1036.36         5719.49         3.65106         49.1499         117.714  223
   99         9155.18         1036.81         5647.52         3.65774         48.8131         117.743  225
  100         9151.75         1037.11         5625.06          3.6615         48.6034         117.803  229
  101         9135.09         1037.26         5617.32          3.6471         48.5317         117.832  239
  102         9133.65         1036.75         5591.02         3.65062         48.4612         117.943  241
  103         9114.62         1037.54         5581.13          3.6446         47.8154         117.998  243
  104         9112.35         1037.72         5566.23         3.64544          47.677          118.12  245
  105         9109.89         1037.48         5545.75         3.64711         47.4875          118.32  247
  106          9102.1         1037.24         5540.48         3.64096         47.4306         118.359  257
