    0     1.53241e+06         2698.27          654711         220.289               0               0  1
    1     1.03431e+06         2644.77          501715         23.1514        0.743786         253.416  7
    2          385674            2529          127908         27.9961        0.464235         4966.18  9
    3          279311         2356.29         73544.9         27.1152         0.97871         5136.48  11
    4          183702          2357.1         72782.1          26.225          1.4777         476.315  13
    5          161891         2330.57         63262.7         25.9574         1.24069         352.637  15
    6          104535         2171.85         28375.1         25.3818        0.952884         1010.61  17
    7         83213.4         2078.46         20414.4         24.6554        0.883765         781.653  19
    8         73322.7         1915.03         15597.5         23.8295         1.76387          817.39  21
    9         67451.4         1919.79           14743         23.6038         1.29383         620.796  23
   10         65130.5         1887.23         13998.1         23.3865         1.31133         591.718  25
   11           56250         1653.05         10829.4         22.0721         1.64137         541.666  27
   12         52492.7         1475.37         10017.6         21.0505         2.48947         494.097  29
   13         48746.8         1330.54         9347.08         20.1564         2.67972         425.608  31
   14         45110.3         1249.53         7913.69          19.607          3.0392         418.282  33
   15         42792.1         1029.14          7406.2         18.0226         4.56094          441.84  35
   16         37974.4         1041.08         5924.69         18.0096         4.28354          349.43  37
   17           36195         1018.57         5422.41         17.7648         4.42853         323.914  39
   18         32835.2         923.071         4830.93         16.6504         5.42441         274.569  41
   19         31407.3          883.16         4466.71         15.9001         6.38741         278.141  45
   20         29833.8         862.609         4444.45         15.1868         7.09486         237.679  47
   21         28300.6         860.772          4144.4         14.6231          7.7397         218.657  49
   22         26516.2         883.764         3881.36         13.5668         9.23778         205.906  51
   23         25361.9         892.577         3666.74         13.1908         9.65398         187.598  53
   24         24278.3         892.087         3353.69         13.1289         9.53624         167.961  55
   25         23186.2         924.863         3103.49         12.5058         10.7551         166.673  57
   26         22521.5         950.261         3056.27         12.0689         11.6016         157.889  59
   27         21804.7         992.785         2930.43         11.5173         12.9744         158.712  61
   28         21203.2         1058.95         2833.25         10.8213         15.0729          167.75  63
   29         20682.6         1067.26         2742.72         10.6466         15.5439         158.618  65
   30           20256         1072.49         2625.72         10.5272         15.8697         154.377  67
   31         19740.1         1139.39         2589.71         9.76838         18.6269         164.021  69
   32         19316.6          1164.8         2535.26         9.50304         19.6797         159.234  71
   33         19117.2         1167.03          2464.5         9.47984         19.7554         157.313  73
   34         18777.2          1200.1         2401.17         9.15036         21.1676         160.052  75
   35         18509.9         1246.55         2390.42         8.67987          23.392         166.742  77
   36         18247.7         1302.31         2390.75         8.11463         26.3838          176.08  79
   37         18004.6          1315.6         2356.26         7.91487         27.4682         175.613  81
   38         17765.3         1321.22         2331.21         7.70167         28.6147         175.387  83
   39         17569.4         1328.17          2319.5         7.44384         30.0979         177.819  85
   40         17325.2         1328.39         2321.89         7.16847         31.7302         177.498  87
   41         17110.4         1322.88          2322.6         6.93689         33.1526         177.119  89
   42         16934.4         1312.83         2323.54         6.72771         34.4869         177.854  91
   43         16807.3         1303.19         2316.97         6.62112         35.1661         177.286  93
   44         16667.1         1291.34         2293.04         6.54346         35.6369         176.674  95
   45         16508.5         1267.53         2264.14         6.31147          37.386         182.676  97
   46           16383         1250.23         2258.67         6.16184         38.6137         184.064  99
   47           16311         1249.49         2236.56         6.14615         38.7391         183.375  101
   48         16208.8         1241.12         2210.47         6.05952         39.4985         184.863  103
   49         16118.3         1220.56         2209.07         5.88797         41.0888         188.495  105
   50         16016.9         1205.68         2195.59         5.76788         42.2811         190.328  107
   51         15942.3          1191.5         2182.25         5.66671         43.3349         192.646  109
   52         15871.1          1174.8         2174.14         5.55537         44.5584         195.074  111
   53         15802.5         1154.18          2167.5          5.4194         46.1711         198.524  113
   54         15737.9         1148.61         2158.03         5.38941         46.4602          197.73  115
   55           15662         1140.17         2154.68         5.35004         46.8277         196.292  117
   56         15590.9         1128.55          2154.7         5.29019         47.4908         195.648  119
   57         15535.8         1103.82         2178.55         5.16239         49.1616         196.463  121
   58         15460.2          1100.9          2165.8         5.14159         49.3987         194.906  123
   59         15438.3         1100.25         2158.62         5.13639         49.4483          194.77  125
   60         15406.5         1095.54         2157.43         5.10983         49.7789         194.535  127
   61         15370.7         1083.27         2168.42         5.04323         50.6656           194.7  129
   62           15320         1075.68         2170.43          5.0012         51.2502         193.863  131
   63         15281.9         1067.13         2172.39         4.95469         51.9443         193.822  133
   64         15252.1         1059.33         2175.98         4.91131         52.6106         193.865  135
   65         15244.8         1046.56         2187.36          4.8399         53.8205         195.362  137
   66         15200.8         1045.87         2183.34         4.83369         53.8228         193.903  139
   67           15190         1046.14         2181.23         4.83492         53.7435         193.583  141
   68         15171.5         1044.65         2180.98         4.82613          53.773         193.165  143
   69         15142.9         1041.78         2180.09         4.80992         53.8629         192.688  145
   70         15133.1         1032.22         2189.38         4.75738         54.4843         193.751  147
   71         15091.7         1032.28         2180.32         4.75557         54.4273         192.731  149
   72         15080.2         1031.31         2177.28         4.74947         54.5006         192.743  151
   73         15065.7         1028.35         2176.86         4.73142         54.7243         192.887  153
   74         15050.3          1023.1         2182.12         4.69898         55.1093         193.091  155
   75         15033.1         1019.35          2184.6         4.67494         55.3786         193.102  157
   76         15022.2         1017.73         2184.29         4.66391          55.468         193.133  159
   77         15006.3         1014.48         2185.28         4.64288         55.6619         193.259  161
   78         14992.4         1009.75         2186.97         4.61283         55.9952         193.798  163
   79         14973.5         1007.29          2186.1         4.59566         56.1331         193.784  165
   80         14957.7         1004.98         2184.79          4.5798         56.2683         193.899  167
   81           14942         1002.22         2183.59         4.56028          56.438          194.18  169
   82         14928.6         997.383         2187.09         4.52545         56.8057         194.775  171
   83         14907.9          996.22         2185.11         4.51412         56.8361         194.531  173
   84         14891.6         994.348         2184.14          4.4989         56.9147         194.587  175
   85         14877.4         992.182         2184.51         4.48177         57.0395         194.683  177
   86         14869.3         986.838         2186.15         4.44399         57.4176         195.892  179
   87         14840.1         985.493         2183.06         4.43019         57.4746         195.442  181
   88         14828.8         984.566         2180.38         4.42346         57.5047         195.496  183
   89         14814.2         982.296         2177.84         4.40787         57.6197         195.796  185
   90         14792.6          978.91         2175.31         4.38422         57.7854         196.158  187
   91         14781.9         972.004         2176.42         4.33926         58.3105          197.58  189
   92         14751.4         971.951         2172.54         4.33165         58.1662         196.967  191
   93         14739.3         971.156         2170.93         4.32691          58.116         196.852  193
   94         14721.5         968.816         2170.11         4.31372         58.1187         196.819  195
   95         14711.9         963.286         2168.24         4.28696         58.3289          197.93  197
   96         14681.4         961.603         2165.33         4.27393         58.3248         197.438  199
   97           14667         959.474         2162.15          4.2636         58.3766         197.602  201
   98         14653.9         956.775         2159.33         4.25115         58.4746         197.889  203
   99           14634           952.1         2155.33         4.23181         58.6284         198.342  205
  100         14620.2         949.189         2153.77         4.21805         58.7101         198.561  209
  101         14604.1         945.579         2152.64         4.20204         58.7893         198.771  211
  102         14585.4         943.102         2149.26          4.1936         58.7165          198.79  213
  103         14558.9         938.388         2144.94         4.18395         58.4948         198.837  215
  104         14536.5         934.267         2140.47          4.1761         58.2507         199.007  217
  105         14511.6          931.49         2134.55         4.17469         57.9224         198.896  219
  106         14494.1         930.029         2128.84         4.17687         57.6123         198.866  221
  107         14475.8         927.415         2121.64         4.18023         57.2421         199.004  223
  108         14455.3         924.513         2113.96         4.18109         56.8626         199.227  225
  109         14432.9         919.971         2104.16          4.1808         56.5129         199.676  227
  110         14419.3         915.217         2094.59         4.17743         56.1747           200.7  229
  111           14398         914.688         2090.41         4.17145          56.112         200.439  231
  112         14386.1         913.199         2086.25         4.17036         55.9436         200.559  233
  113         14373.5         911.164         2081.67         4.16983         55.7171         200.741  235
  114         14364.6         905.241         2072.16         4.17428         55.3001         201.738  237
  115         14340.2         902.747         2065.98         4.16899          54.998         201.825  239
  116         14327.6         901.489         2061.56         4.16816         54.8433           201.9  241
  117         14315.5          898.64         2055.27         4.17014         54.5509         202.258  243
  118         14304.2         895.163          2049.4         4.17099         54.3287         202.633  245
  119         14286.2         893.803         2045.29         4.16862         53.9714         202.688  247
  120         14272.1         891.503         2040.45         4.16868         53.5842         202.965  249
  121         14260.6         889.953         2037.47         4.16707         53.3095         203.125  251
  122         14256.6         885.553         2032.67         4.17089         52.7055         204.035  253
  123         14234.5         885.577         2030.31         4.16406         52.5362         203.673  255
  124         14227.3         885.617         2029.31         4.16421         52.3859         203.558  257
  125         14216.3         884.781         2027.37         4.16506         52.0303         203.554  259
  126         14185.1         883.502         2015.32         4.16693         51.4692         203.733  261
