    0     3.49654e+06         2698.27          654711         220.289               0               0  1
    1     2.53959e+06         2676.79          501735         23.1764        0.118837         253.068  7
    2          669264         2575.42          112530         27.0508         1.59258          3847.7  9
    3          385223         2524.98         46507.5          26.291        0.275868          6193.2  11
    4          233293         2476.29         36367.6         25.6657        0.956852          1164.7  13
    5          155244         2411.15         22308.2         25.5405         1.16905         786.409  15
    6          123884         2346.95         15740.2         25.1123         1.10066         885.074  17
    7          103721         2238.47         11636.9         24.4154         0.94116         943.201  19
    8         90393.3         2157.33         9548.68         23.8756        0.949561         829.899  21
    9         84068.6         2090.55         8448.25         23.5231         1.05924         809.624  23
   10         74124.1            1914         6776.57         22.7766         1.30814         776.227  25
   11         69527.6         1667.23         5294.94          21.855         2.00177         974.528  27
   12         61451.8         1638.47         4770.99         21.6645         1.88131         712.813  29
   13           58416         1577.51          4340.7         21.3666         2.00023         686.419  31
   14         55778.7         1490.46         4011.19         20.9226         2.23522          663.25  33
   15         51679.4         1312.05         3692.42         19.9152         2.90382           596.6  35
   16         48854.3         1093.66         3499.65         18.4725         4.41789         585.074  37
   17         44833.7         1068.52         3183.41         18.1658         4.24369         479.871  39
   18         42755.1         1022.26         2987.28          17.684         4.59526         451.023  41
   19         40310.5         957.684         2809.89         16.9047         5.23145         414.703  43
   20         38843.3         885.378         2774.71         15.6381         6.61725         415.694  45
   21         36370.2         884.625         2579.37         15.5155         6.43312         347.229  47
   22         35297.8          882.67         2474.44         15.3845         6.42898          326.49  49
   23         33558.4         867.882         2380.92         14.6957         7.08935          297.42  51
   24         32822.5         865.235         2445.65         13.8446         8.03831         286.184  53
   25         31345.3         866.008          2264.1         13.7484         8.17241         262.351  55
   26         30760.9         867.199            2189         13.6208          8.3392         258.058  57
   27           29870             875         2109.98         13.1827         8.99663          254.12  59
   28         29127.3         894.617         2084.78         12.5606         10.0767         252.334  61
   29         28371.8          916.82         2043.47         12.1112         11.0149          245.31  63
   30         27871.1          917.65         1967.41         12.0704          11.081         241.218  65
   31         27313.6          934.43         1908.28         11.7707          11.786         241.569  67
   32         26597.8         978.877          1847.3           11.16         13.4875         247.631  69
   33         26013.5         1028.66         1784.54         10.6291         15.2907          256.36  71
   34         25556.3         1029.17         1727.27         10.5919         15.3824         249.561  73
   35         25128.4         1051.82         1684.28         10.3529         16.2922         248.822  75
   36         24842.9         1071.91         1662.93         10.1393         17.1498         248.704  77
   37         24555.3          1106.2         1636.93         9.83494         18.5087          252.97  79
   38           24287         1132.52         1606.79         9.60135         19.6105         256.351  81
   39         24017.7         1156.82         1581.31         9.36806         20.7409         258.571  83
   40         23799.5         1181.76         1567.63          9.1161         22.0168         261.159  85
   41         23589.9         1193.35         1557.29         8.95792         22.8024         259.808  87
   42         23423.5         1195.81         1552.42         8.86133         23.2333         256.977  89
   43         23253.3         1202.09          1554.1         8.70118         24.0206         254.953  91
   44         23099.4         1210.52         1555.58         8.52662         24.9516         254.269  93
   45         22965.9         1216.89         1548.37         8.40774         25.6212          254.35  95
   46         22797.7         1228.47         1539.33         8.19406         26.8949         257.031  97
   47         22722.8         1242.84         1547.98         7.90613         28.7436         262.954  99
   48         22588.5         1241.54          1528.9         7.90013         28.7498         261.367  101
   49         22527.4         1240.89         1524.52         7.86696         28.9341         260.914  103
   50         22444.7         1241.78            1522         7.76175         29.5888         261.968  105
   51         22317.8         1241.11         1525.09         7.54889         30.9619         264.154  107
   52         22178.6         1241.23         1524.38         7.31281         32.6406         267.493  109
   53         22066.6         1238.93         1520.69         7.20212         33.4429         267.661  111
   54         21935.7         1232.45         1521.26         7.01633          34.849         269.179  113
   55         21867.4         1226.47         1524.17         6.88183         35.9188         270.991  115
   56         21789.4         1223.78          1517.5         6.86896         35.9788         269.478  117
   57         21658.3         1214.54         1514.81          6.7515           36.89         269.022  119
   58         21580.2         1206.88         1517.58         6.64982         37.7215         269.056  121
   59         21470.8         1182.92         1540.08         6.35321         40.4353         271.278  123
   60         21355.1         1176.36         1532.15         6.29053         40.9943         270.377  125
   61         21297.1         1173.83         1526.39         6.28782         40.9663         269.206  127
   62         21204.4         1162.48         1524.52         6.22314         41.5144         268.294  129
   63         21163.8         1142.58         1543.63         6.08015         42.9662          268.18  131
   64         21077.9         1141.08         1530.69         6.06808         43.0739         267.689  133
   65         21023.8         1134.12         1528.79         6.01177         43.6968         268.001  135
   66           20979          1124.2         1531.05         5.93734         44.5498         268.559  137
   67         20910.6         1106.96         1535.17         5.81612         46.0198         269.562  139
   68         20844.5         1088.32         1539.04          5.6912         47.6696         270.821  141
   69         20797.5         1087.24         1534.62         5.68984         47.6062         269.759  143
   70         20736.7         1081.22          1533.1         5.66739         47.7909         268.339  145
   71         20689.1         1072.53         1534.55         5.62335         48.3002         267.722  147
   72           20628         1052.77         1543.51         5.51978         49.6636         267.234  149
   73         20581.1         1045.46         1542.98         5.47735         50.2168         266.954  151
   74           20549         1042.89         1540.52         5.46096         50.4267           266.7  153
   75         20506.1         1036.06         1540.26         5.42399          50.902         266.335  155
   76         20487.3         1023.29         1547.01         5.35761         51.8294         266.738  157
   77         20449.4          1021.5         1542.96         5.34889         51.9235         266.288  159
   78         20430.3          1018.1         1542.25         5.33322         52.1341         266.252  161
   79         20409.4         1012.22         1542.56         5.30493         52.5314         266.439  163
   80         20376.1         1001.97         1543.59         5.25655         53.2134         266.766  165
   81         20363.9         986.874          1548.4         5.18366         54.3554         268.211  167
   82           20333         990.559         1543.36         5.19983         54.0161         267.274  169
   83           20320         990.776         1542.22         5.20087         53.9456         266.917  171
   84         20300.4         988.134         1541.84         5.18793         54.0515         266.706  173
   85         20272.9         980.807         1542.87         5.15245         54.4412         266.823  175
   86         20243.9         973.007         1542.92         5.11476         54.8741         267.204  177
   87         20224.2         970.111          1541.2         5.09987         55.0563         267.356  179
   88         20202.6         964.741         1540.36         5.07358         55.3862         267.736  181
   89         20190.7         960.603         1540.92         5.05323         55.6126         268.003  183
   90         20177.1         957.098         1541.17         5.03615         55.8012         268.099  185
   91         20163.8          953.65         1542.19         5.01978         55.9557         268.017  187
   92         20150.1         949.237         1543.46         4.99961         56.1521         268.043  189
   93         20133.8         944.781          1544.6         4.97974         56.3509         267.963  191
   94         20118.1         940.078         1545.95         4.95976         56.5406         267.887  193
   95           20104         937.391         1545.71         4.94833         56.6436         267.841  195
   96         20093.9         936.565         1545.15         4.94514         56.6454         267.677  197
   97         20079.6         933.053         1547.21         4.93171         56.7095         267.228  199
   98         20064.1         929.783         1548.13         4.91834         56.8205         266.947  201
   99         20053.1         928.221         1548.17          4.9115          56.877         266.751  203
  100         20033.1         922.188         1550.49         4.88843         57.1063         266.395  205
  101         20029.7         915.707         1554.94         4.86437         57.3855          266.36  207
  102           20012          917.23          1551.4         4.86873         57.2939         266.159  209
  103         20004.8         916.432         1550.67          4.8663          57.307         266.128  211
  104         19995.1         913.984         1550.27         4.85844          57.378         266.189  213
  105         19983.3         910.795          1549.5         4.84827         57.4592         266.379  215
  106         19966.7         906.175         1548.16         4.83406         57.5923          266.69  217
  107         19948.4         904.539         1545.65         4.82751         57.5974         266.811  219
  108         19923.3         901.369         1541.43         4.81798         57.5761         267.265  221
  109         19911.2         899.306         1537.99         4.81065         57.5427         268.022  223
  110         19896.3         899.095         1535.64         4.80936         57.5067         267.979  225
  111         19876.3         897.261         1531.29         4.80376         57.4714         268.469  227
  112         19862.9         895.798         1528.03         4.79868         57.4417         268.972  229
  113         19848.4         893.186         1522.93         4.79042         57.4088         270.096  233
  114         19825.6         889.837         1514.88         4.77895         57.4048         271.714  235
  115         19811.4          888.84         1511.95         4.77307         57.3707         272.116  237
  116         19794.2         886.919         1507.69         4.76415         57.2967         272.936  239
  117         19780.6          885.66         1505.78         4.75659         57.2153         273.257  241
  118         19762.8         884.797         1505.03         4.74968         57.0927         273.066  243
  119         19741.8         882.608         1505.45          4.7365         56.8805         272.891  245
  120         19723.2         881.612         1505.37         4.72845         56.7556          272.56  247
  121         19709.5         880.802         1505.16         4.72357         56.6811         272.286  249
  122         19689.6         878.956         1505.83         4.71482         56.5317         271.802  251
  123         19675.6         877.298         1507.02         4.70504         56.3979         271.509  255
  124         19659.4         876.073         1506.98         4.69768         56.3059          271.23  257
  125         19641.3         873.774         1508.09         4.68848         56.1291         270.803  259
  126         19626.6         872.549         1507.79         4.68154         56.0272         270.651  261
  127         19616.6         872.515         1506.71         4.68132         55.9875         270.473  263
  128         19592.6         871.415         1505.31         4.68113          55.752         269.925  265
  129           19578         870.352         1505.14         4.67889         55.5964         269.555  267
  130         19556.6         867.548         1506.12         4.67806         55.2408         268.777  269
  131         19540.1         866.247         1505.37         4.67177         55.0997         268.663  271
  132         19526.8         866.007         1503.54         4.67002         55.0572         268.594  273
  133         19512.2         865.053         1501.15         4.66941         54.8988           268.7  275
  134         19501.3         864.151         1499.34          4.6683         54.7461         268.859  277
  135         19491.7         861.841          1495.2         4.66925         54.3926         269.837  279
  136         19469.8         861.155         1491.93         4.66503         54.2594         269.936  281
  137         19460.2         860.956         1490.42          4.6644         54.1808         269.958  283
  138         19446.4         860.126         1487.21          4.6642         53.9685         270.333  285
  139         19437.1         859.253         1484.95         4.66339         53.7726         270.712  289
  140         19424.4         858.116         1481.21          4.6626         53.5407         271.339  291
  141         19410.9         856.848         1477.22         4.66135           53.27         272.063  293
  142         19400.7         855.731         1473.98         4.65914         53.0274          272.77  295
  143         19391.5         855.358         1472.65         4.65697         52.9093         272.888  297
  144         19378.2         854.682         1470.76         4.65522         52.6518          273.07  299
  145           19365         853.876         1468.58         4.65296         52.3425         273.422  301
  146         19354.8         852.157         1465.31         4.65056          51.826          274.45  303
  147           19342         851.964         1463.52         4.64597         51.7558         274.567  305
  148         19337.3         851.779         1462.73         4.64515         51.6965         274.639  307
  149         19330.2         851.241         1461.48         4.64331         51.5109         274.901  309
  150         19329.7         850.044         1460.83         4.64007         51.0462         275.724  311
  151         19312.1         849.884         1458.78         4.63654         50.9838         275.603  313
  152         19304.8         849.517         1457.76         4.63488         50.8235         275.757  315
  153         19297.4         848.944         1456.61         4.63236         50.5652         276.088  317
  154         19286.3         848.063         1455.02         4.62896          50.166         276.544  319
  155         19278.2         847.482         1453.69         4.62475         49.9041         276.969  323
  156         19270.4         846.834         1452.37         4.61923         49.5927         277.532  325
  157         19260.5         846.715         1452.05         4.61545         49.4446         277.462  327
  158           19247         846.507         1451.89         4.61234         49.1246         277.312  329
  159         19235.7         846.384          1452.5         4.60767         48.8213         277.138  331
  160           19223         846.482         1453.42         4.60327         48.5414         276.768  333
  161         19214.9          846.64         1454.27         4.59974         48.2983         276.563  335
  162         19208.4         846.716         1454.28         4.59779         48.2117         276.411  337
  163         19199.9         846.906         1454.77         4.59438         47.9974         276.238  339
  164         19195.7         847.195            1456         4.58976         47.7333         276.205  341
  165         19187.8         847.284         1455.62         4.58767          47.652         276.086  343
  166         19182.1         847.457         1455.71         4.58489         47.5136         276.048  345
  167         19176.8         847.767         1456.02         4.58096         47.3272         276.072  347
  168           19170         848.621         1457.34         4.57228         46.9475         276.172  349
  169         19165.8         849.774         1458.02         4.56114         46.6177         276.618  351
  170         19156.2         849.596         1456.62         4.56093         46.6571         276.469  353
  171         19152.8         849.742          1456.2         4.56016         46.6197         276.473  355
  172         19147.2         850.226         1455.49         4.55748         46.5017           276.6  357
  173           19142         851.585         1454.81         4.55085         46.1985         277.077  359
  174         19131.8         852.339         1453.33          4.5464         46.0533         277.269  361
  175           19126         853.064         1452.37         4.54275         45.9271          277.49  363
  176         19121.1         854.056         1451.45         4.53838         45.7747         277.794  365
  177         19117.2         854.995         1450.95         4.53443         45.6427         278.008  369
  178         19111.9         856.421         1449.83         4.52917         45.4655         278.392  371
  179         19105.9         857.719         1448.89         4.52489         45.3135          278.63  373
  180         19100.6         859.577         1448.05         4.52036         45.1148         278.907  375
  181           19095         860.183         1447.51         4.51922         45.0423         278.863  377
  182         19089.3         860.896         1447.24         4.51933         44.9585         278.685  379
  183         19085.1         862.165         1446.99         4.51825         44.8355         278.649  381
  184         19080.2         863.372         1446.63         4.51715         44.7308         278.597  383
  185         19075.8         864.778         1446.13         4.51526         44.6201         278.635  385
  186         19071.7         866.988         1446.02         4.51208         44.4658         278.661  387
  187         19066.7         868.802         1445.59         4.50894         44.3534         278.697  389
  188         19062.5         869.674         1445.55         4.50685         44.3021          278.61  391
  189           19058         872.162         1446.33         4.50191         44.1727          278.44  393
  190         19050.4         873.826         1446.34         4.49822         44.0959         278.238  395
