    0                       0.796143          35.015  1
    1                       0.658247         30.7705  7
    2                       0.544703         17.4587  9
    3                       0.466878         15.1855  13
    4                       0.414133         13.2309  15
    5                       0.380636         11.0736  17
    6                        0.36848         8.89944  19
    7                       0.358019         8.01966  21
    8                       0.354263         6.79087  23
    9                       0.349895         6.19169  25
   10                       0.348025          5.9836  29
   11                       0.345428         5.69701  31
   12                       0.339898         5.24413  33
   13                       0.334924         5.08434  35
   14                       0.331703         5.00765  37
   15                       0.329019         4.88847  39
   16                       0.323712          4.6605  41
   17                       0.320066         4.61722  43
   18                       0.318788         4.42287  45
   19                       0.315041         4.01891  47
   20                       0.313262         3.81962  51
   21                       0.310281         3.70452  53
   22                       0.307244         3.48042  55
   23                       0.304879         3.35541  57
   24                         0.3021         3.21071  59
   25                       0.299844         3.12669  61
   26                       0.298171         2.96921  63
   27                       0.296338         2.83965  65
   28                       0.295377         2.74263  67
   29                       0.294536         2.68974  69
   30                        0.29407         2.61134  71
   31                       0.293064         2.55187  73
   32                       0.291997         2.47863  75
   33                       0.291057         2.47763  77
   34                       0.291166         2.40982  79
   35                       0.291133         2.38615  81
   36                       0.290853         2.39147  83
   37                       0.290869         2.37986  85
   38                       0.291156         2.37426  87
   39                        0.29125         2.35321  89
   40                       0.291374         2.32659  91
   41                       0.291812          2.3161  93
   42                       0.292705         2.32982  95
   43                       0.292686         2.30636  97
   44                        0.29292         2.29048  99
   45                       0.293409         2.28738  101
   46                        0.29443         2.29062  103
   47                        0.29468         2.28994  105
   48                       0.294796         2.28457  107
   49                       0.295037         2.28768  109
   50                       0.295629         2.30574  111
   51                       0.295934           2.296  113
   52                       0.296151         2.28058  115
   53                       0.296342         2.27832  117
   54                       0.296585         2.28936  119
   55                       0.296581         2.28378  121
   56                       0.296444         2.28068  123
   57                       0.296248         2.28438  125
   58                         0.2961         2.28984  127
   59                       0.295867         2.28669  129
   60                       0.295754         2.28087  131
   61                       0.295636         2.27973  133
   62                       0.295463         2.28294  135
   63                       0.295231         2.28617  137
   64                       0.294928         2.28755  139
   65                       0.294599         2.28582  141
   66                       0.294352         2.28126  143
   67                       0.293931         2.27662  145
   68                       0.293391          2.2763  147
   69                       0.293144         2.27461  149
   70                       0.292721         2.27253  151
   71                       0.292316         2.27247  153
   72                       0.291855          2.2707  155
   73                       0.291378         2.26542  157
   74                       0.291284         2.26188  159
   75                       0.291266         2.25958  161
   76                       0.291199         2.25717  163
   77                       0.290892         2.25505  165
   78                       0.290729         2.25079  167
   79                       0.290446         2.24622  169
   80                        0.29013         2.24544  171
   81                        0.28982         2.24625  173
   82                        0.28957         2.24579  175
   83                       0.289257         2.24642  177
   84                       0.288898         2.24676  179
   85                       0.288885         2.24028  181
   86                       0.288735         2.23474  183
   87                       0.288572         2.23483  185
   88                       0.288485         2.23439  187
   89                        0.28817         2.23741  189
   90                       0.287965         2.23932  191
   91                       0.287778         2.23865  193
   92                       0.287326         2.23607  195
   93                       0.287235         2.23237  197
   94                       0.287301         2.23063  199
   95                       0.287301         2.22898  201
   96                       0.287243         2.22949  203
   97                       0.287058         2.23009  205
   98                       0.286923         2.22982  209
   99                       0.286603         2.22775  211
  100                        0.28653         2.22776  213
  101                       0.286549         2.22786  215
  102                       0.286583         2.22998  217
  103                       0.286496         2.23008  219
  104                       0.286283         2.22833  221
  105                       0.286132         2.22655  225
  106                          0.286         2.22476  229
  107                       0.285874         2.22316  233
  108                       0.285767         2.22191  237
  109                       0.285659         2.22095  241
  110                       0.285529         2.22029  245
  111                       0.285369         2.21997  249
  112                       0.285203         2.21999  253
  113                       0.285061         2.22019  257
  114                        0.28492         2.22028  261
  115                       0.284763         2.22012  265
  116                       0.284506          2.2199  267
  117                       0.284475         2.21973  269
  118                       0.284537         2.21963  271
  119                       0.284697         2.22059  273
  120                       0.284806         2.21994  275
  121                       0.284784          2.2185  277
  122                       0.284706         2.21752  279
  123                       0.284603         2.21739  281
  124                       0.284467         2.21844  283
  125                       0.284405         2.21845  285
  126                       0.284322         2.21768  287
  127                        0.28427         2.21723  289
  128                       0.284264         2.21703  291
  129                       0.284219         2.21672  293
  130                       0.284171         2.21644  295
  131                       0.284109         2.21618  297
  132                        0.28409         2.21585  301
  133                       0.284071          2.2153  305
  134                       0.284038         2.21465  309
  135                       0.283988         2.21417  313
  136                       0.283927         2.21393  317
  137                       0.283843          2.2139  321
  138                       0.283752         2.21411  325
  139                       0.283632         2.21444  329
  140                       0.283273         2.21613  331
  141                       0.283009         2.21708  333
  142                       0.282984         2.21553  335
  143                       0.282925         2.21484  337
  144                       0.282776         2.21352  339
  145                       0.282757         2.21245  341
  146                       0.282577         2.21038  343
  147                       0.282435         2.21021  345
  148                       0.282318         2.21044  347
  149                       0.282169         2.21068  349
  150                       0.281945         2.21151  351
  151                       0.281799         2.21406  353
  152                       0.281806         2.21372  355
  153                       0.281818          2.2117  357
  154                       0.281876         2.20929  359
  155                        0.28185         2.20856  361
  156                       0.281835         2.20803  363
  157                       0.281765         2.20799  365
  158                       0.281673         2.20928  367
  159                       0.281648         2.20958  371
  160                       0.281605          2.2098  375
  161                       0.281554         2.20962  379
  162                        0.28151         2.20906  383
  163                       0.281466         2.20846  387
  164                       0.281444         2.20804  391
  165                       0.281415         2.20772  395
  166                       0.281393         2.20757  399
  167                       0.281372         2.20756  403
  168                       0.281343         2.20764  407
  169                       0.281311         2.20774  411
  170                       0.281264         2.20779  415
  171                       0.281237         2.20761  419
  172                       0.281209         2.20715  423
  173                        0.28119         2.20656  427
  174                        0.28113         2.20561  429
  175                       0.281137         2.20567  433
  176                       0.281114         2.20637  435
  177                       0.281134         2.20793  437
  178                       0.281155         2.20843  439
  179                       0.281173         2.20716  441
  180                       0.281156         2.20589  443
  181                       0.281138         2.20554  445
  182                       0.281122         2.20545  447
  183                       0.281069         2.20541  449
  184                       0.281025         2.20559  451
  185                       0.281003         2.20564  455
  186                       0.280978         2.20561  459
  187                       0.280949          2.2055  463
  188                       0.280916         2.20533  467
  189                       0.280901         2.20517  475
