    0          901982         2698.27          654711         220.289               0               0  1
    1          557499         1844.51          505603         23.0331         281.265         239.592  7
    2          207266         1263.06          162767         26.6979         23.7141         234.824  9
    3          173265          927.92          123139         25.6164         112.171         649.305  13
    4          135532           730.1         93480.2         26.1462         78.3748         351.874  15
    5          106418         616.769         65481.8         26.3959         33.3943         385.244  17
    6         98251.4         578.005         42292.9         26.0547         367.065         839.124  19
    7         76761.4         545.652         34344.2         25.2999         41.2494         541.784  21
    8         65317.6         534.263         24625.9         24.3645         38.1904          511.04  23
    9         59833.5          521.17           20472          23.494         26.5496         506.238  25
   10         57746.1         515.613         19119.1         23.0567         37.5681         483.139  29
   11         54780.1         507.947         17331.4         22.7199         21.8941         460.571  31
   12         50646.7         491.814         14685.5         22.0173         29.3325         421.958  33
   13         47956.6         477.524         13804.2         21.0948         26.2796          387.84  35
   14         45771.6         468.385         13390.9         20.5221         17.0432         341.696  37
   15           43717         460.835         12761.1         19.9119         16.9298         304.855  39
   16         41250.9          446.09         11598.6         18.5898         64.9655         265.112  41
   17         38178.8         436.097         11384.2         17.9362         19.2136         205.659  43
   18         36722.5         432.621           10446         17.6809         20.1783         193.292  45
   19         33936.7         422.511         8624.98         17.0489          31.438         170.447  47
   20         32625.3         417.752         7790.78         16.5806         36.6679         167.153  51
   21         30882.8         409.841         7328.32         16.1388          22.149         143.715  53
   22         29211.1         401.856         6468.52         15.5643          22.625         135.362  55
   23         28102.2         395.694         6012.19         15.0402         25.8466         128.797  57
   24         27081.6         388.512         5504.83         14.1948         40.7233         134.118  59
   25         25805.8         382.732         5220.47         13.7717         26.7513         122.564  61
   26         24815.4         378.473         4707.86          13.319          28.331         121.858  63
   27         23980.3         373.834         4305.96         12.8605         31.2025         122.573  65
   28         23749.4         371.413         4016.74         12.3179         52.1752         132.854  67
   29         22846.3         369.302         3863.32         12.2789         30.0228         120.533  69
   30         22418.8         368.132         3641.39         12.1387         29.2786         118.592  71
   31         21964.8         365.619         3477.44         11.7806          31.484         121.044  73
   32         21456.5          362.96         3280.68         11.2223         38.5765         127.621  75
   33         21018.7         360.629         3278.03         10.7188         34.8219         135.954  77
   34         20705.8         360.899         3101.07         10.7021         32.8472         131.836  79
   35         20479.7         360.817         3040.45         10.5365         33.2543         131.474  81
   36         20248.1         360.122         3054.02         10.2197         34.2038         134.457  83
   37         19984.9         360.163         3024.44         9.91055         35.5803         136.832  85
   38         19750.8         360.873         3010.22         9.40967          41.073         145.034  87
   39         19503.7         361.108         2957.08         9.25627         38.9987         144.963  89
   40         19352.5         361.415         2890.54          9.1891         39.0735         143.863  91
   41         19140.6         362.502         2864.55           8.949         40.0827         145.017  93
   42         19051.1         364.724         2898.57         8.54896         45.3981          152.42  95
   43         18879.9         364.675         2840.51         8.55037         42.3643         149.749  97
   44         18765.6         365.259         2801.53         8.41632         43.0643         151.695  99
   45         18663.5         366.481         2793.93         8.19117         44.8457         155.836  101
   46         18584.3         369.034         2801.88         7.78238         51.7397         163.746  103
   47           18438         369.662         2800.21          7.6729         48.5794         164.832  105
   48         18338.8         369.952         2787.08         7.59363         48.5911         164.339  107
   49         18238.8          370.56         2794.69         7.46639         49.3288         164.277  109
   50           18139         372.047         2838.97         7.19769         54.1553         164.939  111
   51           17971         372.816         2815.03         7.09643         51.6111         164.959  113
   52         17852.5         373.363         2777.36         6.99521         52.4489         164.864  115
   53         17779.1         373.843         2771.87         6.89486         53.6648         165.032  117
   54         17726.5         374.457         2798.79         6.75253         55.7406         165.789  119
   55         17662.7         374.446         2785.16         6.72054         55.0358         165.592  121
   56         17603.5         374.102          2777.6         6.67431         55.1936         165.334  123
   57         17560.5         373.607         2786.63          6.6173         55.6278         165.397  125
   58         17506.6         373.232         2799.95         6.53654         56.0806         165.811  127
   59         17458.6         372.646         2792.25         6.45862         57.6308         166.434  129
   60         17411.4         372.362         2778.06         6.42779         57.5449         166.554  131
   61         17379.6         372.065          2775.3         6.40813         57.3831         166.393  133
   62         17350.6         371.629         2783.11         6.39008         57.0441         166.014  135
   63         17316.2         371.045         2790.98         6.36241         56.9404         165.675  137
   64         17280.3         370.284         2794.35         6.32313          57.371         165.629  139
   65         17253.5          369.46         2790.14         6.28935         58.0901          165.88  141
   66         17223.4         368.841         2779.02          6.2721          58.096           166.1  143
   67         17192.9         367.786         2767.72         6.25263         58.3146         166.421  145
   68         17174.5         366.434         2766.95         6.22977         58.9266         166.745  147
   69         17145.9         365.819         2762.83         6.21895         58.5475         166.747  149
   70         17116.5         364.763         2757.79         6.20467         58.7066         166.613  151
   71         17098.1         363.755         2757.64         6.19101         58.9627         166.633  153
   72         17074.4         362.607         2753.35         6.17556         59.1313          166.84  155
   73         17058.3         361.425         2740.55          6.1594         59.9115         167.293  157
   74         17034.6         361.192            2732         6.15673         59.2898         167.409  159
   75         17017.6         361.145         2726.45         6.15689         58.6583         167.482  161
   76         16998.2         360.981         2720.63          6.1566          57.989         167.568  163
   77         16986.9         360.218         2715.53         6.15261         58.0004         167.826  165
   78         16961.9         359.816         2705.26         6.14735         57.6694         167.886  167
   79         16943.3         359.117          2694.3         6.14118         58.0108         167.821  169
   80         16935.1         358.335         2692.42         6.13419         58.4283         167.828  171
   81         16925.2         357.569         2694.36         6.12841         58.5149         167.823  173
   82         16912.7         356.952         2693.28         6.12444         58.4418         167.833  175
   83         16901.6         356.182         2694.78         6.12027          58.287          167.95  177
   84         16898.3         355.298          2695.6         6.11626         58.5321         168.141  179
   85         16869.4         355.265         2680.07         6.11681          57.886         168.109  181
   86         16846.3         354.896         2666.84         6.11653         57.6176         168.083  183
   87         16842.3         354.496         2667.05         6.11398         57.7548          168.06  185
   88         16829.8         354.282         2665.99         6.11178         57.4836         167.976  187
   89         16814.5         353.509          2673.2         6.10417         57.3438         167.758  189
   90           16808         353.007         2677.77         6.09892         57.3529         167.708  191
   91         16795.7         352.549         2676.18         6.09429         57.2651         167.722  193
   92         16790.7         351.442         2670.01         6.08409         58.1027         168.005  195
   93         16771.3          351.22         2661.17         6.08195         57.6514         168.148  197
   94         16756.5          351.38         2657.02         6.08329         57.0018         168.116  199
   95         16739.6          351.38         2653.11         6.08361         56.3195         168.135  201
   96         16729.5          351.24         2654.32         6.08121         55.8793           168.2  203
   97         16717.7         350.787         2655.74         6.07595          55.648         168.261  205
   98         16708.3         350.458         2655.09         6.07061         55.6242         168.277  209
   99         16705.8         349.674         2650.16         6.05861         56.7508         168.263  211
  100         16696.9         349.497         2650.19         6.05297         56.7154         168.223  213
  101         16682.8         349.544         2650.45         6.05431         55.9575         168.173  215
  102         16670.5         349.627         2655.48         6.05527          55.014         168.161  217
  103         16657.8         349.416         2655.73         6.05154         54.5813         168.238  219
  104         16647.7         348.895         2651.55         6.04578         54.6876         168.382  221
  105         16640.9         348.528         2647.33         6.04147         54.8213         168.521  225
  106         16634.9         348.206         2643.05          6.0378         54.9451         168.654  229
  107         16629.2         347.898         2639.27         6.03453         55.0444         168.778  233
  108         16624.9         347.639          2636.3         6.03205         55.1306         168.877  237
  109         16621.6         347.376         2634.03         6.02993         55.2215         168.973  241
  110         16617.7         347.059         2632.45          6.0277         55.2805         169.067  245
  111           16613         346.671         2631.69         6.02536         55.3007          169.16  249
  112         16608.6         346.266         2631.75         6.02302         55.3068         169.251  253
  113         16603.5         345.924         2632.22          6.0203         55.2684          169.32  257
  114         16598.9         345.581         2632.42         6.01796         55.2634         169.371  261
  115         16592.1           345.2         2632.05         6.01559         55.2417         169.383  265
  116         16592.1         344.577         2631.54         6.01205         55.8039         169.332  267
  117         16575.7         344.502         2631.14         6.01169         55.1306         169.261  269
  118           16560         344.652         2630.89         6.01279         54.3092         169.181  271
  119         16544.1          345.04         2633.17         6.01551          53.154         169.099  273
  120         16541.2         345.304         2631.62         6.01693          52.897         169.085  275
  121         16530.6         345.251          2628.2         6.01578         52.5974         169.106  277
  122         16526.4         345.061         2625.88         6.01469         52.6248         169.135  279
  123         16523.5         344.813         2625.58         6.01306         52.6455         169.189  281
  124         16522.4         344.483         2628.07         6.01067         52.6942         169.249  283
  125         16518.2         344.332         2628.09         6.00887         52.6479          169.25  285
  126         16514.5         344.133         2626.28         6.00537         52.8543          169.22  287
  127         16513.9         344.005          2625.2         6.00362         53.0429          169.21  289
  128         16510.7         343.991         2624.73         6.00345         52.9109          169.22  291
  129         16509.1         343.883            2624         6.00328         52.8856         169.265  293
  130         16508.6         343.765         2623.32         6.00337          52.885         169.327  295
  131         16508.2         343.615         2622.72         6.00373          52.833         169.445  297
  132         16506.6         343.571         2621.95          6.0039         52.7634         169.489  301
  133         16505.1         343.525         2620.62         6.00409         52.7251          169.53  305
  134         16503.3         343.444          2619.1         6.00419         52.7044         169.571  309
  135         16501.4         343.323         2617.96         6.00407         52.7049         169.602  313
  136         16499.6         343.176          2617.4         6.00369         52.7162         169.621  317
  137         16497.9         342.974         2617.33         6.00304         52.7557         169.633  321
  138         16496.2         342.753         2617.81         6.00213         52.7933         169.643  325
  139           16494         342.464          2618.6         6.00087          52.846          169.65  329
  140         16492.9         341.596         2622.59         5.99691         53.2036         169.669  331
  141         16490.4         340.961         2624.85         5.99342         53.4281         169.697  333
  142         16481.7         340.901         2621.19         5.99231         53.2548         169.702  335
  143         16471.9         340.758         2619.55         5.98942          52.929         169.837  337
  144         16470.5         340.399         2616.43         5.98773          53.162         169.955  339
  145         16463.4         340.355         2613.89         5.98767          52.959         169.955  341
  146         16455.7          339.92            2609         5.98607         52.9832         170.089  343
  147         16455.3         339.579          2608.6         5.98418         53.1159         170.219  345
  148         16454.2         339.297         2609.16         5.98258         53.1949         170.279  347
  149           16451         338.939         2609.71         5.98065         53.2701         170.293  349
  150           16446         338.401         2611.67         5.97793         53.3604         170.261  351
  151           16444         338.051          2617.7         5.97505         53.2678         170.267  353
  152         16439.3         338.067         2616.89          5.9742         53.0533         170.321  355
  153         16433.2         338.098         2612.12         5.97427         52.8794          170.41  357
  154         16429.3         338.235         2606.44         5.97424         52.6935         170.621  359
  155         16428.3         338.174         2604.71         5.97335           52.65         170.775  361
  156         16421.8         338.138         2603.47         5.97258         52.4904         170.726  363
  157         16415.6         337.969         2603.36         5.97032         52.4589         170.654  365
  158         16413.3         337.749         2606.41         5.96704         52.4683         170.652  367
  159         16412.5         337.688         2607.12         5.96594         52.4619         170.665  371
  160         16411.3         337.587         2607.64         5.96423         52.4933         170.683  375
  161         16409.9         337.464          2607.2         5.96243         52.5717         170.707  379
  162         16408.2         337.359          2605.9         5.96089         52.6565         170.734  383
  163         16406.7         337.252         2604.47         5.95962         52.7372         170.766  387
  164         16405.8         337.201         2603.49         5.95874         52.7832         170.795  391
  165         16404.9         337.131         2602.74         5.95778         52.8154         170.836  395
  166           16404         337.078         2602.37         5.95684         52.8163         170.884  399
  167         16403.4         337.027         2602.36         5.95599          52.804         170.933  403
  168         16402.6         336.959         2602.54          5.9551         52.7766          170.99  407
  169         16401.5         336.882         2602.77         5.95407         52.7363         171.056  411
  170         16399.7          336.77          2602.9         5.95279         52.6755          171.14  415
  171         16397.9         336.704         2602.48         5.95157          52.634         171.209  419
  172         16395.8         336.638         2601.39         5.95019         52.6111         171.281  423
  173         16394.1         336.592         2599.99         5.94893         52.6357         171.325  427
  174         16393.6         336.447         2597.76         5.94634         52.8638         171.389  429
  175         16391.9         336.464          2597.9         5.94564         52.7902         171.394  433
  176         16388.2         336.409         2599.56         5.94476         52.6353         171.353  435
  177         16386.2         336.457         2603.23          5.9438          52.432         171.298  437
  178         16383.7         336.508         2604.39           5.943         52.3004         171.259  439
  179         16379.1         336.551         2601.42         5.94275         52.2227         171.249  441
  180         16375.2          336.51         2598.41         5.94265         52.1567         171.294  443
  181         16374.3         336.467         2597.59         5.94235         52.1317         171.353  445
  182         16373.3          336.43         2597.37         5.94197         52.1253         171.358  447
  183         16372.1         336.301         2597.28          5.9407         52.1848         171.368  449
  184         16371.4         336.196         2597.71         5.93874         52.2407         171.406  451
  185         16370.8         336.144         2597.83          5.9377         52.2525         171.438  455
  186         16370.4         336.085         2597.76         5.93664         52.2817         171.473  459
  187         16370.1         336.014          2597.5         5.93549         52.3337         171.515  463
  188           16370         335.936         2597.09          5.9344         52.4033         171.555  467
  189         16369.9         335.901         2596.72         5.93365         52.4469         171.579  475
