    0          880396         2698.27          654711         220.289               0               0  1
    1          535242         2497.85          501839         23.1017         11.8997         253.411  7
    2          229093         2215.58          140091         28.3433         37.2397         2774.13  9
    3          159701         1918.11          100080         27.2077         3.81165         1425.02  11
    4          134687         1891.21         98415.9         26.7578         6.96646          279.57  13
    5          126127         1847.57         90528.6         26.5778         6.16783           260.1  15
    6         94650.4         1576.68           51349         25.9754         4.63588         703.998  17
    7         76048.8         1405.82         33819.5         25.0416         3.60826         715.199  19
    8         65577.2         1215.92         23531.1         23.8934         9.13996         776.903  23
    9           56572         1136.62         20216.5         23.0653         4.93676          545.91  25
   10         54281.5         1146.62         18789.2          22.941         4.87585         508.023  27
   11         50458.8         1019.84         17301.2         21.6019         6.09246         469.703  29
   12         48093.8          998.71         16929.1         21.2495         4.72014         391.169  31
   13         46390.2         960.025         16132.9         20.8659         4.84242         368.719  33
   14         41441.9         830.994         13399.8         19.4463         5.46935         341.222  35
   15         36902.9         737.009         11302.6          17.876         6.84199         305.675  37
   16         35440.1             721         11019.3         17.1818         8.35244         281.494  41
   17         33119.7         721.636         10685.8         16.3949          7.6526          222.13  43
   18         31612.2          731.87         9954.67         15.8693         7.82093         208.404  45
   19           29605         760.456         8705.99         15.0786         8.30542         206.672  47
   20         27417.2         830.453         7781.83         13.9299         9.91897          192.31  49
   21         26338.1         881.879          7590.4         13.1118         12.4162         181.195  51
   22         24442.7         834.287          6493.1         13.3777         9.21615         135.951  53
   23         23473.4         818.844         5960.78         13.2833         9.22206         120.359  55
   24         22455.6         815.903         5532.88         12.9376         9.72425         107.945  57
   25         21814.7         844.144         5300.55         12.0224         12.8272         127.344  59
   26         20623.2         848.847         4830.69         11.9711         11.2057          94.977  61
   27         20167.3          867.13         4502.75         11.7563          11.589         97.1114  63
   28         19685.4         895.158         4279.88          11.347         12.6662         100.741  65
   29         19327.4         947.889         3965.84         10.4765         16.1014         133.366  67
   30         18514.3         945.469         3794.32         10.3383         15.7351         108.803  69
   31         18156.1         938.386         3622.11         10.1957         16.2562         106.821  71
   32         17865.9         938.375         3542.01         9.92654         17.2304         108.801  73
   33         17591.7         929.528         3390.42         9.31214         20.9923          130.51  75
   34         17041.4         934.372         3363.24         9.02406         20.9895         118.276  77
   35         16861.7         933.698         3263.24         8.95182         21.1162         117.844  79
   36         16641.3          928.72         3198.39         8.74679         21.9986         119.938  81
   37         16302.7         916.754         3110.42         8.27773         24.7006         129.354  83
   38         16033.5          902.51         3170.97         7.73998         27.5989         138.279  85
   39         15846.1         897.961         3079.72         7.71566         27.5721         135.166  87
   40         15688.3         888.904         3027.32         7.62516         28.0216         134.877  89
   41         15542.2         876.534         3030.82         7.40698         29.2499         138.316  91
   42         15355.4         860.719         3050.22         7.07821         31.4265          143.85  93
   43         15197.6         850.714         3007.26         6.83755         33.2033         149.366  95
   44         15066.9         838.872         2986.34         6.51684         35.8512         158.447  97
   45         14935.2         835.862         2930.47         6.47777         35.8794         156.881  99
   46         14805.2         830.244         2884.48         6.39003         36.4812          157.03  101
   47         14683.9         822.842         2876.58         6.23604          37.625         158.656  103
   48         14629.2         810.288         2902.74          5.8358         42.6667         170.838  105
   49           14464         810.689         2866.24         5.83084         41.6821         165.596  107
   50           14387         809.478         2832.47         5.75156         42.5048         166.695  109
   51         14315.3         807.235         2817.58         5.60051         44.3476         169.792  111
   52         14231.4         804.544         2814.08         5.40562         46.9817         173.147  113
   53         14143.8         803.174         2838.14         5.24026         48.9163         174.035  115
   54         14090.1         802.361         2836.29         5.20919         49.1004         172.893  117
   55         14008.4         800.386         2843.55         5.14256         49.6429         171.434  119
   56         13967.4         797.987         2875.81         5.03989         51.4507         171.335  121
   57         13902.6         797.992            2853         5.03608         50.7293         170.149  123
   58         13853.4         797.448         2834.06         5.00627         51.0007         169.906  125
   59         13816.2         796.766          2833.1         4.96502         51.4909         169.735  127
   60         13804.8         795.326         2854.96         4.87225         54.5759         169.769  129
   61         13736.3         795.418         2852.09         4.85908         52.9196         168.795  131
   62         13716.6         795.389         2849.38         4.85198         52.8852         168.337  133
   63         13691.9         795.212         2856.52         4.83013         53.1814         167.558  135
   64         13658.7         795.041         2860.41         4.80244         53.7784         166.511  137
   65         13629.2         795.191         2890.31         4.75872         54.2603          165.23  139
   66         13603.6         795.147         2879.66         4.75443          54.166         164.794  141
   67         13583.8          794.88         2871.68         4.75241          54.183         164.313  143
   68         13566.7         794.545          2873.6         4.74615         54.2312         163.664  145
   69         13545.8         793.892         2884.17         4.73378         54.4966         162.509  147
   70         13524.6         793.492         2883.03         4.72655         54.5913         161.812  149
   71         13504.4         792.783         2884.55         4.71773         54.7552          161.07  151
   72         13488.4         791.983         2883.95         4.71133         54.8525         160.604  153
   73         13467.6         790.254         2882.82         4.70374         55.1072         159.918  155
   74         13455.4         788.809         2874.93         4.69983         55.3211          159.83  157
   75           13442         788.361         2869.62         4.69947         55.0548         159.757  159
   76         13430.3         787.232         2863.41         4.69916          54.946         159.716  161
   77         13418.1         785.706         2857.95         4.69843         54.8337         159.682  163
   78         13407.5         781.556         2853.33         4.69779         54.9517          159.71  165
   79         13387.5         780.423         2847.52         4.69517         54.6095         159.589  167
   80         13375.6         779.072         2841.76         4.69429         54.5524         159.516  169
   81         13364.1         776.998         2837.38         4.69374         54.4922         159.457  171
   82           13360         772.318         2828.62         4.69471         55.0079         159.593  173
   83         13336.7         771.886         2827.07         4.69178         54.3236         159.382  175
   84         13324.4         770.328         2822.58         4.69137         54.1904           159.3  177
   85         13311.7         767.839         2818.99         4.69047         54.0936         159.233  179
   86         13292.8         763.567         2814.96         4.68769          54.067         159.086  181
   87         13275.1          756.64         2817.05         4.68302         53.8241         159.263  183
   88         13249.5         755.616         2812.37         4.67329         53.5858         159.045  185
   89         13231.4           752.8         2811.53          4.6665         53.4507         158.937  187
   90         13215.8         750.274         2812.26         4.65942         53.2544         158.925  189
   91         13191.8         744.388         2817.69         4.64613         53.0254         158.934  191
   92         13166.2         738.241         2808.78          4.6306         53.1089         159.408  193
   93         13140.1         731.912         2796.85         4.61392         53.3895         159.886  195
   94         13120.5         728.491         2788.67         4.60128         53.4523         160.226  197
   95         13107.1         724.513         2783.36         4.58989         53.6014         160.639  199
   96         13090.4          721.99         2779.51         4.58091         53.4885         160.809  201
   97         13070.2         716.951          2774.4         4.56737         53.3927         161.335  203
   98         13064.7          707.32         2766.89         4.54549         53.7739          163.11  205
   99         13030.9         708.146         2758.93         4.54036         53.2617         162.505  207
  100         13016.1         706.057         2749.87         4.53515         53.1791          162.77  209
  101         13001.9         702.345         2742.32         4.52544         53.1482         163.326  211
  102         12996.3         694.872         2739.06         4.50765         53.7544         164.239  213
  103         12970.8         693.091         2734.23          4.4979          53.157         164.467  215
  104         12959.4         691.724         2731.46         4.49335         53.0579         164.501  217
  105         12943.7         688.338         2730.17         4.48444         52.9144         164.707  219
  106         12928.4         682.772         2723.96         4.47201         52.9957          165.35  221
  107         12907.9         678.058         2718.54         4.45956         52.5366         166.146  223
  108         12892.2         676.068         2707.49         4.45432         52.3637         166.549  225
  109         12879.5         672.876         2694.88         4.45006         52.1681         167.272  227
  110         12870.5         670.345         2685.87          4.4453         51.9704         167.962  229
  111         12858.1         670.478          2682.8          4.4444         51.7063         167.793  231
  112         12841.5         668.285         2677.21         4.43938            51.3         168.116  233
  113         12831.1         666.759         2673.88           4.434         51.0063         168.477  235
  114         12816.4         664.091         2666.37         4.42592         50.6524         169.145  237
  115         12812.8         660.243         2645.07          4.4147         50.8778         170.748  239
  116         12787.4         660.467         2639.73         4.40757          50.148          170.81  241
  117         12779.9         660.649         2634.59         4.40742         49.9576         170.869  243
  118           12771         660.722         2628.31         4.40614         49.6536           171.1  245
  119         12761.7         660.882         2622.76         4.40377         49.2983         171.374  247
  120         12746.7         661.253         2619.12         4.40031         48.7066          171.53  249
  121         12733.3         661.455         2615.49         4.39647          48.342         171.579  251
  122         12723.6         661.723         2614.04         4.39291         48.0182         171.643  253
  123         12715.1         662.053         2612.45         4.38955         47.7021         171.747  255
  124         12704.7         662.306         2607.94         4.38853         47.4713         171.712  257
  125         12693.6         662.689         2600.37         4.38901         47.1803         171.759  259
  126         12687.8         662.963         2597.01         4.38905         46.9422          171.85  261
  127         12681.3         663.153         2593.37         4.38892         46.7533         171.883  263
  128         12673.5         663.455         2588.85         4.38882         46.4205         172.026  265
  129         12668.5          663.67         2588.37         4.38775         46.1772         172.075  267
  130         12663.1         663.747         2586.94         4.38695         46.0321         172.053  269
  131         12653.8         663.918         2586.28         4.38601         45.5691         172.114  271
  132         12648.2         664.114         2585.46          4.3843         45.3034         172.209  273
  133         12643.5         664.054         2583.46         4.38427         45.2552         172.127  275
  134         12638.8         663.962          2581.5         4.38439         45.1253         172.124  277
  135         12634.7         663.826          2581.1         4.38441         44.9165         172.161  279
  136         12631.1         663.426         2582.16         4.38422         44.6498         172.242  281
  137         12624.6         663.266         2582.27         4.38338         44.3272         172.293  283
  138         12619.5         662.897         2582.07         4.38265          44.133         172.316  285
  139         12615.9         662.358         2582.68         4.38205         43.9584         172.363  287
  140         12613.1         661.593          2583.8         4.38172         43.7909         172.427  289
  141         12609.7         661.293         2583.02         4.38168          43.702         172.417  291
  142         12605.8         660.552         2581.71         4.38236         43.5723         172.458  293
  143         12603.4         659.755         2581.52          4.3831          43.449         172.514  295
  144         12600.3         658.655         2580.88         4.38414         43.3069          172.59  297
  145         12598.5         657.162          2580.7         4.38527         43.2296         172.679  299
  146         12595.7         656.644         2581.14          4.3852         43.1289         172.675  301
  147         12594.1         656.315          2581.6         4.38505         43.0959         172.648  303
  148         12592.1         655.347         2583.43         4.38517         43.0196          172.62  305
  149         12590.9         654.621         2584.53         4.38547         42.9659         172.615  309
  150         12589.3         653.505         2585.77         4.38616         42.8942         172.624  311
  151         12589.1         651.523         2587.41          4.3879         42.8692         172.669  313
  152           12586         651.154         2586.49         4.38815         42.7887         172.664  315
  153         12584.3         650.871         2585.45         4.38859         42.7581          172.67  317
  154         12582.8         650.256         2585.05         4.38934         42.7185         172.676  319
  155         12582.5         648.989         2585.25         4.39063         42.7381         172.694  321
  156         12579.9         648.913         2585.34         4.39049         42.6532          172.66  323
  157         12578.7         648.702         2585.45         4.39039         42.6324         172.639  325
  158         12577.6         648.324         2586.08         4.39031         42.6096         172.618  327
  159         12576.9         647.469          2587.7         4.39024         42.6347         172.567  329
  160         12574.9         647.256         2588.03         4.38999         42.5625         172.553  331
  161         12573.5         647.116          2587.8         4.38979          42.542         172.542  333
  162         12572.6         647.016         2587.68         4.38954         42.5289         172.537  335
  163           12572         646.861         2587.68         4.38906         42.5349         172.544  337
  164         12570.6         646.995          2587.4         4.38861         42.4934         172.535  339
  165         12569.3         647.166         2587.11         4.38803          42.472         172.522  341
  166         12568.7         647.389          2587.3         4.38735         42.4535         172.508  343
  167         12567.9         647.752          2588.2         4.38628         42.4299         172.464  345
  168         12566.8         648.001         2588.08          4.3856         42.4199         172.436  347
  169         12565.8         648.344         2588.16         4.38486         42.4109         172.396  349
  170         12565.3         648.639         2587.92          4.3844         42.4016         172.382  351
  171         12564.5         648.917         2587.23         4.38407          42.393         172.377  353
  172         12563.8          649.33         2586.16         4.38364         42.3859         172.383  355
  173         12563.2         649.633         2585.52         4.38307         42.3846         172.384  357
  174         12562.5         649.862         2585.21         4.38252         42.3765         172.377  359
  175         12561.7         650.319          2585.3         4.38122         42.3743         172.355  361
  176         12561.4         650.541         2585.11         4.38055         42.3799         172.351  365
  177         12560.8         650.898          2585.2         4.37933         42.3966         172.327  367
  178         12560.7          651.44         2585.35         4.37722         42.4624         172.301  369
  179         12559.5         651.573         2585.23         4.37673         42.4234         172.295  371
  180         12558.8         651.618         2584.98         4.37645         42.4053         172.301  373
  181           12558         651.728         2584.97         4.37576         42.3848         172.307  375
  182         12557.4         651.908         2585.39         4.37401         42.4075         172.299  377
  183         12555.8         652.012         2585.62         4.37297         42.3696         172.289  379
  184         12554.5         652.054          2585.6         4.37202         42.3754         172.266  381
  185         12553.8         652.054         2586.03         4.37104         42.3924         172.237  383
  186         12553.2         652.069         2586.56         4.37014         42.4054         172.212  385
  187         12552.6         652.098         2586.61          4.3698         42.3955         172.204  387
  188         12551.9         652.122         2586.52         4.36938         42.3806         172.208  389
  189         12551.4         652.174         2586.15         4.36891         42.3731         172.226  391
  190         12550.8         652.261         2585.47         4.36838         42.3668         172.255  393
  191         12550.3         652.325         2584.74         4.36754         42.3923         172.278  395
  192         12549.8         652.402         2584.74         4.36703         42.3927         172.267  397
  193         12549.4         652.482         2585.18          4.3666         42.3885         172.245  399
  194         12549.1         652.605         2586.13         4.36594          42.383         172.209  401
  195           12549         652.673         2586.47         4.36558         42.3825         172.196  405
  196         12548.8         652.885         2587.27         4.36456         42.3931         172.165  407
  197         12548.6         652.978         2587.28          4.3642         42.3948         172.162  411
  198         12548.2         653.183          2586.8         4.36359         42.4044          172.17  413
  199           12548         653.313         2586.36         4.36326         42.4052         172.182  417
  200         12547.7         653.622         2585.32         4.36259            42.4         172.227  419
  201         12547.5         653.728         2585.07         4.36234         42.3917         172.239  423
  202         12546.9         653.956          2584.5         4.36199         42.3546         172.269  425
  203         12546.5           654.1         2584.35         4.36173         42.3276         172.284  429
  204         12546.1         654.245         2584.58         4.36145         42.2876         172.292  431
  205           12546         654.226         2584.78         4.36143         42.2924         172.273  433
  206         12545.4         654.235         2584.84         4.36148         42.2688          172.26  435
  207         12545.1         654.201         2584.96         4.36156         42.2636         172.246  437
  208           12545         654.191         2584.96         4.36157         42.2618         172.242  439
  209         12544.8         654.181         2584.96         4.36153         42.2589          172.24  441
  210         12544.7         654.164          2584.9         4.36142         42.2603         172.243  443
  211         12544.6         654.183         2584.76         4.36131         42.2604         172.247  445
  212         12544.4         654.198         2584.68         4.36101         42.2659          172.25  447
  213         12544.3         654.188         2584.71         4.36075         42.2739          172.25  449
  214         12544.2         654.174         2584.74         4.36057         42.2781         172.248  451
  215           12544         654.096         2584.82         4.35997         42.3026         172.247  453
  216         12543.9         654.079         2584.78         4.35979         42.3072         172.251  455
  217         12543.7         654.103         2584.59         4.35987         42.2972         172.256  457
  218         12543.5         654.132         2584.15         4.35994         42.2838         172.275  459
  219         12543.4           654.1            2584         4.35967         42.2914         172.286  461
  220         12543.2         654.052         2583.92         4.35935         42.3002         172.293  463
  221         12543.1         653.939         2583.92         4.35855         42.3353         172.304  465
  222         12542.9         653.984         2583.98         4.35855         42.3212           172.3  467
  223         12542.8         654.058         2584.09         4.35868         42.3044         172.291  469
  224         12542.8         654.175         2584.35         4.35889          42.281         172.277  471
  225         12542.7         654.247         2584.46         4.35886         42.2714         172.274  473
  226         12542.6         654.247         2584.37         4.35872         42.2738         172.278  475
  227         12542.6         654.283         2584.17         4.35833         42.2878         172.288  477
  228         12542.5         654.316         2584.03         4.35809         42.2937         172.296  479
  229         12542.5         654.336         2583.99         4.35801         42.2945         172.297  483
  230         12542.5          654.36         2583.96         4.35793         42.2956         172.299  487
  231         12542.5         654.382         2583.94         4.35787         42.2962           172.3  491
  232         12542.5         654.407         2583.95         4.35784         42.2948           172.3  495
  233         12542.5         654.426         2583.95         4.35782          42.294           172.3  503
  234         12542.5          654.44         2583.96          4.3578         42.2933           172.3  517
