    0                       0.796143          35.015  1
    1                       0.766005         30.6557  7
    2                       0.721426          16.197  9
    3                        0.67125           13.69  11
    4                       0.666527         13.5757  13
    5                       0.658792         13.0203  15
    6                       0.608583         9.80608  17
    7                       0.574662         7.95816  19
    8                       0.534442         6.63821  23
    9                       0.516722         6.15294  25
   10                       0.518988         5.93176  27
   11                       0.489458         5.69204  29
   12                        0.48436          5.6305  31
   13                       0.474886          5.4965  33
   14                       0.441822         5.00932  35
   15                       0.416087         4.60064  37
   16                       0.411544         4.54263  41
   17                       0.411725         4.47336  43
   18                       0.414634          4.3176  45
   19                       0.422654         4.03774  47
   20                       0.441678         3.81742  49
   21                       0.455148         3.77018  51
   22                       0.442696         3.48703  53
   23                        0.43858         3.34103  55
   24                       0.437792         3.21888  57
   25                       0.445304         3.15058  59
   26                       0.446543          3.0077  61
   27                       0.451326         2.90381  63
   28                       0.458562         2.83103  65
   29                       0.471875         2.72519  67
   30                       0.471272         2.66561  69
   31                       0.469504         2.60442  71
   32                       0.469501         2.57546  73
   33                       0.467282         2.51974  75
   34                       0.468498         2.50962  77
   35                       0.468329         2.47203  79
   36                       0.467079         2.44734  81
   37                        0.46406         2.41345  83
   38                       0.460441         2.43683  85
   39                       0.459279         2.40151  87
   40                       0.456957         2.38099  89
   41                       0.453767         2.38237  91
   42                       0.449654         2.38998  93
   43                       0.447033          2.3731  95
   44                       0.443911         2.36482  97
   45                       0.443114          2.3426  99
   46                       0.441622         2.32414  101
   47                       0.439649         2.32096  103
   48                       0.436282         2.33149  105
   49                        0.43639         2.31678  107
   50                       0.436064          2.3031  109
   51                        0.43546         2.29703  111
   52                       0.434734         2.29561  113
   53                       0.434363          2.3054  115
   54                       0.434143         2.30465  117
   55                       0.433609         2.30759  119
   56                       0.432958         2.32065  121
   57                        0.43296         2.31143  123
   58                       0.432812         2.30374  125
   59                       0.432627         2.30335  127
   60                       0.432236         2.31222  129
   61                       0.432261         2.31106  131
   62                       0.432253         2.30996  133
   63                       0.432205         2.31285  135
   64                       0.432158         2.31443  137
   65                       0.432199         2.32649  139
   66                       0.432187          2.3222  141
   67                       0.432115         2.31898  143
   68                       0.432024         2.31976  145
   69                       0.431846         2.32402  147
   70                       0.431737         2.32356  149
   71                       0.431544         2.32417  151
   72                       0.431327         2.32393  153
   73                       0.430855         2.32348  155
   74                       0.430461         2.32029  157
   75                       0.430339         2.31815  159
   76                       0.430031         2.31564  161
   77                       0.429614         2.31343  163
   78                       0.428478         2.31156  165
   79                       0.428167         2.30921  167
   80                       0.427796         2.30687  169
   81                       0.427227         2.30509  171
   82                       0.425938         2.30153  173
   83                       0.425819          2.3009  175
   84                       0.425389         2.29907  177
   85                       0.424701         2.29761  179
   86                       0.423518         2.29597  181
   87                       0.421593         2.29682  183
   88                       0.421307         2.29491  185
   89                       0.420521         2.29457  187
   90                       0.419815         2.29487  189
   91                       0.418165         2.29708  191
   92                       0.416435         2.29345  193
   93                       0.414646         2.28857  195
   94                       0.413676         2.28522  197
   95                       0.412545         2.28304  199
   96                       0.411826         2.28147  201
   97                       0.410386         2.27937  203
   98                       0.407621         2.27628  205
   99                       0.407858           2.273  207
  100                       0.407256         2.26927  209
  101                       0.406185         2.26615  211
  102                       0.404018          2.2648  213
  103                         0.4035          2.2628  215
  104                       0.403102         2.26166  217
  105                       0.402114         2.26112  219
  106                       0.400485         2.25855  221
  107                         0.3991          2.2563  223
  108                       0.398514         2.25171  225
  109                       0.397572         2.24646  227
  110                       0.396824          2.2427  229
  111                       0.396863         2.24142  231
  112                       0.396213         2.23908  233
  113                       0.395761         2.23769  235
  114                       0.394968         2.23455  237
  115                       0.393822          2.2256  239
  116                       0.393889         2.22335  241
  117                       0.393943         2.22119  243
  118                       0.393965         2.21854  245
  119                       0.394013          2.2162  247
  120                       0.394123         2.21466  249
  121                       0.394183         2.21312  251
  122                       0.394263         2.21251  253
  123                       0.394361         2.21184  255
  124                       0.394437         2.20993  257
  125                       0.394551         2.20672  259
  126                       0.394633         2.20529  261
  127                       0.394689         2.20375  263
  128                       0.394779         2.20183  265
  129                       0.394843         2.20162  267
  130                       0.394866         2.20101  269
  131                       0.394917         2.20073  271
  132                       0.394975         2.20038  273
  133                       0.394957         2.19953  275
  134                        0.39493          2.1987  277
  135                       0.394889         2.19853  279
  136                        0.39477         2.19898  281
  137                       0.394723         2.19903  283
  138                       0.394613         2.19894  285
  139                       0.394452          2.1992  287
  140                       0.394225         2.19968  289
  141                       0.394135         2.19934  291
  142                       0.393914         2.19879  293
  143                       0.393676         2.19871  295
  144                       0.393348         2.19843  297
  145                       0.392902         2.19836  299
  146                       0.392747         2.19854  301
  147                       0.392649         2.19874  303
  148                       0.392359         2.19952  305
  149                       0.392142         2.19999  309
  150                       0.391808         2.20052  311
  151                       0.391213         2.20121  313
  152                       0.391102         2.20082  315
  153                       0.391017         2.20038  317
  154                       0.390832         2.20021  319
  155                       0.390451         2.20029  321
  156                       0.390428         2.20033  323
  157                       0.390365         2.20038  325
  158                       0.390251         2.20065  327
  159                       0.389994         2.20134  329
  160                        0.38993         2.20148  331
  161                       0.389887         2.20138  333
  162                       0.389857         2.20133  335
  163                        0.38981         2.20133  337
  164                       0.389851         2.20121  339
  165                       0.389903         2.20109  341
  166                        0.38997         2.20116  343
  167                       0.390079         2.20155  345
  168                       0.390154          2.2015  347
  169                       0.390257         2.20153  349
  170                       0.390346         2.20143  351
  171                        0.39043         2.20114  353
  172                       0.390554         2.20068  355
  173                       0.390645         2.20041  357
  174                       0.390714         2.20028  359
  175                       0.390851         2.20031  361
  176                       0.390918         2.20023  365
  177                       0.391025         2.20027  367
  178                       0.391188         2.20034  369
  179                       0.391228         2.20028  371
  180                       0.391241         2.20018  373
  181                       0.391274         2.20017  375
  182                       0.391328         2.20035  377
  183                       0.391359         2.20045  379
  184                       0.391372         2.20044  381
  185                       0.391372         2.20062  383
  186                       0.391377         2.20085  385
  187                       0.391385         2.20087  387
  188                       0.391393         2.20084  389
  189                       0.391408         2.20068  391
  190                       0.391434         2.20039  393
  191                       0.391453         2.20008  395
  192                       0.391477         2.20007  397
  193                       0.391501         2.20026  399
  194                       0.391538         2.20067  401
  195                       0.391558         2.20081  405
  196                       0.391622         2.20115  407
  197                       0.391649         2.20116  411
  198                       0.391711         2.20095  413
  199                        0.39175         2.20076  417
  200                       0.391843         2.20033  419
  201                       0.391874         2.20022  423
  202                       0.391943         2.19997  425
  203                       0.391986         2.19991  429
  204                       0.392029         2.20001  431
  205                       0.392023         2.20009  433
  206                       0.392026         2.20012  435
  207                       0.392016         2.20017  437
  208                       0.392013         2.20017  439
  209                        0.39201         2.20017  441
  210                       0.392005         2.20014  443
  211                       0.392011         2.20009  445
  212                       0.392015         2.20005  447
  213                       0.392012         2.20006  449
  214                       0.392008         2.20008  451
  215                       0.391984         2.20011  453
  216                        0.39198          2.2001  455
  217                       0.391987         2.20001  457
  218                       0.391995         2.19983  459
  219                       0.391986         2.19976  461
  220                       0.391971         2.19973  463
  221                       0.391937         2.19973  465
  222                       0.391951         2.19975  467
  223                       0.391973          2.1998  469
  224                       0.392008         2.19991  471
  225                        0.39203         2.19996  473
  226                        0.39203         2.19992  475
  227                       0.392041         2.19983  477
  228                        0.39205         2.19977  479
  229                       0.392056         2.19976  483
  230                       0.392063         2.19974  487
  231                        0.39207         2.19974  491
  232                       0.392078         2.19974  495
  233                       0.392083         2.19974  503
  234                       0.392088         2.19974  517
