    0          928965         2698.27          654711         220.289               0               0  1
    1          587997         1301.77          515677          22.944         962.129         204.895  7
    2          328248         681.964          257377         24.5757         1195.28         437.515  9
    3          277453         749.654          105704         26.4507         3365.64         3149.61  11
    4          142613          546.42           95805         26.0118         267.598         225.779  13
    5          132002         539.646         88462.4         25.9237         95.5831         245.554  15
    6          111572           565.9         65170.4         26.0603          96.276         354.874  17
    7         97152.7         538.113         50035.2         25.8421         90.8633         434.792  19
    8         82452.6         487.036         31651.2         25.2308         245.463         546.033  23
    9         69147.6         441.404           23077         24.6363         37.7285         592.584  25
   10         64422.8         440.701         19896.5         24.2128         39.5802         535.394  27
   11         61318.3         433.189         18932.4         23.2984         78.2405         442.947  29
   12         58453.8         416.203         17455.6         23.0337         47.6255         434.397  31
   13         56562.2          407.85         16075.6         22.9005         46.4318         425.023  33
   14         50913.6         390.254         12444.9         21.9187         59.4364         377.809  35
   15         49375.2          381.41         11677.6         21.4132         82.3057         350.502  39
   16         46860.5         379.961         11222.2         20.5193           69.64         306.349  41
   17         44450.6         369.501         10981.3         19.5916         64.9187         259.468  43
   18         42067.4         337.483         11090.2         18.6818          60.534         216.757  45
   19         39535.9         316.756         10197.5         18.1051         59.4105         185.502  47
   20         37848.5         328.255         8940.73         17.4872         93.8386         148.937  49
   21         36034.3         335.318         8217.71         17.2855         51.2945         139.946  51
   22         34840.9         322.579         7436.75         17.1452         54.9602         135.412  53
   23           32120         298.346         5999.43         16.2185         76.4171         120.341  55
   24         31161.2         293.201         5706.66         15.7247         74.4101         118.886  59
   25         30229.6         291.805         5497.54         15.3498         59.6987         117.609  61
   26         29414.8         289.921         5031.87          14.933         63.0992         119.474  63
   27         28832.3          287.27         4743.72         14.5647         66.5516         122.372  65
   28           28084         282.595         4510.02         14.0316         69.5546         124.969  67
   29         27304.2         282.427         4229.14         13.8316         61.8776         117.871  69
   30         26757.7         281.478         3977.58          13.649         60.6671         114.411  71
   31         26086.8           279.9         3789.32         13.2019         61.6758         113.204  73
   32         26063.9         281.549         3768.06         12.3725         91.1119         123.505  75
   33         25241.5         279.502         3566.28         12.3773         64.0044         121.386  77
   34         24914.3         279.127         3341.59         12.2518         63.8732         123.048  79
   35         24563.2         278.861         3132.32         11.8946         68.1623          129.79  81
   36           24416         278.735         3109.04         11.4671         75.7397         137.518  83
   37         24051.3         278.145         3029.74         11.4149         66.2804         135.907  85
   38         23801.5         278.347         2960.96         11.2674         66.1698         134.137  87
   39         23607.4         278.741          2973.9         11.0356         66.5703         134.585  89
   40         23398.3         279.888         3081.67           10.54         70.8027         138.144  91
   41         23109.4         280.454         3037.19         10.2642         68.0696          141.88  93
   42         22891.1         280.479         2909.84         10.0858         69.4461         144.848  95
   43         22729.9          280.73         2864.06         9.83777          70.855         149.816  97
   44         22604.3         281.628         2854.14         9.63286           70.65         153.588  99
   45         22456.4         281.667         2798.05         9.57753         69.4079         152.963  101
   46         22250.1         282.151            2797         9.38744         68.9475         152.185  103
   47         22171.6         283.047         2858.63         9.16969         70.5359          153.58  105
   48         22022.8         282.721         2798.83         9.17707         67.1702         152.454  107
   49         21840.4         282.966         2740.33          9.0693          67.022         151.553  109
   50         21750.5         283.784         2760.74         8.89819         68.7089         152.088  111
   51         21669.2          285.25         2778.03         8.70957         70.2178         153.614  113
   52         21593.5         286.186         2753.04         8.54898         73.1881         155.202  115
   53         21487.3         286.591          2711.8         8.45575         73.1033         156.291  117
   54         21407.3         286.726         2735.08         8.30326          73.631         158.091  119
   55         21318.4         286.243          2743.6         8.23437         72.7122         158.066  121
   56         21215.6          285.77         2717.66         8.19898         72.2947         156.885  123
   57         21162.9         285.058         2762.53          8.1135         74.5289         154.759  125
   58         21103.5         285.077         2770.09         8.06905         74.1271         154.014  127
   59         21032.2         284.864         2735.07         8.06606         72.7352         153.954  129
   60         20968.3         284.458         2717.67         8.02482         72.8092         154.023  131
   61           20956         284.201         2749.21         7.97622         73.1835         154.146  133
   62         20914.6         283.913         2738.15         7.95396         73.1694         154.041  135
   63         20860.9         282.978         2715.49         7.87739         76.2373         154.184  137
   64         20850.1         282.629          2722.9         7.83978         77.2501          154.49  139
   65           20806         282.374         2717.72         7.82849         76.1213         154.496  141
   66         20740.4         281.499         2706.76         7.80026         75.6886         154.479  143
   67         20694.4         281.267         2708.99         7.78266          74.394         154.476  145
   68           20662          281.23         2722.27         7.76708         72.9474         154.455  147
   69         20633.9         281.212         2722.35          7.7577         72.2021         154.279  149
   70         20602.7          280.84         2714.47         7.74927         72.1103             154  151
   71         20564.3         280.197         2725.09         7.72758         71.9563         153.427  153
   72         20550.3          280.16         2732.03         7.72194         71.2889          153.37  157
   73         20526.8         280.006         2731.48         7.71576         70.5443         153.428  159
   74         20506.7         279.874         2722.47          7.7079         70.2908          153.65  161
   75         20492.3         279.928         2713.72         7.69697         70.1229         154.032  163
   76           20481         279.969         2708.41         7.69271         69.8156         154.212  167
   77         20471.3         280.025         2702.13         7.68906         69.6135         154.367  171
   78         20462.5         280.066         2696.18         7.68528         69.4765          154.51  175
   79         20456.9         280.058         2692.87         7.68144         69.4272         154.647  179
   80         20453.6         280.051         2691.86         7.67717         69.3989         154.779  183
   81           20452         280.072            2692         7.67336         69.3947         154.867  187
   82         20450.2         280.082         2692.69         7.66907         69.4024          154.94  191
   83         20448.8         280.117         2694.36         7.66269         69.4479         155.022  195
   84         20447.8          280.19         2695.88         7.65543         69.5594         155.076  199
   85         20447.3         280.236         2696.77         7.64807         69.7885         155.097  203
   86         20444.1          280.16         2696.89         7.64041         70.0847         155.093  207
   87         20438.3          280.03         2695.95         7.63222         70.4074         155.068  211
   88         20434.2         279.929         2695.31         7.62366         70.7944          155.04  215
   89         20429.9         279.767         2695.73         7.61396         71.2242         155.021  219
   90         20427.4         279.651         2696.88         7.60547         71.5847         155.017  223
   91           20425         279.469         2699.16         7.59722          71.934         155.029  227
   92         20420.9         279.259         2701.41          7.5894         72.1835          155.06  231
   93           20414         279.008         2703.15         7.58073         72.3804         155.115  235
   94         20406.1         278.769         2704.38         7.57002         72.6036         155.214  239
   95         20399.3         278.571         2705.26         7.55771         72.8842         155.363  243
   96         20393.2         278.436         2704.24         7.54737          73.131         155.515  247
   97         20387.5         278.292         2702.46         7.53632         73.4312         155.713  251
   98         20379.5         278.228         2698.75         7.52795         73.5218         155.889  255
   99         20365.3         277.884          2691.2         7.50894         73.9416         156.431  257
  100         20358.7         277.654         2697.18         7.49503         73.7215         156.949  259
  101         20335.1         277.768         2691.44         7.49256          72.851         156.938  261
  102         20309.4         278.104         2684.71         7.49462         71.6781         156.719  263
  103         20299.1         278.313         2683.86          7.4949         71.0908         156.615  267
  104         20290.7         278.639         2684.74         7.49487         70.5036         156.413  269
  105           20286         278.763         2684.57         7.49066         70.4398         156.336  271
  106         20278.7         278.709         2684.05         7.48289         70.5327         156.348  273
  107         20273.2         278.621         2685.34         7.47761         70.4919         156.401  277
  108         20270.3         278.558         2686.21         7.47281         70.5335         156.472  281
  109         20268.2         278.482         2686.02         7.46803          70.664         156.563  285
  110         20266.5         278.397         2685.23         7.46316         70.8392         156.669  289
  111         20265.6         278.325         2683.81         7.45808         71.0698         156.789  293
  112         20265.1         278.257         2681.96         7.45216         71.3531         156.939  297
  113         20264.8         278.205         2680.59         7.44722         71.5824         157.062  305
  114         20264.6         278.124         2678.62         7.44141         71.8824         157.223  309
  115         20263.3         278.006          2676.5         7.43481         72.1887         157.404  313
  116         20261.5         277.797         2674.31         7.42732         72.5834         157.612  317
  117         20260.7         277.696         2672.51          7.4203         72.9048         157.795  321
  118         20260.2         277.603         2670.85         7.41366         73.2218         157.961  325
  119         20259.5          277.46          2669.3         7.40611         73.5955         158.149  329
  120         20259.4         277.343         2668.11         7.39798         73.9826         158.338  333
  121         20258.2          277.24         2667.39         7.39107          74.283         158.466  341
  122         20256.4         277.054         2666.67         7.38342         74.6417          158.62  345
  123         20252.9         276.844         2666.34         7.37429         74.9899         158.777  349
  124         20249.4         276.744         2666.42         7.36554         75.2183         158.908  353
  125         20246.4         276.677         2666.77         7.35692         75.4347         159.022  357
  126         20242.8         276.626          2667.5          7.3477         75.6212         159.133  361
  127         20238.8         276.608          2668.6         7.33826         75.7487          159.24  365
  128           20234         276.713         2669.56         7.32905          75.724         159.332  369
  129         20228.2         276.839         2670.21         7.32031         75.6362         159.411  373
  130         20220.5         276.932         2670.89         7.31165         75.4848         159.479  377
  131         20207.8         277.047         2672.68         7.30051         75.1028         159.581  381
  132           20196         277.135         2675.19          7.2898         74.7082          159.71  385
  133         20195.2         277.279         2685.53         7.26656         74.7569         160.118  387
  134         20189.5         277.379          2681.4         7.25673         74.8048         160.383  389
  135           20142          277.11         2664.01         7.26521         73.2855         160.242  391
  136         20110.6         276.864         2653.49         7.27953         71.8942         160.119  393
  137         20100.7         276.785         2653.76         7.27907          71.459         160.152  395
  138         20093.5         276.878         2652.48         7.27532         71.2302         160.178  397
  139         20089.4         277.013         2651.85         7.27153         71.0888         160.202  401
  140         20086.5         277.153         2651.44         7.26739         71.0081         160.222  405
  141         20084.7         277.261         2651.41         7.26444         70.9517         160.231  409
  142           20084         277.341         2651.55         7.26175         70.9592         160.237  413
  143         20083.9         277.405         2651.88         7.25909         71.0016         160.241  417
