    0                       0.796143          35.015  1
    1                       0.552989         31.0755  7
    2                       0.400248          21.954  9
    3                       0.419642         14.0694  11
    4                       0.358271         13.3944  13
    5                       0.356043         12.8709  15
    6                       0.364601         11.0473  17
    7                       0.355537         9.67982  19
    8                       0.338243         7.69882  23
    9                       0.322008         6.57383  25
   10                       0.321751         6.10404  27
   11                       0.318997         5.95432  29
   12                       0.312681         5.71738  31
   13                       0.309527         5.48672  33
   14                       0.302776         4.82753  35
   15                       0.299326         4.67634  39
   16                       0.298757         4.58424  41
   17                       0.294616         4.53477  43
   18                       0.281562         4.55721  45
   19                       0.272779         4.36995  47
   20                       0.277686         4.09181  49
   21                       0.280657         3.92288  51
   22                       0.275274         3.73182  53
   23                       0.264733         3.35185  55
   24                        0.26244         3.26904  59
   25                       0.261815         3.20859  61
   26                       0.260968         3.06969  63
   27                       0.259773          2.9805  65
   28                        0.25765         2.90615  67
   29                       0.257574          2.8142  69
   30                        0.25714         2.72922  71
   31                       0.256419         2.66385  73
   32                       0.257173         2.65637  75
   33                       0.256236         2.58427  77
   34                       0.256064         2.50153  79
   35                       0.255942         2.42194  81
   36                       0.255884         2.41292  83
   37                       0.255613         2.38195  85
   38                       0.255706         2.35475  87
   39                       0.255887          2.3599  89
   40                       0.256413         2.40227  91
   41                       0.256672         2.38488  93
   42                       0.256684         2.33434  95
   43                       0.256799          2.3159  97
   44                       0.257209         2.31189  99
   45                       0.257227         2.28906  101
   46                       0.257448         2.28863  103
   47                       0.257856          2.3137  105
   48                       0.257708         2.28938  107
   49                       0.257819         2.26533  109
   50                       0.258192         2.27375  111
   51                       0.258858         2.28086  113
   52                       0.259282         2.27057  115
   53                       0.259465          2.2535  117
   54                       0.259526         2.26315  119
   55                       0.259308         2.26668  121
   56                       0.259093         2.25594  123
   57                        0.25877         2.27448  125
   58                       0.258779          2.2776  127
   59                       0.258683         2.26315  129
   60                       0.258498         2.25594  131
   61                       0.258381         2.26899  133
   62                        0.25825         2.26443  135
   63                       0.257825         2.25504  137
   64                       0.257666         2.25811  139
   65                        0.25755         2.25596  141
   66                        0.25715         2.25141  143
   67                       0.257044         2.25233  145
   68                       0.257027         2.25785  147
   69                       0.257019         2.25788  149
   70                       0.256849         2.25461  151
   71                       0.256555         2.25902  153
   72                       0.256538         2.26189  157
   73                       0.256467         2.26166  159
   74                       0.256407         2.25793  161
   75                       0.256431          2.2543  163
   76                        0.25645         2.25209  167
   77                       0.256476         2.24948  171
   78                       0.256495         2.24701  175
   79                       0.256491         2.24562  179
   80                       0.256488          2.2452  183
   81                       0.256498         2.24526  187
   82                       0.256502         2.24555  191
   83                       0.256518         2.24625  195
   84                       0.256551         2.24688  199
   85                       0.256573         2.24725  203
   86                       0.256538          2.2473  207
   87                       0.256478         2.24691  211
   88                       0.256432         2.24664  215
   89                       0.256358         2.24682  219
   90                       0.256305         2.24729  223
   91                       0.256221         2.24824  227
   92                       0.256125         2.24918  231
   93                        0.25601         2.24991  235
   94                         0.2559         2.25042  239
   95                       0.255809         2.25078  243
   96                       0.255747         2.25036  247
   97                       0.255681         2.24962  251
   98                       0.255652         2.24807  255
   99                       0.255494         2.24493  257
  100                       0.255388         2.24742  259
  101                        0.25544         2.24503  261
  102                       0.255595         2.24222  263
  103                       0.255691         2.24187  267
  104                        0.25584         2.24223  269
  105                       0.255897         2.24216  271
  106                       0.255873         2.24194  273
  107                       0.255832         2.24248  277
  108                       0.255803         2.24284  281
  109                       0.255768         2.24276  285
  110                       0.255729         2.24244  289
  111                       0.255696         2.24184  293
  112                       0.255665         2.24107  297
  113                       0.255641          2.2405  305
  114                       0.255604         2.23967  309
  115                        0.25555         2.23879  313
  116                       0.255454         2.23787  317
  117                       0.255407         2.23712  321
  118                       0.255364         2.23642  325
  119                       0.255299         2.23577  329
  120                       0.255245         2.23528  333
  121                       0.255197         2.23497  341
  122                       0.255112         2.23467  345
  123                       0.255015         2.23453  349
  124                       0.254969         2.23457  353
  125                       0.254938         2.23472  357
  126                       0.254915         2.23502  361
  127                       0.254906         2.23548  365
  128                       0.254955         2.23588  369
  129                       0.255013         2.23616  373
  130                       0.255056         2.23644  377
  131                       0.255109         2.23719  381
  132                       0.255149         2.23824  385
  133                       0.255215         2.24256  387
  134                       0.255261         2.24084  389
  135                       0.255138         2.23356  391
  136                       0.255024         2.22915  393
  137                       0.254988         2.22926  395
  138                       0.255031         2.22872  397
  139                       0.255093         2.22846  401
  140                       0.255157         2.22828  405
  141                       0.255207         2.22827  409
  142                       0.255244         2.22833  413
  143                       0.255273         2.22847  417
