    0          955948         2698.27          654711         220.289               0               0  1
    1          719271          2248.7          627599         22.6838         69.7915         6.60632  5
    2          453438          638.35          362518         23.7124          2083.4         319.425  7
    3          264018         588.994          193412         25.0235         1119.26         276.341  9
    4          208920         601.665          141924         25.2691         1009.74         174.108  13
    5          154404         580.068          103758         25.9984         152.685         209.634  15
    6          138956         579.256         86557.5         26.1974         184.055         257.138  17
    7          115816         498.632         56380.7         26.8349         435.743          446.32  19
    8         97692.6         418.412         38475.9         26.5938         400.076         603.454  21
    9         81875.1         433.395         30491.6          25.863         96.0784         529.855  23
   10         73222.6         438.067         23174.7         25.0338         114.379         479.226  25
   11         69884.7         442.452         20757.9         24.6045         87.3132         475.126  27
   12           65348         399.162         18298.9         24.1443         67.8157         478.684  29
   13           61494         354.095         16295.5         23.4897         103.879         450.417  33
   14         58441.9         361.846         14177.6         22.9864         88.9867         432.144  35
   15         56707.4          358.28         13544.2         22.7546          75.992         407.016  37
   16         52475.5         346.532         12288.7         21.8183         79.9692         318.658  39
   17         51561.5         319.886         12405.6         20.3842         234.238         224.521  41
   18         47574.1         305.601         12356.3         20.1972         82.3064         210.321  43
   19           46379         299.947         11516.8         20.0895         78.2669          210.45  45
   20         43939.6         288.145         9545.58         19.5857         104.576         203.622  47
   21         41813.5          276.15         8286.85         18.6239         143.569         187.344  49
   22         40818.4         274.325         8364.36         17.9497         137.041         176.688  51
   23         39459.4         273.987         7793.35         17.9969         101.447         171.034  53
   24         38254.9         270.191         7192.95         17.7324         103.799         157.391  55
   25         36530.1         264.375         6346.91         17.0781         123.667         135.026  57
   26         34962.4         268.979         5448.41          15.889         160.151         117.632  59
   27         33817.2         268.068         5115.68         15.2951         142.195         126.023  61
   28         32905.4         259.294         4839.21         15.3049         127.463         121.661  63
   29         32081.5         254.648         4504.98         15.1218         122.655         118.112  65
   30           31339         253.414         4232.55         14.6777         122.433         118.884  67
   31         30821.8         256.051         4110.38         14.2832         118.571         118.761  69
   32         30331.9         255.245         3922.74         14.1206         115.604         115.959  71
   33         29418.7         252.957         3629.09         13.6296         117.862         110.706  73
   34         29145.5         254.003         3668.06            13.1         126.542          111.33  75
   35         28615.6         253.151         3527.31         13.1572          108.07         108.757  77
   36           28216         252.152         3350.64          13.088          104.33         106.311  79
   37         27864.5         252.026         3218.16         12.9215         103.171         105.032  81
   38         27756.7         255.083         3276.07         12.5821         106.433          105.87  83
   39         27356.4         254.016         3178.19         12.5006         96.4056         106.451  85
   40         27161.4         253.765         3085.42          12.389         96.7004         106.998  87
   41         26913.5         254.411         2999.66         12.1301         98.7634          108.81  89
   42         26817.9         257.266         3049.81         11.6443         105.821         114.471  91
   43         26557.7         258.827         3019.39         11.5123         97.6691         115.393  93
   44         26405.7         258.851         2947.42         11.4137         98.7859         115.164  95
   45         26271.5         259.248         2903.06         11.2305         102.322         115.703  97
   46           26252         261.239         3014.61         10.8857         107.266         118.461  99
   47         26130.6         260.963         3053.71         10.7499         105.646         119.258  101
   48         25936.3         259.954         2966.17         10.7427         103.198         118.243  103
   49           25739         259.123         2893.37         10.7177         100.604         117.106  105
   50         25670.6         258.571         2992.58         10.5158          102.23         118.025  107
   51         25569.5         258.372         2986.62         10.3719         103.762          119.23  109
   52         25457.2         257.959         2932.08          10.335         103.265         119.302  111
   53           25336         257.002         2881.93         10.2108         106.432          120.23  113
   54           25294         256.773         2889.77         10.1561         106.456          120.79  117
   55         25250.9         256.611         2905.45         10.0937         106.226         121.448  121
   56         25209.2           256.6         2922.35         10.0292         105.891         122.094  125
   57         25185.1         256.512         2935.26         9.96596         106.694          122.73  129
   58           25167         256.519         2939.01         9.90195         108.178         123.344  133
   59         25145.9         256.592         2929.88         9.84625          109.78         123.822  137
   60         25128.2         256.853         2914.93         9.79043         111.549         124.313  141
   61         25117.5         257.165         2898.23         9.74035         113.426         124.772  145
   62         25107.2         257.361          2884.1          9.6951         115.139         125.222  149
   63         25099.5         257.546         2874.36         9.65479          116.54         125.659  153
   64         25099.5          257.74         2870.28         9.61963         117.788         126.079  157
   65         25098.6         257.857         2870.19         9.58811          118.75         126.479  161
   66         25097.6         257.955         2871.34         9.56984         119.176         126.712  173
   67         25096.9         258.101         2874.34         9.54237         119.783         127.078  181
   68         25096.4         258.177         2876.13         9.52877         120.047         127.263  191
   69         25092.8         258.195          2881.2         9.49381         120.847         127.752  199
   70           25085          258.06         2887.13         9.44314         122.142         128.506  203
   71         25074.3         257.781         2888.85           9.396         123.571          129.23  207
   72         25063.6         257.378         2886.54         9.35064         125.295          129.96  211
   73         25044.2         257.112         2878.32         9.30929         126.535         130.626  215
   74         25028.9         256.807         2867.38         9.27067         128.059          131.27  219
   75         25000.8         256.449         2855.35         9.22978         129.132         131.977  223
   76         24975.4         256.189         2847.24         9.19281         129.836          132.65  227
   77         24946.3         255.867         2843.88         9.15683         130.144         133.336  231
   78         24913.5         255.613          2845.8         9.11901         129.936         134.079  235
   79         24866.1         255.127         2854.37          9.0811         129.007         134.835  239
   80         24801.2         255.101         2861.14         9.04674         126.557         135.458  243
   81         24725.1         255.243         2860.47         9.01617          123.65         135.909  247
   82         24646.7         255.475         2850.71         8.99202         120.826          136.16  251
   83         24553.7         255.817         2834.86         8.97399         117.293         136.222  255
   84         24464.9         256.193         2823.58         8.96344         113.449         136.156  259
   85         24394.8         256.365         2821.57         8.95968         110.123         136.008  263
   86         24344.1         256.492         2827.52         8.95965         107.298          135.81  267
   87         24308.5          256.77         2837.55         8.96151         104.759         135.558  271
   88         24265.3         256.712         2842.57         8.96466         102.604         135.231  275
   89         24227.8         256.848         2842.78         8.96769         100.718         134.875  279
   90         24191.6         257.005          2841.2         8.97008         99.0028         134.505  283
   91         24171.1         257.254         2838.13         8.97012         97.9741         134.286  287
   92         24155.9         257.456         2835.48         8.96849         97.2701         134.145  291
   93         24137.1         257.438         2834.04         8.96459         96.6594         134.105  295
   94         24119.5         257.363          2835.8         8.95848         96.0497         134.168  299
   95         24091.3         257.165         2838.61         8.94925         95.0847         134.342  303
   96         24064.5         256.859         2842.32         8.93672         94.3616         134.624  307
   97         24044.8         256.536         2845.47         8.92197         94.0827         134.981  311
   98         24020.4         256.172         2843.64         8.90602         93.9051         135.375  315
   99         23986.7         255.838         2834.09         8.88909         93.6266         135.792  319
  100         23952.1         255.461         2820.03         8.87076         93.6137         136.261  323
  101         23927.3          255.28         2808.06         8.85508         93.6098         136.679  327
  102         23900.5         255.056         2798.24         8.84185         93.4172          137.02  331
  103         23881.9          255.02         2792.59         8.82948         93.1377         137.325  335
  104         23861.8         254.996         2791.21         8.81627         92.6021         137.622  339
  105         23850.7         254.982         2793.26         8.80392         92.3353         137.866  343
  106         23842.3         255.008          2795.8         8.79202         92.1589         138.053  347
  107         23830.6         255.056         2797.93         8.77772         91.9317         138.231  351
  108         23823.2         255.062          2798.9         8.76402         92.0398          138.38  355
  109         23814.9         254.917         2797.92         8.75179         92.3909         138.493  359
  110         23804.1         254.656          2795.2         8.74072          92.839         138.584  363
  111         23799.5          254.61          2791.9         8.73118         93.2485          138.66  367
  112         23798.3         254.546         2789.22         8.72094         93.8336         138.756  371
  113         23796.5         254.432         2788.35         8.71114          94.342         138.862  375
  114         23792.9         254.322         2788.65         8.70204         94.6488         138.977  379
  115         23790.1         254.242         2790.22         8.69273         94.8806         139.114  383
  116         23788.4         254.191         2791.67         8.68536         95.0503         139.233  391
  117         23787.8         254.163         2792.36         8.68158         95.1501         139.298  401
  118         23786.6         254.146         2792.61         8.67768         95.2295         139.368  411
  119         23785.9         254.114         2793.22         8.66855         95.4944         139.541  419
  120         23784.3         254.119         2792.54         8.66261         95.6173         139.662  431
