    0                       0.796143          35.015  1
    1                       0.726798         34.2823  5
    2                       0.387238         26.0552  7
    3                       0.371966         19.0314  9
    4                       0.375946         16.3026  13
    5                       0.369137         13.9393  15
    6                       0.368879         12.7316  17
    7                       0.342246         10.2753  19
    8                       0.313509         8.48836  21
    9                       0.319073         7.55647  23
   10                       0.320788         6.58775  25
   11                        0.32239         6.23478  27
   12                       0.306212         5.85385  29
   13                       0.288408         5.52413  33
   14                       0.291548         5.15264  35
   15                       0.290108         5.03624  37
   16                       0.285312         4.79714  39
   17                       0.274123          4.8199  41
   18                       0.267932         4.81031  43
   19                       0.265442         4.64403  45
   20                       0.260168         4.22796  47
   21                       0.254695         3.93935  49
   22                       0.253852         3.95773  51
   23                       0.253696         3.82025  53
   24                       0.251932         3.67014  55
   25                       0.249206         3.44755  57
   26                       0.251366         3.19422  59
   27                        0.25094         3.09515  61
   28                         0.2468         3.01035  63
   29                       0.244579         2.90453  65
   30                       0.243985         2.81534  67
   31                       0.245251         2.77441  69
   32                       0.244865         2.71034  71
   33                       0.243765         2.60692  73
   34                       0.244268         2.62088  75
   35                       0.243859         2.57011  77
   36                       0.243377         2.50492  79
   37                       0.243316          2.4549  81
   38                       0.244787         2.47688  83
   39                       0.244275          2.4396  85
   40                       0.244154         2.40374  87
   41                       0.244464         2.37009  89
   42                       0.245832         2.38982  91
   43                       0.246577         2.37787  93
   44                       0.246589         2.34936  95
   45                       0.246778         2.33162  97
   46                       0.247723         2.37599  99
   47                       0.247593         2.39135  101
   48                       0.247113         2.35683  103
   49                       0.246718         2.32772  105
   50                       0.246455          2.3673  107
   51                       0.246361         2.36494  109
   52                       0.246163         2.34324  111
   53                       0.245706         2.32312  113
   54                       0.245597         2.32627  117
   55                        0.24552         2.33258  121
   56                       0.245514         2.33935  125
   57                       0.245472         2.34451  129
   58                       0.245476         2.34601  133
   59                        0.24551         2.34236  137
   60                       0.245635         2.33638  141
   61                       0.245784         2.32968  145
   62                       0.245878         2.32399  149
   63                       0.245966         2.32006  153
   64                       0.246059         2.31842  157
   65                       0.246115         2.31838  161
   66                       0.246162         2.31884  173
   67                       0.246231         2.32005  181
   68                       0.246267         2.32078  191
   69                       0.246276         2.32282  199
   70                       0.246212         2.32521  203
   71                       0.246079          2.3259  207
   72                       0.245886         2.32497  211
   73                       0.245759         2.32166  215
   74                       0.245613         2.31725  219
   75                       0.245442         2.31238  223
   76                       0.245318         2.30909  227
   77                       0.245163         2.30773  231
   78                       0.245041         2.30851  235
   79                       0.244809         2.31198  239
   80                       0.244796         2.31472  243
   81                       0.244864         2.31445  247
   82                       0.244976          2.3105  251
   83                       0.245139         2.30407  255
   84                       0.245319         2.29948  259
   85                       0.245401         2.29866  263
   86                       0.245462         2.30108  267
   87                       0.245595         2.30516  271
   88                       0.245568          2.3072  275
   89                       0.245633         2.30729  279
   90                       0.245708         2.30664  283
   91                       0.245827          2.3054  287
   92                       0.245923         2.30432  291
   93                       0.245915         2.30373  295
   94                       0.245879         2.30445  299
   95                       0.245784         2.30559  303
   96                       0.245638          2.3071  307
   97                       0.245484         2.30838  311
   98                       0.245309         2.30763  315
   99                       0.245149         2.30375  319
  100                       0.244969         2.29803  323
  101                       0.244882         2.29315  327
  102                       0.244774         2.28914  331
  103                       0.244757         2.28683  335
  104                       0.244746         2.28626  339
  105                       0.244739          2.2871  343
  106                       0.244751         2.28814  347
  107                       0.244774         2.28901  351
  108                       0.244777         2.28941  355
  109                       0.244708         2.28901  359
  110                       0.244582          2.2879  363
  111                        0.24456         2.28654  367
  112                        0.24453         2.28544  371
  113                       0.244475         2.28509  375
  114                       0.244422         2.28521  379
  115                       0.244384         2.28585  383
  116                       0.244359         2.28645  391
  117                       0.244345         2.28673  401
  118                       0.244337         2.28683  411
  119                       0.244322         2.28708  419
  120                       0.244324          2.2868  431
