    0          888491         2698.27          654711         220.289               0               0  1
    1          543400         2231.04          502695         23.0769         73.4373         250.227  7
    2          212801         1719.43          143744         27.8509         133.829          1496.6  9
    3          176976         1182.08         96558.7         27.0074         61.9975         2312.96  11
    4          136844         1221.63           97361         26.5515          35.537         305.614  13
    5          127718         1185.67         89635.5         26.4202         23.0569          263.66  15
    6         96772.7         929.228         54022.2         26.0292         13.1422         590.619  17
    7         77940.3         791.007         35808.2         25.0876         21.2682         633.198  19
    8         66770.1         663.485         24538.9         23.9021         37.1333         713.447  23
    9         58036.6         647.004         20458.9         22.9577         15.4671         553.785  25
   10         55271.5         659.102         18830.6         22.8171         14.3933         502.018  27
   11           53989         630.842         18312.6         21.5699         15.7345         531.879  29
   12         50524.5         634.627         17477.4         21.6278         12.3187         399.993  31
   13         49323.8         627.097         16651.1         21.4997         12.4394         389.435  33
   14         44849.3         594.743         13408.4         20.5936         11.8692         381.806  35
   15         40341.9         576.786         11073.3         19.1497         11.9542         349.792  37
   16         38861.6         574.306         10411.3         18.4904         31.3706         323.044  41
   17         35575.9         600.501         10182.4          17.228         15.6995         242.454  43
   18         33541.6         616.562          9530.1         16.4517         12.9463         210.904  45
   19         30963.6         635.812         8155.35          15.369         12.3775         200.628  47
   20         28960.2         664.857         7525.54         14.1873         17.8243         178.332  49
   21         27166.1         615.633         6729.19         13.8111         20.1964         157.186  51
   22         25422.9         593.641          5943.3         13.7834         12.5916         123.808  53
   23         24358.3         577.482         5341.24         13.5193         13.7782          116.74  55
   24         23612.7          568.34         4969.89         13.1972         16.0767          114.12  57
   25         22806.2         558.511         4788.64         12.5253         18.6174         116.366  59
   26         22002.1         555.874         4437.21         12.3024         15.1076         109.048  61
   27         21450.4         554.879         4116.91         12.0907         15.7335         107.691  63
   28         20912.4         548.068          4043.4         11.6795         16.0881          106.37  65
   29         20373.4         535.433         3986.97         10.9567         20.1423         117.484  67
   30         19722.6         530.578          3702.3         10.8052         18.1345         109.978  69
   31         19263.7         524.971         3434.27          10.593         19.0566         111.522  71
   32         18938.4         519.622         3315.69         10.2476         20.0965         118.753  73
   33         18564.7         514.256         3243.35         9.78241         22.0145         126.371  75
   34         18276.3          512.67         3121.91         9.57168         22.9435         128.027  77
   35         18014.6         510.662         3055.38          9.3125          24.029         130.643  79
   36         17807.4         509.192          3049.7         9.06048         24.8964         132.669  81
   37         17581.9         507.798         3021.71         8.78802          26.424         135.237  83
   38         17401.6         505.761         3008.14         8.35151         30.3404         145.316  85
   39         17228.8         505.617         2949.48         8.22203         30.3972         146.065  87
   40         17114.4         505.265         2898.09         8.10045         31.3519         148.123  89
   41         16971.6         504.593         2880.23          7.8466         33.3094         152.782  91
   42           16889         504.549         2899.74         7.41073         38.7448         164.045  93
   43         16739.8         504.258         2860.19         7.40832         37.1069         160.395  95
   44           16637         504.145         2828.31         7.30049         37.9643         161.412  97
   45         16552.5         504.277          2821.5         7.11628         39.7102         164.958  99
   46         16465.9         504.804         2816.46         6.80133         44.7282         171.475  101
   47         16327.7         505.243         2807.75         6.67579         43.7939         172.102  103
   48         16212.5         505.661         2780.37         6.57368          44.409         172.099  105
   49         16094.2         506.515         2769.53         6.42182         45.7838          172.73  107
   50         16046.1          508.84         2800.17         6.11591         53.8642         175.427  109
   51         15887.4         509.346            2781         6.09187         48.9226         174.466  111
   52         15835.5         509.456         2766.24         6.06647         48.9022         173.875  113
   53         15777.6          509.94         2765.65         5.99164         49.7456         173.786  115
   54         15718.7         510.667         2770.72         5.85611          52.377         174.549  117
   55         15649.8         511.738         2788.36         5.75842         52.2182         174.997  119
   56         15606.7         512.165         2782.23         5.70254         52.7254         175.327  121
   57         15563.3         512.474         2784.22         5.62842         53.7014         175.715  123
   58         15529.2         512.723         2806.98         5.54353         55.0178         175.736  125
   59         15488.9         512.711          2802.5         5.52865         54.6434         175.068  127
   60         15442.8         512.468         2808.39         5.49678         54.8686         173.895  129
   61         15410.4         512.379         2819.75         5.46249         55.1111           173.2  131
   62         15366.8         512.261         2837.48         5.40853         55.8594         172.116  133
   63         15335.3         512.184         2831.01         5.37514         56.5185         171.895  135
   64         15307.3         512.112         2820.56         5.36201            56.4         171.808  137
   65         15286.4         511.864         2812.23         5.35603         56.2927         171.651  139
   66         15265.2         511.274         2810.13         5.34286         56.4828         171.307  141
   67         15238.4         510.779         2810.86         5.33225         56.2768         170.795  143
   68         15213.9         510.222         2807.86         5.32408         56.2693         170.275  145
   69         15196.2         509.063         2810.36         5.31227         56.5938          169.82  147
   70           15172         508.597          2808.5          5.3085          56.316         169.285  149
   71         15156.1         508.006         2801.88         5.30785         56.2338         169.085  151
   72         15135.8         506.668         2794.63         5.30793         56.1176         168.875  153
   73         15130.7         503.932         2787.33         5.31017         56.9958         168.681  155
   74         15103.2         503.977         2781.35          5.3093         56.0226         168.611  157
   75         15083.7         502.955         2769.69         5.31123         55.8553         168.548  159
   76         15068.1         501.146         2760.69         5.31415         55.8606         168.514  161
   77         15058.9         497.591         2752.98         5.31944         56.4217         168.505  163
   78         15035.1         496.454          2750.5           5.319         55.7955         168.371  165
   79         15016.5         494.696         2747.57         5.31977         55.6858         168.098  167
   80         15001.9         492.927         2748.48         5.32044         55.6286         167.788  169
   81         14992.5         489.601         2756.37         5.32382         55.9489         167.267  171
   82         14966.6         489.049         2753.94         5.32291          55.159         167.065  173
   83         14947.3         488.008         2747.79         5.32454         54.9027         166.843  175
   84         14929.4         486.597         2743.28         5.32729         54.6258         166.669  177
   85         14916.8         483.349         2737.86         5.33461         54.8379         166.543  179
   86           14888         482.502         2732.04         5.33507         54.0514         166.367  181
   87         14868.6         481.025         2723.26         5.33702         53.9445         166.218  183
   88         14854.9         479.316         2720.93         5.33845         53.8487         166.097  185
   89         14845.3         476.084         2726.86         5.34083         53.9455         165.914  187
   90         14823.8         475.115         2725.21         5.33852         53.4511         165.775  189
   91         14801.8         472.989         2724.36         5.33696         53.2393         165.537  191
   92         14785.2         470.829         2727.72          5.3352         52.9717         165.436  193
   93         14766.3         467.777         2730.48         5.33391         52.6404          165.51  195
   94         14742.3         465.645         2718.76         5.33219         52.4617         165.693  197
   95         14718.2         463.829         2703.61         5.33156         52.2025          165.99  199
   96         14699.7         462.311         2693.22         5.33034         51.9692         166.259  201
   97           14681         460.544         2685.98         5.32822         51.5822         166.623  203
   98         14662.7          459.15         2681.44         5.32411         51.2957         166.775  205
   99         14645.5         457.634          2679.3         5.31915         51.0959         166.847  207
  100         14632.9         454.627          2680.3          5.3117         51.2079         167.182  209
  101           14615         452.905         2674.43         5.30513         51.0807         167.462  211
  102         14599.5         451.693         2664.84         5.30165         51.0501         167.678  213
  103         14589.1         449.204         2655.85         5.29656         51.1267         168.409  215
  104         14575.4          447.44         2649.33         5.29056          51.065          168.85  217
  105         14562.6         446.686         2643.24         5.28684         50.9403         169.014  219
  106         14551.9         444.546         2641.28         5.27863         50.9116         169.551  221
  107         14543.8         443.619         2640.46           5.273         50.9051         169.706  225
  108         14534.2         442.106          2637.8         5.26515         51.0241          170.01  227
  109         14521.5         440.602         2637.74         5.25595         51.0249         170.216  229
  110         14511.3         439.269         2642.48         5.24627         50.9472         170.362  231
  111         14494.2         439.714         2638.47          5.2461         50.3451         170.206  233
  112           14471          440.46         2631.26         5.24817         49.4177         170.047  235
  113         14461.8         440.879          2628.4         5.24791         49.0098         170.046  237
  114         14448.3         440.971         2621.96         5.24719         48.7139         169.999  239
  115         14436.9         440.605         2615.65         5.24432         48.6652         170.029  241
  116         14431.9         440.265         2615.75         5.24171         48.6583         169.997  243
  117         14425.3         440.096         2615.97         5.23992         48.4973         169.951  245
  118         14414.5         439.387         2619.56         5.23524         48.2799         169.859  247
  119         14406.4         439.093         2616.99         5.23368         48.1393         169.874  249
  120         14397.7         439.054         2612.16         5.23407         47.9038         169.904  251
  121         14383.5         438.718         2603.12          5.2353         47.4886         170.084  253
  122         14378.3         438.527         2598.49         5.23486         47.4314         170.184  255
  123         14372.5         438.416         2594.86         5.23431         47.3289         170.231  257
  124         14368.9         438.067         2593.36         5.23302         47.2862         170.323  259
  125         14362.9         437.997         2593.26         5.23211         47.0866         170.292  261
  126           14357         437.919         2593.81         5.23171         46.8978         170.198  263
  127         14351.3         437.863         2603.22         5.23101         46.3619         170.028  265
  128         14351.2         437.692         2601.44         5.23134         46.3682         170.128  267
  129           14343         437.729         2597.95         5.23126         46.1416         170.114  269
  130         14339.5         437.643         2594.32         5.23154         46.0921         170.179  271
  131         14337.8         437.438         2590.75         5.23202         46.0746         170.318  273
  132         14337.1         437.385         2590.23         5.23198         46.0481         170.352  277
  133         14335.6         437.081         2589.47         5.23154         46.0004         170.458  279
  134         14334.2         436.626         2590.14         5.23025         45.9786         170.553  281
  135         14329.3          436.32         2591.59         5.22828          45.862         170.527  283
  136         14328.8          435.54         2601.86         5.22271         45.8833         170.444  285
  137         14322.1         435.562         2601.54         5.22141         45.6858         170.381  287
  138         14317.1         435.776         2598.33         5.22181         45.5288         170.376  289
  139         14314.1         435.859         2593.72           5.222         45.4869         170.467  291
  140         14312.8         435.751         2593.56         5.22093         45.4771         170.502  293
  141         14312.6         435.645         2593.32         5.22019         45.5107         170.532  295
  142         14312.4         435.535         2593.13         5.21953         45.5395         170.564  299
  143         14312.2         435.365            2593         5.21851         45.5846          170.61  303
  144           14312          435.21         2593.01         5.21747         45.6218          170.65  307
  145         14311.6         434.981         2593.16         5.21615         45.6709           170.7  311
  146         14311.1          434.75          2593.4         5.21477         45.7123         170.745  315
  147         14310.6         434.457          2593.7         5.21325         45.7701           170.8  319
  148           14310          434.22         2593.92          5.2118         45.8173         170.843  323
  149         14309.5         434.013         2594.11         5.21042          45.857         170.888  327
  150         14308.9         433.813         2594.23         5.20906         45.8933         170.932  331
  151         14308.3         433.735         2594.23         5.20834          45.898         170.953  341
  152         14307.3         433.583         2594.19         5.20734         45.8982         170.996  345
  153         14306.6         433.449          2594.1         5.20647         45.8975         171.042  349
  154         14305.8         433.354         2593.99         5.20566           45.88         171.087  353
  155         14305.4         433.243         2593.72         5.20505          45.876         171.147  357
  156         14304.6         433.195         2593.37         5.20437         45.8469           171.2  361
  157         14304.3         433.126         2592.78         5.20397         45.8237         171.272  365
  158         14303.5         433.092         2592.12         5.20349         45.7881         171.332  369
  159           14303         433.055         2591.28         5.20323         45.7635         171.398  373
  160         14301.9         433.002         2590.41         5.20294         45.7216         171.453  377
  161         14300.7         432.929         2589.54         5.20276         45.6844         171.506  381
  162         14299.7         432.645         2588.25         5.20255         45.6704         171.615  383
  163         14298.2         432.589         2588.34         5.20238          45.611         171.618  387
  164         14294.6         432.578          2589.1         5.20206         45.4564          171.57  389
  165         14290.9         432.604         2590.43         5.20168         45.3029         171.485  393
  166         14289.3         432.812         2593.67         5.20159         45.2037         171.295  395
  167         14288.4         432.841         2593.43         5.20149         45.1745          171.29  399
  168         14285.9         432.767         2591.89         5.20124         45.1124         171.336  401
  169         14285.3          432.71         2590.72         5.20101         45.1073         171.396  403
  170         14284.6         432.693         2590.36         5.20087         45.0764          171.42  405
  171         14284.3         432.654         2590.32          5.2007         45.0738         171.427  407
  172         14283.9         432.547         2590.27         5.20022         45.0871         171.446  409
  173         14283.6         432.219         2590.18         5.19866         45.1514          171.53  411
  174         14283.2         432.039         2590.08         5.19773         45.1745         171.583  415
  175         14283.1         431.392         2589.47         5.19448         45.3445         171.767  417
  176         14282.5         431.247         2589.09         5.19351         45.3719         171.811  421
  177         14281.9         430.913         2588.15         5.19163         45.4735         171.904  423
  178         14281.7         430.719         2588.15         5.19032         45.5141         171.966  425
  179         14280.5         430.627         2588.56         5.18958         45.4634         171.999  427
  180         14279.4         430.462         2588.91         5.18858         45.4259         172.056  429
  181         14278.1         430.373         2588.47         5.18795         45.3802         172.109  431
  182         14277.7         430.331         2588.05         5.18746         45.3403         172.187  433
  183         14275.5         430.258         2587.42         5.18747         45.2613         172.203  435
  184         14273.5         430.173         2586.91         5.18759         45.2075           172.2  437
  185           14272          429.94         2587.19         5.18753         45.1858         172.195  439
  186           14270         429.859         2587.13         5.18699         45.1368         172.192  441
  187           14269         429.723          2587.2         5.18629         45.1496         172.195  443
  188         14268.3         429.439         2588.01           5.185         45.1924         172.212  445
  189         14268.3         429.148         2588.96         5.18374         45.2369         172.255  447
  190         14267.3         429.165         2588.16         5.18379         45.2103         172.268  449
  191         14266.5         429.094         2586.71         5.18357         45.2225         172.316  451
  192         14266.1         428.945          2585.3         5.18281         45.2613         172.403  453
  193         14265.9         428.893         2584.97         5.18238         45.2663         172.435  457
  194         14265.7         428.675         2584.39         5.18052         45.3291          172.54  459
  195         14265.4         428.613         2584.36         5.17982         45.3424         172.565  463
  196         14265.1         428.541         2584.44         5.17892         45.3637         172.588  467
  197         14264.7         428.458         2584.74          5.1777         45.3863          172.61  471
  198         14264.2         428.371         2585.24          5.1763         45.4035         172.636  475
  199           14264         428.298         2585.74         5.17495         45.4203         172.672  479
  200         14263.7         428.242         2586.15         5.17353         45.4277         172.712  483
  201         14263.6         428.177         2586.55         5.17213         45.4354         172.766  487
  202         14263.3         428.123         2586.72         5.17056         45.4434         172.827  491
  203         14263.2          428.08         2586.65         5.16916         45.4539         172.895  495
  204         14262.6         428.065         2586.34         5.16733         45.4635         172.967  503
  205         14262.3          428.06         2585.72         5.16606         45.4717         173.041  511
  206         14262.1         428.052         2584.89         5.16474         45.4876         173.123  519
  207         14261.8         428.041         2583.86         5.16336         45.5068         173.213  527
  208         14261.6         428.027         2582.87         5.16211         45.5275         173.298  535
  209         14261.2         428.003         2581.89         5.16104          45.538         173.375  543
  210         14260.6         427.938         2580.65         5.15984         45.5462         173.477  547
  211         14259.8         427.859          2579.5         5.15806         45.5598          173.59  555
  212         14259.5         427.708         2578.54         5.15658         45.5765         173.717  559
  213         14258.7         427.515         2577.92         5.15454         45.5975         173.836  563
  214         14257.9         427.262         2577.56         5.15255         45.6288         173.944  567
  215         14256.4         426.937         2577.37         5.15019         45.6561          174.05  571
  216           14255         426.553         2577.32         5.14795         45.7003         174.149  575
  217         14253.2         426.103         2577.41         5.14549         45.7609         174.228  579
  218         14251.7         425.616         2577.59          5.1437         45.8306         174.284  583
  219         14250.2         424.427         2579.38         5.13997         46.0819         174.354  585
  220         14248.7         424.256         2579.66         5.13969         46.0513          174.35  589
  221           14244         424.256         2580.14         5.14097         45.8091         174.271  591
  222         14238.9         424.468         2580.25         5.14385         45.4726         174.152  595
  223         14233.9          425.29         2579.07         5.14966         44.9748         173.962  597
  224         14232.2         425.662         2577.92         5.15108         44.8233         173.919  599
  225         14230.1         425.515         2577.72         5.14914         44.8012          173.98  601
  226         14229.8         425.435         2577.79         5.14834         44.8235         174.003  605
  227         14229.7         425.354         2577.91         5.14776         44.8468         174.017  609
  228         14229.7         425.272         2578.05         5.14722         44.8714         174.031  613
  229         14229.6         425.156         2578.27         5.14651         44.9034         174.046  617
  230         14229.5         424.987         2578.59         5.14556         44.9491          174.07  621
  231         14229.4         424.808          2578.9         5.14452          44.997         174.099  625
  232         14229.3         424.624         2579.14         5.14348         45.0446         174.131  629
  233           14229         424.435          2579.3         5.14231         45.0924         174.168  637
  234         14228.9         424.273         2579.29          5.1414         45.1348         174.206  645
  235         14228.8         424.094         2579.16          5.1405         45.1863          174.25  653
  236         14228.7         423.944         2578.83         5.13973         45.2242         174.295  661
  237         14228.6         423.837         2578.48          5.1392         45.2547         174.331  669
  238         14228.4         423.733         2577.92         5.13868         45.2794         174.375  677
  239         14228.3         423.615         2577.21         5.13831         45.3105         174.426  681
  240         14228.1         423.509         2576.57         5.13774          45.341         174.473  689
  241         14228.1         423.432         2576.09          5.1374         45.3628          174.51  701
  242         14228.1         423.378         2575.65         5.13712         45.3781         174.543  713
