    0                       0.796143          35.015  1
    1                       0.723939         30.6818  7
    2                       0.635536         16.4068  9
    3                       0.526953          13.447  11
    4                       0.535695         13.5027  13
    5                       0.527751          12.956  15
    6                       0.467207         10.0581  17
    7                       0.431061         8.18881  19
    8                       0.394788         6.77887  23
    9                       0.389854         6.18971  25
   10                       0.393482         5.93829  27
   11                       0.384954         5.85605  29
   12                       0.386107         5.72094  31
   13                       0.383809         5.58407  33
   14                       0.373777         5.01092  35
   15                       0.368091         4.55374  37
   16                       0.367299         4.41552  41
   17                       0.375582          4.3667  43
   18                       0.380572         4.22453  45
   19                       0.386467         3.90797  47
   20                       0.395196         3.75403  49
   21                       0.380285         3.54986  51
   22                       0.373431         3.33613  53
   23                       0.368313         3.16264  55
   24                       0.365386         3.05072  57
   25                       0.362213         2.99458  59
   26                       0.361357          2.8826  61
   27                       0.361033         2.77661  63
   28                       0.358811         2.75171  65
   29                       0.354651         2.73244  67
   30                       0.353039         2.63309  69
   31                       0.351169         2.53598  71
   32                       0.349375         2.49182  73
   33                       0.347567         2.46449  75
   34                        0.34703         2.41791  77
   35                        0.34635           2.392  79
   36                       0.345851         2.38978  81
   37                       0.345377         2.37879  83
   38                       0.344684         2.37344  85
   39                       0.344635         2.35019  87
   40                       0.344515         2.32962  89
   41                       0.344286         2.32243  91
   42                       0.344271         2.33028  93
   43                       0.344171         2.31434  95
   44                       0.344133          2.3014  97
   45                       0.344178         2.29863  99
   46                       0.344358         2.29658  101
   47                       0.344507         2.29302  103
   48                        0.34465         2.28182  105
   49                       0.344941         2.27736  107
   50                       0.345731         2.28993  109
   51                       0.345903         2.28208  111
   52                       0.345941         2.27601  113
   53                       0.346105         2.27577  115
   54                       0.346352         2.27785  117
   55                       0.346715         2.28509  119
   56                       0.346859         2.28258  121
   57                       0.346964          2.2834  123
   58                       0.347048         2.29271  125
   59                       0.347044         2.29088  127
   60                       0.346962         2.29329  129
   61                       0.346932         2.29792  131
   62                       0.346892         2.30513  133
   63                       0.346866          2.3025  135
   64                       0.346841         2.29825  137
   65                       0.346757         2.29485  139
   66                       0.346557           2.294  141
   67                       0.346389         2.29429  143
   68                       0.346201         2.29307  145
   69                       0.345807         2.29409  147
   70                       0.345649         2.29333  149
   71                       0.345448         2.29062  151
   72                       0.344993         2.28766  153
   73                        0.34406         2.28467  155
   74                       0.344075         2.28222  157
   75                       0.343726         2.27743  159
   76                       0.343108         2.27373  161
   77                       0.341888         2.27055  163
   78                       0.341498         2.26952  165
   79                       0.340892         2.26832  167
   80                       0.340282         2.26869  169
   81                       0.339132         2.27195  171
   82                       0.338941         2.27095  173
   83                        0.33858         2.26841  175
   84                        0.33809         2.26655  177
   85                        0.33696         2.26431  179
   86                       0.336665          2.2619  181
   87                       0.336149         2.25826  183
   88                       0.335552         2.25729  185
   89                       0.334418         2.25975  187
   90                       0.334078         2.25907  189
   91                       0.333329         2.25871  191
   92                       0.332567         2.26011  193
   93                       0.331488         2.26125  195
   94                       0.330732         2.25639  197
   95                       0.330086          2.2501  199
   96                       0.329545         2.24577  201
   97                       0.328915         2.24275  203
   98                       0.328417         2.24085  205
   99                       0.327874         2.23996  207
  100                       0.326795         2.24038  209
  101                       0.326176         2.23792  211
  102                       0.325739         2.23391  213
  103                        0.32484         2.23013  215
  104                       0.324202         2.22739  217
  105                       0.323929         2.22483  219
  106                       0.323152         2.22401  221
  107                       0.322815         2.22366  225
  108                       0.322264         2.22254  227
  109                       0.321715         2.22252  229
  110                       0.321228         2.22452  231
  111                       0.321391         2.22283  233
  112                       0.321663         2.21979  235
  113                       0.321816         2.21858  237
  114                        0.32185         2.21586  239
  115                       0.321716         2.21319  241
  116                       0.321592         2.21324  243
  117                        0.32153         2.21333  245
  118                       0.321271         2.21485  247
  119                       0.321164         2.21376  249
  120                       0.321149         2.21172  251
  121                       0.321026         2.20788  253
  122                       0.320957         2.20592  255
  123                       0.320916         2.20438  257
  124                       0.320788         2.20374  259
  125                       0.320763          2.2037  261
  126                       0.320734         2.20393  263
  127                       0.320714         2.20793  265
  128                       0.320651         2.20717  267
  129                       0.320665         2.20569  269
  130                       0.320633         2.20415  271
  131                       0.320558         2.20263  273
  132                       0.320538         2.20241  277
  133                       0.320427         2.20209  279
  134                        0.32026         2.20238  281
  135                       0.320148         2.20299  283
  136                       0.319862         2.20735  285
  137                        0.31987         2.20722  287
  138                       0.319948         2.20585  289
  139                       0.319979         2.20389  291
  140                       0.319939         2.20383  293
  141                         0.3199         2.20373  295
  142                        0.31986         2.20364  299
  143                       0.319797         2.20359  303
  144                        0.31974          2.2036  307
  145                       0.319657         2.20366  311
  146                       0.319571         2.20376  315
  147                       0.319464         2.20389  319
  148                       0.319377         2.20398  323
  149                         0.3193         2.20406  327
  150                       0.319227         2.20411  331
  151                       0.319198         2.20411  341
  152                       0.319142          2.2041  345
  153                       0.319093         2.20406  349
  154                       0.319058         2.20401  353
  155                       0.319017         2.20389  357
  156                       0.318999         2.20375  361
  157                       0.318974          2.2035  365
  158                       0.318962         2.20322  369
  159                       0.318948         2.20286  373
  160                       0.318928         2.20249  377
  161                       0.318901         2.20212  381
  162                       0.318797         2.20157  383
  163                       0.318776         2.20161  387
  164                       0.318772         2.20193  389
  165                       0.318782          2.2025  393
  166                       0.318859         2.20387  395
  167                       0.318869         2.20377  399
  168                       0.318842         2.20312  401
  169                       0.318821         2.20262  403
  170                       0.318814         2.20247  405
  171                         0.3188         2.20245  407
  172                       0.318761         2.20243  409
  173                        0.31864         2.20239  411
  174                       0.318573         2.20235  415
  175                       0.318335         2.20209  417
  176                       0.318281         2.20193  421
  177                       0.318158         2.20153  423
  178                       0.318087         2.20153  425
  179                       0.318052          2.2017  427
  180                       0.317991         2.20185  429
  181                       0.317959         2.20166  431
  182                       0.317943         2.20149  433
  183                       0.317916         2.20122  435
  184                       0.317885           2.201  437
  185                       0.317799         2.20112  439
  186                       0.317769          2.2011  441
  187                       0.317719         2.20112  443
  188                       0.317613         2.20147  445
  189                       0.317506         2.20187  447
  190                       0.317512         2.20153  449
  191                       0.317486         2.20092  451
  192                       0.317431         2.20032  453
  193                       0.317412         2.20018  457
  194                       0.317331         2.19993  459
  195                       0.317308         2.19991  463
  196                       0.317281         2.19995  467
  197                        0.31725         2.20008  471
  198                       0.317218         2.20029  475
  199                       0.317191          2.2005  479
  200                       0.317171         2.20068  483
  201                       0.317147         2.20085  487
  202                       0.317126         2.20092  491
  203                        0.31711         2.20089  495
  204                       0.317105         2.20076  503
  205                       0.317103         2.20049  511
  206                         0.3171         2.20014  519
  207                       0.317096          2.1997  527
  208                       0.317091         2.19928  535
  209                       0.317082         2.19886  543
  210                       0.317058         2.19833  547
  211                       0.317029         2.19785  555
  212                       0.316973         2.19744  559
  213                       0.316901         2.19717  563
  214                       0.316807         2.19702  567
  215                       0.316687         2.19694  571
  216                       0.316544         2.19692  575
  217                       0.316378         2.19696  579
  218                       0.316197         2.19703  583
  219                       0.315755         2.19779  585
  220                       0.315691         2.19791  589
  221                       0.315691         2.19812  591
  222                        0.31577         2.19816  595
  223                       0.316075         2.19766  597
  224                       0.316214         2.19717  599
  225                       0.316159         2.19709  601
  226                       0.316129         2.19712  605
  227                       0.316099         2.19717  609
  228                       0.316069         2.19723  613
  229                       0.316026         2.19732  617
  230                       0.315963         2.19746  621
  231                       0.315896         2.19759  625
  232                       0.315828         2.19769  629
  233                       0.315757         2.19776  637
  234                       0.315697         2.19776  645
  235                       0.315631          2.1977  653
  236                       0.315575         2.19756  661
  237                       0.315535         2.19741  669
  238                       0.315496         2.19717  677
  239                       0.315452         2.19687  681
  240                       0.315413         2.19659  689
  241                       0.315384         2.19639  701
  242                       0.315364         2.19621  713
