    0                       0.796143          35.015  1
    1                       0.792968         30.6526  7
    2                       0.777807         14.5166  9
    3                       0.770153         9.33234  11
    4                       0.762691         8.25253  13
    5                       0.752593         6.46341  15
    6                       0.742506         5.42918  17
    7                       0.725143         4.66817  19
    8                        0.71188         4.22864  21
    9                       0.700775         3.97752  23
   10                       0.670531         3.56233  25
   11                       0.625815         3.14891  27
   12                       0.620394         2.98905  29
   13                       0.608744         2.85108  31
   14                        0.59171         2.74073  33
   15                       0.555167         2.62957  35
   16                       0.506861         2.56001  37
   17                       0.501001         2.44161  39
   18                       0.490037          2.3652  41
   19                       0.474307          2.2939  43
   20                        0.45605         2.27949  45
   21                       0.455856         2.19779  47
   22                       0.455352         2.15262  49
   23                       0.451521         2.11155  51
   24                       0.450832         2.14006  53
   25                       0.451034          2.0591  55
   26                       0.451344         2.02466  57
   27                       0.453369         1.98778  59
   28                       0.458423         1.97588  61
   29                       0.464077          1.9562  63
   30                       0.464287         1.91945  65
   31                       0.468513         1.89038  67
   32                       0.479526         1.85993  69
   33                       0.491567         1.82807  71
   34                       0.491691         1.79849  73
   35                       0.497071         1.77598  75
   36                       0.501796         1.76468  77
   37                       0.509758         1.75083  79
   38                       0.515789         1.73464  81
   39                       0.521293         1.72083  83
   40                       0.526882         1.71337  85
   41                       0.529459         1.70771  87
   42                       0.530005         1.70504  89
   43                       0.531394         1.70596  91
   44                       0.533254         1.70677  93
   45                       0.534654         1.70281  95
   46                       0.537193         1.69783  97
   47                       0.540325          1.7026  99
   48                       0.540042         1.69207  101
   49                       0.539903         1.68964  103
   50                       0.540094         1.68825  105
   51                        0.53995         1.68996  107
   52                       0.539975         1.68957  109
   53                       0.539476         1.68752  111
   54                       0.538064         1.68784  113
   55                       0.536756         1.68945  115
   56                       0.536167         1.68575  117
   57                       0.534138         1.68426  119
   58                       0.532451          1.6858  121
   59                       0.527139         1.69825  123
   60                       0.525677         1.69387  125
   61                        0.52511         1.69069  127
   62                       0.522566         1.68965  129
   63                       0.518073         1.70021  131
   64                       0.517733         1.69306  133
   65                       0.516152         1.69201  135
   66                        0.51389         1.69326  137
   67                       0.509933         1.69554  139
   68                       0.505623         1.69767  141
   69                       0.505371         1.69523  143
   70                        0.50397         1.69439  145
   71                        0.50194          1.6952  147
   72                       0.497296         1.70014  149
   73                       0.495567         1.69985  151
   74                       0.494956         1.69849  153
   75                       0.493332         1.69835  155
   76                       0.490285         1.70206  157
   77                       0.489856         1.69984  159
   78                       0.489039         1.69944  161
   79                       0.487624         1.69961  163
   80                       0.485149         1.70018  165
   81                       0.481481         1.70283  167
   82                       0.482379         1.70006  169
   83                       0.482432         1.69943  171
   84                       0.481788         1.69922  173
   85                       0.479999         1.69978  175
   86                       0.478086         1.69981  177
   87                       0.477374         1.69887  179
   88                       0.476051          1.6984  181
   89                       0.475029         1.69871  183
   90                       0.474162         1.69885  185
   91                       0.473307         1.69941  187
   92                        0.47221         1.70011  189
   93                       0.471101         1.70074  191
   94                       0.469927         1.70148  193
   95                       0.469255         1.70135  195
   96                       0.469048         1.70104  197
   97                       0.468168         1.70218  199
   98                       0.467346         1.70268  201
   99                       0.466954          1.7027  203
  100                       0.465434         1.70398  205
  101                       0.463795         1.70642  207
  102                       0.464181         1.70448  209
  103                       0.463979         1.70407  211
  104                       0.463359         1.70386  213
  105                        0.46255         1.70343  215
  106                       0.461375          1.7027  217
  107                       0.460958         1.70131  219
  108                        0.46015         1.69899  221
  109                       0.459623          1.6971  223
  110                       0.459569          1.6958  225
  111                         0.4591         1.69339  227
  112                       0.458726         1.69159  229
  113                       0.458057         1.68877  233
  114                       0.457197          1.6843  235
  115                       0.456941         1.68267  237
  116                       0.456447          1.6803  239
  117                       0.456123         1.67923  241
  118                         0.4559         1.67881  243
  119                       0.455336         1.67905  245
  120                       0.455079           1.679  247
  121                        0.45487         1.67888  249
  122                       0.454393         1.67926  251
  123                       0.453964         1.67992  255
  124                       0.453647          1.6799  257
  125                       0.453052         1.68052  259
  126                       0.452734         1.68035  261
  127                       0.452725         1.67975  263
  128                        0.45244         1.67897  265
  129                       0.452164         1.67887  267
  130                       0.451435         1.67942  269
  131                       0.451096           1.679  271
  132                       0.451034         1.67798  273
  133                       0.450785         1.67664  275
  134                        0.45055         1.67564  277
  135                       0.449947         1.67332  279
  136                       0.449768         1.67149  281
  137                       0.449716         1.67064  283
  138                         0.4495         1.66884  285
  139                       0.449271         1.66758  289
  140                       0.448974         1.66547  291
  141                       0.448642         1.66323  293
  142                        0.44835          1.6614  295
  143                       0.448252         1.66065  297
  144                       0.448075         1.65959  299
  145                       0.447863         1.65836  301
  146                       0.447412         1.65651  303
  147                       0.447362          1.6555  305
  148                       0.447313         1.65505  307
  149                       0.447172         1.65434  309
  150                       0.446857         1.65397  311
  151                       0.446815         1.65282  313
  152                       0.446719         1.65224  315
  153                       0.446568         1.65159  317
  154                       0.446336         1.65069  319
  155                       0.446183         1.64993  323
  156                       0.446013         1.64918  325
  157                       0.445981           1.649  327
  158                       0.445927         1.64891  329
  159                       0.445894         1.64925  331
  160                        0.44592         1.64977  333
  161                       0.445962         1.65026  335
  162                       0.445982         1.65026  337
  163                       0.446032         1.65054  339
  164                       0.446108         1.65124  341
  165                       0.446131         1.65102  343
  166                       0.446177         1.65107  345
  167                       0.446258         1.65125  347
  168                       0.446483           1.652  349
  169                       0.446786         1.65239  351
  170                        0.44674         1.65159  353
  171                       0.446778         1.65136  355
  172                       0.446905         1.65095  357
  173                       0.447262         1.65056  359
  174                        0.44746         1.64972  361
  175                        0.44765         1.64918  363
  176                       0.447911         1.64866  365
  177                       0.448157         1.64837  369
  178                        0.44853         1.64774  371
  179                        0.44887          1.6472  373
  180                       0.449356         1.64673  375
  181                       0.449514         1.64642  377
  182                       0.449701         1.64626  379
  183                       0.450032         1.64612  381
  184                       0.450347         1.64592  383
  185                       0.450713         1.64563  385
  186                       0.451289         1.64557  387
  187                       0.451761         1.64533  389
  188                       0.451987          1.6453  391
  189                       0.452634         1.64574  393
  190                       0.453065         1.64575  395
