    0                       0.796143          35.015  1
    1                       0.794555         30.6529  7
    2                       0.784198         13.9626  9
    3                       0.778665         8.74626  11
    4                       0.771292         6.47277  13
    5                       0.764521         5.43588  15
    6                       0.759015         4.73315  17
    7                       0.747487         4.09698  19
    8                       0.732057         3.61088  21
    9                       0.713415         3.18145  23
   10                       0.696833         2.92933  25
   11                       0.687164         2.79867  27
   12                        0.67411         2.68502  29
   13                       0.653374         2.59427  31
   14                       0.625593         2.52047  33
   15                       0.611976         2.43128  35
   16                       0.591817         2.33425  37
   17                       0.557848         2.24585  39
   18                       0.520774         2.18066  41
   19                       0.515549         2.06947  43
   20                       0.503704         2.01789  45
   21                       0.493228         1.97956  47
   22                       0.477375         1.95574  49
   23                       0.473236         1.90195  51
   24                       0.466925         1.86554  53
   25                        0.45792         1.83551  55
   26                       0.453417         1.78877  57
   27                       0.450164         1.74117  59
   28                       0.448237         1.68991  61
   29                       0.449262         1.67542  63
   30                       0.449683         1.63569  65
   31                       0.451563         1.61773  67
   32                       0.453671         1.60645  69
   33                       0.457211         1.59725  71
   34                       0.457328         1.58434  73
   35                       0.458944         1.57556  75
   36                       0.461928         1.57375  77
   37                       0.468305         1.57258  79
   38                       0.470765         1.56121  81
   39                       0.474232         1.54986  83
   40                       0.480315         1.54445  85
   41                       0.487703         1.54704  87
   42                       0.489537         1.53865  89
   43                       0.489726         1.53187  91
   44                       0.492702          1.5262  93
   45                       0.496457         1.52608  97
   46                       0.499958         1.52368  99
   47                       0.503319         1.52305  101
   48                       0.506438         1.52263  103
   49                       0.510201         1.52161  105
   50                       0.512439         1.52174  107
   51                       0.514248         1.52262  109
   52                       0.515065         1.52461  111
   53                       0.515386         1.52477  113
   54                       0.516723         1.52791  115
   55                       0.517406         1.52619  117
   56                       0.518042         1.52496  119
   57                       0.519971         1.52422  121
   58                       0.522047         1.53286  123
   59                       0.521616         1.52556  125
   60                       0.521724         1.52509  127
   61                       0.522155          1.5259  129
   62                       0.522479         1.52502  131
   63                       0.523065         1.53072  133
   64                       0.522764         1.52132  135
   65                       0.522292         1.51856  137
   66                       0.521388         1.51569  139
   67                       0.520369         1.51751  141
   68                       0.519301         1.51639  143
   69                       0.519159         1.51523  145
   70                        0.51874         1.51468  147
   71                       0.517963         1.51485  149
   72                       0.516588         1.51524  151
   73                       0.515682         1.51425  153
   74                       0.514048         1.51334  155
   75                       0.512582          1.5141  157
   76                       0.511456         1.51305  159
   77                       0.509447         1.51249  161
   78                       0.508109         1.51338  163
   79                       0.507663         1.51196  165
   80                       0.505918         1.51048  167
   81                       0.504775         1.51022  169
   82                        0.50357         1.50969  171
   83                        0.49941         1.51321  173
   84                       0.498719         1.50909  175
   85                       0.499052         1.50799  177
   86                       0.498508         1.50629  179
   87                       0.495669         1.51013  181
   88                       0.495212         1.50682  183
   89                       0.493886         1.50701  185
   90                       0.492169         1.50785  187
   91                       0.489863         1.50938  189
   92                       0.488602         1.50885  191
   93                       0.488219         1.50845  193
   94                       0.487365         1.50853  195
   95                       0.486055         1.51115  197
   96                       0.485685         1.50909  199
   97                       0.485175         1.50839  201
   98                       0.484398         1.50793  203
   99                       0.482883         1.50743  205
  100                       0.481668         1.50802  209
  101                       0.480812         1.50795  211
  102                       0.480292          1.5082  213
  103                       0.479633         1.50865  215
  104                       0.478432          1.5095  217
  105                       0.477523         1.50951  219
  106                       0.476774         1.50926  221
  107                       0.475735         1.50889  223
  108                        0.47416         1.50876  225
  109                       0.473937         1.50793  227
  110                       0.473365          1.5075  229
  111                        0.47259         1.50724  231
  112                         0.4707         1.50778  233
  113                       0.470213         1.50693  235
  114                       0.469873          1.5068  237
  115                       0.469183         1.50671  239
  116                       0.467791         1.50673  241
  117                       0.466195         1.50621  243
  118                       0.465688         1.50577  245
  119                       0.464758         1.50517  247
  120                       0.463422         1.50494  249
  121                       0.463127          1.5043  251
  122                       0.462561         1.50387  253
  123                       0.461888         1.50354  255
  124                       0.460182         1.50319  257
  125                       0.457727          1.5026  259
  126                       0.457473         1.50224  261
  127                       0.457099         1.50149  263
