    0                       0.796143          35.015  1
    1                       0.765527         34.1555  5
    2                       0.659216         29.2751  7
    3                        0.52953         20.5359  9
    4                       0.519246         19.4593  13
    5                       0.481356         15.9438  15
    6                        0.46879         15.1439  17
    7                       0.457792         14.3508  19
    8                       0.458023         13.5908  23
    9                        0.47722         12.7259  25
   10                       0.539169         10.5856  27
   11                       0.621801         8.68331  29
   12                       0.556944         8.14677  31
   13                       0.518626         8.31582  33
   14                       0.514415         8.29326  35
   15                       0.510653         8.19848  37
   16                       0.524564         8.10468  39
   17                        0.55381         7.27323  43
   18                       0.587649         6.55293  45
   19                       0.614748          6.0655  47
   20                       0.619302         5.95439  49
   21                       0.615678         5.76759  51
   22                       0.586591          5.0385  53
   23                       0.553869          4.8883  55
   24                       0.537253         4.89241  57
   25                        0.54045         4.87283  59
   26                       0.539492         4.87919  61
   27                        0.52717         5.01016  63
   28                       0.512935         5.19535  65
   29                       0.506977         5.21264  67
   30                        0.50119         5.22297  69
   31                       0.495023         5.25384  71
   32                       0.491446         5.25322  75
   33                       0.487919          5.2348  77
   34                       0.482173         5.09709  79
   35                       0.478943         4.93096  81
   36                       0.480045         4.75866  83
   37                        0.48134         4.71916  85
   38                       0.483341         4.61746  87
   39                       0.484857         4.53543  89
   40                       0.485627         4.40271  91
   41                       0.484861         4.35178  93
   42                       0.482244         4.36341  95
   43                       0.479409         4.39724  97
   44                       0.477619         4.42421  99
   45                       0.478167         4.41068  101
   46                        0.47848         4.39683  103
   47                       0.479174         4.35128  105
   48                       0.479666          4.2971  107
   49                       0.479374         4.27501  111
   50                        0.47887          4.2536  113
   51                       0.478405         4.24784  115
   52                       0.477968         4.24461  117
   53                       0.477348         4.23758  119
   54                       0.477094         4.23521  123
   55                       0.477026         4.23155  125
   56                       0.477305         4.22696  127
   57                       0.477754          4.2236  129
   58                       0.478483         4.21772  131
   59                       0.479556         4.20872  133
   60                       0.480478         4.19643  135
   61                        0.48097         4.18661  137
   62                       0.483438         4.17027  139
   63                       0.482171          4.1671  141
   64                       0.481492         4.16609  143
   65                       0.481177         4.16256  145
   66                       0.482093          4.1621  147
   67                       0.483339         4.16208  149
   68                       0.485243         4.17146  151
   69                       0.485549         4.17344  153
   70                       0.485195         4.17262  155
   71                       0.484652         4.17588  157
   72                       0.483661         4.19559  159
   73                       0.482857         4.24078  161
   74                       0.482265         4.33787  163
   75                       0.482892         4.31901  165
   76                       0.483436         4.31771  167
   77                       0.484043         4.32082  169
   78                       0.485231         4.32641  171
   79                       0.485882         4.33522  175
   80                       0.486618          4.3476  177
   81                       0.486473         4.36315  179
   82                       0.485076         4.40871  181
   83                       0.483597         4.39956  183
   84                       0.483142         4.39554  185
   85                       0.482829         4.39128  187
   86                       0.480393         4.35817  189
   87                       0.479107          4.3441  191
   88                       0.478426         4.33629  193
   89                       0.478675         4.33584  195
   90                       0.479004         4.33572  197
   91                       0.479254         4.33465  199
   92                       0.479359         4.33337  205
