    0                       0.796143          35.015  1
    1                       0.764561         30.6552  7
    2                       0.724465         17.3026  9
    3                       0.702288         15.6159  13
    4                       0.678427         14.6377  15
    5                        0.65535         13.7073  17
    6                         0.6046         11.8974  19
    7                       0.574062          10.212  23
    8                       0.541556         8.55501  25
    9                       0.521412         7.20749  27
   10                       0.519925         6.77785  31
   11                       0.517628         6.59016  33
   12                       0.499963         6.07774  35
   13                       0.477241         5.74893  37
   14                       0.452954         5.78896  39
   15                       0.450022         5.75715  41
   16                       0.446314         5.61106  43
   17                       0.447863         5.34443  45
   18                       0.466032         5.15177  47
   19                       0.477662         5.11471  51
   20                       0.487767         5.04602  53
   21                       0.484517         4.76051  55
   22                       0.479237         4.52131  57
   23                       0.472333         4.29576  59
   24                         0.4735         4.14536  61
   25                       0.478865         3.87066  63
   26                       0.483782         3.78964  67
   27                       0.489009         3.76772  69
   28                       0.501008         3.66092  71
   29                       0.529678         3.46338  73
   30                       0.548028         3.19113  75
   31                       0.544061         3.04204  77
   32                       0.547528         2.98343  79
   33                       0.550882         2.91987  81
   34                       0.557478         2.88339  83
   35                       0.560633          2.8825  87
   36                       0.562708         2.89101  89
   37                       0.563914         2.86706  91
   38                       0.564656         2.83774  93
   39                       0.562122         2.76239  95
   40                        0.56142         2.74273  97
   41                       0.559676         2.70725  99
   42                       0.556528           2.685  101
   43                       0.551799         2.66653  103
   44                       0.542299         2.68442  105
   45                        0.53704         2.68337  107
   46                       0.533819         2.68581  109
   47                       0.531805          2.6831  111
   48                       0.530028         2.67438  113
   49                       0.526243          2.6698  117
   50                       0.523023         2.66183  119
   51                       0.518341         2.64573  121
   52                       0.511283         2.63333  123
   53                       0.510456         2.62609  125
   54                       0.510315         2.62259  127
   55                       0.508781         2.62639  129
   56                       0.507251         2.65028  131
   57                       0.505507         2.66427  133
   58                       0.505045         2.66164  135
   59                       0.503302         2.66914  137
   60                       0.502593         2.67074  139
   61                       0.502386         2.66628  141
   62                        0.50082         2.66152  143
   63                        0.50041         2.66505  145
   64                       0.500389          2.6648  147
   65                       0.500173         2.66618  149
   66                       0.499719         2.67177  151
   67                       0.499242         2.68237  153
   68                       0.499002         2.69007  157
   69                       0.498785         2.69702  159
   70                       0.498708         2.69715  161
   71                       0.498757         2.69776  163
   72                       0.498869         2.69444  167
   73                       0.499091         2.69264  169
   74                       0.499412         2.68765  171
   75                       0.499777         2.68123  173
   76                       0.500416         2.67395  175
   77                       0.500513         2.66892  177
   78                       0.500714          2.6614  179
   79                       0.500956         2.65822  181
   80                       0.501329         2.65263  185
   81                       0.501762         2.64998  187
   82                       0.502264         2.64387  189
   83                       0.502706         2.63915  191
   84                       0.502631         2.63854  193
   85                       0.502536         2.63737  195
   86                       0.502387         2.63562  197
   87                       0.502183         2.63428  199
   88                        0.50169         2.63535  201
   89                       0.501673         2.62984  203
   90                       0.501552         2.62494  205
   91                       0.501238         2.62159  207
   92                       0.500571         2.62002  209
   93                       0.500503          2.6179  211
   94                       0.500148         2.61514  213
   95                       0.499382         2.61249  215
   96                       0.498222         2.61148  217
   97                       0.496551         2.61043  219
   98                       0.495442         2.60789  221
   99                       0.493059         2.60707  223
  100                        0.49164         2.60624  225
  101                       0.492204         2.60754  227
  102                       0.491701         2.60866  229
  103                       0.490371         2.61273  231
  104                       0.488409         2.61744  233
  105                       0.486281         2.62218  235
  106                       0.483989         2.62161  237
  107                        0.48062         2.62004  239
  108                       0.479426         2.62218  241
  109                       0.480141         2.61941  243
  110                        0.47997         2.61848  245
  111                       0.479767          2.6189  247
  112                       0.478203         2.62331  249
  113                       0.475723         2.63471  251
  114                       0.474112         2.63369  253
  115                        0.47212         2.63438  255
  116                       0.471217         2.63551  257
  117                       0.471459         2.63353  259
  118                       0.470881         2.63244  261
  119                       0.470887          2.6326  263
  120                       0.470449         2.63594  265
  121                       0.470284         2.63358  267
  122                       0.469798          2.6282  269
  123                       0.469401         2.62487  271
  124                       0.469052         2.62133  273
  125                       0.469336         2.61959  275
  126                       0.469576          2.6167  277
  127                       0.470239         2.61178  279
  128                       0.471136         2.60722  281
  129                       0.472886          2.6001  283
  130                       0.473462         2.59406  285
  131                       0.474529         2.58382  287
  132                       0.475834         2.57579  289
  133                       0.475741         2.57723  291
  134                        0.47601         2.57574  293
  135                       0.476746         2.57171  295
  136                       0.477714         2.56862  297
  137                       0.478864         2.56549  299
  138                       0.479368         2.56411  301
  139                       0.480268         2.56111  303
  140                       0.481287         2.55887  305
  141                       0.482197           2.558  307
  142                       0.482174          2.5579  309
  143                       0.482134         2.55766  311
  144                        0.48232         2.55759  313
  145                       0.482928         2.55782  315
  146                       0.483581         2.55845  317
  147                       0.483856         2.55802  319
  148                       0.484495         2.55793  321
  149                       0.484882         2.55836  325
  150                       0.485215         2.55882  327
  151                       0.485896         2.55994  329
  152                       0.486991         2.56236  331
  153                       0.487006         2.56251  333
  154                       0.486928         2.56249  335
  155                       0.486937         2.56275  337
  156                       0.487245         2.56401  339
  157                       0.487319         2.56386  341
  158                       0.487497         2.56376  343
  159                       0.487822         2.56416  345
  160                       0.488182         2.56502  347
  161                       0.488233         2.56503  349
  162                       0.488278         2.56508  351
  163                       0.488351         2.56544  353
  164                       0.488446         2.56621  355
  165                       0.488484         2.56656  357
  166                       0.488509          2.5669  359
  167                        0.48853         2.56742  361
  168                       0.488543         2.56781  365
  169                       0.488558         2.56857  367
  170                       0.488549         2.56909  369
  171                       0.488526         2.56976  371
  172                       0.488477         2.57073  373
  173                       0.488415         2.57099  375
  174                       0.488411         2.57067  377
  175                       0.488382         2.57021  379
  176                       0.488333         2.57016  381
  177                       0.488219         2.57038  383
  178                       0.488194         2.57044  385
  179                        0.48818         2.57052  387
  180                       0.488136         2.57074  389
  181                       0.488108         2.57084  393
  182                       0.488003          2.5711  395
  183                       0.487833         2.57132  397
  184                       0.487735         2.57133  399
  185                        0.48769         2.57112  401
  186                       0.487654         2.57092  403
  187                       0.487576         2.57066  405
  188                       0.487423         2.57038  407
  189                       0.487401         2.57035  409
  190                       0.487383         2.57037  411
  191                       0.487341          2.5704  413
  192                       0.487293         2.57038  417
  193                       0.487181         2.57033  419
  194                       0.487156          2.5703  423
  195                       0.487126         2.57018  425
  196                        0.48711         2.57006  427
  197                        0.48715         2.57002  429
  198                       0.487202         2.56994  431
  199                       0.487293         2.56981  433
  200                       0.487333          2.5697  437
  201                       0.487403         2.56949  439
  202                        0.48744         2.56934  443
  203                       0.487518         2.56898  445
  204                       0.487535         2.56891  449
  205                       0.487558          2.5688  451
  206                       0.487587          2.5687  455
  207                       0.487703          2.5684  457
  208                       0.487731         2.56831  461
  209                       0.487816         2.56806  463
  210                       0.487873         2.56789  467
  211                       0.487943         2.56768  471
  212                       0.487993         2.56754  475
  213                       0.488036         2.56742  479
  214                        0.48808          2.5673  483
  215                       0.488125         2.56718  487
  216                        0.48817         2.56706  491
  217                       0.488324          2.5667  493
  218                         0.4884         2.56654  495
  219                       0.488408          2.5665  497
  220                       0.488421          2.5665  499
  221                       0.488439         2.56649  501
  222                       0.488441         2.56648  503
  223                       0.488445         2.56647  505
  224                       0.488456         2.56648  507
  225                       0.488465         2.56652  509
  226                       0.488475         2.56655  511
  227                       0.488479         2.56653  513
  228                       0.488487         2.56648  515
  229                         0.4885         2.56644  517
  230                       0.488508         2.56644  519
  231                       0.488506         2.56644  521
  232                       0.488506         2.56647  523
  233                       0.488509         2.56653  525
  234                       0.488516         2.56664  527
  235                       0.488522         2.56667  529
  236                       0.488528         2.56669  531
  237                       0.488536         2.56671  533
  238                       0.488548         2.56678  535
  239                        0.48855         2.56678  537
  240                       0.488551         2.56677  539
  241                       0.488553         2.56675  541
  242                       0.488561         2.56677  543
  243                       0.488564         2.56681  547
  244                       0.488569         2.56689  549
  245                       0.488569         2.56699  551
  246                       0.488566         2.56711  553
  247                       0.488559         2.56739  555
  248                       0.488541         2.56755  557
  249                        0.48854         2.56748  559
  250                       0.488529         2.56742  561
  251                       0.488518         2.56738  563
  252                       0.488482         2.56728  565
  253                       0.488461         2.56715  567
  254                       0.488412         2.56687  569
  255                       0.488373         2.56674  571
  256                        0.48837         2.56676  573
  257                       0.488362         2.56683  575
  258                       0.488361         2.56694  577
  259                       0.488359         2.56706  581
  260                        0.48835         2.56732  583
  261                       0.488345         2.56742  585
  262                       0.488338         2.56743  587
  263                       0.488338         2.56724  589
  264                       0.488341         2.56703  591
  265                       0.488347         2.56688  593
  266                       0.488364         2.56659  597
  267                       0.488375          2.5664  601
  268                       0.488387         2.56623  605
  269                       0.488389          2.5662  613
  270                       0.488405         2.56609  617
  271                       0.488428         2.56593  621
  272                       0.488443         2.56583  631
  273                       0.488462         2.56571  639
