    0                       0.796143          35.015  1
    1                       0.780297         30.6518  7
    2                       0.752949         16.1721  9
    3                       0.724193         13.7218  11
    4                       0.720254         13.5858  13
    5                       0.714608          13.023  15
    6                       0.679795         9.79878  17
    7                       0.654854         7.94062  19
    8                       0.625731         6.62508  23
    9                       0.609941         6.14352  25
   10                       0.610892         5.93162  27
   11                       0.582078         5.65343  29
   12                       0.573152         5.59925  31
   13                       0.560869         5.47627  33
   14                       0.517867         5.04438  35
   15                       0.476094         4.59777  37
   16                       0.457951          4.6427  39
   17                       0.459022         4.44343  41
   18                       0.456791         4.12242  43
   19                       0.451366         3.87702  45
   20                       0.451137         3.83253  47
   21                       0.454538          3.6017  49
   22                       0.473587          3.3367  51
   23                       0.479975         3.25561  55
   24                       0.480934         3.10596  57
   25                       0.508439         2.83398  59
   26                       0.526328         2.88536  61
   27                       0.513555         2.75207  63
   28                       0.516374         2.70145  65
   29                       0.530516         2.61042  67
   30                       0.538186         2.55464  69
   31                       0.546991         2.50969  71
   32                       0.555048         2.48701  73
   33                       0.557429         2.49792  75
   34                       0.555588         2.45565  77
   35                       0.552239         2.41144  79
   36                       0.553575          2.4116  83
   37                       0.554676         2.39637  85
   38                       0.558331          2.3751  87
   39                       0.557421         2.37765  89
   40                       0.556059         2.35801  91
   41                       0.552414         2.34193  93
   42                       0.549109          2.3471  95
   43                       0.541617         2.36408  97
   44                       0.536433         2.36319  99
   45                        0.53412         2.34565  101
   46                       0.528954         2.35245  103
   47                       0.524822         2.36698  105
   48                       0.524621         2.35445  107
   49                       0.522428         2.35137  109
   50                       0.520148         2.35877  111
   51                       0.513502         2.38305  113
   52                       0.511003         2.38774  115
   53                       0.510749         2.37513  117
   54                       0.509397         2.37029  119
   55                       0.508322         2.36977  123
   56                       0.507471         2.36839  125
   57                       0.505792         2.36464  127
   58                        0.50457         2.36223  129
   59                       0.504431         2.36068  131
   60                       0.504166         2.35742  133
   61                       0.503771         2.35553  135
   62                       0.502551         2.35126  137
   63                       0.501784         2.34944  141
   64                       0.501229         2.34711  143
   65                       0.500825         2.34251  145
   66                       0.500222         2.33699  147
   67                        0.49985         2.33176  149
   68                       0.499751          2.3287  151
   69                        0.49949         2.32464  153
   70                       0.499415         2.32329  155
   71                       0.499264         2.32131  157
   72                       0.498932         2.31866  159
   73                         0.4987         2.31669  163
   74                       0.498531         2.31424  165
   75                       0.498234         2.30914  167
   76                        0.49803         2.30632  169
   77                       0.498016         2.30499  171
   78                       0.497915         2.30246  173
   79                       0.497779         2.30098  175
   80                        0.49729         2.29835  177
   81                       0.496675         2.29965  179
   82                       0.496649         2.29679  181
   83                       0.496456         2.29574  183
   84                       0.496185         2.29566  185
   85                       0.495142           2.297  187
   86                       0.494935         2.29578  189
   87                       0.494556         2.29358  191
   88                       0.493999         2.29154  193
   89                       0.492925         2.28765  195
   90                       0.491841         2.28594  197
   91                       0.491454         2.28503  199
   92                       0.490597         2.28524  201
   93                       0.489609         2.28665  203
   94                       0.488899         2.28569  205
   95                       0.486822         2.28349  207
   96                       0.485504         2.28289  209
   97                       0.485732          2.2798  211
   98                       0.485314         2.27756  213
   99                       0.484619         2.27515  215
  100                       0.482629         2.27329  217
  101                       0.481252         2.27333  219
  102                       0.480452         2.27236  221
  103                       0.478904         2.27458  223
  104                       0.477308         2.27749  225
  105                       0.477739         2.27538  227
  106                       0.477232         2.27387  229
  107                       0.476229         2.27283  231
  108                       0.474696         2.26849  233
  109                       0.471907         2.26181  235
  110                       0.472126         2.25775  237
  111                        0.47191         2.25432  239
  112                       0.471556         2.25213  241
  113                       0.470763         2.25068  243
  114                       0.470316         2.24822  245
  115                       0.469601         2.24495  247
  116                       0.469029         2.24171  249
  117                       0.468486         2.23726  253
  118                       0.467478         2.22884  255
  119                       0.467704         2.22533  257
  120                       0.468142         2.22394  259
  121                       0.468648         2.22387  261
  122                       0.469057         2.22303  263
  123                       0.469537         2.22214  265
  124                       0.470013         2.22074  267
  125                       0.470354         2.22053  269
  126                        0.47039         2.21966  271
  127                       0.470756         2.21773  273
  128                       0.471283         2.21695  275
  129                       0.471463         2.21518  277
  130                       0.472338         2.21216  279
  131                        0.47317          2.2112  281
  132                       0.473206          2.2112  283
  133                        0.47358         2.21186  285
  134                       0.474007         2.21243  287
  135                       0.474711         2.21435  289
  136                       0.475224         2.21572  291
  137                       0.475391         2.21565  293
  138                       0.475552         2.21573  295
  139                       0.475668           2.215  297
  140                       0.475728         2.21418  299
  141                        0.47614         2.21319  301
  142                       0.476561         2.21309  303
  143                       0.476592         2.21293  305
  144                        0.47678         2.21288  307
  145                       0.477079         2.21302  309
  146                        0.47754         2.21347  311
  147                       0.477673         2.21364  313
  148                       0.477785         2.21385  315
  149                       0.477991         2.21435  317
  150                       0.478323         2.21489  319
  151                       0.478453         2.21475  321
  152                       0.478502         2.21434  323
  153                       0.478567         2.21418  325
  154                        0.47865         2.21444  327
  155                       0.478714         2.21474  329
  156                       0.478751         2.21524  331
  157                       0.478775         2.21581  333
  158                       0.478794         2.21663  335
  159                       0.478799         2.21642  337
  160                       0.478786         2.21586  339
  161                       0.478778         2.21545  341
  162                       0.478759         2.21497  343
  163                       0.478733         2.21443  345
  164                       0.478703         2.21408  347
  165                       0.478692         2.21413  349
  166                       0.478675         2.21455  351
  167                       0.478654          2.2148  353
  168                       0.478637         2.21485  355
  169                       0.478619         2.21453  357
  170                       0.478608         2.21407  359
  171                       0.478596         2.21342  361
  172                       0.478599         2.21286  363
  173                       0.478609         2.21285  365
  174                       0.478625         2.21306  367
  175                       0.478651         2.21329  369
  176                       0.478718         2.21374  371
  177                       0.478752         2.21351  373
  178                       0.478775         2.21324  375
  179                       0.478831         2.21296  377
  180                       0.478953         2.21261  379
  181                       0.479033         2.21251  381
  182                       0.479127         2.21245  383
  183                       0.479241         2.21253  385
  184                       0.479457          2.2129  387
  185                       0.479566         2.21303  389
  186                       0.479632         2.21311  391
  187                       0.479733         2.21325  393
  188                       0.479926          2.2134  395
  189                       0.480029         2.21327  397
  190                       0.480174         2.21297  399
  191                       0.480307         2.21286  401
  192                       0.480574         2.21296  403
  193                       0.480624         2.21299  405
  194                       0.480668          2.2131  407
  195                       0.480771          2.2133  409
  196                       0.481027         2.21358  411
  197                       0.481111         2.21338  413
  198                       0.481251         2.21296  415
  199                       0.481408         2.21263  417
  200                       0.481716         2.21216  419
  201                       0.481764         2.21213  421
  202                       0.481857         2.21212  423
  203                       0.482016         2.21221  425
  204                       0.482348         2.21246  427
  205                        0.48255         2.21241  429
  206                       0.482774         2.21216  431
  207                       0.482997         2.21182  433
  208                       0.483353         2.21107  435
  209                       0.483408         2.21082  437
  210                       0.483538         2.21031  439
  211                       0.483722         2.20989  441
  212                       0.484137         2.20927  443
  213                       0.484308          2.2091  445
  214                       0.484408          2.2091  447
  215                       0.484575         2.20905  449
  216                        0.48467         2.20891  453
  217                        0.48487         2.20855  455
  218                       0.485011          2.2081  457
  219                       0.485089         2.20775  459
  220                       0.485066         2.20761  461
  221                       0.485037         2.20762  463
  222                          0.485         2.20774  465
  223                       0.484972          2.2079  467
  224                       0.484949         2.20805  469
  225                       0.484884         2.20826  471
  226                       0.484886         2.20816  473
  227                       0.484875         2.20799  475
  228                       0.484842          2.2078  477
  229                       0.484765         2.20749  479
  230                       0.484726         2.20734  481
  231                       0.484672         2.20719  483
  232                       0.484624         2.20708  485
  233                       0.484553         2.20696  487
  234                       0.484499         2.20687  489
  235                       0.484428         2.20677  491
  236                       0.484368         2.20674  493
  237                         0.4843         2.20673  495
  238                       0.484177         2.20673  497
  239                       0.484067         2.20666  499
  240                       0.483992         2.20658  501
  241                       0.483874         2.20642  503
  242                       0.483805         2.20634  507
  243                       0.483648         2.20616  511
  244                       0.483431         2.20593  515
  245                       0.483002         2.20552  517
  246                       0.483012         2.20552  519
  247                       0.483032         2.20557  521
  248                       0.482988         2.20562  523
  249                       0.482844         2.20563  525
  250                       0.482748          2.2055  527
  251                       0.482671         2.20535  529
  252                       0.482617          2.2052  531
  253                       0.482571         2.20504  533
  254                        0.48258         2.20499  535
  255                       0.482611         2.20498  537
  256                       0.482636         2.20505  539
  257                       0.482678         2.20523  541
  258                       0.482712         2.20538  543
  259                       0.482713         2.20538  545
  260                       0.482723         2.20535  547
  261                        0.48275         2.20525  549
  262                       0.482819         2.20505  551
  263                       0.482888         2.20487  553
  264                       0.482965          2.2047  555
  265                       0.483006         2.20466  557
  266                        0.48304         2.20468  559
  267                       0.483091         2.20475  561
  268                       0.483143         2.20485  563
  269                       0.483185         2.20488  565
  270                       0.483227         2.20485  567
  271                       0.483286         2.20479  569
  272                       0.483317         2.20472  571
  273                        0.48334         2.20468  573
  274                       0.483367         2.20464  575
  275                       0.483414         2.20461  577
  276                       0.483476         2.20457  579
  277                       0.483548         2.20452  581
  278                       0.483593         2.20447  583
  279                       0.483621         2.20442  585
  280                       0.483682         2.20433  587
  281                       0.483743         2.20427  589
  282                       0.483764         2.20426  591
  283                       0.483859         2.20426  593
  284                       0.483951         2.20424  595
  285                       0.483962         2.20423  597
  286                        0.48405          2.2042  599
  287                       0.484122         2.20418  601
  288                       0.484257         2.20416  603
  289                        0.48448         2.20414  605
  290                       0.484521         2.20413  607
  291                        0.48455         2.20413  609
  292                       0.484608         2.20411  611
  293                       0.484707         2.20404  613
  294                        0.48473           2.204  615
  295                        0.48475         2.20396  617
  296                       0.484766         2.20394  619
  297                       0.484779         2.20393  623
  298                       0.484814         2.20392  625
  299                        0.48482         2.20391  629
  300                       0.484835         2.20388  631
  301                       0.484836         2.20387  635
  302                       0.484832         2.20381  637
  303                        0.48483         2.20379  641
  304                       0.484814         2.20373  643
  305                       0.484787         2.20367  645
  306                        0.48477         2.20366  647
  307                        0.48476         2.20368  649
  308                       0.484734         2.20374  651
  309                       0.484704         2.20378  653
  310                       0.484689         2.20379  655
  311                       0.484659         2.20376  657
  312                       0.484642         2.20374  659
  313                       0.484644         2.20372  661
  314                       0.484639         2.20365  663
  315                       0.484625         2.20361  665
  316                        0.48461         2.20358  667
  317                       0.484573         2.20355  669
  318                       0.484564         2.20357  671
  319                       0.484565          2.2036  673
  320                       0.484572         2.20366  675
  321                       0.484572         2.20367  677
  322                       0.484571         2.20364  679
  323                       0.484565         2.20354  681
  324                       0.484566         2.20353  685
  325                       0.484566         2.20352  689
  326                       0.484567         2.20351  693
  327                       0.484569          2.2035  701
  328                        0.48457          2.2035  709
  329                       0.484573          2.2035  717
  330                       0.484575          2.2035  725
  331                       0.484576         2.20351  733
  332                       0.484579         2.20351  741
